<?xml version="1.0" encoding="UTF-8"?>
<testsuites name="multiple" time="0.0" tests="0" failures="0" errors="0">
   <testsuite name="multiple" tests="0" failures="0" errors="0" time="0.0" timestamp="2021-01-12 03:36:52" hostname="Lenovo - DESKTOP-H3LAPEO" id="Test Suites/multiple">
      <properties>
         <property name="deviceName" value=""/>
         <property name="devicePlatform" value=""/>
         <property name="logFolder" value="E:\\Modist Project\\ModistProject\\Reports\\20210112_033648\\multiple\\20210112_033648"/>
         <property name="logFiles" value="E:\\Modist Project\\ModistProject\\Reports\\20210112_033648\\multiple\\20210112_033648\\execution0.log"/>
         <property name="attachments" value=""/>
         <property name="hostName" value="Lenovo - DESKTOP-H3LAPEO"/>
         <property name="hostAddress" value="192.168.43.128"/>
         <property name="os" value="Windows 10 64bit"/>
         <property name="katalonVersion" value="7.7.0.205"/>
      </properties>
      <system-out><![CDATA[2021-01-12 03:36:52 - [TEST_SUITE][INCOMPLETE] - multiple: null]]></system-out>
      <system-err><![CDATA[2021-01-12 03:36:52 - [TEST_SUITE][INCOMPLETE] - multiple: null]]></system-err>
   </testsuite>
</testsuites>
