<?xml version="1.0" encoding="UTF-8"?>
<testsuites name="multiple" time="22.365" tests="0" failures="0" errors="0">
   <testsuite name="multiple" tests="0" failures="0" errors="0" time="22.365" timestamp="2021-01-12 03:57:06" hostname="Lenovo - DESKTOP-H3LAPEO" id="Test Suites/multiple">
      <properties>
         <property name="deviceName" value=""/>
         <property name="devicePlatform" value=""/>
         <property name="logFolder" value="E:\\Modist Project\\ModistProject\\Reports\\20210112_035702\\multiple\\20210112_035702"/>
         <property name="logFiles" value="E:\\Modist Project\\ModistProject\\Reports\\20210112_035702\\multiple\\20210112_035702\\execution0.log"/>
         <property name="attachments" value=""/>
         <property name="hostName" value="Lenovo - DESKTOP-H3LAPEO"/>
         <property name="os" value="Windows 10 64bit"/>
         <property name="katalonVersion" value="7.7.0.205"/>
         <property name="browser" value="Chrome 87.0.4280.141"/>
         <property name="hostAddress" value="192.168.43.128"/>
         <property name="sessionId" value="aff5f19b2b9c7ffeed979e83018a2020"/>
         <property name="seleniumVersion" value="3.141.59"/>
         <property name="proxyInformation" value="ProxyInformation { proxyOption=NO_PROXY, proxyServerType=HTTP, username=, password=********, proxyServerAddress=, proxyServerPort=0, executionList=&quot;&quot;, isApplyToDesiredCapabilities=true }"/>
         <property name="platform" value="Windows 10"/>
      </properties>
      <system-out><![CDATA[2021-01-12 03:57:06 - [TEST_SUITE][PASSED] - multiple: null]]></system-out>
      <system-err><![CDATA[]]></system-err>
   </testsuite>
</testsuites>
