<?xml version="1.0" encoding="UTF-8"?>
<testsuites name="Journey" time="144.06" tests="4" failures="0" errors="0">
   <testsuite name="Journey" tests="4" failures="0" errors="0" time="144.06" timestamp="2021-01-08 04:40:03" hostname="Lenovo - DESKTOP-H3LAPEO" id="Test Suites/Journey">
      <properties>
         <property name="deviceName" value=""/>
         <property name="devicePlatform" value=""/>
         <property name="logFolder" value="E:\\Modist Project\\ModistProject\\Reports\\20210108_044001\\Journey\\20210108_044001"/>
         <property name="logFiles" value="E:\\Modist Project\\ModistProject\\Reports\\20210108_044001\\Journey\\20210108_044001\\execution0.log"/>
         <property name="attachments" value=""/>
         <property name="hostName" value="Lenovo - DESKTOP-H3LAPEO"/>
         <property name="os" value="Windows 10 64bit"/>
         <property name="katalonVersion" value="7.7.0.205"/>
         <property name="browser" value="Chrome 87.0.4280.141"/>
         <property name="hostAddress" value="192.168.43.128"/>
         <property name="sessionId" value="359c90a474bfa7a5a6e17c509a3d8da2"/>
         <property name="seleniumVersion" value="3.141.59"/>
         <property name="proxyInformation" value="ProxyInformation { proxyOption=NO_PROXY, proxyServerType=HTTP, username=, password=********, proxyServerAddress=, proxyServerPort=0, executionList=&quot;&quot;, isApplyToDesiredCapabilities=true }"/>
         <property name="platform" value="Windows 10"/>
      </properties>
      <testcase name="Test Cases/Admin/Journey/addJournyAndVerifyItisAdded" time="12.017" classname="Test Cases/Admin/Journey/addJournyAndVerifyItisAdded" status="PASSED">
         <system-out><![CDATA[2021-01-08 04:40:27 - [TEST_CASE][PASSED] - Test Cases/Admin/Journey/addJournyAndVerifyItisAdded: Test Cases/Admin/Journey/addJournyAndVerifyItisAdded

2021-01-08 04:40:27 - [TEST_STEP][PASSED] - pages.Journey.clickOnJourneyTab(): pages.Journey.clickOnJourneyTab is PASSED

2021-01-08 04:40:29 - [MESSAGE][PASSED] - Object 'Object Repository/Journey/Journeytab' is present

2021-01-08 04:40:29 - [MESSAGE][PASSED] - Object 'Object Repository/Journey/Journeytab' is visible

2021-01-08 04:40:29 - [MESSAGE][PASSED] - Object 'Object Repository/Journey/Journeytab' is clickable

2021-01-08 04:40:30 - [MESSAGE][PASSED] - Object: 'Object Repository/Journey/Journeytab' is clicked on

2021-01-08 04:40:30 - [MESSAGE][PASSED] - pages.Journey.clickOnJourneyTab is PASSED

2021-01-08 04:40:30 - [TEST_STEP][PASSED] - journeyName = pages.Journey.addJorney(): pages.Journey.addJorney is PASSED

2021-01-08 04:40:30 - [MESSAGE][PASSED] - Object 'Object Repository/Journey/Add Journey/AddJourneyButton' is present

2021-01-08 04:40:30 - [MESSAGE][PASSED] - Object 'Object Repository/Journey/Add Journey/AddJourneyButton' is visible

2021-01-08 04:40:31 - [MESSAGE][PASSED] - Object 'Object Repository/Journey/Add Journey/AddJourneyButton' is clickable

2021-01-08 04:40:31 - [MESSAGE][PASSED] - Object: 'Object Repository/Journey/Add Journey/AddJourneyButton' is clicked on

2021-01-08 04:40:32 - [MESSAGE][PASSED] - Object 'Object Repository/Journey/Add Journey/journeyName' is present

2021-01-08 04:40:32 - [MESSAGE][PASSED] - Object 'Object Repository/Journey/Add Journey/journeyName' is visible

2021-01-08 04:40:32 - [MESSAGE][PASSED] - Object 'Object Repository/Journey/Add Journey/journeyName' is clickable

2021-01-08 04:40:32 - [MESSAGE][PASSED] - Text of object 'Object Repository/Journey/Add Journey/journeyName' is cleared

2021-01-08 04:40:33 - [MESSAGE][PASSED] - Keys 'journeyName266' sent to object: 'Object Repository/Journey/Add Journey/journeyName'

2021-01-08 04:40:33 - [MESSAGE][PASSED] - Object 'Object Repository/Journey/Add Journey/addJourneyInAddJourneyPopUp' is present

2021-01-08 04:40:34 - [MESSAGE][PASSED] - Object 'Object Repository/Journey/Add Journey/addJourneyInAddJourneyPopUp' is visible

2021-01-08 04:40:34 - [MESSAGE][PASSED] - Object 'Object Repository/Journey/Add Journey/addJourneyInAddJourneyPopUp' is clickable

2021-01-08 04:40:35 - [MESSAGE][PASSED] - Object: 'Object Repository/Journey/Add Journey/addJourneyInAddJourneyPopUp' is clicked on

2021-01-08 04:40:35 - [MESSAGE][PASSED] - pages.Journey.addJorney is PASSED

2021-01-08 04:40:35 - [TEST_STEP][PASSED] - pages.Journey.verifyJourneyAdded(journeyName): pages.Journey.verifyJourneyAdded is PASSED

2021-01-08 04:40:35 - [MESSAGE][PASSED] - Object 'Object Repository/Journey/journrySearchInput' is present

2021-01-08 04:40:35 - [MESSAGE][PASSED] - Object 'Object Repository/Journey/journrySearchInput' is visible

2021-01-08 04:40:36 - [MESSAGE][PASSED] - Object 'Object Repository/Journey/journrySearchInput' is clickable

2021-01-08 04:40:36 - [MESSAGE][PASSED] - Text of object 'Object Repository/Journey/journrySearchInput' is cleared

2021-01-08 04:40:37 - [MESSAGE][PASSED] - Keys 'journeyName266' sent to object: 'Object Repository/Journey/journrySearchInput'

2021-01-08 04:40:39 - [MESSAGE][PASSED] - Object 'Object Repository/Journey/JourneyName(journeyName)' is present

2021-01-08 04:40:39 - [MESSAGE][PASSED] - pages.Journey.verifyJourneyAdded is PASSED]]></system-out>
         <system-err><![CDATA[]]></system-err>
      </testcase>
      <testcase name="Test Cases/Admin/Journey/cloneJourneyAndVerifyisitCloned" time="47.336" classname="Test Cases/Admin/Journey/cloneJourneyAndVerifyisitCloned" status="PASSED">
         <system-out><![CDATA[2021-01-08 04:40:39 - [TEST_CASE][PASSED] - Test Cases/Admin/Journey/cloneJourneyAndVerifyisitCloned: Test Cases/Admin/Journey/cloneJourneyAndVerifyisitCloned

2021-01-08 04:40:39 - [TEST_STEP][PASSED] - pages.Journey.clickOnJourneyTab(): pages.Journey.clickOnJourneyTab is PASSED

2021-01-08 04:40:39 - [MESSAGE][PASSED] - Object 'Object Repository/Journey/Journeytab' is present

2021-01-08 04:40:40 - [MESSAGE][PASSED] - Object 'Object Repository/Journey/Journeytab' is visible

2021-01-08 04:40:40 - [MESSAGE][PASSED] - Object 'Object Repository/Journey/Journeytab' is clickable

2021-01-08 04:40:41 - [MESSAGE][PASSED] - Object: 'Object Repository/Journey/Journeytab' is clicked on

2021-01-08 04:40:41 - [MESSAGE][PASSED] - pages.Journey.clickOnJourneyTab is PASSED

2021-01-08 04:40:41 - [TEST_STEP][PASSED] - journeyName = pages.Journey.addJorney(): pages.Journey.addJorney is PASSED

2021-01-08 04:40:41 - [MESSAGE][PASSED] - Object 'Object Repository/Journey/Add Journey/AddJourneyButton' is present

2021-01-08 04:40:41 - [MESSAGE][PASSED] - Object 'Object Repository/Journey/Add Journey/AddJourneyButton' is visible

2021-01-08 04:40:42 - [MESSAGE][PASSED] - Object 'Object Repository/Journey/Add Journey/AddJourneyButton' is clickable

2021-01-08 04:40:42 - [MESSAGE][PASSED] - Object: 'Object Repository/Journey/Add Journey/AddJourneyButton' is clicked on

2021-01-08 04:40:43 - [MESSAGE][PASSED] - Object 'Object Repository/Journey/Add Journey/journeyName' is present

2021-01-08 04:40:43 - [MESSAGE][PASSED] - Object 'Object Repository/Journey/Add Journey/journeyName' is visible

2021-01-08 04:40:43 - [MESSAGE][PASSED] - Object 'Object Repository/Journey/Add Journey/journeyName' is clickable

2021-01-08 04:40:44 - [MESSAGE][PASSED] - Text of object 'Object Repository/Journey/Add Journey/journeyName' is cleared

2021-01-08 04:40:44 - [MESSAGE][PASSED] - Keys 'journeyName738' sent to object: 'Object Repository/Journey/Add Journey/journeyName'

2021-01-08 04:40:44 - [MESSAGE][PASSED] - Object 'Object Repository/Journey/Add Journey/addJourneyInAddJourneyPopUp' is present

2021-01-08 04:40:45 - [MESSAGE][PASSED] - Object 'Object Repository/Journey/Add Journey/addJourneyInAddJourneyPopUp' is visible

2021-01-08 04:40:45 - [MESSAGE][PASSED] - Object 'Object Repository/Journey/Add Journey/addJourneyInAddJourneyPopUp' is clickable

2021-01-08 04:40:45 - [MESSAGE][PASSED] - Object: 'Object Repository/Journey/Add Journey/addJourneyInAddJourneyPopUp' is clicked on

2021-01-08 04:40:45 - [MESSAGE][PASSED] - pages.Journey.addJorney is PASSED

2021-01-08 04:40:45 - [TEST_STEP][PASSED] - pages.Journey.cloneJourney(journeyName): pages.Journey.cloneJourney is PASSED

2021-01-08 04:40:46 - [MESSAGE][PASSED] - Object 'Object Repository/Journey/journrySearchInput' is present

2021-01-08 04:40:47 - [MESSAGE][PASSED] - Object 'Object Repository/Journey/journrySearchInput' is visible

2021-01-08 04:40:47 - [MESSAGE][PASSED] - Object 'Object Repository/Journey/journrySearchInput' is clickable

2021-01-08 04:40:48 - [MESSAGE][PASSED] - Text of object 'Object Repository/Journey/journrySearchInput' is cleared

2021-01-08 04:40:48 - [MESSAGE][PASSED] - Keys 'journeyName738' sent to object: 'Object Repository/Journey/journrySearchInput'

2021-01-08 04:41:18 - [MESSAGE][PASSED] - Delayed 30 second(s)

2021-01-08 04:41:18 - [MESSAGE][PASSED] - Object 'Object Repository/Journey/journey cloning/threedots(journeyName)' is present

2021-01-08 04:41:19 - [MESSAGE][PASSED] - Object 'Object Repository/Journey/journey cloning/threedots(journeyName)' is visible

2021-01-08 04:41:19 - [MESSAGE][PASSED] - Object 'Object Repository/Journey/journey cloning/threedots(journeyName)' is clickable

2021-01-08 04:41:19 - [MESSAGE][PASSED] - Object: 'Object Repository/Journey/journey cloning/threedots(journeyName)' is clicked on

2021-01-08 04:41:20 - [MESSAGE][PASSED] - Object 'Object Repository/Journey/journey cloning/cloneButton' is present

2021-01-08 04:41:20 - [MESSAGE][PASSED] - Object 'Object Repository/Journey/journey cloning/cloneButton' is visible

2021-01-08 04:41:20 - [MESSAGE][PASSED] - Object 'Object Repository/Journey/journey cloning/cloneButton' is clickable

2021-01-08 04:41:21 - [MESSAGE][PASSED] - Object: 'Object Repository/Journey/journey cloning/cloneButton' is clicked on

2021-01-08 04:41:21 - [MESSAGE][PASSED] - pages.Journey.cloneJourney is PASSED

2021-01-08 04:41:21 - [TEST_STEP][PASSED] - pages.Journey.verifyJourneyCloned(journeyName): pages.Journey.verifyJourneyCloned is PASSED

2021-01-08 04:41:21 - [MESSAGE][PASSED] - Object 'Object Repository/Journey/journrySearchInput' is present

2021-01-08 04:41:21 - [MESSAGE][PASSED] - Object 'Object Repository/Journey/journrySearchInput' is visible

2021-01-08 04:41:21 - [MESSAGE][PASSED] - Object 'Object Repository/Journey/journrySearchInput' is clickable

2021-01-08 04:41:22 - [MESSAGE][PASSED] - Text of object 'Object Repository/Journey/journrySearchInput' is cleared

2021-01-08 04:41:23 - [MESSAGE][PASSED] - Keys 'journeyName738 (duplicate)' sent to object: 'Object Repository/Journey/journrySearchInput'

2021-01-08 04:41:25 - [MESSAGE][PASSED] - Object 'Object Repository/Journey/journey cloning/clonedJourney(journeyName)' is present

2021-01-08 04:41:26 - [MESSAGE][PASSED] - Object 'Object Repository/Journey/journey cloning/clonedJourney(journeyName)' is present

2021-01-08 04:41:26 - [MESSAGE][PASSED] - pages.Journey.verifyJourneyCloned is PASSED]]></system-out>
         <system-err><![CDATA[]]></system-err>
      </testcase>
      <testcase name="Test Cases/Admin/Journey/createAccessCodeForJourneyAndVerifyIsTheCodeSuccessfullyCreated" time="43.646" classname="Test Cases/Admin/Journey/createAccessCodeForJourneyAndVerifyIsTheCodeSuccessfullyCreated" status="PASSED">
         <system-out><![CDATA[2021-01-08 04:41:26 - [TEST_CASE][PASSED] - Test Cases/Admin/Journey/createAccessCodeForJourneyAndVerifyIsTheCodeSuccessfullyCreated: Test Cases/Admin/Journey/createAccessCodeForJourneyAndVerifyIsTheCodeSuccessfullyCreated

2021-01-08 04:41:26 - [TEST_STEP][PASSED] - pages.Journey.clickOnJourneyTab(): pages.Journey.clickOnJourneyTab is PASSED

2021-01-08 04:41:27 - [MESSAGE][PASSED] - Object 'Object Repository/Journey/Journeytab' is present

2021-01-08 04:41:27 - [MESSAGE][PASSED] - Object 'Object Repository/Journey/Journeytab' is visible

2021-01-08 04:41:27 - [MESSAGE][PASSED] - Object 'Object Repository/Journey/Journeytab' is clickable

2021-01-08 04:41:28 - [MESSAGE][PASSED] - Object: 'Object Repository/Journey/Journeytab' is clicked on

2021-01-08 04:41:28 - [MESSAGE][PASSED] - pages.Journey.clickOnJourneyTab is PASSED

2021-01-08 04:41:28 - [TEST_STEP][PASSED] - journeyName = pages.Journey.getRandomJourneyName(): pages.Journey.getRandomJourneyName is PASSED

2021-01-08 04:41:33 - [MESSAGE][PASSED] - Delayed 5 second(s)

2021-01-08 04:41:33 - [MESSAGE][PASSED] - Object 'Object Repository/Journey/toGetJourneysCount' is present

2021-01-08 04:41:34 - [MESSAGE][PASSED] - Text of object 'Object Repository/Journey/toPickrandomJourney(index)' is: 'journeyName738 (duplicate)'

2021-01-08 04:41:34 - [MESSAGE][PASSED] - pages.Journey.getRandomJourneyName is PASSED

2021-01-08 04:41:34 - [TEST_STEP][PASSED] - accessCode = pages.Journey.getRandomAccessCode(): pages.Journey.getRandomAccessCode is PASSED

2021-01-08 04:41:34 - [MESSAGE][PASSED] - pages.Journey.getRandomAccessCode is PASSED

2021-01-08 04:41:34 - [TEST_STEP][PASSED] - useLimit = pages.Journey.getRandomCount(): pages.Journey.getRandomCount is PASSED

2021-01-08 04:41:34 - [MESSAGE][PASSED] - pages.Journey.getRandomCount is PASSED

2021-01-08 04:41:34 - [TEST_STEP][PASSED] - accessCode = pages.Journey.createAccessCodeInJourney(journeyName, accessCode, useLimit): pages.Journey.createAccessCodeInJourney is PASSED

2021-01-08 04:41:34 - [MESSAGE][PASSED] - Object 'Object Repository/Journey/journrySearchInput' is present

2021-01-08 04:41:34 - [MESSAGE][PASSED] - Object 'Object Repository/Journey/journrySearchInput' is visible

2021-01-08 04:41:34 - [MESSAGE][PASSED] - Object 'Object Repository/Journey/journrySearchInput' is clickable

2021-01-08 04:41:35 - [MESSAGE][PASSED] - Text of object 'Object Repository/Journey/journrySearchInput' is cleared

2021-01-08 04:41:35 - [MESSAGE][PASSED] - Keys 'journeyName738 (duplicate)' sent to object: 'Object Repository/Journey/journrySearchInput'

2021-01-08 04:41:36 - [MESSAGE][PASSED] - Object 'Object Repository/Journey/clickVerifyingJourney(journeyName)' is present

2021-01-08 04:41:38 - [MESSAGE][PASSED] - Object 'Object Repository/Journey/clickVerifyingJourney(journeyName)' is visible

2021-01-08 04:41:38 - [MESSAGE][PASSED] - Object 'Object Repository/Journey/clickVerifyingJourney(journeyName)' is clickable

2021-01-08 04:41:38 - [MESSAGE][PASSED] - Object: 'Object Repository/Journey/clickVerifyingJourney(journeyName)' is clicked on

2021-01-08 04:41:39 - [MESSAGE][PASSED] - Scroll to object 'Object Repository/Journey/Current Access Codes/currentAccessCodeField' successfully

2021-01-08 04:41:40 - [MESSAGE][PASSED] - Object 'Object Repository/Journey/Current Access Codes/plusButton' is present

2021-01-08 04:41:40 - [MESSAGE][PASSED] - Object 'Object Repository/Journey/Current Access Codes/plusButton' is visible

2021-01-08 04:41:40 - [MESSAGE][PASSED] - Object 'Object Repository/Journey/Current Access Codes/plusButton' is clickable

2021-01-08 04:41:41 - [MESSAGE][PASSED] - Object: 'Object Repository/Journey/Current Access Codes/plusButton' is clicked on

2021-01-08 04:41:41 - [MESSAGE][PASSED] - Object 'Object Repository/Journey/Current Access Codes/accessCode' is present

2021-01-08 04:41:42 - [MESSAGE][PASSED] - Object 'Object Repository/Journey/Current Access Codes/accessCode' is visible

2021-01-08 04:41:42 - [MESSAGE][PASSED] - Object 'Object Repository/Journey/Current Access Codes/accessCode' is clickable

2021-01-08 04:41:42 - [MESSAGE][PASSED] - Text of object 'Object Repository/Journey/Current Access Codes/accessCode' is cleared

2021-01-08 04:41:43 - [MESSAGE][PASSED] - Keys 'access0' sent to object: 'Object Repository/Journey/Current Access Codes/accessCode'

2021-01-08 04:41:43 - [MESSAGE][PASSED] - Keys '0' sent to object: 'Object Repository/Journey/Current Access Codes/codeUsageCount'

2021-01-08 04:41:43 - [MESSAGE][PASSED] - Object 'Object Repository/Journey/Current Access Codes/getCodeButton' is present

2021-01-08 04:41:44 - [MESSAGE][PASSED] - Object 'Object Repository/Journey/Current Access Codes/getCodeButton' is visible

2021-01-08 04:41:44 - [MESSAGE][PASSED] - Object 'Object Repository/Journey/Current Access Codes/getCodeButton' is clickable

2021-01-08 04:41:44 - [MESSAGE][PASSED] - Object: 'Object Repository/Journey/Current Access Codes/getCodeButton' is clicked on

2021-01-08 04:41:45 - [MESSAGE][PASSED] - Object 'Object Repository/CommonButtons/Close' is present

2021-01-08 04:41:45 - [MESSAGE][PASSED] - Object 'Object Repository/CommonButtons/Close' is visible

2021-01-08 04:41:46 - [MESSAGE][PASSED] - Object 'Object Repository/CommonButtons/Close' is clickable

2021-01-08 04:41:46 - [MESSAGE][PASSED] - Object: 'Object Repository/CommonButtons/Close' is clicked on

2021-01-08 04:41:46 - [MESSAGE][PASSED] - pages.Journey.createAccessCodeInJourney is PASSED

2021-01-08 04:41:46 - [TEST_STEP][PASSED] - pages.Journey.verifyTheCreatedAccessCode(journeyName, accessCode): pages.Journey.verifyTheCreatedAccessCode is PASSED

2021-01-08 04:41:47 - [MESSAGE][PASSED] - Object 'Object Repository/Journey/journrySearchInput' is present

2021-01-08 04:41:48 - [MESSAGE][PASSED] - Object 'Object Repository/Journey/journrySearchInput' is visible

2021-01-08 04:41:48 - [MESSAGE][PASSED] - Object 'Object Repository/Journey/journrySearchInput' is clickable

2021-01-08 04:41:48 - [MESSAGE][PASSED] - Text of object 'Object Repository/Journey/journrySearchInput' is cleared

2021-01-08 04:41:49 - [MESSAGE][PASSED] - Keys 'journeyName738 (duplicate)' sent to object: 'Object Repository/Journey/journrySearchInput'

2021-01-08 04:41:51 - [MESSAGE][PASSED] - Object 'Object Repository/Journey/clickVerifyingJourney(journeyName)' is present

2021-01-08 04:41:51 - [MESSAGE][PASSED] - Object 'Object Repository/Journey/clickVerifyingJourney(journeyName)' is visible

2021-01-08 04:41:52 - [MESSAGE][PASSED] - Object 'Object Repository/Journey/clickVerifyingJourney(journeyName)' is clickable

2021-01-08 04:41:52 - [MESSAGE][PASSED] - Object: 'Object Repository/Journey/clickVerifyingJourney(journeyName)' is clicked on

2021-01-08 04:41:53 - [MESSAGE][PASSED] - Scroll to object 'Object Repository/Journey/Current Access Codes/currentAccessCodeField' successfully

2021-01-08 04:41:53 - [MESSAGE][PASSED] - Object 'Object Repository/Journey/Current Access Codes/verify(code)' is present

2021-01-08 04:42:08 - [MESSAGE][PASSED] - Delayed 15 second(s)

2021-01-08 04:42:09 - [MESSAGE][PASSED] - Object 'Object Repository/CommonButtons/Close' is present

2021-01-08 04:42:09 - [MESSAGE][PASSED] - Object 'Object Repository/CommonButtons/Close' is visible

2021-01-08 04:42:09 - [MESSAGE][PASSED] - Object 'Object Repository/CommonButtons/Close' is clickable

2021-01-08 04:42:10 - [MESSAGE][PASSED] - Object: 'Object Repository/CommonButtons/Close' is clicked on

2021-01-08 04:42:10 - [MESSAGE][PASSED] - pages.Journey.verifyTheCreatedAccessCode is PASSED]]></system-out>
         <system-err><![CDATA[]]></system-err>
      </testcase>
      <testcase name="Test Cases/Admin/Journey/deleteJourneyAndVerify" time="16.602" classname="Test Cases/Admin/Journey/deleteJourneyAndVerify" status="PASSED">
         <system-out><![CDATA[2021-01-08 04:42:10 - [TEST_CASE][PASSED] - Test Cases/Admin/Journey/deleteJourneyAndVerify: Test Cases/Admin/Journey/deleteJourneyAndVerify

2021-01-08 04:42:10 - [TEST_STEP][PASSED] - pages.Journey.clickOnJourneyTab(): pages.Journey.clickOnJourneyTab is PASSED

2021-01-08 04:42:11 - [MESSAGE][PASSED] - Object 'Object Repository/Journey/Journeytab' is present

2021-01-08 04:42:11 - [MESSAGE][PASSED] - Object 'Object Repository/Journey/Journeytab' is visible

2021-01-08 04:42:11 - [MESSAGE][PASSED] - Object 'Object Repository/Journey/Journeytab' is clickable

2021-01-08 04:42:12 - [MESSAGE][PASSED] - Object: 'Object Repository/Journey/Journeytab' is clicked on

2021-01-08 04:42:12 - [MESSAGE][PASSED] - pages.Journey.clickOnJourneyTab is PASSED

2021-01-08 04:42:12 - [TEST_STEP][PASSED] - journeyName = pages.Journey.addJorney(): pages.Journey.addJorney is PASSED

2021-01-08 04:42:12 - [MESSAGE][PASSED] - Object 'Object Repository/Journey/Add Journey/AddJourneyButton' is present

2021-01-08 04:42:12 - [MESSAGE][PASSED] - Object 'Object Repository/Journey/Add Journey/AddJourneyButton' is visible

2021-01-08 04:42:13 - [MESSAGE][PASSED] - Object 'Object Repository/Journey/Add Journey/AddJourneyButton' is clickable

2021-01-08 04:42:13 - [MESSAGE][PASSED] - Object: 'Object Repository/Journey/Add Journey/AddJourneyButton' is clicked on

2021-01-08 04:42:14 - [MESSAGE][PASSED] - Object 'Object Repository/Journey/Add Journey/journeyName' is present

2021-01-08 04:42:14 - [MESSAGE][PASSED] - Object 'Object Repository/Journey/Add Journey/journeyName' is visible

2021-01-08 04:42:14 - [MESSAGE][PASSED] - Object 'Object Repository/Journey/Add Journey/journeyName' is clickable

2021-01-08 04:42:15 - [MESSAGE][PASSED] - Text of object 'Object Repository/Journey/Add Journey/journeyName' is cleared

2021-01-08 04:42:15 - [MESSAGE][PASSED] - Keys 'journeyName405' sent to object: 'Object Repository/Journey/Add Journey/journeyName'

2021-01-08 04:42:15 - [MESSAGE][PASSED] - Object 'Object Repository/Journey/Add Journey/addJourneyInAddJourneyPopUp' is present

2021-01-08 04:42:15 - [MESSAGE][PASSED] - Object 'Object Repository/Journey/Add Journey/addJourneyInAddJourneyPopUp' is visible

2021-01-08 04:42:16 - [MESSAGE][PASSED] - Object 'Object Repository/Journey/Add Journey/addJourneyInAddJourneyPopUp' is clickable

2021-01-08 04:42:16 - [MESSAGE][PASSED] - Object: 'Object Repository/Journey/Add Journey/addJourneyInAddJourneyPopUp' is clicked on

2021-01-08 04:42:16 - [MESSAGE][PASSED] - pages.Journey.addJorney is PASSED

2021-01-08 04:42:16 - [TEST_STEP][PASSED] - pages.Journey.deleteJourney(journeyName): pages.Journey.deleteJourney is PASSED

2021-01-08 04:42:17 - [MESSAGE][PASSED] - Object 'Object Repository/Journey/journrySearchInput' is present

2021-01-08 04:42:17 - [MESSAGE][PASSED] - Object 'Object Repository/Journey/journrySearchInput' is visible

2021-01-08 04:42:18 - [MESSAGE][PASSED] - Object 'Object Repository/Journey/journrySearchInput' is clickable

2021-01-08 04:42:18 - [MESSAGE][PASSED] - Text of object 'Object Repository/Journey/journrySearchInput' is cleared

2021-01-08 04:42:18 - [MESSAGE][PASSED] - Keys 'journeyName405' sent to object: 'Object Repository/Journey/journrySearchInput'

2021-01-08 04:42:21 - [MESSAGE][PASSED] - Object 'Object Repository/Journey/journeyNameCheckBox(name)' is present

2021-01-08 04:42:21 - [MESSAGE][PASSED] - Object 'Object Repository/Journey/journeyNameCheckBox(name)' is visible

2021-01-08 04:42:22 - [MESSAGE][PASSED] - Object 'Object Repository/Journey/journeyNameCheckBox(name)' is clickable

2021-01-08 04:42:22 - [MESSAGE][PASSED] - Object: 'Object Repository/Journey/journeyNameCheckBox(name)' is clicked on

2021-01-08 04:42:23 - [MESSAGE][PASSED] - Object 'Object Repository/Journey/journeyNameDeleteButton' is present

2021-01-08 04:42:23 - [MESSAGE][PASSED] - Object 'Object Repository/Journey/journeyNameDeleteButton' is visible

2021-01-08 04:42:23 - [MESSAGE][PASSED] - Object 'Object Repository/Journey/journeyNameDeleteButton' is clickable

2021-01-08 04:42:23 - [MESSAGE][PASSED] - Object: 'Object Repository/Journey/journeyNameDeleteButton' is clicked on

2021-01-08 04:42:24 - [MESSAGE][PASSED] - Alert accepted

2021-01-08 04:42:24 - [MESSAGE][PASSED] - pages.Journey.deleteJourney is PASSED

2021-01-08 04:42:24 - [TEST_STEP][PASSED] - pages.Journey.verifyJourneyDeleted(journeyName): pages.Journey.verifyJourneyDeleted is PASSED

2021-01-08 04:42:25 - [MESSAGE][PASSED] - Object 'Object Repository/Journey/journrySearchInput' is present

2021-01-08 04:42:25 - [MESSAGE][PASSED] - Object 'Object Repository/Journey/journrySearchInput' is visible

2021-01-08 04:42:25 - [MESSAGE][PASSED] - Object 'Object Repository/Journey/journrySearchInput' is clickable

2021-01-08 04:42:26 - [MESSAGE][PASSED] - Text of object 'Object Repository/Journey/journrySearchInput' is cleared

2021-01-08 04:42:26 - [MESSAGE][PASSED] - Keys 'journeyName405' sent to object: 'Object Repository/Journey/journrySearchInput'

2021-01-08 04:42:26 - [MESSAGE][PASSED] - Web element with id: 'Object Repository/Journey/JourneyName(journeyName)' located by 'By.xpath: //div[text()='journeyName405']' is not present after '30' second(s)

2021-01-08 04:42:26 - [MESSAGE][PASSED] - pages.Journey.verifyJourneyDeleted is PASSED]]></system-out>
         <system-err><![CDATA[]]></system-err>
      </testcase>
      <system-out><![CDATA[2021-01-08 04:40:03 - [TEST_SUITE][PASSED] - Journey: Test Cases/Admin/Journey/deleteJourneyAndVerify]]></system-out>
      <system-err><![CDATA[]]></system-err>
   </testsuite>
</testsuites>
