<?xml version="1.0" encoding="UTF-8"?>
<testsuites name="AllTestCases" time="1749.706" tests="64" failures="4" errors="1">
   <testsuite name="AllTestCases" tests="64" failures="4" errors="1" time="1749.706" timestamp="2021-01-14 08:44:06" hostname="Lenovo - DESKTOP-H3LAPEO" id="Test Suites/AllTestCases">
      <properties>
         <property name="deviceName" value=""/>
         <property name="devicePlatform" value=""/>
         <property name="logFolder" value="E:\\Modist\\ModistProject\\Reports\\20210114_084402\\AllTestCases\\20210114_084402"/>
         <property name="logFiles" value="E:\\Modist\\ModistProject\\Reports\\20210114_084402\\AllTestCases\\20210114_084402\\execution0.log"/>
         <property name="attachments" value="E:\\Modist\\ModistProject\\Reports\\20210114_084402\\AllTestCases\\20210114_084402\\1610632069384.png, E:\\Modist\\ModistProject\\Reports\\20210114_084402\\AllTestCases\\20210114_084402\\1610632106056.png, E:\\Modist\\ModistProject\\Reports\\20210114_084402\\AllTestCases\\20210114_084402\\1610632221411.png, E:\\Modist\\ModistProject\\Reports\\20210114_084402\\AllTestCases\\20210114_084402\\1610632626428.png, E:\\Modist\\ModistProject\\Reports\\20210114_084402\\AllTestCases\\20210114_084402\\1610632861258.png, E:\\Modist\\ModistProject\\Reports\\20210114_084402\\AllTestCases\\20210114_084402\\1610632891651.png, E:\\Modist\\ModistProject\\Reports\\20210114_084402\\AllTestCases\\20210114_084402\\1610633015413.png, E:\Modist\ModistProject\Reports\20210114_084402\AllTestCases\20210114_084402\1610633016031.png, E:\\Modist\\ModistProject\\Reports\\20210114_084402\\AllTestCases\\20210114_084402\\1610633071308.png, E:\\Modist\\ModistProject\\Reports\\20210114_084402\\AllTestCases\\20210114_084402\\1610633120439.png, E:\\Modist\\ModistProject\\Reports\\20210114_084402\\AllTestCases\\20210114_084402\\1610633167296.png, E:\\Modist\\ModistProject\\Reports\\20210114_084402\\AllTestCases\\20210114_084402\\1610633188593.png, E:\\Modist\\ModistProject\\Reports\\20210114_084402\\AllTestCases\\20210114_084402\\1610633197597.png, E:\\Modist\\ModistProject\\Reports\\20210114_084402\\AllTestCases\\20210114_084402\\1610633223223.png, E:\\Modist\\ModistProject\\Reports\\20210114_084402\\AllTestCases\\20210114_084402\\1610633246992.png, E:\\Modist\\ModistProject\\Reports\\20210114_084402\\AllTestCases\\20210114_084402\\1610633269225.png, E:\\Modist\\ModistProject\\Reports\\20210114_084402\\AllTestCases\\20210114_084402\\1610633301347.png, E:\\Modist\\ModistProject\\Reports\\20210114_084402\\AllTestCases\\20210114_084402\\1610633333782.png, E:\\Modist\\ModistProject\\Reports\\20210114_084402\\AllTestCases\\20210114_084402\\1610633367481.png, E:\\Modist\\ModistProject\\Reports\\20210114_084402\\AllTestCases\\20210114_084402\\1610633399672.png, E:\\Modist\\ModistProject\\Reports\\20210114_084402\\AllTestCases\\20210114_084402\\1610633425473.png, E:\\Modist\\ModistProject\\Reports\\20210114_084402\\AllTestCases\\20210114_084402\\1610633479871.png, E:\Modist\ModistProject\Reports\20210114_084402\AllTestCases\20210114_084402\1610633480967.png, E:\\Modist\\ModistProject\\Reports\\20210114_084402\\AllTestCases\\20210114_084402\\1610633491295.png, E:\\Modist\\ModistProject\\Reports\\20210114_084402\\AllTestCases\\20210114_084402\\1610633516423.png, E:\\Modist\\ModistProject\\Reports\\20210114_084402\\AllTestCases\\20210114_084402\\1610633567827.png, E:\Modist\ModistProject\Reports\20210114_084402\AllTestCases\20210114_084402\1610633568847.png, E:\\Modist\\ModistProject\\Reports\\20210114_084402\\AllTestCases\\20210114_084402\\1610633578085.png"/>
         <property name="hostName" value="Lenovo - DESKTOP-H3LAPEO"/>
         <property name="os" value="Windows 10 64bit"/>
         <property name="katalonVersion" value="7.7.0.205"/>
         <property name="browser" value="Chrome 87.0.4280.141"/>
         <property name="hostAddress" value="192.168.43.128"/>
         <property name="sessionId" value="8f695dcbbb7aab78a8fb833acce2d118"/>
         <property name="seleniumVersion" value="3.141.59"/>
         <property name="proxyInformation" value="ProxyInformation { proxyOption=NO_PROXY, proxyServerType=HTTP, username=, password=********, proxyServerAddress=, proxyServerPort=0, executionList=&quot;&quot;, isApplyToDesiredCapabilities=true }"/>
         <property name="platform" value="Windows 10"/>
      </properties>
      <testcase name="Test Cases/Admin/Asset/addAssetAndVerify" time="30.157" classname="Test Cases/Admin/Asset/addAssetAndVerify" status="PASSED">
         <system-out><![CDATA[2021-01-14 08:44:32 - [TEST_CASE][PASSED] - Test Cases/Admin/Asset/addAssetAndVerify: Test Cases/Admin/Asset/addAssetAndVerify

2021-01-14 08:44:32 - [TEST_STEP][PASSED] - Start listener action : login: null

2021-01-14 08:44:32 - [TEST_STEP][PASSED] - Thread.sleep(3000): null

2021-01-14 08:44:35 - [TEST_STEP][PASSED] - url = getUrl(): Current window's url is: 'https://dev-admin.modist.co/dashboard'

2021-01-14 08:44:35 - [MESSAGE][PASSED] - Current window's url is: 'https://dev-admin.modist.co/dashboard'

2021-01-14 08:44:35 - [TEST_STEP][PASSED] - if (!(url.contains("dashboard"))): null

2021-01-14 08:44:35 - [TEST_STEP][PASSED] - pages.Asset.clickAssetTab(): pages.Asset.clickAssetTab is PASSED

2021-01-14 08:44:35 - [MESSAGE][PASSED] - Object 'Object Repository/Asset/Asset/AssetPageElements/assetTab' is present

2021-01-14 08:44:36 - [MESSAGE][PASSED] - Object 'Object Repository/Asset/Asset/AssetPageElements/assetTab' is visible

2021-01-14 08:44:36 - [MESSAGE][PASSED] - Object 'Object Repository/Asset/Asset/AssetPageElements/assetTab' is clickable

2021-01-14 08:44:36 - [MESSAGE][PASSED] - Object: 'Object Repository/Asset/Asset/AssetPageElements/assetTab' is clicked on

2021-01-14 08:44:36 - [MESSAGE][PASSED] - pages.Asset.clickAssetTab is PASSED

2021-01-14 08:44:36 - [TEST_STEP][PASSED] - assetName = pages.Asset.addAsset(): pages.Asset.addAsset is PASSED

2021-01-14 08:44:37 - [MESSAGE][PASSED] - Object 'Object Repository/Asset/Asset/AssetPageElements/AddAssetButton' is present

2021-01-14 08:44:37 - [MESSAGE][PASSED] - Object 'Object Repository/Asset/Asset/AssetPageElements/AddAssetButton' is visible

2021-01-14 08:44:38 - [MESSAGE][PASSED] - Object 'Object Repository/Asset/Asset/AssetPageElements/AddAssetButton' is clickable

2021-01-14 08:44:38 - [MESSAGE][PASSED] - Object: 'Object Repository/Asset/Asset/AssetPageElements/AddAssetButton' is clicked on

2021-01-14 08:44:39 - [MESSAGE][PASSED] - Object 'Object Repository/Asset/Asset/addAsset/Author' is present

2021-01-14 08:44:41 - [MESSAGE][PASSED] - Object 'Object Repository/Asset/Asset/addAsset/Author' is visible

2021-01-14 08:44:41 - [MESSAGE][PASSED] - Object 'Object Repository/Asset/Asset/addAsset/Author' is clickable

2021-01-14 08:44:41 - [MESSAGE][PASSED] - Text of object 'Object Repository/Asset/Asset/addAsset/Author' is cleared

2021-01-14 08:44:42 - [MESSAGE][PASSED] - Keys 'Author394' sent to object: 'Object Repository/Asset/Asset/addAsset/Author'

2021-01-14 08:44:42 - [MESSAGE][PASSED] - File 'E:\Modist\ModistProject\bike4.jpg' sent to object: 'Object Repository/Asset/Asset/addAsset/chooseFile'

2021-01-14 08:44:43 - [MESSAGE][PASSED] - Object 'Object Repository/Asset/Asset/addAsset/clickTenant' is present

2021-01-14 08:44:43 - [MESSAGE][PASSED] - Object 'Object Repository/Asset/Asset/addAsset/clickTenant' is visible

2021-01-14 08:44:44 - [MESSAGE][PASSED] - Object 'Object Repository/Asset/Asset/addAsset/clickTenant' is clickable

2021-01-14 08:44:44 - [MESSAGE][PASSED] - Object: 'Object Repository/Asset/Asset/addAsset/clickTenant' is clicked on

2021-01-14 08:44:45 - [MESSAGE][PASSED] - Object 'Object Repository/Asset/Asset/addAsset/selectTenent' is present

2021-01-14 08:44:45 - [MESSAGE][PASSED] - Object 'Object Repository/Asset/Asset/addAsset/selectTenent' is visible

2021-01-14 08:44:45 - [MESSAGE][PASSED] - Object 'Object Repository/Asset/Asset/addAsset/selectTenent' is clickable

2021-01-14 08:44:46 - [MESSAGE][PASSED] - Object: 'Object Repository/Asset/Asset/addAsset/selectTenent' is clicked on

2021-01-14 08:44:46 - [MESSAGE][PASSED] - Object 'Object Repository/Asset/Asset/addAsset/addAssetButtonInAddAssetPopup' is present

2021-01-14 08:44:46 - [MESSAGE][PASSED] - Object 'Object Repository/Asset/Asset/addAsset/addAssetButtonInAddAssetPopup' is visible

2021-01-14 08:44:46 - [MESSAGE][PASSED] - Object 'Object Repository/Asset/Asset/addAsset/addAssetButtonInAddAssetPopup' is clickable

2021-01-14 08:44:47 - [MESSAGE][PASSED] - Object: 'Object Repository/Asset/Asset/addAsset/addAssetButtonInAddAssetPopup' is clicked on

2021-01-14 08:44:52 - [MESSAGE][PASSED] - Web element with id: 'Object Repository/Asset/Asset/uploadStatusIcon' located by 'By.xpath: //div[@class='upload-progress-wrapper']' is not present after '10' second(s)

2021-01-14 08:44:52 - [MESSAGE][PASSED] - pages.Asset.addAsset is PASSED

2021-01-14 08:44:52 - [TEST_STEP][PASSED] - pages.Asset.VerifyAssetIsPresent(assetName): pages.Asset.VerifyAssetIsPresent is PASSED

2021-01-14 08:44:52 - [MESSAGE][PASSED] - Object 'Object Repository/Asset/Asset/AssetPageElements/search' is present

2021-01-14 08:44:52 - [MESSAGE][PASSED] - Object 'Object Repository/Asset/Asset/AssetPageElements/search' is visible

2021-01-14 08:44:53 - [MESSAGE][PASSED] - Object 'Object Repository/Asset/Asset/AssetPageElements/search' is clickable

2021-01-14 08:44:53 - [MESSAGE][PASSED] - Text of object 'Object Repository/Asset/Asset/AssetPageElements/search' is cleared

2021-01-14 08:44:53 - [MESSAGE][PASSED] - Keys '' sent to object: 'Object Repository/Asset/Asset/AssetPageElements/search'

2021-01-14 08:44:54 - [MESSAGE][PASSED] - Keys 'A' sent to object: 'Object Repository/Asset/Asset/AssetPageElements/search'

2021-01-14 08:44:54 - [MESSAGE][PASSED] - Keys 'u' sent to object: 'Object Repository/Asset/Asset/AssetPageElements/search'

2021-01-14 08:44:55 - [MESSAGE][PASSED] - Keys 't' sent to object: 'Object Repository/Asset/Asset/AssetPageElements/search'

2021-01-14 08:44:57 - [MESSAGE][PASSED] - Keys 'h' sent to object: 'Object Repository/Asset/Asset/AssetPageElements/search'

2021-01-14 08:44:58 - [MESSAGE][PASSED] - Keys 'o' sent to object: 'Object Repository/Asset/Asset/AssetPageElements/search'

2021-01-14 08:44:58 - [MESSAGE][PASSED] - Keys 'r' sent to object: 'Object Repository/Asset/Asset/AssetPageElements/search'

2021-01-14 08:44:59 - [MESSAGE][PASSED] - Keys '3' sent to object: 'Object Repository/Asset/Asset/AssetPageElements/search'

2021-01-14 08:45:00 - [MESSAGE][PASSED] - Keys '9' sent to object: 'Object Repository/Asset/Asset/AssetPageElements/search'

2021-01-14 08:45:00 - [MESSAGE][PASSED] - Keys '4' sent to object: 'Object Repository/Asset/Asset/AssetPageElements/search'

2021-01-14 08:45:02 - [MESSAGE][PASSED] - Object 'Object Repository/Asset/Asset/assetname(assetName)' is present

2021-01-14 08:45:02 - [MESSAGE][PASSED] - pages.Asset.VerifyAssetIsPresent is PASSED]]></system-out>
         <system-err><![CDATA[]]></system-err>
      </testcase>
      <testcase name="Test Cases/Admin/Asset/deleteAssetAndVerify" time="28.506" classname="Test Cases/Admin/Asset/deleteAssetAndVerify" status="PASSED">
         <system-out><![CDATA[2021-01-14 08:45:02 - [TEST_CASE][PASSED] - Test Cases/Admin/Asset/deleteAssetAndVerify: Test Cases/Admin/Asset/deleteAssetAndVerify

2021-01-14 08:45:02 - [TEST_STEP][PASSED] - Start listener action : login: null

2021-01-14 08:45:02 - [TEST_STEP][PASSED] - Thread.sleep(3000): null

2021-01-14 08:45:05 - [TEST_STEP][PASSED] - url = getUrl(): Current window's url is: 'https://dev-admin.modist.co/dashboard'

2021-01-14 08:45:05 - [MESSAGE][PASSED] - Current window's url is: 'https://dev-admin.modist.co/dashboard'

2021-01-14 08:45:05 - [TEST_STEP][PASSED] - if (!(url.contains("dashboard"))): null

2021-01-14 08:45:05 - [TEST_STEP][PASSED] - pages.Asset.clickAssetTab(): pages.Asset.clickAssetTab is PASSED

2021-01-14 08:45:05 - [MESSAGE][PASSED] - Object 'Object Repository/Asset/Asset/AssetPageElements/assetTab' is present

2021-01-14 08:45:06 - [MESSAGE][PASSED] - Object 'Object Repository/Asset/Asset/AssetPageElements/assetTab' is visible

2021-01-14 08:45:06 - [MESSAGE][PASSED] - Object 'Object Repository/Asset/Asset/AssetPageElements/assetTab' is clickable

2021-01-14 08:45:06 - [MESSAGE][PASSED] - Object: 'Object Repository/Asset/Asset/AssetPageElements/assetTab' is clicked on

2021-01-14 08:45:06 - [MESSAGE][PASSED] - pages.Asset.clickAssetTab is PASSED

2021-01-14 08:45:06 - [TEST_STEP][PASSED] - assetName = pages.Asset.getRandomAssetName(): pages.Asset.getRandomAssetName is PASSED

2021-01-14 08:45:06 - [MESSAGE][PASSED] - Wait for page load successfully

2021-01-14 08:45:07 - [MESSAGE][PASSED] - Object 'Object Repository/Asset/Asset/AssetCount' is present

2021-01-14 08:45:07 - [MESSAGE][PASSED] - Text of object 'Object Repository/Asset/Asset/randomAsset(index)' is: 'Author394'

2021-01-14 08:45:07 - [MESSAGE][PASSED] - pages.Asset.getRandomAssetName is PASSED

2021-01-14 08:45:07 - [TEST_STEP][PASSED] - pages.Asset.deleteAsset(assetName): pages.Asset.deleteAsset is PASSED

2021-01-14 08:45:08 - [MESSAGE][PASSED] - Object 'Object Repository/Asset/Asset/AssetPageElements/search' is present

2021-01-14 08:45:08 - [MESSAGE][PASSED] - Object 'Object Repository/Asset/Asset/AssetPageElements/search' is visible

2021-01-14 08:45:08 - [MESSAGE][PASSED] - Object 'Object Repository/Asset/Asset/AssetPageElements/search' is clickable

2021-01-14 08:45:09 - [MESSAGE][PASSED] - Text of object 'Object Repository/Asset/Asset/AssetPageElements/search' is cleared

2021-01-14 08:45:09 - [MESSAGE][PASSED] - Keys '' sent to object: 'Object Repository/Asset/Asset/AssetPageElements/search'

2021-01-14 08:45:09 - [MESSAGE][PASSED] - Keys 'A' sent to object: 'Object Repository/Asset/Asset/AssetPageElements/search'

2021-01-14 08:45:10 - [MESSAGE][PASSED] - Keys 'u' sent to object: 'Object Repository/Asset/Asset/AssetPageElements/search'

2021-01-14 08:45:11 - [MESSAGE][PASSED] - Keys 't' sent to object: 'Object Repository/Asset/Asset/AssetPageElements/search'

2021-01-14 08:45:13 - [MESSAGE][PASSED] - Keys 'h' sent to object: 'Object Repository/Asset/Asset/AssetPageElements/search'

2021-01-14 08:45:13 - [MESSAGE][PASSED] - Keys 'o' sent to object: 'Object Repository/Asset/Asset/AssetPageElements/search'

2021-01-14 08:45:13 - [MESSAGE][PASSED] - Keys 'r' sent to object: 'Object Repository/Asset/Asset/AssetPageElements/search'

2021-01-14 08:45:14 - [MESSAGE][PASSED] - Keys '3' sent to object: 'Object Repository/Asset/Asset/AssetPageElements/search'

2021-01-14 08:45:14 - [MESSAGE][PASSED] - Keys '9' sent to object: 'Object Repository/Asset/Asset/AssetPageElements/search'

2021-01-14 08:45:16 - [MESSAGE][PASSED] - Keys '4' sent to object: 'Object Repository/Asset/Asset/AssetPageElements/search'

2021-01-14 08:45:16 - [MESSAGE][PASSED] - Object 'Object Repository/Asset/Asset/delAssetCheckbox(assetName)' is present

2021-01-14 08:45:16 - [MESSAGE][PASSED] - Object 'Object Repository/Asset/Asset/delAssetCheckbox(assetName)' is visible

2021-01-14 08:45:17 - [MESSAGE][PASSED] - Object 'Object Repository/Asset/Asset/delAssetCheckbox(assetName)' is clickable

2021-01-14 08:45:18 - [MESSAGE][PASSED] - Object: 'Object Repository/Asset/Asset/delAssetCheckbox(assetName)' is clicked on

2021-01-14 08:45:18 - [MESSAGE][PASSED] - Object 'Object Repository/Asset/Asset/delIcon' is present

2021-01-14 08:45:18 - [MESSAGE][PASSED] - Object 'Object Repository/Asset/Asset/delIcon' is visible

2021-01-14 08:45:19 - [MESSAGE][PASSED] - Object 'Object Repository/Asset/Asset/delIcon' is clickable

2021-01-14 08:45:19 - [MESSAGE][PASSED] - Object: 'Object Repository/Asset/Asset/delIcon' is clicked on

2021-01-14 08:45:19 - [MESSAGE][PASSED] - Alert accepted

2021-01-14 08:45:19 - [MESSAGE][PASSED] - pages.Asset.deleteAsset is PASSED

2021-01-14 08:45:19 - [TEST_STEP][PASSED] - pages.Asset.VerifyAssetNotPresent(assetName): pages.Asset.VerifyAssetNotPresent is PASSED

2021-01-14 08:45:21 - [MESSAGE][PASSED] - Object 'Object Repository/Asset/Asset/AssetPageElements/search' is present

2021-01-14 08:45:21 - [MESSAGE][PASSED] - Object 'Object Repository/Asset/Asset/AssetPageElements/search' is visible

2021-01-14 08:45:22 - [MESSAGE][PASSED] - Object 'Object Repository/Asset/Asset/AssetPageElements/search' is clickable

2021-01-14 08:45:22 - [MESSAGE][PASSED] - Text of object 'Object Repository/Asset/Asset/AssetPageElements/search' is cleared

2021-01-14 08:45:22 - [MESSAGE][PASSED] - Keys '' sent to object: 'Object Repository/Asset/Asset/AssetPageElements/search'

2021-01-14 08:45:23 - [MESSAGE][PASSED] - Keys 'A' sent to object: 'Object Repository/Asset/Asset/AssetPageElements/search'

2021-01-14 08:45:23 - [MESSAGE][PASSED] - Keys 'u' sent to object: 'Object Repository/Asset/Asset/AssetPageElements/search'

2021-01-14 08:45:24 - [MESSAGE][PASSED] - Keys 't' sent to object: 'Object Repository/Asset/Asset/AssetPageElements/search'

2021-01-14 08:45:25 - [MESSAGE][PASSED] - Keys 'h' sent to object: 'Object Repository/Asset/Asset/AssetPageElements/search'

2021-01-14 08:45:26 - [MESSAGE][PASSED] - Keys 'o' sent to object: 'Object Repository/Asset/Asset/AssetPageElements/search'

2021-01-14 08:45:27 - [MESSAGE][PASSED] - Keys 'r' sent to object: 'Object Repository/Asset/Asset/AssetPageElements/search'

2021-01-14 08:45:28 - [MESSAGE][PASSED] - Keys '3' sent to object: 'Object Repository/Asset/Asset/AssetPageElements/search'

2021-01-14 08:45:28 - [MESSAGE][PASSED] - Keys '9' sent to object: 'Object Repository/Asset/Asset/AssetPageElements/search'

2021-01-14 08:45:30 - [MESSAGE][PASSED] - Keys '4' sent to object: 'Object Repository/Asset/Asset/AssetPageElements/search'

2021-01-14 08:45:30 - [MESSAGE][PASSED] - Web element with id: 'Object Repository/Asset/Asset/assetname(assetName)' located by 'By.xpath: //div[text()='Author394']' is not present after '30' second(s)

2021-01-14 08:45:30 - [MESSAGE][PASSED] - pages.Asset.VerifyAssetNotPresent is PASSED]]></system-out>
         <system-err><![CDATA[]]></system-err>
      </testcase>
      <testcase name="Test Cases/Admin/Asset/editSourceInAssetEditPageAndVerify" time="37.977" classname="Test Cases/Admin/Asset/editSourceInAssetEditPageAndVerify" status="PASSED">
         <system-out><![CDATA[2021-01-14 08:45:30 - [TEST_CASE][PASSED] - Test Cases/Admin/Asset/editSourceInAssetEditPageAndVerify: Test Cases/Admin/Asset/editSourceInAssetEditPageAndVerify

2021-01-14 08:45:30 - [TEST_STEP][PASSED] - Start listener action : login: null

2021-01-14 08:45:30 - [TEST_STEP][PASSED] - Thread.sleep(3000): null

2021-01-14 08:45:33 - [TEST_STEP][PASSED] - url = getUrl(): Current window's url is: 'https://dev-admin.modist.co/dashboard'

2021-01-14 08:45:33 - [MESSAGE][PASSED] - Current window's url is: 'https://dev-admin.modist.co/dashboard'

2021-01-14 08:45:33 - [TEST_STEP][PASSED] - if (!(url.contains("dashboard"))): null

2021-01-14 08:45:34 - [TEST_STEP][PASSED] - pages.Asset.clickAssetTab(): pages.Asset.clickAssetTab is PASSED

2021-01-14 08:45:34 - [MESSAGE][PASSED] - Object 'Object Repository/Asset/Asset/AssetPageElements/assetTab' is present

2021-01-14 08:45:34 - [MESSAGE][PASSED] - Object 'Object Repository/Asset/Asset/AssetPageElements/assetTab' is visible

2021-01-14 08:45:34 - [MESSAGE][PASSED] - Object 'Object Repository/Asset/Asset/AssetPageElements/assetTab' is clickable

2021-01-14 08:45:35 - [MESSAGE][PASSED] - Object: 'Object Repository/Asset/Asset/AssetPageElements/assetTab' is clicked on

2021-01-14 08:45:35 - [MESSAGE][PASSED] - pages.Asset.clickAssetTab is PASSED

2021-01-14 08:45:35 - [TEST_STEP][PASSED] - assetDetails = pages.Asset.editSourceInAssetEditPage(): pages.Asset.editSourceInAssetEditPage is PASSED

2021-01-14 08:45:35 - [MESSAGE][PASSED] - Wait for page load successfully

2021-01-14 08:45:35 - [MESSAGE][PASSED] - Object 'Object Repository/Asset/Asset/AssetCount' is present

2021-01-14 08:45:36 - [MESSAGE][PASSED] - Text of object 'Object Repository/Asset/Asset/randomAsset(index)' is: 'Author313'

2021-01-14 08:45:36 - [MESSAGE][PASSED] - Object 'Object Repository/Asset/Asset/AssetPageElements/search' is present

2021-01-14 08:45:36 - [MESSAGE][PASSED] - Object 'Object Repository/Asset/Asset/AssetPageElements/search' is visible

2021-01-14 08:45:37 - [MESSAGE][PASSED] - Object 'Object Repository/Asset/Asset/AssetPageElements/search' is clickable

2021-01-14 08:45:37 - [MESSAGE][PASSED] - Text of object 'Object Repository/Asset/Asset/AssetPageElements/search' is cleared

2021-01-14 08:45:37 - [MESSAGE][PASSED] - Keys '' sent to object: 'Object Repository/Asset/Asset/AssetPageElements/search'

2021-01-14 08:45:38 - [MESSAGE][PASSED] - Keys 'A' sent to object: 'Object Repository/Asset/Asset/AssetPageElements/search'

2021-01-14 08:45:38 - [MESSAGE][PASSED] - Keys 'u' sent to object: 'Object Repository/Asset/Asset/AssetPageElements/search'

2021-01-14 08:45:39 - [MESSAGE][PASSED] - Keys 't' sent to object: 'Object Repository/Asset/Asset/AssetPageElements/search'

2021-01-14 08:45:40 - [MESSAGE][PASSED] - Keys 'h' sent to object: 'Object Repository/Asset/Asset/AssetPageElements/search'

2021-01-14 08:45:40 - [MESSAGE][PASSED] - Keys 'o' sent to object: 'Object Repository/Asset/Asset/AssetPageElements/search'

2021-01-14 08:45:42 - [MESSAGE][PASSED] - Keys 'r' sent to object: 'Object Repository/Asset/Asset/AssetPageElements/search'

2021-01-14 08:45:42 - [MESSAGE][PASSED] - Keys '3' sent to object: 'Object Repository/Asset/Asset/AssetPageElements/search'

2021-01-14 08:45:43 - [MESSAGE][PASSED] - Keys '1' sent to object: 'Object Repository/Asset/Asset/AssetPageElements/search'

2021-01-14 08:45:44 - [MESSAGE][PASSED] - Keys '3' sent to object: 'Object Repository/Asset/Asset/AssetPageElements/search'

2021-01-14 08:45:45 - [MESSAGE][PASSED] - Object 'Object Repository/Asset/Asset/assetname(assetName)' is present

2021-01-14 08:45:45 - [MESSAGE][PASSED] - Object 'Object Repository/Asset/Asset/assetname(assetName)' is visible

2021-01-14 08:45:45 - [MESSAGE][PASSED] - Object 'Object Repository/Asset/Asset/assetname(assetName)' is clickable

2021-01-14 08:45:46 - [MESSAGE][PASSED] - Object: 'Object Repository/Asset/Asset/assetname(assetName)' is clicked on

2021-01-14 08:45:46 - [MESSAGE][PASSED] - Scroll to object 'Object Repository/Asset/Asset/assetEditpage/sourceDropdown' successfully

2021-01-14 08:45:47 - [MESSAGE][PASSED] - Object 'Object Repository/Asset/Asset/assetEditpage/sourceDropdown' is present

2021-01-14 08:45:48 - [MESSAGE][PASSED] - Object 'Object Repository/Asset/Asset/assetEditpage/sourceDropdown' is visible

2021-01-14 08:45:48 - [MESSAGE][PASSED] - Object 'Object Repository/Asset/Asset/assetEditpage/sourceDropdown' is clickable

2021-01-14 08:45:48 - [MESSAGE][PASSED] - Object: 'Object Repository/Asset/Asset/assetEditpage/sourceDropdown' is clicked on

2021-01-14 08:45:49 - [MESSAGE][PASSED] - Object 'Object Repository/Asset/Asset/assetEditpage/sourceCount' is present

2021-01-14 08:45:50 - [MESSAGE][PASSED] - Object 'Object Repository/Asset/Asset/assetEditpage/randomSource(index)' is present

2021-01-14 08:45:50 - [MESSAGE][PASSED] - Object 'Object Repository/Asset/Asset/assetEditpage/randomSource(index)' is visible

2021-01-14 08:45:50 - [MESSAGE][PASSED] - Object 'Object Repository/Asset/Asset/assetEditpage/randomSource(index)' is clickable

2021-01-14 08:45:50 - [MESSAGE][PASSED] - Object: 'Object Repository/Asset/Asset/assetEditpage/randomSource(index)' is clicked on

2021-01-14 08:45:51 - [MESSAGE][PASSED] - Text of object 'Object Repository/Asset/Asset/assetEditpage/randomSource(index)' is: 'RandomAsset461'

2021-01-14 08:45:51 - [MESSAGE][PASSED] - Object 'Object Repository/Asset/Asset/assetEditpage/Save' is present

2021-01-14 08:45:52 - [MESSAGE][PASSED] - Object 'Object Repository/Asset/Asset/assetEditpage/Save' is visible

2021-01-14 08:45:52 - [MESSAGE][PASSED] - Object 'Object Repository/Asset/Asset/assetEditpage/Save' is clickable

2021-01-14 08:45:52 - [MESSAGE][PASSED] - Object: 'Object Repository/Asset/Asset/assetEditpage/Save' is clicked on

2021-01-14 08:45:53 - [MESSAGE][PASSED] - Object 'Object Repository/Asset/Asset/assetEditpage/close' is present

2021-01-14 08:45:53 - [MESSAGE][PASSED] - Object 'Object Repository/Asset/Asset/assetEditpage/close' is visible

2021-01-14 08:45:54 - [MESSAGE][PASSED] - Object 'Object Repository/Asset/Asset/assetEditpage/close' is clickable

2021-01-14 08:45:54 - [MESSAGE][PASSED] - Object: 'Object Repository/Asset/Asset/assetEditpage/close' is clicked on

2021-01-14 08:45:54 - [MESSAGE][PASSED] - pages.Asset.editSourceInAssetEditPage is PASSED

2021-01-14 08:45:54 - [TEST_STEP][PASSED] - assetName = assetName: null

2021-01-14 08:45:54 - [TEST_STEP][PASSED] - sourceName = sourceName: null

2021-01-14 08:45:54 - [TEST_STEP][PASSED] - pages.Asset.verifySourceInEditAssetPage(assetName, sourceName): pages.Asset.verifySourceInEditAssetPage is PASSED

2021-01-14 08:45:55 - [MESSAGE][PASSED] - Object 'Object Repository/Asset/Asset/AssetPageElements/search' is present

2021-01-14 08:45:55 - [MESSAGE][PASSED] - Object 'Object Repository/Asset/Asset/AssetPageElements/search' is visible

2021-01-14 08:45:56 - [MESSAGE][PASSED] - Object 'Object Repository/Asset/Asset/AssetPageElements/search' is clickable

2021-01-14 08:45:57 - [MESSAGE][PASSED] - Text of object 'Object Repository/Asset/Asset/AssetPageElements/search' is cleared

2021-01-14 08:45:57 - [MESSAGE][PASSED] - Keys '' sent to object: 'Object Repository/Asset/Asset/AssetPageElements/search'

2021-01-14 08:45:57 - [MESSAGE][PASSED] - Keys 'A' sent to object: 'Object Repository/Asset/Asset/AssetPageElements/search'

2021-01-14 08:45:58 - [MESSAGE][PASSED] - Keys 'u' sent to object: 'Object Repository/Asset/Asset/AssetPageElements/search'

2021-01-14 08:45:58 - [MESSAGE][PASSED] - Keys 't' sent to object: 'Object Repository/Asset/Asset/AssetPageElements/search'

2021-01-14 08:46:00 - [MESSAGE][PASSED] - Keys 'h' sent to object: 'Object Repository/Asset/Asset/AssetPageElements/search'

2021-01-14 08:46:00 - [MESSAGE][PASSED] - Keys 'o' sent to object: 'Object Repository/Asset/Asset/AssetPageElements/search'

2021-01-14 08:46:01 - [MESSAGE][PASSED] - Keys 'r' sent to object: 'Object Repository/Asset/Asset/AssetPageElements/search'

2021-01-14 08:46:01 - [MESSAGE][PASSED] - Keys '3' sent to object: 'Object Repository/Asset/Asset/AssetPageElements/search'

2021-01-14 08:46:02 - [MESSAGE][PASSED] - Keys '1' sent to object: 'Object Repository/Asset/Asset/AssetPageElements/search'

2021-01-14 08:46:03 - [MESSAGE][PASSED] - Keys '3' sent to object: 'Object Repository/Asset/Asset/AssetPageElements/search'

2021-01-14 08:46:04 - [MESSAGE][PASSED] - Object 'Object Repository/Asset/Asset/anyAsset(assetName)' is present

2021-01-14 08:46:04 - [MESSAGE][PASSED] - Object 'Object Repository/Asset/Asset/anyAsset(assetName)' is visible

2021-01-14 08:46:04 - [MESSAGE][PASSED] - Object 'Object Repository/Asset/Asset/anyAsset(assetName)' is clickable

2021-01-14 08:46:05 - [MESSAGE][PASSED] - Object: 'Object Repository/Asset/Asset/anyAsset(assetName)' is clicked on

2021-01-14 08:46:07 - [MESSAGE][PASSED] - Scroll to object 'Object Repository/Asset/Asset/assetEditpage/sourceName(sourceName)' successfully

2021-01-14 08:46:07 - [MESSAGE][PASSED] - Object 'Object Repository/Asset/Asset/assetEditpage/sourceName(sourceName)' is present

2021-01-14 08:46:07 - [MESSAGE][PASSED] - Object 'Object Repository/Asset/Asset/assetEditpage/close' is present

2021-01-14 08:46:08 - [MESSAGE][PASSED] - Object 'Object Repository/Asset/Asset/assetEditpage/close' is visible

2021-01-14 08:46:08 - [MESSAGE][PASSED] - Object 'Object Repository/Asset/Asset/assetEditpage/close' is clickable

2021-01-14 08:46:08 - [MESSAGE][PASSED] - Object: 'Object Repository/Asset/Asset/assetEditpage/close' is clicked on

2021-01-14 08:46:08 - [MESSAGE][PASSED] - pages.Asset.verifySourceInEditAssetPage is PASSED]]></system-out>
         <system-err><![CDATA[]]></system-err>
      </testcase>
      <testcase name="Test Cases/Admin/Asset/functionalityOfCancelButtonInAddAssetPopup" time="18.232" classname="Test Cases/Admin/Asset/functionalityOfCancelButtonInAddAssetPopup" status="PASSED">
         <system-out><![CDATA[2021-01-14 08:46:08 - [TEST_CASE][PASSED] - Test Cases/Admin/Asset/functionalityOfCancelButtonInAddAssetPopup: Test Cases/Admin/Asset/functionalityOfCancelButtonInAddAssetPopup

2021-01-14 08:46:08 - [TEST_STEP][PASSED] - Start listener action : login: null

2021-01-14 08:46:08 - [TEST_STEP][PASSED] - Thread.sleep(3000): null

2021-01-14 08:46:11 - [TEST_STEP][PASSED] - url = getUrl(): Current window's url is: 'https://dev-admin.modist.co/dashboard'

2021-01-14 08:46:11 - [MESSAGE][PASSED] - Current window's url is: 'https://dev-admin.modist.co/dashboard'

2021-01-14 08:46:11 - [TEST_STEP][PASSED] - if (!(url.contains("dashboard"))): null

2021-01-14 08:46:12 - [TEST_STEP][PASSED] - pages.Asset.clickAssetTab(): pages.Asset.clickAssetTab is PASSED

2021-01-14 08:46:12 - [MESSAGE][PASSED] - Object 'Object Repository/Asset/Asset/AssetPageElements/assetTab' is present

2021-01-14 08:46:12 - [MESSAGE][PASSED] - Object 'Object Repository/Asset/Asset/AssetPageElements/assetTab' is visible

2021-01-14 08:46:13 - [MESSAGE][PASSED] - Object 'Object Repository/Asset/Asset/AssetPageElements/assetTab' is clickable

2021-01-14 08:46:13 - [MESSAGE][PASSED] - Object: 'Object Repository/Asset/Asset/AssetPageElements/assetTab' is clicked on

2021-01-14 08:46:13 - [MESSAGE][PASSED] - pages.Asset.clickAssetTab is PASSED

2021-01-14 08:46:13 - [TEST_STEP][PASSED] - assetName = pages.Asset.cancelButtonInAddAssetPopup(): pages.Asset.cancelButtonInAddAssetPopup is PASSED

2021-01-14 08:46:13 - [MESSAGE][PASSED] - Object 'Object Repository/Asset/Asset/AssetPageElements/AddAssetButton' is present

2021-01-14 08:46:14 - [MESSAGE][PASSED] - Object 'Object Repository/Asset/Asset/AssetPageElements/AddAssetButton' is visible

2021-01-14 08:46:14 - [MESSAGE][PASSED] - Object 'Object Repository/Asset/Asset/AssetPageElements/AddAssetButton' is clickable

2021-01-14 08:46:14 - [MESSAGE][PASSED] - Object: 'Object Repository/Asset/Asset/AssetPageElements/AddAssetButton' is clicked on

2021-01-14 08:46:15 - [MESSAGE][PASSED] - Object 'Object Repository/Asset/Asset/addAsset/Author' is present

2021-01-14 08:46:15 - [MESSAGE][PASSED] - Object 'Object Repository/Asset/Asset/addAsset/Author' is visible

2021-01-14 08:46:16 - [MESSAGE][PASSED] - Object 'Object Repository/Asset/Asset/addAsset/Author' is clickable

2021-01-14 08:46:16 - [MESSAGE][PASSED] - Text of object 'Object Repository/Asset/Asset/addAsset/Author' is cleared

2021-01-14 08:46:16 - [MESSAGE][PASSED] - Keys 'Author477' sent to object: 'Object Repository/Asset/Asset/addAsset/Author'

2021-01-14 08:46:17 - [MESSAGE][PASSED] - Object 'Object Repository/Asset/Asset/addAsset/cancelButton' is present

2021-01-14 08:46:17 - [MESSAGE][PASSED] - Object 'Object Repository/Asset/Asset/addAsset/cancelButton' is visible

2021-01-14 08:46:17 - [MESSAGE][PASSED] - Object 'Object Repository/Asset/Asset/addAsset/cancelButton' is clickable

2021-01-14 08:46:18 - [MESSAGE][PASSED] - Object: 'Object Repository/Asset/Asset/addAsset/cancelButton' is clicked on

2021-01-14 08:46:18 - [MESSAGE][PASSED] - pages.Asset.cancelButtonInAddAssetPopup is PASSED

2021-01-14 08:46:18 - [TEST_STEP][PASSED] - pages.Asset.VerifyAssetNotPresent(assetName): pages.Asset.VerifyAssetNotPresent is PASSED

2021-01-14 08:46:18 - [MESSAGE][PASSED] - Object 'Object Repository/Asset/Asset/AssetPageElements/search' is present

2021-01-14 08:46:18 - [MESSAGE][PASSED] - Object 'Object Repository/Asset/Asset/AssetPageElements/search' is visible

2021-01-14 08:46:19 - [MESSAGE][PASSED] - Object 'Object Repository/Asset/Asset/AssetPageElements/search' is clickable

2021-01-14 08:46:19 - [MESSAGE][PASSED] - Text of object 'Object Repository/Asset/Asset/AssetPageElements/search' is cleared

2021-01-14 08:46:19 - [MESSAGE][PASSED] - Keys '' sent to object: 'Object Repository/Asset/Asset/AssetPageElements/search'

2021-01-14 08:46:20 - [MESSAGE][PASSED] - Keys 'A' sent to object: 'Object Repository/Asset/Asset/AssetPageElements/search'

2021-01-14 08:46:20 - [MESSAGE][PASSED] - Keys 'u' sent to object: 'Object Repository/Asset/Asset/AssetPageElements/search'

2021-01-14 08:46:21 - [MESSAGE][PASSED] - Keys 't' sent to object: 'Object Repository/Asset/Asset/AssetPageElements/search'

2021-01-14 08:46:22 - [MESSAGE][PASSED] - Keys 'h' sent to object: 'Object Repository/Asset/Asset/AssetPageElements/search'

2021-01-14 08:46:23 - [MESSAGE][PASSED] - Keys 'o' sent to object: 'Object Repository/Asset/Asset/AssetPageElements/search'

2021-01-14 08:46:24 - [MESSAGE][PASSED] - Keys 'r' sent to object: 'Object Repository/Asset/Asset/AssetPageElements/search'

2021-01-14 08:46:25 - [MESSAGE][PASSED] - Keys '4' sent to object: 'Object Repository/Asset/Asset/AssetPageElements/search'

2021-01-14 08:46:25 - [MESSAGE][PASSED] - Keys '7' sent to object: 'Object Repository/Asset/Asset/AssetPageElements/search'

2021-01-14 08:46:26 - [MESSAGE][PASSED] - Keys '7' sent to object: 'Object Repository/Asset/Asset/AssetPageElements/search'

2021-01-14 08:46:26 - [MESSAGE][PASSED] - Web element with id: 'Object Repository/Asset/Asset/assetname(assetName)' located by 'By.xpath: //div[text()='Author477']' is not present after '30' second(s)

2021-01-14 08:46:26 - [MESSAGE][PASSED] - pages.Asset.VerifyAssetNotPresent is PASSED]]></system-out>
         <system-err><![CDATA[]]></system-err>
      </testcase>
      <testcase name="Test Cases/Admin/Asset/functionalityOfCloseButtonandVerify" time="28.481" classname="Test Cases/Admin/Asset/functionalityOfCloseButtonandVerify" status="PASSED">
         <system-out><![CDATA[2021-01-14 08:46:26 - [TEST_CASE][PASSED] - Test Cases/Admin/Asset/functionalityOfCloseButtonandVerify: Test Cases/Admin/Asset/functionalityOfCloseButtonandVerify

2021-01-14 08:46:26 - [TEST_STEP][PASSED] - Start listener action : login: null

2021-01-14 08:46:26 - [TEST_STEP][PASSED] - Thread.sleep(3000): null

2021-01-14 08:46:29 - [TEST_STEP][PASSED] - url = getUrl(): Current window's url is: 'https://dev-admin.modist.co/dashboard'

2021-01-14 08:46:30 - [MESSAGE][PASSED] - Current window's url is: 'https://dev-admin.modist.co/dashboard'

2021-01-14 08:46:30 - [TEST_STEP][PASSED] - if (!(url.contains("dashboard"))): null

2021-01-14 08:46:30 - [TEST_STEP][PASSED] - pages.Asset.clickAssetTab(): pages.Asset.clickAssetTab is PASSED

2021-01-14 08:46:30 - [MESSAGE][PASSED] - Object 'Object Repository/Asset/Asset/AssetPageElements/assetTab' is present

2021-01-14 08:46:30 - [MESSAGE][PASSED] - Object 'Object Repository/Asset/Asset/AssetPageElements/assetTab' is visible

2021-01-14 08:46:31 - [MESSAGE][PASSED] - Object 'Object Repository/Asset/Asset/AssetPageElements/assetTab' is clickable

2021-01-14 08:46:31 - [MESSAGE][PASSED] - Object: 'Object Repository/Asset/Asset/AssetPageElements/assetTab' is clicked on

2021-01-14 08:46:31 - [MESSAGE][PASSED] - pages.Asset.clickAssetTab is PASSED

2021-01-14 08:46:31 - [TEST_STEP][PASSED] - pages.Asset.closeButtonInAssetEditPage(): pages.Asset.closeButtonInAssetEditPage is PASSED

2021-01-14 08:46:31 - [MESSAGE][PASSED] - Wait for page load successfully

2021-01-14 08:46:31 - [MESSAGE][PASSED] - Object 'Object Repository/Asset/Asset/AssetCount' is present

2021-01-14 08:46:32 - [MESSAGE][PASSED] - Text of object 'Object Repository/Asset/Asset/randomAsset(index)' is: 'Author267'

2021-01-14 08:46:32 - [MESSAGE][PASSED] - Object 'Object Repository/Asset/Asset/AssetPageElements/search' is present

2021-01-14 08:46:33 - [MESSAGE][PASSED] - Object 'Object Repository/Asset/Asset/AssetPageElements/search' is visible

2021-01-14 08:46:33 - [MESSAGE][PASSED] - Object 'Object Repository/Asset/Asset/AssetPageElements/search' is clickable

2021-01-14 08:46:33 - [MESSAGE][PASSED] - Text of object 'Object Repository/Asset/Asset/AssetPageElements/search' is cleared

2021-01-14 08:46:34 - [MESSAGE][PASSED] - Keys '' sent to object: 'Object Repository/Asset/Asset/AssetPageElements/search'

2021-01-14 08:46:34 - [MESSAGE][PASSED] - Keys 'A' sent to object: 'Object Repository/Asset/Asset/AssetPageElements/search'

2021-01-14 08:46:34 - [MESSAGE][PASSED] - Keys 'u' sent to object: 'Object Repository/Asset/Asset/AssetPageElements/search'

2021-01-14 08:46:36 - [MESSAGE][PASSED] - Keys 't' sent to object: 'Object Repository/Asset/Asset/AssetPageElements/search'

2021-01-14 08:46:37 - [MESSAGE][PASSED] - Keys 'h' sent to object: 'Object Repository/Asset/Asset/AssetPageElements/search'

2021-01-14 08:46:38 - [MESSAGE][PASSED] - Keys 'o' sent to object: 'Object Repository/Asset/Asset/AssetPageElements/search'

2021-01-14 08:46:39 - [MESSAGE][PASSED] - Keys 'r' sent to object: 'Object Repository/Asset/Asset/AssetPageElements/search'

2021-01-14 08:46:39 - [MESSAGE][PASSED] - Keys '2' sent to object: 'Object Repository/Asset/Asset/AssetPageElements/search'

2021-01-14 08:46:40 - [MESSAGE][PASSED] - Keys '6' sent to object: 'Object Repository/Asset/Asset/AssetPageElements/search'

2021-01-14 08:46:42 - [MESSAGE][PASSED] - Keys '7' sent to object: 'Object Repository/Asset/Asset/AssetPageElements/search'

2021-01-14 08:46:42 - [MESSAGE][PASSED] - Object 'Object Repository/Asset/Asset/assetname(assetName)' is present

2021-01-14 08:46:42 - [MESSAGE][PASSED] - Object 'Object Repository/Asset/Asset/assetname(assetName)' is visible

2021-01-14 08:46:43 - [MESSAGE][PASSED] - Object 'Object Repository/Asset/Asset/assetname(assetName)' is clickable

2021-01-14 08:46:43 - [MESSAGE][PASSED] - Object: 'Object Repository/Asset/Asset/assetname(assetName)' is clicked on

2021-01-14 08:46:43 - [MESSAGE][PASSED] - Object 'Object Repository/Asset/Asset/assetEditpage/close' is present

2021-01-14 08:46:44 - [MESSAGE][PASSED] - Object 'Object Repository/Asset/Asset/assetEditpage/close' is visible

2021-01-14 08:46:45 - [MESSAGE][PASSED] - Object 'Object Repository/Asset/Asset/assetEditpage/close' is clickable

2021-01-14 08:46:45 - [MESSAGE][PASSED] - Object: 'Object Repository/Asset/Asset/assetEditpage/close' is clicked on

2021-01-14 08:46:45 - [MESSAGE][PASSED] - pages.Asset.closeButtonInAssetEditPage is PASSED

2021-01-14 08:46:45 - [TEST_STEP][PASSED] - verification.Verification.getUrlAndVerify("dashboard", "cancel button is not working"): verification.Verification.getUrlAndVerify is PASSED

2021-01-14 08:46:55 - [MESSAGE][PASSED] - Delayed 10 second(s)

2021-01-14 08:46:55 - [MESSAGE][PASSED] - Current window's url is: 'https://dev-admin.modist.co/dashboard'

2021-01-14 08:46:55 - [MESSAGE][PASSED] - verification.Verification.getUrlAndVerify is PASSED]]></system-out>
         <system-err><![CDATA[]]></system-err>
      </testcase>
      <testcase name="Test Cases/Admin/Asset/functionalityOfSearcBoxWithInvalidDetails" time="15.856" classname="Test Cases/Admin/Asset/functionalityOfSearcBoxWithInvalidDetails" status="PASSED">
         <system-out><![CDATA[2021-01-14 08:46:55 - [TEST_CASE][PASSED] - Test Cases/Admin/Asset/functionalityOfSearcBoxWithInvalidDetails: Test Cases/Admin/Asset/functionalityOfSearcBoxWithInvalidDetails

2021-01-14 08:46:55 - [TEST_STEP][PASSED] - Start listener action : login: null

2021-01-14 08:46:55 - [TEST_STEP][PASSED] - Thread.sleep(3000): null

2021-01-14 08:46:58 - [TEST_STEP][PASSED] - url = getUrl(): Current window's url is: 'https://dev-admin.modist.co/dashboard'

2021-01-14 08:46:58 - [MESSAGE][PASSED] - Current window's url is: 'https://dev-admin.modist.co/dashboard'

2021-01-14 08:46:58 - [TEST_STEP][PASSED] - if (!(url.contains("dashboard"))): null

2021-01-14 08:46:58 - [TEST_STEP][PASSED] - pages.Asset.clickAssetTab(): pages.Asset.clickAssetTab is PASSED

2021-01-14 08:46:59 - [MESSAGE][PASSED] - Object 'Object Repository/Asset/Asset/AssetPageElements/assetTab' is present

2021-01-14 08:46:59 - [MESSAGE][PASSED] - Object 'Object Repository/Asset/Asset/AssetPageElements/assetTab' is visible

2021-01-14 08:46:59 - [MESSAGE][PASSED] - Object 'Object Repository/Asset/Asset/AssetPageElements/assetTab' is clickable

2021-01-14 08:47:00 - [MESSAGE][PASSED] - Object: 'Object Repository/Asset/Asset/AssetPageElements/assetTab' is clicked on

2021-01-14 08:47:00 - [MESSAGE][PASSED] - pages.Asset.clickAssetTab is PASSED

2021-01-14 08:47:00 - [TEST_STEP][PASSED] - assetName = pages.Asset.getRandomAssetName(): pages.Asset.getRandomAssetName is PASSED

2021-01-14 08:47:00 - [MESSAGE][PASSED] - Wait for page load successfully

2021-01-14 08:47:00 - [MESSAGE][PASSED] - Object 'Object Repository/Asset/Asset/AssetCount' is present

2021-01-14 08:47:01 - [MESSAGE][PASSED] - Text of object 'Object Repository/Asset/Asset/randomAsset(index)' is: 'Author62'

2021-01-14 08:47:01 - [MESSAGE][PASSED] - pages.Asset.getRandomAssetName is PASSED

2021-01-14 08:47:01 - [TEST_STEP][PASSED] - assetName = assetName + "1": null

2021-01-14 08:47:01 - [TEST_STEP][PASSED] - pages.Asset.VerifyAssetNotPresent(assetName): pages.Asset.VerifyAssetNotPresent is PASSED

2021-01-14 08:47:01 - [MESSAGE][PASSED] - Object 'Object Repository/Asset/Asset/AssetPageElements/search' is present

2021-01-14 08:47:01 - [MESSAGE][PASSED] - Object 'Object Repository/Asset/Asset/AssetPageElements/search' is visible

2021-01-14 08:47:02 - [MESSAGE][PASSED] - Object 'Object Repository/Asset/Asset/AssetPageElements/search' is clickable

2021-01-14 08:47:02 - [MESSAGE][PASSED] - Text of object 'Object Repository/Asset/Asset/AssetPageElements/search' is cleared

2021-01-14 08:47:02 - [MESSAGE][PASSED] - Keys '' sent to object: 'Object Repository/Asset/Asset/AssetPageElements/search'

2021-01-14 08:47:03 - [MESSAGE][PASSED] - Keys 'A' sent to object: 'Object Repository/Asset/Asset/AssetPageElements/search'

2021-01-14 08:47:03 - [MESSAGE][PASSED] - Keys 'u' sent to object: 'Object Repository/Asset/Asset/AssetPageElements/search'

2021-01-14 08:47:05 - [MESSAGE][PASSED] - Keys 't' sent to object: 'Object Repository/Asset/Asset/AssetPageElements/search'

2021-01-14 08:47:06 - [MESSAGE][PASSED] - Keys 'h' sent to object: 'Object Repository/Asset/Asset/AssetPageElements/search'

2021-01-14 08:47:07 - [MESSAGE][PASSED] - Keys 'o' sent to object: 'Object Repository/Asset/Asset/AssetPageElements/search'

2021-01-14 08:47:08 - [MESSAGE][PASSED] - Keys 'r' sent to object: 'Object Repository/Asset/Asset/AssetPageElements/search'

2021-01-14 08:47:08 - [MESSAGE][PASSED] - Keys '6' sent to object: 'Object Repository/Asset/Asset/AssetPageElements/search'

2021-01-14 08:47:09 - [MESSAGE][PASSED] - Keys '2' sent to object: 'Object Repository/Asset/Asset/AssetPageElements/search'

2021-01-14 08:47:10 - [MESSAGE][PASSED] - Keys '1' sent to object: 'Object Repository/Asset/Asset/AssetPageElements/search'

2021-01-14 08:47:11 - [MESSAGE][PASSED] - Web element with id: 'Object Repository/Asset/Asset/assetname(assetName)' located by 'By.xpath: //div[text()='Author621']' is not present after '30' second(s)

2021-01-14 08:47:11 - [MESSAGE][PASSED] - pages.Asset.VerifyAssetNotPresent is PASSED]]></system-out>
         <system-err><![CDATA[]]></system-err>
      </testcase>
      <testcase name="Test Cases/Admin/Asset/functionalityOfSearchBoxwithValidDetails" time="13.972" classname="Test Cases/Admin/Asset/functionalityOfSearchBoxwithValidDetails" status="PASSED">
         <system-out><![CDATA[2021-01-14 08:47:11 - [TEST_CASE][PASSED] - Test Cases/Admin/Asset/functionalityOfSearchBoxwithValidDetails: Test Cases/Admin/Asset/functionalityOfSearchBoxwithValidDetails

2021-01-14 08:47:11 - [TEST_STEP][PASSED] - Start listener action : login: null

2021-01-14 08:47:11 - [TEST_STEP][PASSED] - Thread.sleep(3000): null

2021-01-14 08:47:14 - [TEST_STEP][PASSED] - url = getUrl(): Current window's url is: 'https://dev-admin.modist.co/dashboard'

2021-01-14 08:47:14 - [MESSAGE][PASSED] - Current window's url is: 'https://dev-admin.modist.co/dashboard'

2021-01-14 08:47:14 - [TEST_STEP][PASSED] - if (!(url.contains("dashboard"))): null

2021-01-14 08:47:14 - [TEST_STEP][PASSED] - pages.Asset.clickAssetTab(): pages.Asset.clickAssetTab is PASSED

2021-01-14 08:47:14 - [MESSAGE][PASSED] - Object 'Object Repository/Asset/Asset/AssetPageElements/assetTab' is present

2021-01-14 08:47:15 - [MESSAGE][PASSED] - Object 'Object Repository/Asset/Asset/AssetPageElements/assetTab' is visible

2021-01-14 08:47:15 - [MESSAGE][PASSED] - Object 'Object Repository/Asset/Asset/AssetPageElements/assetTab' is clickable

2021-01-14 08:47:15 - [MESSAGE][PASSED] - Object: 'Object Repository/Asset/Asset/AssetPageElements/assetTab' is clicked on

2021-01-14 08:47:15 - [MESSAGE][PASSED] - pages.Asset.clickAssetTab is PASSED

2021-01-14 08:47:15 - [TEST_STEP][PASSED] - assetName = pages.Asset.getRandomAssetName(): pages.Asset.getRandomAssetName is PASSED

2021-01-14 08:47:15 - [MESSAGE][PASSED] - Wait for page load successfully

2021-01-14 08:47:16 - [MESSAGE][PASSED] - Object 'Object Repository/Asset/Asset/AssetCount' is present

2021-01-14 08:47:16 - [MESSAGE][PASSED] - Text of object 'Object Repository/Asset/Asset/randomAsset(index)' is: 'Author632'

2021-01-14 08:47:16 - [MESSAGE][PASSED] - pages.Asset.getRandomAssetName is PASSED

2021-01-14 08:47:16 - [TEST_STEP][PASSED] - pages.Asset.VerifyAssetIsPresent(assetName): pages.Asset.VerifyAssetIsPresent is PASSED

2021-01-14 08:47:17 - [MESSAGE][PASSED] - Object 'Object Repository/Asset/Asset/AssetPageElements/search' is present

2021-01-14 08:47:17 - [MESSAGE][PASSED] - Object 'Object Repository/Asset/Asset/AssetPageElements/search' is visible

2021-01-14 08:47:17 - [MESSAGE][PASSED] - Object 'Object Repository/Asset/Asset/AssetPageElements/search' is clickable

2021-01-14 08:47:18 - [MESSAGE][PASSED] - Text of object 'Object Repository/Asset/Asset/AssetPageElements/search' is cleared

2021-01-14 08:47:18 - [MESSAGE][PASSED] - Keys '' sent to object: 'Object Repository/Asset/Asset/AssetPageElements/search'

2021-01-14 08:47:18 - [MESSAGE][PASSED] - Keys 'A' sent to object: 'Object Repository/Asset/Asset/AssetPageElements/search'

2021-01-14 08:47:19 - [MESSAGE][PASSED] - Keys 'u' sent to object: 'Object Repository/Asset/Asset/AssetPageElements/search'

2021-01-14 08:47:19 - [MESSAGE][PASSED] - Keys 't' sent to object: 'Object Repository/Asset/Asset/AssetPageElements/search'

2021-01-14 08:47:21 - [MESSAGE][PASSED] - Keys 'h' sent to object: 'Object Repository/Asset/Asset/AssetPageElements/search'

2021-01-14 08:47:22 - [MESSAGE][PASSED] - Keys 'o' sent to object: 'Object Repository/Asset/Asset/AssetPageElements/search'

2021-01-14 08:47:22 - [MESSAGE][PASSED] - Keys 'r' sent to object: 'Object Repository/Asset/Asset/AssetPageElements/search'

2021-01-14 08:47:23 - [MESSAGE][PASSED] - Keys '6' sent to object: 'Object Repository/Asset/Asset/AssetPageElements/search'

2021-01-14 08:47:24 - [MESSAGE][PASSED] - Keys '3' sent to object: 'Object Repository/Asset/Asset/AssetPageElements/search'

2021-01-14 08:47:24 - [MESSAGE][PASSED] - Keys '2' sent to object: 'Object Repository/Asset/Asset/AssetPageElements/search'

2021-01-14 08:47:25 - [MESSAGE][PASSED] - Object 'Object Repository/Asset/Asset/assetname(assetName)' is present

2021-01-14 08:47:25 - [MESSAGE][PASSED] - pages.Asset.VerifyAssetIsPresent is PASSED]]></system-out>
         <system-err><![CDATA[]]></system-err>
      </testcase>
      <testcase name="Test Cases/Admin/Asset/openAnyAssetAndVerifyUrl" time="15.323" classname="Test Cases/Admin/Asset/openAnyAssetAndVerifyUrl" status="PASSED">
         <system-out><![CDATA[2021-01-14 08:47:25 - [TEST_CASE][PASSED] - Test Cases/Admin/Asset/openAnyAssetAndVerifyUrl: Test Cases/Admin/Asset/openAnyAssetAndVerifyUrl

2021-01-14 08:47:25 - [TEST_STEP][PASSED] - Start listener action : login: null

2021-01-14 08:47:25 - [TEST_STEP][PASSED] - Thread.sleep(3000): null

2021-01-14 08:47:28 - [TEST_STEP][PASSED] - url = getUrl(): Current window's url is: 'https://dev-admin.modist.co/dashboard'

2021-01-14 08:47:28 - [MESSAGE][PASSED] - Current window's url is: 'https://dev-admin.modist.co/dashboard'

2021-01-14 08:47:28 - [TEST_STEP][PASSED] - if (!(url.contains("dashboard"))): null

2021-01-14 08:47:28 - [TEST_STEP][PASSED] - pages.Asset.clickAssetTab(): pages.Asset.clickAssetTab is PASSED

2021-01-14 08:47:29 - [MESSAGE][PASSED] - Object 'Object Repository/Asset/Asset/AssetPageElements/assetTab' is present

2021-01-14 08:47:29 - [MESSAGE][PASSED] - Object 'Object Repository/Asset/Asset/AssetPageElements/assetTab' is visible

2021-01-14 08:47:29 - [MESSAGE][PASSED] - Object 'Object Repository/Asset/Asset/AssetPageElements/assetTab' is clickable

2021-01-14 08:47:29 - [MESSAGE][PASSED] - Object: 'Object Repository/Asset/Asset/AssetPageElements/assetTab' is clicked on

2021-01-14 08:47:29 - [MESSAGE][PASSED] - pages.Asset.clickAssetTab is PASSED

2021-01-14 08:47:29 - [TEST_STEP][PASSED] - assetName = pages.Asset.getRandomAssetName(): pages.Asset.getRandomAssetName is PASSED

2021-01-14 08:47:29 - [MESSAGE][PASSED] - Wait for page load successfully

2021-01-14 08:47:30 - [MESSAGE][PASSED] - Object 'Object Repository/Asset/Asset/AssetCount' is present

2021-01-14 08:47:30 - [MESSAGE][PASSED] - Text of object 'Object Repository/Asset/Asset/randomAsset(index)' is: 'Author632'

2021-01-14 08:47:30 - [MESSAGE][PASSED] - pages.Asset.getRandomAssetName is PASSED

2021-01-14 08:47:30 - [TEST_STEP][PASSED] - pages.Asset.verifyUrlOfassetEditPage(assetName): pages.Asset.verifyUrlOfassetEditPage is PASSED

2021-01-14 08:47:31 - [MESSAGE][PASSED] - Object 'Object Repository/Asset/Asset/AssetPageElements/search' is present

2021-01-14 08:47:31 - [MESSAGE][PASSED] - Object 'Object Repository/Asset/Asset/AssetPageElements/search' is visible

2021-01-14 08:47:31 - [MESSAGE][PASSED] - Object 'Object Repository/Asset/Asset/AssetPageElements/search' is clickable

2021-01-14 08:47:32 - [MESSAGE][PASSED] - Text of object 'Object Repository/Asset/Asset/AssetPageElements/search' is cleared

2021-01-14 08:47:32 - [MESSAGE][PASSED] - Keys '' sent to object: 'Object Repository/Asset/Asset/AssetPageElements/search'

2021-01-14 08:47:32 - [MESSAGE][PASSED] - Keys 'A' sent to object: 'Object Repository/Asset/Asset/AssetPageElements/search'

2021-01-14 08:47:33 - [MESSAGE][PASSED] - Keys 'u' sent to object: 'Object Repository/Asset/Asset/AssetPageElements/search'

2021-01-14 08:47:33 - [MESSAGE][PASSED] - Keys 't' sent to object: 'Object Repository/Asset/Asset/AssetPageElements/search'

2021-01-14 08:47:34 - [MESSAGE][PASSED] - Keys 'h' sent to object: 'Object Repository/Asset/Asset/AssetPageElements/search'

2021-01-14 08:47:36 - [MESSAGE][PASSED] - Keys 'o' sent to object: 'Object Repository/Asset/Asset/AssetPageElements/search'

2021-01-14 08:47:36 - [MESSAGE][PASSED] - Keys 'r' sent to object: 'Object Repository/Asset/Asset/AssetPageElements/search'

2021-01-14 08:47:37 - [MESSAGE][PASSED] - Keys '6' sent to object: 'Object Repository/Asset/Asset/AssetPageElements/search'

2021-01-14 08:47:37 - [MESSAGE][PASSED] - Keys '3' sent to object: 'Object Repository/Asset/Asset/AssetPageElements/search'

2021-01-14 08:47:39 - [MESSAGE][PASSED] - Keys '2' sent to object: 'Object Repository/Asset/Asset/AssetPageElements/search'

2021-01-14 08:47:39 - [MESSAGE][PASSED] - Object 'Object Repository/Asset/Asset/assetname(assetName)' is present

2021-01-14 08:47:39 - [MESSAGE][PASSED] - Object 'Object Repository/Asset/Asset/assetname(assetName)' is visible

2021-01-14 08:47:40 - [MESSAGE][PASSED] - Object 'Object Repository/Asset/Asset/assetname(assetName)' is clickable

2021-01-14 08:47:40 - [MESSAGE][PASSED] - Object: 'Object Repository/Asset/Asset/assetname(assetName)' is clicked on

2021-01-14 08:47:40 - [MESSAGE][PASSED] - Current window's url is: 'https://dev-admin.modist.co/asset/34020'

2021-01-14 08:47:40 - [MESSAGE][PASSED] - pages.Asset.verifyUrlOfassetEditPage is PASSED]]></system-out>
         <system-err><![CDATA[]]></system-err>
      </testcase>
      <testcase name="Test Cases/Admin/Asset/VerifyAssetPage" time="13.61" classname="Test Cases/Admin/Asset/VerifyAssetPage" status="PASSED">
         <system-out><![CDATA[2021-01-14 08:47:40 - [TEST_CASE][PASSED] - Test Cases/Admin/Asset/VerifyAssetPage: Test Cases/Admin/Asset/VerifyAssetPage

2021-01-14 08:47:40 - [TEST_STEP][PASSED] - Start listener action : login: com.kms.katalon.core.webui.exception.WebElementNotFoundException: Web element with id: 'Object Repository/Login Credentials/Email' located by '//input[@name='email']' not found (Root cause: com.kms.katalon.core.exception.StepFailedException: com.kms.katalon.core.webui.exception.WebElementNotFoundException: Web element with id: 'Object Repository/Login Credentials/Email' located by '//input[@name='email']' not found
	at com.kms.katalon.core.webui.keyword.internal.WebUIKeywordMain.stepFailed(WebUIKeywordMain.groovy:64)
	at com.kms.katalon.core.webui.keyword.builtin.VerifyElementPresentKeyword$_verifyElementPresent_closure1.doCall(VerifyElementPresentKeyword.groovy:85)
	at com.kms.katalon.core.webui.keyword.builtin.VerifyElementPresentKeyword$_verifyElementPresent_closure1.call(VerifyElementPresentKeyword.groovy)
	at com.kms.katalon.core.webui.keyword.internal.WebUIKeywordMain.runKeyword(WebUIKeywordMain.groovy:20)
	at com.kms.katalon.core.webui.keyword.builtin.VerifyElementPresentKeyword.verifyElementPresent(VerifyElementPresentKeyword.groovy:92)
	at com.kms.katalon.core.webui.keyword.builtin.VerifyElementPresentKeyword.execute(VerifyElementPresentKeyword.groovy:68)
	at com.kms.katalon.core.keyword.internal.KeywordExecutor.executeKeywordForPlatform(KeywordExecutor.groovy:73)
	at com.kms.katalon.core.webui.keyword.WebUiBuiltInKeywords.verifyElementPresent(WebUiBuiltInKeywords.groovy:1445)
	at com.kms.katalon.core.webui.keyword.WebUiBuiltInKeywords$verifyElementPresent$2.call(Unknown Source)
	at login.LoginForAdminDevEnvironment.login(LoginForAdminDevEnvironment.groovy:17)
	at login.LoginForAdminDevEnvironment$login.call(Unknown Source)
	at Login.login(Login.groovy:37)
	at Login.invokeMethod(Login.groovy)
	at com.kms.katalon.core.context.internal.TestHooker.invokeMethod(TestHooker.java:111)
	at com.kms.katalon.core.context.internal.TestHooker.lambda$3(TestHooker.java:95)
	at com.kms.katalon.core.context.internal.TestHooker.invokeContextMethods(TestHooker.java:94)
	at com.kms.katalon.core.context.internal.TestListenerCollector.lambda$3(TestListenerCollector.java:88)
	at com.kms.katalon.core.context.internal.TestListenerCollector.handleListenerEvent(TestListenerCollector.java:85)
	at com.kms.katalon.core.context.internal.ExecutionEventManager.publicEvent(ExecutionEventManager.java:36)
	at com.kms.katalon.core.main.TestCaseExecutor.execute(TestCaseExecutor.java:221)
	at com.kms.katalon.core.main.TestSuiteExecutor.accessTestCaseMainPhase(TestSuiteExecutor.java:191)
	at com.kms.katalon.core.main.TestSuiteExecutor.accessTestSuiteMainPhase(TestSuiteExecutor.java:141)
	at com.kms.katalon.core.main.TestSuiteExecutor.execute(TestSuiteExecutor.java:90)
	at com.kms.katalon.core.main.TestCaseMain.startTestSuite(TestCaseMain.java:157)
	at com.kms.katalon.core.main.TestCaseMain$startTestSuite$0.call(Unknown Source)
	at TempTestSuite1610631842892.run(TempTestSuite1610631842892.groovy:39)
)

2021-01-14 08:47:40 - [TEST_STEP][PASSED] - Thread.sleep(3000): null

2021-01-14 08:47:43 - [TEST_STEP][PASSED] - url = getUrl(): Current window's url is: 'https://dev-admin.modist.co/asset/34020'

2021-01-14 08:47:43 - [MESSAGE][PASSED] - Current window's url is: 'https://dev-admin.modist.co/asset/34020'

2021-01-14 08:47:43 - [TEST_STEP][PASSED] - if (!(url.contains("dashboard"))): com.kms.katalon.core.webui.exception.WebElementNotFoundException: Web element with id: 'Object Repository/Login Credentials/Email' located by '//input[@name='email']' not found (Root cause: com.kms.katalon.core.exception.StepFailedException: com.kms.katalon.core.webui.exception.WebElementNotFoundException: Web element with id: 'Object Repository/Login Credentials/Email' located by '//input[@name='email']' not found
	at com.kms.katalon.core.webui.keyword.internal.WebUIKeywordMain.stepFailed(WebUIKeywordMain.groovy:64)
	at com.kms.katalon.core.webui.keyword.builtin.VerifyElementPresentKeyword$_verifyElementPresent_closure1.doCall(VerifyElementPresentKeyword.groovy:85)
	at com.kms.katalon.core.webui.keyword.builtin.VerifyElementPresentKeyword$_verifyElementPresent_closure1.call(VerifyElementPresentKeyword.groovy)
	at com.kms.katalon.core.webui.keyword.internal.WebUIKeywordMain.runKeyword(WebUIKeywordMain.groovy:20)
	at com.kms.katalon.core.webui.keyword.builtin.VerifyElementPresentKeyword.verifyElementPresent(VerifyElementPresentKeyword.groovy:92)
	at com.kms.katalon.core.webui.keyword.builtin.VerifyElementPresentKeyword.execute(VerifyElementPresentKeyword.groovy:68)
	at com.kms.katalon.core.keyword.internal.KeywordExecutor.executeKeywordForPlatform(KeywordExecutor.groovy:73)
	at com.kms.katalon.core.webui.keyword.WebUiBuiltInKeywords.verifyElementPresent(WebUiBuiltInKeywords.groovy:1445)
	at com.kms.katalon.core.webui.keyword.WebUiBuiltInKeywords$verifyElementPresent$2.call(Unknown Source)
	at login.LoginForAdminDevEnvironment.login(LoginForAdminDevEnvironment.groovy:17)
	at login.LoginForAdminDevEnvironment$login.call(Unknown Source)
	at Login.login(Login.groovy:37)
	at Login.invokeMethod(Login.groovy)
	at com.kms.katalon.core.context.internal.TestHooker.invokeMethod(TestHooker.java:111)
	at com.kms.katalon.core.context.internal.TestHooker.lambda$3(TestHooker.java:95)
	at com.kms.katalon.core.context.internal.TestHooker.invokeContextMethods(TestHooker.java:94)
	at com.kms.katalon.core.context.internal.TestListenerCollector.lambda$3(TestListenerCollector.java:88)
	at com.kms.katalon.core.context.internal.TestListenerCollector.handleListenerEvent(TestListenerCollector.java:85)
	at com.kms.katalon.core.context.internal.ExecutionEventManager.publicEvent(ExecutionEventManager.java:36)
	at com.kms.katalon.core.main.TestCaseExecutor.execute(TestCaseExecutor.java:221)
	at com.kms.katalon.core.main.TestSuiteExecutor.accessTestCaseMainPhase(TestSuiteExecutor.java:191)
	at com.kms.katalon.core.main.TestSuiteExecutor.accessTestSuiteMainPhase(TestSuiteExecutor.java:141)
	at com.kms.katalon.core.main.TestSuiteExecutor.execute(TestSuiteExecutor.java:90)
	at com.kms.katalon.core.main.TestCaseMain.startTestSuite(TestCaseMain.java:157)
	at com.kms.katalon.core.main.TestCaseMain$startTestSuite$0.call(Unknown Source)
	at TempTestSuite1610631842892.run(TempTestSuite1610631842892.groovy:39)
)

2021-01-14 08:47:43 - [TEST_STEP][PASSED] - navigateToUrl(Url): Navigate to 'https://dev-admin.modist.co/' successfully

2021-01-14 08:47:44 - [MESSAGE][PASSED] - Navigate to 'https://dev-admin.modist.co/' successfully

2021-01-14 08:47:44 - [TEST_STEP][PASSED] - loginPage.login(Email, Password): com.kms.katalon.core.webui.exception.WebElementNotFoundException: Web element with id: 'Object Repository/Login Credentials/Email' located by '//input[@name='email']' not found (Root cause: com.kms.katalon.core.exception.StepFailedException: com.kms.katalon.core.webui.exception.WebElementNotFoundException: Web element with id: 'Object Repository/Login Credentials/Email' located by '//input[@name='email']' not found
	at com.kms.katalon.core.webui.keyword.internal.WebUIKeywordMain.stepFailed(WebUIKeywordMain.groovy:64)
	at com.kms.katalon.core.webui.keyword.builtin.VerifyElementPresentKeyword$_verifyElementPresent_closure1.doCall(VerifyElementPresentKeyword.groovy:85)
	at com.kms.katalon.core.webui.keyword.builtin.VerifyElementPresentKeyword$_verifyElementPresent_closure1.call(VerifyElementPresentKeyword.groovy)
	at com.kms.katalon.core.webui.keyword.internal.WebUIKeywordMain.runKeyword(WebUIKeywordMain.groovy:20)
	at com.kms.katalon.core.webui.keyword.builtin.VerifyElementPresentKeyword.verifyElementPresent(VerifyElementPresentKeyword.groovy:92)
	at com.kms.katalon.core.webui.keyword.builtin.VerifyElementPresentKeyword.execute(VerifyElementPresentKeyword.groovy:68)
	at com.kms.katalon.core.keyword.internal.KeywordExecutor.executeKeywordForPlatform(KeywordExecutor.groovy:73)
	at com.kms.katalon.core.webui.keyword.WebUiBuiltInKeywords.verifyElementPresent(WebUiBuiltInKeywords.groovy:1445)
	at com.kms.katalon.core.webui.keyword.WebUiBuiltInKeywords$verifyElementPresent$2.call(Unknown Source)
	at login.LoginForAdminDevEnvironment.login(LoginForAdminDevEnvironment.groovy:17)
	at login.LoginForAdminDevEnvironment$login.call(Unknown Source)
	at Login.login(Login.groovy:37)
	at Login.invokeMethod(Login.groovy)
	at com.kms.katalon.core.context.internal.TestHooker.invokeMethod(TestHooker.java:111)
	at com.kms.katalon.core.context.internal.TestHooker.lambda$3(TestHooker.java:95)
	at com.kms.katalon.core.context.internal.TestHooker.invokeContextMethods(TestHooker.java:94)
	at com.kms.katalon.core.context.internal.TestListenerCollector.lambda$3(TestListenerCollector.java:88)
	at com.kms.katalon.core.context.internal.TestListenerCollector.handleListenerEvent(TestListenerCollector.java:85)
	at com.kms.katalon.core.context.internal.ExecutionEventManager.publicEvent(ExecutionEventManager.java:36)
	at com.kms.katalon.core.main.TestCaseExecutor.execute(TestCaseExecutor.java:221)
	at com.kms.katalon.core.main.TestSuiteExecutor.accessTestCaseMainPhase(TestSuiteExecutor.java:191)
	at com.kms.katalon.core.main.TestSuiteExecutor.accessTestSuiteMainPhase(TestSuiteExecutor.java:141)
	at com.kms.katalon.core.main.TestSuiteExecutor.execute(TestSuiteExecutor.java:90)
	at com.kms.katalon.core.main.TestCaseMain.startTestSuite(TestCaseMain.java:157)
	at com.kms.katalon.core.main.TestCaseMain$startTestSuite$0.call(Unknown Source)
	at TempTestSuite1610631842892.run(TempTestSuite1610631842892.groovy:39)
)

2021-01-14 08:47:49 - [MESSAGE][INFO] - Unable to find the element located by 'By.xpath: //input[@name='email']'. Please recheck the objects properties to make sure the desired element is located. 

2021-01-14 08:47:49 - [MESSAGE][WARNING] - com.kms.katalon.core.webui.exception.WebElementNotFoundException: Web element with id: 'Object Repository/Login Credentials/Email' located by '//input[@name='email']' not found (Root cause: com.kms.katalon.core.exception.StepFailedException: com.kms.katalon.core.webui.exception.WebElementNotFoundException: Web element with id: 'Object Repository/Login Credentials/Email' located by '//input[@name='email']' not found
	at com.kms.katalon.core.webui.keyword.internal.WebUIKeywordMain.stepFailed(WebUIKeywordMain.groovy:64)
	at com.kms.katalon.core.webui.keyword.builtin.VerifyElementPresentKeyword$_verifyElementPresent_closure1.doCall(VerifyElementPresentKeyword.groovy:85)
	at com.kms.katalon.core.webui.keyword.builtin.VerifyElementPresentKeyword$_verifyElementPresent_closure1.call(VerifyElementPresentKeyword.groovy)
	at com.kms.katalon.core.webui.keyword.internal.WebUIKeywordMain.runKeyword(WebUIKeywordMain.groovy:20)
	at com.kms.katalon.core.webui.keyword.builtin.VerifyElementPresentKeyword.verifyElementPresent(VerifyElementPresentKeyword.groovy:92)
	at com.kms.katalon.core.webui.keyword.builtin.VerifyElementPresentKeyword.execute(VerifyElementPresentKeyword.groovy:68)
	at com.kms.katalon.core.keyword.internal.KeywordExecutor.executeKeywordForPlatform(KeywordExecutor.groovy:73)
	at com.kms.katalon.core.webui.keyword.WebUiBuiltInKeywords.verifyElementPresent(WebUiBuiltInKeywords.groovy:1445)
	at com.kms.katalon.core.webui.keyword.WebUiBuiltInKeywords$verifyElementPresent$2.call(Unknown Source)
	at login.LoginForAdminDevEnvironment.login(LoginForAdminDevEnvironment.groovy:17)
	at login.LoginForAdminDevEnvironment$login.call(Unknown Source)
	at Login.login(Login.groovy:37)
	at Login.invokeMethod(Login.groovy)
	at com.kms.katalon.core.context.internal.TestHooker.invokeMethod(TestHooker.java:111)
	at com.kms.katalon.core.context.internal.TestHooker.lambda$3(TestHooker.java:95)
	at com.kms.katalon.core.context.internal.TestHooker.invokeContextMethods(TestHooker.java:94)
	at com.kms.katalon.core.context.internal.TestListenerCollector.lambda$3(TestListenerCollector.java:88)
	at com.kms.katalon.core.context.internal.TestListenerCollector.handleListenerEvent(TestListenerCollector.java:85)
	at com.kms.katalon.core.context.internal.ExecutionEventManager.publicEvent(ExecutionEventManager.java:36)
	at com.kms.katalon.core.main.TestCaseExecutor.execute(TestCaseExecutor.java:221)
	at com.kms.katalon.core.main.TestSuiteExecutor.accessTestCaseMainPhase(TestSuiteExecutor.java:191)
	at com.kms.katalon.core.main.TestSuiteExecutor.accessTestSuiteMainPhase(TestSuiteExecutor.java:141)
	at com.kms.katalon.core.main.TestSuiteExecutor.execute(TestSuiteExecutor.java:90)
	at com.kms.katalon.core.main.TestCaseMain.startTestSuite(TestCaseMain.java:157)
	at com.kms.katalon.core.main.TestCaseMain$startTestSuite$0.call(Unknown Source)
	at TempTestSuite1610631842892.run(TempTestSuite1610631842892.groovy:39)
)
[[ATTACHMENT|E:\\Modist\\ModistProject\\Reports\\20210114_084402\\AllTestCases\\20210114_084402\\1610632069384.png]]

2021-01-14 08:47:50 - [TEST_STEP][PASSED] - pages.Asset.clickAssetTab(): pages.Asset.clickAssetTab is PASSED

2021-01-14 08:47:50 - [MESSAGE][PASSED] - Object 'Object Repository/Asset/Asset/AssetPageElements/assetTab' is present

2021-01-14 08:47:50 - [MESSAGE][PASSED] - Object 'Object Repository/Asset/Asset/AssetPageElements/assetTab' is visible

2021-01-14 08:47:51 - [MESSAGE][PASSED] - Object 'Object Repository/Asset/Asset/AssetPageElements/assetTab' is clickable

2021-01-14 08:47:51 - [MESSAGE][PASSED] - Object: 'Object Repository/Asset/Asset/AssetPageElements/assetTab' is clicked on

2021-01-14 08:47:51 - [MESSAGE][PASSED] - pages.Asset.clickAssetTab is PASSED

2021-01-14 08:47:51 - [TEST_STEP][PASSED] - pages.Asset.verifyAssetPage(): pages.Asset.verifyAssetPage is PASSED

2021-01-14 08:47:51 - [MESSAGE][PASSED] - Object 'Object Repository/Asset/Asset/AssetPageElements/AddAssetButton' is present

2021-01-14 08:47:52 - [MESSAGE][PASSED] - Object 'Object Repository/Asset/Asset/AssetPageElements/filterByName' is present

2021-01-14 08:47:52 - [MESSAGE][PASSED] - Object 'Object Repository/Asset/Asset/AssetPageElements/sourceTab' is present

2021-01-14 08:47:53 - [MESSAGE][PASSED] - Object 'Object Repository/Asset/Asset/AssetPageElements/created' is present

2021-01-14 08:47:53 - [MESSAGE][PASSED] - Object 'Object Repository/Asset/Asset/AssetPageElements/updated' is present

2021-01-14 08:47:53 - [MESSAGE][PASSED] - Object 'Object Repository/Asset/Asset/AssetPageElements/Autor' is present

2021-01-14 08:47:54 - [MESSAGE][PASSED] - Object 'Object Repository/Asset/Asset/AssetPageElements/content' is present

2021-01-14 08:47:54 - [MESSAGE][PASSED] - pages.Asset.verifyAssetPage is PASSED]]></system-out>
         <system-err><![CDATA[]]></system-err>
      </testcase>
      <testcase name="Test Cases/Admin/Asset/verifyElementsInAddAssetPopUp" time="12.351" classname="Test Cases/Admin/Asset/verifyElementsInAddAssetPopUp" status="PASSED">
         <system-out><![CDATA[2021-01-14 08:47:54 - [TEST_CASE][PASSED] - Test Cases/Admin/Asset/verifyElementsInAddAssetPopUp: Test Cases/Admin/Asset/verifyElementsInAddAssetPopUp

2021-01-14 08:47:54 - [TEST_STEP][PASSED] - Start listener action : login: null

2021-01-14 08:47:54 - [TEST_STEP][PASSED] - Thread.sleep(3000): null

2021-01-14 08:47:57 - [TEST_STEP][PASSED] - url = getUrl(): Current window's url is: 'https://dev-admin.modist.co/dashboard'

2021-01-14 08:47:57 - [MESSAGE][PASSED] - Current window's url is: 'https://dev-admin.modist.co/dashboard'

2021-01-14 08:47:57 - [TEST_STEP][PASSED] - if (!(url.contains("dashboard"))): null

2021-01-14 08:47:57 - [TEST_STEP][PASSED] - pages.Asset.clickAssetTab(): pages.Asset.clickAssetTab is PASSED

2021-01-14 08:47:57 - [MESSAGE][PASSED] - Object 'Object Repository/Asset/Asset/AssetPageElements/assetTab' is present

2021-01-14 08:47:58 - [MESSAGE][PASSED] - Object 'Object Repository/Asset/Asset/AssetPageElements/assetTab' is visible

2021-01-14 08:47:58 - [MESSAGE][PASSED] - Object 'Object Repository/Asset/Asset/AssetPageElements/assetTab' is clickable

2021-01-14 08:47:59 - [MESSAGE][PASSED] - Object: 'Object Repository/Asset/Asset/AssetPageElements/assetTab' is clicked on

2021-01-14 08:47:59 - [MESSAGE][PASSED] - pages.Asset.clickAssetTab is PASSED

2021-01-14 08:47:59 - [TEST_STEP][PASSED] - pages.Asset.verifyAddAssetPopUp(): pages.Asset.verifyAddAssetPopUp is PASSED

2021-01-14 08:47:59 - [MESSAGE][PASSED] - Object 'Object Repository/Asset/Asset/AssetPageElements/assetTab' is present

2021-01-14 08:47:59 - [MESSAGE][PASSED] - Object 'Object Repository/Asset/Asset/AssetPageElements/assetTab' is visible

2021-01-14 08:48:00 - [MESSAGE][PASSED] - Object 'Object Repository/Asset/Asset/AssetPageElements/assetTab' is clickable

2021-01-14 08:48:00 - [MESSAGE][PASSED] - Object: 'Object Repository/Asset/Asset/AssetPageElements/assetTab' is clicked on

2021-01-14 08:48:01 - [MESSAGE][PASSED] - Object 'Object Repository/Asset/Asset/AssetPageElements/AddAssetButton' is present

2021-01-14 08:48:01 - [MESSAGE][PASSED] - Object 'Object Repository/Asset/Asset/AssetPageElements/AddAssetButton' is visible

2021-01-14 08:48:01 - [MESSAGE][PASSED] - Object 'Object Repository/Asset/Asset/AssetPageElements/AddAssetButton' is clickable

2021-01-14 08:48:02 - [MESSAGE][PASSED] - Object: 'Object Repository/Asset/Asset/AssetPageElements/AddAssetButton' is clicked on

2021-01-14 08:48:03 - [MESSAGE][PASSED] - Object 'Object Repository/Asset/Asset/AddAssetPopEle/Author' is present

2021-01-14 08:48:03 - [MESSAGE][PASSED] - Object 'Object Repository/Asset/Asset/AddAssetPopEle/Quote' is present

2021-01-14 08:48:03 - [MESSAGE][PASSED] - Object 'Object Repository/Asset/Asset/AddAssetPopEle/AssetUrl' is present

2021-01-14 08:48:04 - [MESSAGE][PASSED] - Object 'Object Repository/Asset/Asset/AddAssetPopEle/UploadPhoto' is present

2021-01-14 08:48:04 - [MESSAGE][PASSED] - Object 'Object Repository/Asset/Asset/AddAssetPopEle/Tenant' is present

2021-01-14 08:48:04 - [MESSAGE][PASSED] - Object 'Object Repository/Asset/Asset/AddAssetPopEle/Cancel' is present

2021-01-14 08:48:05 - [MESSAGE][PASSED] - Object 'Object Repository/Asset/Asset/AddAssetPopEle/AddAsset' is present

2021-01-14 08:48:05 - [MESSAGE][PASSED] - Object 'Object Repository/Asset/Asset/AddAssetPopEle/Cancel' is present

2021-01-14 08:48:05 - [MESSAGE][PASSED] - Object 'Object Repository/Asset/Asset/AddAssetPopEle/Cancel' is visible

2021-01-14 08:48:06 - [MESSAGE][PASSED] - Object 'Object Repository/Asset/Asset/AddAssetPopEle/Cancel' is clickable

2021-01-14 08:48:06 - [MESSAGE][PASSED] - Object: 'Object Repository/Asset/Asset/AddAssetPopEle/Cancel' is clicked on

2021-01-14 08:48:06 - [MESSAGE][PASSED] - pages.Asset.verifyAddAssetPopUp is PASSED]]></system-out>
         <system-err><![CDATA[]]></system-err>
      </testcase>
      <testcase name="Test Cases/Admin/Asset/VerifyElementsInAssetEditPage" time="10.822" classname="Test Cases/Admin/Asset/VerifyElementsInAssetEditPage" status="PASSED">
         <system-out><![CDATA[2021-01-14 08:48:06 - [TEST_CASE][PASSED] - Test Cases/Admin/Asset/VerifyElementsInAssetEditPage: Test Cases/Admin/Asset/VerifyElementsInAssetEditPage

2021-01-14 08:48:06 - [TEST_STEP][PASSED] - Start listener action : login: null

2021-01-14 08:48:06 - [TEST_STEP][PASSED] - Thread.sleep(3000): null

2021-01-14 08:48:09 - [TEST_STEP][PASSED] - url = getUrl(): Current window's url is: 'https://dev-admin.modist.co/dashboard'

2021-01-14 08:48:09 - [MESSAGE][PASSED] - Current window's url is: 'https://dev-admin.modist.co/dashboard'

2021-01-14 08:48:09 - [TEST_STEP][PASSED] - if (!(url.contains("dashboard"))): null

2021-01-14 08:48:09 - [TEST_STEP][PASSED] - pages.Asset.clickAssetTab(): pages.Asset.clickAssetTab is PASSED

2021-01-14 08:48:10 - [MESSAGE][PASSED] - Object 'Object Repository/Asset/Asset/AssetPageElements/assetTab' is present

2021-01-14 08:48:10 - [MESSAGE][PASSED] - Object 'Object Repository/Asset/Asset/AssetPageElements/assetTab' is visible

2021-01-14 08:48:10 - [MESSAGE][PASSED] - Object 'Object Repository/Asset/Asset/AssetPageElements/assetTab' is clickable

2021-01-14 08:48:11 - [MESSAGE][PASSED] - Object: 'Object Repository/Asset/Asset/AssetPageElements/assetTab' is clicked on

2021-01-14 08:48:11 - [MESSAGE][PASSED] - pages.Asset.clickAssetTab is PASSED

2021-01-14 08:48:11 - [TEST_STEP][PASSED] - pages.Asset.verifyAssetEditPage(): pages.Asset.verifyAssetEditPage is PASSED

2021-01-14 08:48:11 - [MESSAGE][PASSED] - Wait for page load successfully

2021-01-14 08:48:11 - [MESSAGE][PASSED] - Object 'Object Repository/Asset/Asset/AssetCount' is present

2021-01-14 08:48:12 - [MESSAGE][PASSED] - Text of object 'Object Repository/Asset/Asset/randomAsset(index)' is: 'new'

2021-01-14 08:48:12 - [MESSAGE][PASSED] - Object 'Object Repository/Asset/Asset/anyAsset(assetName)' is present

2021-01-14 08:48:12 - [MESSAGE][PASSED] - Object 'Object Repository/Asset/Asset/anyAsset(assetName)' is visible

2021-01-14 08:48:13 - [MESSAGE][PASSED] - Object 'Object Repository/Asset/Asset/anyAsset(assetName)' is clickable

2021-01-14 08:48:13 - [MESSAGE][PASSED] - Object: 'Object Repository/Asset/Asset/anyAsset(assetName)' is clicked on

2021-01-14 08:48:14 - [MESSAGE][PASSED] - Object 'Object Repository/Asset/Asset/assetEditPageElements/AssetEdit' is present

2021-01-14 08:48:14 - [MESSAGE][PASSED] - Object 'Object Repository/Asset/Asset/assetEditPageElements/Content' is present

2021-01-14 08:48:15 - [MESSAGE][PASSED] - Object 'Object Repository/Asset/Asset/assetEditPageElements/Photo' is present

2021-01-14 08:48:15 - [MESSAGE][PASSED] - Object 'Object Repository/Asset/Asset/assetEditPageElements/Tags' is present

2021-01-14 08:48:15 - [MESSAGE][PASSED] - Object 'Object Repository/Asset/Asset/assetEditPageElements/Source' is present

2021-01-14 08:48:16 - [MESSAGE][PASSED] - Object 'Object Repository/Asset/Asset/assetEditPageElements/Tenant' is present

2021-01-14 08:48:16 - [MESSAGE][PASSED] - Object 'Object Repository/Asset/Asset/assetEditPageElements/Public' is present

2021-01-14 08:48:16 - [MESSAGE][PASSED] - Object 'Object Repository/Asset/Asset/assetEditPageElements/Author' is present

2021-01-14 08:48:17 - [MESSAGE][PASSED] - Object 'Object Repository/Asset/Asset/assetEditPageElements/Created' is present

2021-01-14 08:48:17 - [MESSAGE][PASSED] - Object 'Object Repository/Asset/Asset/assetEditPageElements/Updated' is present

2021-01-14 08:48:17 - [MESSAGE][PASSED] - pages.Asset.verifyAssetEditPage is PASSED]]></system-out>
         <system-err><![CDATA[]]></system-err>
      </testcase>
      <testcase name="Test Cases/Admin/AssetSource/Add An AssetSource" time="27.907" classname="Test Cases/Admin/AssetSource/Add An AssetSource" status="PASSED">
         <system-out><![CDATA[2021-01-14 08:48:17 - [TEST_CASE][PASSED] - Test Cases/Admin/AssetSource/Add An AssetSource: Test Cases/Admin/AssetSource/Add An AssetSource

2021-01-14 08:48:17 - [TEST_STEP][PASSED] - Start listener action : login: com.kms.katalon.core.webui.exception.WebElementNotFoundException: Web element with id: 'Object Repository/Login Credentials/Email' located by '//input[@name='email']' not found (Root cause: com.kms.katalon.core.exception.StepFailedException: com.kms.katalon.core.webui.exception.WebElementNotFoundException: Web element with id: 'Object Repository/Login Credentials/Email' located by '//input[@name='email']' not found
	at com.kms.katalon.core.webui.keyword.internal.WebUIKeywordMain.stepFailed(WebUIKeywordMain.groovy:64)
	at com.kms.katalon.core.webui.keyword.builtin.VerifyElementPresentKeyword$_verifyElementPresent_closure1.doCall(VerifyElementPresentKeyword.groovy:85)
	at com.kms.katalon.core.webui.keyword.builtin.VerifyElementPresentKeyword$_verifyElementPresent_closure1.call(VerifyElementPresentKeyword.groovy)
	at com.kms.katalon.core.webui.keyword.internal.WebUIKeywordMain.runKeyword(WebUIKeywordMain.groovy:20)
	at com.kms.katalon.core.webui.keyword.builtin.VerifyElementPresentKeyword.verifyElementPresent(VerifyElementPresentKeyword.groovy:92)
	at com.kms.katalon.core.webui.keyword.builtin.VerifyElementPresentKeyword.execute(VerifyElementPresentKeyword.groovy:68)
	at com.kms.katalon.core.keyword.internal.KeywordExecutor.executeKeywordForPlatform(KeywordExecutor.groovy:73)
	at com.kms.katalon.core.webui.keyword.WebUiBuiltInKeywords.verifyElementPresent(WebUiBuiltInKeywords.groovy:1445)
	at com.kms.katalon.core.webui.keyword.WebUiBuiltInKeywords$verifyElementPresent$2.call(Unknown Source)
	at login.LoginForAdminDevEnvironment.login(LoginForAdminDevEnvironment.groovy:17)
	at login.LoginForAdminDevEnvironment$login.call(Unknown Source)
	at Login.login(Login.groovy:37)
	at Login.invokeMethod(Login.groovy)
	at com.kms.katalon.core.context.internal.TestHooker.invokeMethod(TestHooker.java:111)
	at com.kms.katalon.core.context.internal.TestHooker.lambda$3(TestHooker.java:95)
	at com.kms.katalon.core.context.internal.TestHooker.invokeContextMethods(TestHooker.java:94)
	at com.kms.katalon.core.context.internal.TestListenerCollector.lambda$3(TestListenerCollector.java:88)
	at com.kms.katalon.core.context.internal.TestListenerCollector.handleListenerEvent(TestListenerCollector.java:85)
	at com.kms.katalon.core.context.internal.ExecutionEventManager.publicEvent(ExecutionEventManager.java:36)
	at com.kms.katalon.core.main.TestCaseExecutor.execute(TestCaseExecutor.java:221)
	at com.kms.katalon.core.main.TestSuiteExecutor.accessTestCaseMainPhase(TestSuiteExecutor.java:191)
	at com.kms.katalon.core.main.TestSuiteExecutor.accessTestSuiteMainPhase(TestSuiteExecutor.java:141)
	at com.kms.katalon.core.main.TestSuiteExecutor.execute(TestSuiteExecutor.java:90)
	at com.kms.katalon.core.main.TestCaseMain.startTestSuite(TestCaseMain.java:157)
	at com.kms.katalon.core.main.TestCaseMain$startTestSuite$0.call(Unknown Source)
	at TempTestSuite1610631842892.run(TempTestSuite1610631842892.groovy:39)
)

2021-01-14 08:48:17 - [TEST_STEP][PASSED] - Thread.sleep(3000): null

2021-01-14 08:48:20 - [TEST_STEP][PASSED] - url = getUrl(): Current window's url is: 'https://dev-admin.modist.co/asset/34068'

2021-01-14 08:48:20 - [MESSAGE][PASSED] - Current window's url is: 'https://dev-admin.modist.co/asset/34068'

2021-01-14 08:48:20 - [TEST_STEP][PASSED] - if (!(url.contains("dashboard"))): com.kms.katalon.core.webui.exception.WebElementNotFoundException: Web element with id: 'Object Repository/Login Credentials/Email' located by '//input[@name='email']' not found (Root cause: com.kms.katalon.core.exception.StepFailedException: com.kms.katalon.core.webui.exception.WebElementNotFoundException: Web element with id: 'Object Repository/Login Credentials/Email' located by '//input[@name='email']' not found
	at com.kms.katalon.core.webui.keyword.internal.WebUIKeywordMain.stepFailed(WebUIKeywordMain.groovy:64)
	at com.kms.katalon.core.webui.keyword.builtin.VerifyElementPresentKeyword$_verifyElementPresent_closure1.doCall(VerifyElementPresentKeyword.groovy:85)
	at com.kms.katalon.core.webui.keyword.builtin.VerifyElementPresentKeyword$_verifyElementPresent_closure1.call(VerifyElementPresentKeyword.groovy)
	at com.kms.katalon.core.webui.keyword.internal.WebUIKeywordMain.runKeyword(WebUIKeywordMain.groovy:20)
	at com.kms.katalon.core.webui.keyword.builtin.VerifyElementPresentKeyword.verifyElementPresent(VerifyElementPresentKeyword.groovy:92)
	at com.kms.katalon.core.webui.keyword.builtin.VerifyElementPresentKeyword.execute(VerifyElementPresentKeyword.groovy:68)
	at com.kms.katalon.core.keyword.internal.KeywordExecutor.executeKeywordForPlatform(KeywordExecutor.groovy:73)
	at com.kms.katalon.core.webui.keyword.WebUiBuiltInKeywords.verifyElementPresent(WebUiBuiltInKeywords.groovy:1445)
	at com.kms.katalon.core.webui.keyword.WebUiBuiltInKeywords$verifyElementPresent$2.call(Unknown Source)
	at login.LoginForAdminDevEnvironment.login(LoginForAdminDevEnvironment.groovy:17)
	at login.LoginForAdminDevEnvironment$login.call(Unknown Source)
	at Login.login(Login.groovy:37)
	at Login.invokeMethod(Login.groovy)
	at com.kms.katalon.core.context.internal.TestHooker.invokeMethod(TestHooker.java:111)
	at com.kms.katalon.core.context.internal.TestHooker.lambda$3(TestHooker.java:95)
	at com.kms.katalon.core.context.internal.TestHooker.invokeContextMethods(TestHooker.java:94)
	at com.kms.katalon.core.context.internal.TestListenerCollector.lambda$3(TestListenerCollector.java:88)
	at com.kms.katalon.core.context.internal.TestListenerCollector.handleListenerEvent(TestListenerCollector.java:85)
	at com.kms.katalon.core.context.internal.ExecutionEventManager.publicEvent(ExecutionEventManager.java:36)
	at com.kms.katalon.core.main.TestCaseExecutor.execute(TestCaseExecutor.java:221)
	at com.kms.katalon.core.main.TestSuiteExecutor.accessTestCaseMainPhase(TestSuiteExecutor.java:191)
	at com.kms.katalon.core.main.TestSuiteExecutor.accessTestSuiteMainPhase(TestSuiteExecutor.java:141)
	at com.kms.katalon.core.main.TestSuiteExecutor.execute(TestSuiteExecutor.java:90)
	at com.kms.katalon.core.main.TestCaseMain.startTestSuite(TestCaseMain.java:157)
	at com.kms.katalon.core.main.TestCaseMain$startTestSuite$0.call(Unknown Source)
	at TempTestSuite1610631842892.run(TempTestSuite1610631842892.groovy:39)
)

2021-01-14 08:48:20 - [TEST_STEP][PASSED] - navigateToUrl(Url): Navigate to 'https://dev-admin.modist.co/' successfully

2021-01-14 08:48:20 - [MESSAGE][PASSED] - Navigate to 'https://dev-admin.modist.co/' successfully

2021-01-14 08:48:20 - [TEST_STEP][PASSED] - loginPage.login(Email, Password): com.kms.katalon.core.webui.exception.WebElementNotFoundException: Web element with id: 'Object Repository/Login Credentials/Email' located by '//input[@name='email']' not found (Root cause: com.kms.katalon.core.exception.StepFailedException: com.kms.katalon.core.webui.exception.WebElementNotFoundException: Web element with id: 'Object Repository/Login Credentials/Email' located by '//input[@name='email']' not found
	at com.kms.katalon.core.webui.keyword.internal.WebUIKeywordMain.stepFailed(WebUIKeywordMain.groovy:64)
	at com.kms.katalon.core.webui.keyword.builtin.VerifyElementPresentKeyword$_verifyElementPresent_closure1.doCall(VerifyElementPresentKeyword.groovy:85)
	at com.kms.katalon.core.webui.keyword.builtin.VerifyElementPresentKeyword$_verifyElementPresent_closure1.call(VerifyElementPresentKeyword.groovy)
	at com.kms.katalon.core.webui.keyword.internal.WebUIKeywordMain.runKeyword(WebUIKeywordMain.groovy:20)
	at com.kms.katalon.core.webui.keyword.builtin.VerifyElementPresentKeyword.verifyElementPresent(VerifyElementPresentKeyword.groovy:92)
	at com.kms.katalon.core.webui.keyword.builtin.VerifyElementPresentKeyword.execute(VerifyElementPresentKeyword.groovy:68)
	at com.kms.katalon.core.keyword.internal.KeywordExecutor.executeKeywordForPlatform(KeywordExecutor.groovy:73)
	at com.kms.katalon.core.webui.keyword.WebUiBuiltInKeywords.verifyElementPresent(WebUiBuiltInKeywords.groovy:1445)
	at com.kms.katalon.core.webui.keyword.WebUiBuiltInKeywords$verifyElementPresent$2.call(Unknown Source)
	at login.LoginForAdminDevEnvironment.login(LoginForAdminDevEnvironment.groovy:17)
	at login.LoginForAdminDevEnvironment$login.call(Unknown Source)
	at Login.login(Login.groovy:37)
	at Login.invokeMethod(Login.groovy)
	at com.kms.katalon.core.context.internal.TestHooker.invokeMethod(TestHooker.java:111)
	at com.kms.katalon.core.context.internal.TestHooker.lambda$3(TestHooker.java:95)
	at com.kms.katalon.core.context.internal.TestHooker.invokeContextMethods(TestHooker.java:94)
	at com.kms.katalon.core.context.internal.TestListenerCollector.lambda$3(TestListenerCollector.java:88)
	at com.kms.katalon.core.context.internal.TestListenerCollector.handleListenerEvent(TestListenerCollector.java:85)
	at com.kms.katalon.core.context.internal.ExecutionEventManager.publicEvent(ExecutionEventManager.java:36)
	at com.kms.katalon.core.main.TestCaseExecutor.execute(TestCaseExecutor.java:221)
	at com.kms.katalon.core.main.TestSuiteExecutor.accessTestCaseMainPhase(TestSuiteExecutor.java:191)
	at com.kms.katalon.core.main.TestSuiteExecutor.accessTestSuiteMainPhase(TestSuiteExecutor.java:141)
	at com.kms.katalon.core.main.TestSuiteExecutor.execute(TestSuiteExecutor.java:90)
	at com.kms.katalon.core.main.TestCaseMain.startTestSuite(TestCaseMain.java:157)
	at com.kms.katalon.core.main.TestCaseMain$startTestSuite$0.call(Unknown Source)
	at TempTestSuite1610631842892.run(TempTestSuite1610631842892.groovy:39)
)

2021-01-14 08:48:26 - [MESSAGE][INFO] - Unable to find the element located by 'By.xpath: //input[@name='email']'. Please recheck the objects properties to make sure the desired element is located. 

2021-01-14 08:48:26 - [MESSAGE][WARNING] - com.kms.katalon.core.webui.exception.WebElementNotFoundException: Web element with id: 'Object Repository/Login Credentials/Email' located by '//input[@name='email']' not found (Root cause: com.kms.katalon.core.exception.StepFailedException: com.kms.katalon.core.webui.exception.WebElementNotFoundException: Web element with id: 'Object Repository/Login Credentials/Email' located by '//input[@name='email']' not found
	at com.kms.katalon.core.webui.keyword.internal.WebUIKeywordMain.stepFailed(WebUIKeywordMain.groovy:64)
	at com.kms.katalon.core.webui.keyword.builtin.VerifyElementPresentKeyword$_verifyElementPresent_closure1.doCall(VerifyElementPresentKeyword.groovy:85)
	at com.kms.katalon.core.webui.keyword.builtin.VerifyElementPresentKeyword$_verifyElementPresent_closure1.call(VerifyElementPresentKeyword.groovy)
	at com.kms.katalon.core.webui.keyword.internal.WebUIKeywordMain.runKeyword(WebUIKeywordMain.groovy:20)
	at com.kms.katalon.core.webui.keyword.builtin.VerifyElementPresentKeyword.verifyElementPresent(VerifyElementPresentKeyword.groovy:92)
	at com.kms.katalon.core.webui.keyword.builtin.VerifyElementPresentKeyword.execute(VerifyElementPresentKeyword.groovy:68)
	at com.kms.katalon.core.keyword.internal.KeywordExecutor.executeKeywordForPlatform(KeywordExecutor.groovy:73)
	at com.kms.katalon.core.webui.keyword.WebUiBuiltInKeywords.verifyElementPresent(WebUiBuiltInKeywords.groovy:1445)
	at com.kms.katalon.core.webui.keyword.WebUiBuiltInKeywords$verifyElementPresent$2.call(Unknown Source)
	at login.LoginForAdminDevEnvironment.login(LoginForAdminDevEnvironment.groovy:17)
	at login.LoginForAdminDevEnvironment$login.call(Unknown Source)
	at Login.login(Login.groovy:37)
	at Login.invokeMethod(Login.groovy)
	at com.kms.katalon.core.context.internal.TestHooker.invokeMethod(TestHooker.java:111)
	at com.kms.katalon.core.context.internal.TestHooker.lambda$3(TestHooker.java:95)
	at com.kms.katalon.core.context.internal.TestHooker.invokeContextMethods(TestHooker.java:94)
	at com.kms.katalon.core.context.internal.TestListenerCollector.lambda$3(TestListenerCollector.java:88)
	at com.kms.katalon.core.context.internal.TestListenerCollector.handleListenerEvent(TestListenerCollector.java:85)
	at com.kms.katalon.core.context.internal.ExecutionEventManager.publicEvent(ExecutionEventManager.java:36)
	at com.kms.katalon.core.main.TestCaseExecutor.execute(TestCaseExecutor.java:221)
	at com.kms.katalon.core.main.TestSuiteExecutor.accessTestCaseMainPhase(TestSuiteExecutor.java:191)
	at com.kms.katalon.core.main.TestSuiteExecutor.accessTestSuiteMainPhase(TestSuiteExecutor.java:141)
	at com.kms.katalon.core.main.TestSuiteExecutor.execute(TestSuiteExecutor.java:90)
	at com.kms.katalon.core.main.TestCaseMain.startTestSuite(TestCaseMain.java:157)
	at com.kms.katalon.core.main.TestCaseMain$startTestSuite$0.call(Unknown Source)
	at TempTestSuite1610631842892.run(TempTestSuite1610631842892.groovy:39)
)
[[ATTACHMENT|E:\\Modist\\ModistProject\\Reports\\20210114_084402\\AllTestCases\\20210114_084402\\1610632106056.png]]

2021-01-14 08:48:26 - [TEST_STEP][PASSED] - sourcename = pages.Assetsource.addAssetSource(): pages.Assetsource.addAssetSource is PASSED

2021-01-14 08:48:26 - [MESSAGE][PASSED] - Object 'Object Repository/AssetSource/Asset Source Tab' is present

2021-01-14 08:48:27 - [MESSAGE][PASSED] - Object 'Object Repository/AssetSource/Asset Source Tab' is visible

2021-01-14 08:48:27 - [MESSAGE][PASSED] - Object 'Object Repository/AssetSource/Asset Source Tab' is clickable

2021-01-14 08:48:27 - [MESSAGE][PASSED] - Object: 'Object Repository/AssetSource/Asset Source Tab' is clicked on

2021-01-14 08:48:28 - [MESSAGE][PASSED] - Object 'Object Repository/AssetSource/Add Asset Source Button' is present

2021-01-14 08:48:29 - [MESSAGE][PASSED] - Object 'Object Repository/AssetSource/Add Asset Source Button' is present

2021-01-14 08:48:29 - [MESSAGE][PASSED] - Object 'Object Repository/AssetSource/Add Asset Source Button' is visible

2021-01-14 08:48:29 - [MESSAGE][PASSED] - Object 'Object Repository/AssetSource/Add Asset Source Button' is clickable

2021-01-14 08:48:30 - [MESSAGE][PASSED] - Object: 'Object Repository/AssetSource/Add Asset Source Button' is clicked on

2021-01-14 08:48:30 - [MESSAGE][PASSED] - Wait for page load successfully

2021-01-14 08:48:30 - [MESSAGE][PASSED] - Object 'Object Repository/AssetSource/Source' is present

2021-01-14 08:48:31 - [MESSAGE][PASSED] - Object 'Object Repository/AssetSource/Source' is visible

2021-01-14 08:48:31 - [MESSAGE][PASSED] - Object 'Object Repository/AssetSource/Source' is clickable

2021-01-14 08:48:32 - [MESSAGE][PASSED] - Text of object 'Object Repository/AssetSource/Source' is cleared

2021-01-14 08:48:32 - [MESSAGE][PASSED] - Keys 'RandomAsset485' sent to object: 'Object Repository/AssetSource/Source'

2021-01-14 08:48:33 - [MESSAGE][PASSED] - Object 'Object Repository/AssetSource/Asset Source button on popup' is present

2021-01-14 08:48:33 - [MESSAGE][PASSED] - Object 'Object Repository/AssetSource/Asset Source button on popup' is visible

2021-01-14 08:48:33 - [MESSAGE][PASSED] - Object 'Object Repository/AssetSource/Asset Source button on popup' is clickable

2021-01-14 08:48:34 - [MESSAGE][PASSED] - Object: 'Object Repository/AssetSource/Asset Source button on popup' is clicked on

2021-01-14 08:48:34 - [MESSAGE][PASSED] - pages.Assetsource.addAssetSource is PASSED

2021-01-14 08:48:34 - [TEST_STEP][PASSED] - pages.Assetsource.verifyAssetSourceAdded(sourcename): pages.Assetsource.verifyAssetSourceAdded is PASSED

2021-01-14 08:48:35 - [MESSAGE][PASSED] - Object 'Object Repository/AssetSource/Search' is present

2021-01-14 08:48:35 - [MESSAGE][PASSED] - Object 'Object Repository/AssetSource/Search' is visible

2021-01-14 08:48:36 - [MESSAGE][PASSED] - Object 'Object Repository/AssetSource/Search' is clickable

2021-01-14 08:48:36 - [MESSAGE][PASSED] - Text of object 'Object Repository/AssetSource/Search' is cleared

2021-01-14 08:48:36 - [MESSAGE][PASSED] - Keys '' sent to object: 'Object Repository/AssetSource/Search'

2021-01-14 08:48:37 - [MESSAGE][PASSED] - Keys 'R' sent to object: 'Object Repository/AssetSource/Search'

2021-01-14 08:48:37 - [MESSAGE][PASSED] - Keys 'a' sent to object: 'Object Repository/AssetSource/Search'

2021-01-14 08:48:38 - [MESSAGE][PASSED] - Keys 'n' sent to object: 'Object Repository/AssetSource/Search'

2021-01-14 08:48:39 - [MESSAGE][PASSED] - Keys 'd' sent to object: 'Object Repository/AssetSource/Search'

2021-01-14 08:48:40 - [MESSAGE][PASSED] - Keys 'o' sent to object: 'Object Repository/AssetSource/Search'

2021-01-14 08:48:40 - [MESSAGE][PASSED] - Keys 'm' sent to object: 'Object Repository/AssetSource/Search'

2021-01-14 08:48:41 - [MESSAGE][PASSED] - Keys 'A' sent to object: 'Object Repository/AssetSource/Search'

2021-01-14 08:48:41 - [MESSAGE][PASSED] - Keys 's' sent to object: 'Object Repository/AssetSource/Search'

2021-01-14 08:48:42 - [MESSAGE][PASSED] - Keys 's' sent to object: 'Object Repository/AssetSource/Search'

2021-01-14 08:48:42 - [MESSAGE][PASSED] - Keys 'e' sent to object: 'Object Repository/AssetSource/Search'

2021-01-14 08:48:42 - [MESSAGE][PASSED] - Keys 't' sent to object: 'Object Repository/AssetSource/Search'

2021-01-14 08:48:43 - [MESSAGE][PASSED] - Keys '4' sent to object: 'Object Repository/AssetSource/Search'

2021-01-14 08:48:43 - [MESSAGE][PASSED] - Keys '8' sent to object: 'Object Repository/AssetSource/Search'

2021-01-14 08:48:44 - [MESSAGE][PASSED] - Keys '5' sent to object: 'Object Repository/AssetSource/Search'

2021-01-14 08:48:45 - [MESSAGE][PASSED] - Object 'Object Repository/AssetSource/AssetSourceName' is present

2021-01-14 08:48:45 - [MESSAGE][PASSED] - pages.Assetsource.verifyAssetSourceAdded is PASSED

2021-01-14 08:48:45 - [TEST_STEP][PASSED] - println(sourcename): null]]></system-out>
         <system-err><![CDATA[]]></system-err>
      </testcase>
      <testcase name="Test Cases/Admin/AssetSource/Delete An AssetSource" time="32.589" classname="Test Cases/Admin/AssetSource/Delete An AssetSource" status="PASSED">
         <system-out><![CDATA[2021-01-14 08:48:45 - [TEST_CASE][PASSED] - Test Cases/Admin/AssetSource/Delete An AssetSource: Test Cases/Admin/AssetSource/Delete An AssetSource

2021-01-14 08:48:45 - [TEST_STEP][PASSED] - Start listener action : login: null

2021-01-14 08:48:45 - [TEST_STEP][PASSED] - Thread.sleep(3000): null

2021-01-14 08:48:48 - [TEST_STEP][PASSED] - url = getUrl(): Current window's url is: 'https://dev-admin.modist.co/dashboard'

2021-01-14 08:48:48 - [MESSAGE][PASSED] - Current window's url is: 'https://dev-admin.modist.co/dashboard'

2021-01-14 08:48:48 - [TEST_STEP][PASSED] - if (!(url.contains("dashboard"))): null

2021-01-14 08:48:48 - [TEST_STEP][PASSED] - sourcename = pages.Assetsource.addAssetSource(): pages.Assetsource.addAssetSource is PASSED

2021-01-14 08:48:48 - [MESSAGE][PASSED] - Object 'Object Repository/AssetSource/Asset Source Tab' is present

2021-01-14 08:48:49 - [MESSAGE][PASSED] - Object 'Object Repository/AssetSource/Asset Source Tab' is visible

2021-01-14 08:48:49 - [MESSAGE][PASSED] - Object 'Object Repository/AssetSource/Asset Source Tab' is clickable

2021-01-14 08:48:49 - [MESSAGE][PASSED] - Object: 'Object Repository/AssetSource/Asset Source Tab' is clicked on

2021-01-14 08:48:50 - [MESSAGE][PASSED] - Object 'Object Repository/AssetSource/Add Asset Source Button' is present

2021-01-14 08:48:50 - [MESSAGE][PASSED] - Object 'Object Repository/AssetSource/Add Asset Source Button' is present

2021-01-14 08:48:50 - [MESSAGE][PASSED] - Object 'Object Repository/AssetSource/Add Asset Source Button' is visible

2021-01-14 08:48:51 - [MESSAGE][PASSED] - Object 'Object Repository/AssetSource/Add Asset Source Button' is clickable

2021-01-14 08:48:51 - [MESSAGE][PASSED] - Object: 'Object Repository/AssetSource/Add Asset Source Button' is clicked on

2021-01-14 08:48:51 - [MESSAGE][PASSED] - Wait for page load successfully

2021-01-14 08:48:51 - [MESSAGE][PASSED] - Object 'Object Repository/AssetSource/Source' is present

2021-01-14 08:48:52 - [MESSAGE][PASSED] - Object 'Object Repository/AssetSource/Source' is visible

2021-01-14 08:48:52 - [MESSAGE][PASSED] - Object 'Object Repository/AssetSource/Source' is clickable

2021-01-14 08:48:53 - [MESSAGE][PASSED] - Text of object 'Object Repository/AssetSource/Source' is cleared

2021-01-14 08:48:53 - [MESSAGE][PASSED] - Keys 'RandomAsset940' sent to object: 'Object Repository/AssetSource/Source'

2021-01-14 08:48:53 - [MESSAGE][PASSED] - Object 'Object Repository/AssetSource/Asset Source button on popup' is present

2021-01-14 08:48:54 - [MESSAGE][PASSED] - Object 'Object Repository/AssetSource/Asset Source button on popup' is visible

2021-01-14 08:48:54 - [MESSAGE][PASSED] - Object 'Object Repository/AssetSource/Asset Source button on popup' is clickable

2021-01-14 08:48:54 - [MESSAGE][PASSED] - Object: 'Object Repository/AssetSource/Asset Source button on popup' is clicked on

2021-01-14 08:48:54 - [MESSAGE][PASSED] - pages.Assetsource.addAssetSource is PASSED

2021-01-14 08:48:54 - [TEST_STEP][PASSED] - println(sourcename): null

2021-01-14 08:48:54 - [TEST_STEP][PASSED] - pages.Assetsource.deleteAnAssetSource(sourcename): pages.Assetsource.deleteAnAssetSource is PASSED

2021-01-14 08:48:55 - [MESSAGE][PASSED] - Object 'Object Repository/AssetSource/Search' is present

2021-01-14 08:48:56 - [MESSAGE][PASSED] - Object 'Object Repository/AssetSource/Search' is visible

2021-01-14 08:48:56 - [MESSAGE][PASSED] - Object 'Object Repository/AssetSource/Search' is clickable

2021-01-14 08:48:56 - [MESSAGE][PASSED] - Text of object 'Object Repository/AssetSource/Search' is cleared

2021-01-14 08:48:57 - [MESSAGE][PASSED] - Keys '' sent to object: 'Object Repository/AssetSource/Search'

2021-01-14 08:48:57 - [MESSAGE][PASSED] - Keys 'R' sent to object: 'Object Repository/AssetSource/Search'

2021-01-14 08:48:57 - [MESSAGE][PASSED] - Keys 'a' sent to object: 'Object Repository/AssetSource/Search'

2021-01-14 08:48:59 - [MESSAGE][PASSED] - Keys 'n' sent to object: 'Object Repository/AssetSource/Search'

2021-01-14 08:48:59 - [MESSAGE][PASSED] - Keys 'd' sent to object: 'Object Repository/AssetSource/Search'

2021-01-14 08:48:59 - [MESSAGE][PASSED] - Keys 'o' sent to object: 'Object Repository/AssetSource/Search'

2021-01-14 08:49:00 - [MESSAGE][PASSED] - Keys 'm' sent to object: 'Object Repository/AssetSource/Search'

2021-01-14 08:49:00 - [MESSAGE][PASSED] - Keys 'A' sent to object: 'Object Repository/AssetSource/Search'

2021-01-14 08:49:01 - [MESSAGE][PASSED] - Keys 's' sent to object: 'Object Repository/AssetSource/Search'

2021-01-14 08:49:01 - [MESSAGE][PASSED] - Keys 's' sent to object: 'Object Repository/AssetSource/Search'

2021-01-14 08:49:01 - [MESSAGE][PASSED] - Keys 'e' sent to object: 'Object Repository/AssetSource/Search'

2021-01-14 08:49:02 - [MESSAGE][PASSED] - Keys 't' sent to object: 'Object Repository/AssetSource/Search'

2021-01-14 08:49:02 - [MESSAGE][PASSED] - Keys '9' sent to object: 'Object Repository/AssetSource/Search'

2021-01-14 08:49:02 - [MESSAGE][PASSED] - Keys '4' sent to object: 'Object Repository/AssetSource/Search'

2021-01-14 08:49:03 - [MESSAGE][PASSED] - Keys '0' sent to object: 'Object Repository/AssetSource/Search'

2021-01-14 08:49:04 - [MESSAGE][PASSED] - Scroll to object 'Object Repository/AssetSource/AssetSourceName' successfully

2021-01-14 08:49:04 - [MESSAGE][PASSED] - Object 'Object Repository/AssetSource/AssetSourceName' is present

2021-01-14 08:49:05 - [MESSAGE][PASSED] - Object 'Object Repository/AssetSource/AssetSourceName' is visible

2021-01-14 08:49:05 - [MESSAGE][PASSED] - Object 'Object Repository/AssetSource/AssetSourceName' is clickable

2021-01-14 08:49:06 - [MESSAGE][PASSED] - Object: 'Object Repository/AssetSource/AssetSourceName' is clicked on

2021-01-14 08:49:07 - [MESSAGE][PASSED] - Object 'Object Repository/AssetSource/AssetSourceEdit(save button)' is present

2021-01-14 08:49:07 - [MESSAGE][PASSED] - Object 'Object Repository/AssetSource/Delete Button' is present

2021-01-14 08:49:07 - [MESSAGE][PASSED] - Object 'Object Repository/AssetSource/Delete Button' is visible

2021-01-14 08:49:08 - [MESSAGE][PASSED] - Object 'Object Repository/AssetSource/Delete Button' is clickable

2021-01-14 08:49:08 - [MESSAGE][PASSED] - Object: 'Object Repository/AssetSource/Delete Button' is clicked on

2021-01-14 08:49:08 - [MESSAGE][PASSED] - pages.Assetsource.deleteAnAssetSource is PASSED

2021-01-14 08:49:08 - [TEST_STEP][PASSED] - pages.Assetsource.verifyAssetSourceDeleted(sourcename): pages.Assetsource.verifyAssetSourceDeleted is PASSED

2021-01-14 08:49:09 - [MESSAGE][PASSED] - Object 'Object Repository/AssetSource/Search' is present

2021-01-14 08:49:09 - [MESSAGE][PASSED] - Object 'Object Repository/AssetSource/Search' is visible

2021-01-14 08:49:09 - [MESSAGE][PASSED] - Object 'Object Repository/AssetSource/Search' is clickable

2021-01-14 08:49:10 - [MESSAGE][PASSED] - Text of object 'Object Repository/AssetSource/Search' is cleared

2021-01-14 08:49:10 - [MESSAGE][PASSED] - Keys '' sent to object: 'Object Repository/AssetSource/Search'

2021-01-14 08:49:10 - [MESSAGE][PASSED] - Keys 'R' sent to object: 'Object Repository/AssetSource/Search'

2021-01-14 08:49:11 - [MESSAGE][PASSED] - Keys 'a' sent to object: 'Object Repository/AssetSource/Search'

2021-01-14 08:49:12 - [MESSAGE][PASSED] - Keys 'n' sent to object: 'Object Repository/AssetSource/Search'

2021-01-14 08:49:13 - [MESSAGE][PASSED] - Keys 'd' sent to object: 'Object Repository/AssetSource/Search'

2021-01-14 08:49:13 - [MESSAGE][PASSED] - Keys 'o' sent to object: 'Object Repository/AssetSource/Search'

2021-01-14 08:49:14 - [MESSAGE][PASSED] - Keys 'm' sent to object: 'Object Repository/AssetSource/Search'

2021-01-14 08:49:14 - [MESSAGE][PASSED] - Keys 'A' sent to object: 'Object Repository/AssetSource/Search'

2021-01-14 08:49:14 - [MESSAGE][PASSED] - Keys 's' sent to object: 'Object Repository/AssetSource/Search'

2021-01-14 08:49:15 - [MESSAGE][PASSED] - Keys 's' sent to object: 'Object Repository/AssetSource/Search'

2021-01-14 08:49:15 - [MESSAGE][PASSED] - Keys 'e' sent to object: 'Object Repository/AssetSource/Search'

2021-01-14 08:49:15 - [MESSAGE][PASSED] - Keys 't' sent to object: 'Object Repository/AssetSource/Search'

2021-01-14 08:49:16 - [MESSAGE][PASSED] - Keys '9' sent to object: 'Object Repository/AssetSource/Search'

2021-01-14 08:49:16 - [MESSAGE][PASSED] - Keys '4' sent to object: 'Object Repository/AssetSource/Search'

2021-01-14 08:49:17 - [MESSAGE][PASSED] - Keys '0' sent to object: 'Object Repository/AssetSource/Search'

2021-01-14 08:49:17 - [MESSAGE][PASSED] - Web element with id: 'Object Repository/AssetSource/AssetSourceName' located by 'By.xpath: //div[text()='RandomAsset940']' is not present after '30' second(s)

2021-01-14 08:49:17 - [MESSAGE][PASSED] - pages.Assetsource.verifyAssetSourceDeleted is PASSED]]></system-out>
         <system-err><![CDATA[]]></system-err>
      </testcase>
      <testcase name="Test Cases/Admin/AssetSource/Edit An AssetSource" time="28.227" classname="Test Cases/Admin/AssetSource/Edit An AssetSource" status="PASSED">
         <system-out><![CDATA[2021-01-14 08:49:17 - [TEST_CASE][PASSED] - Test Cases/Admin/AssetSource/Edit An AssetSource: Test Cases/Admin/AssetSource/Edit An AssetSource

2021-01-14 08:49:17 - [TEST_STEP][PASSED] - Start listener action : login: null

2021-01-14 08:49:17 - [TEST_STEP][PASSED] - Thread.sleep(3000): null

2021-01-14 08:49:20 - [TEST_STEP][PASSED] - url = getUrl(): Current window's url is: 'https://dev-admin.modist.co/dashboard'

2021-01-14 08:49:20 - [MESSAGE][PASSED] - Current window's url is: 'https://dev-admin.modist.co/dashboard'

2021-01-14 08:49:20 - [TEST_STEP][PASSED] - if (!(url.contains("dashboard"))): null

2021-01-14 08:49:21 - [TEST_STEP][PASSED] - sourcename = pages.Assetsource.addAssetSource(): pages.Assetsource.addAssetSource is PASSED

2021-01-14 08:49:21 - [MESSAGE][PASSED] - Object 'Object Repository/AssetSource/Asset Source Tab' is present

2021-01-14 08:49:21 - [MESSAGE][PASSED] - Object 'Object Repository/AssetSource/Asset Source Tab' is visible

2021-01-14 08:49:22 - [MESSAGE][PASSED] - Object 'Object Repository/AssetSource/Asset Source Tab' is clickable

2021-01-14 08:49:22 - [MESSAGE][PASSED] - Object: 'Object Repository/AssetSource/Asset Source Tab' is clicked on

2021-01-14 08:49:22 - [MESSAGE][PASSED] - Object 'Object Repository/AssetSource/Add Asset Source Button' is present

2021-01-14 08:49:23 - [MESSAGE][PASSED] - Object 'Object Repository/AssetSource/Add Asset Source Button' is present

2021-01-14 08:49:23 - [MESSAGE][PASSED] - Object 'Object Repository/AssetSource/Add Asset Source Button' is visible

2021-01-14 08:49:23 - [MESSAGE][PASSED] - Object 'Object Repository/AssetSource/Add Asset Source Button' is clickable

2021-01-14 08:49:24 - [MESSAGE][PASSED] - Object: 'Object Repository/AssetSource/Add Asset Source Button' is clicked on

2021-01-14 08:49:24 - [MESSAGE][PASSED] - Wait for page load successfully

2021-01-14 08:49:24 - [MESSAGE][PASSED] - Object 'Object Repository/AssetSource/Source' is present

2021-01-14 08:49:24 - [MESSAGE][PASSED] - Object 'Object Repository/AssetSource/Source' is visible

2021-01-14 08:49:25 - [MESSAGE][PASSED] - Object 'Object Repository/AssetSource/Source' is clickable

2021-01-14 08:49:25 - [MESSAGE][PASSED] - Text of object 'Object Repository/AssetSource/Source' is cleared

2021-01-14 08:49:26 - [MESSAGE][PASSED] - Keys 'RandomAsset502' sent to object: 'Object Repository/AssetSource/Source'

2021-01-14 08:49:26 - [MESSAGE][PASSED] - Object 'Object Repository/AssetSource/Asset Source button on popup' is present

2021-01-14 08:49:26 - [MESSAGE][PASSED] - Object 'Object Repository/AssetSource/Asset Source button on popup' is visible

2021-01-14 08:49:26 - [MESSAGE][PASSED] - Object 'Object Repository/AssetSource/Asset Source button on popup' is clickable

2021-01-14 08:49:27 - [MESSAGE][PASSED] - Object: 'Object Repository/AssetSource/Asset Source button on popup' is clicked on

2021-01-14 08:49:27 - [MESSAGE][PASSED] - pages.Assetsource.addAssetSource is PASSED

2021-01-14 08:49:27 - [TEST_STEP][PASSED] - println(sourcename): null

2021-01-14 08:49:27 - [TEST_STEP][PASSED] - pages.Assetsource.editAnAssetSource(sourcename): pages.Assetsource.editAnAssetSource is PASSED

2021-01-14 08:49:27 - [MESSAGE][PASSED] - Object 'Object Repository/AssetSource/Search' is present

2021-01-14 08:49:28 - [MESSAGE][PASSED] - Object 'Object Repository/AssetSource/Search' is visible

2021-01-14 08:49:28 - [MESSAGE][PASSED] - Object 'Object Repository/AssetSource/Search' is clickable

2021-01-14 08:49:29 - [MESSAGE][PASSED] - Text of object 'Object Repository/AssetSource/Search' is cleared

2021-01-14 08:49:29 - [MESSAGE][PASSED] - Keys '' sent to object: 'Object Repository/AssetSource/Search'

2021-01-14 08:49:29 - [MESSAGE][PASSED] - Keys 'R' sent to object: 'Object Repository/AssetSource/Search'

2021-01-14 08:49:30 - [MESSAGE][PASSED] - Keys 'a' sent to object: 'Object Repository/AssetSource/Search'

2021-01-14 08:49:31 - [MESSAGE][PASSED] - Keys 'n' sent to object: 'Object Repository/AssetSource/Search'

2021-01-14 08:49:32 - [MESSAGE][PASSED] - Keys 'd' sent to object: 'Object Repository/AssetSource/Search'

2021-01-14 08:49:32 - [MESSAGE][PASSED] - Keys 'o' sent to object: 'Object Repository/AssetSource/Search'

2021-01-14 08:49:33 - [MESSAGE][PASSED] - Keys 'm' sent to object: 'Object Repository/AssetSource/Search'

2021-01-14 08:49:33 - [MESSAGE][PASSED] - Keys 'A' sent to object: 'Object Repository/AssetSource/Search'

2021-01-14 08:49:33 - [MESSAGE][PASSED] - Keys 's' sent to object: 'Object Repository/AssetSource/Search'

2021-01-14 08:49:34 - [MESSAGE][PASSED] - Keys 's' sent to object: 'Object Repository/AssetSource/Search'

2021-01-14 08:49:34 - [MESSAGE][PASSED] - Keys 'e' sent to object: 'Object Repository/AssetSource/Search'

2021-01-14 08:49:35 - [MESSAGE][PASSED] - Keys 't' sent to object: 'Object Repository/AssetSource/Search'

2021-01-14 08:49:35 - [MESSAGE][PASSED] - Keys '5' sent to object: 'Object Repository/AssetSource/Search'

2021-01-14 08:49:35 - [MESSAGE][PASSED] - Keys '0' sent to object: 'Object Repository/AssetSource/Search'

2021-01-14 08:49:37 - [MESSAGE][PASSED] - Keys '2' sent to object: 'Object Repository/AssetSource/Search'

2021-01-14 08:49:37 - [MESSAGE][PASSED] - Scroll to object 'Object Repository/AssetSource/AssetSourceName' successfully

2021-01-14 08:49:38 - [MESSAGE][PASSED] - Object 'Object Repository/AssetSource/AssetSourceName' is present

2021-01-14 08:49:39 - [MESSAGE][PASSED] - Object 'Object Repository/AssetSource/AssetSourceName' is visible

2021-01-14 08:49:39 - [MESSAGE][PASSED] - Object 'Object Repository/AssetSource/AssetSourceName' is clickable

2021-01-14 08:49:39 - [MESSAGE][PASSED] - Object: 'Object Repository/AssetSource/AssetSourceName' is clicked on

2021-01-14 08:49:40 - [MESSAGE][PASSED] - Object 'Object Repository/AssetSource/AssetSourceEdit(save button)' is present

2021-01-14 08:49:41 - [MESSAGE][PASSED] - Text of object 'Object Repository/AssetSource/AssetSourceEdit(Source)' is cleared

2021-01-14 08:49:41 - [MESSAGE][PASSED] - Object 'Object Repository/AssetSource/AssetSourceEdit(Source)' is present

2021-01-14 08:49:41 - [MESSAGE][PASSED] - Object 'Object Repository/AssetSource/AssetSourceEdit(Source)' is visible

2021-01-14 08:49:42 - [MESSAGE][PASSED] - Object 'Object Repository/AssetSource/AssetSourceEdit(Source)' is clickable

2021-01-14 08:49:42 - [MESSAGE][PASSED] - Text of object 'Object Repository/AssetSource/AssetSourceEdit(Source)' is cleared

2021-01-14 08:49:43 - [MESSAGE][PASSED] - Keys 'editedsourcesname2' sent to object: 'Object Repository/AssetSource/AssetSourceEdit(Source)'

2021-01-14 08:49:43 - [MESSAGE][PASSED] - Object 'Object Repository/AssetSource/AssetSourceEdit(save button)' is present

2021-01-14 08:49:43 - [MESSAGE][PASSED] - Object 'Object Repository/AssetSource/AssetSourceEdit(save button)' is visible

2021-01-14 08:49:43 - [MESSAGE][PASSED] - Object 'Object Repository/AssetSource/AssetSourceEdit(save button)' is clickable

2021-01-14 08:49:44 - [MESSAGE][PASSED] - Object: 'Object Repository/AssetSource/AssetSourceEdit(save button)' is clicked on

2021-01-14 08:49:44 - [MESSAGE][PASSED] - Object 'Object Repository/AssetSource/Close Button' is present

2021-01-14 08:49:45 - [MESSAGE][PASSED] - Object 'Object Repository/AssetSource/Close Button' is visible

2021-01-14 08:49:45 - [MESSAGE][PASSED] - Object 'Object Repository/AssetSource/Close Button' is clickable

2021-01-14 08:49:46 - [MESSAGE][PASSED] - Object: 'Object Repository/AssetSource/Close Button' is clicked on

2021-01-14 08:49:46 - [MESSAGE][PASSED] - pages.Assetsource.editAnAssetSource is PASSED]]></system-out>
         <system-err><![CDATA[]]></system-err>
      </testcase>
      <testcase name="Test Cases/Admin/AssetSource/Verify Asset Source tab by clicking it" time="4.839" classname="Test Cases/Admin/AssetSource/Verify Asset Source tab by clicking it" status="PASSED">
         <system-out><![CDATA[2021-01-14 08:49:46 - [TEST_CASE][PASSED] - Test Cases/Admin/AssetSource/Verify Asset Source tab by clicking it: Test Cases/Admin/AssetSource/Verify Asset Source tab by clicking it

2021-01-14 08:49:46 - [TEST_STEP][PASSED] - Start listener action : login: null

2021-01-14 08:49:46 - [TEST_STEP][PASSED] - Thread.sleep(3000): null

2021-01-14 08:49:49 - [TEST_STEP][PASSED] - url = getUrl(): Current window's url is: 'https://dev-admin.modist.co/dashboard'

2021-01-14 08:49:49 - [MESSAGE][PASSED] - Current window's url is: 'https://dev-admin.modist.co/dashboard'

2021-01-14 08:49:49 - [TEST_STEP][PASSED] - if (!(url.contains("dashboard"))): null

2021-01-14 08:49:49 - [TEST_STEP][PASSED] - pages.Assetsource.navigateToAssetSourceDetailsTab(): pages.Assetsource.navigateToAssetSourceDetailsTab is PASSED

2021-01-14 08:49:49 - [MESSAGE][PASSED] - Object 'Object Repository/AssetSource/Asset Source Tab' is present

2021-01-14 08:49:50 - [MESSAGE][PASSED] - Object 'Object Repository/AssetSource/Asset Source Tab' is visible

2021-01-14 08:49:50 - [MESSAGE][PASSED] - Object 'Object Repository/AssetSource/Asset Source Tab' is clickable

2021-01-14 08:49:50 - [MESSAGE][PASSED] - Object: 'Object Repository/AssetSource/Asset Source Tab' is clicked on

2021-01-14 08:49:51 - [MESSAGE][PASSED] - Object 'Object Repository/AssetSource/Add Asset Source Button' is present

2021-01-14 08:49:51 - [MESSAGE][PASSED] - pages.Assetsource.navigateToAssetSourceDetailsTab is PASSED]]></system-out>
         <system-err><![CDATA[]]></system-err>
      </testcase>
      <testcase name="Test Cases/Admin/AssetSource/Verify by clicking on any asset source in the Asset source tab details page" time="21.775" classname="Test Cases/Admin/AssetSource/Verify by clicking on any asset source in the Asset source tab details page" status="PASSED">
         <system-out><![CDATA[2021-01-14 08:49:51 - [TEST_CASE][PASSED] - Test Cases/Admin/AssetSource/Verify by clicking on any asset source in the Asset source tab details page: Test Cases/Admin/AssetSource/Verify by clicking on any asset source in the Asset source tab details page

2021-01-14 08:49:51 - [TEST_STEP][PASSED] - Start listener action : login: null

2021-01-14 08:49:51 - [TEST_STEP][PASSED] - Thread.sleep(3000): null

2021-01-14 08:49:54 - [TEST_STEP][PASSED] - url = getUrl(): Current window's url is: 'https://dev-admin.modist.co/dashboard'

2021-01-14 08:49:54 - [MESSAGE][PASSED] - Current window's url is: 'https://dev-admin.modist.co/dashboard'

2021-01-14 08:49:54 - [TEST_STEP][PASSED] - if (!(url.contains("dashboard"))): null

2021-01-14 08:49:54 - [TEST_STEP][PASSED] - sourcename = pages.Assetsource.addAssetSource(): pages.Assetsource.addAssetSource is PASSED

2021-01-14 08:49:54 - [MESSAGE][PASSED] - Object 'Object Repository/AssetSource/Asset Source Tab' is present

2021-01-14 08:49:54 - [MESSAGE][PASSED] - Object 'Object Repository/AssetSource/Asset Source Tab' is visible

2021-01-14 08:49:55 - [MESSAGE][PASSED] - Object 'Object Repository/AssetSource/Asset Source Tab' is clickable

2021-01-14 08:49:55 - [MESSAGE][PASSED] - Object: 'Object Repository/AssetSource/Asset Source Tab' is clicked on

2021-01-14 08:49:55 - [MESSAGE][PASSED] - Object 'Object Repository/AssetSource/Add Asset Source Button' is present

2021-01-14 08:49:56 - [MESSAGE][PASSED] - Object 'Object Repository/AssetSource/Add Asset Source Button' is present

2021-01-14 08:49:56 - [MESSAGE][PASSED] - Object 'Object Repository/AssetSource/Add Asset Source Button' is visible

2021-01-14 08:49:56 - [MESSAGE][PASSED] - Object 'Object Repository/AssetSource/Add Asset Source Button' is clickable

2021-01-14 08:49:57 - [MESSAGE][PASSED] - Object: 'Object Repository/AssetSource/Add Asset Source Button' is clicked on

2021-01-14 08:49:57 - [MESSAGE][PASSED] - Wait for page load successfully

2021-01-14 08:49:58 - [MESSAGE][PASSED] - Object 'Object Repository/AssetSource/Source' is present

2021-01-14 08:49:58 - [MESSAGE][PASSED] - Object 'Object Repository/AssetSource/Source' is visible

2021-01-14 08:49:58 - [MESSAGE][PASSED] - Object 'Object Repository/AssetSource/Source' is clickable

2021-01-14 08:49:58 - [MESSAGE][PASSED] - Text of object 'Object Repository/AssetSource/Source' is cleared

2021-01-14 08:49:59 - [MESSAGE][PASSED] - Keys 'RandomAsset366' sent to object: 'Object Repository/AssetSource/Source'

2021-01-14 08:49:59 - [MESSAGE][PASSED] - Object 'Object Repository/AssetSource/Asset Source button on popup' is present

2021-01-14 08:50:00 - [MESSAGE][PASSED] - Object 'Object Repository/AssetSource/Asset Source button on popup' is visible

2021-01-14 08:50:00 - [MESSAGE][PASSED] - Object 'Object Repository/AssetSource/Asset Source button on popup' is clickable

2021-01-14 08:50:00 - [MESSAGE][PASSED] - Object: 'Object Repository/AssetSource/Asset Source button on popup' is clicked on

2021-01-14 08:50:00 - [MESSAGE][PASSED] - pages.Assetsource.addAssetSource is PASSED

2021-01-14 08:50:00 - [TEST_STEP][PASSED] - println(sourcename): null

2021-01-14 08:50:00 - [TEST_STEP][PASSED] - pages.Assetsource.openAnyExistingAssetSource(sourcename): pages.Assetsource.openAnyExistingAssetSource is PASSED

2021-01-14 08:50:01 - [MESSAGE][PASSED] - Object 'Object Repository/AssetSource/Search' is present

2021-01-14 08:50:01 - [MESSAGE][PASSED] - Object 'Object Repository/AssetSource/Search' is visible

2021-01-14 08:50:01 - [MESSAGE][PASSED] - Object 'Object Repository/AssetSource/Search' is clickable

2021-01-14 08:50:02 - [MESSAGE][PASSED] - Text of object 'Object Repository/AssetSource/Search' is cleared

2021-01-14 08:50:02 - [MESSAGE][PASSED] - Keys '' sent to object: 'Object Repository/AssetSource/Search'

2021-01-14 08:50:03 - [MESSAGE][PASSED] - Keys 'R' sent to object: 'Object Repository/AssetSource/Search'

2021-01-14 08:50:03 - [MESSAGE][PASSED] - Keys 'a' sent to object: 'Object Repository/AssetSource/Search'

2021-01-14 08:50:03 - [MESSAGE][PASSED] - Keys 'n' sent to object: 'Object Repository/AssetSource/Search'

2021-01-14 08:50:04 - [MESSAGE][PASSED] - Keys 'd' sent to object: 'Object Repository/AssetSource/Search'

2021-01-14 08:50:05 - [MESSAGE][PASSED] - Keys 'o' sent to object: 'Object Repository/AssetSource/Search'

2021-01-14 08:50:05 - [MESSAGE][PASSED] - Keys 'm' sent to object: 'Object Repository/AssetSource/Search'

2021-01-14 08:50:06 - [MESSAGE][PASSED] - Keys 'A' sent to object: 'Object Repository/AssetSource/Search'

2021-01-14 08:50:06 - [MESSAGE][PASSED] - Keys 's' sent to object: 'Object Repository/AssetSource/Search'

2021-01-14 08:50:07 - [MESSAGE][PASSED] - Keys 's' sent to object: 'Object Repository/AssetSource/Search'

2021-01-14 08:50:07 - [MESSAGE][PASSED] - Keys 'e' sent to object: 'Object Repository/AssetSource/Search'

2021-01-14 08:50:07 - [MESSAGE][PASSED] - Keys 't' sent to object: 'Object Repository/AssetSource/Search'

2021-01-14 08:50:08 - [MESSAGE][PASSED] - Keys '3' sent to object: 'Object Repository/AssetSource/Search'

2021-01-14 08:50:08 - [MESSAGE][PASSED] - Keys '6' sent to object: 'Object Repository/AssetSource/Search'

2021-01-14 08:50:09 - [MESSAGE][PASSED] - Keys '6' sent to object: 'Object Repository/AssetSource/Search'

2021-01-14 08:50:10 - [MESSAGE][PASSED] - Scroll to object 'Object Repository/AssetSource/AssetSourceName' successfully

2021-01-14 08:50:10 - [MESSAGE][PASSED] - Object 'Object Repository/AssetSource/AssetSourceName' is present

2021-01-14 08:50:11 - [MESSAGE][PASSED] - Object 'Object Repository/AssetSource/AssetSourceName' is visible

2021-01-14 08:50:11 - [MESSAGE][PASSED] - Object 'Object Repository/AssetSource/AssetSourceName' is clickable

2021-01-14 08:50:12 - [MESSAGE][PASSED] - Object: 'Object Repository/AssetSource/AssetSourceName' is clicked on

2021-01-14 08:50:12 - [MESSAGE][PASSED] - Object 'Object Repository/AssetSource/AssetSourceEdit(save button)' is present

2021-01-14 08:50:12 - [MESSAGE][PASSED] - pages.Assetsource.openAnyExistingAssetSource is PASSED]]></system-out>
         <system-err><![CDATA[]]></system-err>
      </testcase>
      <testcase name="Test Cases/Admin/AssetSource/Verify Cancel button functionality in the Add Asset Source popup" time="14.539" classname="Test Cases/Admin/AssetSource/Verify Cancel button functionality in the Add Asset Source popup" status="PASSED">
         <system-out><![CDATA[2021-01-14 08:50:12 - [TEST_CASE][PASSED] - Test Cases/Admin/AssetSource/Verify Cancel button functionality in the Add Asset Source popup: Test Cases/Admin/AssetSource/Verify Cancel button functionality in the Add Asset Source popup

2021-01-14 08:50:12 - [TEST_STEP][PASSED] - Start listener action : login: com.kms.katalon.core.webui.exception.WebElementNotFoundException: Web element with id: 'Object Repository/Login Credentials/Email' located by '//input[@name='email']' not found (Root cause: com.kms.katalon.core.exception.StepFailedException: com.kms.katalon.core.webui.exception.WebElementNotFoundException: Web element with id: 'Object Repository/Login Credentials/Email' located by '//input[@name='email']' not found
	at com.kms.katalon.core.webui.keyword.internal.WebUIKeywordMain.stepFailed(WebUIKeywordMain.groovy:64)
	at com.kms.katalon.core.webui.keyword.builtin.VerifyElementPresentKeyword$_verifyElementPresent_closure1.doCall(VerifyElementPresentKeyword.groovy:85)
	at com.kms.katalon.core.webui.keyword.builtin.VerifyElementPresentKeyword$_verifyElementPresent_closure1.call(VerifyElementPresentKeyword.groovy)
	at com.kms.katalon.core.webui.keyword.internal.WebUIKeywordMain.runKeyword(WebUIKeywordMain.groovy:20)
	at com.kms.katalon.core.webui.keyword.builtin.VerifyElementPresentKeyword.verifyElementPresent(VerifyElementPresentKeyword.groovy:92)
	at com.kms.katalon.core.webui.keyword.builtin.VerifyElementPresentKeyword.execute(VerifyElementPresentKeyword.groovy:68)
	at com.kms.katalon.core.keyword.internal.KeywordExecutor.executeKeywordForPlatform(KeywordExecutor.groovy:73)
	at com.kms.katalon.core.webui.keyword.WebUiBuiltInKeywords.verifyElementPresent(WebUiBuiltInKeywords.groovy:1445)
	at com.kms.katalon.core.webui.keyword.WebUiBuiltInKeywords$verifyElementPresent$2.call(Unknown Source)
	at login.LoginForAdminDevEnvironment.login(LoginForAdminDevEnvironment.groovy:17)
	at login.LoginForAdminDevEnvironment$login.call(Unknown Source)
	at Login.login(Login.groovy:37)
	at Login.invokeMethod(Login.groovy)
	at com.kms.katalon.core.context.internal.TestHooker.invokeMethod(TestHooker.java:111)
	at com.kms.katalon.core.context.internal.TestHooker.lambda$3(TestHooker.java:95)
	at com.kms.katalon.core.context.internal.TestHooker.invokeContextMethods(TestHooker.java:94)
	at com.kms.katalon.core.context.internal.TestListenerCollector.lambda$3(TestListenerCollector.java:88)
	at com.kms.katalon.core.context.internal.TestListenerCollector.handleListenerEvent(TestListenerCollector.java:85)
	at com.kms.katalon.core.context.internal.ExecutionEventManager.publicEvent(ExecutionEventManager.java:36)
	at com.kms.katalon.core.main.TestCaseExecutor.execute(TestCaseExecutor.java:221)
	at com.kms.katalon.core.main.TestSuiteExecutor.accessTestCaseMainPhase(TestSuiteExecutor.java:191)
	at com.kms.katalon.core.main.TestSuiteExecutor.accessTestSuiteMainPhase(TestSuiteExecutor.java:141)
	at com.kms.katalon.core.main.TestSuiteExecutor.execute(TestSuiteExecutor.java:90)
	at com.kms.katalon.core.main.TestCaseMain.startTestSuite(TestCaseMain.java:157)
	at com.kms.katalon.core.main.TestCaseMain$startTestSuite$0.call(Unknown Source)
	at TempTestSuite1610631842892.run(TempTestSuite1610631842892.groovy:39)
)

2021-01-14 08:50:12 - [TEST_STEP][PASSED] - Thread.sleep(3000): null

2021-01-14 08:50:15 - [TEST_STEP][PASSED] - url = getUrl(): Current window's url is: 'https://dev-admin.modist.co/asset-source/219'

2021-01-14 08:50:15 - [MESSAGE][PASSED] - Current window's url is: 'https://dev-admin.modist.co/asset-source/219'

2021-01-14 08:50:15 - [TEST_STEP][PASSED] - if (!(url.contains("dashboard"))): com.kms.katalon.core.webui.exception.WebElementNotFoundException: Web element with id: 'Object Repository/Login Credentials/Email' located by '//input[@name='email']' not found (Root cause: com.kms.katalon.core.exception.StepFailedException: com.kms.katalon.core.webui.exception.WebElementNotFoundException: Web element with id: 'Object Repository/Login Credentials/Email' located by '//input[@name='email']' not found
	at com.kms.katalon.core.webui.keyword.internal.WebUIKeywordMain.stepFailed(WebUIKeywordMain.groovy:64)
	at com.kms.katalon.core.webui.keyword.builtin.VerifyElementPresentKeyword$_verifyElementPresent_closure1.doCall(VerifyElementPresentKeyword.groovy:85)
	at com.kms.katalon.core.webui.keyword.builtin.VerifyElementPresentKeyword$_verifyElementPresent_closure1.call(VerifyElementPresentKeyword.groovy)
	at com.kms.katalon.core.webui.keyword.internal.WebUIKeywordMain.runKeyword(WebUIKeywordMain.groovy:20)
	at com.kms.katalon.core.webui.keyword.builtin.VerifyElementPresentKeyword.verifyElementPresent(VerifyElementPresentKeyword.groovy:92)
	at com.kms.katalon.core.webui.keyword.builtin.VerifyElementPresentKeyword.execute(VerifyElementPresentKeyword.groovy:68)
	at com.kms.katalon.core.keyword.internal.KeywordExecutor.executeKeywordForPlatform(KeywordExecutor.groovy:73)
	at com.kms.katalon.core.webui.keyword.WebUiBuiltInKeywords.verifyElementPresent(WebUiBuiltInKeywords.groovy:1445)
	at com.kms.katalon.core.webui.keyword.WebUiBuiltInKeywords$verifyElementPresent$2.call(Unknown Source)
	at login.LoginForAdminDevEnvironment.login(LoginForAdminDevEnvironment.groovy:17)
	at login.LoginForAdminDevEnvironment$login.call(Unknown Source)
	at Login.login(Login.groovy:37)
	at Login.invokeMethod(Login.groovy)
	at com.kms.katalon.core.context.internal.TestHooker.invokeMethod(TestHooker.java:111)
	at com.kms.katalon.core.context.internal.TestHooker.lambda$3(TestHooker.java:95)
	at com.kms.katalon.core.context.internal.TestHooker.invokeContextMethods(TestHooker.java:94)
	at com.kms.katalon.core.context.internal.TestListenerCollector.lambda$3(TestListenerCollector.java:88)
	at com.kms.katalon.core.context.internal.TestListenerCollector.handleListenerEvent(TestListenerCollector.java:85)
	at com.kms.katalon.core.context.internal.ExecutionEventManager.publicEvent(ExecutionEventManager.java:36)
	at com.kms.katalon.core.main.TestCaseExecutor.execute(TestCaseExecutor.java:221)
	at com.kms.katalon.core.main.TestSuiteExecutor.accessTestCaseMainPhase(TestSuiteExecutor.java:191)
	at com.kms.katalon.core.main.TestSuiteExecutor.accessTestSuiteMainPhase(TestSuiteExecutor.java:141)
	at com.kms.katalon.core.main.TestSuiteExecutor.execute(TestSuiteExecutor.java:90)
	at com.kms.katalon.core.main.TestCaseMain.startTestSuite(TestCaseMain.java:157)
	at com.kms.katalon.core.main.TestCaseMain$startTestSuite$0.call(Unknown Source)
	at TempTestSuite1610631842892.run(TempTestSuite1610631842892.groovy:39)
)

2021-01-14 08:50:15 - [TEST_STEP][PASSED] - navigateToUrl(Url): Navigate to 'https://dev-admin.modist.co/' successfully

2021-01-14 08:50:16 - [MESSAGE][PASSED] - Navigate to 'https://dev-admin.modist.co/' successfully

2021-01-14 08:50:16 - [TEST_STEP][PASSED] - loginPage.login(Email, Password): com.kms.katalon.core.webui.exception.WebElementNotFoundException: Web element with id: 'Object Repository/Login Credentials/Email' located by '//input[@name='email']' not found (Root cause: com.kms.katalon.core.exception.StepFailedException: com.kms.katalon.core.webui.exception.WebElementNotFoundException: Web element with id: 'Object Repository/Login Credentials/Email' located by '//input[@name='email']' not found
	at com.kms.katalon.core.webui.keyword.internal.WebUIKeywordMain.stepFailed(WebUIKeywordMain.groovy:64)
	at com.kms.katalon.core.webui.keyword.builtin.VerifyElementPresentKeyword$_verifyElementPresent_closure1.doCall(VerifyElementPresentKeyword.groovy:85)
	at com.kms.katalon.core.webui.keyword.builtin.VerifyElementPresentKeyword$_verifyElementPresent_closure1.call(VerifyElementPresentKeyword.groovy)
	at com.kms.katalon.core.webui.keyword.internal.WebUIKeywordMain.runKeyword(WebUIKeywordMain.groovy:20)
	at com.kms.katalon.core.webui.keyword.builtin.VerifyElementPresentKeyword.verifyElementPresent(VerifyElementPresentKeyword.groovy:92)
	at com.kms.katalon.core.webui.keyword.builtin.VerifyElementPresentKeyword.execute(VerifyElementPresentKeyword.groovy:68)
	at com.kms.katalon.core.keyword.internal.KeywordExecutor.executeKeywordForPlatform(KeywordExecutor.groovy:73)
	at com.kms.katalon.core.webui.keyword.WebUiBuiltInKeywords.verifyElementPresent(WebUiBuiltInKeywords.groovy:1445)
	at com.kms.katalon.core.webui.keyword.WebUiBuiltInKeywords$verifyElementPresent$2.call(Unknown Source)
	at login.LoginForAdminDevEnvironment.login(LoginForAdminDevEnvironment.groovy:17)
	at login.LoginForAdminDevEnvironment$login.call(Unknown Source)
	at Login.login(Login.groovy:37)
	at Login.invokeMethod(Login.groovy)
	at com.kms.katalon.core.context.internal.TestHooker.invokeMethod(TestHooker.java:111)
	at com.kms.katalon.core.context.internal.TestHooker.lambda$3(TestHooker.java:95)
	at com.kms.katalon.core.context.internal.TestHooker.invokeContextMethods(TestHooker.java:94)
	at com.kms.katalon.core.context.internal.TestListenerCollector.lambda$3(TestListenerCollector.java:88)
	at com.kms.katalon.core.context.internal.TestListenerCollector.handleListenerEvent(TestListenerCollector.java:85)
	at com.kms.katalon.core.context.internal.ExecutionEventManager.publicEvent(ExecutionEventManager.java:36)
	at com.kms.katalon.core.main.TestCaseExecutor.execute(TestCaseExecutor.java:221)
	at com.kms.katalon.core.main.TestSuiteExecutor.accessTestCaseMainPhase(TestSuiteExecutor.java:191)
	at com.kms.katalon.core.main.TestSuiteExecutor.accessTestSuiteMainPhase(TestSuiteExecutor.java:141)
	at com.kms.katalon.core.main.TestSuiteExecutor.execute(TestSuiteExecutor.java:90)
	at com.kms.katalon.core.main.TestCaseMain.startTestSuite(TestCaseMain.java:157)
	at com.kms.katalon.core.main.TestCaseMain$startTestSuite$0.call(Unknown Source)
	at TempTestSuite1610631842892.run(TempTestSuite1610631842892.groovy:39)
)

2021-01-14 08:50:21 - [MESSAGE][INFO] - Unable to find the element located by 'By.xpath: //input[@name='email']'. Please recheck the objects properties to make sure the desired element is located. 

2021-01-14 08:50:21 - [MESSAGE][WARNING] - com.kms.katalon.core.webui.exception.WebElementNotFoundException: Web element with id: 'Object Repository/Login Credentials/Email' located by '//input[@name='email']' not found (Root cause: com.kms.katalon.core.exception.StepFailedException: com.kms.katalon.core.webui.exception.WebElementNotFoundException: Web element with id: 'Object Repository/Login Credentials/Email' located by '//input[@name='email']' not found
	at com.kms.katalon.core.webui.keyword.internal.WebUIKeywordMain.stepFailed(WebUIKeywordMain.groovy:64)
	at com.kms.katalon.core.webui.keyword.builtin.VerifyElementPresentKeyword$_verifyElementPresent_closure1.doCall(VerifyElementPresentKeyword.groovy:85)
	at com.kms.katalon.core.webui.keyword.builtin.VerifyElementPresentKeyword$_verifyElementPresent_closure1.call(VerifyElementPresentKeyword.groovy)
	at com.kms.katalon.core.webui.keyword.internal.WebUIKeywordMain.runKeyword(WebUIKeywordMain.groovy:20)
	at com.kms.katalon.core.webui.keyword.builtin.VerifyElementPresentKeyword.verifyElementPresent(VerifyElementPresentKeyword.groovy:92)
	at com.kms.katalon.core.webui.keyword.builtin.VerifyElementPresentKeyword.execute(VerifyElementPresentKeyword.groovy:68)
	at com.kms.katalon.core.keyword.internal.KeywordExecutor.executeKeywordForPlatform(KeywordExecutor.groovy:73)
	at com.kms.katalon.core.webui.keyword.WebUiBuiltInKeywords.verifyElementPresent(WebUiBuiltInKeywords.groovy:1445)
	at com.kms.katalon.core.webui.keyword.WebUiBuiltInKeywords$verifyElementPresent$2.call(Unknown Source)
	at login.LoginForAdminDevEnvironment.login(LoginForAdminDevEnvironment.groovy:17)
	at login.LoginForAdminDevEnvironment$login.call(Unknown Source)
	at Login.login(Login.groovy:37)
	at Login.invokeMethod(Login.groovy)
	at com.kms.katalon.core.context.internal.TestHooker.invokeMethod(TestHooker.java:111)
	at com.kms.katalon.core.context.internal.TestHooker.lambda$3(TestHooker.java:95)
	at com.kms.katalon.core.context.internal.TestHooker.invokeContextMethods(TestHooker.java:94)
	at com.kms.katalon.core.context.internal.TestListenerCollector.lambda$3(TestListenerCollector.java:88)
	at com.kms.katalon.core.context.internal.TestListenerCollector.handleListenerEvent(TestListenerCollector.java:85)
	at com.kms.katalon.core.context.internal.ExecutionEventManager.publicEvent(ExecutionEventManager.java:36)
	at com.kms.katalon.core.main.TestCaseExecutor.execute(TestCaseExecutor.java:221)
	at com.kms.katalon.core.main.TestSuiteExecutor.accessTestCaseMainPhase(TestSuiteExecutor.java:191)
	at com.kms.katalon.core.main.TestSuiteExecutor.accessTestSuiteMainPhase(TestSuiteExecutor.java:141)
	at com.kms.katalon.core.main.TestSuiteExecutor.execute(TestSuiteExecutor.java:90)
	at com.kms.katalon.core.main.TestCaseMain.startTestSuite(TestCaseMain.java:157)
	at com.kms.katalon.core.main.TestCaseMain$startTestSuite$0.call(Unknown Source)
	at TempTestSuite1610631842892.run(TempTestSuite1610631842892.groovy:39)
)
[[ATTACHMENT|E:\\Modist\\ModistProject\\Reports\\20210114_084402\\AllTestCases\\20210114_084402\\1610632221411.png]]

2021-01-14 08:50:21 - [TEST_STEP][PASSED] - pages.Assetsource.navigateToAssetSourceDetailsTab(): pages.Assetsource.navigateToAssetSourceDetailsTab is PASSED

2021-01-14 08:50:22 - [MESSAGE][PASSED] - Object 'Object Repository/AssetSource/Asset Source Tab' is present

2021-01-14 08:50:22 - [MESSAGE][PASSED] - Object 'Object Repository/AssetSource/Asset Source Tab' is visible

2021-01-14 08:50:22 - [MESSAGE][PASSED] - Object 'Object Repository/AssetSource/Asset Source Tab' is clickable

2021-01-14 08:50:23 - [MESSAGE][PASSED] - Object: 'Object Repository/AssetSource/Asset Source Tab' is clicked on

2021-01-14 08:50:23 - [MESSAGE][PASSED] - Object 'Object Repository/AssetSource/Add Asset Source Button' is present

2021-01-14 08:50:23 - [MESSAGE][PASSED] - pages.Assetsource.navigateToAssetSourceDetailsTab is PASSED

2021-01-14 08:50:23 - [TEST_STEP][PASSED] - pages.Assetsource.clickAddAssetSource(): pages.Assetsource.clickAddAssetSource is PASSED

2021-01-14 08:50:23 - [MESSAGE][PASSED] - Object 'Object Repository/AssetSource/Add Asset Source Button' is present

2021-01-14 08:50:24 - [MESSAGE][PASSED] - Object 'Object Repository/AssetSource/Add Asset Source Button' is visible

2021-01-14 08:50:24 - [MESSAGE][PASSED] - Object 'Object Repository/AssetSource/Add Asset Source Button' is clickable

2021-01-14 08:50:25 - [MESSAGE][PASSED] - Object: 'Object Repository/AssetSource/Add Asset Source Button' is clicked on

2021-01-14 08:50:25 - [MESSAGE][PASSED] - Wait for page load successfully

2021-01-14 08:50:25 - [MESSAGE][PASSED] - pages.Assetsource.clickAddAssetSource is PASSED

2021-01-14 08:50:25 - [TEST_STEP][PASSED] - pages.Assetsource.cancelAssetSourcePopup(): pages.Assetsource.cancelAssetSourcePopup is PASSED

2021-01-14 08:50:25 - [MESSAGE][PASSED] - Object 'Object Repository/AssetSource/Cancel Button' is present

2021-01-14 08:50:26 - [MESSAGE][PASSED] - Object 'Object Repository/AssetSource/Cancel Button' is visible

2021-01-14 08:50:26 - [MESSAGE][PASSED] - Object 'Object Repository/AssetSource/Cancel Button' is clickable

2021-01-14 08:50:26 - [MESSAGE][PASSED] - Object: 'Object Repository/AssetSource/Cancel Button' is clicked on

2021-01-14 08:50:27 - [MESSAGE][PASSED] - Object 'Object Repository/AssetSource/Search' is present

2021-01-14 08:50:27 - [MESSAGE][PASSED] - pages.Assetsource.cancelAssetSourcePopup is PASSED]]></system-out>
         <system-err><![CDATA[]]></system-err>
      </testcase>
      <testcase name="Test Cases/Admin/AssetSource/Verify Close button functionality in the Asset Source edit page" time="23.446" classname="Test Cases/Admin/AssetSource/Verify Close button functionality in the Asset Source edit page" status="PASSED">
         <system-out><![CDATA[2021-01-14 08:50:27 - [TEST_CASE][PASSED] - Test Cases/Admin/AssetSource/Verify Close button functionality in the Asset Source edit page: Test Cases/Admin/AssetSource/Verify Close button functionality in the Asset Source edit page

2021-01-14 08:50:27 - [TEST_STEP][PASSED] - Start listener action : login: null

2021-01-14 08:50:27 - [TEST_STEP][PASSED] - Thread.sleep(3000): null

2021-01-14 08:50:30 - [TEST_STEP][PASSED] - url = getUrl(): Current window's url is: 'https://dev-admin.modist.co/dashboard'

2021-01-14 08:50:30 - [MESSAGE][PASSED] - Current window's url is: 'https://dev-admin.modist.co/dashboard'

2021-01-14 08:50:30 - [TEST_STEP][PASSED] - if (!(url.contains("dashboard"))): null

2021-01-14 08:50:30 - [TEST_STEP][PASSED] - sourcename = pages.Assetsource.addAssetSource(): pages.Assetsource.addAssetSource is PASSED

2021-01-14 08:50:30 - [MESSAGE][PASSED] - Object 'Object Repository/AssetSource/Asset Source Tab' is present

2021-01-14 08:50:31 - [MESSAGE][PASSED] - Object 'Object Repository/AssetSource/Asset Source Tab' is visible

2021-01-14 08:50:31 - [MESSAGE][PASSED] - Object 'Object Repository/AssetSource/Asset Source Tab' is clickable

2021-01-14 08:50:31 - [MESSAGE][PASSED] - Object: 'Object Repository/AssetSource/Asset Source Tab' is clicked on

2021-01-14 08:50:32 - [MESSAGE][PASSED] - Object 'Object Repository/AssetSource/Add Asset Source Button' is present

2021-01-14 08:50:32 - [MESSAGE][PASSED] - Object 'Object Repository/AssetSource/Add Asset Source Button' is present

2021-01-14 08:50:32 - [MESSAGE][PASSED] - Object 'Object Repository/AssetSource/Add Asset Source Button' is visible

2021-01-14 08:50:33 - [MESSAGE][PASSED] - Object 'Object Repository/AssetSource/Add Asset Source Button' is clickable

2021-01-14 08:50:33 - [MESSAGE][PASSED] - Object: 'Object Repository/AssetSource/Add Asset Source Button' is clicked on

2021-01-14 08:50:33 - [MESSAGE][PASSED] - Wait for page load successfully

2021-01-14 08:50:33 - [MESSAGE][PASSED] - Object 'Object Repository/AssetSource/Source' is present

2021-01-14 08:50:34 - [MESSAGE][PASSED] - Object 'Object Repository/AssetSource/Source' is visible

2021-01-14 08:50:34 - [MESSAGE][PASSED] - Object 'Object Repository/AssetSource/Source' is clickable

2021-01-14 08:50:35 - [MESSAGE][PASSED] - Text of object 'Object Repository/AssetSource/Source' is cleared

2021-01-14 08:50:35 - [MESSAGE][PASSED] - Keys 'RandomAsset567' sent to object: 'Object Repository/AssetSource/Source'

2021-01-14 08:50:35 - [MESSAGE][PASSED] - Object 'Object Repository/AssetSource/Asset Source button on popup' is present

2021-01-14 08:50:36 - [MESSAGE][PASSED] - Object 'Object Repository/AssetSource/Asset Source button on popup' is visible

2021-01-14 08:50:36 - [MESSAGE][PASSED] - Object 'Object Repository/AssetSource/Asset Source button on popup' is clickable

2021-01-14 08:50:36 - [MESSAGE][PASSED] - Object: 'Object Repository/AssetSource/Asset Source button on popup' is clicked on

2021-01-14 08:50:36 - [MESSAGE][PASSED] - pages.Assetsource.addAssetSource is PASSED

2021-01-14 08:50:36 - [TEST_STEP][PASSED] - println(sourcename): null

2021-01-14 08:50:36 - [TEST_STEP][PASSED] - pages.Assetsource.openAnyExistingAssetSource(sourcename): pages.Assetsource.openAnyExistingAssetSource is PASSED

2021-01-14 08:50:37 - [MESSAGE][PASSED] - Object 'Object Repository/AssetSource/Search' is present

2021-01-14 08:50:37 - [MESSAGE][PASSED] - Object 'Object Repository/AssetSource/Search' is visible

2021-01-14 08:50:37 - [MESSAGE][PASSED] - Object 'Object Repository/AssetSource/Search' is clickable

2021-01-14 08:50:38 - [MESSAGE][PASSED] - Text of object 'Object Repository/AssetSource/Search' is cleared

2021-01-14 08:50:38 - [MESSAGE][PASSED] - Keys '' sent to object: 'Object Repository/AssetSource/Search'

2021-01-14 08:50:39 - [MESSAGE][PASSED] - Keys 'R' sent to object: 'Object Repository/AssetSource/Search'

2021-01-14 08:50:39 - [MESSAGE][PASSED] - Keys 'a' sent to object: 'Object Repository/AssetSource/Search'

2021-01-14 08:50:40 - [MESSAGE][PASSED] - Keys 'n' sent to object: 'Object Repository/AssetSource/Search'

2021-01-14 08:50:40 - [MESSAGE][PASSED] - Keys 'd' sent to object: 'Object Repository/AssetSource/Search'

2021-01-14 08:50:41 - [MESSAGE][PASSED] - Keys 'o' sent to object: 'Object Repository/AssetSource/Search'

2021-01-14 08:50:41 - [MESSAGE][PASSED] - Keys 'm' sent to object: 'Object Repository/AssetSource/Search'

2021-01-14 08:50:41 - [MESSAGE][PASSED] - Keys 'A' sent to object: 'Object Repository/AssetSource/Search'

2021-01-14 08:50:42 - [MESSAGE][PASSED] - Keys 's' sent to object: 'Object Repository/AssetSource/Search'

2021-01-14 08:50:42 - [MESSAGE][PASSED] - Keys 's' sent to object: 'Object Repository/AssetSource/Search'

2021-01-14 08:50:42 - [MESSAGE][PASSED] - Keys 'e' sent to object: 'Object Repository/AssetSource/Search'

2021-01-14 08:50:43 - [MESSAGE][PASSED] - Keys 't' sent to object: 'Object Repository/AssetSource/Search'

2021-01-14 08:50:43 - [MESSAGE][PASSED] - Keys '5' sent to object: 'Object Repository/AssetSource/Search'

2021-01-14 08:50:44 - [MESSAGE][PASSED] - Keys '6' sent to object: 'Object Repository/AssetSource/Search'

2021-01-14 08:50:45 - [MESSAGE][PASSED] - Keys '7' sent to object: 'Object Repository/AssetSource/Search'

2021-01-14 08:50:45 - [MESSAGE][PASSED] - Scroll to object 'Object Repository/AssetSource/AssetSourceName' successfully

2021-01-14 08:50:46 - [MESSAGE][PASSED] - Object 'Object Repository/AssetSource/AssetSourceName' is present

2021-01-14 08:50:47 - [MESSAGE][PASSED] - Object 'Object Repository/AssetSource/AssetSourceName' is visible

2021-01-14 08:50:47 - [MESSAGE][PASSED] - Object 'Object Repository/AssetSource/AssetSourceName' is clickable

2021-01-14 08:50:47 - [MESSAGE][PASSED] - Object: 'Object Repository/AssetSource/AssetSourceName' is clicked on

2021-01-14 08:50:48 - [MESSAGE][PASSED] - Object 'Object Repository/AssetSource/AssetSourceEdit(save button)' is present

2021-01-14 08:50:48 - [MESSAGE][PASSED] - pages.Assetsource.openAnyExistingAssetSource is PASSED

2021-01-14 08:50:48 - [TEST_STEP][PASSED] - pages.Assetsource.closeAssetSourceEditpage(): pages.Assetsource.closeAssetSourceEditpage is PASSED

2021-01-14 08:50:48 - [MESSAGE][PASSED] - Object 'Object Repository/AssetSource/Close Button' is present

2021-01-14 08:50:49 - [MESSAGE][PASSED] - Object 'Object Repository/AssetSource/Close Button' is visible

2021-01-14 08:50:49 - [MESSAGE][PASSED] - Object 'Object Repository/AssetSource/Close Button' is clickable

2021-01-14 08:50:49 - [MESSAGE][PASSED] - Object: 'Object Repository/AssetSource/Close Button' is clicked on

2021-01-14 08:50:50 - [MESSAGE][PASSED] - Object 'Object Repository/AssetSource/Search' is present

2021-01-14 08:50:50 - [MESSAGE][PASSED] - pages.Assetsource.closeAssetSourceEditpage is PASSED]]></system-out>
         <system-err><![CDATA[]]></system-err>
      </testcase>
      <testcase name="Test Cases/Admin/AssetSource/Verify elements on Add Asset Source popup" time="8.929" classname="Test Cases/Admin/AssetSource/Verify elements on Add Asset Source popup" status="PASSED">
         <system-out><![CDATA[2021-01-14 08:50:50 - [TEST_CASE][PASSED] - Test Cases/Admin/AssetSource/Verify elements on Add Asset Source popup: Test Cases/Admin/AssetSource/Verify elements on Add Asset Source popup

2021-01-14 08:50:50 - [TEST_STEP][PASSED] - Start listener action : login: null

2021-01-14 08:50:50 - [TEST_STEP][PASSED] - Thread.sleep(3000): null

2021-01-14 08:50:53 - [TEST_STEP][PASSED] - url = getUrl(): Current window's url is: 'https://dev-admin.modist.co/dashboard'

2021-01-14 08:50:53 - [MESSAGE][PASSED] - Current window's url is: 'https://dev-admin.modist.co/dashboard'

2021-01-14 08:50:53 - [TEST_STEP][PASSED] - if (!(url.contains("dashboard"))): null

2021-01-14 08:50:53 - [TEST_STEP][PASSED] - pages.Assetsource.navigateToAssetSourceDetailsTab(): pages.Assetsource.navigateToAssetSourceDetailsTab is PASSED

2021-01-14 08:50:54 - [MESSAGE][PASSED] - Object 'Object Repository/AssetSource/Asset Source Tab' is present

2021-01-14 08:50:54 - [MESSAGE][PASSED] - Object 'Object Repository/AssetSource/Asset Source Tab' is visible

2021-01-14 08:50:54 - [MESSAGE][PASSED] - Object 'Object Repository/AssetSource/Asset Source Tab' is clickable

2021-01-14 08:50:55 - [MESSAGE][PASSED] - Object: 'Object Repository/AssetSource/Asset Source Tab' is clicked on

2021-01-14 08:50:55 - [MESSAGE][PASSED] - Object 'Object Repository/AssetSource/Add Asset Source Button' is present

2021-01-14 08:50:55 - [MESSAGE][PASSED] - pages.Assetsource.navigateToAssetSourceDetailsTab is PASSED

2021-01-14 08:50:55 - [TEST_STEP][PASSED] - pages.Assetsource.clickAddAssetSource(): pages.Assetsource.clickAddAssetSource is PASSED

2021-01-14 08:50:55 - [MESSAGE][PASSED] - Object 'Object Repository/AssetSource/Add Asset Source Button' is present

2021-01-14 08:50:56 - [MESSAGE][PASSED] - Object 'Object Repository/AssetSource/Add Asset Source Button' is visible

2021-01-14 08:50:56 - [MESSAGE][PASSED] - Object 'Object Repository/AssetSource/Add Asset Source Button' is clickable

2021-01-14 08:50:56 - [MESSAGE][PASSED] - Object: 'Object Repository/AssetSource/Add Asset Source Button' is clicked on

2021-01-14 08:50:56 - [MESSAGE][PASSED] - Wait for page load successfully

2021-01-14 08:50:56 - [MESSAGE][PASSED] - pages.Assetsource.clickAddAssetSource is PASSED

2021-01-14 08:50:56 - [TEST_STEP][PASSED] - pages.Assetsource.verifyAssetSourcePopUp(): pages.Assetsource.verifyAssetSourcePopUp is PASSED

2021-01-14 08:50:57 - [MESSAGE][PASSED] - Object 'Object Repository/AssetSource/sourceLabel' is present

2021-01-14 08:50:57 - [MESSAGE][PASSED] - Object 'Object Repository/AssetSource/Tenant' is present

2021-01-14 08:50:58 - [MESSAGE][PASSED] - Object 'Object Repository/AssetSource/Cancel Button' is present

2021-01-14 08:50:58 - [MESSAGE][PASSED] - Object 'Object Repository/AssetSource/Asset Source button on popup' is present

2021-01-14 08:50:58 - [MESSAGE][PASSED] - Object 'Object Repository/AssetSource/Cancel Button' is present

2021-01-14 08:50:59 - [MESSAGE][PASSED] - Object 'Object Repository/AssetSource/Cancel Button' is visible

2021-01-14 08:50:59 - [MESSAGE][PASSED] - Object 'Object Repository/AssetSource/Cancel Button' is clickable

2021-01-14 08:50:59 - [MESSAGE][PASSED] - Object: 'Object Repository/AssetSource/Cancel Button' is clicked on

2021-01-14 08:50:59 - [MESSAGE][PASSED] - pages.Assetsource.verifyAssetSourcePopUp is PASSED]]></system-out>
         <system-err><![CDATA[]]></system-err>
      </testcase>
      <testcase name="Test Cases/Admin/Brand/Add a Brand without filling mandatory details" time="38.238" classname="Test Cases/Admin/Brand/Add a Brand without filling mandatory details" status="PASSED">
         <system-out><![CDATA[2021-01-14 08:50:59 - [TEST_CASE][PASSED] - Test Cases/Admin/Brand/Add a Brand without filling mandatory details: Test Cases/Admin/Brand/Add a Brand without filling mandatory details

2021-01-14 08:50:59 - [TEST_STEP][PASSED] - Start listener action : login: null

2021-01-14 08:50:59 - [TEST_STEP][PASSED] - Thread.sleep(3000): null

2021-01-14 08:51:02 - [TEST_STEP][PASSED] - url = getUrl(): Current window's url is: 'https://dev-admin.modist.co/dashboard'

2021-01-14 08:51:02 - [MESSAGE][PASSED] - Current window's url is: 'https://dev-admin.modist.co/dashboard'

2021-01-14 08:51:02 - [TEST_STEP][PASSED] - if (!(url.contains("dashboard"))): null

2021-01-14 08:51:02 - [TEST_STEP][PASSED] - pages.Brand.addBrandWithoutfillingmandatoryDetails(): pages.Brand.addBrandWithoutfillingmandatoryDetails is PASSED

2021-01-14 08:51:03 - [MESSAGE][PASSED] - Object: 'Object Repository/Brand/clickOnBrandTab' is clicked on

2021-01-14 08:51:04 - [MESSAGE][PASSED] - Object: 'Object Repository/Brand/AddBrandbutton' is clicked on

2021-01-14 08:51:05 - [MESSAGE][PASSED] - Object 'Object Repository/Brand/AddBrandPopup/AddBrandButtonInAddBrandPopup' is present

2021-01-14 08:51:05 - [MESSAGE][PASSED] - Object 'Object Repository/Brand/AddBrandPopup/AddBrandButtonInAddBrandPopup' is visible

2021-01-14 08:51:36 - [MESSAGE][WARNING] - Object 'Object Repository/Brand/AddBrandPopup/AddBrandButtonInAddBrandPopup' is not clickable after 30 second(s)

2021-01-14 08:51:36 - [MESSAGE][PASSED] - Object: 'Object Repository/Brand/AddBrandPopup/AddBrandButtonInAddBrandPopup' is clicked on

2021-01-14 08:51:36 - [MESSAGE][PASSED] - Object 'Object Repository/Brand/AddBrandPopup/cancelButtonAddBrandPopup' is present

2021-01-14 08:51:37 - [MESSAGE][PASSED] - Object 'Object Repository/Brand/AddBrandPopup/cancelButtonAddBrandPopup' is visible

2021-01-14 08:51:37 - [MESSAGE][PASSED] - Object 'Object Repository/Brand/AddBrandPopup/cancelButtonAddBrandPopup' is clickable

2021-01-14 08:51:37 - [MESSAGE][PASSED] - Object: 'Object Repository/Brand/AddBrandPopup/cancelButtonAddBrandPopup' is clicked on

2021-01-14 08:51:37 - [MESSAGE][PASSED] - pages.Brand.addBrandWithoutfillingmandatoryDetails is PASSED]]></system-out>
         <system-err><![CDATA[]]></system-err>
      </testcase>
      <testcase name="Test Cases/Admin/Brand/createBrandAndVerifyIsItSuccessfullyCreated" time="17.47" classname="Test Cases/Admin/Brand/createBrandAndVerifyIsItSuccessfullyCreated" status="PASSED">
         <system-out><![CDATA[2021-01-14 08:51:37 - [TEST_CASE][PASSED] - Test Cases/Admin/Brand/createBrandAndVerifyIsItSuccessfullyCreated: Test Cases/Admin/Brand/createBrandAndVerifyIsItSuccessfullyCreated

2021-01-14 08:51:37 - [TEST_STEP][PASSED] - Start listener action : login: null

2021-01-14 08:51:37 - [TEST_STEP][PASSED] - Thread.sleep(3000): null

2021-01-14 08:51:40 - [TEST_STEP][PASSED] - url = getUrl(): Current window's url is: 'https://dev-admin.modist.co/dashboard'

2021-01-14 08:51:41 - [MESSAGE][PASSED] - Current window's url is: 'https://dev-admin.modist.co/dashboard'

2021-01-14 08:51:41 - [TEST_STEP][PASSED] - if (!(url.contains("dashboard"))): null

2021-01-14 08:51:41 - [TEST_STEP][PASSED] - pages.Brand.clickBrand(): pages.Brand.clickBrand is PASSED

2021-01-14 08:51:41 - [MESSAGE][PASSED] - Object: 'Object Repository/Brand/clickOnBrandTab' is clicked on

2021-01-14 08:51:41 - [MESSAGE][PASSED] - pages.Brand.clickBrand is PASSED

2021-01-14 08:51:41 - [TEST_STEP][PASSED] - brandName = pages.Brand.addBrand(): pages.Brand.addBrand is PASSED

2021-01-14 08:51:42 - [MESSAGE][PASSED] - Object 'Object Repository/Brand/AddBrandbutton' is present

2021-01-14 08:51:42 - [MESSAGE][PASSED] - Object 'Object Repository/Brand/AddBrandbutton' is visible

2021-01-14 08:51:42 - [MESSAGE][PASSED] - Object 'Object Repository/Brand/AddBrandbutton' is clickable

2021-01-14 08:51:43 - [MESSAGE][PASSED] - Object: 'Object Repository/Brand/AddBrandbutton' is clicked on

2021-01-14 08:51:43 - [MESSAGE][PASSED] - Object 'Object Repository/Brand/AddBrandPopup/name' is present

2021-01-14 08:51:44 - [MESSAGE][PASSED] - Object 'Object Repository/Brand/AddBrandPopup/name' is visible

2021-01-14 08:51:44 - [MESSAGE][PASSED] - Object 'Object Repository/Brand/AddBrandPopup/name' is clickable

2021-01-14 08:51:44 - [MESSAGE][PASSED] - Text of object 'Object Repository/Brand/AddBrandPopup/name' is cleared

2021-01-14 08:51:45 - [MESSAGE][PASSED] - Keys 'Brand346' sent to object: 'Object Repository/Brand/AddBrandPopup/name'

2021-01-14 08:51:45 - [MESSAGE][PASSED] - Object 'Object Repository/Brand/AddBrandPopup/AddBrandButtonInAddBrandPopup' is present

2021-01-14 08:51:46 - [MESSAGE][PASSED] - Object 'Object Repository/Brand/AddBrandPopup/AddBrandButtonInAddBrandPopup' is visible

2021-01-14 08:51:46 - [MESSAGE][PASSED] - Object 'Object Repository/Brand/AddBrandPopup/AddBrandButtonInAddBrandPopup' is clickable

2021-01-14 08:51:46 - [MESSAGE][PASSED] - Object: 'Object Repository/Brand/AddBrandPopup/AddBrandButtonInAddBrandPopup' is clicked on

2021-01-14 08:51:46 - [MESSAGE][PASSED] - pages.Brand.addBrand is PASSED

2021-01-14 08:51:46 - [TEST_STEP][PASSED] - pages.Brand.verifyTheBrandCreated(brandName): pages.Brand.verifyTheBrandCreated is PASSED

2021-01-14 08:51:48 - [MESSAGE][PASSED] - Object 'Object Repository/Brand/search' is present

2021-01-14 08:51:48 - [MESSAGE][PASSED] - Object 'Object Repository/Brand/search' is visible

2021-01-14 08:51:48 - [MESSAGE][PASSED] - Object 'Object Repository/Brand/search' is clickable

2021-01-14 08:51:49 - [MESSAGE][PASSED] - Text of object 'Object Repository/Brand/search' is cleared

2021-01-14 08:51:49 - [MESSAGE][PASSED] - Keys '' sent to object: 'Object Repository/Brand/search'

2021-01-14 08:51:50 - [MESSAGE][PASSED] - Keys 'B' sent to object: 'Object Repository/Brand/search'

2021-01-14 08:51:50 - [MESSAGE][PASSED] - Keys 'r' sent to object: 'Object Repository/Brand/search'

2021-01-14 08:51:51 - [MESSAGE][PASSED] - Keys 'a' sent to object: 'Object Repository/Brand/search'

2021-01-14 08:51:52 - [MESSAGE][PASSED] - Keys 'n' sent to object: 'Object Repository/Brand/search'

2021-01-14 08:51:52 - [MESSAGE][PASSED] - Keys 'd' sent to object: 'Object Repository/Brand/search'

2021-01-14 08:51:53 - [MESSAGE][PASSED] - Keys '3' sent to object: 'Object Repository/Brand/search'

2021-01-14 08:51:53 - [MESSAGE][PASSED] - Keys '4' sent to object: 'Object Repository/Brand/search'

2021-01-14 08:51:55 - [MESSAGE][PASSED] - Keys '6' sent to object: 'Object Repository/Brand/search'

2021-01-14 08:51:55 - [MESSAGE][PASSED] - Object 'Object Repository/Brand/createdBrand(brandName)' is present

2021-01-14 08:51:55 - [MESSAGE][PASSED] - pages.Brand.verifyTheBrandCreated is PASSED]]></system-out>
         <system-err><![CDATA[]]></system-err>
      </testcase>
      <testcase name="Test Cases/Admin/Brand/Delete a Brand and verify" time="27.635" classname="Test Cases/Admin/Brand/Delete a Brand and verify" status="PASSED">
         <system-out><![CDATA[2021-01-14 08:51:55 - [TEST_CASE][PASSED] - Test Cases/Admin/Brand/Delete a Brand and verify: Test Cases/Admin/Brand/Delete a Brand and verify

2021-01-14 08:51:55 - [TEST_STEP][PASSED] - Start listener action : login: null

2021-01-14 08:51:55 - [TEST_STEP][PASSED] - Thread.sleep(3000): null

2021-01-14 08:51:58 - [TEST_STEP][PASSED] - url = getUrl(): Current window's url is: 'https://dev-admin.modist.co/dashboard'

2021-01-14 08:51:58 - [MESSAGE][PASSED] - Current window's url is: 'https://dev-admin.modist.co/dashboard'

2021-01-14 08:51:58 - [TEST_STEP][PASSED] - if (!(url.contains("dashboard"))): null

2021-01-14 08:51:58 - [TEST_STEP][PASSED] - brandName = pages.Brand.addBrand(): pages.Brand.addBrand is PASSED

2021-01-14 08:51:59 - [MESSAGE][PASSED] - Object 'Object Repository/Brand/AddBrandbutton' is present

2021-01-14 08:51:59 - [MESSAGE][PASSED] - Object 'Object Repository/Brand/AddBrandbutton' is visible

2021-01-14 08:51:59 - [MESSAGE][PASSED] - Object 'Object Repository/Brand/AddBrandbutton' is clickable

2021-01-14 08:51:59 - [MESSAGE][PASSED] - Object: 'Object Repository/Brand/AddBrandbutton' is clicked on

2021-01-14 08:52:00 - [MESSAGE][PASSED] - Object 'Object Repository/Brand/AddBrandPopup/name' is present

2021-01-14 08:52:00 - [MESSAGE][PASSED] - Object 'Object Repository/Brand/AddBrandPopup/name' is visible

2021-01-14 08:52:01 - [MESSAGE][PASSED] - Object 'Object Repository/Brand/AddBrandPopup/name' is clickable

2021-01-14 08:52:01 - [MESSAGE][PASSED] - Text of object 'Object Repository/Brand/AddBrandPopup/name' is cleared

2021-01-14 08:52:01 - [MESSAGE][PASSED] - Keys 'Brand188' sent to object: 'Object Repository/Brand/AddBrandPopup/name'

2021-01-14 08:52:02 - [MESSAGE][PASSED] - Object 'Object Repository/Brand/AddBrandPopup/AddBrandButtonInAddBrandPopup' is present

2021-01-14 08:52:02 - [MESSAGE][PASSED] - Object 'Object Repository/Brand/AddBrandPopup/AddBrandButtonInAddBrandPopup' is visible

2021-01-14 08:52:02 - [MESSAGE][PASSED] - Object 'Object Repository/Brand/AddBrandPopup/AddBrandButtonInAddBrandPopup' is clickable

2021-01-14 08:52:03 - [MESSAGE][PASSED] - Object: 'Object Repository/Brand/AddBrandPopup/AddBrandButtonInAddBrandPopup' is clicked on

2021-01-14 08:52:03 - [MESSAGE][PASSED] - pages.Brand.addBrand is PASSED

2021-01-14 08:52:03 - [TEST_STEP][PASSED] - println(brandName): null

2021-01-14 08:52:03 - [TEST_STEP][PASSED] - pages.Brand.deleteBrand(brandName): pages.Brand.deleteBrand is PASSED

2021-01-14 08:52:03 - [MESSAGE][PASSED] - Object 'Object Repository/Brand/search' is present

2021-01-14 08:52:04 - [MESSAGE][PASSED] - Object 'Object Repository/Brand/search' is visible

2021-01-14 08:52:05 - [MESSAGE][PASSED] - Object 'Object Repository/Brand/search' is clickable

2021-01-14 08:52:05 - [MESSAGE][PASSED] - Text of object 'Object Repository/Brand/search' is cleared

2021-01-14 08:52:05 - [MESSAGE][PASSED] - Keys '' sent to object: 'Object Repository/Brand/search'

2021-01-14 08:52:06 - [MESSAGE][PASSED] - Keys 'B' sent to object: 'Object Repository/Brand/search'

2021-01-14 08:52:06 - [MESSAGE][PASSED] - Keys 'r' sent to object: 'Object Repository/Brand/search'

2021-01-14 08:52:07 - [MESSAGE][PASSED] - Keys 'a' sent to object: 'Object Repository/Brand/search'

2021-01-14 08:52:08 - [MESSAGE][PASSED] - Keys 'n' sent to object: 'Object Repository/Brand/search'

2021-01-14 08:52:09 - [MESSAGE][PASSED] - Keys 'd' sent to object: 'Object Repository/Brand/search'

2021-01-14 08:52:09 - [MESSAGE][PASSED] - Keys '1' sent to object: 'Object Repository/Brand/search'

2021-01-14 08:52:10 - [MESSAGE][PASSED] - Keys '8' sent to object: 'Object Repository/Brand/search'

2021-01-14 08:52:11 - [MESSAGE][PASSED] - Keys '8' sent to object: 'Object Repository/Brand/search'

2021-01-14 08:52:11 - [MESSAGE][PASSED] - Scroll to object 'Object Repository/Brand/createdBrand(brandName)' successfully

2021-01-14 08:52:12 - [MESSAGE][PASSED] - Object 'Object Repository/Brand/createdBrand(brandName)' is visible

2021-01-14 08:52:12 - [MESSAGE][PASSED] - Object 'Object Repository/Brand/createdBrand(brandName)' is present

2021-01-14 08:52:13 - [MESSAGE][PASSED] - Object 'Object Repository/Brand/createdBrand(brandName)' is visible

2021-01-14 08:52:13 - [MESSAGE][PASSED] - Object 'Object Repository/Brand/createdBrand(brandName)' is clickable

2021-01-14 08:52:13 - [MESSAGE][PASSED] - Object: 'Object Repository/Brand/createdBrand(brandName)' is clicked on

2021-01-14 08:52:14 - [MESSAGE][PASSED] - Object 'Object Repository/Brand/Delete Button' is present

2021-01-14 08:52:14 - [MESSAGE][PASSED] - Object 'Object Repository/Brand/Delete Button' is visible

2021-01-14 08:52:15 - [MESSAGE][PASSED] - Object 'Object Repository/Brand/Delete Button' is clickable

2021-01-14 08:52:15 - [MESSAGE][PASSED] - Object: 'Object Repository/Brand/Delete Button' is clicked on

2021-01-14 08:52:15 - [MESSAGE][PASSED] - pages.Brand.deleteBrand is PASSED

2021-01-14 08:52:15 - [TEST_STEP][PASSED] - pages.Brand.verifyABrandDeleted(brandName): pages.Brand.verifyABrandDeleted is PASSED

2021-01-14 08:52:16 - [MESSAGE][PASSED] - Object 'Object Repository/Brand/search' is present

2021-01-14 08:52:17 - [MESSAGE][PASSED] - Object 'Object Repository/Brand/search' is visible

2021-01-14 08:52:17 - [MESSAGE][PASSED] - Object 'Object Repository/Brand/search' is clickable

2021-01-14 08:52:17 - [MESSAGE][PASSED] - Text of object 'Object Repository/Brand/search' is cleared

2021-01-14 08:52:18 - [MESSAGE][PASSED] - Keys '' sent to object: 'Object Repository/Brand/search'

2021-01-14 08:52:18 - [MESSAGE][PASSED] - Keys 'B' sent to object: 'Object Repository/Brand/search'

2021-01-14 08:52:18 - [MESSAGE][PASSED] - Keys 'r' sent to object: 'Object Repository/Brand/search'

2021-01-14 08:52:20 - [MESSAGE][PASSED] - Keys 'a' sent to object: 'Object Repository/Brand/search'

2021-01-14 08:52:20 - [MESSAGE][PASSED] - Keys 'n' sent to object: 'Object Repository/Brand/search'

2021-01-14 08:52:21 - [MESSAGE][PASSED] - Keys 'd' sent to object: 'Object Repository/Brand/search'

2021-01-14 08:52:21 - [MESSAGE][PASSED] - Keys '1' sent to object: 'Object Repository/Brand/search'

2021-01-14 08:52:21 - [MESSAGE][PASSED] - Keys '8' sent to object: 'Object Repository/Brand/search'

2021-01-14 08:52:22 - [MESSAGE][PASSED] - Keys '8' sent to object: 'Object Repository/Brand/search'

2021-01-14 08:52:23 - [MESSAGE][PASSED] - Web element with id: 'Object Repository/Brand/createdBrand(brandName)' located by 'By.xpath: //div[@class='sc-jrsJCI ivRwdr rdt_TableRow']//div[text()='Brand188']' is not present after '30' second(s)

2021-01-14 08:52:23 - [MESSAGE][PASSED] - pages.Brand.verifyABrandDeleted is PASSED]]></system-out>
         <system-err><![CDATA[]]></system-err>
      </testcase>
      <testcase name="Test Cases/Admin/Brand/Edit a Brand and Verify" time="32.7" classname="Test Cases/Admin/Brand/Edit a Brand and Verify" status="PASSED">
         <system-out><![CDATA[2021-01-14 08:52:23 - [TEST_CASE][PASSED] - Test Cases/Admin/Brand/Edit a Brand and Verify: Test Cases/Admin/Brand/Edit a Brand and Verify

2021-01-14 08:52:23 - [TEST_STEP][PASSED] - Start listener action : login: null

2021-01-14 08:52:23 - [TEST_STEP][PASSED] - Thread.sleep(3000): null

2021-01-14 08:52:26 - [TEST_STEP][PASSED] - url = getUrl(): Current window's url is: 'https://dev-admin.modist.co/dashboard'

2021-01-14 08:52:26 - [MESSAGE][PASSED] - Current window's url is: 'https://dev-admin.modist.co/dashboard'

2021-01-14 08:52:26 - [TEST_STEP][PASSED] - if (!(url.contains("dashboard"))): null

2021-01-14 08:52:26 - [TEST_STEP][PASSED] - brandName = pages.Brand.addBrand(): pages.Brand.addBrand is PASSED

2021-01-14 08:52:26 - [MESSAGE][PASSED] - Object 'Object Repository/Brand/AddBrandbutton' is present

2021-01-14 08:52:27 - [MESSAGE][PASSED] - Object 'Object Repository/Brand/AddBrandbutton' is visible

2021-01-14 08:52:27 - [MESSAGE][PASSED] - Object 'Object Repository/Brand/AddBrandbutton' is clickable

2021-01-14 08:52:27 - [MESSAGE][PASSED] - Object: 'Object Repository/Brand/AddBrandbutton' is clicked on

2021-01-14 08:52:28 - [MESSAGE][PASSED] - Object 'Object Repository/Brand/AddBrandPopup/name' is present

2021-01-14 08:52:28 - [MESSAGE][PASSED] - Object 'Object Repository/Brand/AddBrandPopup/name' is visible

2021-01-14 08:52:28 - [MESSAGE][PASSED] - Object 'Object Repository/Brand/AddBrandPopup/name' is clickable

2021-01-14 08:52:29 - [MESSAGE][PASSED] - Text of object 'Object Repository/Brand/AddBrandPopup/name' is cleared

2021-01-14 08:52:29 - [MESSAGE][PASSED] - Keys 'Brand29' sent to object: 'Object Repository/Brand/AddBrandPopup/name'

2021-01-14 08:52:30 - [MESSAGE][PASSED] - Object 'Object Repository/Brand/AddBrandPopup/AddBrandButtonInAddBrandPopup' is present

2021-01-14 08:52:30 - [MESSAGE][PASSED] - Object 'Object Repository/Brand/AddBrandPopup/AddBrandButtonInAddBrandPopup' is visible

2021-01-14 08:52:30 - [MESSAGE][PASSED] - Object 'Object Repository/Brand/AddBrandPopup/AddBrandButtonInAddBrandPopup' is clickable

2021-01-14 08:52:31 - [MESSAGE][PASSED] - Object: 'Object Repository/Brand/AddBrandPopup/AddBrandButtonInAddBrandPopup' is clicked on

2021-01-14 08:52:31 - [MESSAGE][PASSED] - pages.Brand.addBrand is PASSED

2021-01-14 08:52:31 - [TEST_STEP][PASSED] - println(brandName): null

2021-01-14 08:52:31 - [TEST_STEP][PASSED] - brandeditedname = pages.Brand.editBrandName(brandName): pages.Brand.editBrandName is PASSED

2021-01-14 08:52:31 - [MESSAGE][PASSED] - Object 'Object Repository/Brand/search' is present

2021-01-14 08:52:32 - [MESSAGE][PASSED] - Object 'Object Repository/Brand/search' is visible

2021-01-14 08:52:32 - [MESSAGE][PASSED] - Object 'Object Repository/Brand/search' is clickable

2021-01-14 08:52:33 - [MESSAGE][PASSED] - Text of object 'Object Repository/Brand/search' is cleared

2021-01-14 08:52:33 - [MESSAGE][PASSED] - Keys '' sent to object: 'Object Repository/Brand/search'

2021-01-14 08:52:34 - [MESSAGE][PASSED] - Keys 'B' sent to object: 'Object Repository/Brand/search'

2021-01-14 08:52:34 - [MESSAGE][PASSED] - Keys 'r' sent to object: 'Object Repository/Brand/search'

2021-01-14 08:52:35 - [MESSAGE][PASSED] - Keys 'a' sent to object: 'Object Repository/Brand/search'

2021-01-14 08:52:36 - [MESSAGE][PASSED] - Keys 'n' sent to object: 'Object Repository/Brand/search'

2021-01-14 08:52:36 - [MESSAGE][PASSED] - Keys 'd' sent to object: 'Object Repository/Brand/search'

2021-01-14 08:52:37 - [MESSAGE][PASSED] - Keys '2' sent to object: 'Object Repository/Brand/search'

2021-01-14 08:52:37 - [MESSAGE][PASSED] - Keys '9' sent to object: 'Object Repository/Brand/search'

2021-01-14 08:52:38 - [MESSAGE][PASSED] - Scroll to object 'Object Repository/Brand/createdBrand(brandName)' successfully

2021-01-14 08:52:39 - [MESSAGE][PASSED] - Object 'Object Repository/Brand/createdBrand(brandName)' is visible

2021-01-14 08:52:39 - [MESSAGE][PASSED] - Object 'Object Repository/Brand/createdBrand(brandName)' is present

2021-01-14 08:52:39 - [MESSAGE][PASSED] - Object 'Object Repository/Brand/createdBrand(brandName)' is visible

2021-01-14 08:52:40 - [MESSAGE][PASSED] - Object 'Object Repository/Brand/createdBrand(brandName)' is clickable

2021-01-14 08:52:40 - [MESSAGE][PASSED] - Object: 'Object Repository/Brand/createdBrand(brandName)' is clicked on

2021-01-14 08:52:41 - [MESSAGE][PASSED] - Text of object 'Object Repository/Brand/AddBrandPopup/name' is cleared

2021-01-14 08:52:41 - [MESSAGE][PASSED] - Object 'Object Repository/Brand/AddBrandPopup/name' is present

2021-01-14 08:52:42 - [MESSAGE][PASSED] - Object 'Object Repository/Brand/AddBrandPopup/name' is visible

2021-01-14 08:52:42 - [MESSAGE][PASSED] - Object 'Object Repository/Brand/AddBrandPopup/name' is clickable

2021-01-14 08:52:42 - [MESSAGE][PASSED] - Text of object 'Object Repository/Brand/AddBrandPopup/name' is cleared

2021-01-14 08:52:43 - [MESSAGE][PASSED] - Keys 'editedbrandname8' sent to object: 'Object Repository/Brand/AddBrandPopup/name'

2021-01-14 08:52:43 - [MESSAGE][PASSED] - Object 'Object Repository/Brand/AddBrandPopup/save button' is present

2021-01-14 08:52:44 - [MESSAGE][PASSED] - Object 'Object Repository/Brand/AddBrandPopup/save button' is visible

2021-01-14 08:52:44 - [MESSAGE][PASSED] - Object 'Object Repository/Brand/AddBrandPopup/save button' is clickable

2021-01-14 08:52:44 - [MESSAGE][PASSED] - Object: 'Object Repository/Brand/AddBrandPopup/save button' is clicked on

2021-01-14 08:52:45 - [MESSAGE][PASSED] - Object 'Object Repository/Brand/AddBrandPopup/Close Button' is present

2021-01-14 08:52:45 - [MESSAGE][PASSED] - Object 'Object Repository/Brand/AddBrandPopup/Close Button' is visible

2021-01-14 08:52:45 - [MESSAGE][PASSED] - Object 'Object Repository/Brand/AddBrandPopup/Close Button' is clickable

2021-01-14 08:52:46 - [MESSAGE][PASSED] - Object: 'Object Repository/Brand/AddBrandPopup/Close Button' is clicked on

2021-01-14 08:52:46 - [MESSAGE][PASSED] - pages.Brand.editBrandName is PASSED

2021-01-14 08:52:46 - [TEST_STEP][PASSED] - println(brandeditedname): null

2021-01-14 08:52:46 - [TEST_STEP][PASSED] - pages.Brand.verifyeditedBrandName(brandeditedname): pages.Brand.verifyeditedBrandName is PASSED

2021-01-14 08:52:46 - [MESSAGE][PASSED] - Object 'Object Repository/Brand/search' is present

2021-01-14 08:52:47 - [MESSAGE][PASSED] - Object 'Object Repository/Brand/search' is visible

2021-01-14 08:52:48 - [MESSAGE][PASSED] - Object 'Object Repository/Brand/search' is clickable

2021-01-14 08:52:48 - [MESSAGE][PASSED] - Text of object 'Object Repository/Brand/search' is cleared

2021-01-14 08:52:48 - [MESSAGE][PASSED] - Keys '' sent to object: 'Object Repository/Brand/search'

2021-01-14 08:52:49 - [MESSAGE][PASSED] - Keys 'e' sent to object: 'Object Repository/Brand/search'

2021-01-14 08:52:49 - [MESSAGE][PASSED] - Keys 'd' sent to object: 'Object Repository/Brand/search'

2021-01-14 08:52:50 - [MESSAGE][PASSED] - Keys 'i' sent to object: 'Object Repository/Brand/search'

2021-01-14 08:52:51 - [MESSAGE][PASSED] - Keys 't' sent to object: 'Object Repository/Brand/search'

2021-01-14 08:52:51 - [MESSAGE][PASSED] - Keys 'e' sent to object: 'Object Repository/Brand/search'

2021-01-14 08:52:51 - [MESSAGE][PASSED] - Keys 'd' sent to object: 'Object Repository/Brand/search'

2021-01-14 08:52:52 - [MESSAGE][PASSED] - Keys 'b' sent to object: 'Object Repository/Brand/search'

2021-01-14 08:52:52 - [MESSAGE][PASSED] - Keys 'r' sent to object: 'Object Repository/Brand/search'

2021-01-14 08:52:52 - [MESSAGE][PASSED] - Keys 'a' sent to object: 'Object Repository/Brand/search'

2021-01-14 08:52:53 - [MESSAGE][PASSED] - Keys 'n' sent to object: 'Object Repository/Brand/search'

2021-01-14 08:52:53 - [MESSAGE][PASSED] - Keys 'd' sent to object: 'Object Repository/Brand/search'

2021-01-14 08:52:53 - [MESSAGE][PASSED] - Keys 'n' sent to object: 'Object Repository/Brand/search'

2021-01-14 08:52:54 - [MESSAGE][PASSED] - Keys 'a' sent to object: 'Object Repository/Brand/search'

2021-01-14 08:52:54 - [MESSAGE][PASSED] - Keys 'm' sent to object: 'Object Repository/Brand/search'

2021-01-14 08:52:55 - [MESSAGE][PASSED] - Keys 'e' sent to object: 'Object Repository/Brand/search'

2021-01-14 08:52:55 - [MESSAGE][PASSED] - Keys '8' sent to object: 'Object Repository/Brand/search'

2021-01-14 08:52:55 - [MESSAGE][PASSED] - Object 'Object Repository/Brand/createdBrand(brandName)' is present

2021-01-14 08:52:55 - [MESSAGE][PASSED] - pages.Brand.verifyeditedBrandName is PASSED]]></system-out>
         <system-err><![CDATA[]]></system-err>
      </testcase>
      <testcase name="Test Cases/Admin/Brand/Verify elements on Add Brand popup" time="6.416" classname="Test Cases/Admin/Brand/Verify elements on Add Brand popup" status="PASSED">
         <system-out><![CDATA[2021-01-14 08:52:55 - [TEST_CASE][PASSED] - Test Cases/Admin/Brand/Verify elements on Add Brand popup: Test Cases/Admin/Brand/Verify elements on Add Brand popup

2021-01-14 08:52:55 - [TEST_STEP][PASSED] - Start listener action : login: null

2021-01-14 08:52:55 - [TEST_STEP][PASSED] - Thread.sleep(3000): null

2021-01-14 08:52:58 - [TEST_STEP][PASSED] - url = getUrl(): Current window's url is: 'https://dev-admin.modist.co/dashboard'

2021-01-14 08:52:58 - [MESSAGE][PASSED] - Current window's url is: 'https://dev-admin.modist.co/dashboard'

2021-01-14 08:52:58 - [TEST_STEP][PASSED] - if (!(url.contains("dashboard"))): null

2021-01-14 08:52:58 - [TEST_STEP][PASSED] - pages.Brand.clickBrand(): pages.Brand.clickBrand is PASSED

2021-01-14 08:52:59 - [MESSAGE][PASSED] - Object: 'Object Repository/Brand/clickOnBrandTab' is clicked on

2021-01-14 08:52:59 - [MESSAGE][PASSED] - pages.Brand.clickBrand is PASSED

2021-01-14 08:52:59 - [TEST_STEP][PASSED] - pages.Brand.clickAddBrand(): pages.Brand.clickAddBrand is PASSED

2021-01-14 08:52:59 - [MESSAGE][PASSED] - Object: 'Object Repository/Brand/AddBrandbutton' is clicked on

2021-01-14 08:52:59 - [MESSAGE][PASSED] - pages.Brand.clickAddBrand is PASSED

2021-01-14 08:52:59 - [TEST_STEP][PASSED] - pages.Brand.verifyBrandPopUp(): pages.Brand.verifyBrandPopUp is PASSED

2021-01-14 08:53:00 - [MESSAGE][PASSED] - Object 'Object Repository/Brand/AddBrandPopup/name' is present

2021-01-14 08:53:00 - [MESSAGE][PASSED] - Object 'Object Repository/Brand/AddBrandPopup/Slogan' is present

2021-01-14 08:53:01 - [MESSAGE][PASSED] - Object 'Object Repository/Brand/AddBrandPopup/Bio' is present

2021-01-14 08:53:01 - [MESSAGE][PASSED] - Object 'Object Repository/Brand/AddBrandPopup/cancelButtonAddBrandPopup' is present

2021-01-14 08:53:01 - [MESSAGE][PASSED] - Object 'Object Repository/Brand/AddBrandPopup/cancelButtonAddBrandPopup' is visible

2021-01-14 08:53:01 - [MESSAGE][PASSED] - Object 'Object Repository/Brand/AddBrandPopup/cancelButtonAddBrandPopup' is clickable

2021-01-14 08:53:02 - [MESSAGE][PASSED] - Object: 'Object Repository/Brand/AddBrandPopup/cancelButtonAddBrandPopup' is clicked on

2021-01-14 08:53:02 - [MESSAGE][PASSED] - pages.Brand.verifyBrandPopUp is PASSED]]></system-out>
         <system-err><![CDATA[]]></system-err>
      </testcase>
      <testcase name="Test Cases/Admin/dashboard/Verify Headers" time="6.353" classname="Test Cases/Admin/dashboard/Verify Headers" status="PASSED">
         <system-out><![CDATA[2021-01-14 08:53:02 - [TEST_CASE][PASSED] - Test Cases/Admin/dashboard/Verify Headers: Test Cases/Admin/dashboard/Verify Headers

2021-01-14 08:53:02 - [TEST_STEP][PASSED] - Start listener action : login: null

2021-01-14 08:53:02 - [TEST_STEP][PASSED] - Thread.sleep(3000): null

2021-01-14 08:53:05 - [TEST_STEP][PASSED] - url = getUrl(): Current window's url is: 'https://dev-admin.modist.co/dashboard'

2021-01-14 08:53:05 - [MESSAGE][PASSED] - Current window's url is: 'https://dev-admin.modist.co/dashboard'

2021-01-14 08:53:05 - [TEST_STEP][PASSED] - if (!(url.contains("dashboard"))): null

2021-01-14 08:53:05 - [TEST_STEP][PASSED] - common.uploading.getHeaders(): common.uploading.getHeaders is PASSED

2021-01-14 08:53:06 - [MESSAGE][PASSED] - Text of object 'Object Repository/CommonButtons/getHeaders' is: 'Journey'

2021-01-14 08:53:06 - [MESSAGE][PASSED] - Text of object 'Object Repository/CommonButtons/getHeaders' is: 'Tenant'

2021-01-14 08:53:06 - [MESSAGE][PASSED] - Text of object 'Object Repository/CommonButtons/getHeaders' is: 'User'

2021-01-14 08:53:07 - [MESSAGE][PASSED] - Text of object 'Object Repository/CommonButtons/getHeaders' is: 'Brand'

2021-01-14 08:53:07 - [MESSAGE][PASSED] - Text of object 'Object Repository/CommonButtons/getHeaders' is: 'Section'

2021-01-14 08:53:07 - [MESSAGE][PASSED] - Text of object 'Object Repository/CommonButtons/getHeaders' is: 'Asset'

2021-01-14 08:53:07 - [MESSAGE][PASSED] - Text of object 'Object Repository/CommonButtons/getHeaders' is: 'Product'

2021-01-14 08:53:08 - [MESSAGE][PASSED] - Text of object 'Object Repository/CommonButtons/getHeaders' is: 'Asset Source'

2021-01-14 08:53:08 - [MESSAGE][PASSED] - Text of object 'Object Repository/CommonButtons/getHeaders' is: 'Tags'

2021-01-14 08:53:08 - [MESSAGE][PASSED] - common.uploading.getHeaders is PASSED]]></system-out>
         <system-err><![CDATA[]]></system-err>
      </testcase>
      <testcase name="Test Cases/Admin/dashboard/verifyUrlAfterLogin" time="13.302" classname="Test Cases/Admin/dashboard/verifyUrlAfterLogin" status="PASSED">
         <system-out><![CDATA[2021-01-14 08:53:08 - [TEST_CASE][PASSED] - Test Cases/Admin/dashboard/verifyUrlAfterLogin: Test Cases/Admin/dashboard/verifyUrlAfterLogin

2021-01-14 08:53:08 - [TEST_STEP][PASSED] - Start listener action : login: null

2021-01-14 08:53:08 - [TEST_STEP][PASSED] - Thread.sleep(3000): null

2021-01-14 08:53:11 - [TEST_STEP][PASSED] - url = getUrl(): Current window's url is: 'https://dev-admin.modist.co/dashboard'

2021-01-14 08:53:11 - [MESSAGE][PASSED] - Current window's url is: 'https://dev-admin.modist.co/dashboard'

2021-01-14 08:53:11 - [TEST_STEP][PASSED] - if (!(url.contains("dashboard"))): null

2021-01-14 08:53:11 - [TEST_STEP][PASSED] - verification.Verification.getUrlAndVerify("dashboard", "you are not in a dashboard page"): verification.Verification.getUrlAndVerify is PASSED

2021-01-14 08:53:21 - [MESSAGE][PASSED] - Delayed 10 second(s)

2021-01-14 08:53:21 - [MESSAGE][PASSED] - Current window's url is: 'https://dev-admin.modist.co/dashboard'

2021-01-14 08:53:21 - [MESSAGE][PASSED] - verification.Verification.getUrlAndVerify is PASSED]]></system-out>
         <system-err><![CDATA[]]></system-err>
      </testcase>
      <testcase name="Test Cases/Admin/Journey/addJournyAndVerifyItisAdded" time="20.037" classname="Test Cases/Admin/Journey/addJournyAndVerifyItisAdded" status="PASSED">
         <system-out><![CDATA[2021-01-14 08:53:21 - [TEST_CASE][PASSED] - Test Cases/Admin/Journey/addJournyAndVerifyItisAdded: Test Cases/Admin/Journey/addJournyAndVerifyItisAdded

2021-01-14 08:53:21 - [TEST_STEP][PASSED] - Start listener action : login: null

2021-01-14 08:53:21 - [TEST_STEP][PASSED] - Thread.sleep(3000): null

2021-01-14 08:53:24 - [TEST_STEP][PASSED] - url = getUrl(): Current window's url is: 'https://dev-admin.modist.co/dashboard'

2021-01-14 08:53:24 - [MESSAGE][PASSED] - Current window's url is: 'https://dev-admin.modist.co/dashboard'

2021-01-14 08:53:24 - [TEST_STEP][PASSED] - if (!(url.contains("dashboard"))): null

2021-01-14 08:53:25 - [TEST_STEP][PASSED] - pages.Journey.clickOnJourneyTab(): pages.Journey.clickOnJourneyTab is PASSED

2021-01-14 08:53:25 - [MESSAGE][PASSED] - Object 'Object Repository/Journey/Journeytab' is present

2021-01-14 08:53:25 - [MESSAGE][PASSED] - Object 'Object Repository/Journey/Journeytab' is visible

2021-01-14 08:53:25 - [MESSAGE][PASSED] - Object 'Object Repository/Journey/Journeytab' is clickable

2021-01-14 08:53:26 - [MESSAGE][PASSED] - Object: 'Object Repository/Journey/Journeytab' is clicked on

2021-01-14 08:53:26 - [MESSAGE][PASSED] - pages.Journey.clickOnJourneyTab is PASSED

2021-01-14 08:53:26 - [TEST_STEP][PASSED] - journeyName = pages.Journey.addJourney(): pages.Journey.addJourney is PASSED

2021-01-14 08:53:26 - [MESSAGE][PASSED] - Object 'Object Repository/Journey/Add Journey/AddJourneyButton' is present

2021-01-14 08:53:27 - [MESSAGE][PASSED] - Object 'Object Repository/Journey/Add Journey/AddJourneyButton' is visible

2021-01-14 08:53:28 - [MESSAGE][PASSED] - Object 'Object Repository/Journey/Add Journey/AddJourneyButton' is clickable

2021-01-14 08:53:28 - [MESSAGE][PASSED] - Object: 'Object Repository/Journey/Add Journey/AddJourneyButton' is clicked on

2021-01-14 08:53:28 - [MESSAGE][PASSED] - Object 'Object Repository/Journey/Add Journey/journeyName' is present

2021-01-14 08:53:29 - [MESSAGE][PASSED] - Object 'Object Repository/Journey/Add Journey/journeyName' is visible

2021-01-14 08:53:29 - [MESSAGE][PASSED] - Object 'Object Repository/Journey/Add Journey/journeyName' is clickable

2021-01-14 08:53:30 - [MESSAGE][PASSED] - Text of object 'Object Repository/Journey/Add Journey/journeyName' is cleared

2021-01-14 08:53:30 - [MESSAGE][PASSED] - Keys 'journeyName9' sent to object: 'Object Repository/Journey/Add Journey/journeyName'

2021-01-14 08:53:31 - [MESSAGE][PASSED] - Object 'Object Repository/Journey/Add Journey/addJourneyInAddJourneyPopUp' is present

2021-01-14 08:53:31 - [MESSAGE][PASSED] - Object 'Object Repository/Journey/Add Journey/addJourneyInAddJourneyPopUp' is visible

2021-01-14 08:53:31 - [MESSAGE][PASSED] - Object 'Object Repository/Journey/Add Journey/addJourneyInAddJourneyPopUp' is clickable

2021-01-14 08:53:32 - [MESSAGE][PASSED] - Object: 'Object Repository/Journey/Add Journey/addJourneyInAddJourneyPopUp' is clicked on

2021-01-14 08:53:32 - [MESSAGE][PASSED] - pages.Journey.addJourney is PASSED

2021-01-14 08:53:32 - [TEST_STEP][PASSED] - pages.Journey.verifyJourneyAdded(journeyName): pages.Journey.verifyJourneyAdded is PASSED

2021-01-14 08:53:32 - [MESSAGE][PASSED] - Object 'Object Repository/Journey/journrySearchInput' is present

2021-01-14 08:53:32 - [MESSAGE][PASSED] - Object 'Object Repository/Journey/journrySearchInput' is visible

2021-01-14 08:53:33 - [MESSAGE][PASSED] - Object 'Object Repository/Journey/journrySearchInput' is clickable

2021-01-14 08:53:34 - [MESSAGE][PASSED] - Text of object 'Object Repository/Journey/journrySearchInput' is cleared

2021-01-14 08:53:34 - [MESSAGE][PASSED] - Keys '' sent to object: 'Object Repository/Journey/journrySearchInput'

2021-01-14 08:53:34 - [MESSAGE][PASSED] - Keys 'j' sent to object: 'Object Repository/Journey/journrySearchInput'

2021-01-14 08:53:35 - [MESSAGE][PASSED] - Keys 'o' sent to object: 'Object Repository/Journey/journrySearchInput'

2021-01-14 08:53:36 - [MESSAGE][PASSED] - Keys 'u' sent to object: 'Object Repository/Journey/journrySearchInput'

2021-01-14 08:53:36 - [MESSAGE][PASSED] - Keys 'r' sent to object: 'Object Repository/Journey/journrySearchInput'

2021-01-14 08:53:37 - [MESSAGE][PASSED] - Keys 'n' sent to object: 'Object Repository/Journey/journrySearchInput'

2021-01-14 08:53:38 - [MESSAGE][PASSED] - Keys 'e' sent to object: 'Object Repository/Journey/journrySearchInput'

2021-01-14 08:53:38 - [MESSAGE][PASSED] - Keys 'y' sent to object: 'Object Repository/Journey/journrySearchInput'

2021-01-14 08:53:38 - [MESSAGE][PASSED] - Keys 'N' sent to object: 'Object Repository/Journey/journrySearchInput'

2021-01-14 08:53:39 - [MESSAGE][PASSED] - Keys 'a' sent to object: 'Object Repository/Journey/journrySearchInput'

2021-01-14 08:53:39 - [MESSAGE][PASSED] - Keys 'm' sent to object: 'Object Repository/Journey/journrySearchInput'

2021-01-14 08:53:40 - [MESSAGE][PASSED] - Keys 'e' sent to object: 'Object Repository/Journey/journrySearchInput'

2021-01-14 08:53:40 - [MESSAGE][PASSED] - Keys '9' sent to object: 'Object Repository/Journey/journrySearchInput'

2021-01-14 08:53:41 - [MESSAGE][PASSED] - Object 'Object Repository/Journey/JourneyName(journeyName)' is present

2021-01-14 08:53:41 - [MESSAGE][PASSED] - pages.Journey.verifyJourneyAdded is PASSED]]></system-out>
         <system-err><![CDATA[]]></system-err>
      </testcase>
      <testcase name="Test Cases/Admin/Journey/cloneJourneyAndVerifyisitCloned" time="40.313" classname="Test Cases/Admin/Journey/cloneJourneyAndVerifyisitCloned" status="PASSED">
         <system-out><![CDATA[2021-01-14 08:53:41 - [TEST_CASE][PASSED] - Test Cases/Admin/Journey/cloneJourneyAndVerifyisitCloned: Test Cases/Admin/Journey/cloneJourneyAndVerifyisitCloned

2021-01-14 08:53:41 - [TEST_STEP][PASSED] - Start listener action : login: null

2021-01-14 08:53:41 - [TEST_STEP][PASSED] - Thread.sleep(3000): null

2021-01-14 08:53:44 - [TEST_STEP][PASSED] - url = getUrl(): Current window's url is: 'https://dev-admin.modist.co/dashboard'

2021-01-14 08:53:44 - [MESSAGE][PASSED] - Current window's url is: 'https://dev-admin.modist.co/dashboard'

2021-01-14 08:53:44 - [TEST_STEP][PASSED] - if (!(url.contains("dashboard"))): null

2021-01-14 08:53:45 - [TEST_STEP][PASSED] - pages.Journey.clickOnJourneyTab(): pages.Journey.clickOnJourneyTab is PASSED

2021-01-14 08:53:45 - [MESSAGE][PASSED] - Object 'Object Repository/Journey/Journeytab' is present

2021-01-14 08:53:45 - [MESSAGE][PASSED] - Object 'Object Repository/Journey/Journeytab' is visible

2021-01-14 08:53:46 - [MESSAGE][PASSED] - Object 'Object Repository/Journey/Journeytab' is clickable

2021-01-14 08:53:46 - [MESSAGE][PASSED] - Object: 'Object Repository/Journey/Journeytab' is clicked on

2021-01-14 08:53:46 - [MESSAGE][PASSED] - pages.Journey.clickOnJourneyTab is PASSED

2021-01-14 08:53:46 - [TEST_STEP][PASSED] - journeyName = pages.Journey.addJourney(): pages.Journey.addJourney is PASSED

2021-01-14 08:53:46 - [MESSAGE][PASSED] - Object 'Object Repository/Journey/Add Journey/AddJourneyButton' is present

2021-01-14 08:53:47 - [MESSAGE][PASSED] - Object 'Object Repository/Journey/Add Journey/AddJourneyButton' is visible

2021-01-14 08:53:47 - [MESSAGE][PASSED] - Object 'Object Repository/Journey/Add Journey/AddJourneyButton' is clickable

2021-01-14 08:53:47 - [MESSAGE][PASSED] - Object: 'Object Repository/Journey/Add Journey/AddJourneyButton' is clicked on

2021-01-14 08:53:48 - [MESSAGE][PASSED] - Object 'Object Repository/Journey/Add Journey/journeyName' is present

2021-01-14 08:53:48 - [MESSAGE][PASSED] - Object 'Object Repository/Journey/Add Journey/journeyName' is visible

2021-01-14 08:53:49 - [MESSAGE][PASSED] - Object 'Object Repository/Journey/Add Journey/journeyName' is clickable

2021-01-14 08:53:49 - [MESSAGE][PASSED] - Text of object 'Object Repository/Journey/Add Journey/journeyName' is cleared

2021-01-14 08:53:49 - [MESSAGE][PASSED] - Keys 'journeyName988' sent to object: 'Object Repository/Journey/Add Journey/journeyName'

2021-01-14 08:53:50 - [MESSAGE][PASSED] - Object 'Object Repository/Journey/Add Journey/addJourneyInAddJourneyPopUp' is present

2021-01-14 08:53:50 - [MESSAGE][PASSED] - Object 'Object Repository/Journey/Add Journey/addJourneyInAddJourneyPopUp' is visible

2021-01-14 08:53:50 - [MESSAGE][PASSED] - Object 'Object Repository/Journey/Add Journey/addJourneyInAddJourneyPopUp' is clickable

2021-01-14 08:53:51 - [MESSAGE][PASSED] - Object: 'Object Repository/Journey/Add Journey/addJourneyInAddJourneyPopUp' is clicked on

2021-01-14 08:53:51 - [MESSAGE][PASSED] - pages.Journey.addJourney is PASSED

2021-01-14 08:53:51 - [TEST_STEP][PASSED] - pages.Journey.cloneJourney(journeyName): pages.Journey.cloneJourney is PASSED

2021-01-14 08:53:51 - [MESSAGE][PASSED] - Object 'Object Repository/Journey/journrySearchInput' is present

2021-01-14 08:53:52 - [MESSAGE][PASSED] - Object 'Object Repository/Journey/journrySearchInput' is visible

2021-01-14 08:53:53 - [MESSAGE][PASSED] - Object 'Object Repository/Journey/journrySearchInput' is clickable

2021-01-14 08:53:53 - [MESSAGE][PASSED] - Text of object 'Object Repository/Journey/journrySearchInput' is cleared

2021-01-14 08:53:54 - [MESSAGE][PASSED] - Keys '' sent to object: 'Object Repository/Journey/journrySearchInput'

2021-01-14 08:53:54 - [MESSAGE][PASSED] - Keys 'j' sent to object: 'Object Repository/Journey/journrySearchInput'

2021-01-14 08:53:54 - [MESSAGE][PASSED] - Keys 'o' sent to object: 'Object Repository/Journey/journrySearchInput'

2021-01-14 08:53:55 - [MESSAGE][PASSED] - Keys 'u' sent to object: 'Object Repository/Journey/journrySearchInput'

2021-01-14 08:53:56 - [MESSAGE][PASSED] - Keys 'r' sent to object: 'Object Repository/Journey/journrySearchInput'

2021-01-14 08:53:57 - [MESSAGE][PASSED] - Keys 'n' sent to object: 'Object Repository/Journey/journrySearchInput'

2021-01-14 08:53:57 - [MESSAGE][PASSED] - Keys 'e' sent to object: 'Object Repository/Journey/journrySearchInput'

2021-01-14 08:53:58 - [MESSAGE][PASSED] - Keys 'y' sent to object: 'Object Repository/Journey/journrySearchInput'

2021-01-14 08:53:58 - [MESSAGE][PASSED] - Keys 'N' sent to object: 'Object Repository/Journey/journrySearchInput'

2021-01-14 08:53:58 - [MESSAGE][PASSED] - Keys 'a' sent to object: 'Object Repository/Journey/journrySearchInput'

2021-01-14 08:53:59 - [MESSAGE][PASSED] - Keys 'm' sent to object: 'Object Repository/Journey/journrySearchInput'

2021-01-14 08:54:00 - [MESSAGE][PASSED] - Keys 'e' sent to object: 'Object Repository/Journey/journrySearchInput'

2021-01-14 08:54:00 - [MESSAGE][PASSED] - Keys '9' sent to object: 'Object Repository/Journey/journrySearchInput'

2021-01-14 08:54:01 - [MESSAGE][PASSED] - Keys '8' sent to object: 'Object Repository/Journey/journrySearchInput'

2021-01-14 08:54:02 - [MESSAGE][PASSED] - Keys '8' sent to object: 'Object Repository/Journey/journrySearchInput'

2021-01-14 08:54:02 - [MESSAGE][PASSED] - Object 'Object Repository/Journey/journey cloning/threedots(journeyName)' is present

2021-01-14 08:54:03 - [MESSAGE][PASSED] - Object 'Object Repository/Journey/journey cloning/threedots(journeyName)' is visible

2021-01-14 08:54:03 - [MESSAGE][PASSED] - Object 'Object Repository/Journey/journey cloning/threedots(journeyName)' is present

2021-01-14 08:54:03 - [MESSAGE][PASSED] - Object 'Object Repository/Journey/journey cloning/threedots(journeyName)' is visible

2021-01-14 08:54:04 - [MESSAGE][PASSED] - Object 'Object Repository/Journey/journey cloning/threedots(journeyName)' is clickable

2021-01-14 08:54:04 - [MESSAGE][PASSED] - Object: 'Object Repository/Journey/journey cloning/threedots(journeyName)' is clicked on

2021-01-14 08:54:05 - [MESSAGE][PASSED] - Object 'Object Repository/Journey/journey cloning/cloneButton' is present

2021-01-14 08:54:05 - [MESSAGE][PASSED] - Object 'Object Repository/Journey/journey cloning/cloneButton' is visible

2021-01-14 08:54:05 - [MESSAGE][PASSED] - Object 'Object Repository/Journey/journey cloning/cloneButton' is clickable

2021-01-14 08:54:06 - [MESSAGE][PASSED] - Object: 'Object Repository/Journey/journey cloning/cloneButton' is clicked on

2021-01-14 08:54:06 - [MESSAGE][PASSED] - pages.Journey.cloneJourney is PASSED

2021-01-14 08:54:06 - [TEST_STEP][PASSED] - pages.Journey.verifyJourneyCloned(journeyName): pages.Journey.verifyJourneyCloned is PASSED

2021-01-14 08:54:06 - [MESSAGE][PASSED] - Object 'Object Repository/Journey/journrySearchInput' is present

2021-01-14 08:54:06 - [MESSAGE][PASSED] - Object 'Object Repository/Journey/journrySearchInput' is visible

2021-01-14 08:54:06 - [MESSAGE][PASSED] - Object 'Object Repository/Journey/journrySearchInput' is clickable

2021-01-14 08:54:07 - [MESSAGE][PASSED] - Text of object 'Object Repository/Journey/journrySearchInput' is cleared

2021-01-14 08:54:08 - [MESSAGE][PASSED] - Keys '' sent to object: 'Object Repository/Journey/journrySearchInput'

2021-01-14 08:54:08 - [MESSAGE][PASSED] - Keys 'j' sent to object: 'Object Repository/Journey/journrySearchInput'

2021-01-14 08:54:08 - [MESSAGE][PASSED] - Keys 'o' sent to object: 'Object Repository/Journey/journrySearchInput'

2021-01-14 08:54:10 - [MESSAGE][PASSED] - Keys 'u' sent to object: 'Object Repository/Journey/journrySearchInput'

2021-01-14 08:54:11 - [MESSAGE][PASSED] - Keys 'r' sent to object: 'Object Repository/Journey/journrySearchInput'

2021-01-14 08:54:11 - [MESSAGE][PASSED] - Keys 'n' sent to object: 'Object Repository/Journey/journrySearchInput'

2021-01-14 08:54:12 - [MESSAGE][PASSED] - Keys 'e' sent to object: 'Object Repository/Journey/journrySearchInput'

2021-01-14 08:54:12 - [MESSAGE][PASSED] - Keys 'y' sent to object: 'Object Repository/Journey/journrySearchInput'

2021-01-14 08:54:12 - [MESSAGE][PASSED] - Keys 'N' sent to object: 'Object Repository/Journey/journrySearchInput'

2021-01-14 08:54:13 - [MESSAGE][PASSED] - Keys 'a' sent to object: 'Object Repository/Journey/journrySearchInput'

2021-01-14 08:54:14 - [MESSAGE][PASSED] - Keys 'm' sent to object: 'Object Repository/Journey/journrySearchInput'

2021-01-14 08:54:14 - [MESSAGE][PASSED] - Keys 'e' sent to object: 'Object Repository/Journey/journrySearchInput'

2021-01-14 08:54:14 - [MESSAGE][PASSED] - Keys '9' sent to object: 'Object Repository/Journey/journrySearchInput'

2021-01-14 08:54:15 - [MESSAGE][PASSED] - Keys '8' sent to object: 'Object Repository/Journey/journrySearchInput'

2021-01-14 08:54:15 - [MESSAGE][PASSED] - Keys '8' sent to object: 'Object Repository/Journey/journrySearchInput'

2021-01-14 08:54:16 - [MESSAGE][PASSED] - Keys ' ' sent to object: 'Object Repository/Journey/journrySearchInput'

2021-01-14 08:54:17 - [MESSAGE][PASSED] - Keys '(' sent to object: 'Object Repository/Journey/journrySearchInput'

2021-01-14 08:54:18 - [MESSAGE][PASSED] - Keys 'd' sent to object: 'Object Repository/Journey/journrySearchInput'

2021-01-14 08:54:18 - [MESSAGE][PASSED] - Keys 'u' sent to object: 'Object Repository/Journey/journrySearchInput'

2021-01-14 08:54:18 - [MESSAGE][PASSED] - Keys 'p' sent to object: 'Object Repository/Journey/journrySearchInput'

2021-01-14 08:54:19 - [MESSAGE][PASSED] - Keys 'l' sent to object: 'Object Repository/Journey/journrySearchInput'

2021-01-14 08:54:19 - [MESSAGE][PASSED] - Keys 'i' sent to object: 'Object Repository/Journey/journrySearchInput'

2021-01-14 08:54:20 - [MESSAGE][PASSED] - Keys 'c' sent to object: 'Object Repository/Journey/journrySearchInput'

2021-01-14 08:54:20 - [MESSAGE][PASSED] - Keys 'a' sent to object: 'Object Repository/Journey/journrySearchInput'

2021-01-14 08:54:20 - [MESSAGE][PASSED] - Keys 't' sent to object: 'Object Repository/Journey/journrySearchInput'

2021-01-14 08:54:21 - [MESSAGE][PASSED] - Keys 'e' sent to object: 'Object Repository/Journey/journrySearchInput'

2021-01-14 08:54:21 - [MESSAGE][PASSED] - Keys ')' sent to object: 'Object Repository/Journey/journrySearchInput'

2021-01-14 08:54:21 - [MESSAGE][PASSED] - Object 'Object Repository/Journey/journey cloning/clonedJourney(journeyName)' is present

2021-01-14 08:54:22 - [MESSAGE][PASSED] - Object 'Object Repository/Journey/journey cloning/clonedJourney(journeyName)' is present

2021-01-14 08:54:22 - [MESSAGE][PASSED] - pages.Journey.verifyJourneyCloned is PASSED]]></system-out>
         <system-err><![CDATA[]]></system-err>
      </testcase>
      <testcase name="Test Cases/Admin/Journey/createAccessCodeForJourneyAndVerifyIsTheCodeSuccessfullyCreated" time="51.275" classname="Test Cases/Admin/Journey/createAccessCodeForJourneyAndVerifyIsTheCodeSuccessfullyCreated" status="PASSED">
         <system-out><![CDATA[2021-01-14 08:54:22 - [TEST_CASE][PASSED] - Test Cases/Admin/Journey/createAccessCodeForJourneyAndVerifyIsTheCodeSuccessfullyCreated: Test Cases/Admin/Journey/createAccessCodeForJourneyAndVerifyIsTheCodeSuccessfullyCreated

2021-01-14 08:54:22 - [TEST_STEP][PASSED] - Start listener action : login: null

2021-01-14 08:54:22 - [TEST_STEP][PASSED] - Thread.sleep(3000): null

2021-01-14 08:54:25 - [TEST_STEP][PASSED] - url = getUrl(): Current window's url is: 'https://dev-admin.modist.co/dashboard'

2021-01-14 08:54:25 - [MESSAGE][PASSED] - Current window's url is: 'https://dev-admin.modist.co/dashboard'

2021-01-14 08:54:25 - [TEST_STEP][PASSED] - if (!(url.contains("dashboard"))): null

2021-01-14 08:54:25 - [TEST_STEP][PASSED] - pages.Journey.clickOnJourneyTab(): pages.Journey.clickOnJourneyTab is PASSED

2021-01-14 08:54:25 - [MESSAGE][PASSED] - Object 'Object Repository/Journey/Journeytab' is present

2021-01-14 08:54:26 - [MESSAGE][PASSED] - Object 'Object Repository/Journey/Journeytab' is visible

2021-01-14 08:54:26 - [MESSAGE][PASSED] - Object 'Object Repository/Journey/Journeytab' is clickable

2021-01-14 08:54:26 - [MESSAGE][PASSED] - Object: 'Object Repository/Journey/Journeytab' is clicked on

2021-01-14 08:54:26 - [MESSAGE][PASSED] - pages.Journey.clickOnJourneyTab is PASSED

2021-01-14 08:54:26 - [TEST_STEP][PASSED] - journeyName = pages.Journey.getRandomJourneyName(): pages.Journey.getRandomJourneyName is PASSED

2021-01-14 08:54:27 - [MESSAGE][PASSED] - Object 'Object Repository/Journey/toGetJourneysCount' is present

2021-01-14 08:54:27 - [MESSAGE][PASSED] - Object 'Object Repository/Journey/toGetJourneysCount' is present

2021-01-14 08:54:28 - [MESSAGE][PASSED] - Text of object 'Object Repository/Journey/toPickrandomJourney(index)' is: 'journeyName988 (duplicate)'

2021-01-14 08:54:28 - [MESSAGE][PASSED] - pages.Journey.getRandomJourneyName is PASSED

2021-01-14 08:54:28 - [TEST_STEP][PASSED] - accessCode = pages.Journey.getRandomAccessCode(): pages.Journey.getRandomAccessCode is PASSED

2021-01-14 08:54:28 - [MESSAGE][PASSED] - pages.Journey.getRandomAccessCode is PASSED

2021-01-14 08:54:28 - [TEST_STEP][PASSED] - useLimit = pages.Journey.getRandomCount(): pages.Journey.getRandomCount is PASSED

2021-01-14 08:54:28 - [MESSAGE][PASSED] - pages.Journey.getRandomCount is PASSED

2021-01-14 08:54:28 - [TEST_STEP][PASSED] - accessCode = pages.Journey.createAccessCodeInJourney(journeyName, accessCode, useLimit): pages.Journey.createAccessCodeInJourney is PASSED

2021-01-14 08:54:28 - [MESSAGE][PASSED] - Object 'Object Repository/Journey/journrySearchInput' is present

2021-01-14 08:54:28 - [MESSAGE][PASSED] - Object 'Object Repository/Journey/journrySearchInput' is visible

2021-01-14 08:54:29 - [MESSAGE][PASSED] - Object 'Object Repository/Journey/journrySearchInput' is clickable

2021-01-14 08:54:29 - [MESSAGE][PASSED] - Text of object 'Object Repository/Journey/journrySearchInput' is cleared

2021-01-14 08:54:29 - [MESSAGE][PASSED] - Keys '' sent to object: 'Object Repository/Journey/journrySearchInput'

2021-01-14 08:54:30 - [MESSAGE][PASSED] - Keys 'j' sent to object: 'Object Repository/Journey/journrySearchInput'

2021-01-14 08:54:30 - [MESSAGE][PASSED] - Keys 'o' sent to object: 'Object Repository/Journey/journrySearchInput'

2021-01-14 08:54:31 - [MESSAGE][PASSED] - Keys 'u' sent to object: 'Object Repository/Journey/journrySearchInput'

2021-01-14 08:54:32 - [MESSAGE][PASSED] - Keys 'r' sent to object: 'Object Repository/Journey/journrySearchInput'

2021-01-14 08:54:33 - [MESSAGE][PASSED] - Keys 'n' sent to object: 'Object Repository/Journey/journrySearchInput'

2021-01-14 08:54:33 - [MESSAGE][PASSED] - Keys 'e' sent to object: 'Object Repository/Journey/journrySearchInput'

2021-01-14 08:54:33 - [MESSAGE][PASSED] - Keys 'y' sent to object: 'Object Repository/Journey/journrySearchInput'

2021-01-14 08:54:34 - [MESSAGE][PASSED] - Keys 'N' sent to object: 'Object Repository/Journey/journrySearchInput'

2021-01-14 08:54:34 - [MESSAGE][PASSED] - Keys 'a' sent to object: 'Object Repository/Journey/journrySearchInput'

2021-01-14 08:54:35 - [MESSAGE][PASSED] - Keys 'm' sent to object: 'Object Repository/Journey/journrySearchInput'

2021-01-14 08:54:35 - [MESSAGE][PASSED] - Keys 'e' sent to object: 'Object Repository/Journey/journrySearchInput'

2021-01-14 08:54:36 - [MESSAGE][PASSED] - Keys '9' sent to object: 'Object Repository/Journey/journrySearchInput'

2021-01-14 08:54:36 - [MESSAGE][PASSED] - Keys '8' sent to object: 'Object Repository/Journey/journrySearchInput'

2021-01-14 08:54:37 - [MESSAGE][PASSED] - Keys '8' sent to object: 'Object Repository/Journey/journrySearchInput'

2021-01-14 08:54:38 - [MESSAGE][PASSED] - Keys ' ' sent to object: 'Object Repository/Journey/journrySearchInput'

2021-01-14 08:54:38 - [MESSAGE][PASSED] - Keys '(' sent to object: 'Object Repository/Journey/journrySearchInput'

2021-01-14 08:54:39 - [MESSAGE][PASSED] - Keys 'd' sent to object: 'Object Repository/Journey/journrySearchInput'

2021-01-14 08:54:40 - [MESSAGE][PASSED] - Keys 'u' sent to object: 'Object Repository/Journey/journrySearchInput'

2021-01-14 08:54:40 - [MESSAGE][PASSED] - Keys 'p' sent to object: 'Object Repository/Journey/journrySearchInput'

2021-01-14 08:54:40 - [MESSAGE][PASSED] - Keys 'l' sent to object: 'Object Repository/Journey/journrySearchInput'

2021-01-14 08:54:41 - [MESSAGE][PASSED] - Keys 'i' sent to object: 'Object Repository/Journey/journrySearchInput'

2021-01-14 08:54:41 - [MESSAGE][PASSED] - Keys 'c' sent to object: 'Object Repository/Journey/journrySearchInput'

2021-01-14 08:54:41 - [MESSAGE][PASSED] - Keys 'a' sent to object: 'Object Repository/Journey/journrySearchInput'

2021-01-14 08:54:42 - [MESSAGE][PASSED] - Keys 't' sent to object: 'Object Repository/Journey/journrySearchInput'

2021-01-14 08:54:42 - [MESSAGE][PASSED] - Keys 'e' sent to object: 'Object Repository/Journey/journrySearchInput'

2021-01-14 08:54:42 - [MESSAGE][PASSED] - Keys ')' sent to object: 'Object Repository/Journey/journrySearchInput'

2021-01-14 08:54:43 - [MESSAGE][PASSED] - Object 'Object Repository/Journey/clickVerifyingJourney(journeyName)' is present

2021-01-14 08:54:43 - [MESSAGE][PASSED] - Object 'Object Repository/Journey/clickVerifyingJourney(journeyName)' is visible

2021-01-14 08:54:43 - [MESSAGE][PASSED] - Object 'Object Repository/Journey/clickVerifyingJourney(journeyName)' is clickable

2021-01-14 08:54:44 - [MESSAGE][PASSED] - Object: 'Object Repository/Journey/clickVerifyingJourney(journeyName)' is clicked on

2021-01-14 08:54:44 - [MESSAGE][PASSED] - Scroll to object 'Object Repository/Journey/Current Access Codes/currentAccessCodeField' successfully

2021-01-14 08:54:45 - [MESSAGE][PASSED] - Object 'Object Repository/Journey/Current Access Codes/currentAccessCodeField' is present

2021-01-14 08:54:46 - [MESSAGE][PASSED] - Object 'Object Repository/Journey/Current Access Codes/plusButton' is present

2021-01-14 08:54:46 - [MESSAGE][PASSED] - Object 'Object Repository/Journey/Current Access Codes/plusButton' is visible

2021-01-14 08:54:46 - [MESSAGE][PASSED] - Object 'Object Repository/Journey/Current Access Codes/plusButton' is clickable

2021-01-14 08:54:47 - [MESSAGE][PASSED] - Object: 'Object Repository/Journey/Current Access Codes/plusButton' is clicked on

2021-01-14 08:54:47 - [MESSAGE][PASSED] - Object 'Object Repository/Journey/Current Access Codes/accessCode' is present

2021-01-14 08:54:47 - [MESSAGE][PASSED] - Object 'Object Repository/Journey/Current Access Codes/accessCode' is visible

2021-01-14 08:54:48 - [MESSAGE][PASSED] - Object 'Object Repository/Journey/Current Access Codes/accessCode' is clickable

2021-01-14 08:54:48 - [MESSAGE][PASSED] - Text of object 'Object Repository/Journey/Current Access Codes/accessCode' is cleared

2021-01-14 08:54:48 - [MESSAGE][PASSED] - Keys 'access11' sent to object: 'Object Repository/Journey/Current Access Codes/accessCode'

2021-01-14 08:54:49 - [MESSAGE][PASSED] - Object 'Object Repository/Journey/Current Access Codes/codeUsageCount' is present

2021-01-14 08:54:49 - [MESSAGE][PASSED] - Object 'Object Repository/Journey/Current Access Codes/codeUsageCount' is visible

2021-01-14 08:54:49 - [MESSAGE][PASSED] - Object 'Object Repository/Journey/Current Access Codes/codeUsageCount' is clickable

2021-01-14 08:54:50 - [MESSAGE][PASSED] - Text of object 'Object Repository/Journey/Current Access Codes/codeUsageCount' is cleared

2021-01-14 08:54:50 - [MESSAGE][PASSED] - Keys '2' sent to object: 'Object Repository/Journey/Current Access Codes/codeUsageCount'

2021-01-14 08:54:50 - [MESSAGE][PASSED] - Object 'Object Repository/Journey/Current Access Codes/getCodeButton' is present

2021-01-14 08:54:51 - [MESSAGE][PASSED] - Object 'Object Repository/Journey/Current Access Codes/getCodeButton' is visible

2021-01-14 08:54:51 - [MESSAGE][PASSED] - Object 'Object Repository/Journey/Current Access Codes/getCodeButton' is clickable

2021-01-14 08:54:51 - [MESSAGE][PASSED] - Object: 'Object Repository/Journey/Current Access Codes/getCodeButton' is clicked on

2021-01-14 08:54:52 - [MESSAGE][PASSED] - Object 'Object Repository/CommonButtons/Close' is present

2021-01-14 08:54:52 - [MESSAGE][PASSED] - Object 'Object Repository/CommonButtons/Close' is visible

2021-01-14 08:54:53 - [MESSAGE][PASSED] - Object 'Object Repository/CommonButtons/Close' is clickable

2021-01-14 08:54:53 - [MESSAGE][PASSED] - Object: 'Object Repository/CommonButtons/Close' is clicked on

2021-01-14 08:54:53 - [MESSAGE][PASSED] - pages.Journey.createAccessCodeInJourney is PASSED

2021-01-14 08:54:53 - [TEST_STEP][PASSED] - pages.Journey.verifyTheCreatedAccessCode(journeyName, accessCode): pages.Journey.verifyTheCreatedAccessCode is PASSED

2021-01-14 08:54:54 - [MESSAGE][PASSED] - Object 'Object Repository/Journey/journrySearchInput' is present

2021-01-14 08:54:54 - [MESSAGE][PASSED] - Object 'Object Repository/Journey/journrySearchInput' is visible

2021-01-14 08:54:55 - [MESSAGE][PASSED] - Object 'Object Repository/Journey/journrySearchInput' is clickable

2021-01-14 08:54:55 - [MESSAGE][PASSED] - Text of object 'Object Repository/Journey/journrySearchInput' is cleared

2021-01-14 08:54:56 - [MESSAGE][PASSED] - Keys '' sent to object: 'Object Repository/Journey/journrySearchInput'

2021-01-14 08:54:56 - [MESSAGE][PASSED] - Keys 'j' sent to object: 'Object Repository/Journey/journrySearchInput'

2021-01-14 08:54:56 - [MESSAGE][PASSED] - Keys 'o' sent to object: 'Object Repository/Journey/journrySearchInput'

2021-01-14 08:54:58 - [MESSAGE][PASSED] - Keys 'u' sent to object: 'Object Repository/Journey/journrySearchInput'

2021-01-14 08:54:58 - [MESSAGE][PASSED] - Keys 'r' sent to object: 'Object Repository/Journey/journrySearchInput'

2021-01-14 08:54:59 - [MESSAGE][PASSED] - Keys 'n' sent to object: 'Object Repository/Journey/journrySearchInput'

2021-01-14 08:54:59 - [MESSAGE][PASSED] - Keys 'e' sent to object: 'Object Repository/Journey/journrySearchInput'

2021-01-14 08:55:00 - [MESSAGE][PASSED] - Keys 'y' sent to object: 'Object Repository/Journey/journrySearchInput'

2021-01-14 08:55:00 - [MESSAGE][PASSED] - Keys 'N' sent to object: 'Object Repository/Journey/journrySearchInput'

2021-01-14 08:55:00 - [MESSAGE][PASSED] - Keys 'a' sent to object: 'Object Repository/Journey/journrySearchInput'

2021-01-14 08:55:02 - [MESSAGE][PASSED] - Keys 'm' sent to object: 'Object Repository/Journey/journrySearchInput'

2021-01-14 08:55:02 - [MESSAGE][PASSED] - Keys 'e' sent to object: 'Object Repository/Journey/journrySearchInput'

2021-01-14 08:55:02 - [MESSAGE][PASSED] - Keys '9' sent to object: 'Object Repository/Journey/journrySearchInput'

2021-01-14 08:55:03 - [MESSAGE][PASSED] - Keys '8' sent to object: 'Object Repository/Journey/journrySearchInput'

2021-01-14 08:55:04 - [MESSAGE][PASSED] - Keys '8' sent to object: 'Object Repository/Journey/journrySearchInput'

2021-01-14 08:55:04 - [MESSAGE][PASSED] - Keys ' ' sent to object: 'Object Repository/Journey/journrySearchInput'

2021-01-14 08:55:05 - [MESSAGE][PASSED] - Keys '(' sent to object: 'Object Repository/Journey/journrySearchInput'

2021-01-14 08:55:05 - [MESSAGE][PASSED] - Keys 'd' sent to object: 'Object Repository/Journey/journrySearchInput'

2021-01-14 08:55:06 - [MESSAGE][PASSED] - Keys 'u' sent to object: 'Object Repository/Journey/journrySearchInput'

2021-01-14 08:55:06 - [MESSAGE][PASSED] - Keys 'p' sent to object: 'Object Repository/Journey/journrySearchInput'

2021-01-14 08:55:07 - [MESSAGE][PASSED] - Keys 'l' sent to object: 'Object Repository/Journey/journrySearchInput'

2021-01-14 08:55:07 - [MESSAGE][PASSED] - Keys 'i' sent to object: 'Object Repository/Journey/journrySearchInput'

2021-01-14 08:55:07 - [MESSAGE][PASSED] - Keys 'c' sent to object: 'Object Repository/Journey/journrySearchInput'

2021-01-14 08:55:08 - [MESSAGE][PASSED] - Keys 'a' sent to object: 'Object Repository/Journey/journrySearchInput'

2021-01-14 08:55:08 - [MESSAGE][PASSED] - Keys 't' sent to object: 'Object Repository/Journey/journrySearchInput'

2021-01-14 08:55:08 - [MESSAGE][PASSED] - Keys 'e' sent to object: 'Object Repository/Journey/journrySearchInput'

2021-01-14 08:55:09 - [MESSAGE][PASSED] - Keys ')' sent to object: 'Object Repository/Journey/journrySearchInput'

2021-01-14 08:55:09 - [MESSAGE][PASSED] - Object 'Object Repository/Journey/clickVerifyingJourney(journeyName)' is present

2021-01-14 08:55:09 - [MESSAGE][PASSED] - Object 'Object Repository/Journey/clickVerifyingJourney(journeyName)' is visible

2021-01-14 08:55:10 - [MESSAGE][PASSED] - Object 'Object Repository/Journey/clickVerifyingJourney(journeyName)' is clickable

2021-01-14 08:55:10 - [MESSAGE][PASSED] - Object: 'Object Repository/Journey/clickVerifyingJourney(journeyName)' is clicked on

2021-01-14 08:55:11 - [MESSAGE][PASSED] - Scroll to object 'Object Repository/Journey/Current Access Codes/currentAccessCodeField' successfully

2021-01-14 08:55:11 - [MESSAGE][PASSED] - Object 'Object Repository/Journey/Current Access Codes/currentAccessCodeField' is present

2021-01-14 08:55:12 - [MESSAGE][PASSED] - Object 'Object Repository/Journey/Current Access Codes/verify(code)' is present

2021-01-14 08:55:12 - [MESSAGE][PASSED] - Object 'Object Repository/CommonButtons/Close' is present

2021-01-14 08:55:12 - [MESSAGE][PASSED] - Object 'Object Repository/CommonButtons/Close' is visible

2021-01-14 08:55:13 - [MESSAGE][PASSED] - Object 'Object Repository/CommonButtons/Close' is clickable

2021-01-14 08:55:13 - [MESSAGE][PASSED] - Object: 'Object Repository/CommonButtons/Close' is clicked on

2021-01-14 08:55:13 - [MESSAGE][PASSED] - pages.Journey.verifyTheCreatedAccessCode is PASSED]]></system-out>
         <system-err><![CDATA[]]></system-err>
      </testcase>
      <testcase name="Test Cases/Admin/Journey/createMultipleAccessCodesWithSameName" time="64.986" classname="Test Cases/Admin/Journey/createMultipleAccessCodesWithSameName" status="PASSED">
         <system-out><![CDATA[2021-01-14 08:55:13 - [TEST_CASE][PASSED] - Test Cases/Admin/Journey/createMultipleAccessCodesWithSameName: Test Cases/Admin/Journey/createMultipleAccessCodesWithSameName

2021-01-14 08:55:13 - [TEST_STEP][PASSED] - Start listener action : login: null

2021-01-14 08:55:13 - [TEST_STEP][PASSED] - Thread.sleep(3000): null

2021-01-14 08:55:16 - [TEST_STEP][PASSED] - url = getUrl(): Current window's url is: 'https://dev-admin.modist.co/dashboard'

2021-01-14 08:55:16 - [MESSAGE][PASSED] - Current window's url is: 'https://dev-admin.modist.co/dashboard'

2021-01-14 08:55:16 - [TEST_STEP][PASSED] - if (!(url.contains("dashboard"))): null

2021-01-14 08:55:16 - [TEST_STEP][PASSED] - pages.Journey.clickOnJourneyTab(): pages.Journey.clickOnJourneyTab is PASSED

2021-01-14 08:55:17 - [MESSAGE][PASSED] - Object 'Object Repository/Journey/Journeytab' is present

2021-01-14 08:55:17 - [MESSAGE][PASSED] - Object 'Object Repository/Journey/Journeytab' is visible

2021-01-14 08:55:17 - [MESSAGE][PASSED] - Object 'Object Repository/Journey/Journeytab' is clickable

2021-01-14 08:55:18 - [MESSAGE][PASSED] - Object: 'Object Repository/Journey/Journeytab' is clicked on

2021-01-14 08:55:18 - [MESSAGE][PASSED] - pages.Journey.clickOnJourneyTab is PASSED

2021-01-14 08:55:18 - [TEST_STEP][PASSED] - journeyName = pages.Journey.getRandomJourneyName(): pages.Journey.getRandomJourneyName is PASSED

2021-01-14 08:55:18 - [MESSAGE][PASSED] - Object 'Object Repository/Journey/toGetJourneysCount' is present

2021-01-14 08:55:18 - [MESSAGE][PASSED] - Object 'Object Repository/Journey/toGetJourneysCount' is present

2021-01-14 08:55:19 - [MESSAGE][PASSED] - Text of object 'Object Repository/Journey/toPickrandomJourney(index)' is: 'jai journey 1'

2021-01-14 08:55:19 - [MESSAGE][PASSED] - pages.Journey.getRandomJourneyName is PASSED

2021-01-14 08:55:19 - [TEST_STEP][PASSED] - accessCode = pages.Journey.getRandomAccessCode(): pages.Journey.getRandomAccessCode is PASSED

2021-01-14 08:55:19 - [MESSAGE][PASSED] - pages.Journey.getRandomAccessCode is PASSED

2021-01-14 08:55:19 - [TEST_STEP][PASSED] - useLimit = pages.Journey.getRandomCount(): pages.Journey.getRandomCount is PASSED

2021-01-14 08:55:19 - [MESSAGE][PASSED] - pages.Journey.getRandomCount is PASSED

2021-01-14 08:55:19 - [TEST_STEP][PASSED] - accessCode = pages.Journey.createAccessCodeInJourney(journeyName, accessCode, useLimit): pages.Journey.createAccessCodeInJourney is PASSED

2021-01-14 08:55:19 - [MESSAGE][PASSED] - Object 'Object Repository/Journey/journrySearchInput' is present

2021-01-14 08:55:20 - [MESSAGE][PASSED] - Object 'Object Repository/Journey/journrySearchInput' is visible

2021-01-14 08:55:20 - [MESSAGE][PASSED] - Object 'Object Repository/Journey/journrySearchInput' is clickable

2021-01-14 08:55:20 - [MESSAGE][PASSED] - Text of object 'Object Repository/Journey/journrySearchInput' is cleared

2021-01-14 08:55:20 - [MESSAGE][PASSED] - Keys '' sent to object: 'Object Repository/Journey/journrySearchInput'

2021-01-14 08:55:21 - [MESSAGE][PASSED] - Keys 'j' sent to object: 'Object Repository/Journey/journrySearchInput'

2021-01-14 08:55:21 - [MESSAGE][PASSED] - Keys 'a' sent to object: 'Object Repository/Journey/journrySearchInput'

2021-01-14 08:55:22 - [MESSAGE][PASSED] - Keys 'i' sent to object: 'Object Repository/Journey/journrySearchInput'

2021-01-14 08:55:23 - [MESSAGE][PASSED] - Keys ' ' sent to object: 'Object Repository/Journey/journrySearchInput'

2021-01-14 08:55:23 - [MESSAGE][PASSED] - Keys 'j' sent to object: 'Object Repository/Journey/journrySearchInput'

2021-01-14 08:55:24 - [MESSAGE][PASSED] - Keys 'o' sent to object: 'Object Repository/Journey/journrySearchInput'

2021-01-14 08:55:24 - [MESSAGE][PASSED] - Keys 'u' sent to object: 'Object Repository/Journey/journrySearchInput'

2021-01-14 08:55:24 - [MESSAGE][PASSED] - Keys 'r' sent to object: 'Object Repository/Journey/journrySearchInput'

2021-01-14 08:55:25 - [MESSAGE][PASSED] - Keys 'n' sent to object: 'Object Repository/Journey/journrySearchInput'

2021-01-14 08:55:25 - [MESSAGE][PASSED] - Keys 'e' sent to object: 'Object Repository/Journey/journrySearchInput'

2021-01-14 08:55:25 - [MESSAGE][PASSED] - Keys 'y' sent to object: 'Object Repository/Journey/journrySearchInput'

2021-01-14 08:55:26 - [MESSAGE][PASSED] - Keys ' ' sent to object: 'Object Repository/Journey/journrySearchInput'

2021-01-14 08:55:26 - [MESSAGE][PASSED] - Keys '1' sent to object: 'Object Repository/Journey/journrySearchInput'

2021-01-14 08:55:26 - [MESSAGE][PASSED] - Object 'Object Repository/Journey/clickVerifyingJourney(journeyName)' is present

2021-01-14 08:55:27 - [MESSAGE][PASSED] - Object 'Object Repository/Journey/clickVerifyingJourney(journeyName)' is visible

2021-01-14 08:55:27 - [MESSAGE][PASSED] - Object 'Object Repository/Journey/clickVerifyingJourney(journeyName)' is clickable

2021-01-14 08:55:27 - [MESSAGE][PASSED] - Object: 'Object Repository/Journey/clickVerifyingJourney(journeyName)' is clicked on

2021-01-14 08:55:28 - [MESSAGE][PASSED] - Scroll to object 'Object Repository/Journey/Current Access Codes/currentAccessCodeField' successfully

2021-01-14 08:55:28 - [MESSAGE][PASSED] - Object 'Object Repository/Journey/Current Access Codes/currentAccessCodeField' is present

2021-01-14 08:55:29 - [MESSAGE][PASSED] - Object 'Object Repository/Journey/Current Access Codes/plusButton' is present

2021-01-14 08:55:29 - [MESSAGE][PASSED] - Object 'Object Repository/Journey/Current Access Codes/plusButton' is visible

2021-01-14 08:55:30 - [MESSAGE][PASSED] - Object 'Object Repository/Journey/Current Access Codes/plusButton' is clickable

2021-01-14 08:55:31 - [MESSAGE][PASSED] - Object: 'Object Repository/Journey/Current Access Codes/plusButton' is clicked on

2021-01-14 08:55:31 - [MESSAGE][PASSED] - Object 'Object Repository/Journey/Current Access Codes/accessCode' is present

2021-01-14 08:55:31 - [MESSAGE][PASSED] - Object 'Object Repository/Journey/Current Access Codes/accessCode' is visible

2021-01-14 08:55:32 - [MESSAGE][PASSED] - Object 'Object Repository/Journey/Current Access Codes/accessCode' is clickable

2021-01-14 08:55:32 - [MESSAGE][PASSED] - Text of object 'Object Repository/Journey/Current Access Codes/accessCode' is cleared

2021-01-14 08:55:32 - [MESSAGE][PASSED] - Keys 'access12' sent to object: 'Object Repository/Journey/Current Access Codes/accessCode'

2021-01-14 08:55:33 - [MESSAGE][PASSED] - Object 'Object Repository/Journey/Current Access Codes/codeUsageCount' is present

2021-01-14 08:55:33 - [MESSAGE][PASSED] - Object 'Object Repository/Journey/Current Access Codes/codeUsageCount' is visible

2021-01-14 08:55:33 - [MESSAGE][PASSED] - Object 'Object Repository/Journey/Current Access Codes/codeUsageCount' is clickable

2021-01-14 08:55:34 - [MESSAGE][PASSED] - Text of object 'Object Repository/Journey/Current Access Codes/codeUsageCount' is cleared

2021-01-14 08:55:34 - [MESSAGE][PASSED] - Keys '1' sent to object: 'Object Repository/Journey/Current Access Codes/codeUsageCount'

2021-01-14 08:55:34 - [MESSAGE][PASSED] - Object 'Object Repository/Journey/Current Access Codes/getCodeButton' is present

2021-01-14 08:55:35 - [MESSAGE][PASSED] - Object 'Object Repository/Journey/Current Access Codes/getCodeButton' is visible

2021-01-14 08:55:35 - [MESSAGE][PASSED] - Object 'Object Repository/Journey/Current Access Codes/getCodeButton' is clickable

2021-01-14 08:55:35 - [MESSAGE][PASSED] - Object: 'Object Repository/Journey/Current Access Codes/getCodeButton' is clicked on

2021-01-14 08:55:36 - [MESSAGE][PASSED] - Object 'Object Repository/CommonButtons/Close' is present

2021-01-14 08:55:36 - [MESSAGE][PASSED] - Object 'Object Repository/CommonButtons/Close' is visible

2021-01-14 08:55:37 - [MESSAGE][PASSED] - Object 'Object Repository/CommonButtons/Close' is clickable

2021-01-14 08:55:37 - [MESSAGE][PASSED] - Object: 'Object Repository/CommonButtons/Close' is clicked on

2021-01-14 08:55:37 - [MESSAGE][PASSED] - pages.Journey.createAccessCodeInJourney is PASSED

2021-01-14 08:55:37 - [TEST_STEP][PASSED] - pages.Journey.verifyTheCreatedAccessCode(journeyName, accessCode): pages.Journey.verifyTheCreatedAccessCode is PASSED

2021-01-14 08:55:38 - [MESSAGE][PASSED] - Object 'Object Repository/Journey/journrySearchInput' is present

2021-01-14 08:55:38 - [MESSAGE][PASSED] - Object 'Object Repository/Journey/journrySearchInput' is visible

2021-01-14 08:55:39 - [MESSAGE][PASSED] - Object 'Object Repository/Journey/journrySearchInput' is clickable

2021-01-14 08:55:39 - [MESSAGE][PASSED] - Text of object 'Object Repository/Journey/journrySearchInput' is cleared

2021-01-14 08:55:39 - [MESSAGE][PASSED] - Keys '' sent to object: 'Object Repository/Journey/journrySearchInput'

2021-01-14 08:55:40 - [MESSAGE][PASSED] - Keys 'j' sent to object: 'Object Repository/Journey/journrySearchInput'

2021-01-14 08:55:40 - [MESSAGE][PASSED] - Keys 'a' sent to object: 'Object Repository/Journey/journrySearchInput'

2021-01-14 08:55:41 - [MESSAGE][PASSED] - Keys 'i' sent to object: 'Object Repository/Journey/journrySearchInput'

2021-01-14 08:55:42 - [MESSAGE][PASSED] - Keys ' ' sent to object: 'Object Repository/Journey/journrySearchInput'

2021-01-14 08:55:42 - [MESSAGE][PASSED] - Keys 'j' sent to object: 'Object Repository/Journey/journrySearchInput'

2021-01-14 08:55:43 - [MESSAGE][PASSED] - Keys 'o' sent to object: 'Object Repository/Journey/journrySearchInput'

2021-01-14 08:55:43 - [MESSAGE][PASSED] - Keys 'u' sent to object: 'Object Repository/Journey/journrySearchInput'

2021-01-14 08:55:43 - [MESSAGE][PASSED] - Keys 'r' sent to object: 'Object Repository/Journey/journrySearchInput'

2021-01-14 08:55:44 - [MESSAGE][PASSED] - Keys 'n' sent to object: 'Object Repository/Journey/journrySearchInput'

2021-01-14 08:55:44 - [MESSAGE][PASSED] - Keys 'e' sent to object: 'Object Repository/Journey/journrySearchInput'

2021-01-14 08:55:44 - [MESSAGE][PASSED] - Keys 'y' sent to object: 'Object Repository/Journey/journrySearchInput'

2021-01-14 08:55:45 - [MESSAGE][PASSED] - Keys ' ' sent to object: 'Object Repository/Journey/journrySearchInput'

2021-01-14 08:55:45 - [MESSAGE][PASSED] - Keys '1' sent to object: 'Object Repository/Journey/journrySearchInput'

2021-01-14 08:55:45 - [MESSAGE][PASSED] - Object 'Object Repository/Journey/clickVerifyingJourney(journeyName)' is present

2021-01-14 08:55:46 - [MESSAGE][PASSED] - Object 'Object Repository/Journey/clickVerifyingJourney(journeyName)' is visible

2021-01-14 08:55:46 - [MESSAGE][PASSED] - Object 'Object Repository/Journey/clickVerifyingJourney(journeyName)' is clickable

2021-01-14 08:55:46 - [MESSAGE][PASSED] - Object: 'Object Repository/Journey/clickVerifyingJourney(journeyName)' is clicked on

2021-01-14 08:55:47 - [MESSAGE][PASSED] - Scroll to object 'Object Repository/Journey/Current Access Codes/currentAccessCodeField' successfully

2021-01-14 08:55:47 - [MESSAGE][PASSED] - Object 'Object Repository/Journey/Current Access Codes/currentAccessCodeField' is present

2021-01-14 08:55:48 - [MESSAGE][PASSED] - Object 'Object Repository/Journey/Current Access Codes/verify(code)' is present

2021-01-14 08:55:48 - [MESSAGE][PASSED] - Object 'Object Repository/CommonButtons/Close' is present

2021-01-14 08:55:48 - [MESSAGE][PASSED] - Object 'Object Repository/CommonButtons/Close' is visible

2021-01-14 08:55:49 - [MESSAGE][PASSED] - Object 'Object Repository/CommonButtons/Close' is clickable

2021-01-14 08:55:49 - [MESSAGE][PASSED] - Object: 'Object Repository/CommonButtons/Close' is clicked on

2021-01-14 08:55:49 - [MESSAGE][PASSED] - pages.Journey.verifyTheCreatedAccessCode is PASSED

2021-01-14 08:55:49 - [TEST_STEP][PASSED] - journeyName1 = pages.Journey.getRandomJourneyName(): pages.Journey.getRandomJourneyName is PASSED

2021-01-14 08:55:53 - [MESSAGE][PASSED] - Object 'Object Repository/Journey/toGetJourneysCount' is present

2021-01-14 08:55:53 - [MESSAGE][PASSED] - Object 'Object Repository/Journey/toGetJourneysCount' is present

2021-01-14 08:55:54 - [MESSAGE][PASSED] - Text of object 'Object Repository/Journey/toPickrandomJourney(index)' is: 'JO3'

2021-01-14 08:55:54 - [MESSAGE][PASSED] - pages.Journey.getRandomJourneyName is PASSED

2021-01-14 08:55:54 - [TEST_STEP][PASSED] - println(journeyName1): null

2021-01-14 08:55:54 - [TEST_STEP][PASSED] - accessCode = pages.Journey.createAccessCodeInJourney(journeyName1, accessCode, useLimit): pages.Journey.createAccessCodeInJourney is PASSED

2021-01-14 08:55:54 - [MESSAGE][PASSED] - Object 'Object Repository/Journey/journrySearchInput' is present

2021-01-14 08:55:54 - [MESSAGE][PASSED] - Object 'Object Repository/Journey/journrySearchInput' is visible

2021-01-14 08:55:55 - [MESSAGE][PASSED] - Object 'Object Repository/Journey/journrySearchInput' is clickable

2021-01-14 08:55:55 - [MESSAGE][PASSED] - Text of object 'Object Repository/Journey/journrySearchInput' is cleared

2021-01-14 08:55:55 - [MESSAGE][PASSED] - Keys '' sent to object: 'Object Repository/Journey/journrySearchInput'

2021-01-14 08:55:56 - [MESSAGE][PASSED] - Keys 'J' sent to object: 'Object Repository/Journey/journrySearchInput'

2021-01-14 08:55:56 - [MESSAGE][PASSED] - Keys 'O' sent to object: 'Object Repository/Journey/journrySearchInput'

2021-01-14 08:55:57 - [MESSAGE][PASSED] - Keys '3' sent to object: 'Object Repository/Journey/journrySearchInput'

2021-01-14 08:55:58 - [MESSAGE][PASSED] - Object 'Object Repository/Journey/clickVerifyingJourney(journeyName)' is present

2021-01-14 08:55:58 - [MESSAGE][PASSED] - Object 'Object Repository/Journey/clickVerifyingJourney(journeyName)' is visible

2021-01-14 08:55:58 - [MESSAGE][PASSED] - Object 'Object Repository/Journey/clickVerifyingJourney(journeyName)' is clickable

2021-01-14 08:55:59 - [MESSAGE][PASSED] - Object: 'Object Repository/Journey/clickVerifyingJourney(journeyName)' is clicked on

2021-01-14 08:56:01 - [MESSAGE][PASSED] - Scroll to object 'Object Repository/Journey/Current Access Codes/currentAccessCodeField' successfully

2021-01-14 08:56:01 - [MESSAGE][PASSED] - Object 'Object Repository/Journey/Current Access Codes/currentAccessCodeField' is present

2021-01-14 08:56:02 - [MESSAGE][PASSED] - Object 'Object Repository/Journey/Current Access Codes/plusButton' is present

2021-01-14 08:56:02 - [MESSAGE][PASSED] - Object 'Object Repository/Journey/Current Access Codes/plusButton' is visible

2021-01-14 08:56:02 - [MESSAGE][PASSED] - Object 'Object Repository/Journey/Current Access Codes/plusButton' is clickable

2021-01-14 08:56:03 - [MESSAGE][PASSED] - Object: 'Object Repository/Journey/Current Access Codes/plusButton' is clicked on

2021-01-14 08:56:03 - [MESSAGE][PASSED] - Object 'Object Repository/Journey/Current Access Codes/accessCode' is present

2021-01-14 08:56:03 - [MESSAGE][PASSED] - Object 'Object Repository/Journey/Current Access Codes/accessCode' is visible

2021-01-14 08:56:04 - [MESSAGE][PASSED] - Object 'Object Repository/Journey/Current Access Codes/accessCode' is clickable

2021-01-14 08:56:04 - [MESSAGE][PASSED] - Text of object 'Object Repository/Journey/Current Access Codes/accessCode' is cleared

2021-01-14 08:56:04 - [MESSAGE][PASSED] - Keys 'access12' sent to object: 'Object Repository/Journey/Current Access Codes/accessCode'

2021-01-14 08:56:05 - [MESSAGE][PASSED] - Object 'Object Repository/Journey/Current Access Codes/codeUsageCount' is present

2021-01-14 08:56:05 - [MESSAGE][PASSED] - Object 'Object Repository/Journey/Current Access Codes/codeUsageCount' is visible

2021-01-14 08:56:05 - [MESSAGE][PASSED] - Object 'Object Repository/Journey/Current Access Codes/codeUsageCount' is clickable

2021-01-14 08:56:06 - [MESSAGE][PASSED] - Text of object 'Object Repository/Journey/Current Access Codes/codeUsageCount' is cleared

2021-01-14 08:56:06 - [MESSAGE][PASSED] - Keys '1' sent to object: 'Object Repository/Journey/Current Access Codes/codeUsageCount'

2021-01-14 08:56:06 - [MESSAGE][PASSED] - Object 'Object Repository/Journey/Current Access Codes/getCodeButton' is present

2021-01-14 08:56:07 - [MESSAGE][PASSED] - Object 'Object Repository/Journey/Current Access Codes/getCodeButton' is visible

2021-01-14 08:56:07 - [MESSAGE][PASSED] - Object 'Object Repository/Journey/Current Access Codes/getCodeButton' is clickable

2021-01-14 08:56:07 - [MESSAGE][PASSED] - Object: 'Object Repository/Journey/Current Access Codes/getCodeButton' is clicked on

2021-01-14 08:56:08 - [MESSAGE][PASSED] - Object 'Object Repository/CommonButtons/Close' is present

2021-01-14 08:56:08 - [MESSAGE][PASSED] - Object 'Object Repository/CommonButtons/Close' is visible

2021-01-14 08:56:09 - [MESSAGE][PASSED] - Object 'Object Repository/CommonButtons/Close' is clickable

2021-01-14 08:56:09 - [MESSAGE][PASSED] - Object: 'Object Repository/CommonButtons/Close' is clicked on

2021-01-14 08:56:09 - [MESSAGE][PASSED] - pages.Journey.createAccessCodeInJourney is PASSED

2021-01-14 08:56:09 - [TEST_STEP][PASSED] - pages.Journey.verifyTheCreatedAccessCode(journeyName1, accessCode): pages.Journey.verifyTheCreatedAccessCode is PASSED

2021-01-14 08:56:10 - [MESSAGE][PASSED] - Object 'Object Repository/Journey/journrySearchInput' is present

2021-01-14 08:56:10 - [MESSAGE][PASSED] - Object 'Object Repository/Journey/journrySearchInput' is visible

2021-01-14 08:56:11 - [MESSAGE][PASSED] - Object 'Object Repository/Journey/journrySearchInput' is clickable

2021-01-14 08:56:11 - [MESSAGE][PASSED] - Text of object 'Object Repository/Journey/journrySearchInput' is cleared

2021-01-14 08:56:11 - [MESSAGE][PASSED] - Keys '' sent to object: 'Object Repository/Journey/journrySearchInput'

2021-01-14 08:56:12 - [MESSAGE][PASSED] - Keys 'J' sent to object: 'Object Repository/Journey/journrySearchInput'

2021-01-14 08:56:12 - [MESSAGE][PASSED] - Keys 'O' sent to object: 'Object Repository/Journey/journrySearchInput'

2021-01-14 08:56:12 - [MESSAGE][PASSED] - Keys '3' sent to object: 'Object Repository/Journey/journrySearchInput'

2021-01-14 08:56:13 - [MESSAGE][PASSED] - Object 'Object Repository/Journey/clickVerifyingJourney(journeyName)' is present

2021-01-14 08:56:14 - [MESSAGE][PASSED] - Object 'Object Repository/Journey/clickVerifyingJourney(journeyName)' is visible

2021-01-14 08:56:14 - [MESSAGE][PASSED] - Object 'Object Repository/Journey/clickVerifyingJourney(journeyName)' is clickable

2021-01-14 08:56:14 - [MESSAGE][PASSED] - Object: 'Object Repository/Journey/clickVerifyingJourney(journeyName)' is clicked on

2021-01-14 08:56:15 - [MESSAGE][PASSED] - Scroll to object 'Object Repository/Journey/Current Access Codes/currentAccessCodeField' successfully

2021-01-14 08:56:16 - [MESSAGE][PASSED] - Object 'Object Repository/Journey/Current Access Codes/currentAccessCodeField' is present

2021-01-14 08:56:16 - [MESSAGE][PASSED] - Object 'Object Repository/Journey/Current Access Codes/verify(code)' is present

2021-01-14 08:56:17 - [MESSAGE][PASSED] - Object 'Object Repository/CommonButtons/Close' is present

2021-01-14 08:56:17 - [MESSAGE][PASSED] - Object 'Object Repository/CommonButtons/Close' is visible

2021-01-14 08:56:17 - [MESSAGE][PASSED] - Object 'Object Repository/CommonButtons/Close' is clickable

2021-01-14 08:56:18 - [MESSAGE][PASSED] - Object: 'Object Repository/CommonButtons/Close' is clicked on

2021-01-14 08:56:18 - [MESSAGE][PASSED] - pages.Journey.verifyTheCreatedAccessCode is PASSED]]></system-out>
         <system-err><![CDATA[]]></system-err>
      </testcase>
      <testcase name="Test Cases/Admin/Journey/deleteJourneyAndVerify" time="34.158" classname="Test Cases/Admin/Journey/deleteJourneyAndVerify" status="PASSED">
         <system-out><![CDATA[2021-01-14 08:56:18 - [TEST_CASE][PASSED] - Test Cases/Admin/Journey/deleteJourneyAndVerify: Test Cases/Admin/Journey/deleteJourneyAndVerify

2021-01-14 08:56:18 - [TEST_STEP][PASSED] - Start listener action : login: null

2021-01-14 08:56:18 - [TEST_STEP][PASSED] - Thread.sleep(3000): null

2021-01-14 08:56:21 - [TEST_STEP][PASSED] - url = getUrl(): Current window's url is: 'https://dev-admin.modist.co/dashboard'

2021-01-14 08:56:21 - [MESSAGE][PASSED] - Current window's url is: 'https://dev-admin.modist.co/dashboard'

2021-01-14 08:56:21 - [TEST_STEP][PASSED] - if (!(url.contains("dashboard"))): null

2021-01-14 08:56:21 - [TEST_STEP][PASSED] - pages.Journey.clickOnJourneyTab(): pages.Journey.clickOnJourneyTab is PASSED

2021-01-14 08:56:22 - [MESSAGE][PASSED] - Object 'Object Repository/Journey/Journeytab' is present

2021-01-14 08:56:22 - [MESSAGE][PASSED] - Object 'Object Repository/Journey/Journeytab' is visible

2021-01-14 08:56:22 - [MESSAGE][PASSED] - Object 'Object Repository/Journey/Journeytab' is clickable

2021-01-14 08:56:23 - [MESSAGE][PASSED] - Object: 'Object Repository/Journey/Journeytab' is clicked on

2021-01-14 08:56:23 - [MESSAGE][PASSED] - pages.Journey.clickOnJourneyTab is PASSED

2021-01-14 08:56:23 - [TEST_STEP][PASSED] - journeyName = pages.Journey.addJourney(): pages.Journey.addJourney is PASSED

2021-01-14 08:56:23 - [MESSAGE][PASSED] - Object 'Object Repository/Journey/Add Journey/AddJourneyButton' is present

2021-01-14 08:56:23 - [MESSAGE][PASSED] - Object 'Object Repository/Journey/Add Journey/AddJourneyButton' is visible

2021-01-14 08:56:23 - [MESSAGE][PASSED] - Object 'Object Repository/Journey/Add Journey/AddJourneyButton' is clickable

2021-01-14 08:56:24 - [MESSAGE][PASSED] - Object: 'Object Repository/Journey/Add Journey/AddJourneyButton' is clicked on

2021-01-14 08:56:24 - [MESSAGE][PASSED] - Object 'Object Repository/Journey/Add Journey/journeyName' is present

2021-01-14 08:56:25 - [MESSAGE][PASSED] - Object 'Object Repository/Journey/Add Journey/journeyName' is visible

2021-01-14 08:56:25 - [MESSAGE][PASSED] - Object 'Object Repository/Journey/Add Journey/journeyName' is clickable

2021-01-14 08:56:26 - [MESSAGE][PASSED] - Text of object 'Object Repository/Journey/Add Journey/journeyName' is cleared

2021-01-14 08:56:26 - [MESSAGE][PASSED] - Keys 'journeyName744' sent to object: 'Object Repository/Journey/Add Journey/journeyName'

2021-01-14 08:56:26 - [MESSAGE][PASSED] - Object 'Object Repository/Journey/Add Journey/addJourneyInAddJourneyPopUp' is present

2021-01-14 08:56:27 - [MESSAGE][PASSED] - Object 'Object Repository/Journey/Add Journey/addJourneyInAddJourneyPopUp' is visible

2021-01-14 08:56:27 - [MESSAGE][PASSED] - Object 'Object Repository/Journey/Add Journey/addJourneyInAddJourneyPopUp' is clickable

2021-01-14 08:56:27 - [MESSAGE][PASSED] - Object: 'Object Repository/Journey/Add Journey/addJourneyInAddJourneyPopUp' is clicked on

2021-01-14 08:56:27 - [MESSAGE][PASSED] - pages.Journey.addJourney is PASSED

2021-01-14 08:56:27 - [TEST_STEP][PASSED] - pages.Journey.deleteJourney(journeyName): pages.Journey.deleteJourney is PASSED

2021-01-14 08:56:28 - [MESSAGE][PASSED] - Object 'Object Repository/Journey/journrySearchInput' is present

2021-01-14 08:56:28 - [MESSAGE][PASSED] - Object 'Object Repository/Journey/journrySearchInput' is visible

2021-01-14 08:56:28 - [MESSAGE][PASSED] - Object 'Object Repository/Journey/journrySearchInput' is clickable

2021-01-14 08:56:29 - [MESSAGE][PASSED] - Text of object 'Object Repository/Journey/journrySearchInput' is cleared

2021-01-14 08:56:30 - [MESSAGE][PASSED] - Keys '' sent to object: 'Object Repository/Journey/journrySearchInput'

2021-01-14 08:56:30 - [MESSAGE][PASSED] - Keys 'j' sent to object: 'Object Repository/Journey/journrySearchInput'

2021-01-14 08:56:31 - [MESSAGE][PASSED] - Keys 'o' sent to object: 'Object Repository/Journey/journrySearchInput'

2021-01-14 08:56:32 - [MESSAGE][PASSED] - Keys 'u' sent to object: 'Object Repository/Journey/journrySearchInput'

2021-01-14 08:56:32 - [MESSAGE][PASSED] - Keys 'r' sent to object: 'Object Repository/Journey/journrySearchInput'

2021-01-14 08:56:33 - [MESSAGE][PASSED] - Keys 'n' sent to object: 'Object Repository/Journey/journrySearchInput'

2021-01-14 08:56:33 - [MESSAGE][PASSED] - Keys 'e' sent to object: 'Object Repository/Journey/journrySearchInput'

2021-01-14 08:56:34 - [MESSAGE][PASSED] - Keys 'y' sent to object: 'Object Repository/Journey/journrySearchInput'

2021-01-14 08:56:34 - [MESSAGE][PASSED] - Keys 'N' sent to object: 'Object Repository/Journey/journrySearchInput'

2021-01-14 08:56:34 - [MESSAGE][PASSED] - Keys 'a' sent to object: 'Object Repository/Journey/journrySearchInput'

2021-01-14 08:56:35 - [MESSAGE][PASSED] - Keys 'm' sent to object: 'Object Repository/Journey/journrySearchInput'

2021-01-14 08:56:35 - [MESSAGE][PASSED] - Keys 'e' sent to object: 'Object Repository/Journey/journrySearchInput'

2021-01-14 08:56:36 - [MESSAGE][PASSED] - Keys '7' sent to object: 'Object Repository/Journey/journrySearchInput'

2021-01-14 08:56:36 - [MESSAGE][PASSED] - Keys '4' sent to object: 'Object Repository/Journey/journrySearchInput'

2021-01-14 08:56:38 - [MESSAGE][PASSED] - Keys '4' sent to object: 'Object Repository/Journey/journrySearchInput'

2021-01-14 08:56:38 - [MESSAGE][PASSED] - Object 'Object Repository/Journey/journeyNameCheckBox(name)' is present

2021-01-14 08:56:38 - [MESSAGE][PASSED] - Object 'Object Repository/Journey/journeyNameCheckBox(name)' is visible

2021-01-14 08:56:38 - [MESSAGE][PASSED] - Object 'Object Repository/Journey/journeyNameCheckBox(name)' is clickable

2021-01-14 08:56:39 - [MESSAGE][PASSED] - Object: 'Object Repository/Journey/journeyNameCheckBox(name)' is clicked on

2021-01-14 08:56:40 - [MESSAGE][PASSED] - Object 'Object Repository/Journey/journeyNameDeleteButton' is present

2021-01-14 08:56:40 - [MESSAGE][PASSED] - Object 'Object Repository/Journey/journeyNameDeleteButton' is visible

2021-01-14 08:56:40 - [MESSAGE][PASSED] - Object 'Object Repository/Journey/journeyNameDeleteButton' is clickable

2021-01-14 08:56:41 - [MESSAGE][PASSED] - Object: 'Object Repository/Journey/journeyNameDeleteButton' is clicked on

2021-01-14 08:56:41 - [MESSAGE][PASSED] - Alert accepted

2021-01-14 08:56:41 - [MESSAGE][PASSED] - pages.Journey.deleteJourney is PASSED

2021-01-14 08:56:41 - [TEST_STEP][PASSED] - pages.Journey.verifyJourneyDeleted(journeyName): pages.Journey.verifyJourneyDeleted is PASSED

2021-01-14 08:56:42 - [MESSAGE][PASSED] - Object 'Object Repository/Journey/journrySearchInput' is present

2021-01-14 08:56:42 - [MESSAGE][PASSED] - Object 'Object Repository/Journey/journrySearchInput' is visible

2021-01-14 08:56:43 - [MESSAGE][PASSED] - Object 'Object Repository/Journey/journrySearchInput' is clickable

2021-01-14 08:56:43 - [MESSAGE][PASSED] - Text of object 'Object Repository/Journey/journrySearchInput' is cleared

2021-01-14 08:56:43 - [MESSAGE][PASSED] - Keys '' sent to object: 'Object Repository/Journey/journrySearchInput'

2021-01-14 08:56:44 - [MESSAGE][PASSED] - Keys 'j' sent to object: 'Object Repository/Journey/journrySearchInput'

2021-01-14 08:56:44 - [MESSAGE][PASSED] - Keys 'o' sent to object: 'Object Repository/Journey/journrySearchInput'

2021-01-14 08:56:46 - [MESSAGE][PASSED] - Keys 'u' sent to object: 'Object Repository/Journey/journrySearchInput'

2021-01-14 08:56:46 - [MESSAGE][PASSED] - Keys 'r' sent to object: 'Object Repository/Journey/journrySearchInput'

2021-01-14 08:56:47 - [MESSAGE][PASSED] - Keys 'n' sent to object: 'Object Repository/Journey/journrySearchInput'

2021-01-14 08:56:48 - [MESSAGE][PASSED] - Keys 'e' sent to object: 'Object Repository/Journey/journrySearchInput'

2021-01-14 08:56:48 - [MESSAGE][PASSED] - Keys 'y' sent to object: 'Object Repository/Journey/journrySearchInput'

2021-01-14 08:56:48 - [MESSAGE][PASSED] - Keys 'N' sent to object: 'Object Repository/Journey/journrySearchInput'

2021-01-14 08:56:49 - [MESSAGE][PASSED] - Keys 'a' sent to object: 'Object Repository/Journey/journrySearchInput'

2021-01-14 08:56:50 - [MESSAGE][PASSED] - Keys 'm' sent to object: 'Object Repository/Journey/journrySearchInput'

2021-01-14 08:56:50 - [MESSAGE][PASSED] - Keys 'e' sent to object: 'Object Repository/Journey/journrySearchInput'

2021-01-14 08:56:51 - [MESSAGE][PASSED] - Keys '7' sent to object: 'Object Repository/Journey/journrySearchInput'

2021-01-14 08:56:51 - [MESSAGE][PASSED] - Keys '4' sent to object: 'Object Repository/Journey/journrySearchInput'

2021-01-14 08:56:52 - [MESSAGE][PASSED] - Keys '4' sent to object: 'Object Repository/Journey/journrySearchInput'

2021-01-14 08:56:52 - [MESSAGE][PASSED] - Web element with id: 'Object Repository/Journey/JourneyName(journeyName)' located by 'By.xpath: //div[text()='journeyName744']' is not present after '30' second(s)

2021-01-14 08:56:52 - [MESSAGE][PASSED] - pages.Journey.verifyJourneyDeleted is PASSED]]></system-out>
         <system-err><![CDATA[]]></system-err>
      </testcase>
      <testcase name="Test Cases/Admin/LogOut/logout" time="3.978" classname="Test Cases/Admin/LogOut/logout" status="PASSED">
         <system-out><![CDATA[2021-01-14 08:56:52 - [TEST_CASE][PASSED] - Test Cases/Admin/LogOut/logout: Test Cases/Admin/LogOut/logout

2021-01-14 08:56:52 - [TEST_STEP][PASSED] - Start listener action : login: null

2021-01-14 08:56:52 - [TEST_STEP][PASSED] - Thread.sleep(3000): null

2021-01-14 08:56:55 - [TEST_STEP][PASSED] - url = getUrl(): Current window's url is: 'https://dev-admin.modist.co/dashboard'

2021-01-14 08:56:55 - [MESSAGE][PASSED] - Current window's url is: 'https://dev-admin.modist.co/dashboard'

2021-01-14 08:56:55 - [TEST_STEP][PASSED] - if (!(url.contains("dashboard"))): null

2021-01-14 08:56:55 - [TEST_STEP][PASSED] - logout.LogoutForAdminDevEnvironment.clickingOnProfileIcon(): logout.LogoutForAdminDevEnvironment.clickingOnProfileIcon is PASSED

2021-01-14 08:56:56 - [MESSAGE][PASSED] - Object: 'Object Repository/OptionsUnderProfileIcon/ProfileIcon' is clicked on

2021-01-14 08:56:56 - [MESSAGE][PASSED] - logout.LogoutForAdminDevEnvironment.clickingOnProfileIcon is PASSED

2021-01-14 08:56:56 - [TEST_STEP][PASSED] - logout.LogoutForAdminDevEnvironment.logout(): logout.LogoutForAdminDevEnvironment.logout is PASSED

2021-01-14 08:56:56 - [MESSAGE][PASSED] - Object: 'Object Repository/OptionsUnderProfileIcon/LogoutOption' is clicked on

2021-01-14 08:56:56 - [MESSAGE][PASSED] - logout.LogoutForAdminDevEnvironment.logout is PASSED]]></system-out>
         <system-err><![CDATA[]]></system-err>
      </testcase>
      <testcase name="Test Cases/Admin/Product/addProductAndVerify" time="37.852" classname="Test Cases/Admin/Product/addProductAndVerify" status="PASSED">
         <system-out><![CDATA[2021-01-14 08:56:56 - [TEST_CASE][PASSED] - Test Cases/Admin/Product/addProductAndVerify: Test Cases/Admin/Product/addProductAndVerify

2021-01-14 08:56:56 - [TEST_STEP][PASSED] - Start listener action : login: Object: 'Object Repository/Login Credentials/EnterButton' is clicked on

2021-01-14 08:56:56 - [TEST_STEP][PASSED] - Thread.sleep(3000): null

2021-01-14 08:56:59 - [TEST_STEP][PASSED] - url = getUrl(): Current window's url is: 'https://dev-admin.modist.co/login'

2021-01-14 08:56:59 - [MESSAGE][PASSED] - Current window's url is: 'https://dev-admin.modist.co/login'

2021-01-14 08:56:59 - [TEST_STEP][PASSED] - if (!(url.contains("dashboard"))): Object: 'Object Repository/Login Credentials/EnterButton' is clicked on

2021-01-14 08:56:59 - [TEST_STEP][PASSED] - navigateToUrl(Url): Navigate to 'https://dev-admin.modist.co/' successfully

2021-01-14 08:57:00 - [MESSAGE][PASSED] - Navigate to 'https://dev-admin.modist.co/' successfully

2021-01-14 08:57:00 - [TEST_STEP][PASSED] - loginPage.login(Email, Password): Object: 'Object Repository/Login Credentials/EnterButton' is clicked on

2021-01-14 08:57:01 - [MESSAGE][PASSED] - Object 'Object Repository/Login Credentials/Email' is present

2021-01-14 08:57:06 - [MESSAGE][INFO] - Unable to find the element located by 'By.xpath: //p[text()='Please login with your credentials']'. Please recheck the objects properties to make sure the desired element is located. 

2021-01-14 08:57:07 - [MESSAGE][WARNING] - com.kms.katalon.core.webui.exception.WebElementNotFoundException: Web element with id: 'Object Repository/errorMessageForInvalidCredentials' located by '//p[text()='Please login with your credentials']' not found (Root cause: com.kms.katalon.core.exception.StepFailedException: com.kms.katalon.core.webui.exception.WebElementNotFoundException: Web element with id: 'Object Repository/errorMessageForInvalidCredentials' located by '//p[text()='Please login with your credentials']' not found
	at com.kms.katalon.core.webui.keyword.internal.WebUIKeywordMain.stepFailed(WebUIKeywordMain.groovy:64)
	at com.kms.katalon.core.webui.keyword.builtin.VerifyElementPresentKeyword$_verifyElementPresent_closure1.doCall(VerifyElementPresentKeyword.groovy:85)
	at com.kms.katalon.core.webui.keyword.builtin.VerifyElementPresentKeyword$_verifyElementPresent_closure1.call(VerifyElementPresentKeyword.groovy)
	at com.kms.katalon.core.webui.keyword.internal.WebUIKeywordMain.runKeyword(WebUIKeywordMain.groovy:20)
	at com.kms.katalon.core.webui.keyword.builtin.VerifyElementPresentKeyword.verifyElementPresent(VerifyElementPresentKeyword.groovy:92)
	at com.kms.katalon.core.webui.keyword.builtin.VerifyElementPresentKeyword.execute(VerifyElementPresentKeyword.groovy:68)
	at com.kms.katalon.core.keyword.internal.KeywordExecutor.executeKeywordForPlatform(KeywordExecutor.groovy:73)
	at com.kms.katalon.core.webui.keyword.WebUiBuiltInKeywords.verifyElementPresent(WebUiBuiltInKeywords.groovy:1445)
	at com.kms.katalon.core.webui.keyword.WebUiBuiltInKeywords$verifyElementPresent$2.call(Unknown Source)
	at login.LoginForAdminDevEnvironment.errorLogin(LoginForAdminDevEnvironment.groovy:26)
	at login.LoginForAdminDevEnvironment$errorLogin$0.callCurrent(Unknown Source)
	at login.LoginForAdminDevEnvironment.login(LoginForAdminDevEnvironment.groovy:18)
	at login.LoginForAdminDevEnvironment$login.call(Unknown Source)
	at Login.login(Login.groovy:37)
	at Login.invokeMethod(Login.groovy)
	at com.kms.katalon.core.context.internal.TestHooker.invokeMethod(TestHooker.java:111)
	at com.kms.katalon.core.context.internal.TestHooker.lambda$3(TestHooker.java:95)
	at com.kms.katalon.core.context.internal.TestHooker.invokeContextMethods(TestHooker.java:94)
	at com.kms.katalon.core.context.internal.TestListenerCollector.lambda$3(TestListenerCollector.java:88)
	at com.kms.katalon.core.context.internal.TestListenerCollector.handleListenerEvent(TestListenerCollector.java:85)
	at com.kms.katalon.core.context.internal.ExecutionEventManager.publicEvent(ExecutionEventManager.java:36)
	at com.kms.katalon.core.main.TestCaseExecutor.execute(TestCaseExecutor.java:221)
	at com.kms.katalon.core.main.TestSuiteExecutor.accessTestCaseMainPhase(TestSuiteExecutor.java:191)
	at com.kms.katalon.core.main.TestSuiteExecutor.accessTestSuiteMainPhase(TestSuiteExecutor.java:141)
	at com.kms.katalon.core.main.TestSuiteExecutor.execute(TestSuiteExecutor.java:90)
	at com.kms.katalon.core.main.TestCaseMain.startTestSuite(TestCaseMain.java:157)
	at com.kms.katalon.core.main.TestCaseMain$startTestSuite$0.call(Unknown Source)
	at TempTestSuite1610631842892.run(TempTestSuite1610631842892.groovy:39)
)
[[ATTACHMENT|E:\\Modist\\ModistProject\\Reports\\20210114_084402\\AllTestCases\\20210114_084402\\1610632626428.png]]

2021-01-14 08:57:07 - [MESSAGE][PASSED] - Object 'Object Repository/Login Credentials/Email' is present

2021-01-14 08:57:08 - [MESSAGE][PASSED] - Object 'Object Repository/Login Credentials/Email' is visible

2021-01-14 08:57:08 - [MESSAGE][PASSED] - Object 'Object Repository/Login Credentials/Email' is clickable

2021-01-14 08:57:08 - [MESSAGE][PASSED] - Text of object 'Object Repository/Login Credentials/Email' is cleared

2021-01-14 08:57:09 - [MESSAGE][PASSED] - Keys 'naresh.k@qualitlabs.com' sent to object: 'Object Repository/Login Credentials/Email'

2021-01-14 08:57:09 - [MESSAGE][PASSED] - Object 'Object Repository/Login Credentials/Password' is present

2021-01-14 08:57:09 - [MESSAGE][PASSED] - Object 'Object Repository/Login Credentials/Password' is visible

2021-01-14 08:57:10 - [MESSAGE][PASSED] - Object 'Object Repository/Login Credentials/Password' is clickable

2021-01-14 08:57:10 - [MESSAGE][PASSED] - Text of object 'Object Repository/Login Credentials/Password' is cleared

2021-01-14 08:57:10 - [MESSAGE][PASSED] - Keys 'Qualitlabs1?' sent to object: 'Object Repository/Login Credentials/Password'

2021-01-14 08:57:11 - [MESSAGE][PASSED] - Object 'Object Repository/Login Credentials/EnterButton' is present

2021-01-14 08:57:11 - [MESSAGE][PASSED] - Object 'Object Repository/Login Credentials/EnterButton' is visible

2021-01-14 08:57:11 - [MESSAGE][PASSED] - Object 'Object Repository/Login Credentials/EnterButton' is clickable

2021-01-14 08:57:12 - [MESSAGE][PASSED] - Object: 'Object Repository/Login Credentials/EnterButton' is clicked on

2021-01-14 08:57:12 - [TEST_STEP][PASSED] - productname = pages.Product.addProduct(): pages.Product.addProduct is PASSED

2021-01-14 08:57:14 - [MESSAGE][PASSED] - Object 'Object Repository/Product/productTab' is present

2021-01-14 08:57:14 - [MESSAGE][PASSED] - Object 'Object Repository/Product/productTab' is visible

2021-01-14 08:57:15 - [MESSAGE][PASSED] - Object 'Object Repository/Product/productTab' is clickable

2021-01-14 08:57:15 - [MESSAGE][PASSED] - Object: 'Object Repository/Product/productTab' is clicked on

2021-01-14 08:57:15 - [MESSAGE][PASSED] - Object 'Object Repository/Product/addProductButton' is present

2021-01-14 08:57:16 - [MESSAGE][PASSED] - Object 'Object Repository/Product/addProductButton' is visible

2021-01-14 08:57:16 - [MESSAGE][PASSED] - Object 'Object Repository/Product/addProductButton' is clickable

2021-01-14 08:57:17 - [MESSAGE][PASSED] - Object: 'Object Repository/Product/addProductButton' is clicked on

2021-01-14 08:57:18 - [MESSAGE][PASSED] - Object 'Object Repository/Product/productNameInput' is present

2021-01-14 08:57:18 - [MESSAGE][PASSED] - Object 'Object Repository/Product/productNameInput' is visible

2021-01-14 08:57:19 - [MESSAGE][PASSED] - Object 'Object Repository/Product/productNameInput' is clickable

2021-01-14 08:57:19 - [MESSAGE][PASSED] - Text of object 'Object Repository/Product/productNameInput' is cleared

2021-01-14 08:57:19 - [MESSAGE][PASSED] - Keys 'RandomProduct422' sent to object: 'Object Repository/Product/productNameInput'

2021-01-14 08:57:20 - [MESSAGE][PASSED] - Object 'Object Repository/Product/descriptionFieldInput' is present

2021-01-14 08:57:20 - [MESSAGE][PASSED] - Object 'Object Repository/Product/descriptionFieldInput' is visible

2021-01-14 08:57:20 - [MESSAGE][PASSED] - Object 'Object Repository/Product/descriptionFieldInput' is clickable

2021-01-14 08:57:21 - [MESSAGE][PASSED] - Text of object 'Object Repository/Product/descriptionFieldInput' is cleared

2021-01-14 08:57:21 - [MESSAGE][PASSED] - Keys 'Sample text' sent to object: 'Object Repository/Product/descriptionFieldInput'

2021-01-14 08:57:21 - [MESSAGE][PASSED] - Object 'Object Repository/Product/addproductButtonInAddProductPopUp' is present

2021-01-14 08:57:22 - [MESSAGE][PASSED] - Object 'Object Repository/Product/addproductButtonInAddProductPopUp' is visible

2021-01-14 08:57:22 - [MESSAGE][PASSED] - Object 'Object Repository/Product/addproductButtonInAddProductPopUp' is clickable

2021-01-14 08:57:22 - [MESSAGE][PASSED] - Object: 'Object Repository/Product/addproductButtonInAddProductPopUp' is clicked on

2021-01-14 08:57:22 - [MESSAGE][PASSED] - pages.Product.addProduct is PASSED

2021-01-14 08:57:22 - [TEST_STEP][PASSED] - pages.Product.verifyProductAdded(productname): pages.Product.verifyProductAdded is PASSED

2021-01-14 08:57:23 - [MESSAGE][PASSED] - Object 'Object Repository/Product/Filter by name' is present

2021-01-14 08:57:24 - [MESSAGE][PASSED] - Object 'Object Repository/Product/Filter by name' is visible

2021-01-14 08:57:24 - [MESSAGE][PASSED] - Object 'Object Repository/Product/Filter by name' is clickable

2021-01-14 08:57:24 - [MESSAGE][PASSED] - Text of object 'Object Repository/Product/Filter by name' is cleared

2021-01-14 08:57:25 - [MESSAGE][PASSED] - Keys '' sent to object: 'Object Repository/Product/Filter by name'

2021-01-14 08:57:25 - [MESSAGE][PASSED] - Keys 'R' sent to object: 'Object Repository/Product/Filter by name'

2021-01-14 08:57:25 - [MESSAGE][PASSED] - Keys 'a' sent to object: 'Object Repository/Product/Filter by name'

2021-01-14 08:57:27 - [MESSAGE][PASSED] - Keys 'n' sent to object: 'Object Repository/Product/Filter by name'

2021-01-14 08:57:27 - [MESSAGE][PASSED] - Keys 'd' sent to object: 'Object Repository/Product/Filter by name'

2021-01-14 08:57:28 - [MESSAGE][PASSED] - Keys 'o' sent to object: 'Object Repository/Product/Filter by name'

2021-01-14 08:57:28 - [MESSAGE][PASSED] - Keys 'm' sent to object: 'Object Repository/Product/Filter by name'

2021-01-14 08:57:29 - [MESSAGE][PASSED] - Keys 'P' sent to object: 'Object Repository/Product/Filter by name'

2021-01-14 08:57:29 - [MESSAGE][PASSED] - Keys 'r' sent to object: 'Object Repository/Product/Filter by name'

2021-01-14 08:57:30 - [MESSAGE][PASSED] - Keys 'o' sent to object: 'Object Repository/Product/Filter by name'

2021-01-14 08:57:30 - [MESSAGE][PASSED] - Keys 'd' sent to object: 'Object Repository/Product/Filter by name'

2021-01-14 08:57:30 - [MESSAGE][PASSED] - Keys 'u' sent to object: 'Object Repository/Product/Filter by name'

2021-01-14 08:57:31 - [MESSAGE][PASSED] - Keys 'c' sent to object: 'Object Repository/Product/Filter by name'

2021-01-14 08:57:31 - [MESSAGE][PASSED] - Keys 't' sent to object: 'Object Repository/Product/Filter by name'

2021-01-14 08:57:31 - [MESSAGE][PASSED] - Keys '4' sent to object: 'Object Repository/Product/Filter by name'

2021-01-14 08:57:32 - [MESSAGE][PASSED] - Keys '2' sent to object: 'Object Repository/Product/Filter by name'

2021-01-14 08:57:34 - [MESSAGE][PASSED] - Keys '2' sent to object: 'Object Repository/Product/Filter by name'

2021-01-14 08:57:34 - [MESSAGE][PASSED] - Object 'Object Repository/Product/productName(Name)' is present

2021-01-14 08:57:34 - [MESSAGE][PASSED] - pages.Product.verifyProductAdded is PASSED

2021-01-14 08:57:34 - [TEST_STEP][PASSED] - println(productname): null]]></system-out>
         <system-err><![CDATA[]]></system-err>
      </testcase>
      <testcase name="Test Cases/Admin/Product/deleteProductAndVerify" time="37.731" classname="Test Cases/Admin/Product/deleteProductAndVerify" status="PASSED">
         <system-out><![CDATA[2021-01-14 08:57:34 - [TEST_CASE][PASSED] - Test Cases/Admin/Product/deleteProductAndVerify: Test Cases/Admin/Product/deleteProductAndVerify

2021-01-14 08:57:34 - [TEST_STEP][PASSED] - Start listener action : login: null

2021-01-14 08:57:34 - [TEST_STEP][PASSED] - Thread.sleep(3000): null

2021-01-14 08:57:37 - [TEST_STEP][PASSED] - url = getUrl(): Current window's url is: 'https://dev-admin.modist.co/dashboard'

2021-01-14 08:57:37 - [MESSAGE][PASSED] - Current window's url is: 'https://dev-admin.modist.co/dashboard'

2021-01-14 08:57:37 - [TEST_STEP][PASSED] - if (!(url.contains("dashboard"))): null

2021-01-14 08:57:37 - [TEST_STEP][PASSED] - productname = pages.Product.addProduct(): pages.Product.addProduct is PASSED

2021-01-14 08:57:38 - [MESSAGE][PASSED] - Object 'Object Repository/Product/productTab' is present

2021-01-14 08:57:38 - [MESSAGE][PASSED] - Object 'Object Repository/Product/productTab' is visible

2021-01-14 08:57:38 - [MESSAGE][PASSED] - Object 'Object Repository/Product/productTab' is clickable

2021-01-14 08:57:39 - [MESSAGE][PASSED] - Object: 'Object Repository/Product/productTab' is clicked on

2021-01-14 08:57:39 - [MESSAGE][PASSED] - Object 'Object Repository/Product/addProductButton' is present

2021-01-14 08:57:39 - [MESSAGE][PASSED] - Object 'Object Repository/Product/addProductButton' is visible

2021-01-14 08:57:39 - [MESSAGE][PASSED] - Object 'Object Repository/Product/addProductButton' is clickable

2021-01-14 08:57:40 - [MESSAGE][PASSED] - Object: 'Object Repository/Product/addProductButton' is clicked on

2021-01-14 08:57:40 - [MESSAGE][PASSED] - Object 'Object Repository/Product/productNameInput' is present

2021-01-14 08:57:41 - [MESSAGE][PASSED] - Object 'Object Repository/Product/productNameInput' is visible

2021-01-14 08:57:41 - [MESSAGE][PASSED] - Object 'Object Repository/Product/productNameInput' is clickable

2021-01-14 08:57:41 - [MESSAGE][PASSED] - Text of object 'Object Repository/Product/productNameInput' is cleared

2021-01-14 08:57:42 - [MESSAGE][PASSED] - Keys 'RandomProduct407' sent to object: 'Object Repository/Product/productNameInput'

2021-01-14 08:57:42 - [MESSAGE][PASSED] - Object 'Object Repository/Product/descriptionFieldInput' is present

2021-01-14 08:57:42 - [MESSAGE][PASSED] - Object 'Object Repository/Product/descriptionFieldInput' is visible

2021-01-14 08:57:43 - [MESSAGE][PASSED] - Object 'Object Repository/Product/descriptionFieldInput' is clickable

2021-01-14 08:57:43 - [MESSAGE][PASSED] - Text of object 'Object Repository/Product/descriptionFieldInput' is cleared

2021-01-14 08:57:43 - [MESSAGE][PASSED] - Keys 'Sample text' sent to object: 'Object Repository/Product/descriptionFieldInput'

2021-01-14 08:57:44 - [MESSAGE][PASSED] - Object 'Object Repository/Product/addproductButtonInAddProductPopUp' is present

2021-01-14 08:57:44 - [MESSAGE][PASSED] - Object 'Object Repository/Product/addproductButtonInAddProductPopUp' is visible

2021-01-14 08:57:44 - [MESSAGE][PASSED] - Object 'Object Repository/Product/addproductButtonInAddProductPopUp' is clickable

2021-01-14 08:57:45 - [MESSAGE][PASSED] - Object: 'Object Repository/Product/addproductButtonInAddProductPopUp' is clicked on

2021-01-14 08:57:45 - [MESSAGE][PASSED] - pages.Product.addProduct is PASSED

2021-01-14 08:57:45 - [TEST_STEP][PASSED] - pages.Product.deleteProduct(productname): pages.Product.deleteProduct is PASSED

2021-01-14 08:57:45 - [MESSAGE][PASSED] - Object 'Object Repository/Product/Filter by name' is present

2021-01-14 08:57:46 - [MESSAGE][PASSED] - Object 'Object Repository/Product/Filter by name' is visible

2021-01-14 08:57:47 - [MESSAGE][PASSED] - Object 'Object Repository/Product/Filter by name' is clickable

2021-01-14 08:57:47 - [MESSAGE][PASSED] - Text of object 'Object Repository/Product/Filter by name' is cleared

2021-01-14 08:57:47 - [MESSAGE][PASSED] - Keys '' sent to object: 'Object Repository/Product/Filter by name'

2021-01-14 08:57:48 - [MESSAGE][PASSED] - Keys 'R' sent to object: 'Object Repository/Product/Filter by name'

2021-01-14 08:57:48 - [MESSAGE][PASSED] - Keys 'a' sent to object: 'Object Repository/Product/Filter by name'

2021-01-14 08:57:48 - [MESSAGE][PASSED] - Keys 'n' sent to object: 'Object Repository/Product/Filter by name'

2021-01-14 08:57:49 - [MESSAGE][PASSED] - Keys 'd' sent to object: 'Object Repository/Product/Filter by name'

2021-01-14 08:57:49 - [MESSAGE][PASSED] - Keys 'o' sent to object: 'Object Repository/Product/Filter by name'

2021-01-14 08:57:51 - [MESSAGE][PASSED] - Keys 'm' sent to object: 'Object Repository/Product/Filter by name'

2021-01-14 08:57:52 - [MESSAGE][PASSED] - Keys 'P' sent to object: 'Object Repository/Product/Filter by name'

2021-01-14 08:57:52 - [MESSAGE][PASSED] - Keys 'r' sent to object: 'Object Repository/Product/Filter by name'

2021-01-14 08:57:52 - [MESSAGE][PASSED] - Keys 'o' sent to object: 'Object Repository/Product/Filter by name'

2021-01-14 08:57:53 - [MESSAGE][PASSED] - Keys 'd' sent to object: 'Object Repository/Product/Filter by name'

2021-01-14 08:57:53 - [MESSAGE][PASSED] - Keys 'u' sent to object: 'Object Repository/Product/Filter by name'

2021-01-14 08:57:53 - [MESSAGE][PASSED] - Keys 'c' sent to object: 'Object Repository/Product/Filter by name'

2021-01-14 08:57:54 - [MESSAGE][PASSED] - Keys 't' sent to object: 'Object Repository/Product/Filter by name'

2021-01-14 08:57:54 - [MESSAGE][PASSED] - Keys '4' sent to object: 'Object Repository/Product/Filter by name'

2021-01-14 08:57:55 - [MESSAGE][PASSED] - Keys '0' sent to object: 'Object Repository/Product/Filter by name'

2021-01-14 08:57:56 - [MESSAGE][PASSED] - Keys '7' sent to object: 'Object Repository/Product/Filter by name'

2021-01-14 08:57:56 - [MESSAGE][PASSED] - Object 'Object Repository/Product/productCheckBox(productName)' is present

2021-01-14 08:57:57 - [MESSAGE][PASSED] - Object 'Object Repository/Product/productCheckBox(productName)' is visible

2021-01-14 08:57:57 - [MESSAGE][PASSED] - Object 'Object Repository/Product/productCheckBox(productName)' is clickable

2021-01-14 08:57:57 - [MESSAGE][PASSED] - Object: 'Object Repository/Product/productCheckBox(productName)' is clicked on

2021-01-14 08:57:58 - [MESSAGE][PASSED] - Object 'Object Repository/Product/productDeleteButton' is present

2021-01-14 08:57:58 - [MESSAGE][PASSED] - Object 'Object Repository/Product/productDeleteButton' is visible

2021-01-14 08:57:58 - [MESSAGE][PASSED] - Object 'Object Repository/Product/productDeleteButton' is clickable

2021-01-14 08:57:59 - [MESSAGE][PASSED] - Object: 'Object Repository/Product/productDeleteButton' is clicked on

2021-01-14 08:57:59 - [MESSAGE][PASSED] - Alert accepted

2021-01-14 08:58:01 - [MESSAGE][PASSED] - Object 'Object Repository/Product/successMessage' is present

2021-01-14 08:58:01 - [MESSAGE][PASSED] - pages.Product.deleteProduct is PASSED

2021-01-14 08:58:01 - [TEST_STEP][PASSED] - pages.Product.verifyProductNotPresent(productname): pages.Product.verifyProductNotPresent is PASSED

2021-01-14 08:58:01 - [MESSAGE][PASSED] - Object 'Object Repository/Product/Filter by name' is present

2021-01-14 08:58:01 - [MESSAGE][PASSED] - Object 'Object Repository/Product/Filter by name' is visible

2021-01-14 08:58:02 - [MESSAGE][PASSED] - Object 'Object Repository/Product/Filter by name' is clickable

2021-01-14 08:58:02 - [MESSAGE][PASSED] - Text of object 'Object Repository/Product/Filter by name' is cleared

2021-01-14 08:58:02 - [MESSAGE][PASSED] - Keys '' sent to object: 'Object Repository/Product/Filter by name'

2021-01-14 08:58:03 - [MESSAGE][PASSED] - Keys 'R' sent to object: 'Object Repository/Product/Filter by name'

2021-01-14 08:58:03 - [MESSAGE][PASSED] - Keys 'a' sent to object: 'Object Repository/Product/Filter by name'

2021-01-14 08:58:04 - [MESSAGE][PASSED] - Keys 'n' sent to object: 'Object Repository/Product/Filter by name'

2021-01-14 08:58:05 - [MESSAGE][PASSED] - Keys 'd' sent to object: 'Object Repository/Product/Filter by name'

2021-01-14 08:58:05 - [MESSAGE][PASSED] - Keys 'o' sent to object: 'Object Repository/Product/Filter by name'

2021-01-14 08:58:06 - [MESSAGE][PASSED] - Keys 'm' sent to object: 'Object Repository/Product/Filter by name'

2021-01-14 08:58:07 - [MESSAGE][PASSED] - Keys 'P' sent to object: 'Object Repository/Product/Filter by name'

2021-01-14 08:58:07 - [MESSAGE][PASSED] - Keys 'r' sent to object: 'Object Repository/Product/Filter by name'

2021-01-14 08:58:07 - [MESSAGE][PASSED] - Keys 'o' sent to object: 'Object Repository/Product/Filter by name'

2021-01-14 08:58:08 - [MESSAGE][PASSED] - Keys 'd' sent to object: 'Object Repository/Product/Filter by name'

2021-01-14 08:58:08 - [MESSAGE][PASSED] - Keys 'u' sent to object: 'Object Repository/Product/Filter by name'

2021-01-14 08:58:09 - [MESSAGE][PASSED] - Keys 'c' sent to object: 'Object Repository/Product/Filter by name'

2021-01-14 08:58:09 - [MESSAGE][PASSED] - Keys 't' sent to object: 'Object Repository/Product/Filter by name'

2021-01-14 08:58:10 - [MESSAGE][PASSED] - Keys '4' sent to object: 'Object Repository/Product/Filter by name'

2021-01-14 08:58:11 - [MESSAGE][PASSED] - Keys '0' sent to object: 'Object Repository/Product/Filter by name'

2021-01-14 08:58:11 - [MESSAGE][PASSED] - Keys '7' sent to object: 'Object Repository/Product/Filter by name'

2021-01-14 08:58:12 - [MESSAGE][PASSED] - Web element with id: 'Object Repository/Product/productName(Name)' located by 'By.xpath: //div[text()='RandomProduct407']/../..
' is not present after '30' second(s)

2021-01-14 08:58:12 - [MESSAGE][PASSED] - pages.Product.verifyProductNotPresent is PASSED]]></system-out>
         <system-err><![CDATA[]]></system-err>
      </testcase>
      <testcase name="Test Cases/Admin/Product/deleteProductFromProductEditPageAndVerify" time="40.844" classname="Test Cases/Admin/Product/deleteProductFromProductEditPageAndVerify" status="PASSED">
         <system-out><![CDATA[2021-01-14 08:58:12 - [TEST_CASE][PASSED] - Test Cases/Admin/Product/deleteProductFromProductEditPageAndVerify: Test Cases/Admin/Product/deleteProductFromProductEditPageAndVerify

2021-01-14 08:58:12 - [TEST_STEP][PASSED] - Start listener action : login: null

2021-01-14 08:58:12 - [TEST_STEP][PASSED] - Thread.sleep(3000): null

2021-01-14 08:58:15 - [TEST_STEP][PASSED] - url = getUrl(): Current window's url is: 'https://dev-admin.modist.co/dashboard'

2021-01-14 08:58:15 - [MESSAGE][PASSED] - Current window's url is: 'https://dev-admin.modist.co/dashboard'

2021-01-14 08:58:15 - [TEST_STEP][PASSED] - if (!(url.contains("dashboard"))): null

2021-01-14 08:58:15 - [TEST_STEP][PASSED] - productname = pages.Product.addProduct(): pages.Product.addProduct is PASSED

2021-01-14 08:58:15 - [MESSAGE][PASSED] - Object 'Object Repository/Product/productTab' is present

2021-01-14 08:58:16 - [MESSAGE][PASSED] - Object 'Object Repository/Product/productTab' is visible

2021-01-14 08:58:16 - [MESSAGE][PASSED] - Object 'Object Repository/Product/productTab' is clickable

2021-01-14 08:58:16 - [MESSAGE][PASSED] - Object: 'Object Repository/Product/productTab' is clicked on

2021-01-14 08:58:17 - [MESSAGE][PASSED] - Object 'Object Repository/Product/addProductButton' is present

2021-01-14 08:58:17 - [MESSAGE][PASSED] - Object 'Object Repository/Product/addProductButton' is visible

2021-01-14 08:58:17 - [MESSAGE][PASSED] - Object 'Object Repository/Product/addProductButton' is clickable

2021-01-14 08:58:18 - [MESSAGE][PASSED] - Object: 'Object Repository/Product/addProductButton' is clicked on

2021-01-14 08:58:18 - [MESSAGE][PASSED] - Object 'Object Repository/Product/productNameInput' is present

2021-01-14 08:58:18 - [MESSAGE][PASSED] - Object 'Object Repository/Product/productNameInput' is visible

2021-01-14 08:58:19 - [MESSAGE][PASSED] - Object 'Object Repository/Product/productNameInput' is clickable

2021-01-14 08:58:19 - [MESSAGE][PASSED] - Text of object 'Object Repository/Product/productNameInput' is cleared

2021-01-14 08:58:20 - [MESSAGE][PASSED] - Keys 'RandomProduct189' sent to object: 'Object Repository/Product/productNameInput'

2021-01-14 08:58:20 - [MESSAGE][PASSED] - Object 'Object Repository/Product/descriptionFieldInput' is present

2021-01-14 08:58:20 - [MESSAGE][PASSED] - Object 'Object Repository/Product/descriptionFieldInput' is visible

2021-01-14 08:58:21 - [MESSAGE][PASSED] - Object 'Object Repository/Product/descriptionFieldInput' is clickable

2021-01-14 08:58:21 - [MESSAGE][PASSED] - Text of object 'Object Repository/Product/descriptionFieldInput' is cleared

2021-01-14 08:58:21 - [MESSAGE][PASSED] - Keys 'Sample text' sent to object: 'Object Repository/Product/descriptionFieldInput'

2021-01-14 08:58:22 - [MESSAGE][PASSED] - Object 'Object Repository/Product/addproductButtonInAddProductPopUp' is present

2021-01-14 08:58:22 - [MESSAGE][PASSED] - Object 'Object Repository/Product/addproductButtonInAddProductPopUp' is visible

2021-01-14 08:58:22 - [MESSAGE][PASSED] - Object 'Object Repository/Product/addproductButtonInAddProductPopUp' is clickable

2021-01-14 08:58:23 - [MESSAGE][PASSED] - Object: 'Object Repository/Product/addproductButtonInAddProductPopUp' is clicked on

2021-01-14 08:58:23 - [MESSAGE][PASSED] - pages.Product.addProduct is PASSED

2021-01-14 08:58:23 - [TEST_STEP][PASSED] - pages.Product.openAnyExistingProduct(productname): pages.Product.openAnyExistingProduct is PASSED

2021-01-14 08:58:23 - [MESSAGE][PASSED] - Object 'Object Repository/Product/Filter by name' is present

2021-01-14 08:58:24 - [MESSAGE][PASSED] - Object 'Object Repository/Product/Filter by name' is visible

2021-01-14 08:58:25 - [MESSAGE][PASSED] - Object 'Object Repository/Product/Filter by name' is clickable

2021-01-14 08:58:25 - [MESSAGE][PASSED] - Text of object 'Object Repository/Product/Filter by name' is cleared

2021-01-14 08:58:25 - [MESSAGE][PASSED] - Keys '' sent to object: 'Object Repository/Product/Filter by name'

2021-01-14 08:58:26 - [MESSAGE][PASSED] - Keys 'R' sent to object: 'Object Repository/Product/Filter by name'

2021-01-14 08:58:26 - [MESSAGE][PASSED] - Keys 'a' sent to object: 'Object Repository/Product/Filter by name'

2021-01-14 08:58:28 - [MESSAGE][PASSED] - Keys 'n' sent to object: 'Object Repository/Product/Filter by name'

2021-01-14 08:58:28 - [MESSAGE][PASSED] - Keys 'd' sent to object: 'Object Repository/Product/Filter by name'

2021-01-14 08:58:29 - [MESSAGE][PASSED] - Keys 'o' sent to object: 'Object Repository/Product/Filter by name'

2021-01-14 08:58:29 - [MESSAGE][PASSED] - Keys 'm' sent to object: 'Object Repository/Product/Filter by name'

2021-01-14 08:58:29 - [MESSAGE][PASSED] - Keys 'P' sent to object: 'Object Repository/Product/Filter by name'

2021-01-14 08:58:30 - [MESSAGE][PASSED] - Keys 'r' sent to object: 'Object Repository/Product/Filter by name'

2021-01-14 08:58:30 - [MESSAGE][PASSED] - Keys 'o' sent to object: 'Object Repository/Product/Filter by name'

2021-01-14 08:58:31 - [MESSAGE][PASSED] - Keys 'd' sent to object: 'Object Repository/Product/Filter by name'

2021-01-14 08:58:31 - [MESSAGE][PASSED] - Keys 'u' sent to object: 'Object Repository/Product/Filter by name'

2021-01-14 08:58:32 - [MESSAGE][PASSED] - Keys 'c' sent to object: 'Object Repository/Product/Filter by name'

2021-01-14 08:58:32 - [MESSAGE][PASSED] - Keys 't' sent to object: 'Object Repository/Product/Filter by name'

2021-01-14 08:58:33 - [MESSAGE][PASSED] - Keys '1' sent to object: 'Object Repository/Product/Filter by name'

2021-01-14 08:58:33 - [MESSAGE][PASSED] - Keys '8' sent to object: 'Object Repository/Product/Filter by name'

2021-01-14 08:58:34 - [MESSAGE][PASSED] - Keys '9' sent to object: 'Object Repository/Product/Filter by name'

2021-01-14 08:58:35 - [MESSAGE][PASSED] - Scroll to object 'Object Repository/Product/productName(Name)' successfully

2021-01-14 08:58:35 - [MESSAGE][PASSED] - Object 'Object Repository/Product/productName(Name)' is present

2021-01-14 08:58:35 - [MESSAGE][PASSED] - Object 'Object Repository/Product/productName(Name)' is visible

2021-01-14 08:58:36 - [MESSAGE][PASSED] - Object 'Object Repository/Product/productName(Name)' is clickable

2021-01-14 08:58:36 - [MESSAGE][PASSED] - Object: 'Object Repository/Product/productName(Name)' is clicked on

2021-01-14 08:58:36 - [MESSAGE][PASSED] - pages.Product.openAnyExistingProduct is PASSED

2021-01-14 08:58:36 - [TEST_STEP][PASSED] - pages.Product.clickDeleteButtonInProductEditPage(): pages.Product.clickDeleteButtonInProductEditPage is PASSED

2021-01-14 08:58:36 - [MESSAGE][PASSED] - Object 'Object Repository/Product/ProductEditPage/deleteButton' is present

2021-01-14 08:58:37 - [MESSAGE][PASSED] - Object 'Object Repository/Product/ProductEditPage/deleteButton' is visible

2021-01-14 08:58:37 - [MESSAGE][PASSED] - Object 'Object Repository/Product/ProductEditPage/deleteButton' is clickable

2021-01-14 08:58:38 - [MESSAGE][PASSED] - Object: 'Object Repository/Product/ProductEditPage/deleteButton' is clicked on

2021-01-14 08:58:40 - [MESSAGE][PASSED] - Object 'Object Repository/Product/successMessage' is present

2021-01-14 08:58:41 - [MESSAGE][PASSED] - Refresh successfully

2021-01-14 08:58:41 - [MESSAGE][PASSED] - pages.Product.clickDeleteButtonInProductEditPage is PASSED

2021-01-14 08:58:41 - [TEST_STEP][PASSED] - pages.Product.verifyProductNotPresent(productname): pages.Product.verifyProductNotPresent is PASSED

2021-01-14 08:58:43 - [MESSAGE][PASSED] - Object 'Object Repository/Product/Filter by name' is present

2021-01-14 08:58:43 - [MESSAGE][PASSED] - Object 'Object Repository/Product/Filter by name' is visible

2021-01-14 08:58:44 - [MESSAGE][PASSED] - Object 'Object Repository/Product/Filter by name' is clickable

2021-01-14 08:58:44 - [MESSAGE][PASSED] - Text of object 'Object Repository/Product/Filter by name' is cleared

2021-01-14 08:58:44 - [MESSAGE][PASSED] - Keys '' sent to object: 'Object Repository/Product/Filter by name'

2021-01-14 08:58:45 - [MESSAGE][PASSED] - Keys 'R' sent to object: 'Object Repository/Product/Filter by name'

2021-01-14 08:58:45 - [MESSAGE][PASSED] - Keys 'a' sent to object: 'Object Repository/Product/Filter by name'

2021-01-14 08:58:45 - [MESSAGE][PASSED] - Keys 'n' sent to object: 'Object Repository/Product/Filter by name'

2021-01-14 08:58:47 - [MESSAGE][PASSED] - Keys 'd' sent to object: 'Object Repository/Product/Filter by name'

2021-01-14 08:58:47 - [MESSAGE][PASSED] - Keys 'o' sent to object: 'Object Repository/Product/Filter by name'

2021-01-14 08:58:48 - [MESSAGE][PASSED] - Keys 'm' sent to object: 'Object Repository/Product/Filter by name'

2021-01-14 08:58:48 - [MESSAGE][PASSED] - Keys 'P' sent to object: 'Object Repository/Product/Filter by name'

2021-01-14 08:58:48 - [MESSAGE][PASSED] - Keys 'r' sent to object: 'Object Repository/Product/Filter by name'

2021-01-14 08:58:49 - [MESSAGE][PASSED] - Keys 'o' sent to object: 'Object Repository/Product/Filter by name'

2021-01-14 08:58:49 - [MESSAGE][PASSED] - Keys 'd' sent to object: 'Object Repository/Product/Filter by name'

2021-01-14 08:58:50 - [MESSAGE][PASSED] - Keys 'u' sent to object: 'Object Repository/Product/Filter by name'

2021-01-14 08:58:50 - [MESSAGE][PASSED] - Keys 'c' sent to object: 'Object Repository/Product/Filter by name'

2021-01-14 08:58:50 - [MESSAGE][PASSED] - Keys 't' sent to object: 'Object Repository/Product/Filter by name'

2021-01-14 08:58:51 - [MESSAGE][PASSED] - Keys '1' sent to object: 'Object Repository/Product/Filter by name'

2021-01-14 08:58:51 - [MESSAGE][PASSED] - Keys '8' sent to object: 'Object Repository/Product/Filter by name'

2021-01-14 08:58:52 - [MESSAGE][PASSED] - Keys '9' sent to object: 'Object Repository/Product/Filter by name'

2021-01-14 08:58:53 - [MESSAGE][PASSED] - Web element with id: 'Object Repository/Product/productName(Name)' located by 'By.xpath: //div[text()='RandomProduct189']/../..
' is not present after '30' second(s)

2021-01-14 08:58:53 - [MESSAGE][PASSED] - pages.Product.verifyProductNotPresent is PASSED]]></system-out>
         <system-err><![CDATA[]]></system-err>
      </testcase>
      <testcase name="Test Cases/Admin/Product/editProductNameAndVerify" time="54.563" classname="Test Cases/Admin/Product/editProductNameAndVerify" status="PASSED">
         <system-out><![CDATA[2021-01-14 08:58:53 - [TEST_CASE][PASSED] - Test Cases/Admin/Product/editProductNameAndVerify: Test Cases/Admin/Product/editProductNameAndVerify

2021-01-14 08:58:53 - [TEST_STEP][PASSED] - Start listener action : login: null

2021-01-14 08:58:53 - [TEST_STEP][PASSED] - Thread.sleep(3000): null

2021-01-14 08:58:56 - [TEST_STEP][PASSED] - url = getUrl(): Current window's url is: 'https://dev-admin.modist.co/dashboard'

2021-01-14 08:58:56 - [MESSAGE][PASSED] - Current window's url is: 'https://dev-admin.modist.co/dashboard'

2021-01-14 08:58:56 - [TEST_STEP][PASSED] - if (!(url.contains("dashboard"))): null

2021-01-14 08:58:56 - [TEST_STEP][PASSED] - productname = pages.Product.addProduct(): pages.Product.addProduct is PASSED

2021-01-14 08:58:56 - [MESSAGE][PASSED] - Object 'Object Repository/Product/productTab' is present

2021-01-14 08:58:56 - [MESSAGE][PASSED] - Object 'Object Repository/Product/productTab' is visible

2021-01-14 08:58:57 - [MESSAGE][PASSED] - Object 'Object Repository/Product/productTab' is clickable

2021-01-14 08:58:57 - [MESSAGE][PASSED] - Object: 'Object Repository/Product/productTab' is clicked on

2021-01-14 08:58:57 - [MESSAGE][PASSED] - Object 'Object Repository/Product/addProductButton' is present

2021-01-14 08:58:58 - [MESSAGE][PASSED] - Object 'Object Repository/Product/addProductButton' is visible

2021-01-14 08:58:58 - [MESSAGE][PASSED] - Object 'Object Repository/Product/addProductButton' is clickable

2021-01-14 08:58:58 - [MESSAGE][PASSED] - Object: 'Object Repository/Product/addProductButton' is clicked on

2021-01-14 08:58:59 - [MESSAGE][PASSED] - Object 'Object Repository/Product/productNameInput' is present

2021-01-14 08:58:59 - [MESSAGE][PASSED] - Object 'Object Repository/Product/productNameInput' is visible

2021-01-14 08:58:59 - [MESSAGE][PASSED] - Object 'Object Repository/Product/productNameInput' is clickable

2021-01-14 08:59:00 - [MESSAGE][PASSED] - Text of object 'Object Repository/Product/productNameInput' is cleared

2021-01-14 08:59:00 - [MESSAGE][PASSED] - Keys 'RandomProduct448' sent to object: 'Object Repository/Product/productNameInput'

2021-01-14 08:59:00 - [MESSAGE][PASSED] - Object 'Object Repository/Product/descriptionFieldInput' is present

2021-01-14 08:59:01 - [MESSAGE][PASSED] - Object 'Object Repository/Product/descriptionFieldInput' is visible

2021-01-14 08:59:01 - [MESSAGE][PASSED] - Object 'Object Repository/Product/descriptionFieldInput' is clickable

2021-01-14 08:59:01 - [MESSAGE][PASSED] - Text of object 'Object Repository/Product/descriptionFieldInput' is cleared

2021-01-14 08:59:02 - [MESSAGE][PASSED] - Keys 'Sample text' sent to object: 'Object Repository/Product/descriptionFieldInput'

2021-01-14 08:59:02 - [MESSAGE][PASSED] - Object 'Object Repository/Product/addproductButtonInAddProductPopUp' is present

2021-01-14 08:59:02 - [MESSAGE][PASSED] - Object 'Object Repository/Product/addproductButtonInAddProductPopUp' is visible

2021-01-14 08:59:03 - [MESSAGE][PASSED] - Object 'Object Repository/Product/addproductButtonInAddProductPopUp' is clickable

2021-01-14 08:59:03 - [MESSAGE][PASSED] - Object: 'Object Repository/Product/addproductButtonInAddProductPopUp' is clicked on

2021-01-14 08:59:03 - [MESSAGE][PASSED] - pages.Product.addProduct is PASSED

2021-01-14 08:59:03 - [TEST_STEP][PASSED] - pages.Product.openAnyExistingProduct(productname): pages.Product.openAnyExistingProduct is PASSED

2021-01-14 08:59:04 - [MESSAGE][PASSED] - Object 'Object Repository/Product/Filter by name' is present

2021-01-14 08:59:05 - [MESSAGE][PASSED] - Object 'Object Repository/Product/Filter by name' is visible

2021-01-14 08:59:05 - [MESSAGE][PASSED] - Object 'Object Repository/Product/Filter by name' is clickable

2021-01-14 08:59:06 - [MESSAGE][PASSED] - Text of object 'Object Repository/Product/Filter by name' is cleared

2021-01-14 08:59:06 - [MESSAGE][PASSED] - Keys '' sent to object: 'Object Repository/Product/Filter by name'

2021-01-14 08:59:06 - [MESSAGE][PASSED] - Keys 'R' sent to object: 'Object Repository/Product/Filter by name'

2021-01-14 08:59:07 - [MESSAGE][PASSED] - Keys 'a' sent to object: 'Object Repository/Product/Filter by name'

2021-01-14 08:59:07 - [MESSAGE][PASSED] - Keys 'n' sent to object: 'Object Repository/Product/Filter by name'

2021-01-14 08:59:09 - [MESSAGE][PASSED] - Keys 'd' sent to object: 'Object Repository/Product/Filter by name'

2021-01-14 08:59:09 - [MESSAGE][PASSED] - Keys 'o' sent to object: 'Object Repository/Product/Filter by name'

2021-01-14 08:59:09 - [MESSAGE][PASSED] - Keys 'm' sent to object: 'Object Repository/Product/Filter by name'

2021-01-14 08:59:10 - [MESSAGE][PASSED] - Keys 'P' sent to object: 'Object Repository/Product/Filter by name'

2021-01-14 08:59:10 - [MESSAGE][PASSED] - Keys 'r' sent to object: 'Object Repository/Product/Filter by name'

2021-01-14 08:59:11 - [MESSAGE][PASSED] - Keys 'o' sent to object: 'Object Repository/Product/Filter by name'

2021-01-14 08:59:11 - [MESSAGE][PASSED] - Keys 'd' sent to object: 'Object Repository/Product/Filter by name'

2021-01-14 08:59:11 - [MESSAGE][PASSED] - Keys 'u' sent to object: 'Object Repository/Product/Filter by name'

2021-01-14 08:59:12 - [MESSAGE][PASSED] - Keys 'c' sent to object: 'Object Repository/Product/Filter by name'

2021-01-14 08:59:12 - [MESSAGE][PASSED] - Keys 't' sent to object: 'Object Repository/Product/Filter by name'

2021-01-14 08:59:13 - [MESSAGE][PASSED] - Keys '4' sent to object: 'Object Repository/Product/Filter by name'

2021-01-14 08:59:13 - [MESSAGE][PASSED] - Keys '4' sent to object: 'Object Repository/Product/Filter by name'

2021-01-14 08:59:14 - [MESSAGE][PASSED] - Keys '8' sent to object: 'Object Repository/Product/Filter by name'

2021-01-14 08:59:15 - [MESSAGE][PASSED] - Scroll to object 'Object Repository/Product/productName(Name)' successfully

2021-01-14 08:59:15 - [MESSAGE][PASSED] - Object 'Object Repository/Product/productName(Name)' is present

2021-01-14 08:59:15 - [MESSAGE][PASSED] - Object 'Object Repository/Product/productName(Name)' is visible

2021-01-14 08:59:16 - [MESSAGE][PASSED] - Object 'Object Repository/Product/productName(Name)' is clickable

2021-01-14 08:59:16 - [MESSAGE][PASSED] - Object: 'Object Repository/Product/productName(Name)' is clicked on

2021-01-14 08:59:16 - [MESSAGE][PASSED] - pages.Product.openAnyExistingProduct is PASSED

2021-01-14 08:59:16 - [TEST_STEP][PASSED] - editedName = pages.Product.editProductName(): pages.Product.editProductName is PASSED

2021-01-14 08:59:21 - [MESSAGE][PASSED] - Delayed 5 second(s)

2021-01-14 08:59:21 - [MESSAGE][PASSED] - Text of object 'Object Repository/Product/ProductEditPage/productNameInput' is cleared

2021-01-14 08:59:22 - [MESSAGE][PASSED] - Object 'Object Repository/Product/ProductEditPage/productNameInput' is present

2021-01-14 08:59:22 - [MESSAGE][PASSED] - Object 'Object Repository/Product/ProductEditPage/productNameInput' is visible

2021-01-14 08:59:22 - [MESSAGE][PASSED] - Object 'Object Repository/Product/ProductEditPage/productNameInput' is clickable

2021-01-14 08:59:23 - [MESSAGE][PASSED] - Text of object 'Object Repository/Product/ProductEditPage/productNameInput' is cleared

2021-01-14 08:59:23 - [MESSAGE][PASSED] - Keys 'RandomProduct362' sent to object: 'Object Repository/Product/ProductEditPage/productNameInput'

2021-01-14 08:59:23 - [MESSAGE][PASSED] - Object 'Object Repository/Product/ProductEditPage/saveChangesButton' is present

2021-01-14 08:59:24 - [MESSAGE][PASSED] - Object 'Object Repository/Product/ProductEditPage/saveChangesButton' is visible

2021-01-14 08:59:24 - [MESSAGE][PASSED] - Object 'Object Repository/Product/ProductEditPage/saveChangesButton' is clickable

2021-01-14 08:59:24 - [MESSAGE][PASSED] - Object: 'Object Repository/Product/ProductEditPage/saveChangesButton' is clicked on

2021-01-14 08:59:25 - [MESSAGE][PASSED] - Object 'Object Repository/Product/ProductEditPage/closeButton' is present

2021-01-14 08:59:25 - [MESSAGE][PASSED] - Object 'Object Repository/Product/ProductEditPage/closeButton' is visible

2021-01-14 08:59:26 - [MESSAGE][PASSED] - Object 'Object Repository/Product/ProductEditPage/closeButton' is clickable

2021-01-14 08:59:26 - [MESSAGE][PASSED] - Object: 'Object Repository/Product/ProductEditPage/closeButton' is clicked on

2021-01-14 08:59:26 - [MESSAGE][PASSED] - pages.Product.editProductName is PASSED

2021-01-14 08:59:26 - [TEST_STEP][PASSED] - pages.Product.verifyProductAdded(editedName): pages.Product.verifyProductAdded is PASSED

2021-01-14 08:59:28 - [MESSAGE][PASSED] - Object 'Object Repository/Product/Filter by name' is present

2021-01-14 08:59:28 - [MESSAGE][PASSED] - Object 'Object Repository/Product/Filter by name' is visible

2021-01-14 08:59:28 - [MESSAGE][PASSED] - Object 'Object Repository/Product/Filter by name' is clickable

2021-01-14 08:59:29 - [MESSAGE][PASSED] - Text of object 'Object Repository/Product/Filter by name' is cleared

2021-01-14 08:59:29 - [MESSAGE][PASSED] - Keys '' sent to object: 'Object Repository/Product/Filter by name'

2021-01-14 08:59:29 - [MESSAGE][PASSED] - Keys 'R' sent to object: 'Object Repository/Product/Filter by name'

2021-01-14 08:59:30 - [MESSAGE][PASSED] - Keys 'a' sent to object: 'Object Repository/Product/Filter by name'

2021-01-14 08:59:30 - [MESSAGE][PASSED] - Keys 'n' sent to object: 'Object Repository/Product/Filter by name'

2021-01-14 08:59:32 - [MESSAGE][PASSED] - Keys 'd' sent to object: 'Object Repository/Product/Filter by name'

2021-01-14 08:59:32 - [MESSAGE][PASSED] - Keys 'o' sent to object: 'Object Repository/Product/Filter by name'

2021-01-14 08:59:32 - [MESSAGE][PASSED] - Keys 'm' sent to object: 'Object Repository/Product/Filter by name'

2021-01-14 08:59:33 - [MESSAGE][PASSED] - Keys 'P' sent to object: 'Object Repository/Product/Filter by name'

2021-01-14 08:59:33 - [MESSAGE][PASSED] - Keys 'r' sent to object: 'Object Repository/Product/Filter by name'

2021-01-14 08:59:33 - [MESSAGE][PASSED] - Keys 'o' sent to object: 'Object Repository/Product/Filter by name'

2021-01-14 08:59:34 - [MESSAGE][PASSED] - Keys 'd' sent to object: 'Object Repository/Product/Filter by name'

2021-01-14 08:59:34 - [MESSAGE][PASSED] - Keys 'u' sent to object: 'Object Repository/Product/Filter by name'

2021-01-14 08:59:35 - [MESSAGE][PASSED] - Keys 'c' sent to object: 'Object Repository/Product/Filter by name'

2021-01-14 08:59:35 - [MESSAGE][PASSED] - Keys 't' sent to object: 'Object Repository/Product/Filter by name'

2021-01-14 08:59:35 - [MESSAGE][PASSED] - Keys '3' sent to object: 'Object Repository/Product/Filter by name'

2021-01-14 08:59:36 - [MESSAGE][PASSED] - Keys '6' sent to object: 'Object Repository/Product/Filter by name'

2021-01-14 08:59:37 - [MESSAGE][PASSED] - Keys '2' sent to object: 'Object Repository/Product/Filter by name'

2021-01-14 08:59:37 - [MESSAGE][PASSED] - Object 'Object Repository/Product/productName(Name)' is present

2021-01-14 08:59:37 - [MESSAGE][PASSED] - pages.Product.verifyProductAdded is PASSED

2021-01-14 08:59:37 - [TEST_STEP][PASSED] - pages.Product.verifyProductNotPresent(productname): pages.Product.verifyProductNotPresent is PASSED

2021-01-14 08:59:37 - [MESSAGE][PASSED] - Object 'Object Repository/Product/Filter by name' is present

2021-01-14 08:59:38 - [MESSAGE][PASSED] - Object 'Object Repository/Product/Filter by name' is visible

2021-01-14 08:59:38 - [MESSAGE][PASSED] - Object 'Object Repository/Product/Filter by name' is clickable

2021-01-14 08:59:38 - [MESSAGE][PASSED] - Text of object 'Object Repository/Product/Filter by name' is cleared

2021-01-14 08:59:38 - [MESSAGE][PASSED] - Keys '' sent to object: 'Object Repository/Product/Filter by name'

2021-01-14 08:59:39 - [MESSAGE][PASSED] - Keys 'R' sent to object: 'Object Repository/Product/Filter by name'

2021-01-14 08:59:39 - [MESSAGE][PASSED] - Keys 'a' sent to object: 'Object Repository/Product/Filter by name'

2021-01-14 08:59:40 - [MESSAGE][PASSED] - Keys 'n' sent to object: 'Object Repository/Product/Filter by name'

2021-01-14 08:59:42 - [MESSAGE][PASSED] - Keys 'd' sent to object: 'Object Repository/Product/Filter by name'

2021-01-14 08:59:42 - [MESSAGE][PASSED] - Keys 'o' sent to object: 'Object Repository/Product/Filter by name'

2021-01-14 08:59:42 - [MESSAGE][PASSED] - Keys 'm' sent to object: 'Object Repository/Product/Filter by name'

2021-01-14 08:59:43 - [MESSAGE][PASSED] - Keys 'P' sent to object: 'Object Repository/Product/Filter by name'

2021-01-14 08:59:43 - [MESSAGE][PASSED] - Keys 'r' sent to object: 'Object Repository/Product/Filter by name'

2021-01-14 08:59:44 - [MESSAGE][PASSED] - Keys 'o' sent to object: 'Object Repository/Product/Filter by name'

2021-01-14 08:59:44 - [MESSAGE][PASSED] - Keys 'd' sent to object: 'Object Repository/Product/Filter by name'

2021-01-14 08:59:44 - [MESSAGE][PASSED] - Keys 'u' sent to object: 'Object Repository/Product/Filter by name'

2021-01-14 08:59:45 - [MESSAGE][PASSED] - Keys 'c' sent to object: 'Object Repository/Product/Filter by name'

2021-01-14 08:59:45 - [MESSAGE][PASSED] - Keys 't' sent to object: 'Object Repository/Product/Filter by name'

2021-01-14 08:59:46 - [MESSAGE][PASSED] - Keys '4' sent to object: 'Object Repository/Product/Filter by name'

2021-01-14 08:59:46 - [MESSAGE][PASSED] - Keys '4' sent to object: 'Object Repository/Product/Filter by name'

2021-01-14 08:59:47 - [MESSAGE][PASSED] - Keys '8' sent to object: 'Object Repository/Product/Filter by name'

2021-01-14 08:59:47 - [MESSAGE][PASSED] - Web element with id: 'Object Repository/Product/productName(Name)' located by 'By.xpath: //div[text()='RandomProduct448']/../..
' is not present after '30' second(s)

2021-01-14 08:59:47 - [MESSAGE][PASSED] - pages.Product.verifyProductNotPresent is PASSED]]></system-out>
         <system-err><![CDATA[]]></system-err>
      </testcase>
      <testcase name="Test Cases/Admin/Product/openExistingProductNavigatesToProductEditPage" time="19.083" classname="Test Cases/Admin/Product/openExistingProductNavigatesToProductEditPage" status="PASSED">
         <system-out><![CDATA[2021-01-14 08:59:47 - [TEST_CASE][PASSED] - Test Cases/Admin/Product/openExistingProductNavigatesToProductEditPage: Test Cases/Admin/Product/openExistingProductNavigatesToProductEditPage

2021-01-14 08:59:47 - [TEST_STEP][PASSED] - Start listener action : login: null

2021-01-14 08:59:47 - [TEST_STEP][PASSED] - Thread.sleep(3000): null

2021-01-14 08:59:50 - [TEST_STEP][PASSED] - url = getUrl(): Current window's url is: 'https://dev-admin.modist.co/dashboard'

2021-01-14 08:59:50 - [MESSAGE][PASSED] - Current window's url is: 'https://dev-admin.modist.co/dashboard'

2021-01-14 08:59:50 - [TEST_STEP][PASSED] - if (!(url.contains("dashboard"))): null

2021-01-14 08:59:50 - [TEST_STEP][PASSED] - productName = pages.Product.getRandomProductNmae(): pages.Product.getRandomProductNmae is PASSED

2021-01-14 08:59:51 - [MESSAGE][PASSED] - Object 'Object Repository/Product/productTab' is present

2021-01-14 08:59:51 - [MESSAGE][PASSED] - Object 'Object Repository/Product/productTab' is visible

2021-01-14 08:59:51 - [MESSAGE][PASSED] - Object 'Object Repository/Product/productTab' is clickable

2021-01-14 08:59:52 - [MESSAGE][PASSED] - Object: 'Object Repository/Product/productTab' is clicked on

2021-01-14 08:59:52 - [MESSAGE][PASSED] - Object 'Object Repository/Product/productsCount' is present

2021-01-14 08:59:53 - [MESSAGE][PASSED] - Text of object 'Object Repository/Product/randomProduct(index)' is: 'RandomProduct434'

2021-01-14 08:59:53 - [MESSAGE][PASSED] - pages.Product.getRandomProductNmae is PASSED

2021-01-14 08:59:53 - [TEST_STEP][PASSED] - pages.Product.openAnyExistingProduct(productName): pages.Product.openAnyExistingProduct is PASSED

2021-01-14 08:59:53 - [MESSAGE][PASSED] - Object 'Object Repository/Product/Filter by name' is present

2021-01-14 08:59:53 - [MESSAGE][PASSED] - Object 'Object Repository/Product/Filter by name' is visible

2021-01-14 08:59:54 - [MESSAGE][PASSED] - Object 'Object Repository/Product/Filter by name' is clickable

2021-01-14 08:59:54 - [MESSAGE][PASSED] - Text of object 'Object Repository/Product/Filter by name' is cleared

2021-01-14 08:59:54 - [MESSAGE][PASSED] - Keys '' sent to object: 'Object Repository/Product/Filter by name'

2021-01-14 08:59:55 - [MESSAGE][PASSED] - Keys 'R' sent to object: 'Object Repository/Product/Filter by name'

2021-01-14 08:59:55 - [MESSAGE][PASSED] - Keys 'a' sent to object: 'Object Repository/Product/Filter by name'

2021-01-14 08:59:55 - [MESSAGE][PASSED] - Keys 'n' sent to object: 'Object Repository/Product/Filter by name'

2021-01-14 08:59:57 - [MESSAGE][PASSED] - Keys 'd' sent to object: 'Object Repository/Product/Filter by name'

2021-01-14 08:59:58 - [MESSAGE][PASSED] - Keys 'o' sent to object: 'Object Repository/Product/Filter by name'

2021-01-14 08:59:58 - [MESSAGE][PASSED] - Keys 'm' sent to object: 'Object Repository/Product/Filter by name'

2021-01-14 08:59:58 - [MESSAGE][PASSED] - Keys 'P' sent to object: 'Object Repository/Product/Filter by name'

2021-01-14 08:59:59 - [MESSAGE][PASSED] - Keys 'r' sent to object: 'Object Repository/Product/Filter by name'

2021-01-14 08:59:59 - [MESSAGE][PASSED] - Keys 'o' sent to object: 'Object Repository/Product/Filter by name'

2021-01-14 08:59:59 - [MESSAGE][PASSED] - Keys 'd' sent to object: 'Object Repository/Product/Filter by name'

2021-01-14 09:00:00 - [MESSAGE][PASSED] - Keys 'u' sent to object: 'Object Repository/Product/Filter by name'

2021-01-14 09:00:00 - [MESSAGE][PASSED] - Keys 'c' sent to object: 'Object Repository/Product/Filter by name'

2021-01-14 09:00:00 - [MESSAGE][PASSED] - Keys 't' sent to object: 'Object Repository/Product/Filter by name'

2021-01-14 09:00:01 - [MESSAGE][PASSED] - Keys '4' sent to object: 'Object Repository/Product/Filter by name'

2021-01-14 09:00:01 - [MESSAGE][PASSED] - Keys '3' sent to object: 'Object Repository/Product/Filter by name'

2021-01-14 09:00:02 - [MESSAGE][PASSED] - Keys '4' sent to object: 'Object Repository/Product/Filter by name'

2021-01-14 09:00:03 - [MESSAGE][PASSED] - Scroll to object 'Object Repository/Product/productName(Name)' successfully

2021-01-14 09:00:03 - [MESSAGE][PASSED] - Object 'Object Repository/Product/productName(Name)' is present

2021-01-14 09:00:03 - [MESSAGE][PASSED] - Object 'Object Repository/Product/productName(Name)' is visible

2021-01-14 09:00:04 - [MESSAGE][PASSED] - Object 'Object Repository/Product/productName(Name)' is clickable

2021-01-14 09:00:04 - [MESSAGE][PASSED] - Object: 'Object Repository/Product/productName(Name)' is clicked on

2021-01-14 09:00:04 - [MESSAGE][PASSED] - pages.Product.openAnyExistingProduct is PASSED

2021-01-14 09:00:04 - [TEST_STEP][PASSED] - pages.Product.verifyProductEditPage(): pages.Product.verifyProductEditPage is PASSED

2021-01-14 09:00:05 - [MESSAGE][PASSED] - Object 'Object Repository/Product/ProductEditPage/productEditPageVerification' is present

2021-01-14 09:00:05 - [MESSAGE][PASSED] - Object 'Object Repository/Product/ProductEditPage/closeButton' is present

2021-01-14 09:00:06 - [MESSAGE][PASSED] - Object 'Object Repository/Product/ProductEditPage/closeButton' is visible

2021-01-14 09:00:06 - [MESSAGE][PASSED] - Object 'Object Repository/Product/ProductEditPage/closeButton' is clickable

2021-01-14 09:00:06 - [MESSAGE][PASSED] - Object: 'Object Repository/Product/ProductEditPage/closeButton' is clicked on

2021-01-14 09:00:06 - [MESSAGE][PASSED] - pages.Product.verifyProductEditPage is PASSED]]></system-out>
         <system-err><![CDATA[]]></system-err>
      </testcase>
      <testcase name="Test Cases/Admin/Product/verifyAddProductPopUp" time="8.587" classname="Test Cases/Admin/Product/verifyAddProductPopUp" status="PASSED">
         <system-out><![CDATA[2021-01-14 09:00:06 - [TEST_CASE][PASSED] - Test Cases/Admin/Product/verifyAddProductPopUp: Test Cases/Admin/Product/verifyAddProductPopUp

2021-01-14 09:00:06 - [TEST_STEP][PASSED] - Start listener action : login: null

2021-01-14 09:00:06 - [TEST_STEP][PASSED] - Thread.sleep(3000): null

2021-01-14 09:00:09 - [TEST_STEP][PASSED] - url = getUrl(): Current window's url is: 'https://dev-admin.modist.co/dashboard'

2021-01-14 09:00:09 - [MESSAGE][PASSED] - Current window's url is: 'https://dev-admin.modist.co/dashboard'

2021-01-14 09:00:09 - [TEST_STEP][PASSED] - if (!(url.contains("dashboard"))): null

2021-01-14 09:00:09 - [TEST_STEP][PASSED] - pages.Product.clickOnProductTab(): pages.Product.clickOnProductTab is PASSED

2021-01-14 09:00:10 - [MESSAGE][PASSED] - Object 'Object Repository/Product/productTab' is present

2021-01-14 09:00:10 - [MESSAGE][PASSED] - Object 'Object Repository/Product/productTab' is visible

2021-01-14 09:00:10 - [MESSAGE][PASSED] - Object 'Object Repository/Product/productTab' is clickable

2021-01-14 09:00:11 - [MESSAGE][PASSED] - Object: 'Object Repository/Product/productTab' is clicked on

2021-01-14 09:00:11 - [MESSAGE][PASSED] - pages.Product.clickOnProductTab is PASSED

2021-01-14 09:00:11 - [TEST_STEP][PASSED] - pages.Product.clickOnAddProductButton(): pages.Product.clickOnAddProductButton is PASSED

2021-01-14 09:00:11 - [MESSAGE][PASSED] - Object 'Object Repository/Product/addProductButton' is present

2021-01-14 09:00:11 - [MESSAGE][PASSED] - Object 'Object Repository/Product/addProductButton' is visible

2021-01-14 09:00:11 - [MESSAGE][PASSED] - Object 'Object Repository/Product/addProductButton' is clickable

2021-01-14 09:00:12 - [MESSAGE][PASSED] - Object: 'Object Repository/Product/addProductButton' is clicked on

2021-01-14 09:00:12 - [MESSAGE][PASSED] - pages.Product.clickOnAddProductButton is PASSED

2021-01-14 09:00:12 - [TEST_STEP][PASSED] - pages.Product.verifyProductPopUp(): pages.Product.verifyProductPopUp is PASSED

2021-01-14 09:00:12 - [MESSAGE][PASSED] - Object 'Object Repository/Product/productNameInput' is present

2021-01-14 09:00:13 - [MESSAGE][PASSED] - Object 'Object Repository/Product/descriptionFieldInput' is present

2021-01-14 09:00:13 - [MESSAGE][PASSED] - Object 'Object Repository/Product/cancelButtonInAddProductPopUp' is present

2021-01-14 09:00:13 - [MESSAGE][PASSED] - Object 'Object Repository/Product/addproductButtonInAddProductPopUp' is present

2021-01-14 09:00:14 - [MESSAGE][PASSED] - Object 'Object Repository/Product/publishedDropDown' is present

2021-01-14 09:00:14 - [MESSAGE][PASSED] - Object 'Object Repository/Product/cancelButtonInAddProductPopUp' is present

2021-01-14 09:00:14 - [MESSAGE][PASSED] - Object 'Object Repository/Product/cancelButtonInAddProductPopUp' is visible

2021-01-14 09:00:14 - [MESSAGE][PASSED] - Object 'Object Repository/Product/cancelButtonInAddProductPopUp' is clickable

2021-01-14 09:00:15 - [MESSAGE][PASSED] - Object: 'Object Repository/Product/cancelButtonInAddProductPopUp' is clicked on

2021-01-14 09:00:15 - [MESSAGE][PASSED] - pages.Product.verifyProductPopUp is PASSED]]></system-out>
         <system-err><![CDATA[]]></system-err>
      </testcase>
      <testcase name="Test Cases/Admin/Product/verifyCloseButtonFunctionalityInProductEditPage" time="17.696" classname="Test Cases/Admin/Product/verifyCloseButtonFunctionalityInProductEditPage" status="PASSED">
         <system-out><![CDATA[2021-01-14 09:00:15 - [TEST_CASE][PASSED] - Test Cases/Admin/Product/verifyCloseButtonFunctionalityInProductEditPage: Test Cases/Admin/Product/verifyCloseButtonFunctionalityInProductEditPage

2021-01-14 09:00:15 - [TEST_STEP][PASSED] - Start listener action : login: null

2021-01-14 09:00:15 - [TEST_STEP][PASSED] - Thread.sleep(3000): null

2021-01-14 09:00:18 - [TEST_STEP][PASSED] - url = getUrl(): Current window's url is: 'https://dev-admin.modist.co/dashboard'

2021-01-14 09:00:18 - [MESSAGE][PASSED] - Current window's url is: 'https://dev-admin.modist.co/dashboard'

2021-01-14 09:00:18 - [TEST_STEP][PASSED] - if (!(url.contains("dashboard"))): null

2021-01-14 09:00:18 - [TEST_STEP][PASSED] - productname = pages.Product.getRandomProductNmae(): pages.Product.getRandomProductNmae is PASSED

2021-01-14 09:00:18 - [MESSAGE][PASSED] - Object 'Object Repository/Product/productTab' is present

2021-01-14 09:00:19 - [MESSAGE][PASSED] - Object 'Object Repository/Product/productTab' is visible

2021-01-14 09:00:19 - [MESSAGE][PASSED] - Object 'Object Repository/Product/productTab' is clickable

2021-01-14 09:00:19 - [MESSAGE][PASSED] - Object: 'Object Repository/Product/productTab' is clicked on

2021-01-14 09:00:19 - [MESSAGE][PASSED] - Object 'Object Repository/Product/productsCount' is present

2021-01-14 09:00:20 - [MESSAGE][PASSED] - Text of object 'Object Repository/Product/randomProduct(index)' is: 'product 123'

2021-01-14 09:00:20 - [MESSAGE][PASSED] - pages.Product.getRandomProductNmae is PASSED

2021-01-14 09:00:20 - [TEST_STEP][PASSED] - pages.Product.openAnyExistingProduct(productname): pages.Product.openAnyExistingProduct is PASSED

2021-01-14 09:00:20 - [MESSAGE][PASSED] - Object 'Object Repository/Product/Filter by name' is present

2021-01-14 09:00:21 - [MESSAGE][PASSED] - Object 'Object Repository/Product/Filter by name' is visible

2021-01-14 09:00:21 - [MESSAGE][PASSED] - Object 'Object Repository/Product/Filter by name' is clickable

2021-01-14 09:00:21 - [MESSAGE][PASSED] - Text of object 'Object Repository/Product/Filter by name' is cleared

2021-01-14 09:00:22 - [MESSAGE][PASSED] - Keys '' sent to object: 'Object Repository/Product/Filter by name'

2021-01-14 09:00:22 - [MESSAGE][PASSED] - Keys 'p' sent to object: 'Object Repository/Product/Filter by name'

2021-01-14 09:00:22 - [MESSAGE][PASSED] - Keys 'r' sent to object: 'Object Repository/Product/Filter by name'

2021-01-14 09:00:23 - [MESSAGE][PASSED] - Keys 'o' sent to object: 'Object Repository/Product/Filter by name'

2021-01-14 09:00:23 - [MESSAGE][PASSED] - Keys 'd' sent to object: 'Object Repository/Product/Filter by name'

2021-01-14 09:00:25 - [MESSAGE][PASSED] - Keys 'u' sent to object: 'Object Repository/Product/Filter by name'

2021-01-14 09:00:25 - [MESSAGE][PASSED] - Keys 'c' sent to object: 'Object Repository/Product/Filter by name'

2021-01-14 09:00:25 - [MESSAGE][PASSED] - Keys 't' sent to object: 'Object Repository/Product/Filter by name'

2021-01-14 09:00:26 - [MESSAGE][PASSED] - Keys ' ' sent to object: 'Object Repository/Product/Filter by name'

2021-01-14 09:00:27 - [MESSAGE][PASSED] - Keys '1' sent to object: 'Object Repository/Product/Filter by name'

2021-01-14 09:00:27 - [MESSAGE][PASSED] - Keys '2' sent to object: 'Object Repository/Product/Filter by name'

2021-01-14 09:00:28 - [MESSAGE][PASSED] - Keys '3' sent to object: 'Object Repository/Product/Filter by name'

2021-01-14 09:00:28 - [MESSAGE][PASSED] - Scroll to object 'Object Repository/Product/productName(Name)' successfully

2021-01-14 09:00:29 - [MESSAGE][PASSED] - Object 'Object Repository/Product/productName(Name)' is present

2021-01-14 09:00:30 - [MESSAGE][PASSED] - Object 'Object Repository/Product/productName(Name)' is visible

2021-01-14 09:00:30 - [MESSAGE][PASSED] - Object 'Object Repository/Product/productName(Name)' is clickable

2021-01-14 09:00:30 - [MESSAGE][PASSED] - Object: 'Object Repository/Product/productName(Name)' is clicked on

2021-01-14 09:00:30 - [MESSAGE][PASSED] - pages.Product.openAnyExistingProduct is PASSED

2021-01-14 09:00:30 - [TEST_STEP][PASSED] - pages.Product.clickCloseButtonInProductEditPage(): pages.Product.clickCloseButtonInProductEditPage is PASSED

2021-01-14 09:00:31 - [MESSAGE][PASSED] - Object 'Object Repository/Product/ProductEditPage/closeButton' is present

2021-01-14 09:00:31 - [MESSAGE][PASSED] - Object 'Object Repository/Product/ProductEditPage/closeButton' is visible

2021-01-14 09:00:32 - [MESSAGE][PASSED] - Object 'Object Repository/Product/ProductEditPage/closeButton' is clickable

2021-01-14 09:00:32 - [MESSAGE][PASSED] - Object: 'Object Repository/Product/ProductEditPage/closeButton' is clicked on

2021-01-14 09:00:32 - [MESSAGE][PASSED] - pages.Product.clickCloseButtonInProductEditPage is PASSED

2021-01-14 09:00:32 - [TEST_STEP][PASSED] - pages.Product.verifyAddProductButton(): pages.Product.verifyAddProductButton is PASSED

2021-01-14 09:00:33 - [MESSAGE][PASSED] - Object 'Object Repository/Product/addProductButton' is present

2021-01-14 09:00:33 - [MESSAGE][PASSED] - pages.Product.verifyAddProductButton is PASSED]]></system-out>
         <system-err><![CDATA[]]></system-err>
      </testcase>
      <testcase name="Test Cases/Admin/Product/verifyDragAndDropFunctionalityInProductAssets" time="19.727" classname="Test Cases/Admin/Product/verifyDragAndDropFunctionalityInProductAssets" status="PASSED">
         <system-out><![CDATA[2021-01-14 09:00:33 - [TEST_CASE][PASSED] - Test Cases/Admin/Product/verifyDragAndDropFunctionalityInProductAssets: Test Cases/Admin/Product/verifyDragAndDropFunctionalityInProductAssets

2021-01-14 09:00:33 - [TEST_STEP][PASSED] - Start listener action : login: null

2021-01-14 09:00:33 - [TEST_STEP][PASSED] - Thread.sleep(3000): null

2021-01-14 09:00:36 - [TEST_STEP][PASSED] - url = getUrl(): Current window's url is: 'https://dev-admin.modist.co/dashboard'

2021-01-14 09:00:36 - [MESSAGE][PASSED] - Current window's url is: 'https://dev-admin.modist.co/dashboard'

2021-01-14 09:00:36 - [TEST_STEP][PASSED] - if (!(url.contains("dashboard"))): null

2021-01-14 09:00:36 - [TEST_STEP][PASSED] - pages.Product.clickOnProductTab(): pages.Product.clickOnProductTab is PASSED

2021-01-14 09:00:36 - [MESSAGE][PASSED] - Object 'Object Repository/Product/productTab' is present

2021-01-14 09:00:36 - [MESSAGE][PASSED] - Object 'Object Repository/Product/productTab' is visible

2021-01-14 09:00:37 - [MESSAGE][PASSED] - Object 'Object Repository/Product/productTab' is clickable

2021-01-14 09:00:37 - [MESSAGE][PASSED] - Object: 'Object Repository/Product/productTab' is clicked on

2021-01-14 09:00:37 - [MESSAGE][PASSED] - pages.Product.clickOnProductTab is PASSED

2021-01-14 09:00:37 - [TEST_STEP][PASSED] - productName = pages.Product.getRandomProductNmae(): pages.Product.getRandomProductNmae is PASSED

2021-01-14 09:00:37 - [MESSAGE][PASSED] - Object 'Object Repository/Product/productTab' is present

2021-01-14 09:00:38 - [MESSAGE][PASSED] - Object 'Object Repository/Product/productTab' is visible

2021-01-14 09:00:38 - [MESSAGE][PASSED] - Object 'Object Repository/Product/productTab' is clickable

2021-01-14 09:00:38 - [MESSAGE][PASSED] - Object: 'Object Repository/Product/productTab' is clicked on

2021-01-14 09:00:38 - [MESSAGE][PASSED] - Object 'Object Repository/Product/productsCount' is present

2021-01-14 09:00:39 - [MESSAGE][PASSED] - Text of object 'Object Repository/Product/randomProduct(index)' is: 'dumy'

2021-01-14 09:00:39 - [MESSAGE][PASSED] - pages.Product.getRandomProductNmae is PASSED

2021-01-14 09:00:39 - [TEST_STEP][PASSED] - pages.Product.openAnyExistingProduct(productName): pages.Product.openAnyExistingProduct is PASSED

2021-01-14 09:00:39 - [MESSAGE][PASSED] - Object 'Object Repository/Product/Filter by name' is present

2021-01-14 09:00:40 - [MESSAGE][PASSED] - Object 'Object Repository/Product/Filter by name' is visible

2021-01-14 09:00:40 - [MESSAGE][PASSED] - Object 'Object Repository/Product/Filter by name' is clickable

2021-01-14 09:00:40 - [MESSAGE][PASSED] - Text of object 'Object Repository/Product/Filter by name' is cleared

2021-01-14 09:00:41 - [MESSAGE][PASSED] - Keys '' sent to object: 'Object Repository/Product/Filter by name'

2021-01-14 09:00:41 - [MESSAGE][PASSED] - Keys 'd' sent to object: 'Object Repository/Product/Filter by name'

2021-01-14 09:00:41 - [MESSAGE][PASSED] - Keys 'u' sent to object: 'Object Repository/Product/Filter by name'

2021-01-14 09:00:43 - [MESSAGE][PASSED] - Keys 'm' sent to object: 'Object Repository/Product/Filter by name'

2021-01-14 09:00:43 - [MESSAGE][PASSED] - Keys 'y' sent to object: 'Object Repository/Product/Filter by name'

2021-01-14 09:00:44 - [MESSAGE][PASSED] - Scroll to object 'Object Repository/Product/productName(Name)' successfully

2021-01-14 09:00:45 - [MESSAGE][PASSED] - Object 'Object Repository/Product/productName(Name)' is present

2021-01-14 09:00:45 - [MESSAGE][PASSED] - Object 'Object Repository/Product/productName(Name)' is visible

2021-01-14 09:00:45 - [MESSAGE][PASSED] - Object 'Object Repository/Product/productName(Name)' is clickable

2021-01-14 09:00:46 - [MESSAGE][PASSED] - Object: 'Object Repository/Product/productName(Name)' is clicked on

2021-01-14 09:00:46 - [MESSAGE][PASSED] - pages.Product.openAnyExistingProduct is PASSED

2021-01-14 09:00:46 - [TEST_STEP][PASSED] - pages.Product.changePositionOfItemInProductAssets(findTestObject("Object Repository/Product/Test/imageSource(index)", ["index":1]), 2, true): pages.Product.changePositionOfItemInProductAssets is PASSED

2021-01-14 09:00:46 - [MESSAGE][PASSED] - Scroll to object 'Object Repository/Product/ProductEditPage/ProductAssets/ProductAssets' successfully

2021-01-14 09:00:52 - [MESSAGE][PASSED] - Actual object '3' and expected object '3' are equal

2021-01-14 09:00:52 - [MESSAGE][PASSED] - pages.Product.changePositionOfItemInProductAssets is PASSED]]></system-out>
         <system-err><![CDATA[]]></system-err>
      </testcase>
      <testcase name="Test Cases/Admin/Product/verifyDragAndDropFunctionalityInRelatedAssets" time="30.48" classname="Test Cases/Admin/Product/verifyDragAndDropFunctionalityInRelatedAssets" status="PASSED">
         <system-out><![CDATA[2021-01-14 09:00:52 - [TEST_CASE][PASSED] - Test Cases/Admin/Product/verifyDragAndDropFunctionalityInRelatedAssets: Test Cases/Admin/Product/verifyDragAndDropFunctionalityInRelatedAssets

2021-01-14 09:00:52 - [TEST_STEP][PASSED] - Start listener action : login: com.kms.katalon.core.webui.exception.WebElementNotFoundException: Web element with id: 'Object Repository/Login Credentials/Email' located by '//input[@name='email']' not found (Root cause: com.kms.katalon.core.exception.StepFailedException: com.kms.katalon.core.webui.exception.WebElementNotFoundException: Web element with id: 'Object Repository/Login Credentials/Email' located by '//input[@name='email']' not found
	at com.kms.katalon.core.webui.keyword.internal.WebUIKeywordMain.stepFailed(WebUIKeywordMain.groovy:64)
	at com.kms.katalon.core.webui.keyword.builtin.VerifyElementPresentKeyword$_verifyElementPresent_closure1.doCall(VerifyElementPresentKeyword.groovy:85)
	at com.kms.katalon.core.webui.keyword.builtin.VerifyElementPresentKeyword$_verifyElementPresent_closure1.call(VerifyElementPresentKeyword.groovy)
	at com.kms.katalon.core.webui.keyword.internal.WebUIKeywordMain.runKeyword(WebUIKeywordMain.groovy:20)
	at com.kms.katalon.core.webui.keyword.builtin.VerifyElementPresentKeyword.verifyElementPresent(VerifyElementPresentKeyword.groovy:92)
	at com.kms.katalon.core.webui.keyword.builtin.VerifyElementPresentKeyword.execute(VerifyElementPresentKeyword.groovy:68)
	at com.kms.katalon.core.keyword.internal.KeywordExecutor.executeKeywordForPlatform(KeywordExecutor.groovy:73)
	at com.kms.katalon.core.webui.keyword.WebUiBuiltInKeywords.verifyElementPresent(WebUiBuiltInKeywords.groovy:1445)
	at com.kms.katalon.core.webui.keyword.WebUiBuiltInKeywords$verifyElementPresent$2.call(Unknown Source)
	at login.LoginForAdminDevEnvironment.login(LoginForAdminDevEnvironment.groovy:17)
	at login.LoginForAdminDevEnvironment$login.call(Unknown Source)
	at Login.login(Login.groovy:37)
	at Login.invokeMethod(Login.groovy)
	at com.kms.katalon.core.context.internal.TestHooker.invokeMethod(TestHooker.java:111)
	at com.kms.katalon.core.context.internal.TestHooker.lambda$3(TestHooker.java:95)
	at com.kms.katalon.core.context.internal.TestHooker.invokeContextMethods(TestHooker.java:94)
	at com.kms.katalon.core.context.internal.TestListenerCollector.lambda$3(TestListenerCollector.java:88)
	at com.kms.katalon.core.context.internal.TestListenerCollector.handleListenerEvent(TestListenerCollector.java:85)
	at com.kms.katalon.core.context.internal.ExecutionEventManager.publicEvent(ExecutionEventManager.java:36)
	at com.kms.katalon.core.main.TestCaseExecutor.execute(TestCaseExecutor.java:221)
	at com.kms.katalon.core.main.TestSuiteExecutor.accessTestCaseMainPhase(TestSuiteExecutor.java:191)
	at com.kms.katalon.core.main.TestSuiteExecutor.accessTestSuiteMainPhase(TestSuiteExecutor.java:141)
	at com.kms.katalon.core.main.TestSuiteExecutor.execute(TestSuiteExecutor.java:90)
	at com.kms.katalon.core.main.TestCaseMain.startTestSuite(TestCaseMain.java:157)
	at com.kms.katalon.core.main.TestCaseMain$startTestSuite$0.call(Unknown Source)
	at TempTestSuite1610631842892.run(TempTestSuite1610631842892.groovy:39)
)

2021-01-14 09:00:52 - [TEST_STEP][PASSED] - Thread.sleep(3000): null

2021-01-14 09:00:55 - [TEST_STEP][PASSED] - url = getUrl(): Current window's url is: 'https://dev-admin.modist.co/product/33755'

2021-01-14 09:00:55 - [MESSAGE][PASSED] - Current window's url is: 'https://dev-admin.modist.co/product/33755'

2021-01-14 09:00:55 - [TEST_STEP][PASSED] - if (!(url.contains("dashboard"))): com.kms.katalon.core.webui.exception.WebElementNotFoundException: Web element with id: 'Object Repository/Login Credentials/Email' located by '//input[@name='email']' not found (Root cause: com.kms.katalon.core.exception.StepFailedException: com.kms.katalon.core.webui.exception.WebElementNotFoundException: Web element with id: 'Object Repository/Login Credentials/Email' located by '//input[@name='email']' not found
	at com.kms.katalon.core.webui.keyword.internal.WebUIKeywordMain.stepFailed(WebUIKeywordMain.groovy:64)
	at com.kms.katalon.core.webui.keyword.builtin.VerifyElementPresentKeyword$_verifyElementPresent_closure1.doCall(VerifyElementPresentKeyword.groovy:85)
	at com.kms.katalon.core.webui.keyword.builtin.VerifyElementPresentKeyword$_verifyElementPresent_closure1.call(VerifyElementPresentKeyword.groovy)
	at com.kms.katalon.core.webui.keyword.internal.WebUIKeywordMain.runKeyword(WebUIKeywordMain.groovy:20)
	at com.kms.katalon.core.webui.keyword.builtin.VerifyElementPresentKeyword.verifyElementPresent(VerifyElementPresentKeyword.groovy:92)
	at com.kms.katalon.core.webui.keyword.builtin.VerifyElementPresentKeyword.execute(VerifyElementPresentKeyword.groovy:68)
	at com.kms.katalon.core.keyword.internal.KeywordExecutor.executeKeywordForPlatform(KeywordExecutor.groovy:73)
	at com.kms.katalon.core.webui.keyword.WebUiBuiltInKeywords.verifyElementPresent(WebUiBuiltInKeywords.groovy:1445)
	at com.kms.katalon.core.webui.keyword.WebUiBuiltInKeywords$verifyElementPresent$2.call(Unknown Source)
	at login.LoginForAdminDevEnvironment.login(LoginForAdminDevEnvironment.groovy:17)
	at login.LoginForAdminDevEnvironment$login.call(Unknown Source)
	at Login.login(Login.groovy:37)
	at Login.invokeMethod(Login.groovy)
	at com.kms.katalon.core.context.internal.TestHooker.invokeMethod(TestHooker.java:111)
	at com.kms.katalon.core.context.internal.TestHooker.lambda$3(TestHooker.java:95)
	at com.kms.katalon.core.context.internal.TestHooker.invokeContextMethods(TestHooker.java:94)
	at com.kms.katalon.core.context.internal.TestListenerCollector.lambda$3(TestListenerCollector.java:88)
	at com.kms.katalon.core.context.internal.TestListenerCollector.handleListenerEvent(TestListenerCollector.java:85)
	at com.kms.katalon.core.context.internal.ExecutionEventManager.publicEvent(ExecutionEventManager.java:36)
	at com.kms.katalon.core.main.TestCaseExecutor.execute(TestCaseExecutor.java:221)
	at com.kms.katalon.core.main.TestSuiteExecutor.accessTestCaseMainPhase(TestSuiteExecutor.java:191)
	at com.kms.katalon.core.main.TestSuiteExecutor.accessTestSuiteMainPhase(TestSuiteExecutor.java:141)
	at com.kms.katalon.core.main.TestSuiteExecutor.execute(TestSuiteExecutor.java:90)
	at com.kms.katalon.core.main.TestCaseMain.startTestSuite(TestCaseMain.java:157)
	at com.kms.katalon.core.main.TestCaseMain$startTestSuite$0.call(Unknown Source)
	at TempTestSuite1610631842892.run(TempTestSuite1610631842892.groovy:39)
)

2021-01-14 09:00:55 - [TEST_STEP][PASSED] - navigateToUrl(Url): Navigate to 'https://dev-admin.modist.co/' successfully

2021-01-14 09:00:56 - [MESSAGE][PASSED] - Navigate to 'https://dev-admin.modist.co/' successfully

2021-01-14 09:00:56 - [TEST_STEP][PASSED] - loginPage.login(Email, Password): com.kms.katalon.core.webui.exception.WebElementNotFoundException: Web element with id: 'Object Repository/Login Credentials/Email' located by '//input[@name='email']' not found (Root cause: com.kms.katalon.core.exception.StepFailedException: com.kms.katalon.core.webui.exception.WebElementNotFoundException: Web element with id: 'Object Repository/Login Credentials/Email' located by '//input[@name='email']' not found
	at com.kms.katalon.core.webui.keyword.internal.WebUIKeywordMain.stepFailed(WebUIKeywordMain.groovy:64)
	at com.kms.katalon.core.webui.keyword.builtin.VerifyElementPresentKeyword$_verifyElementPresent_closure1.doCall(VerifyElementPresentKeyword.groovy:85)
	at com.kms.katalon.core.webui.keyword.builtin.VerifyElementPresentKeyword$_verifyElementPresent_closure1.call(VerifyElementPresentKeyword.groovy)
	at com.kms.katalon.core.webui.keyword.internal.WebUIKeywordMain.runKeyword(WebUIKeywordMain.groovy:20)
	at com.kms.katalon.core.webui.keyword.builtin.VerifyElementPresentKeyword.verifyElementPresent(VerifyElementPresentKeyword.groovy:92)
	at com.kms.katalon.core.webui.keyword.builtin.VerifyElementPresentKeyword.execute(VerifyElementPresentKeyword.groovy:68)
	at com.kms.katalon.core.keyword.internal.KeywordExecutor.executeKeywordForPlatform(KeywordExecutor.groovy:73)
	at com.kms.katalon.core.webui.keyword.WebUiBuiltInKeywords.verifyElementPresent(WebUiBuiltInKeywords.groovy:1445)
	at com.kms.katalon.core.webui.keyword.WebUiBuiltInKeywords$verifyElementPresent$2.call(Unknown Source)
	at login.LoginForAdminDevEnvironment.login(LoginForAdminDevEnvironment.groovy:17)
	at login.LoginForAdminDevEnvironment$login.call(Unknown Source)
	at Login.login(Login.groovy:37)
	at Login.invokeMethod(Login.groovy)
	at com.kms.katalon.core.context.internal.TestHooker.invokeMethod(TestHooker.java:111)
	at com.kms.katalon.core.context.internal.TestHooker.lambda$3(TestHooker.java:95)
	at com.kms.katalon.core.context.internal.TestHooker.invokeContextMethods(TestHooker.java:94)
	at com.kms.katalon.core.context.internal.TestListenerCollector.lambda$3(TestListenerCollector.java:88)
	at com.kms.katalon.core.context.internal.TestListenerCollector.handleListenerEvent(TestListenerCollector.java:85)
	at com.kms.katalon.core.context.internal.ExecutionEventManager.publicEvent(ExecutionEventManager.java:36)
	at com.kms.katalon.core.main.TestCaseExecutor.execute(TestCaseExecutor.java:221)
	at com.kms.katalon.core.main.TestSuiteExecutor.accessTestCaseMainPhase(TestSuiteExecutor.java:191)
	at com.kms.katalon.core.main.TestSuiteExecutor.accessTestSuiteMainPhase(TestSuiteExecutor.java:141)
	at com.kms.katalon.core.main.TestSuiteExecutor.execute(TestSuiteExecutor.java:90)
	at com.kms.katalon.core.main.TestCaseMain.startTestSuite(TestCaseMain.java:157)
	at com.kms.katalon.core.main.TestCaseMain$startTestSuite$0.call(Unknown Source)
	at TempTestSuite1610631842892.run(TempTestSuite1610631842892.groovy:39)
)

2021-01-14 09:01:01 - [MESSAGE][INFO] - Unable to find the element located by 'By.xpath: //input[@name='email']'. Please recheck the objects properties to make sure the desired element is located. 

2021-01-14 09:01:01 - [MESSAGE][WARNING] - com.kms.katalon.core.webui.exception.WebElementNotFoundException: Web element with id: 'Object Repository/Login Credentials/Email' located by '//input[@name='email']' not found (Root cause: com.kms.katalon.core.exception.StepFailedException: com.kms.katalon.core.webui.exception.WebElementNotFoundException: Web element with id: 'Object Repository/Login Credentials/Email' located by '//input[@name='email']' not found
	at com.kms.katalon.core.webui.keyword.internal.WebUIKeywordMain.stepFailed(WebUIKeywordMain.groovy:64)
	at com.kms.katalon.core.webui.keyword.builtin.VerifyElementPresentKeyword$_verifyElementPresent_closure1.doCall(VerifyElementPresentKeyword.groovy:85)
	at com.kms.katalon.core.webui.keyword.builtin.VerifyElementPresentKeyword$_verifyElementPresent_closure1.call(VerifyElementPresentKeyword.groovy)
	at com.kms.katalon.core.webui.keyword.internal.WebUIKeywordMain.runKeyword(WebUIKeywordMain.groovy:20)
	at com.kms.katalon.core.webui.keyword.builtin.VerifyElementPresentKeyword.verifyElementPresent(VerifyElementPresentKeyword.groovy:92)
	at com.kms.katalon.core.webui.keyword.builtin.VerifyElementPresentKeyword.execute(VerifyElementPresentKeyword.groovy:68)
	at com.kms.katalon.core.keyword.internal.KeywordExecutor.executeKeywordForPlatform(KeywordExecutor.groovy:73)
	at com.kms.katalon.core.webui.keyword.WebUiBuiltInKeywords.verifyElementPresent(WebUiBuiltInKeywords.groovy:1445)
	at com.kms.katalon.core.webui.keyword.WebUiBuiltInKeywords$verifyElementPresent$2.call(Unknown Source)
	at login.LoginForAdminDevEnvironment.login(LoginForAdminDevEnvironment.groovy:17)
	at login.LoginForAdminDevEnvironment$login.call(Unknown Source)
	at Login.login(Login.groovy:37)
	at Login.invokeMethod(Login.groovy)
	at com.kms.katalon.core.context.internal.TestHooker.invokeMethod(TestHooker.java:111)
	at com.kms.katalon.core.context.internal.TestHooker.lambda$3(TestHooker.java:95)
	at com.kms.katalon.core.context.internal.TestHooker.invokeContextMethods(TestHooker.java:94)
	at com.kms.katalon.core.context.internal.TestListenerCollector.lambda$3(TestListenerCollector.java:88)
	at com.kms.katalon.core.context.internal.TestListenerCollector.handleListenerEvent(TestListenerCollector.java:85)
	at com.kms.katalon.core.context.internal.ExecutionEventManager.publicEvent(ExecutionEventManager.java:36)
	at com.kms.katalon.core.main.TestCaseExecutor.execute(TestCaseExecutor.java:221)
	at com.kms.katalon.core.main.TestSuiteExecutor.accessTestCaseMainPhase(TestSuiteExecutor.java:191)
	at com.kms.katalon.core.main.TestSuiteExecutor.accessTestSuiteMainPhase(TestSuiteExecutor.java:141)
	at com.kms.katalon.core.main.TestSuiteExecutor.execute(TestSuiteExecutor.java:90)
	at com.kms.katalon.core.main.TestCaseMain.startTestSuite(TestCaseMain.java:157)
	at com.kms.katalon.core.main.TestCaseMain$startTestSuite$0.call(Unknown Source)
	at TempTestSuite1610631842892.run(TempTestSuite1610631842892.groovy:39)
)
[[ATTACHMENT|E:\\Modist\\ModistProject\\Reports\\20210114_084402\\AllTestCases\\20210114_084402\\1610632861258.png]]

2021-01-14 09:01:01 - [TEST_STEP][PASSED] - pages.Product.clickOnProductTab(): pages.Product.clickOnProductTab is PASSED

2021-01-14 09:01:02 - [MESSAGE][PASSED] - Object 'Object Repository/Product/productTab' is present

2021-01-14 09:01:02 - [MESSAGE][PASSED] - Object 'Object Repository/Product/productTab' is visible

2021-01-14 09:01:02 - [MESSAGE][PASSED] - Object 'Object Repository/Product/productTab' is clickable

2021-01-14 09:01:03 - [MESSAGE][PASSED] - Object: 'Object Repository/Product/productTab' is clicked on

2021-01-14 09:01:03 - [MESSAGE][PASSED] - pages.Product.clickOnProductTab is PASSED

2021-01-14 09:01:03 - [TEST_STEP][PASSED] - productName = pages.Product.getRandomProductNmae(): pages.Product.getRandomProductNmae is PASSED

2021-01-14 09:01:03 - [MESSAGE][PASSED] - Object 'Object Repository/Product/productTab' is present

2021-01-14 09:01:03 - [MESSAGE][PASSED] - Object 'Object Repository/Product/productTab' is visible

2021-01-14 09:01:04 - [MESSAGE][PASSED] - Object 'Object Repository/Product/productTab' is clickable

2021-01-14 09:01:04 - [MESSAGE][PASSED] - Object: 'Object Repository/Product/productTab' is clicked on

2021-01-14 09:01:04 - [MESSAGE][PASSED] - Object 'Object Repository/Product/productsCount' is present

2021-01-14 09:01:05 - [MESSAGE][PASSED] - Text of object 'Object Repository/Product/randomProduct(index)' is: 'product 123'

2021-01-14 09:01:05 - [MESSAGE][PASSED] - pages.Product.getRandomProductNmae is PASSED

2021-01-14 09:01:05 - [TEST_STEP][PASSED] - pages.Product.openAnyExistingProduct(productName): pages.Product.openAnyExistingProduct is PASSED

2021-01-14 09:01:05 - [MESSAGE][PASSED] - Object 'Object Repository/Product/Filter by name' is present

2021-01-14 09:01:05 - [MESSAGE][PASSED] - Object 'Object Repository/Product/Filter by name' is visible

2021-01-14 09:01:06 - [MESSAGE][PASSED] - Object 'Object Repository/Product/Filter by name' is clickable

2021-01-14 09:01:06 - [MESSAGE][PASSED] - Text of object 'Object Repository/Product/Filter by name' is cleared

2021-01-14 09:01:06 - [MESSAGE][PASSED] - Keys '' sent to object: 'Object Repository/Product/Filter by name'

2021-01-14 09:01:07 - [MESSAGE][PASSED] - Keys 'p' sent to object: 'Object Repository/Product/Filter by name'

2021-01-14 09:01:07 - [MESSAGE][PASSED] - Keys 'r' sent to object: 'Object Repository/Product/Filter by name'

2021-01-14 09:01:08 - [MESSAGE][PASSED] - Keys 'o' sent to object: 'Object Repository/Product/Filter by name'

2021-01-14 09:01:09 - [MESSAGE][PASSED] - Keys 'd' sent to object: 'Object Repository/Product/Filter by name'

2021-01-14 09:01:09 - [MESSAGE][PASSED] - Keys 'u' sent to object: 'Object Repository/Product/Filter by name'

2021-01-14 09:01:10 - [MESSAGE][PASSED] - Keys 'c' sent to object: 'Object Repository/Product/Filter by name'

2021-01-14 09:01:10 - [MESSAGE][PASSED] - Keys 't' sent to object: 'Object Repository/Product/Filter by name'

2021-01-14 09:01:11 - [MESSAGE][PASSED] - Keys ' ' sent to object: 'Object Repository/Product/Filter by name'

2021-01-14 09:01:12 - [MESSAGE][PASSED] - Keys '1' sent to object: 'Object Repository/Product/Filter by name'

2021-01-14 09:01:13 - [MESSAGE][PASSED] - Keys '2' sent to object: 'Object Repository/Product/Filter by name'

2021-01-14 09:01:13 - [MESSAGE][PASSED] - Keys '3' sent to object: 'Object Repository/Product/Filter by name'

2021-01-14 09:01:14 - [MESSAGE][PASSED] - Scroll to object 'Object Repository/Product/productName(Name)' successfully

2021-01-14 09:01:15 - [MESSAGE][PASSED] - Object 'Object Repository/Product/productName(Name)' is present

2021-01-14 09:01:15 - [MESSAGE][PASSED] - Object 'Object Repository/Product/productName(Name)' is visible

2021-01-14 09:01:15 - [MESSAGE][PASSED] - Object 'Object Repository/Product/productName(Name)' is clickable

2021-01-14 09:01:16 - [MESSAGE][PASSED] - Object: 'Object Repository/Product/productName(Name)' is clicked on

2021-01-14 09:01:16 - [MESSAGE][PASSED] - pages.Product.openAnyExistingProduct is PASSED

2021-01-14 09:01:16 - [TEST_STEP][PASSED] - pages.Product.changePositionOfItemInRelatedAssets(findTestObject("Product/ProductEditPage/RelatedAssets/sourceObject(index)", ["index":1]), 2, true): pages.Product.changePositionOfItemInRelatedAssets is PASSED

2021-01-14 09:01:16 - [MESSAGE][PASSED] - Scroll to object 'Object Repository/Product/ProductEditPage/RelatedAssets/relatedAssetsField' successfully

2021-01-14 09:01:23 - [MESSAGE][PASSED] - Actual object '3' and expected object '3' are equal

2021-01-14 09:01:23 - [MESSAGE][PASSED] - pages.Product.changePositionOfItemInRelatedAssets is PASSED]]></system-out>
         <system-err><![CDATA[]]></system-err>
      </testcase>
      <testcase name="Test Cases/Admin/Product/verifyPageAfterClosingProduct" time="22.926" classname="Test Cases/Admin/Product/verifyPageAfterClosingProduct" status="PASSED">
         <system-out><![CDATA[2021-01-14 09:01:23 - [TEST_CASE][PASSED] - Test Cases/Admin/Product/verifyPageAfterClosingProduct: Test Cases/Admin/Product/verifyPageAfterClosingProduct

2021-01-14 09:01:23 - [TEST_STEP][PASSED] - Start listener action : login: com.kms.katalon.core.webui.exception.WebElementNotFoundException: Web element with id: 'Object Repository/Login Credentials/Email' located by '//input[@name='email']' not found (Root cause: com.kms.katalon.core.exception.StepFailedException: com.kms.katalon.core.webui.exception.WebElementNotFoundException: Web element with id: 'Object Repository/Login Credentials/Email' located by '//input[@name='email']' not found
	at com.kms.katalon.core.webui.keyword.internal.WebUIKeywordMain.stepFailed(WebUIKeywordMain.groovy:64)
	at com.kms.katalon.core.webui.keyword.builtin.VerifyElementPresentKeyword$_verifyElementPresent_closure1.doCall(VerifyElementPresentKeyword.groovy:85)
	at com.kms.katalon.core.webui.keyword.builtin.VerifyElementPresentKeyword$_verifyElementPresent_closure1.call(VerifyElementPresentKeyword.groovy)
	at com.kms.katalon.core.webui.keyword.internal.WebUIKeywordMain.runKeyword(WebUIKeywordMain.groovy:20)
	at com.kms.katalon.core.webui.keyword.builtin.VerifyElementPresentKeyword.verifyElementPresent(VerifyElementPresentKeyword.groovy:92)
	at com.kms.katalon.core.webui.keyword.builtin.VerifyElementPresentKeyword.execute(VerifyElementPresentKeyword.groovy:68)
	at com.kms.katalon.core.keyword.internal.KeywordExecutor.executeKeywordForPlatform(KeywordExecutor.groovy:73)
	at com.kms.katalon.core.webui.keyword.WebUiBuiltInKeywords.verifyElementPresent(WebUiBuiltInKeywords.groovy:1445)
	at com.kms.katalon.core.webui.keyword.WebUiBuiltInKeywords$verifyElementPresent$2.call(Unknown Source)
	at login.LoginForAdminDevEnvironment.login(LoginForAdminDevEnvironment.groovy:17)
	at login.LoginForAdminDevEnvironment$login.call(Unknown Source)
	at Login.login(Login.groovy:37)
	at Login.invokeMethod(Login.groovy)
	at com.kms.katalon.core.context.internal.TestHooker.invokeMethod(TestHooker.java:111)
	at com.kms.katalon.core.context.internal.TestHooker.lambda$3(TestHooker.java:95)
	at com.kms.katalon.core.context.internal.TestHooker.invokeContextMethods(TestHooker.java:94)
	at com.kms.katalon.core.context.internal.TestListenerCollector.lambda$3(TestListenerCollector.java:88)
	at com.kms.katalon.core.context.internal.TestListenerCollector.handleListenerEvent(TestListenerCollector.java:85)
	at com.kms.katalon.core.context.internal.ExecutionEventManager.publicEvent(ExecutionEventManager.java:36)
	at com.kms.katalon.core.main.TestCaseExecutor.execute(TestCaseExecutor.java:221)
	at com.kms.katalon.core.main.TestSuiteExecutor.accessTestCaseMainPhase(TestSuiteExecutor.java:191)
	at com.kms.katalon.core.main.TestSuiteExecutor.accessTestSuiteMainPhase(TestSuiteExecutor.java:141)
	at com.kms.katalon.core.main.TestSuiteExecutor.execute(TestSuiteExecutor.java:90)
	at com.kms.katalon.core.main.TestCaseMain.startTestSuite(TestCaseMain.java:157)
	at com.kms.katalon.core.main.TestCaseMain$startTestSuite$0.call(Unknown Source)
	at TempTestSuite1610631842892.run(TempTestSuite1610631842892.groovy:39)
)

2021-01-14 09:01:23 - [TEST_STEP][PASSED] - Thread.sleep(3000): null

2021-01-14 09:01:26 - [TEST_STEP][PASSED] - url = getUrl(): Current window's url is: 'https://dev-admin.modist.co/product/30406'

2021-01-14 09:01:26 - [MESSAGE][PASSED] - Current window's url is: 'https://dev-admin.modist.co/product/30406'

2021-01-14 09:01:26 - [TEST_STEP][PASSED] - if (!(url.contains("dashboard"))): com.kms.katalon.core.webui.exception.WebElementNotFoundException: Web element with id: 'Object Repository/Login Credentials/Email' located by '//input[@name='email']' not found (Root cause: com.kms.katalon.core.exception.StepFailedException: com.kms.katalon.core.webui.exception.WebElementNotFoundException: Web element with id: 'Object Repository/Login Credentials/Email' located by '//input[@name='email']' not found
	at com.kms.katalon.core.webui.keyword.internal.WebUIKeywordMain.stepFailed(WebUIKeywordMain.groovy:64)
	at com.kms.katalon.core.webui.keyword.builtin.VerifyElementPresentKeyword$_verifyElementPresent_closure1.doCall(VerifyElementPresentKeyword.groovy:85)
	at com.kms.katalon.core.webui.keyword.builtin.VerifyElementPresentKeyword$_verifyElementPresent_closure1.call(VerifyElementPresentKeyword.groovy)
	at com.kms.katalon.core.webui.keyword.internal.WebUIKeywordMain.runKeyword(WebUIKeywordMain.groovy:20)
	at com.kms.katalon.core.webui.keyword.builtin.VerifyElementPresentKeyword.verifyElementPresent(VerifyElementPresentKeyword.groovy:92)
	at com.kms.katalon.core.webui.keyword.builtin.VerifyElementPresentKeyword.execute(VerifyElementPresentKeyword.groovy:68)
	at com.kms.katalon.core.keyword.internal.KeywordExecutor.executeKeywordForPlatform(KeywordExecutor.groovy:73)
	at com.kms.katalon.core.webui.keyword.WebUiBuiltInKeywords.verifyElementPresent(WebUiBuiltInKeywords.groovy:1445)
	at com.kms.katalon.core.webui.keyword.WebUiBuiltInKeywords$verifyElementPresent$2.call(Unknown Source)
	at login.LoginForAdminDevEnvironment.login(LoginForAdminDevEnvironment.groovy:17)
	at login.LoginForAdminDevEnvironment$login.call(Unknown Source)
	at Login.login(Login.groovy:37)
	at Login.invokeMethod(Login.groovy)
	at com.kms.katalon.core.context.internal.TestHooker.invokeMethod(TestHooker.java:111)
	at com.kms.katalon.core.context.internal.TestHooker.lambda$3(TestHooker.java:95)
	at com.kms.katalon.core.context.internal.TestHooker.invokeContextMethods(TestHooker.java:94)
	at com.kms.katalon.core.context.internal.TestListenerCollector.lambda$3(TestListenerCollector.java:88)
	at com.kms.katalon.core.context.internal.TestListenerCollector.handleListenerEvent(TestListenerCollector.java:85)
	at com.kms.katalon.core.context.internal.ExecutionEventManager.publicEvent(ExecutionEventManager.java:36)
	at com.kms.katalon.core.main.TestCaseExecutor.execute(TestCaseExecutor.java:221)
	at com.kms.katalon.core.main.TestSuiteExecutor.accessTestCaseMainPhase(TestSuiteExecutor.java:191)
	at com.kms.katalon.core.main.TestSuiteExecutor.accessTestSuiteMainPhase(TestSuiteExecutor.java:141)
	at com.kms.katalon.core.main.TestSuiteExecutor.execute(TestSuiteExecutor.java:90)
	at com.kms.katalon.core.main.TestCaseMain.startTestSuite(TestCaseMain.java:157)
	at com.kms.katalon.core.main.TestCaseMain$startTestSuite$0.call(Unknown Source)
	at TempTestSuite1610631842892.run(TempTestSuite1610631842892.groovy:39)
)

2021-01-14 09:01:26 - [TEST_STEP][PASSED] - navigateToUrl(Url): Navigate to 'https://dev-admin.modist.co/' successfully

2021-01-14 09:01:26 - [MESSAGE][PASSED] - Navigate to 'https://dev-admin.modist.co/' successfully

2021-01-14 09:01:26 - [TEST_STEP][PASSED] - loginPage.login(Email, Password): com.kms.katalon.core.webui.exception.WebElementNotFoundException: Web element with id: 'Object Repository/Login Credentials/Email' located by '//input[@name='email']' not found (Root cause: com.kms.katalon.core.exception.StepFailedException: com.kms.katalon.core.webui.exception.WebElementNotFoundException: Web element with id: 'Object Repository/Login Credentials/Email' located by '//input[@name='email']' not found
	at com.kms.katalon.core.webui.keyword.internal.WebUIKeywordMain.stepFailed(WebUIKeywordMain.groovy:64)
	at com.kms.katalon.core.webui.keyword.builtin.VerifyElementPresentKeyword$_verifyElementPresent_closure1.doCall(VerifyElementPresentKeyword.groovy:85)
	at com.kms.katalon.core.webui.keyword.builtin.VerifyElementPresentKeyword$_verifyElementPresent_closure1.call(VerifyElementPresentKeyword.groovy)
	at com.kms.katalon.core.webui.keyword.internal.WebUIKeywordMain.runKeyword(WebUIKeywordMain.groovy:20)
	at com.kms.katalon.core.webui.keyword.builtin.VerifyElementPresentKeyword.verifyElementPresent(VerifyElementPresentKeyword.groovy:92)
	at com.kms.katalon.core.webui.keyword.builtin.VerifyElementPresentKeyword.execute(VerifyElementPresentKeyword.groovy:68)
	at com.kms.katalon.core.keyword.internal.KeywordExecutor.executeKeywordForPlatform(KeywordExecutor.groovy:73)
	at com.kms.katalon.core.webui.keyword.WebUiBuiltInKeywords.verifyElementPresent(WebUiBuiltInKeywords.groovy:1445)
	at com.kms.katalon.core.webui.keyword.WebUiBuiltInKeywords$verifyElementPresent$2.call(Unknown Source)
	at login.LoginForAdminDevEnvironment.login(LoginForAdminDevEnvironment.groovy:17)
	at login.LoginForAdminDevEnvironment$login.call(Unknown Source)
	at Login.login(Login.groovy:37)
	at Login.invokeMethod(Login.groovy)
	at com.kms.katalon.core.context.internal.TestHooker.invokeMethod(TestHooker.java:111)
	at com.kms.katalon.core.context.internal.TestHooker.lambda$3(TestHooker.java:95)
	at com.kms.katalon.core.context.internal.TestHooker.invokeContextMethods(TestHooker.java:94)
	at com.kms.katalon.core.context.internal.TestListenerCollector.lambda$3(TestListenerCollector.java:88)
	at com.kms.katalon.core.context.internal.TestListenerCollector.handleListenerEvent(TestListenerCollector.java:85)
	at com.kms.katalon.core.context.internal.ExecutionEventManager.publicEvent(ExecutionEventManager.java:36)
	at com.kms.katalon.core.main.TestCaseExecutor.execute(TestCaseExecutor.java:221)
	at com.kms.katalon.core.main.TestSuiteExecutor.accessTestCaseMainPhase(TestSuiteExecutor.java:191)
	at com.kms.katalon.core.main.TestSuiteExecutor.accessTestSuiteMainPhase(TestSuiteExecutor.java:141)
	at com.kms.katalon.core.main.TestSuiteExecutor.execute(TestSuiteExecutor.java:90)
	at com.kms.katalon.core.main.TestCaseMain.startTestSuite(TestCaseMain.java:157)
	at com.kms.katalon.core.main.TestCaseMain$startTestSuite$0.call(Unknown Source)
	at TempTestSuite1610631842892.run(TempTestSuite1610631842892.groovy:39)
)

2021-01-14 09:01:31 - [MESSAGE][INFO] - Unable to find the element located by 'By.xpath: //input[@name='email']'. Please recheck the objects properties to make sure the desired element is located. 

2021-01-14 09:01:32 - [MESSAGE][WARNING] - com.kms.katalon.core.webui.exception.WebElementNotFoundException: Web element with id: 'Object Repository/Login Credentials/Email' located by '//input[@name='email']' not found (Root cause: com.kms.katalon.core.exception.StepFailedException: com.kms.katalon.core.webui.exception.WebElementNotFoundException: Web element with id: 'Object Repository/Login Credentials/Email' located by '//input[@name='email']' not found
	at com.kms.katalon.core.webui.keyword.internal.WebUIKeywordMain.stepFailed(WebUIKeywordMain.groovy:64)
	at com.kms.katalon.core.webui.keyword.builtin.VerifyElementPresentKeyword$_verifyElementPresent_closure1.doCall(VerifyElementPresentKeyword.groovy:85)
	at com.kms.katalon.core.webui.keyword.builtin.VerifyElementPresentKeyword$_verifyElementPresent_closure1.call(VerifyElementPresentKeyword.groovy)
	at com.kms.katalon.core.webui.keyword.internal.WebUIKeywordMain.runKeyword(WebUIKeywordMain.groovy:20)
	at com.kms.katalon.core.webui.keyword.builtin.VerifyElementPresentKeyword.verifyElementPresent(VerifyElementPresentKeyword.groovy:92)
	at com.kms.katalon.core.webui.keyword.builtin.VerifyElementPresentKeyword.execute(VerifyElementPresentKeyword.groovy:68)
	at com.kms.katalon.core.keyword.internal.KeywordExecutor.executeKeywordForPlatform(KeywordExecutor.groovy:73)
	at com.kms.katalon.core.webui.keyword.WebUiBuiltInKeywords.verifyElementPresent(WebUiBuiltInKeywords.groovy:1445)
	at com.kms.katalon.core.webui.keyword.WebUiBuiltInKeywords$verifyElementPresent$2.call(Unknown Source)
	at login.LoginForAdminDevEnvironment.login(LoginForAdminDevEnvironment.groovy:17)
	at login.LoginForAdminDevEnvironment$login.call(Unknown Source)
	at Login.login(Login.groovy:37)
	at Login.invokeMethod(Login.groovy)
	at com.kms.katalon.core.context.internal.TestHooker.invokeMethod(TestHooker.java:111)
	at com.kms.katalon.core.context.internal.TestHooker.lambda$3(TestHooker.java:95)
	at com.kms.katalon.core.context.internal.TestHooker.invokeContextMethods(TestHooker.java:94)
	at com.kms.katalon.core.context.internal.TestListenerCollector.lambda$3(TestListenerCollector.java:88)
	at com.kms.katalon.core.context.internal.TestListenerCollector.handleListenerEvent(TestListenerCollector.java:85)
	at com.kms.katalon.core.context.internal.ExecutionEventManager.publicEvent(ExecutionEventManager.java:36)
	at com.kms.katalon.core.main.TestCaseExecutor.execute(TestCaseExecutor.java:221)
	at com.kms.katalon.core.main.TestSuiteExecutor.accessTestCaseMainPhase(TestSuiteExecutor.java:191)
	at com.kms.katalon.core.main.TestSuiteExecutor.accessTestSuiteMainPhase(TestSuiteExecutor.java:141)
	at com.kms.katalon.core.main.TestSuiteExecutor.execute(TestSuiteExecutor.java:90)
	at com.kms.katalon.core.main.TestCaseMain.startTestSuite(TestCaseMain.java:157)
	at com.kms.katalon.core.main.TestCaseMain$startTestSuite$0.call(Unknown Source)
	at TempTestSuite1610631842892.run(TempTestSuite1610631842892.groovy:39)
)
[[ATTACHMENT|E:\\Modist\\ModistProject\\Reports\\20210114_084402\\AllTestCases\\20210114_084402\\1610632891651.png]]

2021-01-14 09:01:32 - [TEST_STEP][PASSED] - pages.Product.clickOnProductTab(): pages.Product.clickOnProductTab is PASSED

2021-01-14 09:01:32 - [MESSAGE][PASSED] - Object 'Object Repository/Product/productTab' is present

2021-01-14 09:01:32 - [MESSAGE][PASSED] - Object 'Object Repository/Product/productTab' is visible

2021-01-14 09:01:33 - [MESSAGE][PASSED] - Object 'Object Repository/Product/productTab' is clickable

2021-01-14 09:01:33 - [MESSAGE][PASSED] - Object: 'Object Repository/Product/productTab' is clicked on

2021-01-14 09:01:33 - [MESSAGE][PASSED] - pages.Product.clickOnProductTab is PASSED

2021-01-14 09:01:33 - [TEST_STEP][PASSED] - productName = pages.Product.getRandomProductNmae(): pages.Product.getRandomProductNmae is PASSED

2021-01-14 09:01:33 - [MESSAGE][PASSED] - Object 'Object Repository/Product/productTab' is present

2021-01-14 09:01:34 - [MESSAGE][PASSED] - Object 'Object Repository/Product/productTab' is visible

2021-01-14 09:01:34 - [MESSAGE][PASSED] - Object 'Object Repository/Product/productTab' is clickable

2021-01-14 09:01:34 - [MESSAGE][PASSED] - Object: 'Object Repository/Product/productTab' is clicked on

2021-01-14 09:01:35 - [MESSAGE][PASSED] - Object 'Object Repository/Product/productsCount' is present

2021-01-14 09:01:35 - [MESSAGE][PASSED] - Text of object 'Object Repository/Product/randomProduct(index)' is: 'Cycle'

2021-01-14 09:01:35 - [MESSAGE][PASSED] - pages.Product.getRandomProductNmae is PASSED

2021-01-14 09:01:35 - [TEST_STEP][PASSED] - pages.Product.openAnyExistingProduct(productName): pages.Product.openAnyExistingProduct is PASSED

2021-01-14 09:01:36 - [MESSAGE][PASSED] - Object 'Object Repository/Product/Filter by name' is present

2021-01-14 09:01:36 - [MESSAGE][PASSED] - Object 'Object Repository/Product/Filter by name' is visible

2021-01-14 09:01:36 - [MESSAGE][PASSED] - Object 'Object Repository/Product/Filter by name' is clickable

2021-01-14 09:01:37 - [MESSAGE][PASSED] - Text of object 'Object Repository/Product/Filter by name' is cleared

2021-01-14 09:01:37 - [MESSAGE][PASSED] - Keys '' sent to object: 'Object Repository/Product/Filter by name'

2021-01-14 09:01:38 - [MESSAGE][PASSED] - Keys 'C' sent to object: 'Object Repository/Product/Filter by name'

2021-01-14 09:01:38 - [MESSAGE][PASSED] - Keys 'y' sent to object: 'Object Repository/Product/Filter by name'

2021-01-14 09:01:40 - [MESSAGE][PASSED] - Keys 'c' sent to object: 'Object Repository/Product/Filter by name'

2021-01-14 09:01:40 - [MESSAGE][PASSED] - Keys 'l' sent to object: 'Object Repository/Product/Filter by name'

2021-01-14 09:01:40 - [MESSAGE][PASSED] - Keys 'e' sent to object: 'Object Repository/Product/Filter by name'

2021-01-14 09:01:41 - [MESSAGE][PASSED] - Scroll to object 'Object Repository/Product/productName(Name)' successfully

2021-01-14 09:01:42 - [MESSAGE][PASSED] - Object 'Object Repository/Product/productName(Name)' is present

2021-01-14 09:01:42 - [MESSAGE][PASSED] - Object 'Object Repository/Product/productName(Name)' is visible

2021-01-14 09:01:42 - [MESSAGE][PASSED] - Object 'Object Repository/Product/productName(Name)' is clickable

2021-01-14 09:01:43 - [MESSAGE][PASSED] - Object: 'Object Repository/Product/productName(Name)' is clicked on

2021-01-14 09:01:43 - [MESSAGE][PASSED] - pages.Product.openAnyExistingProduct is PASSED

2021-01-14 09:01:43 - [TEST_STEP][PASSED] - pages.Product.clickCloseButtonInProductEditPage(): pages.Product.clickCloseButtonInProductEditPage is PASSED

2021-01-14 09:01:44 - [MESSAGE][PASSED] - Object 'Object Repository/Product/ProductEditPage/closeButton' is present

2021-01-14 09:01:44 - [MESSAGE][PASSED] - Object 'Object Repository/Product/ProductEditPage/closeButton' is visible

2021-01-14 09:01:45 - [MESSAGE][PASSED] - Object 'Object Repository/Product/ProductEditPage/closeButton' is clickable

2021-01-14 09:01:46 - [MESSAGE][PASSED] - Object: 'Object Repository/Product/ProductEditPage/closeButton' is clicked on

2021-01-14 09:01:46 - [MESSAGE][PASSED] - pages.Product.clickCloseButtonInProductEditPage is PASSED

2021-01-14 09:01:46 - [TEST_STEP][PASSED] - pages.Product.verifyUrlAfterClosingProduct(): you are navigated back to dashboard page

2021-01-14 09:01:46 - [MESSAGE][PASSED] - Current window's url is: 'https://dev-admin.modist.co/dashboard'

2021-01-14 09:01:46 - [MESSAGE][PASSED] - you are navigated back to dashboard page]]></system-out>
         <system-err><![CDATA[]]></system-err>
      </testcase>
      <testcase name="Test Cases/Admin/Product/verifySaveChangesDeleteAndCloseButtonInProductDetailspage" time="25.685" classname="Test Cases/Admin/Product/verifySaveChangesDeleteAndCloseButtonInProductDetailspage" status="PASSED">
         <system-out><![CDATA[2021-01-14 09:01:46 - [TEST_CASE][PASSED] - Test Cases/Admin/Product/verifySaveChangesDeleteAndCloseButtonInProductDetailspage: Test Cases/Admin/Product/verifySaveChangesDeleteAndCloseButtonInProductDetailspage

2021-01-14 09:01:46 - [TEST_STEP][PASSED] - Start listener action : login: null

2021-01-14 09:01:46 - [TEST_STEP][PASSED] - Thread.sleep(3000): null

2021-01-14 09:01:49 - [TEST_STEP][PASSED] - url = getUrl(): Current window's url is: 'https://dev-admin.modist.co/dashboard'

2021-01-14 09:01:49 - [MESSAGE][PASSED] - Current window's url is: 'https://dev-admin.modist.co/dashboard'

2021-01-14 09:01:49 - [TEST_STEP][PASSED] - if (!(url.contains("dashboard"))): null

2021-01-14 09:01:49 - [TEST_STEP][PASSED] - productname = pages.Product.addProduct(): pages.Product.addProduct is PASSED

2021-01-14 09:01:49 - [MESSAGE][PASSED] - Object 'Object Repository/Product/productTab' is present

2021-01-14 09:01:49 - [MESSAGE][PASSED] - Object 'Object Repository/Product/productTab' is visible

2021-01-14 09:01:50 - [MESSAGE][PASSED] - Object 'Object Repository/Product/productTab' is clickable

2021-01-14 09:01:50 - [MESSAGE][PASSED] - Object: 'Object Repository/Product/productTab' is clicked on

2021-01-14 09:01:50 - [MESSAGE][PASSED] - Object 'Object Repository/Product/addProductButton' is present

2021-01-14 09:01:51 - [MESSAGE][PASSED] - Object 'Object Repository/Product/addProductButton' is visible

2021-01-14 09:01:51 - [MESSAGE][PASSED] - Object 'Object Repository/Product/addProductButton' is clickable

2021-01-14 09:01:51 - [MESSAGE][PASSED] - Object: 'Object Repository/Product/addProductButton' is clicked on

2021-01-14 09:01:52 - [MESSAGE][PASSED] - Object 'Object Repository/Product/productNameInput' is present

2021-01-14 09:01:52 - [MESSAGE][PASSED] - Object 'Object Repository/Product/productNameInput' is visible

2021-01-14 09:01:52 - [MESSAGE][PASSED] - Object 'Object Repository/Product/productNameInput' is clickable

2021-01-14 09:01:53 - [MESSAGE][PASSED] - Text of object 'Object Repository/Product/productNameInput' is cleared

2021-01-14 09:01:53 - [MESSAGE][PASSED] - Keys 'RandomProduct884' sent to object: 'Object Repository/Product/productNameInput'

2021-01-14 09:01:53 - [MESSAGE][PASSED] - Object 'Object Repository/Product/descriptionFieldInput' is present

2021-01-14 09:01:54 - [MESSAGE][PASSED] - Object 'Object Repository/Product/descriptionFieldInput' is visible

2021-01-14 09:01:54 - [MESSAGE][PASSED] - Object 'Object Repository/Product/descriptionFieldInput' is clickable

2021-01-14 09:01:54 - [MESSAGE][PASSED] - Text of object 'Object Repository/Product/descriptionFieldInput' is cleared

2021-01-14 09:01:55 - [MESSAGE][PASSED] - Keys 'Sample text' sent to object: 'Object Repository/Product/descriptionFieldInput'

2021-01-14 09:01:55 - [MESSAGE][PASSED] - Object 'Object Repository/Product/addproductButtonInAddProductPopUp' is present

2021-01-14 09:01:55 - [MESSAGE][PASSED] - Object 'Object Repository/Product/addproductButtonInAddProductPopUp' is visible

2021-01-14 09:01:56 - [MESSAGE][PASSED] - Object 'Object Repository/Product/addproductButtonInAddProductPopUp' is clickable

2021-01-14 09:01:56 - [MESSAGE][PASSED] - Object: 'Object Repository/Product/addproductButtonInAddProductPopUp' is clicked on

2021-01-14 09:01:56 - [MESSAGE][PASSED] - pages.Product.addProduct is PASSED

2021-01-14 09:01:56 - [TEST_STEP][PASSED] - pages.Product.openAnyExistingProduct(productname): pages.Product.openAnyExistingProduct is PASSED

2021-01-14 09:01:57 - [MESSAGE][PASSED] - Object 'Object Repository/Product/Filter by name' is present

2021-01-14 09:01:58 - [MESSAGE][PASSED] - Object 'Object Repository/Product/Filter by name' is visible

2021-01-14 09:01:58 - [MESSAGE][PASSED] - Object 'Object Repository/Product/Filter by name' is clickable

2021-01-14 09:01:58 - [MESSAGE][PASSED] - Text of object 'Object Repository/Product/Filter by name' is cleared

2021-01-14 09:01:59 - [MESSAGE][PASSED] - Keys '' sent to object: 'Object Repository/Product/Filter by name'

2021-01-14 09:01:59 - [MESSAGE][PASSED] - Keys 'R' sent to object: 'Object Repository/Product/Filter by name'

2021-01-14 09:01:59 - [MESSAGE][PASSED] - Keys 'a' sent to object: 'Object Repository/Product/Filter by name'

2021-01-14 09:02:00 - [MESSAGE][PASSED] - Keys 'n' sent to object: 'Object Repository/Product/Filter by name'

2021-01-14 09:02:01 - [MESSAGE][PASSED] - Keys 'd' sent to object: 'Object Repository/Product/Filter by name'

2021-01-14 09:02:01 - [MESSAGE][PASSED] - Keys 'o' sent to object: 'Object Repository/Product/Filter by name'

2021-01-14 09:02:02 - [MESSAGE][PASSED] - Keys 'm' sent to object: 'Object Repository/Product/Filter by name'

2021-01-14 09:02:02 - [MESSAGE][PASSED] - Keys 'P' sent to object: 'Object Repository/Product/Filter by name'

2021-01-14 09:02:03 - [MESSAGE][PASSED] - Keys 'r' sent to object: 'Object Repository/Product/Filter by name'

2021-01-14 09:02:03 - [MESSAGE][PASSED] - Keys 'o' sent to object: 'Object Repository/Product/Filter by name'

2021-01-14 09:02:03 - [MESSAGE][PASSED] - Keys 'd' sent to object: 'Object Repository/Product/Filter by name'

2021-01-14 09:02:04 - [MESSAGE][PASSED] - Keys 'u' sent to object: 'Object Repository/Product/Filter by name'

2021-01-14 09:02:04 - [MESSAGE][PASSED] - Keys 'c' sent to object: 'Object Repository/Product/Filter by name'

2021-01-14 09:02:05 - [MESSAGE][PASSED] - Keys 't' sent to object: 'Object Repository/Product/Filter by name'

2021-01-14 09:02:05 - [MESSAGE][PASSED] - Keys '8' sent to object: 'Object Repository/Product/Filter by name'

2021-01-14 09:02:05 - [MESSAGE][PASSED] - Keys '8' sent to object: 'Object Repository/Product/Filter by name'

2021-01-14 09:02:06 - [MESSAGE][PASSED] - Keys '4' sent to object: 'Object Repository/Product/Filter by name'

2021-01-14 09:02:07 - [MESSAGE][PASSED] - Scroll to object 'Object Repository/Product/productName(Name)' successfully

2021-01-14 09:02:08 - [MESSAGE][PASSED] - Object 'Object Repository/Product/productName(Name)' is present

2021-01-14 09:02:08 - [MESSAGE][PASSED] - Object 'Object Repository/Product/productName(Name)' is visible

2021-01-14 09:02:08 - [MESSAGE][PASSED] - Object 'Object Repository/Product/productName(Name)' is clickable

2021-01-14 09:02:09 - [MESSAGE][PASSED] - Object: 'Object Repository/Product/productName(Name)' is clicked on

2021-01-14 09:02:09 - [MESSAGE][PASSED] - pages.Product.openAnyExistingProduct is PASSED

2021-01-14 09:02:09 - [TEST_STEP][PASSED] - pages.Product.verifyFooterSectionButtons(): pages.Product.verifyFooterSectionButtons is PASSED

2021-01-14 09:02:09 - [MESSAGE][PASSED] - Object 'Object Repository/Product/ProductEditPage/closeButton' is present

2021-01-14 09:02:10 - [MESSAGE][PASSED] - Object 'Object Repository/Product/ProductEditPage/deleteButton' is present

2021-01-14 09:02:10 - [MESSAGE][PASSED] - Object 'Object Repository/Product/ProductEditPage/saveChangesButton' is present

2021-01-14 09:02:10 - [MESSAGE][PASSED] - Object 'Object Repository/Product/ProductEditPage/closeButton' is present

2021-01-14 09:02:11 - [MESSAGE][PASSED] - Object 'Object Repository/Product/ProductEditPage/closeButton' is visible

2021-01-14 09:02:11 - [MESSAGE][PASSED] - Object 'Object Repository/Product/ProductEditPage/closeButton' is clickable

2021-01-14 09:02:11 - [MESSAGE][PASSED] - Object: 'Object Repository/Product/ProductEditPage/closeButton' is clicked on

2021-01-14 09:02:11 - [MESSAGE][PASSED] - pages.Product.verifyFooterSectionButtons is PASSED]]></system-out>
         <system-err><![CDATA[]]></system-err>
      </testcase>
      <testcase name="Test Cases/Admin/Product/verifySearchFunctionalityInFilter" time="16.213" classname="Test Cases/Admin/Product/verifySearchFunctionalityInFilter" status="PASSED">
         <system-out><![CDATA[2021-01-14 09:02:11 - [TEST_CASE][PASSED] - Test Cases/Admin/Product/verifySearchFunctionalityInFilter: Test Cases/Admin/Product/verifySearchFunctionalityInFilter

2021-01-14 09:02:11 - [TEST_STEP][PASSED] - Start listener action : login: null

2021-01-14 09:02:11 - [TEST_STEP][PASSED] - Thread.sleep(3000): null

2021-01-14 09:02:14 - [TEST_STEP][PASSED] - url = getUrl(): Current window's url is: 'https://dev-admin.modist.co/dashboard'

2021-01-14 09:02:14 - [MESSAGE][PASSED] - Current window's url is: 'https://dev-admin.modist.co/dashboard'

2021-01-14 09:02:14 - [TEST_STEP][PASSED] - if (!(url.contains("dashboard"))): null

2021-01-14 09:02:15 - [TEST_STEP][PASSED] - pages.Product.clickOnProductTab(): pages.Product.clickOnProductTab is PASSED

2021-01-14 09:02:15 - [MESSAGE][PASSED] - Object 'Object Repository/Product/productTab' is present

2021-01-14 09:02:15 - [MESSAGE][PASSED] - Object 'Object Repository/Product/productTab' is visible

2021-01-14 09:02:16 - [MESSAGE][PASSED] - Object 'Object Repository/Product/productTab' is clickable

2021-01-14 09:02:16 - [MESSAGE][PASSED] - Object: 'Object Repository/Product/productTab' is clicked on

2021-01-14 09:02:16 - [MESSAGE][PASSED] - pages.Product.clickOnProductTab is PASSED

2021-01-14 09:02:16 - [TEST_STEP][PASSED] - productName = pages.Product.getRandomProductNmae(): pages.Product.getRandomProductNmae is PASSED

2021-01-14 09:02:16 - [MESSAGE][PASSED] - Object 'Object Repository/Product/productTab' is present

2021-01-14 09:02:17 - [MESSAGE][PASSED] - Object 'Object Repository/Product/productTab' is visible

2021-01-14 09:02:17 - [MESSAGE][PASSED] - Object 'Object Repository/Product/productTab' is clickable

2021-01-14 09:02:17 - [MESSAGE][PASSED] - Object: 'Object Repository/Product/productTab' is clicked on

2021-01-14 09:02:18 - [MESSAGE][PASSED] - Object 'Object Repository/Product/productsCount' is present

2021-01-14 09:02:18 - [MESSAGE][PASSED] - Text of object 'Object Repository/Product/randomProduct(index)' is: 'dumy'

2021-01-14 09:02:18 - [MESSAGE][PASSED] - pages.Product.getRandomProductNmae is PASSED

2021-01-14 09:02:18 - [TEST_STEP][PASSED] - pages.Product.searchForAProduct(productName): pages.Product.searchForAProduct is PASSED

2021-01-14 09:02:19 - [MESSAGE][PASSED] - Object 'Object Repository/Product/Filter by name' is present

2021-01-14 09:02:19 - [MESSAGE][PASSED] - Object 'Object Repository/Product/Filter by name' is visible

2021-01-14 09:02:19 - [MESSAGE][PASSED] - Object 'Object Repository/Product/Filter by name' is clickable

2021-01-14 09:02:19 - [MESSAGE][PASSED] - Text of object 'Object Repository/Product/Filter by name' is cleared

2021-01-14 09:02:20 - [MESSAGE][PASSED] - Keys '' sent to object: 'Object Repository/Product/Filter by name'

2021-01-14 09:02:20 - [MESSAGE][PASSED] - Keys 'd' sent to object: 'Object Repository/Product/Filter by name'

2021-01-14 09:02:21 - [MESSAGE][PASSED] - Keys 'u' sent to object: 'Object Repository/Product/Filter by name'

2021-01-14 09:02:22 - [MESSAGE][PASSED] - Keys 'm' sent to object: 'Object Repository/Product/Filter by name'

2021-01-14 09:02:22 - [MESSAGE][PASSED] - Keys 'y' sent to object: 'Object Repository/Product/Filter by name'

2021-01-14 09:02:22 - [MESSAGE][PASSED] - pages.Product.searchForAProduct is PASSED

2021-01-14 09:02:22 - [TEST_STEP][PASSED] - pages.Product.verifyProductPresent(productName): pages.Product.verifyProductPresent is PASSED

2021-01-14 09:02:23 - [MESSAGE][PASSED] - Object 'Object Repository/Product/Filter by name' is present

2021-01-14 09:02:24 - [MESSAGE][PASSED] - Object 'Object Repository/Product/Filter by name' is visible

2021-01-14 09:02:24 - [MESSAGE][PASSED] - Object 'Object Repository/Product/Filter by name' is clickable

2021-01-14 09:02:25 - [MESSAGE][PASSED] - Text of object 'Object Repository/Product/Filter by name' is cleared

2021-01-14 09:02:25 - [MESSAGE][PASSED] - Keys '' sent to object: 'Object Repository/Product/Filter by name'

2021-01-14 09:02:25 - [MESSAGE][PASSED] - Keys 'd' sent to object: 'Object Repository/Product/Filter by name'

2021-01-14 09:02:26 - [MESSAGE][PASSED] - Keys 'u' sent to object: 'Object Repository/Product/Filter by name'

2021-01-14 09:02:27 - [MESSAGE][PASSED] - Keys 'm' sent to object: 'Object Repository/Product/Filter by name'

2021-01-14 09:02:27 - [MESSAGE][PASSED] - Keys 'y' sent to object: 'Object Repository/Product/Filter by name'

2021-01-14 09:02:28 - [MESSAGE][PASSED] - Object 'Object Repository/Product/productName(Name)' is present

2021-01-14 09:02:28 - [MESSAGE][PASSED] - pages.Product.verifyProductPresent is PASSED]]></system-out>
         <system-err><![CDATA[]]></system-err>
      </testcase>
      <testcase name="Test Cases/Admin/Product/verifySearchFunctionalityWithInvalidProduct" time="11.355" classname="Test Cases/Admin/Product/verifySearchFunctionalityWithInvalidProduct" status="PASSED">
         <system-out><![CDATA[2021-01-14 09:02:28 - [TEST_CASE][PASSED] - Test Cases/Admin/Product/verifySearchFunctionalityWithInvalidProduct: Test Cases/Admin/Product/verifySearchFunctionalityWithInvalidProduct

2021-01-14 09:02:28 - [TEST_STEP][PASSED] - Start listener action : login: null

2021-01-14 09:02:28 - [TEST_STEP][PASSED] - Thread.sleep(3000): null

2021-01-14 09:02:31 - [TEST_STEP][PASSED] - url = getUrl(): Current window's url is: 'https://dev-admin.modist.co/dashboard'

2021-01-14 09:02:31 - [MESSAGE][PASSED] - Current window's url is: 'https://dev-admin.modist.co/dashboard'

2021-01-14 09:02:31 - [TEST_STEP][PASSED] - if (!(url.contains("dashboard"))): null

2021-01-14 09:02:31 - [TEST_STEP][PASSED] - pages.Product.clickOnProductTab(): pages.Product.clickOnProductTab is PASSED

2021-01-14 09:02:31 - [MESSAGE][PASSED] - Object 'Object Repository/Product/productTab' is present

2021-01-14 09:02:31 - [MESSAGE][PASSED] - Object 'Object Repository/Product/productTab' is visible

2021-01-14 09:02:32 - [MESSAGE][PASSED] - Object 'Object Repository/Product/productTab' is clickable

2021-01-14 09:02:32 - [MESSAGE][PASSED] - Object: 'Object Repository/Product/productTab' is clicked on

2021-01-14 09:02:32 - [MESSAGE][PASSED] - pages.Product.clickOnProductTab is PASSED

2021-01-14 09:02:32 - [TEST_STEP][PASSED] - productName = pages.Product.getRandomProductNmae(): pages.Product.getRandomProductNmae is PASSED

2021-01-14 09:02:32 - [MESSAGE][PASSED] - Object 'Object Repository/Product/productTab' is present

2021-01-14 09:02:33 - [MESSAGE][PASSED] - Object 'Object Repository/Product/productTab' is visible

2021-01-14 09:02:33 - [MESSAGE][PASSED] - Object 'Object Repository/Product/productTab' is clickable

2021-01-14 09:02:33 - [MESSAGE][PASSED] - Object: 'Object Repository/Product/productTab' is clicked on

2021-01-14 09:02:33 - [MESSAGE][PASSED] - Object 'Object Repository/Product/productsCount' is present

2021-01-14 09:02:34 - [MESSAGE][PASSED] - Text of object 'Object Repository/Product/randomProduct(index)' is: 'dumy'

2021-01-14 09:02:34 - [MESSAGE][PASSED] - pages.Product.getRandomProductNmae is PASSED

2021-01-14 09:02:34 - [TEST_STEP][PASSED] - productName = productName + "*": null

2021-01-14 09:02:34 - [TEST_STEP][PASSED] - pages.Product.verifyProductNotPresent(productName): pages.Product.verifyProductNotPresent is PASSED

2021-01-14 09:02:34 - [MESSAGE][PASSED] - Object 'Object Repository/Product/Filter by name' is present

2021-01-14 09:02:35 - [MESSAGE][PASSED] - Object 'Object Repository/Product/Filter by name' is visible

2021-01-14 09:02:35 - [MESSAGE][PASSED] - Object 'Object Repository/Product/Filter by name' is clickable

2021-01-14 09:02:35 - [MESSAGE][PASSED] - Text of object 'Object Repository/Product/Filter by name' is cleared

2021-01-14 09:02:36 - [MESSAGE][PASSED] - Keys '' sent to object: 'Object Repository/Product/Filter by name'

2021-01-14 09:02:36 - [MESSAGE][PASSED] - Keys 'd' sent to object: 'Object Repository/Product/Filter by name'

2021-01-14 09:02:36 - [MESSAGE][PASSED] - Keys 'u' sent to object: 'Object Repository/Product/Filter by name'

2021-01-14 09:02:37 - [MESSAGE][PASSED] - Keys 'm' sent to object: 'Object Repository/Product/Filter by name'

2021-01-14 09:02:38 - [MESSAGE][PASSED] - Keys 'y' sent to object: 'Object Repository/Product/Filter by name'

2021-01-14 09:02:39 - [MESSAGE][PASSED] - Keys '*' sent to object: 'Object Repository/Product/Filter by name'

2021-01-14 09:02:39 - [MESSAGE][PASSED] - Web element with id: 'Object Repository/Product/productName(Name)' located by 'By.xpath: //div[text()='dumy*']/../..
' is not present after '30' second(s)

2021-01-14 09:02:39 - [MESSAGE][PASSED] - pages.Product.verifyProductNotPresent is PASSED]]></system-out>
         <system-err><![CDATA[]]></system-err>
      </testcase>
      <testcase name="Test Cases/Admin/Section/addSectionAndVerify" time="56.93" classname="Test Cases/Admin/Section/addSectionAndVerify" status="FAILED">
         <failure type="FAILED" message="Test Cases/Admin/Section/addSectionAndVerify FAILED.
Reason:
com.kms.katalon.core.exception.StepFailedException: RandomSection847is not present
	at com.kms.katalon.core.util.KeywordUtil.markFailedAndStop(KeywordUtil.java:28)
	at com.kms.katalon.core.util.KeywordUtil$markFailedAndStop$0.call(Unknown Source)
	at verification.Verification.verifyElementPresent(Verification.groovy:31)
	at pages.Section.verifySectionAdded(Section.groovy:60)
	at pages.Section.invokeMethod(Section.groovy)
	at com.kms.katalon.core.main.CustomKeywordDelegatingMetaClass.invokeStaticMethod(CustomKeywordDelegatingMetaClass.java:50)
	at addSectionAndVerify.run(addSectionAndVerify:22)
	at com.kms.katalon.core.main.ScriptEngine.run(ScriptEngine.java:194)
	at com.kms.katalon.core.main.ScriptEngine.runScriptAsRawText(ScriptEngine.java:119)
	at com.kms.katalon.core.main.TestCaseExecutor.runScript(TestCaseExecutor.java:339)
	at com.kms.katalon.core.main.TestCaseExecutor.doExecute(TestCaseExecutor.java:330)
	at com.kms.katalon.core.main.TestCaseExecutor.processExecutionPhase(TestCaseExecutor.java:309)
	at com.kms.katalon.core.main.TestCaseExecutor.accessMainPhase(TestCaseExecutor.java:301)
	at com.kms.katalon.core.main.TestCaseExecutor.execute(TestCaseExecutor.java:235)
	at com.kms.katalon.core.main.TestSuiteExecutor.accessTestCaseMainPhase(TestSuiteExecutor.java:191)
	at com.kms.katalon.core.main.TestSuiteExecutor.accessTestSuiteMainPhase(TestSuiteExecutor.java:141)
	at com.kms.katalon.core.main.TestSuiteExecutor.execute(TestSuiteExecutor.java:90)
	at com.kms.katalon.core.main.TestCaseMain.startTestSuite(TestCaseMain.java:157)
	at com.kms.katalon.core.main.TestCaseMain$startTestSuite$0.call(Unknown Source)
	at TempTestSuite1610631842892.run(TempTestSuite1610631842892.groovy:39)
"/>
         <system-out><![CDATA[2021-01-14 09:02:39 - [TEST_CASE][FAILED] - Test Cases/Admin/Section/addSectionAndVerify: Test Cases/Admin/Section/addSectionAndVerify FAILED.
Reason:
com.kms.katalon.core.exception.StepFailedException: RandomSection847is not present
	at com.kms.katalon.core.util.KeywordUtil.markFailedAndStop(KeywordUtil.java:28)
	at com.kms.katalon.core.util.KeywordUtil$markFailedAndStop$0.call(Unknown Source)
	at verification.Verification.verifyElementPresent(Verification.groovy:31)
	at pages.Section.verifySectionAdded(Section.groovy:60)
	at pages.Section.invokeMethod(Section.groovy)
	at com.kms.katalon.core.main.CustomKeywordDelegatingMetaClass.invokeStaticMethod(CustomKeywordDelegatingMetaClass.java:50)
	at addSectionAndVerify.run(addSectionAndVerify:22)
	at com.kms.katalon.core.main.ScriptEngine.run(ScriptEngine.java:194)
	at com.kms.katalon.core.main.ScriptEngine.runScriptAsRawText(ScriptEngine.java:119)
	at com.kms.katalon.core.main.TestCaseExecutor.runScript(TestCaseExecutor.java:339)
	at com.kms.katalon.core.main.TestCaseExecutor.doExecute(TestCaseExecutor.java:330)
	at com.kms.katalon.core.main.TestCaseExecutor.processExecutionPhase(TestCaseExecutor.java:309)
	at com.kms.katalon.core.main.TestCaseExecutor.accessMainPhase(TestCaseExecutor.java:301)
	at com.kms.katalon.core.main.TestCaseExecutor.execute(TestCaseExecutor.java:235)
	at com.kms.katalon.core.main.TestSuiteExecutor.accessTestCaseMainPhase(TestSuiteExecutor.java:191)
	at com.kms.katalon.core.main.TestSuiteExecutor.accessTestSuiteMainPhase(TestSuiteExecutor.java:141)
	at com.kms.katalon.core.main.TestSuiteExecutor.execute(TestSuiteExecutor.java:90)
	at com.kms.katalon.core.main.TestCaseMain.startTestSuite(TestCaseMain.java:157)
	at com.kms.katalon.core.main.TestCaseMain$startTestSuite$0.call(Unknown Source)
	at TempTestSuite1610631842892.run(TempTestSuite1610631842892.groovy:39)


2021-01-14 09:02:39 - [TEST_STEP][PASSED] - Start listener action : login: null

2021-01-14 09:02:39 - [TEST_STEP][PASSED] - Thread.sleep(3000): null

2021-01-14 09:02:42 - [TEST_STEP][PASSED] - url = getUrl(): Current window's url is: 'https://dev-admin.modist.co/dashboard'

2021-01-14 09:02:42 - [MESSAGE][PASSED] - Current window's url is: 'https://dev-admin.modist.co/dashboard'

2021-01-14 09:02:42 - [TEST_STEP][PASSED] - if (!(url.contains("dashboard"))): null

2021-01-14 09:02:42 - [TEST_STEP][PASSED] - pages.Section.clickOnSectionTab(): pages.Section.clickOnSectionTab is PASSED

2021-01-14 09:02:43 - [MESSAGE][PASSED] - Object 'Object Repository/Section/SectionTab' is present

2021-01-14 09:02:43 - [MESSAGE][PASSED] - Object 'Object Repository/Section/SectionTab' is visible

2021-01-14 09:02:43 - [MESSAGE][PASSED] - Object 'Object Repository/Section/SectionTab' is clickable

2021-01-14 09:02:44 - [MESSAGE][PASSED] - Object: 'Object Repository/Section/SectionTab' is clicked on

2021-01-14 09:02:44 - [MESSAGE][PASSED] - pages.Section.clickOnSectionTab is PASSED

2021-01-14 09:02:44 - [TEST_STEP][PASSED] - sectionName = pages.Section.addSection(): pages.Section.addSection is PASSED

2021-01-14 09:02:44 - [MESSAGE][PASSED] - Object 'Object Repository/Section/SectionTab' is present

2021-01-14 09:02:45 - [MESSAGE][PASSED] - Object 'Object Repository/Section/SectionTab' is visible

2021-01-14 09:02:45 - [MESSAGE][PASSED] - Object 'Object Repository/Section/SectionTab' is clickable

2021-01-14 09:02:46 - [MESSAGE][PASSED] - Object: 'Object Repository/Section/SectionTab' is clicked on

2021-01-14 09:02:46 - [MESSAGE][PASSED] - Object 'Object Repository/Section/AddSectionButton' is present

2021-01-14 09:02:46 - [MESSAGE][PASSED] - Object 'Object Repository/Section/AddSectionButton' is visible

2021-01-14 09:02:47 - [MESSAGE][PASSED] - Object 'Object Repository/Section/AddSectionButton' is clickable

2021-01-14 09:02:47 - [MESSAGE][PASSED] - Object: 'Object Repository/Section/AddSectionButton' is clicked on

2021-01-14 09:02:48 - [MESSAGE][PASSED] - Object 'Object Repository/Section/addSection/title' is present

2021-01-14 09:02:48 - [MESSAGE][PASSED] - Object 'Object Repository/Section/addSection/title' is visible

2021-01-14 09:02:48 - [MESSAGE][PASSED] - Object 'Object Repository/Section/addSection/title' is clickable

2021-01-14 09:02:49 - [MESSAGE][PASSED] - Text of object 'Object Repository/Section/addSection/title' is cleared

2021-01-14 09:02:49 - [MESSAGE][PASSED] - Keys 'RandomSection847' sent to object: 'Object Repository/Section/addSection/title'

2021-01-14 09:02:50 - [MESSAGE][PASSED] - Object 'Object Repository/Section/addSection/subtitle' is present

2021-01-14 09:02:50 - [MESSAGE][PASSED] - Object 'Object Repository/Section/addSection/subtitle' is visible

2021-01-14 09:02:50 - [MESSAGE][PASSED] - Object 'Object Repository/Section/addSection/subtitle' is clickable

2021-01-14 09:02:50 - [MESSAGE][PASSED] - Text of object 'Object Repository/Section/addSection/subtitle' is cleared

2021-01-14 09:02:51 - [MESSAGE][PASSED] - Keys 'New Section sample' sent to object: 'Object Repository/Section/addSection/subtitle'

2021-01-14 09:02:51 - [MESSAGE][PASSED] - Object 'Object Repository/Section/addSection/tenant' is present

2021-01-14 09:02:52 - [MESSAGE][PASSED] - Object 'Object Repository/Section/addSection/tenant' is visible

2021-01-14 09:02:52 - [MESSAGE][PASSED] - Object 'Object Repository/Section/addSection/tenant' is clickable

2021-01-14 09:02:52 - [MESSAGE][PASSED] - Object: 'Object Repository/Section/addSection/tenant' is clicked on

2021-01-14 09:02:53 - [MESSAGE][PASSED] - Object 'Object Repository/Section/addSection/tenantSelect' is present

2021-01-14 09:02:53 - [MESSAGE][PASSED] - Object 'Object Repository/Section/addSection/tenantSelect' is visible

2021-01-14 09:02:53 - [MESSAGE][PASSED] - Object 'Object Repository/Section/addSection/tenantSelect' is clickable

2021-01-14 09:02:53 - [MESSAGE][PASSED] - Object: 'Object Repository/Section/addSection/tenantSelect' is clicked on

2021-01-14 09:02:54 - [MESSAGE][PASSED] - Object 'Object Repository/Section/addSection/addSection' is present

2021-01-14 09:02:54 - [MESSAGE][PASSED] - Object 'Object Repository/Section/addSection/addSection' is visible

2021-01-14 09:02:54 - [MESSAGE][PASSED] - Object 'Object Repository/Section/addSection/addSection' is clickable

2021-01-14 09:02:55 - [MESSAGE][PASSED] - Object: 'Object Repository/Section/addSection/addSection' is clicked on

2021-01-14 09:02:55 - [MESSAGE][PASSED] - pages.Section.addSection is PASSED

2021-01-14 09:02:55 - [TEST_STEP][FAILED] - pages.Section.verifySectionAdded(sectionName): RandomSection847is not present

2021-01-14 09:02:56 - [MESSAGE][PASSED] - Object 'Object Repository/Section/filterByName' is present

2021-01-14 09:02:56 - [MESSAGE][PASSED] - Object 'Object Repository/Section/filterByName' is visible

2021-01-14 09:02:56 - [MESSAGE][PASSED] - Object 'Object Repository/Section/filterByName' is clickable

2021-01-14 09:02:57 - [MESSAGE][PASSED] - Text of object 'Object Repository/Section/filterByName' is cleared

2021-01-14 09:02:57 - [MESSAGE][PASSED] - Keys '' sent to object: 'Object Repository/Section/filterByName'

2021-01-14 09:02:57 - [MESSAGE][PASSED] - Keys 'R' sent to object: 'Object Repository/Journey/journrySearchInput'

2021-01-14 09:02:58 - [MESSAGE][PASSED] - Keys 'a' sent to object: 'Object Repository/Journey/journrySearchInput'

2021-01-14 09:02:59 - [MESSAGE][PASSED] - Keys 'n' sent to object: 'Object Repository/Journey/journrySearchInput'

2021-01-14 09:03:00 - [MESSAGE][PASSED] - Keys 'd' sent to object: 'Object Repository/Journey/journrySearchInput'

2021-01-14 09:03:00 - [MESSAGE][PASSED] - Keys 'o' sent to object: 'Object Repository/Journey/journrySearchInput'

2021-01-14 09:03:00 - [MESSAGE][PASSED] - Keys 'm' sent to object: 'Object Repository/Journey/journrySearchInput'

2021-01-14 09:03:01 - [MESSAGE][PASSED] - Keys 'S' sent to object: 'Object Repository/Journey/journrySearchInput'

2021-01-14 09:03:01 - [MESSAGE][PASSED] - Keys 'e' sent to object: 'Object Repository/Journey/journrySearchInput'

2021-01-14 09:03:01 - [MESSAGE][PASSED] - Keys 'c' sent to object: 'Object Repository/Journey/journrySearchInput'

2021-01-14 09:03:02 - [MESSAGE][PASSED] - Keys 't' sent to object: 'Object Repository/Journey/journrySearchInput'

2021-01-14 09:03:02 - [MESSAGE][PASSED] - Keys 'i' sent to object: 'Object Repository/Journey/journrySearchInput'

2021-01-14 09:03:02 - [MESSAGE][PASSED] - Keys 'o' sent to object: 'Object Repository/Journey/journrySearchInput'

2021-01-14 09:03:03 - [MESSAGE][PASSED] - Keys 'n' sent to object: 'Object Repository/Journey/journrySearchInput'

2021-01-14 09:03:03 - [MESSAGE][PASSED] - Keys '8' sent to object: 'Object Repository/Journey/journrySearchInput'

2021-01-14 09:03:03 - [MESSAGE][PASSED] - Keys '4' sent to object: 'Object Repository/Journey/journrySearchInput'

2021-01-14 09:03:04 - [MESSAGE][PASSED] - Keys '7' sent to object: 'Object Repository/Journey/journrySearchInput'

2021-01-14 09:03:35 - [MESSAGE][INFO] - Unable to find the element located by 'By.xpath: //div[text()="RandomSection847"]'. Please recheck the objects properties to make sure the desired element is located. 

2021-01-14 09:03:35 - [MESSAGE][WARNING] - com.kms.katalon.core.webui.exception.WebElementNotFoundException: Web element with id: 'Object Repository/Section/anySection(sectionName)' located by '//div[text()="RandomSection847"]' not found (Root cause: com.kms.katalon.core.exception.StepFailedException: com.kms.katalon.core.webui.exception.WebElementNotFoundException: Web element with id: 'Object Repository/Section/anySection(sectionName)' located by '//div[text()="RandomSection847"]' not found
	at com.kms.katalon.core.webui.keyword.internal.WebUIKeywordMain.stepFailed(WebUIKeywordMain.groovy:64)
	at com.kms.katalon.core.webui.keyword.builtin.VerifyElementPresentKeyword$_verifyElementPresent_closure1.doCall(VerifyElementPresentKeyword.groovy:85)
	at com.kms.katalon.core.webui.keyword.builtin.VerifyElementPresentKeyword$_verifyElementPresent_closure1.call(VerifyElementPresentKeyword.groovy)
	at com.kms.katalon.core.webui.keyword.internal.WebUIKeywordMain.runKeyword(WebUIKeywordMain.groovy:20)
	at com.kms.katalon.core.webui.keyword.builtin.VerifyElementPresentKeyword.verifyElementPresent(VerifyElementPresentKeyword.groovy:92)
	at com.kms.katalon.core.webui.keyword.builtin.VerifyElementPresentKeyword.execute(VerifyElementPresentKeyword.groovy:68)
	at com.kms.katalon.core.keyword.internal.KeywordExecutor.executeKeywordForPlatform(KeywordExecutor.groovy:73)
	at com.kms.katalon.core.webui.keyword.WebUiBuiltInKeywords.verifyElementPresent(WebUiBuiltInKeywords.groovy:1445)
	at com.kms.katalon.core.webui.keyword.WebUiBuiltInKeywords$verifyElementPresent$2.call(Unknown Source)
	at verification.Verification.verifyElementPresent(Verification.groovy:29)
	at pages.Section.verifySectionAdded(Section.groovy:60)
	at pages.Section.invokeMethod(Section.groovy)
	at com.kms.katalon.core.main.CustomKeywordDelegatingMetaClass.invokeStaticMethod(CustomKeywordDelegatingMetaClass.java:50)
	at addSectionAndVerify.run(addSectionAndVerify:22)
	at com.kms.katalon.core.main.ScriptEngine.run(ScriptEngine.java:194)
	at com.kms.katalon.core.main.ScriptEngine.runScriptAsRawText(ScriptEngine.java:119)
	at com.kms.katalon.core.main.TestCaseExecutor.runScript(TestCaseExecutor.java:339)
	at com.kms.katalon.core.main.TestCaseExecutor.doExecute(TestCaseExecutor.java:330)
	at com.kms.katalon.core.main.TestCaseExecutor.processExecutionPhase(TestCaseExecutor.java:309)
	at com.kms.katalon.core.main.TestCaseExecutor.accessMainPhase(TestCaseExecutor.java:301)
	at com.kms.katalon.core.main.TestCaseExecutor.execute(TestCaseExecutor.java:235)
	at com.kms.katalon.core.main.TestSuiteExecutor.accessTestCaseMainPhase(TestSuiteExecutor.java:191)
	at com.kms.katalon.core.main.TestSuiteExecutor.accessTestSuiteMainPhase(TestSuiteExecutor.java:141)
	at com.kms.katalon.core.main.TestSuiteExecutor.execute(TestSuiteExecutor.java:90)
	at com.kms.katalon.core.main.TestCaseMain.startTestSuite(TestCaseMain.java:157)
	at com.kms.katalon.core.main.TestCaseMain$startTestSuite$0.call(Unknown Source)
	at TempTestSuite1610631842892.run(TempTestSuite1610631842892.groovy:39)
)
[[ATTACHMENT|E:\\Modist\\ModistProject\\Reports\\20210114_084402\\AllTestCases\\20210114_084402\\1610633015413.png]]

2021-01-14 09:03:36 - [MESSAGE][PASSED] - Taking screenshot successfully
[[ATTACHMENT|E:\Modist\ModistProject\Reports\20210114_084402\AllTestCases\20210114_084402\1610633016031.png]]

2021-01-14 09:03:36 - [MESSAGE][FAILED] - RandomSection847is not present]]></system-out>
         <system-err><![CDATA[2021-01-14 09:02:39 - [TEST_CASE][FAILED] - Test Cases/Admin/Section/addSectionAndVerify: Test Cases/Admin/Section/addSectionAndVerify FAILED.
Reason:
com.kms.katalon.core.exception.StepFailedException: RandomSection847is not present
	at com.kms.katalon.core.util.KeywordUtil.markFailedAndStop(KeywordUtil.java:28)
	at com.kms.katalon.core.util.KeywordUtil$markFailedAndStop$0.call(Unknown Source)
	at verification.Verification.verifyElementPresent(Verification.groovy:31)
	at pages.Section.verifySectionAdded(Section.groovy:60)
	at pages.Section.invokeMethod(Section.groovy)
	at com.kms.katalon.core.main.CustomKeywordDelegatingMetaClass.invokeStaticMethod(CustomKeywordDelegatingMetaClass.java:50)
	at addSectionAndVerify.run(addSectionAndVerify:22)
	at com.kms.katalon.core.main.ScriptEngine.run(ScriptEngine.java:194)
	at com.kms.katalon.core.main.ScriptEngine.runScriptAsRawText(ScriptEngine.java:119)
	at com.kms.katalon.core.main.TestCaseExecutor.runScript(TestCaseExecutor.java:339)
	at com.kms.katalon.core.main.TestCaseExecutor.doExecute(TestCaseExecutor.java:330)
	at com.kms.katalon.core.main.TestCaseExecutor.processExecutionPhase(TestCaseExecutor.java:309)
	at com.kms.katalon.core.main.TestCaseExecutor.accessMainPhase(TestCaseExecutor.java:301)
	at com.kms.katalon.core.main.TestCaseExecutor.execute(TestCaseExecutor.java:235)
	at com.kms.katalon.core.main.TestSuiteExecutor.accessTestCaseMainPhase(TestSuiteExecutor.java:191)
	at com.kms.katalon.core.main.TestSuiteExecutor.accessTestSuiteMainPhase(TestSuiteExecutor.java:141)
	at com.kms.katalon.core.main.TestSuiteExecutor.execute(TestSuiteExecutor.java:90)
	at com.kms.katalon.core.main.TestCaseMain.startTestSuite(TestCaseMain.java:157)
	at com.kms.katalon.core.main.TestCaseMain$startTestSuite$0.call(Unknown Source)
	at TempTestSuite1610631842892.run(TempTestSuite1610631842892.groovy:39)]]></system-err>
      </testcase>
      <testcase name="Test Cases/Admin/Section/veifyFieldsPresentInAddSectionPopUp" time="10.477" classname="Test Cases/Admin/Section/veifyFieldsPresentInAddSectionPopUp" status="PASSED">
         <system-out><![CDATA[2021-01-14 09:03:36 - [TEST_CASE][PASSED] - Test Cases/Admin/Section/veifyFieldsPresentInAddSectionPopUp: Test Cases/Admin/Section/veifyFieldsPresentInAddSectionPopUp

2021-01-14 09:03:36 - [TEST_STEP][PASSED] - Start listener action : login: null

2021-01-14 09:03:36 - [TEST_STEP][PASSED] - Thread.sleep(3000): null

2021-01-14 09:03:39 - [TEST_STEP][PASSED] - url = getUrl(): Current window's url is: 'https://dev-admin.modist.co/dashboard'

2021-01-14 09:03:39 - [MESSAGE][PASSED] - Current window's url is: 'https://dev-admin.modist.co/dashboard'

2021-01-14 09:03:39 - [TEST_STEP][PASSED] - if (!(url.contains("dashboard"))): null

2021-01-14 09:03:39 - [TEST_STEP][PASSED] - pages.Section.clickOnSectionTab(): pages.Section.clickOnSectionTab is PASSED

2021-01-14 09:03:39 - [MESSAGE][PASSED] - Object 'Object Repository/Section/SectionTab' is present

2021-01-14 09:03:40 - [MESSAGE][PASSED] - Object 'Object Repository/Section/SectionTab' is visible

2021-01-14 09:03:40 - [MESSAGE][PASSED] - Object 'Object Repository/Section/SectionTab' is clickable

2021-01-14 09:03:40 - [MESSAGE][PASSED] - Object: 'Object Repository/Section/SectionTab' is clicked on

2021-01-14 09:03:40 - [MESSAGE][PASSED] - pages.Section.clickOnSectionTab is PASSED

2021-01-14 09:03:40 - [TEST_STEP][PASSED] - pages.Section.verifyElementsInAddSectionPopUp(): pages.Section.verifyElementsInAddSectionPopUp is PASSED

2021-01-14 09:03:41 - [MESSAGE][PASSED] - Object 'Object Repository/Section/SectionTab' is present

2021-01-14 09:03:41 - [MESSAGE][PASSED] - Object 'Object Repository/Section/SectionTab' is visible

2021-01-14 09:03:41 - [MESSAGE][PASSED] - Object 'Object Repository/Section/SectionTab' is clickable

2021-01-14 09:03:42 - [MESSAGE][PASSED] - Object: 'Object Repository/Section/SectionTab' is clicked on

2021-01-14 09:03:42 - [MESSAGE][PASSED] - Object 'Object Repository/Section/AddSectionButton' is present

2021-01-14 09:03:42 - [MESSAGE][PASSED] - Object 'Object Repository/Section/AddSectionButton' is visible

2021-01-14 09:03:43 - [MESSAGE][PASSED] - Object 'Object Repository/Section/AddSectionButton' is clickable

2021-01-14 09:03:43 - [MESSAGE][PASSED] - Object: 'Object Repository/Section/AddSectionButton' is clicked on

2021-01-14 09:03:44 - [MESSAGE][PASSED] - Object 'Object Repository/Section/addSectionPopupFields/Title' is present

2021-01-14 09:03:44 - [MESSAGE][PASSED] - Object 'Object Repository/Section/addSectionPopupFields/subTitle' is present

2021-01-14 09:03:44 - [MESSAGE][PASSED] - Object 'Object Repository/Section/addSectionPopupFields/Tenant' is present

2021-01-14 09:03:45 - [MESSAGE][PASSED] - Object 'Object Repository/Section/addSectionPopupFields/cancel' is present

2021-01-14 09:03:45 - [MESSAGE][PASSED] - Object 'Object Repository/Section/addSectionPopupFields/addSection' is present

2021-01-14 09:03:45 - [MESSAGE][PASSED] - Object 'Object Repository/Section/addSection/cancelButton' is present

2021-01-14 09:03:46 - [MESSAGE][PASSED] - Object 'Object Repository/Section/addSection/cancelButton' is visible

2021-01-14 09:03:46 - [MESSAGE][PASSED] - Object 'Object Repository/Section/addSection/cancelButton' is clickable

2021-01-14 09:03:46 - [MESSAGE][PASSED] - Object: 'Object Repository/Section/addSection/cancelButton' is clicked on

2021-01-14 09:03:46 - [MESSAGE][PASSED] - pages.Section.verifyElementsInAddSectionPopUp is PASSED]]></system-out>
         <system-err><![CDATA[]]></system-err>
      </testcase>
      <testcase name="Test Cases/Admin/Section/verifyFunctionalityOfCancelButtonInAddSectionPopup" time="8.085" classname="Test Cases/Admin/Section/verifyFunctionalityOfCancelButtonInAddSectionPopup" status="PASSED">
         <system-out><![CDATA[2021-01-14 09:03:46 - [TEST_CASE][PASSED] - Test Cases/Admin/Section/verifyFunctionalityOfCancelButtonInAddSectionPopup: Test Cases/Admin/Section/verifyFunctionalityOfCancelButtonInAddSectionPopup

2021-01-14 09:03:46 - [TEST_STEP][PASSED] - Start listener action : login: null

2021-01-14 09:03:46 - [TEST_STEP][PASSED] - Thread.sleep(3000): null

2021-01-14 09:03:49 - [TEST_STEP][PASSED] - url = getUrl(): Current window's url is: 'https://dev-admin.modist.co/dashboard'

2021-01-14 09:03:49 - [MESSAGE][PASSED] - Current window's url is: 'https://dev-admin.modist.co/dashboard'

2021-01-14 09:03:49 - [TEST_STEP][PASSED] - if (!(url.contains("dashboard"))): null

2021-01-14 09:03:50 - [TEST_STEP][PASSED] - pages.Section.clickOnSectionTab(): pages.Section.clickOnSectionTab is PASSED

2021-01-14 09:03:50 - [MESSAGE][PASSED] - Object 'Object Repository/Section/SectionTab' is present

2021-01-14 09:03:50 - [MESSAGE][PASSED] - Object 'Object Repository/Section/SectionTab' is visible

2021-01-14 09:03:50 - [MESSAGE][PASSED] - Object 'Object Repository/Section/SectionTab' is clickable

2021-01-14 09:03:51 - [MESSAGE][PASSED] - Object: 'Object Repository/Section/SectionTab' is clicked on

2021-01-14 09:03:51 - [MESSAGE][PASSED] - pages.Section.clickOnSectionTab is PASSED

2021-01-14 09:03:51 - [TEST_STEP][PASSED] - pages.Section.clickOnAddSectionButton(): pages.Section.clickOnAddSectionButton is PASSED

2021-01-14 09:03:51 - [MESSAGE][PASSED] - Object 'Object Repository/Section/AddSectionButton' is present

2021-01-14 09:03:51 - [MESSAGE][PASSED] - Object 'Object Repository/Section/AddSectionButton' is visible

2021-01-14 09:03:52 - [MESSAGE][PASSED] - Object 'Object Repository/Section/AddSectionButton' is clickable

2021-01-14 09:03:52 - [MESSAGE][PASSED] - Object: 'Object Repository/Section/AddSectionButton' is clicked on

2021-01-14 09:03:52 - [MESSAGE][PASSED] - pages.Section.clickOnAddSectionButton is PASSED

2021-01-14 09:03:52 - [TEST_STEP][PASSED] - pages.Section.cancelButtonInAddSectionPopup(): pages.Section.cancelButtonInAddSectionPopup is PASSED

2021-01-14 09:03:53 - [MESSAGE][PASSED] - Object 'Object Repository/Section/addSection/cancelButton' is present

2021-01-14 09:03:53 - [MESSAGE][PASSED] - Object 'Object Repository/Section/addSection/cancelButton' is visible

2021-01-14 09:03:54 - [MESSAGE][PASSED] - Object 'Object Repository/Section/addSection/cancelButton' is clickable

2021-01-14 09:03:54 - [MESSAGE][PASSED] - Object: 'Object Repository/Section/addSection/cancelButton' is clicked on

2021-01-14 09:03:54 - [MESSAGE][PASSED] - Object 'Object Repository/Section/filterByName' is present

2021-01-14 09:03:54 - [MESSAGE][PASSED] - pages.Section.cancelButtonInAddSectionPopup is PASSED]]></system-out>
         <system-err><![CDATA[]]></system-err>
      </testcase>
      <testcase name="Test Cases/JourneyPortal/verifyCartIfNoItemsAvailable" time="27.836" classname="Test Cases/JourneyPortal/verifyCartIfNoItemsAvailable" status="PASSED">
         <system-out><![CDATA[2021-01-14 09:03:54 - [TEST_CASE][PASSED] - Test Cases/JourneyPortal/verifyCartIfNoItemsAvailable: Test Cases/JourneyPortal/verifyCartIfNoItemsAvailable

2021-01-14 09:03:54 - [TEST_STEP][PASSED] - Start listener action : login: null

2021-01-14 09:03:54 - [TEST_STEP][PASSED] - Thread.sleep(3000): null

2021-01-14 09:03:57 - [TEST_STEP][PASSED] - url = getUrl(): Current window's url is: 'https://dev-admin.modist.co/dashboard'

2021-01-14 09:03:57 - [MESSAGE][PASSED] - Current window's url is: 'https://dev-admin.modist.co/dashboard'

2021-01-14 09:03:57 - [TEST_STEP][PASSED] - if (!(url.contains("dashboard"))): null

2021-01-14 09:03:58 - [TEST_STEP][PASSED] - pages.Journey.clickOnJourneyTab(): pages.Journey.clickOnJourneyTab is PASSED

2021-01-14 09:03:58 - [MESSAGE][PASSED] - Object 'Object Repository/Journey/Journeytab' is present

2021-01-14 09:03:58 - [MESSAGE][PASSED] - Object 'Object Repository/Journey/Journeytab' is visible

2021-01-14 09:03:59 - [MESSAGE][PASSED] - Object 'Object Repository/Journey/Journeytab' is clickable

2021-01-14 09:03:59 - [MESSAGE][PASSED] - Object: 'Object Repository/Journey/Journeytab' is clicked on

2021-01-14 09:03:59 - [MESSAGE][PASSED] - pages.Journey.clickOnJourneyTab is PASSED

2021-01-14 09:03:59 - [TEST_STEP][PASSED] - journeyName = pages.Journey.getRandomJourneyName(): pages.Journey.getRandomJourneyName is PASSED

2021-01-14 09:03:59 - [MESSAGE][PASSED] - Object 'Object Repository/Journey/toGetJourneysCount' is present

2021-01-14 09:04:00 - [MESSAGE][PASSED] - Object 'Object Repository/Journey/toGetJourneysCount' is present

2021-01-14 09:04:01 - [MESSAGE][PASSED] - Text of object 'Object Repository/Journey/toPickrandomJourney(index)' is: 'journey 1'

2021-01-14 09:04:01 - [MESSAGE][PASSED] - pages.Journey.getRandomJourneyName is PASSED

2021-01-14 09:04:01 - [TEST_STEP][PASSED] - accessCode = pages.Journey.getExistingJourneyAccesscode(journeyName): pages.Journey.getExistingJourneyAccesscode is PASSED

2021-01-14 09:04:01 - [MESSAGE][PASSED] - Object 'Object Repository/Journey/journrySearchInput' is present

2021-01-14 09:04:01 - [MESSAGE][PASSED] - Object 'Object Repository/Journey/journrySearchInput' is visible

2021-01-14 09:04:02 - [MESSAGE][PASSED] - Object 'Object Repository/Journey/journrySearchInput' is clickable

2021-01-14 09:04:02 - [MESSAGE][PASSED] - Text of object 'Object Repository/Journey/journrySearchInput' is cleared

2021-01-14 09:04:02 - [MESSAGE][PASSED] - Keys '' sent to object: 'Object Repository/Journey/journrySearchInput'

2021-01-14 09:04:03 - [MESSAGE][PASSED] - Keys 'j' sent to object: 'Object Repository/Journey/journrySearchInput'

2021-01-14 09:04:03 - [MESSAGE][PASSED] - Keys 'o' sent to object: 'Object Repository/Journey/journrySearchInput'

2021-01-14 09:04:05 - [MESSAGE][PASSED] - Keys 'u' sent to object: 'Object Repository/Journey/journrySearchInput'

2021-01-14 09:04:05 - [MESSAGE][PASSED] - Keys 'r' sent to object: 'Object Repository/Journey/journrySearchInput'

2021-01-14 09:04:06 - [MESSAGE][PASSED] - Keys 'n' sent to object: 'Object Repository/Journey/journrySearchInput'

2021-01-14 09:04:06 - [MESSAGE][PASSED] - Keys 'e' sent to object: 'Object Repository/Journey/journrySearchInput'

2021-01-14 09:04:06 - [MESSAGE][PASSED] - Keys 'y' sent to object: 'Object Repository/Journey/journrySearchInput'

2021-01-14 09:04:07 - [MESSAGE][PASSED] - Keys ' ' sent to object: 'Object Repository/Journey/journrySearchInput'

2021-01-14 09:04:07 - [MESSAGE][PASSED] - Keys '1' sent to object: 'Object Repository/Journey/journrySearchInput'

2021-01-14 09:04:09 - [MESSAGE][PASSED] - Object 'Object Repository/Journey/clickVerifyingJourney(journeyName)' is present

2021-01-14 09:04:09 - [MESSAGE][PASSED] - Object 'Object Repository/Journey/clickVerifyingJourney(journeyName)' is visible

2021-01-14 09:04:09 - [MESSAGE][PASSED] - Object 'Object Repository/Journey/clickVerifyingJourney(journeyName)' is clickable

2021-01-14 09:04:09 - [MESSAGE][PASSED] - Object: 'Object Repository/Journey/clickVerifyingJourney(journeyName)' is clicked on

2021-01-14 09:04:10 - [MESSAGE][PASSED] - Scroll to object 'Object Repository/Journey/Current Access Codes/currentAccessCodeField' successfully

2021-01-14 09:04:12 - [MESSAGE][PASSED] - Object 'Object Repository/Journey/Current Access Codes/getAccessCodesCount' is present

2021-01-14 09:04:12 - [MESSAGE][PASSED] - Text of object 'Object Repository/Journey/Current Access Codes/getAccessCodeText(index)' is: 'access19'

2021-01-14 09:04:12 - [MESSAGE][PASSED] - pages.Journey.getExistingJourneyAccesscode is PASSED

2021-01-14 09:04:12 - [TEST_STEP][PASSED] - login.LoginForJourneyApplication.loginToJourneyApplication(): login.LoginForJourneyApplication.loginToJourneyApplication is PASSED

2021-01-14 09:04:16 - [MESSAGE][PASSED] - Navigate to 'https://qualitlabs.dev.modist.co/' successfully

2021-01-14 09:04:16 - [MESSAGE][PASSED] - login.LoginForJourneyApplication.loginToJourneyApplication is PASSED

2021-01-14 09:04:16 - [TEST_STEP][PASSED] - pages.Journey.enterAccessCodeInJourney(accessCode): pages.Journey.enterAccessCodeInJourney is PASSED

2021-01-14 09:04:16 - [MESSAGE][PASSED] - Object 'Object Repository/Journey/JourneyPortal/enterAccessCode' is present

2021-01-14 09:04:17 - [MESSAGE][PASSED] - Object 'Object Repository/Journey/JourneyPortal/enterAccessCode' is visible

2021-01-14 09:04:17 - [MESSAGE][PASSED] - Object 'Object Repository/Journey/JourneyPortal/enterAccessCode' is clickable

2021-01-14 09:04:18 - [MESSAGE][PASSED] - Text of object 'Object Repository/Journey/JourneyPortal/enterAccessCode' is cleared

2021-01-14 09:04:18 - [MESSAGE][PASSED] - Keys 'access19' sent to object: 'Object Repository/Journey/JourneyPortal/enterAccessCode'

2021-01-14 09:04:18 - [MESSAGE][PASSED] - pages.Journey.enterAccessCodeInJourney is PASSED

2021-01-14 09:04:18 - [TEST_STEP][PASSED] - pages.Journey.clickEnterButton(): pages.Journey.clickEnterButton is PASSED

2021-01-14 09:04:19 - [MESSAGE][PASSED] - Object 'Object Repository/Journey/JourneyPortal/EnterButton' is present

2021-01-14 09:04:19 - [MESSAGE][PASSED] - Object 'Object Repository/Journey/JourneyPortal/EnterButton' is visible

2021-01-14 09:04:19 - [MESSAGE][PASSED] - Object 'Object Repository/Journey/JourneyPortal/EnterButton' is clickable

2021-01-14 09:04:19 - [MESSAGE][PASSED] - Object: 'Object Repository/Journey/JourneyPortal/EnterButton' is clicked on

2021-01-14 09:04:19 - [MESSAGE][PASSED] - pages.Journey.clickEnterButton is PASSED

2021-01-14 09:04:19 - [TEST_STEP][PASSED] - pages.JourneyPortal.clickOnCart(): pages.JourneyPortal.clickOnCart is PASSED

2021-01-14 09:04:21 - [MESSAGE][PASSED] - Object 'Object Repository/Journey/JourneyPortal/Product/Cart' is present

2021-01-14 09:04:21 - [MESSAGE][PASSED] - Object 'Object Repository/Journey/JourneyPortal/Product/Cart' is visible

2021-01-14 09:04:21 - [MESSAGE][PASSED] - Object 'Object Repository/Journey/JourneyPortal/Product/Cart' is clickable

2021-01-14 09:04:22 - [MESSAGE][PASSED] - Object: 'Object Repository/Journey/JourneyPortal/Product/Cart' is clicked on

2021-01-14 09:04:22 - [MESSAGE][PASSED] - pages.JourneyPortal.clickOnCart is PASSED

2021-01-14 09:04:22 - [TEST_STEP][PASSED] - pages.JourneyPortal.verifyElementOnCartIfNoItems(): pages.JourneyPortal.verifyElementOnCartIfNoItems is PASSED

2021-01-14 09:04:22 - [MESSAGE][PASSED] - Object 'Object Repository/Journey/JourneyPortal/Product/verifyNoItemsInTheCart' is present

2021-01-14 09:04:22 - [MESSAGE][PASSED] - pages.JourneyPortal.verifyElementOnCartIfNoItems is PASSED]]></system-out>
         <system-err><![CDATA[]]></system-err>
      </testcase>
      <testcase name="Test Cases/JourneyPortal/addProductTOCartAndVerifyWhetherIsItShownInUi" time="48.993" classname="Test Cases/JourneyPortal/addProductTOCartAndVerifyWhetherIsItShownInUi" status="PASSED">
         <system-out><![CDATA[2021-01-14 09:04:22 - [TEST_CASE][PASSED] - Test Cases/JourneyPortal/addProductTOCartAndVerifyWhetherIsItShownInUi: Test Cases/JourneyPortal/addProductTOCartAndVerifyWhetherIsItShownInUi

2021-01-14 09:04:22 - [TEST_STEP][PASSED] - Start listener action : login: com.kms.katalon.core.webui.exception.WebElementNotFoundException: Web element with id: 'Object Repository/Login Credentials/Email' located by '//input[@name='email']' not found (Root cause: com.kms.katalon.core.exception.StepFailedException: com.kms.katalon.core.webui.exception.WebElementNotFoundException: Web element with id: 'Object Repository/Login Credentials/Email' located by '//input[@name='email']' not found
	at com.kms.katalon.core.webui.keyword.internal.WebUIKeywordMain.stepFailed(WebUIKeywordMain.groovy:64)
	at com.kms.katalon.core.webui.keyword.builtin.VerifyElementPresentKeyword$_verifyElementPresent_closure1.doCall(VerifyElementPresentKeyword.groovy:85)
	at com.kms.katalon.core.webui.keyword.builtin.VerifyElementPresentKeyword$_verifyElementPresent_closure1.call(VerifyElementPresentKeyword.groovy)
	at com.kms.katalon.core.webui.keyword.internal.WebUIKeywordMain.runKeyword(WebUIKeywordMain.groovy:20)
	at com.kms.katalon.core.webui.keyword.builtin.VerifyElementPresentKeyword.verifyElementPresent(VerifyElementPresentKeyword.groovy:92)
	at com.kms.katalon.core.webui.keyword.builtin.VerifyElementPresentKeyword.execute(VerifyElementPresentKeyword.groovy:68)
	at com.kms.katalon.core.keyword.internal.KeywordExecutor.executeKeywordForPlatform(KeywordExecutor.groovy:73)
	at com.kms.katalon.core.webui.keyword.WebUiBuiltInKeywords.verifyElementPresent(WebUiBuiltInKeywords.groovy:1445)
	at com.kms.katalon.core.webui.keyword.WebUiBuiltInKeywords$verifyElementPresent$2.call(Unknown Source)
	at login.LoginForAdminDevEnvironment.login(LoginForAdminDevEnvironment.groovy:17)
	at login.LoginForAdminDevEnvironment$login.call(Unknown Source)
	at Login.login(Login.groovy:37)
	at Login.invokeMethod(Login.groovy)
	at com.kms.katalon.core.context.internal.TestHooker.invokeMethod(TestHooker.java:111)
	at com.kms.katalon.core.context.internal.TestHooker.lambda$3(TestHooker.java:95)
	at com.kms.katalon.core.context.internal.TestHooker.invokeContextMethods(TestHooker.java:94)
	at com.kms.katalon.core.context.internal.TestListenerCollector.lambda$3(TestListenerCollector.java:88)
	at com.kms.katalon.core.context.internal.TestListenerCollector.handleListenerEvent(TestListenerCollector.java:85)
	at com.kms.katalon.core.context.internal.ExecutionEventManager.publicEvent(ExecutionEventManager.java:36)
	at com.kms.katalon.core.main.TestCaseExecutor.execute(TestCaseExecutor.java:221)
	at com.kms.katalon.core.main.TestSuiteExecutor.accessTestCaseMainPhase(TestSuiteExecutor.java:191)
	at com.kms.katalon.core.main.TestSuiteExecutor.accessTestSuiteMainPhase(TestSuiteExecutor.java:141)
	at com.kms.katalon.core.main.TestSuiteExecutor.execute(TestSuiteExecutor.java:90)
	at com.kms.katalon.core.main.TestCaseMain.startTestSuite(TestCaseMain.java:157)
	at com.kms.katalon.core.main.TestCaseMain$startTestSuite$0.call(Unknown Source)
	at TempTestSuite1610631842892.run(TempTestSuite1610631842892.groovy:39)
)

2021-01-14 09:04:22 - [TEST_STEP][PASSED] - Thread.sleep(3000): null

2021-01-14 09:04:25 - [TEST_STEP][PASSED] - url = getUrl(): Current window's url is: 'https://qualitlabs.dev.modist.co/section/485'

2021-01-14 09:04:25 - [MESSAGE][PASSED] - Current window's url is: 'https://qualitlabs.dev.modist.co/section/485'

2021-01-14 09:04:25 - [TEST_STEP][PASSED] - if (!(url.contains("dashboard"))): com.kms.katalon.core.webui.exception.WebElementNotFoundException: Web element with id: 'Object Repository/Login Credentials/Email' located by '//input[@name='email']' not found (Root cause: com.kms.katalon.core.exception.StepFailedException: com.kms.katalon.core.webui.exception.WebElementNotFoundException: Web element with id: 'Object Repository/Login Credentials/Email' located by '//input[@name='email']' not found
	at com.kms.katalon.core.webui.keyword.internal.WebUIKeywordMain.stepFailed(WebUIKeywordMain.groovy:64)
	at com.kms.katalon.core.webui.keyword.builtin.VerifyElementPresentKeyword$_verifyElementPresent_closure1.doCall(VerifyElementPresentKeyword.groovy:85)
	at com.kms.katalon.core.webui.keyword.builtin.VerifyElementPresentKeyword$_verifyElementPresent_closure1.call(VerifyElementPresentKeyword.groovy)
	at com.kms.katalon.core.webui.keyword.internal.WebUIKeywordMain.runKeyword(WebUIKeywordMain.groovy:20)
	at com.kms.katalon.core.webui.keyword.builtin.VerifyElementPresentKeyword.verifyElementPresent(VerifyElementPresentKeyword.groovy:92)
	at com.kms.katalon.core.webui.keyword.builtin.VerifyElementPresentKeyword.execute(VerifyElementPresentKeyword.groovy:68)
	at com.kms.katalon.core.keyword.internal.KeywordExecutor.executeKeywordForPlatform(KeywordExecutor.groovy:73)
	at com.kms.katalon.core.webui.keyword.WebUiBuiltInKeywords.verifyElementPresent(WebUiBuiltInKeywords.groovy:1445)
	at com.kms.katalon.core.webui.keyword.WebUiBuiltInKeywords$verifyElementPresent$2.call(Unknown Source)
	at login.LoginForAdminDevEnvironment.login(LoginForAdminDevEnvironment.groovy:17)
	at login.LoginForAdminDevEnvironment$login.call(Unknown Source)
	at Login.login(Login.groovy:37)
	at Login.invokeMethod(Login.groovy)
	at com.kms.katalon.core.context.internal.TestHooker.invokeMethod(TestHooker.java:111)
	at com.kms.katalon.core.context.internal.TestHooker.lambda$3(TestHooker.java:95)
	at com.kms.katalon.core.context.internal.TestHooker.invokeContextMethods(TestHooker.java:94)
	at com.kms.katalon.core.context.internal.TestListenerCollector.lambda$3(TestListenerCollector.java:88)
	at com.kms.katalon.core.context.internal.TestListenerCollector.handleListenerEvent(TestListenerCollector.java:85)
	at com.kms.katalon.core.context.internal.ExecutionEventManager.publicEvent(ExecutionEventManager.java:36)
	at com.kms.katalon.core.main.TestCaseExecutor.execute(TestCaseExecutor.java:221)
	at com.kms.katalon.core.main.TestSuiteExecutor.accessTestCaseMainPhase(TestSuiteExecutor.java:191)
	at com.kms.katalon.core.main.TestSuiteExecutor.accessTestSuiteMainPhase(TestSuiteExecutor.java:141)
	at com.kms.katalon.core.main.TestSuiteExecutor.execute(TestSuiteExecutor.java:90)
	at com.kms.katalon.core.main.TestCaseMain.startTestSuite(TestCaseMain.java:157)
	at com.kms.katalon.core.main.TestCaseMain$startTestSuite$0.call(Unknown Source)
	at TempTestSuite1610631842892.run(TempTestSuite1610631842892.groovy:39)
)

2021-01-14 09:04:25 - [TEST_STEP][PASSED] - navigateToUrl(Url): Navigate to 'https://dev-admin.modist.co/' successfully

2021-01-14 09:04:26 - [MESSAGE][PASSED] - Navigate to 'https://dev-admin.modist.co/' successfully

2021-01-14 09:04:26 - [TEST_STEP][PASSED] - loginPage.login(Email, Password): com.kms.katalon.core.webui.exception.WebElementNotFoundException: Web element with id: 'Object Repository/Login Credentials/Email' located by '//input[@name='email']' not found (Root cause: com.kms.katalon.core.exception.StepFailedException: com.kms.katalon.core.webui.exception.WebElementNotFoundException: Web element with id: 'Object Repository/Login Credentials/Email' located by '//input[@name='email']' not found
	at com.kms.katalon.core.webui.keyword.internal.WebUIKeywordMain.stepFailed(WebUIKeywordMain.groovy:64)
	at com.kms.katalon.core.webui.keyword.builtin.VerifyElementPresentKeyword$_verifyElementPresent_closure1.doCall(VerifyElementPresentKeyword.groovy:85)
	at com.kms.katalon.core.webui.keyword.builtin.VerifyElementPresentKeyword$_verifyElementPresent_closure1.call(VerifyElementPresentKeyword.groovy)
	at com.kms.katalon.core.webui.keyword.internal.WebUIKeywordMain.runKeyword(WebUIKeywordMain.groovy:20)
	at com.kms.katalon.core.webui.keyword.builtin.VerifyElementPresentKeyword.verifyElementPresent(VerifyElementPresentKeyword.groovy:92)
	at com.kms.katalon.core.webui.keyword.builtin.VerifyElementPresentKeyword.execute(VerifyElementPresentKeyword.groovy:68)
	at com.kms.katalon.core.keyword.internal.KeywordExecutor.executeKeywordForPlatform(KeywordExecutor.groovy:73)
	at com.kms.katalon.core.webui.keyword.WebUiBuiltInKeywords.verifyElementPresent(WebUiBuiltInKeywords.groovy:1445)
	at com.kms.katalon.core.webui.keyword.WebUiBuiltInKeywords$verifyElementPresent$2.call(Unknown Source)
	at login.LoginForAdminDevEnvironment.login(LoginForAdminDevEnvironment.groovy:17)
	at login.LoginForAdminDevEnvironment$login.call(Unknown Source)
	at Login.login(Login.groovy:37)
	at Login.invokeMethod(Login.groovy)
	at com.kms.katalon.core.context.internal.TestHooker.invokeMethod(TestHooker.java:111)
	at com.kms.katalon.core.context.internal.TestHooker.lambda$3(TestHooker.java:95)
	at com.kms.katalon.core.context.internal.TestHooker.invokeContextMethods(TestHooker.java:94)
	at com.kms.katalon.core.context.internal.TestListenerCollector.lambda$3(TestListenerCollector.java:88)
	at com.kms.katalon.core.context.internal.TestListenerCollector.handleListenerEvent(TestListenerCollector.java:85)
	at com.kms.katalon.core.context.internal.ExecutionEventManager.publicEvent(ExecutionEventManager.java:36)
	at com.kms.katalon.core.main.TestCaseExecutor.execute(TestCaseExecutor.java:221)
	at com.kms.katalon.core.main.TestSuiteExecutor.accessTestCaseMainPhase(TestSuiteExecutor.java:191)
	at com.kms.katalon.core.main.TestSuiteExecutor.accessTestSuiteMainPhase(TestSuiteExecutor.java:141)
	at com.kms.katalon.core.main.TestSuiteExecutor.execute(TestSuiteExecutor.java:90)
	at com.kms.katalon.core.main.TestCaseMain.startTestSuite(TestCaseMain.java:157)
	at com.kms.katalon.core.main.TestCaseMain$startTestSuite$0.call(Unknown Source)
	at TempTestSuite1610631842892.run(TempTestSuite1610631842892.groovy:39)
)

2021-01-14 09:04:31 - [MESSAGE][INFO] - Unable to find the element located by 'By.xpath: //input[@name='email']'. Please recheck the objects properties to make sure the desired element is located. 

2021-01-14 09:04:31 - [MESSAGE][WARNING] - com.kms.katalon.core.webui.exception.WebElementNotFoundException: Web element with id: 'Object Repository/Login Credentials/Email' located by '//input[@name='email']' not found (Root cause: com.kms.katalon.core.exception.StepFailedException: com.kms.katalon.core.webui.exception.WebElementNotFoundException: Web element with id: 'Object Repository/Login Credentials/Email' located by '//input[@name='email']' not found
	at com.kms.katalon.core.webui.keyword.internal.WebUIKeywordMain.stepFailed(WebUIKeywordMain.groovy:64)
	at com.kms.katalon.core.webui.keyword.builtin.VerifyElementPresentKeyword$_verifyElementPresent_closure1.doCall(VerifyElementPresentKeyword.groovy:85)
	at com.kms.katalon.core.webui.keyword.builtin.VerifyElementPresentKeyword$_verifyElementPresent_closure1.call(VerifyElementPresentKeyword.groovy)
	at com.kms.katalon.core.webui.keyword.internal.WebUIKeywordMain.runKeyword(WebUIKeywordMain.groovy:20)
	at com.kms.katalon.core.webui.keyword.builtin.VerifyElementPresentKeyword.verifyElementPresent(VerifyElementPresentKeyword.groovy:92)
	at com.kms.katalon.core.webui.keyword.builtin.VerifyElementPresentKeyword.execute(VerifyElementPresentKeyword.groovy:68)
	at com.kms.katalon.core.keyword.internal.KeywordExecutor.executeKeywordForPlatform(KeywordExecutor.groovy:73)
	at com.kms.katalon.core.webui.keyword.WebUiBuiltInKeywords.verifyElementPresent(WebUiBuiltInKeywords.groovy:1445)
	at com.kms.katalon.core.webui.keyword.WebUiBuiltInKeywords$verifyElementPresent$2.call(Unknown Source)
	at login.LoginForAdminDevEnvironment.login(LoginForAdminDevEnvironment.groovy:17)
	at login.LoginForAdminDevEnvironment$login.call(Unknown Source)
	at Login.login(Login.groovy:37)
	at Login.invokeMethod(Login.groovy)
	at com.kms.katalon.core.context.internal.TestHooker.invokeMethod(TestHooker.java:111)
	at com.kms.katalon.core.context.internal.TestHooker.lambda$3(TestHooker.java:95)
	at com.kms.katalon.core.context.internal.TestHooker.invokeContextMethods(TestHooker.java:94)
	at com.kms.katalon.core.context.internal.TestListenerCollector.lambda$3(TestListenerCollector.java:88)
	at com.kms.katalon.core.context.internal.TestListenerCollector.handleListenerEvent(TestListenerCollector.java:85)
	at com.kms.katalon.core.context.internal.ExecutionEventManager.publicEvent(ExecutionEventManager.java:36)
	at com.kms.katalon.core.main.TestCaseExecutor.execute(TestCaseExecutor.java:221)
	at com.kms.katalon.core.main.TestSuiteExecutor.accessTestCaseMainPhase(TestSuiteExecutor.java:191)
	at com.kms.katalon.core.main.TestSuiteExecutor.accessTestSuiteMainPhase(TestSuiteExecutor.java:141)
	at com.kms.katalon.core.main.TestSuiteExecutor.execute(TestSuiteExecutor.java:90)
	at com.kms.katalon.core.main.TestCaseMain.startTestSuite(TestCaseMain.java:157)
	at com.kms.katalon.core.main.TestCaseMain$startTestSuite$0.call(Unknown Source)
	at TempTestSuite1610631842892.run(TempTestSuite1610631842892.groovy:39)
)
[[ATTACHMENT|E:\\Modist\\ModistProject\\Reports\\20210114_084402\\AllTestCases\\20210114_084402\\1610633071308.png]]

2021-01-14 09:04:31 - [TEST_STEP][PASSED] - pages.Journey.clickOnJourneyTab(): pages.Journey.clickOnJourneyTab is PASSED

2021-01-14 09:04:32 - [MESSAGE][PASSED] - Object 'Object Repository/Journey/Journeytab' is present

2021-01-14 09:04:32 - [MESSAGE][PASSED] - Object 'Object Repository/Journey/Journeytab' is visible

2021-01-14 09:04:32 - [MESSAGE][PASSED] - Object 'Object Repository/Journey/Journeytab' is clickable

2021-01-14 09:04:33 - [MESSAGE][PASSED] - Object: 'Object Repository/Journey/Journeytab' is clicked on

2021-01-14 09:04:33 - [MESSAGE][PASSED] - pages.Journey.clickOnJourneyTab is PASSED

2021-01-14 09:04:33 - [TEST_STEP][PASSED] - journeyName = pages.Journey.getRandomJourneyName(): pages.Journey.getRandomJourneyName is PASSED

2021-01-14 09:04:33 - [MESSAGE][PASSED] - Object 'Object Repository/Journey/toGetJourneysCount' is present

2021-01-14 09:04:33 - [MESSAGE][PASSED] - Object 'Object Repository/Journey/toGetJourneysCount' is present

2021-01-14 09:04:34 - [MESSAGE][PASSED] - Text of object 'Object Repository/Journey/toPickrandomJourney(index)' is: 'jai journey 1'

2021-01-14 09:04:34 - [MESSAGE][PASSED] - pages.Journey.getRandomJourneyName is PASSED

2021-01-14 09:04:34 - [TEST_STEP][PASSED] - accessCode = pages.Journey.getExistingJourneyAccesscode(journeyName): pages.Journey.getExistingJourneyAccesscode is PASSED

2021-01-14 09:04:34 - [MESSAGE][PASSED] - Object 'Object Repository/Journey/journrySearchInput' is present

2021-01-14 09:04:35 - [MESSAGE][PASSED] - Object 'Object Repository/Journey/journrySearchInput' is visible

2021-01-14 09:04:35 - [MESSAGE][PASSED] - Object 'Object Repository/Journey/journrySearchInput' is clickable

2021-01-14 09:04:35 - [MESSAGE][PASSED] - Text of object 'Object Repository/Journey/journrySearchInput' is cleared

2021-01-14 09:04:36 - [MESSAGE][PASSED] - Keys '' sent to object: 'Object Repository/Journey/journrySearchInput'

2021-01-14 09:04:36 - [MESSAGE][PASSED] - Keys 'j' sent to object: 'Object Repository/Journey/journrySearchInput'

2021-01-14 09:04:36 - [MESSAGE][PASSED] - Keys 'a' sent to object: 'Object Repository/Journey/journrySearchInput'

2021-01-14 09:04:37 - [MESSAGE][PASSED] - Keys 'i' sent to object: 'Object Repository/Journey/journrySearchInput'

2021-01-14 09:04:37 - [MESSAGE][PASSED] - Keys ' ' sent to object: 'Object Repository/Journey/journrySearchInput'

2021-01-14 09:04:38 - [MESSAGE][PASSED] - Keys 'j' sent to object: 'Object Repository/Journey/journrySearchInput'

2021-01-14 09:04:39 - [MESSAGE][PASSED] - Keys 'o' sent to object: 'Object Repository/Journey/journrySearchInput'

2021-01-14 09:04:39 - [MESSAGE][PASSED] - Keys 'u' sent to object: 'Object Repository/Journey/journrySearchInput'

2021-01-14 09:04:39 - [MESSAGE][PASSED] - Keys 'r' sent to object: 'Object Repository/Journey/journrySearchInput'

2021-01-14 09:04:40 - [MESSAGE][PASSED] - Keys 'n' sent to object: 'Object Repository/Journey/journrySearchInput'

2021-01-14 09:04:40 - [MESSAGE][PASSED] - Keys 'e' sent to object: 'Object Repository/Journey/journrySearchInput'

2021-01-14 09:04:40 - [MESSAGE][PASSED] - Keys 'y' sent to object: 'Object Repository/Journey/journrySearchInput'

2021-01-14 09:04:41 - [MESSAGE][PASSED] - Keys ' ' sent to object: 'Object Repository/Journey/journrySearchInput'

2021-01-14 09:04:41 - [MESSAGE][PASSED] - Keys '1' sent to object: 'Object Repository/Journey/journrySearchInput'

2021-01-14 09:04:42 - [MESSAGE][PASSED] - Object 'Object Repository/Journey/clickVerifyingJourney(journeyName)' is present

2021-01-14 09:04:42 - [MESSAGE][PASSED] - Object 'Object Repository/Journey/clickVerifyingJourney(journeyName)' is visible

2021-01-14 09:04:42 - [MESSAGE][PASSED] - Object 'Object Repository/Journey/clickVerifyingJourney(journeyName)' is clickable

2021-01-14 09:04:43 - [MESSAGE][PASSED] - Object: 'Object Repository/Journey/clickVerifyingJourney(journeyName)' is clicked on

2021-01-14 09:04:43 - [MESSAGE][PASSED] - Scroll to object 'Object Repository/Journey/Current Access Codes/currentAccessCodeField' successfully

2021-01-14 09:04:44 - [MESSAGE][PASSED] - Object 'Object Repository/Journey/Current Access Codes/getAccessCodesCount' is present

2021-01-14 09:04:45 - [MESSAGE][PASSED] - Text of object 'Object Repository/Journey/Current Access Codes/getAccessCodeText(index)' is: 'access18'

2021-01-14 09:04:45 - [MESSAGE][PASSED] - pages.Journey.getExistingJourneyAccesscode is PASSED

2021-01-14 09:04:45 - [TEST_STEP][PASSED] - login.LoginForJourneyApplication.loginToJourneyApplication(): login.LoginForJourneyApplication.loginToJourneyApplication is PASSED

2021-01-14 09:04:45 - [MESSAGE][PASSED] - Navigate to 'https://qualitlabs.dev.modist.co/' successfully

2021-01-14 09:04:45 - [MESSAGE][PASSED] - login.LoginForJourneyApplication.loginToJourneyApplication is PASSED

2021-01-14 09:04:45 - [TEST_STEP][PASSED] - pages.Journey.enterAccessCodeInJourney(accessCode): pages.Journey.enterAccessCodeInJourney is PASSED

2021-01-14 09:04:46 - [MESSAGE][PASSED] - Object 'Object Repository/Journey/JourneyPortal/enterAccessCode' is present

2021-01-14 09:04:46 - [MESSAGE][PASSED] - Object 'Object Repository/Journey/JourneyPortal/enterAccessCode' is visible

2021-01-14 09:04:46 - [MESSAGE][PASSED] - Object 'Object Repository/Journey/JourneyPortal/enterAccessCode' is clickable

2021-01-14 09:04:47 - [MESSAGE][PASSED] - Text of object 'Object Repository/Journey/JourneyPortal/enterAccessCode' is cleared

2021-01-14 09:04:47 - [MESSAGE][PASSED] - Keys 'access18' sent to object: 'Object Repository/Journey/JourneyPortal/enterAccessCode'

2021-01-14 09:04:47 - [MESSAGE][PASSED] - pages.Journey.enterAccessCodeInJourney is PASSED

2021-01-14 09:04:47 - [TEST_STEP][PASSED] - pages.Journey.clickEnterButton(): pages.Journey.clickEnterButton is PASSED

2021-01-14 09:04:48 - [MESSAGE][PASSED] - Object 'Object Repository/Journey/JourneyPortal/EnterButton' is present

2021-01-14 09:04:48 - [MESSAGE][PASSED] - Object 'Object Repository/Journey/JourneyPortal/EnterButton' is visible

2021-01-14 09:04:48 - [MESSAGE][PASSED] - Object 'Object Repository/Journey/JourneyPortal/EnterButton' is clickable

2021-01-14 09:04:49 - [MESSAGE][PASSED] - Object: 'Object Repository/Journey/JourneyPortal/EnterButton' is clicked on

2021-01-14 09:04:49 - [MESSAGE][PASSED] - pages.Journey.clickEnterButton is PASSED

2021-01-14 09:04:49 - [TEST_STEP][PASSED] - pages.JourneyPortal.openExistingSection(): pages.JourneyPortal.openExistingSection is PASSED

2021-01-14 09:04:52 - [MESSAGE][PASSED] - Object 'Object Repository/Journey/JourneyPortal/Section/getSectionsCount' is present

2021-01-14 09:04:53 - [MESSAGE][PASSED] - Object 'Object Repository/Journey/JourneyPortal/Section/openSection(index)' is present

2021-01-14 09:04:53 - [MESSAGE][PASSED] - Object 'Object Repository/Journey/JourneyPortal/Section/openSection(index)' is visible

2021-01-14 09:04:53 - [MESSAGE][PASSED] - Object 'Object Repository/Journey/JourneyPortal/Section/openSection(index)' is clickable

2021-01-14 09:04:54 - [MESSAGE][PASSED] - Object: 'Object Repository/Journey/JourneyPortal/Section/openSection(index)' is clicked on

2021-01-14 09:04:54 - [MESSAGE][PASSED] - pages.JourneyPortal.openExistingSection is PASSED

2021-01-14 09:04:54 - [TEST_STEP][PASSED] - pages.JourneyPortal.openAnyProductInTheJourneyPortal(): pages.JourneyPortal.openAnyProductInTheJourneyPortal is PASSED

2021-01-14 09:04:54 - [MESSAGE][PASSED] - Object 'Object Repository/Journey/JourneyPortal/Product/toGetProductsCountInTheCart' is present

2021-01-14 09:04:55 - [MESSAGE][PASSED] - Scroll to object 'Object Repository/Journey/JourneyPortal/Product/openAnyProduct(index)' successfully

2021-01-14 09:04:56 - [MESSAGE][PASSED] - Object 'Object Repository/Journey/JourneyPortal/Product/openAnyProduct(index)' is present

2021-01-14 09:04:56 - [MESSAGE][PASSED] - Object 'Object Repository/Journey/JourneyPortal/Product/openAnyProduct(index)' is visible

2021-01-14 09:04:56 - [MESSAGE][PASSED] - Object 'Object Repository/Journey/JourneyPortal/Product/openAnyProduct(index)' is clickable

2021-01-14 09:04:57 - [MESSAGE][PASSED] - Object: 'Object Repository/Journey/JourneyPortal/Product/openAnyProduct(index)' is clicked on

2021-01-14 09:04:57 - [MESSAGE][PASSED] - pages.JourneyPortal.openAnyProductInTheJourneyPortal is PASSED

2021-01-14 09:04:57 - [TEST_STEP][PASSED] - orderCount = pages.JourneyPortal.clickAddToCartButton(): pages.JourneyPortal.clickAddToCartButton is PASSED

2021-01-14 09:04:57 - [MESSAGE][PASSED] - Object 'Object Repository/Journey/JourneyPortal/Product/AddToCart' is present

2021-01-14 09:04:58 - [MESSAGE][PASSED] - Object 'Object Repository/Journey/JourneyPortal/Product/AddToCart' is visible

2021-01-14 09:04:58 - [MESSAGE][PASSED] - Object 'Object Repository/Journey/JourneyPortal/Product/AddToCart' is clickable

2021-01-14 09:04:58 - [MESSAGE][PASSED] - Object: 'Object Repository/Journey/JourneyPortal/Product/AddToCart' is clicked on

2021-01-14 09:04:59 - [MESSAGE][PASSED] - Object 'Object Repository/Journey/JourneyPortal/Product/AddToCart' is present

2021-01-14 09:04:59 - [MESSAGE][PASSED] - Object 'Object Repository/Journey/JourneyPortal/Product/AddToCart' is visible

2021-01-14 09:04:59 - [MESSAGE][PASSED] - Object 'Object Repository/Journey/JourneyPortal/Product/AddToCart' is clickable

2021-01-14 09:05:00 - [MESSAGE][PASSED] - Object: 'Object Repository/Journey/JourneyPortal/Product/AddToCart' is clicked on

2021-01-14 09:05:00 - [MESSAGE][PASSED] - Object 'Object Repository/Journey/JourneyPortal/Product/AddToCart' is present

2021-01-14 09:05:00 - [MESSAGE][PASSED] - Object 'Object Repository/Journey/JourneyPortal/Product/AddToCart' is visible

2021-01-14 09:05:01 - [MESSAGE][PASSED] - Object 'Object Repository/Journey/JourneyPortal/Product/AddToCart' is clickable

2021-01-14 09:05:01 - [MESSAGE][PASSED] - Object: 'Object Repository/Journey/JourneyPortal/Product/AddToCart' is clicked on

2021-01-14 09:05:01 - [MESSAGE][PASSED] - Object 'Object Repository/Journey/JourneyPortal/Product/AddToCart' is present

2021-01-14 09:05:01 - [MESSAGE][PASSED] - Object 'Object Repository/Journey/JourneyPortal/Product/AddToCart' is visible

2021-01-14 09:05:02 - [MESSAGE][PASSED] - Object 'Object Repository/Journey/JourneyPortal/Product/AddToCart' is clickable

2021-01-14 09:05:02 - [MESSAGE][PASSED] - Object: 'Object Repository/Journey/JourneyPortal/Product/AddToCart' is clicked on

2021-01-14 09:05:02 - [MESSAGE][PASSED] - Object 'Object Repository/Journey/JourneyPortal/Product/AddToCart' is present

2021-01-14 09:05:03 - [MESSAGE][PASSED] - Object 'Object Repository/Journey/JourneyPortal/Product/AddToCart' is visible

2021-01-14 09:05:03 - [MESSAGE][PASSED] - Object 'Object Repository/Journey/JourneyPortal/Product/AddToCart' is clickable

2021-01-14 09:05:03 - [MESSAGE][PASSED] - Object: 'Object Repository/Journey/JourneyPortal/Product/AddToCart' is clicked on

2021-01-14 09:05:04 - [MESSAGE][PASSED] - Object 'Object Repository/Journey/JourneyPortal/Product/AddToCart' is present

2021-01-14 09:05:04 - [MESSAGE][PASSED] - Object 'Object Repository/Journey/JourneyPortal/Product/AddToCart' is visible

2021-01-14 09:05:04 - [MESSAGE][PASSED] - Object 'Object Repository/Journey/JourneyPortal/Product/AddToCart' is clickable

2021-01-14 09:05:05 - [MESSAGE][PASSED] - Object: 'Object Repository/Journey/JourneyPortal/Product/AddToCart' is clicked on

2021-01-14 09:05:05 - [MESSAGE][PASSED] - Object 'Object Repository/Journey/JourneyPortal/Product/AddToCart' is present

2021-01-14 09:05:05 - [MESSAGE][PASSED] - Object 'Object Repository/Journey/JourneyPortal/Product/AddToCart' is visible

2021-01-14 09:05:05 - [MESSAGE][PASSED] - Object 'Object Repository/Journey/JourneyPortal/Product/AddToCart' is clickable

2021-01-14 09:05:06 - [MESSAGE][PASSED] - Object: 'Object Repository/Journey/JourneyPortal/Product/AddToCart' is clicked on

2021-01-14 09:05:06 - [MESSAGE][PASSED] - Object 'Object Repository/Journey/JourneyPortal/Product/AddToCart' is present

2021-01-14 09:05:06 - [MESSAGE][PASSED] - Object 'Object Repository/Journey/JourneyPortal/Product/AddToCart' is visible

2021-01-14 09:05:07 - [MESSAGE][PASSED] - Object 'Object Repository/Journey/JourneyPortal/Product/AddToCart' is clickable

2021-01-14 09:05:07 - [MESSAGE][PASSED] - Object: 'Object Repository/Journey/JourneyPortal/Product/AddToCart' is clicked on

2021-01-14 09:05:07 - [MESSAGE][PASSED] - Object 'Object Repository/Journey/JourneyPortal/Product/AddToCart' is present

2021-01-14 09:05:08 - [MESSAGE][PASSED] - Object 'Object Repository/Journey/JourneyPortal/Product/AddToCart' is visible

2021-01-14 09:05:08 - [MESSAGE][PASSED] - Object 'Object Repository/Journey/JourneyPortal/Product/AddToCart' is clickable

2021-01-14 09:05:08 - [MESSAGE][PASSED] - Object: 'Object Repository/Journey/JourneyPortal/Product/AddToCart' is clicked on

2021-01-14 09:05:09 - [MESSAGE][PASSED] - Object 'Object Repository/Journey/JourneyPortal/Product/AddToCart' is present

2021-01-14 09:05:09 - [MESSAGE][PASSED] - Object 'Object Repository/Journey/JourneyPortal/Product/AddToCart' is visible

2021-01-14 09:05:09 - [MESSAGE][PASSED] - Object 'Object Repository/Journey/JourneyPortal/Product/AddToCart' is clickable

2021-01-14 09:05:09 - [MESSAGE][PASSED] - Object: 'Object Repository/Journey/JourneyPortal/Product/AddToCart' is clicked on

2021-01-14 09:05:10 - [MESSAGE][PASSED] - Object 'Object Repository/Journey/JourneyPortal/Product/closeButton' is present

2021-01-14 09:05:10 - [MESSAGE][PASSED] - Object 'Object Repository/Journey/JourneyPortal/Product/closeButton' is visible

2021-01-14 09:05:10 - [MESSAGE][PASSED] - Object 'Object Repository/Journey/JourneyPortal/Product/closeButton' is clickable

2021-01-14 09:05:11 - [MESSAGE][PASSED] - Object: 'Object Repository/Journey/JourneyPortal/Product/closeButton' is clicked on

2021-01-14 09:05:11 - [MESSAGE][PASSED] - pages.JourneyPortal.clickAddToCartButton is PASSED

2021-01-14 09:05:11 - [TEST_STEP][PASSED] - productCount = pages.JourneyPortal.getProductsCount(): pages.JourneyPortal.getProductsCount is PASSED

2021-01-14 09:05:11 - [MESSAGE][PASSED] - Attribute 'data-count' of object 'Object Repository/Journey/JourneyPortal/Product/toGetProductsCountInTheCart' is: '10'

2021-01-14 09:05:11 - [MESSAGE][PASSED] - pages.JourneyPortal.getProductsCount is PASSED

2021-01-14 09:05:11 - [TEST_STEP][PASSED] - pages.JourneyPortal.verifyWhetherOrderedAndAvailableProductsCountAreSame(orderCount, productCount): you have selected 10 products 

2021-01-14 09:05:11 - [MESSAGE][PASSED] - you have selected 10 products]]></system-out>
         <system-err><![CDATA[]]></system-err>
      </testcase>
      <testcase name="Test Cases/JourneyPortal/AddProductToCartMulitpleTimesAndVerifyTheProductsCountAfterRefresh" time="46.783" classname="Test Cases/JourneyPortal/AddProductToCartMulitpleTimesAndVerifyTheProductsCountAfterRefresh" status="FAILED">
         <failure type="FAILED" message="Test Cases/JourneyPortal/AddProductToCartMulitpleTimesAndVerifyTheProductsCountAfterRefresh FAILED.
Reason:
com.kms.katalon.core.exception.StepFailedException: you have selected 9 products , but you have only 2
	at com.kms.katalon.core.util.KeywordUtil.markFailed(KeywordUtil.java:19)
	at com.kms.katalon.core.util.KeywordUtil$markFailed$1.call(Unknown Source)
	at pages.JourneyPortal.verifyWhetherOrderedAndAvailableProductsCountAreSame(JourneyPortal.groovy:117)
	at pages.JourneyPortal.invokeMethod(JourneyPortal.groovy)
	at com.kms.katalon.core.main.CustomKeywordDelegatingMetaClass.invokeStaticMethod(CustomKeywordDelegatingMetaClass.java:50)
	at AddProductToCartMulitpleTimesAndVerifyTheProductsCountAfterRefresh.run(AddProductToCartMulitpleTimesAndVerifyTheProductsCountAfterRefresh:40)
	at com.kms.katalon.core.main.ScriptEngine.run(ScriptEngine.java:194)
	at com.kms.katalon.core.main.ScriptEngine.runScriptAsRawText(ScriptEngine.java:119)
	at com.kms.katalon.core.main.TestCaseExecutor.runScript(TestCaseExecutor.java:339)
	at com.kms.katalon.core.main.TestCaseExecutor.doExecute(TestCaseExecutor.java:330)
	at com.kms.katalon.core.main.TestCaseExecutor.processExecutionPhase(TestCaseExecutor.java:309)
	at com.kms.katalon.core.main.TestCaseExecutor.accessMainPhase(TestCaseExecutor.java:301)
	at com.kms.katalon.core.main.TestCaseExecutor.execute(TestCaseExecutor.java:235)
	at com.kms.katalon.core.main.TestSuiteExecutor.accessTestCaseMainPhase(TestSuiteExecutor.java:191)
	at com.kms.katalon.core.main.TestSuiteExecutor.accessTestSuiteMainPhase(TestSuiteExecutor.java:141)
	at com.kms.katalon.core.main.TestSuiteExecutor.execute(TestSuiteExecutor.java:90)
	at com.kms.katalon.core.main.TestCaseMain.startTestSuite(TestCaseMain.java:157)
	at com.kms.katalon.core.main.TestCaseMain$startTestSuite$0.call(Unknown Source)
	at TempTestSuite1610631842892.run(TempTestSuite1610631842892.groovy:39)
"/>
         <system-out><![CDATA[2021-01-14 09:05:11 - [TEST_CASE][FAILED] - Test Cases/JourneyPortal/AddProductToCartMulitpleTimesAndVerifyTheProductsCountAfterRefresh: Test Cases/JourneyPortal/AddProductToCartMulitpleTimesAndVerifyTheProductsCountAfterRefresh FAILED.
Reason:
com.kms.katalon.core.exception.StepFailedException: you have selected 9 products , but you have only 2
	at com.kms.katalon.core.util.KeywordUtil.markFailed(KeywordUtil.java:19)
	at com.kms.katalon.core.util.KeywordUtil$markFailed$1.call(Unknown Source)
	at pages.JourneyPortal.verifyWhetherOrderedAndAvailableProductsCountAreSame(JourneyPortal.groovy:117)
	at pages.JourneyPortal.invokeMethod(JourneyPortal.groovy)
	at com.kms.katalon.core.main.CustomKeywordDelegatingMetaClass.invokeStaticMethod(CustomKeywordDelegatingMetaClass.java:50)
	at AddProductToCartMulitpleTimesAndVerifyTheProductsCountAfterRefresh.run(AddProductToCartMulitpleTimesAndVerifyTheProductsCountAfterRefresh:40)
	at com.kms.katalon.core.main.ScriptEngine.run(ScriptEngine.java:194)
	at com.kms.katalon.core.main.ScriptEngine.runScriptAsRawText(ScriptEngine.java:119)
	at com.kms.katalon.core.main.TestCaseExecutor.runScript(TestCaseExecutor.java:339)
	at com.kms.katalon.core.main.TestCaseExecutor.doExecute(TestCaseExecutor.java:330)
	at com.kms.katalon.core.main.TestCaseExecutor.processExecutionPhase(TestCaseExecutor.java:309)
	at com.kms.katalon.core.main.TestCaseExecutor.accessMainPhase(TestCaseExecutor.java:301)
	at com.kms.katalon.core.main.TestCaseExecutor.execute(TestCaseExecutor.java:235)
	at com.kms.katalon.core.main.TestSuiteExecutor.accessTestCaseMainPhase(TestSuiteExecutor.java:191)
	at com.kms.katalon.core.main.TestSuiteExecutor.accessTestSuiteMainPhase(TestSuiteExecutor.java:141)
	at com.kms.katalon.core.main.TestSuiteExecutor.execute(TestSuiteExecutor.java:90)
	at com.kms.katalon.core.main.TestCaseMain.startTestSuite(TestCaseMain.java:157)
	at com.kms.katalon.core.main.TestCaseMain$startTestSuite$0.call(Unknown Source)
	at TempTestSuite1610631842892.run(TempTestSuite1610631842892.groovy:39)


2021-01-14 09:05:11 - [TEST_STEP][PASSED] - Start listener action : login: com.kms.katalon.core.webui.exception.WebElementNotFoundException: Web element with id: 'Object Repository/Login Credentials/Email' located by '//input[@name='email']' not found (Root cause: com.kms.katalon.core.exception.StepFailedException: com.kms.katalon.core.webui.exception.WebElementNotFoundException: Web element with id: 'Object Repository/Login Credentials/Email' located by '//input[@name='email']' not found
	at com.kms.katalon.core.webui.keyword.internal.WebUIKeywordMain.stepFailed(WebUIKeywordMain.groovy:64)
	at com.kms.katalon.core.webui.keyword.builtin.VerifyElementPresentKeyword$_verifyElementPresent_closure1.doCall(VerifyElementPresentKeyword.groovy:85)
	at com.kms.katalon.core.webui.keyword.builtin.VerifyElementPresentKeyword$_verifyElementPresent_closure1.call(VerifyElementPresentKeyword.groovy)
	at com.kms.katalon.core.webui.keyword.internal.WebUIKeywordMain.runKeyword(WebUIKeywordMain.groovy:20)
	at com.kms.katalon.core.webui.keyword.builtin.VerifyElementPresentKeyword.verifyElementPresent(VerifyElementPresentKeyword.groovy:92)
	at com.kms.katalon.core.webui.keyword.builtin.VerifyElementPresentKeyword.execute(VerifyElementPresentKeyword.groovy:68)
	at com.kms.katalon.core.keyword.internal.KeywordExecutor.executeKeywordForPlatform(KeywordExecutor.groovy:73)
	at com.kms.katalon.core.webui.keyword.WebUiBuiltInKeywords.verifyElementPresent(WebUiBuiltInKeywords.groovy:1445)
	at com.kms.katalon.core.webui.keyword.WebUiBuiltInKeywords$verifyElementPresent$2.call(Unknown Source)
	at login.LoginForAdminDevEnvironment.login(LoginForAdminDevEnvironment.groovy:17)
	at login.LoginForAdminDevEnvironment$login.call(Unknown Source)
	at Login.login(Login.groovy:37)
	at Login.invokeMethod(Login.groovy)
	at com.kms.katalon.core.context.internal.TestHooker.invokeMethod(TestHooker.java:111)
	at com.kms.katalon.core.context.internal.TestHooker.lambda$3(TestHooker.java:95)
	at com.kms.katalon.core.context.internal.TestHooker.invokeContextMethods(TestHooker.java:94)
	at com.kms.katalon.core.context.internal.TestListenerCollector.lambda$3(TestListenerCollector.java:88)
	at com.kms.katalon.core.context.internal.TestListenerCollector.handleListenerEvent(TestListenerCollector.java:85)
	at com.kms.katalon.core.context.internal.ExecutionEventManager.publicEvent(ExecutionEventManager.java:36)
	at com.kms.katalon.core.main.TestCaseExecutor.execute(TestCaseExecutor.java:221)
	at com.kms.katalon.core.main.TestSuiteExecutor.accessTestCaseMainPhase(TestSuiteExecutor.java:191)
	at com.kms.katalon.core.main.TestSuiteExecutor.accessTestSuiteMainPhase(TestSuiteExecutor.java:141)
	at com.kms.katalon.core.main.TestSuiteExecutor.execute(TestSuiteExecutor.java:90)
	at com.kms.katalon.core.main.TestCaseMain.startTestSuite(TestCaseMain.java:157)
	at com.kms.katalon.core.main.TestCaseMain$startTestSuite$0.call(Unknown Source)
	at TempTestSuite1610631842892.run(TempTestSuite1610631842892.groovy:39)
)

2021-01-14 09:05:11 - [TEST_STEP][PASSED] - Thread.sleep(3000): null

2021-01-14 09:05:14 - [TEST_STEP][PASSED] - url = getUrl(): Current window's url is: 'https://qualitlabs.dev.modist.co/products/860'

2021-01-14 09:05:14 - [MESSAGE][PASSED] - Current window's url is: 'https://qualitlabs.dev.modist.co/products/860'

2021-01-14 09:05:14 - [TEST_STEP][PASSED] - if (!(url.contains("dashboard"))): com.kms.katalon.core.webui.exception.WebElementNotFoundException: Web element with id: 'Object Repository/Login Credentials/Email' located by '//input[@name='email']' not found (Root cause: com.kms.katalon.core.exception.StepFailedException: com.kms.katalon.core.webui.exception.WebElementNotFoundException: Web element with id: 'Object Repository/Login Credentials/Email' located by '//input[@name='email']' not found
	at com.kms.katalon.core.webui.keyword.internal.WebUIKeywordMain.stepFailed(WebUIKeywordMain.groovy:64)
	at com.kms.katalon.core.webui.keyword.builtin.VerifyElementPresentKeyword$_verifyElementPresent_closure1.doCall(VerifyElementPresentKeyword.groovy:85)
	at com.kms.katalon.core.webui.keyword.builtin.VerifyElementPresentKeyword$_verifyElementPresent_closure1.call(VerifyElementPresentKeyword.groovy)
	at com.kms.katalon.core.webui.keyword.internal.WebUIKeywordMain.runKeyword(WebUIKeywordMain.groovy:20)
	at com.kms.katalon.core.webui.keyword.builtin.VerifyElementPresentKeyword.verifyElementPresent(VerifyElementPresentKeyword.groovy:92)
	at com.kms.katalon.core.webui.keyword.builtin.VerifyElementPresentKeyword.execute(VerifyElementPresentKeyword.groovy:68)
	at com.kms.katalon.core.keyword.internal.KeywordExecutor.executeKeywordForPlatform(KeywordExecutor.groovy:73)
	at com.kms.katalon.core.webui.keyword.WebUiBuiltInKeywords.verifyElementPresent(WebUiBuiltInKeywords.groovy:1445)
	at com.kms.katalon.core.webui.keyword.WebUiBuiltInKeywords$verifyElementPresent$2.call(Unknown Source)
	at login.LoginForAdminDevEnvironment.login(LoginForAdminDevEnvironment.groovy:17)
	at login.LoginForAdminDevEnvironment$login.call(Unknown Source)
	at Login.login(Login.groovy:37)
	at Login.invokeMethod(Login.groovy)
	at com.kms.katalon.core.context.internal.TestHooker.invokeMethod(TestHooker.java:111)
	at com.kms.katalon.core.context.internal.TestHooker.lambda$3(TestHooker.java:95)
	at com.kms.katalon.core.context.internal.TestHooker.invokeContextMethods(TestHooker.java:94)
	at com.kms.katalon.core.context.internal.TestListenerCollector.lambda$3(TestListenerCollector.java:88)
	at com.kms.katalon.core.context.internal.TestListenerCollector.handleListenerEvent(TestListenerCollector.java:85)
	at com.kms.katalon.core.context.internal.ExecutionEventManager.publicEvent(ExecutionEventManager.java:36)
	at com.kms.katalon.core.main.TestCaseExecutor.execute(TestCaseExecutor.java:221)
	at com.kms.katalon.core.main.TestSuiteExecutor.accessTestCaseMainPhase(TestSuiteExecutor.java:191)
	at com.kms.katalon.core.main.TestSuiteExecutor.accessTestSuiteMainPhase(TestSuiteExecutor.java:141)
	at com.kms.katalon.core.main.TestSuiteExecutor.execute(TestSuiteExecutor.java:90)
	at com.kms.katalon.core.main.TestCaseMain.startTestSuite(TestCaseMain.java:157)
	at com.kms.katalon.core.main.TestCaseMain$startTestSuite$0.call(Unknown Source)
	at TempTestSuite1610631842892.run(TempTestSuite1610631842892.groovy:39)
)

2021-01-14 09:05:14 - [TEST_STEP][PASSED] - navigateToUrl(Url): Navigate to 'https://dev-admin.modist.co/' successfully

2021-01-14 09:05:15 - [MESSAGE][PASSED] - Navigate to 'https://dev-admin.modist.co/' successfully

2021-01-14 09:05:15 - [TEST_STEP][PASSED] - loginPage.login(Email, Password): com.kms.katalon.core.webui.exception.WebElementNotFoundException: Web element with id: 'Object Repository/Login Credentials/Email' located by '//input[@name='email']' not found (Root cause: com.kms.katalon.core.exception.StepFailedException: com.kms.katalon.core.webui.exception.WebElementNotFoundException: Web element with id: 'Object Repository/Login Credentials/Email' located by '//input[@name='email']' not found
	at com.kms.katalon.core.webui.keyword.internal.WebUIKeywordMain.stepFailed(WebUIKeywordMain.groovy:64)
	at com.kms.katalon.core.webui.keyword.builtin.VerifyElementPresentKeyword$_verifyElementPresent_closure1.doCall(VerifyElementPresentKeyword.groovy:85)
	at com.kms.katalon.core.webui.keyword.builtin.VerifyElementPresentKeyword$_verifyElementPresent_closure1.call(VerifyElementPresentKeyword.groovy)
	at com.kms.katalon.core.webui.keyword.internal.WebUIKeywordMain.runKeyword(WebUIKeywordMain.groovy:20)
	at com.kms.katalon.core.webui.keyword.builtin.VerifyElementPresentKeyword.verifyElementPresent(VerifyElementPresentKeyword.groovy:92)
	at com.kms.katalon.core.webui.keyword.builtin.VerifyElementPresentKeyword.execute(VerifyElementPresentKeyword.groovy:68)
	at com.kms.katalon.core.keyword.internal.KeywordExecutor.executeKeywordForPlatform(KeywordExecutor.groovy:73)
	at com.kms.katalon.core.webui.keyword.WebUiBuiltInKeywords.verifyElementPresent(WebUiBuiltInKeywords.groovy:1445)
	at com.kms.katalon.core.webui.keyword.WebUiBuiltInKeywords$verifyElementPresent$2.call(Unknown Source)
	at login.LoginForAdminDevEnvironment.login(LoginForAdminDevEnvironment.groovy:17)
	at login.LoginForAdminDevEnvironment$login.call(Unknown Source)
	at Login.login(Login.groovy:37)
	at Login.invokeMethod(Login.groovy)
	at com.kms.katalon.core.context.internal.TestHooker.invokeMethod(TestHooker.java:111)
	at com.kms.katalon.core.context.internal.TestHooker.lambda$3(TestHooker.java:95)
	at com.kms.katalon.core.context.internal.TestHooker.invokeContextMethods(TestHooker.java:94)
	at com.kms.katalon.core.context.internal.TestListenerCollector.lambda$3(TestListenerCollector.java:88)
	at com.kms.katalon.core.context.internal.TestListenerCollector.handleListenerEvent(TestListenerCollector.java:85)
	at com.kms.katalon.core.context.internal.ExecutionEventManager.publicEvent(ExecutionEventManager.java:36)
	at com.kms.katalon.core.main.TestCaseExecutor.execute(TestCaseExecutor.java:221)
	at com.kms.katalon.core.main.TestSuiteExecutor.accessTestCaseMainPhase(TestSuiteExecutor.java:191)
	at com.kms.katalon.core.main.TestSuiteExecutor.accessTestSuiteMainPhase(TestSuiteExecutor.java:141)
	at com.kms.katalon.core.main.TestSuiteExecutor.execute(TestSuiteExecutor.java:90)
	at com.kms.katalon.core.main.TestCaseMain.startTestSuite(TestCaseMain.java:157)
	at com.kms.katalon.core.main.TestCaseMain$startTestSuite$0.call(Unknown Source)
	at TempTestSuite1610631842892.run(TempTestSuite1610631842892.groovy:39)
)

2021-01-14 09:05:20 - [MESSAGE][INFO] - Unable to find the element located by 'By.xpath: //input[@name='email']'. Please recheck the objects properties to make sure the desired element is located. 

2021-01-14 09:05:20 - [MESSAGE][WARNING] - com.kms.katalon.core.webui.exception.WebElementNotFoundException: Web element with id: 'Object Repository/Login Credentials/Email' located by '//input[@name='email']' not found (Root cause: com.kms.katalon.core.exception.StepFailedException: com.kms.katalon.core.webui.exception.WebElementNotFoundException: Web element with id: 'Object Repository/Login Credentials/Email' located by '//input[@name='email']' not found
	at com.kms.katalon.core.webui.keyword.internal.WebUIKeywordMain.stepFailed(WebUIKeywordMain.groovy:64)
	at com.kms.katalon.core.webui.keyword.builtin.VerifyElementPresentKeyword$_verifyElementPresent_closure1.doCall(VerifyElementPresentKeyword.groovy:85)
	at com.kms.katalon.core.webui.keyword.builtin.VerifyElementPresentKeyword$_verifyElementPresent_closure1.call(VerifyElementPresentKeyword.groovy)
	at com.kms.katalon.core.webui.keyword.internal.WebUIKeywordMain.runKeyword(WebUIKeywordMain.groovy:20)
	at com.kms.katalon.core.webui.keyword.builtin.VerifyElementPresentKeyword.verifyElementPresent(VerifyElementPresentKeyword.groovy:92)
	at com.kms.katalon.core.webui.keyword.builtin.VerifyElementPresentKeyword.execute(VerifyElementPresentKeyword.groovy:68)
	at com.kms.katalon.core.keyword.internal.KeywordExecutor.executeKeywordForPlatform(KeywordExecutor.groovy:73)
	at com.kms.katalon.core.webui.keyword.WebUiBuiltInKeywords.verifyElementPresent(WebUiBuiltInKeywords.groovy:1445)
	at com.kms.katalon.core.webui.keyword.WebUiBuiltInKeywords$verifyElementPresent$2.call(Unknown Source)
	at login.LoginForAdminDevEnvironment.login(LoginForAdminDevEnvironment.groovy:17)
	at login.LoginForAdminDevEnvironment$login.call(Unknown Source)
	at Login.login(Login.groovy:37)
	at Login.invokeMethod(Login.groovy)
	at com.kms.katalon.core.context.internal.TestHooker.invokeMethod(TestHooker.java:111)
	at com.kms.katalon.core.context.internal.TestHooker.lambda$3(TestHooker.java:95)
	at com.kms.katalon.core.context.internal.TestHooker.invokeContextMethods(TestHooker.java:94)
	at com.kms.katalon.core.context.internal.TestListenerCollector.lambda$3(TestListenerCollector.java:88)
	at com.kms.katalon.core.context.internal.TestListenerCollector.handleListenerEvent(TestListenerCollector.java:85)
	at com.kms.katalon.core.context.internal.ExecutionEventManager.publicEvent(ExecutionEventManager.java:36)
	at com.kms.katalon.core.main.TestCaseExecutor.execute(TestCaseExecutor.java:221)
	at com.kms.katalon.core.main.TestSuiteExecutor.accessTestCaseMainPhase(TestSuiteExecutor.java:191)
	at com.kms.katalon.core.main.TestSuiteExecutor.accessTestSuiteMainPhase(TestSuiteExecutor.java:141)
	at com.kms.katalon.core.main.TestSuiteExecutor.execute(TestSuiteExecutor.java:90)
	at com.kms.katalon.core.main.TestCaseMain.startTestSuite(TestCaseMain.java:157)
	at com.kms.katalon.core.main.TestCaseMain$startTestSuite$0.call(Unknown Source)
	at TempTestSuite1610631842892.run(TempTestSuite1610631842892.groovy:39)
)
[[ATTACHMENT|E:\\Modist\\ModistProject\\Reports\\20210114_084402\\AllTestCases\\20210114_084402\\1610633120439.png]]

2021-01-14 09:05:21 - [TEST_STEP][PASSED] - pages.Journey.clickOnJourneyTab(): pages.Journey.clickOnJourneyTab is PASSED

2021-01-14 09:05:21 - [MESSAGE][PASSED] - Object 'Object Repository/Journey/Journeytab' is present

2021-01-14 09:05:21 - [MESSAGE][PASSED] - Object 'Object Repository/Journey/Journeytab' is visible

2021-01-14 09:05:21 - [MESSAGE][PASSED] - Object 'Object Repository/Journey/Journeytab' is clickable

2021-01-14 09:05:22 - [MESSAGE][PASSED] - Object: 'Object Repository/Journey/Journeytab' is clicked on

2021-01-14 09:05:22 - [MESSAGE][PASSED] - pages.Journey.clickOnJourneyTab is PASSED

2021-01-14 09:05:22 - [TEST_STEP][PASSED] - journeyName = pages.Journey.getRandomJourneyName(): pages.Journey.getRandomJourneyName is PASSED

2021-01-14 09:05:22 - [MESSAGE][PASSED] - Object 'Object Repository/Journey/toGetJourneysCount' is present

2021-01-14 09:05:22 - [MESSAGE][PASSED] - Object 'Object Repository/Journey/toGetJourneysCount' is present

2021-01-14 09:05:23 - [MESSAGE][PASSED] - Text of object 'Object Repository/Journey/toPickrandomJourney(index)' is: 'JO7'

2021-01-14 09:05:23 - [MESSAGE][PASSED] - pages.Journey.getRandomJourneyName is PASSED

2021-01-14 09:05:23 - [TEST_STEP][PASSED] - accessCode = pages.Journey.getExistingJourneyAccesscode(journeyName): pages.Journey.getExistingJourneyAccesscode is PASSED

2021-01-14 09:05:23 - [MESSAGE][PASSED] - Object 'Object Repository/Journey/journrySearchInput' is present

2021-01-14 09:05:24 - [MESSAGE][PASSED] - Object 'Object Repository/Journey/journrySearchInput' is visible

2021-01-14 09:05:24 - [MESSAGE][PASSED] - Object 'Object Repository/Journey/journrySearchInput' is clickable

2021-01-14 09:05:24 - [MESSAGE][PASSED] - Text of object 'Object Repository/Journey/journrySearchInput' is cleared

2021-01-14 09:05:25 - [MESSAGE][PASSED] - Keys '' sent to object: 'Object Repository/Journey/journrySearchInput'

2021-01-14 09:05:25 - [MESSAGE][PASSED] - Keys 'J' sent to object: 'Object Repository/Journey/journrySearchInput'

2021-01-14 09:05:25 - [MESSAGE][PASSED] - Keys 'O' sent to object: 'Object Repository/Journey/journrySearchInput'

2021-01-14 09:05:26 - [MESSAGE][PASSED] - Keys '7' sent to object: 'Object Repository/Journey/journrySearchInput'

2021-01-14 09:05:27 - [MESSAGE][PASSED] - Object 'Object Repository/Journey/clickVerifyingJourney(journeyName)' is present

2021-01-14 09:05:28 - [MESSAGE][PASSED] - Object 'Object Repository/Journey/clickVerifyingJourney(journeyName)' is visible

2021-01-14 09:05:28 - [MESSAGE][PASSED] - Object 'Object Repository/Journey/clickVerifyingJourney(journeyName)' is clickable

2021-01-14 09:05:28 - [MESSAGE][PASSED] - Object: 'Object Repository/Journey/clickVerifyingJourney(journeyName)' is clicked on

2021-01-14 09:05:29 - [MESSAGE][PASSED] - Scroll to object 'Object Repository/Journey/Current Access Codes/currentAccessCodeField' successfully

2021-01-14 09:05:30 - [MESSAGE][PASSED] - Object 'Object Repository/Journey/Current Access Codes/getAccessCodesCount' is present

2021-01-14 09:05:31 - [MESSAGE][PASSED] - Text of object 'Object Repository/Journey/Current Access Codes/getAccessCodeText(index)' is: 'access14'

2021-01-14 09:05:31 - [MESSAGE][PASSED] - pages.Journey.getExistingJourneyAccesscode is PASSED

2021-01-14 09:05:31 - [TEST_STEP][PASSED] - login.LoginForJourneyApplication.loginToJourneyApplication(): login.LoginForJourneyApplication.loginToJourneyApplication is PASSED

2021-01-14 09:05:31 - [MESSAGE][PASSED] - Navigate to 'https://qualitlabs.dev.modist.co/' successfully

2021-01-14 09:05:31 - [MESSAGE][PASSED] - login.LoginForJourneyApplication.loginToJourneyApplication is PASSED

2021-01-14 09:05:31 - [TEST_STEP][PASSED] - pages.Journey.enterAccessCodeInJourney(accessCode): pages.Journey.enterAccessCodeInJourney is PASSED

2021-01-14 09:05:32 - [MESSAGE][PASSED] - Object 'Object Repository/Journey/JourneyPortal/enterAccessCode' is present

2021-01-14 09:05:32 - [MESSAGE][PASSED] - Object 'Object Repository/Journey/JourneyPortal/enterAccessCode' is visible

2021-01-14 09:05:32 - [MESSAGE][PASSED] - Object 'Object Repository/Journey/JourneyPortal/enterAccessCode' is clickable

2021-01-14 09:05:33 - [MESSAGE][PASSED] - Text of object 'Object Repository/Journey/JourneyPortal/enterAccessCode' is cleared

2021-01-14 09:05:33 - [MESSAGE][PASSED] - Keys 'access14' sent to object: 'Object Repository/Journey/JourneyPortal/enterAccessCode'

2021-01-14 09:05:33 - [MESSAGE][PASSED] - pages.Journey.enterAccessCodeInJourney is PASSED

2021-01-14 09:05:33 - [TEST_STEP][PASSED] - pages.Journey.clickEnterButton(): pages.Journey.clickEnterButton is PASSED

2021-01-14 09:05:34 - [MESSAGE][PASSED] - Object 'Object Repository/Journey/JourneyPortal/EnterButton' is present

2021-01-14 09:05:34 - [MESSAGE][PASSED] - Object 'Object Repository/Journey/JourneyPortal/EnterButton' is visible

2021-01-14 09:05:34 - [MESSAGE][PASSED] - Object 'Object Repository/Journey/JourneyPortal/EnterButton' is clickable

2021-01-14 09:05:35 - [MESSAGE][PASSED] - Object: 'Object Repository/Journey/JourneyPortal/EnterButton' is clicked on

2021-01-14 09:05:35 - [MESSAGE][PASSED] - pages.Journey.clickEnterButton is PASSED

2021-01-14 09:05:35 - [TEST_STEP][PASSED] - pages.JourneyPortal.openExistingSection(): pages.JourneyPortal.openExistingSection is PASSED

2021-01-14 09:05:38 - [MESSAGE][PASSED] - Object 'Object Repository/Journey/JourneyPortal/Section/getSectionsCount' is present

2021-01-14 09:05:39 - [MESSAGE][PASSED] - Object 'Object Repository/Journey/JourneyPortal/Section/openSection(index)' is present

2021-01-14 09:05:39 - [MESSAGE][PASSED] - Object 'Object Repository/Journey/JourneyPortal/Section/openSection(index)' is visible

2021-01-14 09:05:40 - [MESSAGE][PASSED] - Object 'Object Repository/Journey/JourneyPortal/Section/openSection(index)' is clickable

2021-01-14 09:05:40 - [MESSAGE][PASSED] - Object: 'Object Repository/Journey/JourneyPortal/Section/openSection(index)' is clicked on

2021-01-14 09:05:40 - [MESSAGE][PASSED] - pages.JourneyPortal.openExistingSection is PASSED

2021-01-14 09:05:40 - [TEST_STEP][PASSED] - pages.JourneyPortal.openAnyProductInTheJourneyPortal(): pages.JourneyPortal.openAnyProductInTheJourneyPortal is PASSED

2021-01-14 09:05:41 - [MESSAGE][PASSED] - Object 'Object Repository/Journey/JourneyPortal/Product/toGetProductsCountInTheCart' is present

2021-01-14 09:05:42 - [MESSAGE][PASSED] - Scroll to object 'Object Repository/Journey/JourneyPortal/Product/openAnyProduct(index)' successfully

2021-01-14 09:05:42 - [MESSAGE][PASSED] - Object 'Object Repository/Journey/JourneyPortal/Product/openAnyProduct(index)' is present

2021-01-14 09:05:42 - [MESSAGE][PASSED] - Object 'Object Repository/Journey/JourneyPortal/Product/openAnyProduct(index)' is visible

2021-01-14 09:05:43 - [MESSAGE][PASSED] - Object 'Object Repository/Journey/JourneyPortal/Product/openAnyProduct(index)' is clickable

2021-01-14 09:05:43 - [MESSAGE][PASSED] - Object: 'Object Repository/Journey/JourneyPortal/Product/openAnyProduct(index)' is clicked on

2021-01-14 09:05:43 - [MESSAGE][PASSED] - pages.JourneyPortal.openAnyProductInTheJourneyPortal is PASSED

2021-01-14 09:05:43 - [TEST_STEP][PASSED] - orderCount = pages.JourneyPortal.clickAddToCartButton(): pages.JourneyPortal.clickAddToCartButton is PASSED

2021-01-14 09:05:44 - [MESSAGE][PASSED] - Object 'Object Repository/Journey/JourneyPortal/Product/AddToCart' is present

2021-01-14 09:05:44 - [MESSAGE][PASSED] - Object 'Object Repository/Journey/JourneyPortal/Product/AddToCart' is visible

2021-01-14 09:05:45 - [MESSAGE][PASSED] - Object 'Object Repository/Journey/JourneyPortal/Product/AddToCart' is clickable

2021-01-14 09:05:45 - [MESSAGE][PASSED] - Object: 'Object Repository/Journey/JourneyPortal/Product/AddToCart' is clicked on

2021-01-14 09:05:45 - [MESSAGE][PASSED] - Object 'Object Repository/Journey/JourneyPortal/Product/AddToCart' is present

2021-01-14 09:05:46 - [MESSAGE][PASSED] - Object 'Object Repository/Journey/JourneyPortal/Product/AddToCart' is visible

2021-01-14 09:05:46 - [MESSAGE][PASSED] - Object 'Object Repository/Journey/JourneyPortal/Product/AddToCart' is clickable

2021-01-14 09:05:46 - [MESSAGE][PASSED] - Object: 'Object Repository/Journey/JourneyPortal/Product/AddToCart' is clicked on

2021-01-14 09:05:47 - [MESSAGE][PASSED] - Object 'Object Repository/Journey/JourneyPortal/Product/AddToCart' is present

2021-01-14 09:05:47 - [MESSAGE][PASSED] - Object 'Object Repository/Journey/JourneyPortal/Product/AddToCart' is visible

2021-01-14 09:05:47 - [MESSAGE][PASSED] - Object 'Object Repository/Journey/JourneyPortal/Product/AddToCart' is clickable

2021-01-14 09:05:47 - [MESSAGE][PASSED] - Object: 'Object Repository/Journey/JourneyPortal/Product/AddToCart' is clicked on

2021-01-14 09:05:48 - [MESSAGE][PASSED] - Object 'Object Repository/Journey/JourneyPortal/Product/AddToCart' is present

2021-01-14 09:05:48 - [MESSAGE][PASSED] - Object 'Object Repository/Journey/JourneyPortal/Product/AddToCart' is visible

2021-01-14 09:05:48 - [MESSAGE][PASSED] - Object 'Object Repository/Journey/JourneyPortal/Product/AddToCart' is clickable

2021-01-14 09:05:49 - [MESSAGE][PASSED] - Object: 'Object Repository/Journey/JourneyPortal/Product/AddToCart' is clicked on

2021-01-14 09:05:49 - [MESSAGE][PASSED] - Object 'Object Repository/Journey/JourneyPortal/Product/AddToCart' is present

2021-01-14 09:05:49 - [MESSAGE][PASSED] - Object 'Object Repository/Journey/JourneyPortal/Product/AddToCart' is visible

2021-01-14 09:05:50 - [MESSAGE][PASSED] - Object 'Object Repository/Journey/JourneyPortal/Product/AddToCart' is clickable

2021-01-14 09:05:50 - [MESSAGE][PASSED] - Object: 'Object Repository/Journey/JourneyPortal/Product/AddToCart' is clicked on

2021-01-14 09:05:50 - [MESSAGE][PASSED] - Object 'Object Repository/Journey/JourneyPortal/Product/AddToCart' is present

2021-01-14 09:05:50 - [MESSAGE][PASSED] - Object 'Object Repository/Journey/JourneyPortal/Product/AddToCart' is visible

2021-01-14 09:05:51 - [MESSAGE][PASSED] - Object 'Object Repository/Journey/JourneyPortal/Product/AddToCart' is clickable

2021-01-14 09:05:51 - [MESSAGE][PASSED] - Object: 'Object Repository/Journey/JourneyPortal/Product/AddToCart' is clicked on

2021-01-14 09:05:51 - [MESSAGE][PASSED] - Object 'Object Repository/Journey/JourneyPortal/Product/AddToCart' is present

2021-01-14 09:05:52 - [MESSAGE][PASSED] - Object 'Object Repository/Journey/JourneyPortal/Product/AddToCart' is visible

2021-01-14 09:05:52 - [MESSAGE][PASSED] - Object 'Object Repository/Journey/JourneyPortal/Product/AddToCart' is clickable

2021-01-14 09:05:52 - [MESSAGE][PASSED] - Object: 'Object Repository/Journey/JourneyPortal/Product/AddToCart' is clicked on

2021-01-14 09:05:53 - [MESSAGE][PASSED] - Object 'Object Repository/Journey/JourneyPortal/Product/AddToCart' is present

2021-01-14 09:05:53 - [MESSAGE][PASSED] - Object 'Object Repository/Journey/JourneyPortal/Product/AddToCart' is visible

2021-01-14 09:05:53 - [MESSAGE][PASSED] - Object 'Object Repository/Journey/JourneyPortal/Product/AddToCart' is clickable

2021-01-14 09:05:54 - [MESSAGE][PASSED] - Object: 'Object Repository/Journey/JourneyPortal/Product/AddToCart' is clicked on

2021-01-14 09:05:54 - [MESSAGE][PASSED] - Object 'Object Repository/Journey/JourneyPortal/Product/AddToCart' is present

2021-01-14 09:05:54 - [MESSAGE][PASSED] - Object 'Object Repository/Journey/JourneyPortal/Product/AddToCart' is visible

2021-01-14 09:05:54 - [MESSAGE][PASSED] - Object 'Object Repository/Journey/JourneyPortal/Product/AddToCart' is clickable

2021-01-14 09:05:55 - [MESSAGE][PASSED] - Object: 'Object Repository/Journey/JourneyPortal/Product/AddToCart' is clicked on

2021-01-14 09:05:55 - [MESSAGE][PASSED] - Object 'Object Repository/Journey/JourneyPortal/Product/closeButton' is present

2021-01-14 09:05:55 - [MESSAGE][PASSED] - Object 'Object Repository/Journey/JourneyPortal/Product/closeButton' is visible

2021-01-14 09:05:56 - [MESSAGE][PASSED] - Object 'Object Repository/Journey/JourneyPortal/Product/closeButton' is clickable

2021-01-14 09:05:56 - [MESSAGE][PASSED] - Object: 'Object Repository/Journey/JourneyPortal/Product/closeButton' is clicked on

2021-01-14 09:05:56 - [MESSAGE][PASSED] - pages.JourneyPortal.clickAddToCartButton is PASSED

2021-01-14 09:05:56 - [TEST_STEP][PASSED] - login.LoginForJourneyApplication.reloadThePage(): login.LoginForJourneyApplication.reloadThePage is PASSED

2021-01-14 09:05:56 - [MESSAGE][PASSED] - login.LoginForJourneyApplication.reloadThePage is PASSED

2021-01-14 09:05:56 - [TEST_STEP][PASSED] - productCount = pages.JourneyPortal.getProductsCount(): pages.JourneyPortal.getProductsCount is PASSED

2021-01-14 09:05:58 - [MESSAGE][PASSED] - Attribute 'data-count' of object 'Object Repository/Journey/JourneyPortal/Product/toGetProductsCountInTheCart' is: '2'

2021-01-14 09:05:58 - [MESSAGE][PASSED] - pages.JourneyPortal.getProductsCount is PASSED

2021-01-14 09:05:58 - [TEST_STEP][FAILED] - pages.JourneyPortal.verifyWhetherOrderedAndAvailableProductsCountAreSame(orderCount, productCount): com.kms.katalon.core.exception.StepFailedException: you have selected 9 products , but you have only 2

2021-01-14 09:05:58 - [MESSAGE][FAILED] - you have selected 9 products , but you have only 2

2021-01-14 09:05:58 - [MESSAGE][FAILED] - com.kms.katalon.core.exception.StepFailedException: you have selected 9 products , but you have only 2]]></system-out>
         <system-err><![CDATA[2021-01-14 09:05:11 - [TEST_CASE][FAILED] - Test Cases/JourneyPortal/AddProductToCartMulitpleTimesAndVerifyTheProductsCountAfterRefresh: Test Cases/JourneyPortal/AddProductToCartMulitpleTimesAndVerifyTheProductsCountAfterRefresh FAILED.
Reason:
com.kms.katalon.core.exception.StepFailedException: you have selected 9 products , but you have only 2
	at com.kms.katalon.core.util.KeywordUtil.markFailed(KeywordUtil.java:19)
	at com.kms.katalon.core.util.KeywordUtil$markFailed$1.call(Unknown Source)
	at pages.JourneyPortal.verifyWhetherOrderedAndAvailableProductsCountAreSame(JourneyPortal.groovy:117)
	at pages.JourneyPortal.invokeMethod(JourneyPortal.groovy)
	at com.kms.katalon.core.main.CustomKeywordDelegatingMetaClass.invokeStaticMethod(CustomKeywordDelegatingMetaClass.java:50)
	at AddProductToCartMulitpleTimesAndVerifyTheProductsCountAfterRefresh.run(AddProductToCartMulitpleTimesAndVerifyTheProductsCountAfterRefresh:40)
	at com.kms.katalon.core.main.ScriptEngine.run(ScriptEngine.java:194)
	at com.kms.katalon.core.main.ScriptEngine.runScriptAsRawText(ScriptEngine.java:119)
	at com.kms.katalon.core.main.TestCaseExecutor.runScript(TestCaseExecutor.java:339)
	at com.kms.katalon.core.main.TestCaseExecutor.doExecute(TestCaseExecutor.java:330)
	at com.kms.katalon.core.main.TestCaseExecutor.processExecutionPhase(TestCaseExecutor.java:309)
	at com.kms.katalon.core.main.TestCaseExecutor.accessMainPhase(TestCaseExecutor.java:301)
	at com.kms.katalon.core.main.TestCaseExecutor.execute(TestCaseExecutor.java:235)
	at com.kms.katalon.core.main.TestSuiteExecutor.accessTestCaseMainPhase(TestSuiteExecutor.java:191)
	at com.kms.katalon.core.main.TestSuiteExecutor.accessTestSuiteMainPhase(TestSuiteExecutor.java:141)
	at com.kms.katalon.core.main.TestSuiteExecutor.execute(TestSuiteExecutor.java:90)
	at com.kms.katalon.core.main.TestCaseMain.startTestSuite(TestCaseMain.java:157)
	at com.kms.katalon.core.main.TestCaseMain$startTestSuite$0.call(Unknown Source)
	at TempTestSuite1610631842892.run(TempTestSuite1610631842892.groovy:39)]]></system-err>
      </testcase>
      <testcase name="Test Cases/JourneyPortal/clickingOnTheRightAndLeftIsNavigatingCorrctly" time="30.337" classname="Test Cases/JourneyPortal/clickingOnTheRightAndLeftIsNavigatingCorrctly" status="ERROR">
         <error type="ERROR" message="Test Cases/JourneyPortal/clickingOnTheRightAndLeftIsNavigatingCorrctly FAILED.
Reason:
java.lang.IllegalArgumentException: bound must be positive
	at java_util_Random$nextInt.call(Unknown Source)
	at pages.JourneyPortal.openExistingSection(JourneyPortal.groovy:25)
	at pages.JourneyPortal.invokeMethod(JourneyPortal.groovy)
	at com.kms.katalon.core.main.CustomKeywordDelegatingMetaClass.invokeStaticMethod(CustomKeywordDelegatingMetaClass.java:50)
	at clickingOnTheRightAndLeftIsNavigatingCorrctly.run(clickingOnTheRightAndLeftIsNavigatingCorrctly:32)
	at com.kms.katalon.core.main.ScriptEngine.run(ScriptEngine.java:194)
	at com.kms.katalon.core.main.ScriptEngine.runScriptAsRawText(ScriptEngine.java:119)
	at com.kms.katalon.core.main.TestCaseExecutor.runScript(TestCaseExecutor.java:339)
	at com.kms.katalon.core.main.TestCaseExecutor.doExecute(TestCaseExecutor.java:330)
	at com.kms.katalon.core.main.TestCaseExecutor.processExecutionPhase(TestCaseExecutor.java:309)
	at com.kms.katalon.core.main.TestCaseExecutor.accessMainPhase(TestCaseExecutor.java:301)
	at com.kms.katalon.core.main.TestCaseExecutor.execute(TestCaseExecutor.java:235)
	at com.kms.katalon.core.main.TestSuiteExecutor.accessTestCaseMainPhase(TestSuiteExecutor.java:191)
	at com.kms.katalon.core.main.TestSuiteExecutor.accessTestSuiteMainPhase(TestSuiteExecutor.java:141)
	at com.kms.katalon.core.main.TestSuiteExecutor.execute(TestSuiteExecutor.java:90)
	at com.kms.katalon.core.main.TestCaseMain.startTestSuite(TestCaseMain.java:157)
	at com.kms.katalon.core.main.TestCaseMain$startTestSuite$0.call(Unknown Source)
	at TempTestSuite1610631842892.run(TempTestSuite1610631842892.groovy:39)
"/>
         <system-out><![CDATA[2021-01-14 09:05:58 - [TEST_CASE][ERROR] - Test Cases/JourneyPortal/clickingOnTheRightAndLeftIsNavigatingCorrctly: Test Cases/JourneyPortal/clickingOnTheRightAndLeftIsNavigatingCorrctly FAILED.
Reason:
java.lang.IllegalArgumentException: bound must be positive
	at java_util_Random$nextInt.call(Unknown Source)
	at pages.JourneyPortal.openExistingSection(JourneyPortal.groovy:25)
	at pages.JourneyPortal.invokeMethod(JourneyPortal.groovy)
	at com.kms.katalon.core.main.CustomKeywordDelegatingMetaClass.invokeStaticMethod(CustomKeywordDelegatingMetaClass.java:50)
	at clickingOnTheRightAndLeftIsNavigatingCorrctly.run(clickingOnTheRightAndLeftIsNavigatingCorrctly:32)
	at com.kms.katalon.core.main.ScriptEngine.run(ScriptEngine.java:194)
	at com.kms.katalon.core.main.ScriptEngine.runScriptAsRawText(ScriptEngine.java:119)
	at com.kms.katalon.core.main.TestCaseExecutor.runScript(TestCaseExecutor.java:339)
	at com.kms.katalon.core.main.TestCaseExecutor.doExecute(TestCaseExecutor.java:330)
	at com.kms.katalon.core.main.TestCaseExecutor.processExecutionPhase(TestCaseExecutor.java:309)
	at com.kms.katalon.core.main.TestCaseExecutor.accessMainPhase(TestCaseExecutor.java:301)
	at com.kms.katalon.core.main.TestCaseExecutor.execute(TestCaseExecutor.java:235)
	at com.kms.katalon.core.main.TestSuiteExecutor.accessTestCaseMainPhase(TestSuiteExecutor.java:191)
	at com.kms.katalon.core.main.TestSuiteExecutor.accessTestSuiteMainPhase(TestSuiteExecutor.java:141)
	at com.kms.katalon.core.main.TestSuiteExecutor.execute(TestSuiteExecutor.java:90)
	at com.kms.katalon.core.main.TestCaseMain.startTestSuite(TestCaseMain.java:157)
	at com.kms.katalon.core.main.TestCaseMain$startTestSuite$0.call(Unknown Source)
	at TempTestSuite1610631842892.run(TempTestSuite1610631842892.groovy:39)


2021-01-14 09:05:58 - [TEST_STEP][PASSED] - Start listener action : login: com.kms.katalon.core.webui.exception.WebElementNotFoundException: Web element with id: 'Object Repository/Login Credentials/Email' located by '//input[@name='email']' not found (Root cause: com.kms.katalon.core.exception.StepFailedException: com.kms.katalon.core.webui.exception.WebElementNotFoundException: Web element with id: 'Object Repository/Login Credentials/Email' located by '//input[@name='email']' not found
	at com.kms.katalon.core.webui.keyword.internal.WebUIKeywordMain.stepFailed(WebUIKeywordMain.groovy:64)
	at com.kms.katalon.core.webui.keyword.builtin.VerifyElementPresentKeyword$_verifyElementPresent_closure1.doCall(VerifyElementPresentKeyword.groovy:85)
	at com.kms.katalon.core.webui.keyword.builtin.VerifyElementPresentKeyword$_verifyElementPresent_closure1.call(VerifyElementPresentKeyword.groovy)
	at com.kms.katalon.core.webui.keyword.internal.WebUIKeywordMain.runKeyword(WebUIKeywordMain.groovy:20)
	at com.kms.katalon.core.webui.keyword.builtin.VerifyElementPresentKeyword.verifyElementPresent(VerifyElementPresentKeyword.groovy:92)
	at com.kms.katalon.core.webui.keyword.builtin.VerifyElementPresentKeyword.execute(VerifyElementPresentKeyword.groovy:68)
	at com.kms.katalon.core.keyword.internal.KeywordExecutor.executeKeywordForPlatform(KeywordExecutor.groovy:73)
	at com.kms.katalon.core.webui.keyword.WebUiBuiltInKeywords.verifyElementPresent(WebUiBuiltInKeywords.groovy:1445)
	at com.kms.katalon.core.webui.keyword.WebUiBuiltInKeywords$verifyElementPresent$2.call(Unknown Source)
	at login.LoginForAdminDevEnvironment.login(LoginForAdminDevEnvironment.groovy:17)
	at login.LoginForAdminDevEnvironment$login.call(Unknown Source)
	at Login.login(Login.groovy:37)
	at Login.invokeMethod(Login.groovy)
	at com.kms.katalon.core.context.internal.TestHooker.invokeMethod(TestHooker.java:111)
	at com.kms.katalon.core.context.internal.TestHooker.lambda$3(TestHooker.java:95)
	at com.kms.katalon.core.context.internal.TestHooker.invokeContextMethods(TestHooker.java:94)
	at com.kms.katalon.core.context.internal.TestListenerCollector.lambda$3(TestListenerCollector.java:88)
	at com.kms.katalon.core.context.internal.TestListenerCollector.handleListenerEvent(TestListenerCollector.java:85)
	at com.kms.katalon.core.context.internal.ExecutionEventManager.publicEvent(ExecutionEventManager.java:36)
	at com.kms.katalon.core.main.TestCaseExecutor.execute(TestCaseExecutor.java:221)
	at com.kms.katalon.core.main.TestSuiteExecutor.accessTestCaseMainPhase(TestSuiteExecutor.java:191)
	at com.kms.katalon.core.main.TestSuiteExecutor.accessTestSuiteMainPhase(TestSuiteExecutor.java:141)
	at com.kms.katalon.core.main.TestSuiteExecutor.execute(TestSuiteExecutor.java:90)
	at com.kms.katalon.core.main.TestCaseMain.startTestSuite(TestCaseMain.java:157)
	at com.kms.katalon.core.main.TestCaseMain$startTestSuite$0.call(Unknown Source)
	at TempTestSuite1610631842892.run(TempTestSuite1610631842892.groovy:39)
)

2021-01-14 09:05:58 - [TEST_STEP][PASSED] - Thread.sleep(3000): null

2021-01-14 09:06:01 - [TEST_STEP][PASSED] - url = getUrl(): Current window's url is: 'https://qualitlabs.dev.modist.co/products/502'

2021-01-14 09:06:01 - [MESSAGE][PASSED] - Current window's url is: 'https://qualitlabs.dev.modist.co/products/502'

2021-01-14 09:06:01 - [TEST_STEP][PASSED] - if (!(url.contains("dashboard"))): com.kms.katalon.core.webui.exception.WebElementNotFoundException: Web element with id: 'Object Repository/Login Credentials/Email' located by '//input[@name='email']' not found (Root cause: com.kms.katalon.core.exception.StepFailedException: com.kms.katalon.core.webui.exception.WebElementNotFoundException: Web element with id: 'Object Repository/Login Credentials/Email' located by '//input[@name='email']' not found
	at com.kms.katalon.core.webui.keyword.internal.WebUIKeywordMain.stepFailed(WebUIKeywordMain.groovy:64)
	at com.kms.katalon.core.webui.keyword.builtin.VerifyElementPresentKeyword$_verifyElementPresent_closure1.doCall(VerifyElementPresentKeyword.groovy:85)
	at com.kms.katalon.core.webui.keyword.builtin.VerifyElementPresentKeyword$_verifyElementPresent_closure1.call(VerifyElementPresentKeyword.groovy)
	at com.kms.katalon.core.webui.keyword.internal.WebUIKeywordMain.runKeyword(WebUIKeywordMain.groovy:20)
	at com.kms.katalon.core.webui.keyword.builtin.VerifyElementPresentKeyword.verifyElementPresent(VerifyElementPresentKeyword.groovy:92)
	at com.kms.katalon.core.webui.keyword.builtin.VerifyElementPresentKeyword.execute(VerifyElementPresentKeyword.groovy:68)
	at com.kms.katalon.core.keyword.internal.KeywordExecutor.executeKeywordForPlatform(KeywordExecutor.groovy:73)
	at com.kms.katalon.core.webui.keyword.WebUiBuiltInKeywords.verifyElementPresent(WebUiBuiltInKeywords.groovy:1445)
	at com.kms.katalon.core.webui.keyword.WebUiBuiltInKeywords$verifyElementPresent$2.call(Unknown Source)
	at login.LoginForAdminDevEnvironment.login(LoginForAdminDevEnvironment.groovy:17)
	at login.LoginForAdminDevEnvironment$login.call(Unknown Source)
	at Login.login(Login.groovy:37)
	at Login.invokeMethod(Login.groovy)
	at com.kms.katalon.core.context.internal.TestHooker.invokeMethod(TestHooker.java:111)
	at com.kms.katalon.core.context.internal.TestHooker.lambda$3(TestHooker.java:95)
	at com.kms.katalon.core.context.internal.TestHooker.invokeContextMethods(TestHooker.java:94)
	at com.kms.katalon.core.context.internal.TestListenerCollector.lambda$3(TestListenerCollector.java:88)
	at com.kms.katalon.core.context.internal.TestListenerCollector.handleListenerEvent(TestListenerCollector.java:85)
	at com.kms.katalon.core.context.internal.ExecutionEventManager.publicEvent(ExecutionEventManager.java:36)
	at com.kms.katalon.core.main.TestCaseExecutor.execute(TestCaseExecutor.java:221)
	at com.kms.katalon.core.main.TestSuiteExecutor.accessTestCaseMainPhase(TestSuiteExecutor.java:191)
	at com.kms.katalon.core.main.TestSuiteExecutor.accessTestSuiteMainPhase(TestSuiteExecutor.java:141)
	at com.kms.katalon.core.main.TestSuiteExecutor.execute(TestSuiteExecutor.java:90)
	at com.kms.katalon.core.main.TestCaseMain.startTestSuite(TestCaseMain.java:157)
	at com.kms.katalon.core.main.TestCaseMain$startTestSuite$0.call(Unknown Source)
	at TempTestSuite1610631842892.run(TempTestSuite1610631842892.groovy:39)
)

2021-01-14 09:06:01 - [TEST_STEP][PASSED] - navigateToUrl(Url): Navigate to 'https://dev-admin.modist.co/' successfully

2021-01-14 09:06:02 - [MESSAGE][PASSED] - Navigate to 'https://dev-admin.modist.co/' successfully

2021-01-14 09:06:02 - [TEST_STEP][PASSED] - loginPage.login(Email, Password): com.kms.katalon.core.webui.exception.WebElementNotFoundException: Web element with id: 'Object Repository/Login Credentials/Email' located by '//input[@name='email']' not found (Root cause: com.kms.katalon.core.exception.StepFailedException: com.kms.katalon.core.webui.exception.WebElementNotFoundException: Web element with id: 'Object Repository/Login Credentials/Email' located by '//input[@name='email']' not found
	at com.kms.katalon.core.webui.keyword.internal.WebUIKeywordMain.stepFailed(WebUIKeywordMain.groovy:64)
	at com.kms.katalon.core.webui.keyword.builtin.VerifyElementPresentKeyword$_verifyElementPresent_closure1.doCall(VerifyElementPresentKeyword.groovy:85)
	at com.kms.katalon.core.webui.keyword.builtin.VerifyElementPresentKeyword$_verifyElementPresent_closure1.call(VerifyElementPresentKeyword.groovy)
	at com.kms.katalon.core.webui.keyword.internal.WebUIKeywordMain.runKeyword(WebUIKeywordMain.groovy:20)
	at com.kms.katalon.core.webui.keyword.builtin.VerifyElementPresentKeyword.verifyElementPresent(VerifyElementPresentKeyword.groovy:92)
	at com.kms.katalon.core.webui.keyword.builtin.VerifyElementPresentKeyword.execute(VerifyElementPresentKeyword.groovy:68)
	at com.kms.katalon.core.keyword.internal.KeywordExecutor.executeKeywordForPlatform(KeywordExecutor.groovy:73)
	at com.kms.katalon.core.webui.keyword.WebUiBuiltInKeywords.verifyElementPresent(WebUiBuiltInKeywords.groovy:1445)
	at com.kms.katalon.core.webui.keyword.WebUiBuiltInKeywords$verifyElementPresent$2.call(Unknown Source)
	at login.LoginForAdminDevEnvironment.login(LoginForAdminDevEnvironment.groovy:17)
	at login.LoginForAdminDevEnvironment$login.call(Unknown Source)
	at Login.login(Login.groovy:37)
	at Login.invokeMethod(Login.groovy)
	at com.kms.katalon.core.context.internal.TestHooker.invokeMethod(TestHooker.java:111)
	at com.kms.katalon.core.context.internal.TestHooker.lambda$3(TestHooker.java:95)
	at com.kms.katalon.core.context.internal.TestHooker.invokeContextMethods(TestHooker.java:94)
	at com.kms.katalon.core.context.internal.TestListenerCollector.lambda$3(TestListenerCollector.java:88)
	at com.kms.katalon.core.context.internal.TestListenerCollector.handleListenerEvent(TestListenerCollector.java:85)
	at com.kms.katalon.core.context.internal.ExecutionEventManager.publicEvent(ExecutionEventManager.java:36)
	at com.kms.katalon.core.main.TestCaseExecutor.execute(TestCaseExecutor.java:221)
	at com.kms.katalon.core.main.TestSuiteExecutor.accessTestCaseMainPhase(TestSuiteExecutor.java:191)
	at com.kms.katalon.core.main.TestSuiteExecutor.accessTestSuiteMainPhase(TestSuiteExecutor.java:141)
	at com.kms.katalon.core.main.TestSuiteExecutor.execute(TestSuiteExecutor.java:90)
	at com.kms.katalon.core.main.TestCaseMain.startTestSuite(TestCaseMain.java:157)
	at com.kms.katalon.core.main.TestCaseMain$startTestSuite$0.call(Unknown Source)
	at TempTestSuite1610631842892.run(TempTestSuite1610631842892.groovy:39)
)

2021-01-14 09:06:07 - [MESSAGE][INFO] - Unable to find the element located by 'By.xpath: //input[@name='email']'. Please recheck the objects properties to make sure the desired element is located. 

2021-01-14 09:06:07 - [MESSAGE][WARNING] - com.kms.katalon.core.webui.exception.WebElementNotFoundException: Web element with id: 'Object Repository/Login Credentials/Email' located by '//input[@name='email']' not found (Root cause: com.kms.katalon.core.exception.StepFailedException: com.kms.katalon.core.webui.exception.WebElementNotFoundException: Web element with id: 'Object Repository/Login Credentials/Email' located by '//input[@name='email']' not found
	at com.kms.katalon.core.webui.keyword.internal.WebUIKeywordMain.stepFailed(WebUIKeywordMain.groovy:64)
	at com.kms.katalon.core.webui.keyword.builtin.VerifyElementPresentKeyword$_verifyElementPresent_closure1.doCall(VerifyElementPresentKeyword.groovy:85)
	at com.kms.katalon.core.webui.keyword.builtin.VerifyElementPresentKeyword$_verifyElementPresent_closure1.call(VerifyElementPresentKeyword.groovy)
	at com.kms.katalon.core.webui.keyword.internal.WebUIKeywordMain.runKeyword(WebUIKeywordMain.groovy:20)
	at com.kms.katalon.core.webui.keyword.builtin.VerifyElementPresentKeyword.verifyElementPresent(VerifyElementPresentKeyword.groovy:92)
	at com.kms.katalon.core.webui.keyword.builtin.VerifyElementPresentKeyword.execute(VerifyElementPresentKeyword.groovy:68)
	at com.kms.katalon.core.keyword.internal.KeywordExecutor.executeKeywordForPlatform(KeywordExecutor.groovy:73)
	at com.kms.katalon.core.webui.keyword.WebUiBuiltInKeywords.verifyElementPresent(WebUiBuiltInKeywords.groovy:1445)
	at com.kms.katalon.core.webui.keyword.WebUiBuiltInKeywords$verifyElementPresent$2.call(Unknown Source)
	at login.LoginForAdminDevEnvironment.login(LoginForAdminDevEnvironment.groovy:17)
	at login.LoginForAdminDevEnvironment$login.call(Unknown Source)
	at Login.login(Login.groovy:37)
	at Login.invokeMethod(Login.groovy)
	at com.kms.katalon.core.context.internal.TestHooker.invokeMethod(TestHooker.java:111)
	at com.kms.katalon.core.context.internal.TestHooker.lambda$3(TestHooker.java:95)
	at com.kms.katalon.core.context.internal.TestHooker.invokeContextMethods(TestHooker.java:94)
	at com.kms.katalon.core.context.internal.TestListenerCollector.lambda$3(TestListenerCollector.java:88)
	at com.kms.katalon.core.context.internal.TestListenerCollector.handleListenerEvent(TestListenerCollector.java:85)
	at com.kms.katalon.core.context.internal.ExecutionEventManager.publicEvent(ExecutionEventManager.java:36)
	at com.kms.katalon.core.main.TestCaseExecutor.execute(TestCaseExecutor.java:221)
	at com.kms.katalon.core.main.TestSuiteExecutor.accessTestCaseMainPhase(TestSuiteExecutor.java:191)
	at com.kms.katalon.core.main.TestSuiteExecutor.accessTestSuiteMainPhase(TestSuiteExecutor.java:141)
	at com.kms.katalon.core.main.TestSuiteExecutor.execute(TestSuiteExecutor.java:90)
	at com.kms.katalon.core.main.TestCaseMain.startTestSuite(TestCaseMain.java:157)
	at com.kms.katalon.core.main.TestCaseMain$startTestSuite$0.call(Unknown Source)
	at TempTestSuite1610631842892.run(TempTestSuite1610631842892.groovy:39)
)
[[ATTACHMENT|E:\\Modist\\ModistProject\\Reports\\20210114_084402\\AllTestCases\\20210114_084402\\1610633167296.png]]

2021-01-14 09:06:07 - [TEST_STEP][PASSED] - pages.Journey.clickOnJourneyTab(): pages.Journey.clickOnJourneyTab is PASSED

2021-01-14 09:06:08 - [MESSAGE][PASSED] - Object 'Object Repository/Journey/Journeytab' is present

2021-01-14 09:06:08 - [MESSAGE][PASSED] - Object 'Object Repository/Journey/Journeytab' is visible

2021-01-14 09:06:08 - [MESSAGE][PASSED] - Object 'Object Repository/Journey/Journeytab' is clickable

2021-01-14 09:06:09 - [MESSAGE][PASSED] - Object: 'Object Repository/Journey/Journeytab' is clicked on

2021-01-14 09:06:09 - [MESSAGE][PASSED] - pages.Journey.clickOnJourneyTab is PASSED

2021-01-14 09:06:09 - [TEST_STEP][PASSED] - journeyName = pages.Journey.getRandomJourneyName(): pages.Journey.getRandomJourneyName is PASSED

2021-01-14 09:06:09 - [MESSAGE][PASSED] - Object 'Object Repository/Journey/toGetJourneysCount' is present

2021-01-14 09:06:09 - [MESSAGE][PASSED] - Object 'Object Repository/Journey/toGetJourneysCount' is present

2021-01-14 09:06:10 - [MESSAGE][PASSED] - Text of object 'Object Repository/Journey/toPickrandomJourney(index)' is: 'JO6'

2021-01-14 09:06:10 - [MESSAGE][PASSED] - pages.Journey.getRandomJourneyName is PASSED

2021-01-14 09:06:10 - [TEST_STEP][PASSED] - accessCode = pages.Journey.getExistingJourneyAccesscode(journeyName): pages.Journey.getExistingJourneyAccesscode is PASSED

2021-01-14 09:06:10 - [MESSAGE][PASSED] - Object 'Object Repository/Journey/journrySearchInput' is present

2021-01-14 09:06:11 - [MESSAGE][PASSED] - Object 'Object Repository/Journey/journrySearchInput' is visible

2021-01-14 09:06:11 - [MESSAGE][PASSED] - Object 'Object Repository/Journey/journrySearchInput' is clickable

2021-01-14 09:06:11 - [MESSAGE][PASSED] - Text of object 'Object Repository/Journey/journrySearchInput' is cleared

2021-01-14 09:06:12 - [MESSAGE][PASSED] - Keys '' sent to object: 'Object Repository/Journey/journrySearchInput'

2021-01-14 09:06:12 - [MESSAGE][PASSED] - Keys 'J' sent to object: 'Object Repository/Journey/journrySearchInput'

2021-01-14 09:06:12 - [MESSAGE][PASSED] - Keys 'O' sent to object: 'Object Repository/Journey/journrySearchInput'

2021-01-14 09:06:13 - [MESSAGE][PASSED] - Keys '6' sent to object: 'Object Repository/Journey/journrySearchInput'

2021-01-14 09:06:14 - [MESSAGE][PASSED] - Object 'Object Repository/Journey/clickVerifyingJourney(journeyName)' is present

2021-01-14 09:06:15 - [MESSAGE][PASSED] - Object 'Object Repository/Journey/clickVerifyingJourney(journeyName)' is visible

2021-01-14 09:06:15 - [MESSAGE][PASSED] - Object 'Object Repository/Journey/clickVerifyingJourney(journeyName)' is clickable

2021-01-14 09:06:15 - [MESSAGE][PASSED] - Object: 'Object Repository/Journey/clickVerifyingJourney(journeyName)' is clicked on

2021-01-14 09:06:16 - [MESSAGE][PASSED] - Scroll to object 'Object Repository/Journey/Current Access Codes/currentAccessCodeField' successfully

2021-01-14 09:06:17 - [MESSAGE][PASSED] - Object 'Object Repository/Journey/Current Access Codes/getAccessCodesCount' is present

2021-01-14 09:06:18 - [MESSAGE][PASSED] - Text of object 'Object Repository/Journey/Current Access Codes/getAccessCodeText(index)' is: 'access0'

2021-01-14 09:06:18 - [MESSAGE][PASSED] - pages.Journey.getExistingJourneyAccesscode is PASSED

2021-01-14 09:06:18 - [TEST_STEP][PASSED] - login.LoginForJourneyApplication.loginToJourneyApplication(): login.LoginForJourneyApplication.loginToJourneyApplication is PASSED

2021-01-14 09:06:18 - [MESSAGE][PASSED] - Navigate to 'https://qualitlabs.dev.modist.co/' successfully

2021-01-14 09:06:18 - [MESSAGE][PASSED] - login.LoginForJourneyApplication.loginToJourneyApplication is PASSED

2021-01-14 09:06:18 - [TEST_STEP][PASSED] - pages.Journey.enterAccessCodeInJourney(accessCode): pages.Journey.enterAccessCodeInJourney is PASSED

2021-01-14 09:06:19 - [MESSAGE][PASSED] - Object 'Object Repository/Journey/JourneyPortal/enterAccessCode' is present

2021-01-14 09:06:19 - [MESSAGE][PASSED] - Object 'Object Repository/Journey/JourneyPortal/enterAccessCode' is visible

2021-01-14 09:06:20 - [MESSAGE][PASSED] - Object 'Object Repository/Journey/JourneyPortal/enterAccessCode' is clickable

2021-01-14 09:06:20 - [MESSAGE][PASSED] - Text of object 'Object Repository/Journey/JourneyPortal/enterAccessCode' is cleared

2021-01-14 09:06:21 - [MESSAGE][PASSED] - Keys 'access0' sent to object: 'Object Repository/Journey/JourneyPortal/enterAccessCode'

2021-01-14 09:06:21 - [MESSAGE][PASSED] - pages.Journey.enterAccessCodeInJourney is PASSED

2021-01-14 09:06:21 - [TEST_STEP][PASSED] - pages.Journey.clickEnterButton(): pages.Journey.clickEnterButton is PASSED

2021-01-14 09:06:21 - [MESSAGE][PASSED] - Object 'Object Repository/Journey/JourneyPortal/EnterButton' is present

2021-01-14 09:06:21 - [MESSAGE][PASSED] - Object 'Object Repository/Journey/JourneyPortal/EnterButton' is visible

2021-01-14 09:06:22 - [MESSAGE][PASSED] - Object 'Object Repository/Journey/JourneyPortal/EnterButton' is clickable

2021-01-14 09:06:22 - [MESSAGE][PASSED] - Object: 'Object Repository/Journey/JourneyPortal/EnterButton' is clicked on

2021-01-14 09:06:22 - [MESSAGE][PASSED] - pages.Journey.clickEnterButton is PASSED

2021-01-14 09:06:22 - [TEST_STEP][ERROR] - pages.JourneyPortal.openExistingSection(): bound must be positive

2021-01-14 09:06:28 - [MESSAGE][INFO] - Unable to find the element located by 'By.xpath: //div[@class='section-item']'. Please recheck the objects properties to make sure the desired element is located. 

2021-01-14 09:06:28 - [MESSAGE][WARNING] - com.kms.katalon.core.webui.exception.WebElementNotFoundException: Web element with id: 'Object Repository/Journey/JourneyPortal/Section/getSectionsCount' located by '//div[@class='section-item']' not found (Root cause: com.kms.katalon.core.exception.StepFailedException: com.kms.katalon.core.webui.exception.WebElementNotFoundException: Web element with id: 'Object Repository/Journey/JourneyPortal/Section/getSectionsCount' located by '//div[@class='section-item']' not found
	at com.kms.katalon.core.webui.keyword.internal.WebUIKeywordMain.stepFailed(WebUIKeywordMain.groovy:64)
	at com.kms.katalon.core.webui.keyword.builtin.VerifyElementPresentKeyword$_verifyElementPresent_closure1.doCall(VerifyElementPresentKeyword.groovy:85)
	at com.kms.katalon.core.webui.keyword.builtin.VerifyElementPresentKeyword$_verifyElementPresent_closure1.call(VerifyElementPresentKeyword.groovy)
	at com.kms.katalon.core.webui.keyword.internal.WebUIKeywordMain.runKeyword(WebUIKeywordMain.groovy:20)
	at com.kms.katalon.core.webui.keyword.builtin.VerifyElementPresentKeyword.verifyElementPresent(VerifyElementPresentKeyword.groovy:92)
	at com.kms.katalon.core.webui.keyword.builtin.VerifyElementPresentKeyword.execute(VerifyElementPresentKeyword.groovy:68)
	at com.kms.katalon.core.keyword.internal.KeywordExecutor.executeKeywordForPlatform(KeywordExecutor.groovy:73)
	at com.kms.katalon.core.webui.keyword.WebUiBuiltInKeywords.verifyElementPresent(WebUiBuiltInKeywords.groovy:1445)
	at com.kms.katalon.core.webui.keyword.WebUiBuiltInKeywords$verifyElementPresent$2.call(Unknown Source)
	at webAction.WebAction.getElementCount(WebAction.groovy:47)
	at webAction.WebAction.getElementCount(WebAction.groovy)
	at webAction.WebAction$getElementCount$2.call(Unknown Source)
	at pages.JourneyPortal.openExistingSection(JourneyPortal.groovy:24)
	at pages.JourneyPortal.invokeMethod(JourneyPortal.groovy)
	at com.kms.katalon.core.main.CustomKeywordDelegatingMetaClass.invokeStaticMethod(CustomKeywordDelegatingMetaClass.java:50)
	at clickingOnTheRightAndLeftIsNavigatingCorrctly.run(clickingOnTheRightAndLeftIsNavigatingCorrctly:32)
	at com.kms.katalon.core.main.ScriptEngine.run(ScriptEngine.java:194)
	at com.kms.katalon.core.main.ScriptEngine.runScriptAsRawText(ScriptEngine.java:119)
	at com.kms.katalon.core.main.TestCaseExecutor.runScript(TestCaseExecutor.java:339)
	at com.kms.katalon.core.main.TestCaseExecutor.doExecute(TestCaseExecutor.java:330)
	at com.kms.katalon.core.main.TestCaseExecutor.processExecutionPhase(TestCaseExecutor.java:309)
	at com.kms.katalon.core.main.TestCaseExecutor.accessMainPhase(TestCaseExecutor.java:301)
	at com.kms.katalon.core.main.TestCaseExecutor.execute(TestCaseExecutor.java:235)
	at com.kms.katalon.core.main.TestSuiteExecutor.accessTestCaseMainPhase(TestSuiteExecutor.java:191)
	at com.kms.katalon.core.main.TestSuiteExecutor.accessTestSuiteMainPhase(TestSuiteExecutor.java:141)
	at com.kms.katalon.core.main.TestSuiteExecutor.execute(TestSuiteExecutor.java:90)
	at com.kms.katalon.core.main.TestCaseMain.startTestSuite(TestCaseMain.java:157)
	at com.kms.katalon.core.main.TestCaseMain$startTestSuite$0.call(Unknown Source)
	at TempTestSuite1610631842892.run(TempTestSuite1610631842892.groovy:39)
)
[[ATTACHMENT|E:\\Modist\\ModistProject\\Reports\\20210114_084402\\AllTestCases\\20210114_084402\\1610633188593.png]]

2021-01-14 09:06:28 - [MESSAGE][ERROR] - bound must be positive]]></system-out>
         <system-err><![CDATA[2021-01-14 09:05:58 - [TEST_CASE][ERROR] - Test Cases/JourneyPortal/clickingOnTheRightAndLeftIsNavigatingCorrctly: Test Cases/JourneyPortal/clickingOnTheRightAndLeftIsNavigatingCorrctly FAILED.
Reason:
java.lang.IllegalArgumentException: bound must be positive
	at java_util_Random$nextInt.call(Unknown Source)
	at pages.JourneyPortal.openExistingSection(JourneyPortal.groovy:25)
	at pages.JourneyPortal.invokeMethod(JourneyPortal.groovy)
	at com.kms.katalon.core.main.CustomKeywordDelegatingMetaClass.invokeStaticMethod(CustomKeywordDelegatingMetaClass.java:50)
	at clickingOnTheRightAndLeftIsNavigatingCorrctly.run(clickingOnTheRightAndLeftIsNavigatingCorrctly:32)
	at com.kms.katalon.core.main.ScriptEngine.run(ScriptEngine.java:194)
	at com.kms.katalon.core.main.ScriptEngine.runScriptAsRawText(ScriptEngine.java:119)
	at com.kms.katalon.core.main.TestCaseExecutor.runScript(TestCaseExecutor.java:339)
	at com.kms.katalon.core.main.TestCaseExecutor.doExecute(TestCaseExecutor.java:330)
	at com.kms.katalon.core.main.TestCaseExecutor.processExecutionPhase(TestCaseExecutor.java:309)
	at com.kms.katalon.core.main.TestCaseExecutor.accessMainPhase(TestCaseExecutor.java:301)
	at com.kms.katalon.core.main.TestCaseExecutor.execute(TestCaseExecutor.java:235)
	at com.kms.katalon.core.main.TestSuiteExecutor.accessTestCaseMainPhase(TestSuiteExecutor.java:191)
	at com.kms.katalon.core.main.TestSuiteExecutor.accessTestSuiteMainPhase(TestSuiteExecutor.java:141)
	at com.kms.katalon.core.main.TestSuiteExecutor.execute(TestSuiteExecutor.java:90)
	at com.kms.katalon.core.main.TestCaseMain.startTestSuite(TestCaseMain.java:157)
	at com.kms.katalon.core.main.TestCaseMain$startTestSuite$0.call(Unknown Source)
	at TempTestSuite1610631842892.run(TempTestSuite1610631842892.groovy:39)]]></system-err>
      </testcase>
      <testcase name="Test Cases/JourneyPortal/loginToJourneyApplicationThroughAccessCodeAndVerifyTheDisplayPage" time="25.728" classname="Test Cases/JourneyPortal/loginToJourneyApplicationThroughAccessCodeAndVerifyTheDisplayPage" status="PASSED">
         <system-out><![CDATA[2021-01-14 09:06:28 - [TEST_CASE][PASSED] - Test Cases/JourneyPortal/loginToJourneyApplicationThroughAccessCodeAndVerifyTheDisplayPage: Test Cases/JourneyPortal/loginToJourneyApplicationThroughAccessCodeAndVerifyTheDisplayPage

2021-01-14 09:06:28 - [TEST_STEP][PASSED] - Start listener action : login: com.kms.katalon.core.webui.exception.WebElementNotFoundException: Web element with id: 'Object Repository/Login Credentials/Email' located by '//input[@name='email']' not found (Root cause: com.kms.katalon.core.exception.StepFailedException: com.kms.katalon.core.webui.exception.WebElementNotFoundException: Web element with id: 'Object Repository/Login Credentials/Email' located by '//input[@name='email']' not found
	at com.kms.katalon.core.webui.keyword.internal.WebUIKeywordMain.stepFailed(WebUIKeywordMain.groovy:64)
	at com.kms.katalon.core.webui.keyword.builtin.VerifyElementPresentKeyword$_verifyElementPresent_closure1.doCall(VerifyElementPresentKeyword.groovy:85)
	at com.kms.katalon.core.webui.keyword.builtin.VerifyElementPresentKeyword$_verifyElementPresent_closure1.call(VerifyElementPresentKeyword.groovy)
	at com.kms.katalon.core.webui.keyword.internal.WebUIKeywordMain.runKeyword(WebUIKeywordMain.groovy:20)
	at com.kms.katalon.core.webui.keyword.builtin.VerifyElementPresentKeyword.verifyElementPresent(VerifyElementPresentKeyword.groovy:92)
	at com.kms.katalon.core.webui.keyword.builtin.VerifyElementPresentKeyword.execute(VerifyElementPresentKeyword.groovy:68)
	at com.kms.katalon.core.keyword.internal.KeywordExecutor.executeKeywordForPlatform(KeywordExecutor.groovy:73)
	at com.kms.katalon.core.webui.keyword.WebUiBuiltInKeywords.verifyElementPresent(WebUiBuiltInKeywords.groovy:1445)
	at com.kms.katalon.core.webui.keyword.WebUiBuiltInKeywords$verifyElementPresent$2.call(Unknown Source)
	at login.LoginForAdminDevEnvironment.login(LoginForAdminDevEnvironment.groovy:17)
	at login.LoginForAdminDevEnvironment$login.call(Unknown Source)
	at Login.login(Login.groovy:37)
	at Login.invokeMethod(Login.groovy)
	at com.kms.katalon.core.context.internal.TestHooker.invokeMethod(TestHooker.java:111)
	at com.kms.katalon.core.context.internal.TestHooker.lambda$3(TestHooker.java:95)
	at com.kms.katalon.core.context.internal.TestHooker.invokeContextMethods(TestHooker.java:94)
	at com.kms.katalon.core.context.internal.TestListenerCollector.lambda$3(TestListenerCollector.java:88)
	at com.kms.katalon.core.context.internal.TestListenerCollector.handleListenerEvent(TestListenerCollector.java:85)
	at com.kms.katalon.core.context.internal.ExecutionEventManager.publicEvent(ExecutionEventManager.java:36)
	at com.kms.katalon.core.main.TestCaseExecutor.execute(TestCaseExecutor.java:221)
	at com.kms.katalon.core.main.TestSuiteExecutor.accessTestCaseMainPhase(TestSuiteExecutor.java:191)
	at com.kms.katalon.core.main.TestSuiteExecutor.accessTestSuiteMainPhase(TestSuiteExecutor.java:141)
	at com.kms.katalon.core.main.TestSuiteExecutor.execute(TestSuiteExecutor.java:90)
	at com.kms.katalon.core.main.TestCaseMain.startTestSuite(TestCaseMain.java:157)
	at com.kms.katalon.core.main.TestCaseMain$startTestSuite$0.call(Unknown Source)
	at TempTestSuite1610631842892.run(TempTestSuite1610631842892.groovy:39)
)

2021-01-14 09:06:28 - [TEST_STEP][PASSED] - Thread.sleep(3000): null

2021-01-14 09:06:31 - [TEST_STEP][PASSED] - url = getUrl(): Current window's url is: 'https://qualitlabs.dev.modist.co/section/647'

2021-01-14 09:06:31 - [MESSAGE][PASSED] - Current window's url is: 'https://qualitlabs.dev.modist.co/section/647'

2021-01-14 09:06:31 - [TEST_STEP][PASSED] - if (!(url.contains("dashboard"))): com.kms.katalon.core.webui.exception.WebElementNotFoundException: Web element with id: 'Object Repository/Login Credentials/Email' located by '//input[@name='email']' not found (Root cause: com.kms.katalon.core.exception.StepFailedException: com.kms.katalon.core.webui.exception.WebElementNotFoundException: Web element with id: 'Object Repository/Login Credentials/Email' located by '//input[@name='email']' not found
	at com.kms.katalon.core.webui.keyword.internal.WebUIKeywordMain.stepFailed(WebUIKeywordMain.groovy:64)
	at com.kms.katalon.core.webui.keyword.builtin.VerifyElementPresentKeyword$_verifyElementPresent_closure1.doCall(VerifyElementPresentKeyword.groovy:85)
	at com.kms.katalon.core.webui.keyword.builtin.VerifyElementPresentKeyword$_verifyElementPresent_closure1.call(VerifyElementPresentKeyword.groovy)
	at com.kms.katalon.core.webui.keyword.internal.WebUIKeywordMain.runKeyword(WebUIKeywordMain.groovy:20)
	at com.kms.katalon.core.webui.keyword.builtin.VerifyElementPresentKeyword.verifyElementPresent(VerifyElementPresentKeyword.groovy:92)
	at com.kms.katalon.core.webui.keyword.builtin.VerifyElementPresentKeyword.execute(VerifyElementPresentKeyword.groovy:68)
	at com.kms.katalon.core.keyword.internal.KeywordExecutor.executeKeywordForPlatform(KeywordExecutor.groovy:73)
	at com.kms.katalon.core.webui.keyword.WebUiBuiltInKeywords.verifyElementPresent(WebUiBuiltInKeywords.groovy:1445)
	at com.kms.katalon.core.webui.keyword.WebUiBuiltInKeywords$verifyElementPresent$2.call(Unknown Source)
	at login.LoginForAdminDevEnvironment.login(LoginForAdminDevEnvironment.groovy:17)
	at login.LoginForAdminDevEnvironment$login.call(Unknown Source)
	at Login.login(Login.groovy:37)
	at Login.invokeMethod(Login.groovy)
	at com.kms.katalon.core.context.internal.TestHooker.invokeMethod(TestHooker.java:111)
	at com.kms.katalon.core.context.internal.TestHooker.lambda$3(TestHooker.java:95)
	at com.kms.katalon.core.context.internal.TestHooker.invokeContextMethods(TestHooker.java:94)
	at com.kms.katalon.core.context.internal.TestListenerCollector.lambda$3(TestListenerCollector.java:88)
	at com.kms.katalon.core.context.internal.TestListenerCollector.handleListenerEvent(TestListenerCollector.java:85)
	at com.kms.katalon.core.context.internal.ExecutionEventManager.publicEvent(ExecutionEventManager.java:36)
	at com.kms.katalon.core.main.TestCaseExecutor.execute(TestCaseExecutor.java:221)
	at com.kms.katalon.core.main.TestSuiteExecutor.accessTestCaseMainPhase(TestSuiteExecutor.java:191)
	at com.kms.katalon.core.main.TestSuiteExecutor.accessTestSuiteMainPhase(TestSuiteExecutor.java:141)
	at com.kms.katalon.core.main.TestSuiteExecutor.execute(TestSuiteExecutor.java:90)
	at com.kms.katalon.core.main.TestCaseMain.startTestSuite(TestCaseMain.java:157)
	at com.kms.katalon.core.main.TestCaseMain$startTestSuite$0.call(Unknown Source)
	at TempTestSuite1610631842892.run(TempTestSuite1610631842892.groovy:39)
)

2021-01-14 09:06:31 - [TEST_STEP][PASSED] - navigateToUrl(Url): Navigate to 'https://dev-admin.modist.co/' successfully

2021-01-14 09:06:32 - [MESSAGE][PASSED] - Navigate to 'https://dev-admin.modist.co/' successfully

2021-01-14 09:06:32 - [TEST_STEP][PASSED] - loginPage.login(Email, Password): com.kms.katalon.core.webui.exception.WebElementNotFoundException: Web element with id: 'Object Repository/Login Credentials/Email' located by '//input[@name='email']' not found (Root cause: com.kms.katalon.core.exception.StepFailedException: com.kms.katalon.core.webui.exception.WebElementNotFoundException: Web element with id: 'Object Repository/Login Credentials/Email' located by '//input[@name='email']' not found
	at com.kms.katalon.core.webui.keyword.internal.WebUIKeywordMain.stepFailed(WebUIKeywordMain.groovy:64)
	at com.kms.katalon.core.webui.keyword.builtin.VerifyElementPresentKeyword$_verifyElementPresent_closure1.doCall(VerifyElementPresentKeyword.groovy:85)
	at com.kms.katalon.core.webui.keyword.builtin.VerifyElementPresentKeyword$_verifyElementPresent_closure1.call(VerifyElementPresentKeyword.groovy)
	at com.kms.katalon.core.webui.keyword.internal.WebUIKeywordMain.runKeyword(WebUIKeywordMain.groovy:20)
	at com.kms.katalon.core.webui.keyword.builtin.VerifyElementPresentKeyword.verifyElementPresent(VerifyElementPresentKeyword.groovy:92)
	at com.kms.katalon.core.webui.keyword.builtin.VerifyElementPresentKeyword.execute(VerifyElementPresentKeyword.groovy:68)
	at com.kms.katalon.core.keyword.internal.KeywordExecutor.executeKeywordForPlatform(KeywordExecutor.groovy:73)
	at com.kms.katalon.core.webui.keyword.WebUiBuiltInKeywords.verifyElementPresent(WebUiBuiltInKeywords.groovy:1445)
	at com.kms.katalon.core.webui.keyword.WebUiBuiltInKeywords$verifyElementPresent$2.call(Unknown Source)
	at login.LoginForAdminDevEnvironment.login(LoginForAdminDevEnvironment.groovy:17)
	at login.LoginForAdminDevEnvironment$login.call(Unknown Source)
	at Login.login(Login.groovy:37)
	at Login.invokeMethod(Login.groovy)
	at com.kms.katalon.core.context.internal.TestHooker.invokeMethod(TestHooker.java:111)
	at com.kms.katalon.core.context.internal.TestHooker.lambda$3(TestHooker.java:95)
	at com.kms.katalon.core.context.internal.TestHooker.invokeContextMethods(TestHooker.java:94)
	at com.kms.katalon.core.context.internal.TestListenerCollector.lambda$3(TestListenerCollector.java:88)
	at com.kms.katalon.core.context.internal.TestListenerCollector.handleListenerEvent(TestListenerCollector.java:85)
	at com.kms.katalon.core.context.internal.ExecutionEventManager.publicEvent(ExecutionEventManager.java:36)
	at com.kms.katalon.core.main.TestCaseExecutor.execute(TestCaseExecutor.java:221)
	at com.kms.katalon.core.main.TestSuiteExecutor.accessTestCaseMainPhase(TestSuiteExecutor.java:191)
	at com.kms.katalon.core.main.TestSuiteExecutor.accessTestSuiteMainPhase(TestSuiteExecutor.java:141)
	at com.kms.katalon.core.main.TestSuiteExecutor.execute(TestSuiteExecutor.java:90)
	at com.kms.katalon.core.main.TestCaseMain.startTestSuite(TestCaseMain.java:157)
	at com.kms.katalon.core.main.TestCaseMain$startTestSuite$0.call(Unknown Source)
	at TempTestSuite1610631842892.run(TempTestSuite1610631842892.groovy:39)
)

2021-01-14 09:06:37 - [MESSAGE][INFO] - Unable to find the element located by 'By.xpath: //input[@name='email']'. Please recheck the objects properties to make sure the desired element is located. 

2021-01-14 09:06:37 - [MESSAGE][WARNING] - com.kms.katalon.core.webui.exception.WebElementNotFoundException: Web element with id: 'Object Repository/Login Credentials/Email' located by '//input[@name='email']' not found (Root cause: com.kms.katalon.core.exception.StepFailedException: com.kms.katalon.core.webui.exception.WebElementNotFoundException: Web element with id: 'Object Repository/Login Credentials/Email' located by '//input[@name='email']' not found
	at com.kms.katalon.core.webui.keyword.internal.WebUIKeywordMain.stepFailed(WebUIKeywordMain.groovy:64)
	at com.kms.katalon.core.webui.keyword.builtin.VerifyElementPresentKeyword$_verifyElementPresent_closure1.doCall(VerifyElementPresentKeyword.groovy:85)
	at com.kms.katalon.core.webui.keyword.builtin.VerifyElementPresentKeyword$_verifyElementPresent_closure1.call(VerifyElementPresentKeyword.groovy)
	at com.kms.katalon.core.webui.keyword.internal.WebUIKeywordMain.runKeyword(WebUIKeywordMain.groovy:20)
	at com.kms.katalon.core.webui.keyword.builtin.VerifyElementPresentKeyword.verifyElementPresent(VerifyElementPresentKeyword.groovy:92)
	at com.kms.katalon.core.webui.keyword.builtin.VerifyElementPresentKeyword.execute(VerifyElementPresentKeyword.groovy:68)
	at com.kms.katalon.core.keyword.internal.KeywordExecutor.executeKeywordForPlatform(KeywordExecutor.groovy:73)
	at com.kms.katalon.core.webui.keyword.WebUiBuiltInKeywords.verifyElementPresent(WebUiBuiltInKeywords.groovy:1445)
	at com.kms.katalon.core.webui.keyword.WebUiBuiltInKeywords$verifyElementPresent$2.call(Unknown Source)
	at login.LoginForAdminDevEnvironment.login(LoginForAdminDevEnvironment.groovy:17)
	at login.LoginForAdminDevEnvironment$login.call(Unknown Source)
	at Login.login(Login.groovy:37)
	at Login.invokeMethod(Login.groovy)
	at com.kms.katalon.core.context.internal.TestHooker.invokeMethod(TestHooker.java:111)
	at com.kms.katalon.core.context.internal.TestHooker.lambda$3(TestHooker.java:95)
	at com.kms.katalon.core.context.internal.TestHooker.invokeContextMethods(TestHooker.java:94)
	at com.kms.katalon.core.context.internal.TestListenerCollector.lambda$3(TestListenerCollector.java:88)
	at com.kms.katalon.core.context.internal.TestListenerCollector.handleListenerEvent(TestListenerCollector.java:85)
	at com.kms.katalon.core.context.internal.ExecutionEventManager.publicEvent(ExecutionEventManager.java:36)
	at com.kms.katalon.core.main.TestCaseExecutor.execute(TestCaseExecutor.java:221)
	at com.kms.katalon.core.main.TestSuiteExecutor.accessTestCaseMainPhase(TestSuiteExecutor.java:191)
	at com.kms.katalon.core.main.TestSuiteExecutor.accessTestSuiteMainPhase(TestSuiteExecutor.java:141)
	at com.kms.katalon.core.main.TestSuiteExecutor.execute(TestSuiteExecutor.java:90)
	at com.kms.katalon.core.main.TestCaseMain.startTestSuite(TestCaseMain.java:157)
	at com.kms.katalon.core.main.TestCaseMain$startTestSuite$0.call(Unknown Source)
	at TempTestSuite1610631842892.run(TempTestSuite1610631842892.groovy:39)
)
[[ATTACHMENT|E:\\Modist\\ModistProject\\Reports\\20210114_084402\\AllTestCases\\20210114_084402\\1610633197597.png]]

2021-01-14 09:06:38 - [TEST_STEP][PASSED] - pages.Journey.clickOnJourneyTab(): pages.Journey.clickOnJourneyTab is PASSED

2021-01-14 09:06:38 - [MESSAGE][PASSED] - Object 'Object Repository/Journey/Journeytab' is present

2021-01-14 09:06:38 - [MESSAGE][PASSED] - Object 'Object Repository/Journey/Journeytab' is visible

2021-01-14 09:06:39 - [MESSAGE][PASSED] - Object 'Object Repository/Journey/Journeytab' is clickable

2021-01-14 09:06:39 - [MESSAGE][PASSED] - Object: 'Object Repository/Journey/Journeytab' is clicked on

2021-01-14 09:06:39 - [MESSAGE][PASSED] - pages.Journey.clickOnJourneyTab is PASSED

2021-01-14 09:06:39 - [TEST_STEP][PASSED] - journeyName = pages.Journey.getRandomJourneyName(): pages.Journey.getRandomJourneyName is PASSED

2021-01-14 09:06:39 - [MESSAGE][PASSED] - Object 'Object Repository/Journey/toGetJourneysCount' is present

2021-01-14 09:06:40 - [MESSAGE][PASSED] - Object 'Object Repository/Journey/toGetJourneysCount' is present

2021-01-14 09:06:40 - [MESSAGE][PASSED] - Text of object 'Object Repository/Journey/toPickrandomJourney(index)' is: 'journey 1'

2021-01-14 09:06:40 - [MESSAGE][PASSED] - pages.Journey.getRandomJourneyName is PASSED

2021-01-14 09:06:40 - [TEST_STEP][PASSED] - accessCode = pages.Journey.getExistingJourneyAccesscode(journeyName): pages.Journey.getExistingJourneyAccesscode is PASSED

2021-01-14 09:06:41 - [MESSAGE][PASSED] - Object 'Object Repository/Journey/journrySearchInput' is present

2021-01-14 09:06:41 - [MESSAGE][PASSED] - Object 'Object Repository/Journey/journrySearchInput' is visible

2021-01-14 09:06:41 - [MESSAGE][PASSED] - Object 'Object Repository/Journey/journrySearchInput' is clickable

2021-01-14 09:06:41 - [MESSAGE][PASSED] - Text of object 'Object Repository/Journey/journrySearchInput' is cleared

2021-01-14 09:06:42 - [MESSAGE][PASSED] - Keys '' sent to object: 'Object Repository/Journey/journrySearchInput'

2021-01-14 09:06:42 - [MESSAGE][PASSED] - Keys 'j' sent to object: 'Object Repository/Journey/journrySearchInput'

2021-01-14 09:06:43 - [MESSAGE][PASSED] - Keys 'o' sent to object: 'Object Repository/Journey/journrySearchInput'

2021-01-14 09:06:43 - [MESSAGE][PASSED] - Keys 'u' sent to object: 'Object Repository/Journey/journrySearchInput'

2021-01-14 09:06:43 - [MESSAGE][PASSED] - Keys 'r' sent to object: 'Object Repository/Journey/journrySearchInput'

2021-01-14 09:06:44 - [MESSAGE][PASSED] - Keys 'n' sent to object: 'Object Repository/Journey/journrySearchInput'

2021-01-14 09:06:44 - [MESSAGE][PASSED] - Keys 'e' sent to object: 'Object Repository/Journey/journrySearchInput'

2021-01-14 09:06:45 - [MESSAGE][PASSED] - Keys 'y' sent to object: 'Object Repository/Journey/journrySearchInput'

2021-01-14 09:06:45 - [MESSAGE][PASSED] - Keys ' ' sent to object: 'Object Repository/Journey/journrySearchInput'

2021-01-14 09:06:45 - [MESSAGE][PASSED] - Keys '1' sent to object: 'Object Repository/Journey/journrySearchInput'

2021-01-14 09:06:46 - [MESSAGE][PASSED] - Object 'Object Repository/Journey/clickVerifyingJourney(journeyName)' is present

2021-01-14 09:06:46 - [MESSAGE][PASSED] - Object 'Object Repository/Journey/clickVerifyingJourney(journeyName)' is visible

2021-01-14 09:06:46 - [MESSAGE][PASSED] - Object 'Object Repository/Journey/clickVerifyingJourney(journeyName)' is clickable

2021-01-14 09:06:47 - [MESSAGE][PASSED] - Object: 'Object Repository/Journey/clickVerifyingJourney(journeyName)' is clicked on

2021-01-14 09:06:47 - [MESSAGE][PASSED] - Scroll to object 'Object Repository/Journey/Current Access Codes/currentAccessCodeField' successfully

2021-01-14 09:06:48 - [MESSAGE][PASSED] - Object 'Object Repository/Journey/Current Access Codes/getAccessCodesCount' is present

2021-01-14 09:06:49 - [MESSAGE][PASSED] - Text of object 'Object Repository/Journey/Current Access Codes/getAccessCodeText(index)' is: 'access7'

2021-01-14 09:06:49 - [MESSAGE][PASSED] - pages.Journey.getExistingJourneyAccesscode is PASSED

2021-01-14 09:06:49 - [TEST_STEP][PASSED] - login.LoginForJourneyApplication.loginToJourneyApplication(): login.LoginForJourneyApplication.loginToJourneyApplication is PASSED

2021-01-14 09:06:49 - [MESSAGE][PASSED] - Navigate to 'https://qualitlabs.dev.modist.co/' successfully

2021-01-14 09:06:49 - [MESSAGE][PASSED] - login.LoginForJourneyApplication.loginToJourneyApplication is PASSED

2021-01-14 09:06:49 - [TEST_STEP][PASSED] - pages.Journey.enterAccessCodeInJourney(accessCode): pages.Journey.enterAccessCodeInJourney is PASSED

2021-01-14 09:06:50 - [MESSAGE][PASSED] - Object 'Object Repository/Journey/JourneyPortal/enterAccessCode' is present

2021-01-14 09:06:50 - [MESSAGE][PASSED] - Object 'Object Repository/Journey/JourneyPortal/enterAccessCode' is visible

2021-01-14 09:06:51 - [MESSAGE][PASSED] - Object 'Object Repository/Journey/JourneyPortal/enterAccessCode' is clickable

2021-01-14 09:06:51 - [MESSAGE][PASSED] - Text of object 'Object Repository/Journey/JourneyPortal/enterAccessCode' is cleared

2021-01-14 09:06:51 - [MESSAGE][PASSED] - Keys 'access7' sent to object: 'Object Repository/Journey/JourneyPortal/enterAccessCode'

2021-01-14 09:06:51 - [MESSAGE][PASSED] - pages.Journey.enterAccessCodeInJourney is PASSED

2021-01-14 09:06:51 - [TEST_STEP][PASSED] - pages.Journey.clickEnterButton(): pages.Journey.clickEnterButton is PASSED

2021-01-14 09:06:52 - [MESSAGE][PASSED] - Object 'Object Repository/Journey/JourneyPortal/EnterButton' is present

2021-01-14 09:06:52 - [MESSAGE][PASSED] - Object 'Object Repository/Journey/JourneyPortal/EnterButton' is visible

2021-01-14 09:06:52 - [MESSAGE][PASSED] - Object 'Object Repository/Journey/JourneyPortal/EnterButton' is clickable

2021-01-14 09:06:53 - [MESSAGE][PASSED] - Object: 'Object Repository/Journey/JourneyPortal/EnterButton' is clicked on

2021-01-14 09:06:53 - [MESSAGE][PASSED] - pages.Journey.clickEnterButton is PASSED

2021-01-14 09:06:53 - [TEST_STEP][PASSED] - pages.Journey.sectionPageVerification(): pages.Journey.sectionPageVerification is PASSED

2021-01-14 09:06:54 - [MESSAGE][PASSED] - Object 'Object Repository/Journey/JourneyPortal/Section/sectionPage' is present

2021-01-14 09:06:54 - [MESSAGE][PASSED] - pages.Journey.sectionPageVerification is PASSED]]></system-out>
         <system-err><![CDATA[]]></system-err>
      </testcase>
      <testcase name="Test Cases/JourneyPortal/loginToJourneyApplicationThroughInvalidAccessCodeAndVerifyTheErrorMessage" time="23.802" classname="Test Cases/JourneyPortal/loginToJourneyApplicationThroughInvalidAccessCodeAndVerifyTheErrorMessage" status="PASSED">
         <system-out><![CDATA[2021-01-14 09:06:54 - [TEST_CASE][PASSED] - Test Cases/JourneyPortal/loginToJourneyApplicationThroughInvalidAccessCodeAndVerifyTheErrorMessage: Test Cases/JourneyPortal/loginToJourneyApplicationThroughInvalidAccessCodeAndVerifyTheErrorMessage

2021-01-14 09:06:54 - [TEST_STEP][PASSED] - Start listener action : login: com.kms.katalon.core.webui.exception.WebElementNotFoundException: Web element with id: 'Object Repository/Login Credentials/Email' located by '//input[@name='email']' not found (Root cause: com.kms.katalon.core.exception.StepFailedException: com.kms.katalon.core.webui.exception.WebElementNotFoundException: Web element with id: 'Object Repository/Login Credentials/Email' located by '//input[@name='email']' not found
	at com.kms.katalon.core.webui.keyword.internal.WebUIKeywordMain.stepFailed(WebUIKeywordMain.groovy:64)
	at com.kms.katalon.core.webui.keyword.builtin.VerifyElementPresentKeyword$_verifyElementPresent_closure1.doCall(VerifyElementPresentKeyword.groovy:85)
	at com.kms.katalon.core.webui.keyword.builtin.VerifyElementPresentKeyword$_verifyElementPresent_closure1.call(VerifyElementPresentKeyword.groovy)
	at com.kms.katalon.core.webui.keyword.internal.WebUIKeywordMain.runKeyword(WebUIKeywordMain.groovy:20)
	at com.kms.katalon.core.webui.keyword.builtin.VerifyElementPresentKeyword.verifyElementPresent(VerifyElementPresentKeyword.groovy:92)
	at com.kms.katalon.core.webui.keyword.builtin.VerifyElementPresentKeyword.execute(VerifyElementPresentKeyword.groovy:68)
	at com.kms.katalon.core.keyword.internal.KeywordExecutor.executeKeywordForPlatform(KeywordExecutor.groovy:73)
	at com.kms.katalon.core.webui.keyword.WebUiBuiltInKeywords.verifyElementPresent(WebUiBuiltInKeywords.groovy:1445)
	at com.kms.katalon.core.webui.keyword.WebUiBuiltInKeywords$verifyElementPresent$2.call(Unknown Source)
	at login.LoginForAdminDevEnvironment.login(LoginForAdminDevEnvironment.groovy:17)
	at login.LoginForAdminDevEnvironment$login.call(Unknown Source)
	at Login.login(Login.groovy:37)
	at Login.invokeMethod(Login.groovy)
	at com.kms.katalon.core.context.internal.TestHooker.invokeMethod(TestHooker.java:111)
	at com.kms.katalon.core.context.internal.TestHooker.lambda$3(TestHooker.java:95)
	at com.kms.katalon.core.context.internal.TestHooker.invokeContextMethods(TestHooker.java:94)
	at com.kms.katalon.core.context.internal.TestListenerCollector.lambda$3(TestListenerCollector.java:88)
	at com.kms.katalon.core.context.internal.TestListenerCollector.handleListenerEvent(TestListenerCollector.java:85)
	at com.kms.katalon.core.context.internal.ExecutionEventManager.publicEvent(ExecutionEventManager.java:36)
	at com.kms.katalon.core.main.TestCaseExecutor.execute(TestCaseExecutor.java:221)
	at com.kms.katalon.core.main.TestSuiteExecutor.accessTestCaseMainPhase(TestSuiteExecutor.java:191)
	at com.kms.katalon.core.main.TestSuiteExecutor.accessTestSuiteMainPhase(TestSuiteExecutor.java:141)
	at com.kms.katalon.core.main.TestSuiteExecutor.execute(TestSuiteExecutor.java:90)
	at com.kms.katalon.core.main.TestCaseMain.startTestSuite(TestCaseMain.java:157)
	at com.kms.katalon.core.main.TestCaseMain$startTestSuite$0.call(Unknown Source)
	at TempTestSuite1610631842892.run(TempTestSuite1610631842892.groovy:39)
)

2021-01-14 09:06:54 - [TEST_STEP][PASSED] - Thread.sleep(3000): null

2021-01-14 09:06:57 - [TEST_STEP][PASSED] - url = getUrl(): Current window's url is: 'https://qualitlabs.dev.modist.co/section/521'

2021-01-14 09:06:57 - [MESSAGE][PASSED] - Current window's url is: 'https://qualitlabs.dev.modist.co/section/521'

2021-01-14 09:06:57 - [TEST_STEP][PASSED] - if (!(url.contains("dashboard"))): com.kms.katalon.core.webui.exception.WebElementNotFoundException: Web element with id: 'Object Repository/Login Credentials/Email' located by '//input[@name='email']' not found (Root cause: com.kms.katalon.core.exception.StepFailedException: com.kms.katalon.core.webui.exception.WebElementNotFoundException: Web element with id: 'Object Repository/Login Credentials/Email' located by '//input[@name='email']' not found
	at com.kms.katalon.core.webui.keyword.internal.WebUIKeywordMain.stepFailed(WebUIKeywordMain.groovy:64)
	at com.kms.katalon.core.webui.keyword.builtin.VerifyElementPresentKeyword$_verifyElementPresent_closure1.doCall(VerifyElementPresentKeyword.groovy:85)
	at com.kms.katalon.core.webui.keyword.builtin.VerifyElementPresentKeyword$_verifyElementPresent_closure1.call(VerifyElementPresentKeyword.groovy)
	at com.kms.katalon.core.webui.keyword.internal.WebUIKeywordMain.runKeyword(WebUIKeywordMain.groovy:20)
	at com.kms.katalon.core.webui.keyword.builtin.VerifyElementPresentKeyword.verifyElementPresent(VerifyElementPresentKeyword.groovy:92)
	at com.kms.katalon.core.webui.keyword.builtin.VerifyElementPresentKeyword.execute(VerifyElementPresentKeyword.groovy:68)
	at com.kms.katalon.core.keyword.internal.KeywordExecutor.executeKeywordForPlatform(KeywordExecutor.groovy:73)
	at com.kms.katalon.core.webui.keyword.WebUiBuiltInKeywords.verifyElementPresent(WebUiBuiltInKeywords.groovy:1445)
	at com.kms.katalon.core.webui.keyword.WebUiBuiltInKeywords$verifyElementPresent$2.call(Unknown Source)
	at login.LoginForAdminDevEnvironment.login(LoginForAdminDevEnvironment.groovy:17)
	at login.LoginForAdminDevEnvironment$login.call(Unknown Source)
	at Login.login(Login.groovy:37)
	at Login.invokeMethod(Login.groovy)
	at com.kms.katalon.core.context.internal.TestHooker.invokeMethod(TestHooker.java:111)
	at com.kms.katalon.core.context.internal.TestHooker.lambda$3(TestHooker.java:95)
	at com.kms.katalon.core.context.internal.TestHooker.invokeContextMethods(TestHooker.java:94)
	at com.kms.katalon.core.context.internal.TestListenerCollector.lambda$3(TestListenerCollector.java:88)
	at com.kms.katalon.core.context.internal.TestListenerCollector.handleListenerEvent(TestListenerCollector.java:85)
	at com.kms.katalon.core.context.internal.ExecutionEventManager.publicEvent(ExecutionEventManager.java:36)
	at com.kms.katalon.core.main.TestCaseExecutor.execute(TestCaseExecutor.java:221)
	at com.kms.katalon.core.main.TestSuiteExecutor.accessTestCaseMainPhase(TestSuiteExecutor.java:191)
	at com.kms.katalon.core.main.TestSuiteExecutor.accessTestSuiteMainPhase(TestSuiteExecutor.java:141)
	at com.kms.katalon.core.main.TestSuiteExecutor.execute(TestSuiteExecutor.java:90)
	at com.kms.katalon.core.main.TestCaseMain.startTestSuite(TestCaseMain.java:157)
	at com.kms.katalon.core.main.TestCaseMain$startTestSuite$0.call(Unknown Source)
	at TempTestSuite1610631842892.run(TempTestSuite1610631842892.groovy:39)
)

2021-01-14 09:06:57 - [TEST_STEP][PASSED] - navigateToUrl(Url): Navigate to 'https://dev-admin.modist.co/' successfully

2021-01-14 09:06:58 - [MESSAGE][PASSED] - Navigate to 'https://dev-admin.modist.co/' successfully

2021-01-14 09:06:58 - [TEST_STEP][PASSED] - loginPage.login(Email, Password): com.kms.katalon.core.webui.exception.WebElementNotFoundException: Web element with id: 'Object Repository/Login Credentials/Email' located by '//input[@name='email']' not found (Root cause: com.kms.katalon.core.exception.StepFailedException: com.kms.katalon.core.webui.exception.WebElementNotFoundException: Web element with id: 'Object Repository/Login Credentials/Email' located by '//input[@name='email']' not found
	at com.kms.katalon.core.webui.keyword.internal.WebUIKeywordMain.stepFailed(WebUIKeywordMain.groovy:64)
	at com.kms.katalon.core.webui.keyword.builtin.VerifyElementPresentKeyword$_verifyElementPresent_closure1.doCall(VerifyElementPresentKeyword.groovy:85)
	at com.kms.katalon.core.webui.keyword.builtin.VerifyElementPresentKeyword$_verifyElementPresent_closure1.call(VerifyElementPresentKeyword.groovy)
	at com.kms.katalon.core.webui.keyword.internal.WebUIKeywordMain.runKeyword(WebUIKeywordMain.groovy:20)
	at com.kms.katalon.core.webui.keyword.builtin.VerifyElementPresentKeyword.verifyElementPresent(VerifyElementPresentKeyword.groovy:92)
	at com.kms.katalon.core.webui.keyword.builtin.VerifyElementPresentKeyword.execute(VerifyElementPresentKeyword.groovy:68)
	at com.kms.katalon.core.keyword.internal.KeywordExecutor.executeKeywordForPlatform(KeywordExecutor.groovy:73)
	at com.kms.katalon.core.webui.keyword.WebUiBuiltInKeywords.verifyElementPresent(WebUiBuiltInKeywords.groovy:1445)
	at com.kms.katalon.core.webui.keyword.WebUiBuiltInKeywords$verifyElementPresent$2.call(Unknown Source)
	at login.LoginForAdminDevEnvironment.login(LoginForAdminDevEnvironment.groovy:17)
	at login.LoginForAdminDevEnvironment$login.call(Unknown Source)
	at Login.login(Login.groovy:37)
	at Login.invokeMethod(Login.groovy)
	at com.kms.katalon.core.context.internal.TestHooker.invokeMethod(TestHooker.java:111)
	at com.kms.katalon.core.context.internal.TestHooker.lambda$3(TestHooker.java:95)
	at com.kms.katalon.core.context.internal.TestHooker.invokeContextMethods(TestHooker.java:94)
	at com.kms.katalon.core.context.internal.TestListenerCollector.lambda$3(TestListenerCollector.java:88)
	at com.kms.katalon.core.context.internal.TestListenerCollector.handleListenerEvent(TestListenerCollector.java:85)
	at com.kms.katalon.core.context.internal.ExecutionEventManager.publicEvent(ExecutionEventManager.java:36)
	at com.kms.katalon.core.main.TestCaseExecutor.execute(TestCaseExecutor.java:221)
	at com.kms.katalon.core.main.TestSuiteExecutor.accessTestCaseMainPhase(TestSuiteExecutor.java:191)
	at com.kms.katalon.core.main.TestSuiteExecutor.accessTestSuiteMainPhase(TestSuiteExecutor.java:141)
	at com.kms.katalon.core.main.TestSuiteExecutor.execute(TestSuiteExecutor.java:90)
	at com.kms.katalon.core.main.TestCaseMain.startTestSuite(TestCaseMain.java:157)
	at com.kms.katalon.core.main.TestCaseMain$startTestSuite$0.call(Unknown Source)
	at TempTestSuite1610631842892.run(TempTestSuite1610631842892.groovy:39)
)

2021-01-14 09:07:03 - [MESSAGE][INFO] - Unable to find the element located by 'By.xpath: //input[@name='email']'. Please recheck the objects properties to make sure the desired element is located. 

2021-01-14 09:07:03 - [MESSAGE][WARNING] - com.kms.katalon.core.webui.exception.WebElementNotFoundException: Web element with id: 'Object Repository/Login Credentials/Email' located by '//input[@name='email']' not found (Root cause: com.kms.katalon.core.exception.StepFailedException: com.kms.katalon.core.webui.exception.WebElementNotFoundException: Web element with id: 'Object Repository/Login Credentials/Email' located by '//input[@name='email']' not found
	at com.kms.katalon.core.webui.keyword.internal.WebUIKeywordMain.stepFailed(WebUIKeywordMain.groovy:64)
	at com.kms.katalon.core.webui.keyword.builtin.VerifyElementPresentKeyword$_verifyElementPresent_closure1.doCall(VerifyElementPresentKeyword.groovy:85)
	at com.kms.katalon.core.webui.keyword.builtin.VerifyElementPresentKeyword$_verifyElementPresent_closure1.call(VerifyElementPresentKeyword.groovy)
	at com.kms.katalon.core.webui.keyword.internal.WebUIKeywordMain.runKeyword(WebUIKeywordMain.groovy:20)
	at com.kms.katalon.core.webui.keyword.builtin.VerifyElementPresentKeyword.verifyElementPresent(VerifyElementPresentKeyword.groovy:92)
	at com.kms.katalon.core.webui.keyword.builtin.VerifyElementPresentKeyword.execute(VerifyElementPresentKeyword.groovy:68)
	at com.kms.katalon.core.keyword.internal.KeywordExecutor.executeKeywordForPlatform(KeywordExecutor.groovy:73)
	at com.kms.katalon.core.webui.keyword.WebUiBuiltInKeywords.verifyElementPresent(WebUiBuiltInKeywords.groovy:1445)
	at com.kms.katalon.core.webui.keyword.WebUiBuiltInKeywords$verifyElementPresent$2.call(Unknown Source)
	at login.LoginForAdminDevEnvironment.login(LoginForAdminDevEnvironment.groovy:17)
	at login.LoginForAdminDevEnvironment$login.call(Unknown Source)
	at Login.login(Login.groovy:37)
	at Login.invokeMethod(Login.groovy)
	at com.kms.katalon.core.context.internal.TestHooker.invokeMethod(TestHooker.java:111)
	at com.kms.katalon.core.context.internal.TestHooker.lambda$3(TestHooker.java:95)
	at com.kms.katalon.core.context.internal.TestHooker.invokeContextMethods(TestHooker.java:94)
	at com.kms.katalon.core.context.internal.TestListenerCollector.lambda$3(TestListenerCollector.java:88)
	at com.kms.katalon.core.context.internal.TestListenerCollector.handleListenerEvent(TestListenerCollector.java:85)
	at com.kms.katalon.core.context.internal.ExecutionEventManager.publicEvent(ExecutionEventManager.java:36)
	at com.kms.katalon.core.main.TestCaseExecutor.execute(TestCaseExecutor.java:221)
	at com.kms.katalon.core.main.TestSuiteExecutor.accessTestCaseMainPhase(TestSuiteExecutor.java:191)
	at com.kms.katalon.core.main.TestSuiteExecutor.accessTestSuiteMainPhase(TestSuiteExecutor.java:141)
	at com.kms.katalon.core.main.TestSuiteExecutor.execute(TestSuiteExecutor.java:90)
	at com.kms.katalon.core.main.TestCaseMain.startTestSuite(TestCaseMain.java:157)
	at com.kms.katalon.core.main.TestCaseMain$startTestSuite$0.call(Unknown Source)
	at TempTestSuite1610631842892.run(TempTestSuite1610631842892.groovy:39)
)
[[ATTACHMENT|E:\\Modist\\ModistProject\\Reports\\20210114_084402\\AllTestCases\\20210114_084402\\1610633223223.png]]

2021-01-14 09:07:03 - [TEST_STEP][PASSED] - pages.Journey.clickOnJourneyTab(): pages.Journey.clickOnJourneyTab is PASSED

2021-01-14 09:07:04 - [MESSAGE][PASSED] - Object 'Object Repository/Journey/Journeytab' is present

2021-01-14 09:07:04 - [MESSAGE][PASSED] - Object 'Object Repository/Journey/Journeytab' is visible

2021-01-14 09:07:04 - [MESSAGE][PASSED] - Object 'Object Repository/Journey/Journeytab' is clickable

2021-01-14 09:07:05 - [MESSAGE][PASSED] - Object: 'Object Repository/Journey/Journeytab' is clicked on

2021-01-14 09:07:05 - [MESSAGE][PASSED] - pages.Journey.clickOnJourneyTab is PASSED

2021-01-14 09:07:05 - [TEST_STEP][PASSED] - journeyName = pages.Journey.getRandomJourneyName(): pages.Journey.getRandomJourneyName is PASSED

2021-01-14 09:07:05 - [MESSAGE][PASSED] - Object 'Object Repository/Journey/toGetJourneysCount' is present

2021-01-14 09:07:05 - [MESSAGE][PASSED] - Object 'Object Repository/Journey/toGetJourneysCount' is present

2021-01-14 09:07:06 - [MESSAGE][PASSED] - Text of object 'Object Repository/Journey/toPickrandomJourney(index)' is: 'JO5'

2021-01-14 09:07:06 - [MESSAGE][PASSED] - pages.Journey.getRandomJourneyName is PASSED

2021-01-14 09:07:06 - [TEST_STEP][PASSED] - accessCode = pages.Journey.getExistingJourneyAccesscode(journeyName): pages.Journey.getExistingJourneyAccesscode is PASSED

2021-01-14 09:07:06 - [MESSAGE][PASSED] - Object 'Object Repository/Journey/journrySearchInput' is present

2021-01-14 09:07:06 - [MESSAGE][PASSED] - Object 'Object Repository/Journey/journrySearchInput' is visible

2021-01-14 09:07:07 - [MESSAGE][PASSED] - Object 'Object Repository/Journey/journrySearchInput' is clickable

2021-01-14 09:07:07 - [MESSAGE][PASSED] - Text of object 'Object Repository/Journey/journrySearchInput' is cleared

2021-01-14 09:07:07 - [MESSAGE][PASSED] - Keys '' sent to object: 'Object Repository/Journey/journrySearchInput'

2021-01-14 09:07:08 - [MESSAGE][PASSED] - Keys 'J' sent to object: 'Object Repository/Journey/journrySearchInput'

2021-01-14 09:07:08 - [MESSAGE][PASSED] - Keys 'O' sent to object: 'Object Repository/Journey/journrySearchInput'

2021-01-14 09:07:09 - [MESSAGE][PASSED] - Keys '5' sent to object: 'Object Repository/Journey/journrySearchInput'

2021-01-14 09:07:10 - [MESSAGE][PASSED] - Object 'Object Repository/Journey/clickVerifyingJourney(journeyName)' is present

2021-01-14 09:07:11 - [MESSAGE][PASSED] - Object 'Object Repository/Journey/clickVerifyingJourney(journeyName)' is visible

2021-01-14 09:07:11 - [MESSAGE][PASSED] - Object 'Object Repository/Journey/clickVerifyingJourney(journeyName)' is clickable

2021-01-14 09:07:11 - [MESSAGE][PASSED] - Object: 'Object Repository/Journey/clickVerifyingJourney(journeyName)' is clicked on

2021-01-14 09:07:12 - [MESSAGE][PASSED] - Scroll to object 'Object Repository/Journey/Current Access Codes/currentAccessCodeField' successfully

2021-01-14 09:07:12 - [MESSAGE][PASSED] - Object 'Object Repository/Journey/Current Access Codes/getAccessCodesCount' is present

2021-01-14 09:07:13 - [MESSAGE][PASSED] - Text of object 'Object Repository/Journey/Current Access Codes/getAccessCodeText(index)' is: 'access19'

2021-01-14 09:07:13 - [MESSAGE][PASSED] - pages.Journey.getExistingJourneyAccesscode is PASSED

2021-01-14 09:07:13 - [TEST_STEP][PASSED] - accessCode = accessCode + "1*3#%": null

2021-01-14 09:07:13 - [TEST_STEP][PASSED] - login.LoginForJourneyApplication.loginToJourneyApplication(): login.LoginForJourneyApplication.loginToJourneyApplication is PASSED

2021-01-14 09:07:13 - [MESSAGE][PASSED] - Navigate to 'https://qualitlabs.dev.modist.co/' successfully

2021-01-14 09:07:13 - [MESSAGE][PASSED] - login.LoginForJourneyApplication.loginToJourneyApplication is PASSED

2021-01-14 09:07:13 - [TEST_STEP][PASSED] - pages.Journey.enterAccessCodeInJourney(accessCode): pages.Journey.enterAccessCodeInJourney is PASSED

2021-01-14 09:07:14 - [MESSAGE][PASSED] - Object 'Object Repository/Journey/JourneyPortal/enterAccessCode' is present

2021-01-14 09:07:14 - [MESSAGE][PASSED] - Object 'Object Repository/Journey/JourneyPortal/enterAccessCode' is visible

2021-01-14 09:07:15 - [MESSAGE][PASSED] - Object 'Object Repository/Journey/JourneyPortal/enterAccessCode' is clickable

2021-01-14 09:07:15 - [MESSAGE][PASSED] - Text of object 'Object Repository/Journey/JourneyPortal/enterAccessCode' is cleared

2021-01-14 09:07:16 - [MESSAGE][PASSED] - Keys 'access191*3#%' sent to object: 'Object Repository/Journey/JourneyPortal/enterAccessCode'

2021-01-14 09:07:16 - [MESSAGE][PASSED] - pages.Journey.enterAccessCodeInJourney is PASSED

2021-01-14 09:07:16 - [TEST_STEP][PASSED] - pages.Journey.clickEnterButton(): pages.Journey.clickEnterButton is PASSED

2021-01-14 09:07:16 - [MESSAGE][PASSED] - Object 'Object Repository/Journey/JourneyPortal/EnterButton' is present

2021-01-14 09:07:16 - [MESSAGE][PASSED] - Object 'Object Repository/Journey/JourneyPortal/EnterButton' is visible

2021-01-14 09:07:17 - [MESSAGE][PASSED] - Object 'Object Repository/Journey/JourneyPortal/EnterButton' is clickable

2021-01-14 09:07:17 - [MESSAGE][PASSED] - Object: 'Object Repository/Journey/JourneyPortal/EnterButton' is clicked on

2021-01-14 09:07:17 - [MESSAGE][PASSED] - pages.Journey.clickEnterButton is PASSED

2021-01-14 09:07:17 - [TEST_STEP][PASSED] - pages.Journey.errorLoginCheck(): pages.Journey.errorLoginCheck is PASSED

2021-01-14 09:07:18 - [MESSAGE][PASSED] - Object 'Object Repository/Journey/JourneyPortal/warningMessageForInvalidAccessCode' is present

2021-01-14 09:07:18 - [MESSAGE][PASSED] - pages.Journey.errorLoginCheck is PASSED]]></system-out>
         <system-err><![CDATA[]]></system-err>
      </testcase>
      <testcase name="Test Cases/JourneyPortal/loginToJourneyApplicationWithEmptyAccessCode" time="22.392" classname="Test Cases/JourneyPortal/loginToJourneyApplicationWithEmptyAccessCode" status="PASSED">
         <system-out><![CDATA[2021-01-14 09:07:18 - [TEST_CASE][PASSED] - Test Cases/JourneyPortal/loginToJourneyApplicationWithEmptyAccessCode: Test Cases/JourneyPortal/loginToJourneyApplicationWithEmptyAccessCode

2021-01-14 09:07:18 - [TEST_STEP][PASSED] - Start listener action : login: com.kms.katalon.core.webui.exception.WebElementNotFoundException: Web element with id: 'Object Repository/Login Credentials/Email' located by '//input[@name='email']' not found (Root cause: com.kms.katalon.core.exception.StepFailedException: com.kms.katalon.core.webui.exception.WebElementNotFoundException: Web element with id: 'Object Repository/Login Credentials/Email' located by '//input[@name='email']' not found
	at com.kms.katalon.core.webui.keyword.internal.WebUIKeywordMain.stepFailed(WebUIKeywordMain.groovy:64)
	at com.kms.katalon.core.webui.keyword.builtin.VerifyElementPresentKeyword$_verifyElementPresent_closure1.doCall(VerifyElementPresentKeyword.groovy:85)
	at com.kms.katalon.core.webui.keyword.builtin.VerifyElementPresentKeyword$_verifyElementPresent_closure1.call(VerifyElementPresentKeyword.groovy)
	at com.kms.katalon.core.webui.keyword.internal.WebUIKeywordMain.runKeyword(WebUIKeywordMain.groovy:20)
	at com.kms.katalon.core.webui.keyword.builtin.VerifyElementPresentKeyword.verifyElementPresent(VerifyElementPresentKeyword.groovy:92)
	at com.kms.katalon.core.webui.keyword.builtin.VerifyElementPresentKeyword.execute(VerifyElementPresentKeyword.groovy:68)
	at com.kms.katalon.core.keyword.internal.KeywordExecutor.executeKeywordForPlatform(KeywordExecutor.groovy:73)
	at com.kms.katalon.core.webui.keyword.WebUiBuiltInKeywords.verifyElementPresent(WebUiBuiltInKeywords.groovy:1445)
	at com.kms.katalon.core.webui.keyword.WebUiBuiltInKeywords$verifyElementPresent$2.call(Unknown Source)
	at login.LoginForAdminDevEnvironment.login(LoginForAdminDevEnvironment.groovy:17)
	at login.LoginForAdminDevEnvironment$login.call(Unknown Source)
	at Login.login(Login.groovy:37)
	at Login.invokeMethod(Login.groovy)
	at com.kms.katalon.core.context.internal.TestHooker.invokeMethod(TestHooker.java:111)
	at com.kms.katalon.core.context.internal.TestHooker.lambda$3(TestHooker.java:95)
	at com.kms.katalon.core.context.internal.TestHooker.invokeContextMethods(TestHooker.java:94)
	at com.kms.katalon.core.context.internal.TestListenerCollector.lambda$3(TestListenerCollector.java:88)
	at com.kms.katalon.core.context.internal.TestListenerCollector.handleListenerEvent(TestListenerCollector.java:85)
	at com.kms.katalon.core.context.internal.ExecutionEventManager.publicEvent(ExecutionEventManager.java:36)
	at com.kms.katalon.core.main.TestCaseExecutor.execute(TestCaseExecutor.java:221)
	at com.kms.katalon.core.main.TestSuiteExecutor.accessTestCaseMainPhase(TestSuiteExecutor.java:191)
	at com.kms.katalon.core.main.TestSuiteExecutor.accessTestSuiteMainPhase(TestSuiteExecutor.java:141)
	at com.kms.katalon.core.main.TestSuiteExecutor.execute(TestSuiteExecutor.java:90)
	at com.kms.katalon.core.main.TestCaseMain.startTestSuite(TestCaseMain.java:157)
	at com.kms.katalon.core.main.TestCaseMain$startTestSuite$0.call(Unknown Source)
	at TempTestSuite1610631842892.run(TempTestSuite1610631842892.groovy:39)
)

2021-01-14 09:07:18 - [TEST_STEP][PASSED] - Thread.sleep(3000): null

2021-01-14 09:07:21 - [TEST_STEP][PASSED] - url = getUrl(): Current window's url is: 'https://qualitlabs.dev.modist.co/'

2021-01-14 09:07:21 - [MESSAGE][PASSED] - Current window's url is: 'https://qualitlabs.dev.modist.co/'

2021-01-14 09:07:21 - [TEST_STEP][PASSED] - if (!(url.contains("dashboard"))): com.kms.katalon.core.webui.exception.WebElementNotFoundException: Web element with id: 'Object Repository/Login Credentials/Email' located by '//input[@name='email']' not found (Root cause: com.kms.katalon.core.exception.StepFailedException: com.kms.katalon.core.webui.exception.WebElementNotFoundException: Web element with id: 'Object Repository/Login Credentials/Email' located by '//input[@name='email']' not found
	at com.kms.katalon.core.webui.keyword.internal.WebUIKeywordMain.stepFailed(WebUIKeywordMain.groovy:64)
	at com.kms.katalon.core.webui.keyword.builtin.VerifyElementPresentKeyword$_verifyElementPresent_closure1.doCall(VerifyElementPresentKeyword.groovy:85)
	at com.kms.katalon.core.webui.keyword.builtin.VerifyElementPresentKeyword$_verifyElementPresent_closure1.call(VerifyElementPresentKeyword.groovy)
	at com.kms.katalon.core.webui.keyword.internal.WebUIKeywordMain.runKeyword(WebUIKeywordMain.groovy:20)
	at com.kms.katalon.core.webui.keyword.builtin.VerifyElementPresentKeyword.verifyElementPresent(VerifyElementPresentKeyword.groovy:92)
	at com.kms.katalon.core.webui.keyword.builtin.VerifyElementPresentKeyword.execute(VerifyElementPresentKeyword.groovy:68)
	at com.kms.katalon.core.keyword.internal.KeywordExecutor.executeKeywordForPlatform(KeywordExecutor.groovy:73)
	at com.kms.katalon.core.webui.keyword.WebUiBuiltInKeywords.verifyElementPresent(WebUiBuiltInKeywords.groovy:1445)
	at com.kms.katalon.core.webui.keyword.WebUiBuiltInKeywords$verifyElementPresent$2.call(Unknown Source)
	at login.LoginForAdminDevEnvironment.login(LoginForAdminDevEnvironment.groovy:17)
	at login.LoginForAdminDevEnvironment$login.call(Unknown Source)
	at Login.login(Login.groovy:37)
	at Login.invokeMethod(Login.groovy)
	at com.kms.katalon.core.context.internal.TestHooker.invokeMethod(TestHooker.java:111)
	at com.kms.katalon.core.context.internal.TestHooker.lambda$3(TestHooker.java:95)
	at com.kms.katalon.core.context.internal.TestHooker.invokeContextMethods(TestHooker.java:94)
	at com.kms.katalon.core.context.internal.TestListenerCollector.lambda$3(TestListenerCollector.java:88)
	at com.kms.katalon.core.context.internal.TestListenerCollector.handleListenerEvent(TestListenerCollector.java:85)
	at com.kms.katalon.core.context.internal.ExecutionEventManager.publicEvent(ExecutionEventManager.java:36)
	at com.kms.katalon.core.main.TestCaseExecutor.execute(TestCaseExecutor.java:221)
	at com.kms.katalon.core.main.TestSuiteExecutor.accessTestCaseMainPhase(TestSuiteExecutor.java:191)
	at com.kms.katalon.core.main.TestSuiteExecutor.accessTestSuiteMainPhase(TestSuiteExecutor.java:141)
	at com.kms.katalon.core.main.TestSuiteExecutor.execute(TestSuiteExecutor.java:90)
	at com.kms.katalon.core.main.TestCaseMain.startTestSuite(TestCaseMain.java:157)
	at com.kms.katalon.core.main.TestCaseMain$startTestSuite$0.call(Unknown Source)
	at TempTestSuite1610631842892.run(TempTestSuite1610631842892.groovy:39)
)

2021-01-14 09:07:21 - [TEST_STEP][PASSED] - navigateToUrl(Url): Navigate to 'https://dev-admin.modist.co/' successfully

2021-01-14 09:07:21 - [MESSAGE][PASSED] - Navigate to 'https://dev-admin.modist.co/' successfully

2021-01-14 09:07:21 - [TEST_STEP][PASSED] - loginPage.login(Email, Password): com.kms.katalon.core.webui.exception.WebElementNotFoundException: Web element with id: 'Object Repository/Login Credentials/Email' located by '//input[@name='email']' not found (Root cause: com.kms.katalon.core.exception.StepFailedException: com.kms.katalon.core.webui.exception.WebElementNotFoundException: Web element with id: 'Object Repository/Login Credentials/Email' located by '//input[@name='email']' not found
	at com.kms.katalon.core.webui.keyword.internal.WebUIKeywordMain.stepFailed(WebUIKeywordMain.groovy:64)
	at com.kms.katalon.core.webui.keyword.builtin.VerifyElementPresentKeyword$_verifyElementPresent_closure1.doCall(VerifyElementPresentKeyword.groovy:85)
	at com.kms.katalon.core.webui.keyword.builtin.VerifyElementPresentKeyword$_verifyElementPresent_closure1.call(VerifyElementPresentKeyword.groovy)
	at com.kms.katalon.core.webui.keyword.internal.WebUIKeywordMain.runKeyword(WebUIKeywordMain.groovy:20)
	at com.kms.katalon.core.webui.keyword.builtin.VerifyElementPresentKeyword.verifyElementPresent(VerifyElementPresentKeyword.groovy:92)
	at com.kms.katalon.core.webui.keyword.builtin.VerifyElementPresentKeyword.execute(VerifyElementPresentKeyword.groovy:68)
	at com.kms.katalon.core.keyword.internal.KeywordExecutor.executeKeywordForPlatform(KeywordExecutor.groovy:73)
	at com.kms.katalon.core.webui.keyword.WebUiBuiltInKeywords.verifyElementPresent(WebUiBuiltInKeywords.groovy:1445)
	at com.kms.katalon.core.webui.keyword.WebUiBuiltInKeywords$verifyElementPresent$2.call(Unknown Source)
	at login.LoginForAdminDevEnvironment.login(LoginForAdminDevEnvironment.groovy:17)
	at login.LoginForAdminDevEnvironment$login.call(Unknown Source)
	at Login.login(Login.groovy:37)
	at Login.invokeMethod(Login.groovy)
	at com.kms.katalon.core.context.internal.TestHooker.invokeMethod(TestHooker.java:111)
	at com.kms.katalon.core.context.internal.TestHooker.lambda$3(TestHooker.java:95)
	at com.kms.katalon.core.context.internal.TestHooker.invokeContextMethods(TestHooker.java:94)
	at com.kms.katalon.core.context.internal.TestListenerCollector.lambda$3(TestListenerCollector.java:88)
	at com.kms.katalon.core.context.internal.TestListenerCollector.handleListenerEvent(TestListenerCollector.java:85)
	at com.kms.katalon.core.context.internal.ExecutionEventManager.publicEvent(ExecutionEventManager.java:36)
	at com.kms.katalon.core.main.TestCaseExecutor.execute(TestCaseExecutor.java:221)
	at com.kms.katalon.core.main.TestSuiteExecutor.accessTestCaseMainPhase(TestSuiteExecutor.java:191)
	at com.kms.katalon.core.main.TestSuiteExecutor.accessTestSuiteMainPhase(TestSuiteExecutor.java:141)
	at com.kms.katalon.core.main.TestSuiteExecutor.execute(TestSuiteExecutor.java:90)
	at com.kms.katalon.core.main.TestCaseMain.startTestSuite(TestCaseMain.java:157)
	at com.kms.katalon.core.main.TestCaseMain$startTestSuite$0.call(Unknown Source)
	at TempTestSuite1610631842892.run(TempTestSuite1610631842892.groovy:39)
)

2021-01-14 09:07:26 - [MESSAGE][INFO] - Unable to find the element located by 'By.xpath: //input[@name='email']'. Please recheck the objects properties to make sure the desired element is located. 

2021-01-14 09:07:27 - [MESSAGE][WARNING] - com.kms.katalon.core.webui.exception.WebElementNotFoundException: Web element with id: 'Object Repository/Login Credentials/Email' located by '//input[@name='email']' not found (Root cause: com.kms.katalon.core.exception.StepFailedException: com.kms.katalon.core.webui.exception.WebElementNotFoundException: Web element with id: 'Object Repository/Login Credentials/Email' located by '//input[@name='email']' not found
	at com.kms.katalon.core.webui.keyword.internal.WebUIKeywordMain.stepFailed(WebUIKeywordMain.groovy:64)
	at com.kms.katalon.core.webui.keyword.builtin.VerifyElementPresentKeyword$_verifyElementPresent_closure1.doCall(VerifyElementPresentKeyword.groovy:85)
	at com.kms.katalon.core.webui.keyword.builtin.VerifyElementPresentKeyword$_verifyElementPresent_closure1.call(VerifyElementPresentKeyword.groovy)
	at com.kms.katalon.core.webui.keyword.internal.WebUIKeywordMain.runKeyword(WebUIKeywordMain.groovy:20)
	at com.kms.katalon.core.webui.keyword.builtin.VerifyElementPresentKeyword.verifyElementPresent(VerifyElementPresentKeyword.groovy:92)
	at com.kms.katalon.core.webui.keyword.builtin.VerifyElementPresentKeyword.execute(VerifyElementPresentKeyword.groovy:68)
	at com.kms.katalon.core.keyword.internal.KeywordExecutor.executeKeywordForPlatform(KeywordExecutor.groovy:73)
	at com.kms.katalon.core.webui.keyword.WebUiBuiltInKeywords.verifyElementPresent(WebUiBuiltInKeywords.groovy:1445)
	at com.kms.katalon.core.webui.keyword.WebUiBuiltInKeywords$verifyElementPresent$2.call(Unknown Source)
	at login.LoginForAdminDevEnvironment.login(LoginForAdminDevEnvironment.groovy:17)
	at login.LoginForAdminDevEnvironment$login.call(Unknown Source)
	at Login.login(Login.groovy:37)
	at Login.invokeMethod(Login.groovy)
	at com.kms.katalon.core.context.internal.TestHooker.invokeMethod(TestHooker.java:111)
	at com.kms.katalon.core.context.internal.TestHooker.lambda$3(TestHooker.java:95)
	at com.kms.katalon.core.context.internal.TestHooker.invokeContextMethods(TestHooker.java:94)
	at com.kms.katalon.core.context.internal.TestListenerCollector.lambda$3(TestListenerCollector.java:88)
	at com.kms.katalon.core.context.internal.TestListenerCollector.handleListenerEvent(TestListenerCollector.java:85)
	at com.kms.katalon.core.context.internal.ExecutionEventManager.publicEvent(ExecutionEventManager.java:36)
	at com.kms.katalon.core.main.TestCaseExecutor.execute(TestCaseExecutor.java:221)
	at com.kms.katalon.core.main.TestSuiteExecutor.accessTestCaseMainPhase(TestSuiteExecutor.java:191)
	at com.kms.katalon.core.main.TestSuiteExecutor.accessTestSuiteMainPhase(TestSuiteExecutor.java:141)
	at com.kms.katalon.core.main.TestSuiteExecutor.execute(TestSuiteExecutor.java:90)
	at com.kms.katalon.core.main.TestCaseMain.startTestSuite(TestCaseMain.java:157)
	at com.kms.katalon.core.main.TestCaseMain$startTestSuite$0.call(Unknown Source)
	at TempTestSuite1610631842892.run(TempTestSuite1610631842892.groovy:39)
)
[[ATTACHMENT|E:\\Modist\\ModistProject\\Reports\\20210114_084402\\AllTestCases\\20210114_084402\\1610633246992.png]]

2021-01-14 09:07:27 - [TEST_STEP][PASSED] - pages.Journey.clickOnJourneyTab(): pages.Journey.clickOnJourneyTab is PASSED

2021-01-14 09:07:27 - [MESSAGE][PASSED] - Object 'Object Repository/Journey/Journeytab' is present

2021-01-14 09:07:28 - [MESSAGE][PASSED] - Object 'Object Repository/Journey/Journeytab' is visible

2021-01-14 09:07:28 - [MESSAGE][PASSED] - Object 'Object Repository/Journey/Journeytab' is clickable

2021-01-14 09:07:28 - [MESSAGE][PASSED] - Object: 'Object Repository/Journey/Journeytab' is clicked on

2021-01-14 09:07:28 - [MESSAGE][PASSED] - pages.Journey.clickOnJourneyTab is PASSED

2021-01-14 09:07:28 - [TEST_STEP][PASSED] - journeyName = pages.Journey.getRandomJourneyName(): pages.Journey.getRandomJourneyName is PASSED

2021-01-14 09:07:29 - [MESSAGE][PASSED] - Object 'Object Repository/Journey/toGetJourneysCount' is present

2021-01-14 09:07:29 - [MESSAGE][PASSED] - Object 'Object Repository/Journey/toGetJourneysCount' is present

2021-01-14 09:07:30 - [MESSAGE][PASSED] - Text of object 'Object Repository/Journey/toPickrandomJourney(index)' is: 'JO5'

2021-01-14 09:07:30 - [MESSAGE][PASSED] - pages.Journey.getRandomJourneyName is PASSED

2021-01-14 09:07:30 - [TEST_STEP][PASSED] - accessCode = pages.Journey.getExistingJourneyAccesscode(journeyName): pages.Journey.getExistingJourneyAccesscode is PASSED

2021-01-14 09:07:30 - [MESSAGE][PASSED] - Object 'Object Repository/Journey/journrySearchInput' is present

2021-01-14 09:07:30 - [MESSAGE][PASSED] - Object 'Object Repository/Journey/journrySearchInput' is visible

2021-01-14 09:07:31 - [MESSAGE][PASSED] - Object 'Object Repository/Journey/journrySearchInput' is clickable

2021-01-14 09:07:31 - [MESSAGE][PASSED] - Text of object 'Object Repository/Journey/journrySearchInput' is cleared

2021-01-14 09:07:31 - [MESSAGE][PASSED] - Keys '' sent to object: 'Object Repository/Journey/journrySearchInput'

2021-01-14 09:07:32 - [MESSAGE][PASSED] - Keys 'J' sent to object: 'Object Repository/Journey/journrySearchInput'

2021-01-14 09:07:32 - [MESSAGE][PASSED] - Keys 'O' sent to object: 'Object Repository/Journey/journrySearchInput'

2021-01-14 09:07:33 - [MESSAGE][PASSED] - Keys '5' sent to object: 'Object Repository/Journey/journrySearchInput'

2021-01-14 09:07:34 - [MESSAGE][PASSED] - Object 'Object Repository/Journey/clickVerifyingJourney(journeyName)' is present

2021-01-14 09:07:35 - [MESSAGE][PASSED] - Object 'Object Repository/Journey/clickVerifyingJourney(journeyName)' is visible

2021-01-14 09:07:35 - [MESSAGE][PASSED] - Object 'Object Repository/Journey/clickVerifyingJourney(journeyName)' is clickable

2021-01-14 09:07:35 - [MESSAGE][PASSED] - Object: 'Object Repository/Journey/clickVerifyingJourney(journeyName)' is clicked on

2021-01-14 09:07:36 - [MESSAGE][PASSED] - Scroll to object 'Object Repository/Journey/Current Access Codes/currentAccessCodeField' successfully

2021-01-14 09:07:36 - [MESSAGE][PASSED] - Object 'Object Repository/Journey/Current Access Codes/getAccessCodesCount' is present

2021-01-14 09:07:37 - [MESSAGE][PASSED] - Text of object 'Object Repository/Journey/Current Access Codes/getAccessCodeText(index)' is: 'access4'

2021-01-14 09:07:37 - [MESSAGE][PASSED] - pages.Journey.getExistingJourneyAccesscode is PASSED

2021-01-14 09:07:37 - [TEST_STEP][PASSED] - login.LoginForJourneyApplication.loginToJourneyApplication(): login.LoginForJourneyApplication.loginToJourneyApplication is PASSED

2021-01-14 09:07:37 - [MESSAGE][PASSED] - Navigate to 'https://qualitlabs.dev.modist.co/' successfully

2021-01-14 09:07:37 - [MESSAGE][PASSED] - login.LoginForJourneyApplication.loginToJourneyApplication is PASSED

2021-01-14 09:07:37 - [TEST_STEP][PASSED] - pages.Journey.clickEnterButton(): pages.Journey.clickEnterButton is PASSED

2021-01-14 09:07:38 - [MESSAGE][PASSED] - Object 'Object Repository/Journey/JourneyPortal/EnterButton' is present

2021-01-14 09:07:38 - [MESSAGE][PASSED] - Object 'Object Repository/Journey/JourneyPortal/EnterButton' is visible

2021-01-14 09:07:39 - [MESSAGE][PASSED] - Object 'Object Repository/Journey/JourneyPortal/EnterButton' is clickable

2021-01-14 09:07:39 - [MESSAGE][PASSED] - Object: 'Object Repository/Journey/JourneyPortal/EnterButton' is clicked on

2021-01-14 09:07:39 - [MESSAGE][PASSED] - pages.Journey.clickEnterButton is PASSED

2021-01-14 09:07:39 - [TEST_STEP][PASSED] - pages.Journey.errorLoginCheck(): pages.Journey.errorLoginCheck is PASSED

2021-01-14 09:07:40 - [MESSAGE][PASSED] - Object 'Object Repository/Journey/JourneyPortal/warningMessageForInvalidAccessCode' is present

2021-01-14 09:07:40 - [MESSAGE][PASSED] - pages.Journey.errorLoginCheck is PASSED]]></system-out>
         <system-err><![CDATA[]]></system-err>
      </testcase>
      <testcase name="Test Cases/JourneyPortal/verifyClickingOnBackButtonNavigatesBackToSectionPage" time="31.854" classname="Test Cases/JourneyPortal/verifyClickingOnBackButtonNavigatesBackToSectionPage" status="PASSED">
         <system-out><![CDATA[2021-01-14 09:07:40 - [TEST_CASE][PASSED] - Test Cases/JourneyPortal/verifyClickingOnBackButtonNavigatesBackToSectionPage: Test Cases/JourneyPortal/verifyClickingOnBackButtonNavigatesBackToSectionPage

2021-01-14 09:07:40 - [TEST_STEP][PASSED] - Start listener action : login: com.kms.katalon.core.webui.exception.WebElementNotFoundException: Web element with id: 'Object Repository/Login Credentials/Email' located by '//input[@name='email']' not found (Root cause: com.kms.katalon.core.exception.StepFailedException: com.kms.katalon.core.webui.exception.WebElementNotFoundException: Web element with id: 'Object Repository/Login Credentials/Email' located by '//input[@name='email']' not found
	at com.kms.katalon.core.webui.keyword.internal.WebUIKeywordMain.stepFailed(WebUIKeywordMain.groovy:64)
	at com.kms.katalon.core.webui.keyword.builtin.VerifyElementPresentKeyword$_verifyElementPresent_closure1.doCall(VerifyElementPresentKeyword.groovy:85)
	at com.kms.katalon.core.webui.keyword.builtin.VerifyElementPresentKeyword$_verifyElementPresent_closure1.call(VerifyElementPresentKeyword.groovy)
	at com.kms.katalon.core.webui.keyword.internal.WebUIKeywordMain.runKeyword(WebUIKeywordMain.groovy:20)
	at com.kms.katalon.core.webui.keyword.builtin.VerifyElementPresentKeyword.verifyElementPresent(VerifyElementPresentKeyword.groovy:92)
	at com.kms.katalon.core.webui.keyword.builtin.VerifyElementPresentKeyword.execute(VerifyElementPresentKeyword.groovy:68)
	at com.kms.katalon.core.keyword.internal.KeywordExecutor.executeKeywordForPlatform(KeywordExecutor.groovy:73)
	at com.kms.katalon.core.webui.keyword.WebUiBuiltInKeywords.verifyElementPresent(WebUiBuiltInKeywords.groovy:1445)
	at com.kms.katalon.core.webui.keyword.WebUiBuiltInKeywords$verifyElementPresent$2.call(Unknown Source)
	at login.LoginForAdminDevEnvironment.login(LoginForAdminDevEnvironment.groovy:17)
	at login.LoginForAdminDevEnvironment$login.call(Unknown Source)
	at Login.login(Login.groovy:37)
	at Login.invokeMethod(Login.groovy)
	at com.kms.katalon.core.context.internal.TestHooker.invokeMethod(TestHooker.java:111)
	at com.kms.katalon.core.context.internal.TestHooker.lambda$3(TestHooker.java:95)
	at com.kms.katalon.core.context.internal.TestHooker.invokeContextMethods(TestHooker.java:94)
	at com.kms.katalon.core.context.internal.TestListenerCollector.lambda$3(TestListenerCollector.java:88)
	at com.kms.katalon.core.context.internal.TestListenerCollector.handleListenerEvent(TestListenerCollector.java:85)
	at com.kms.katalon.core.context.internal.ExecutionEventManager.publicEvent(ExecutionEventManager.java:36)
	at com.kms.katalon.core.main.TestCaseExecutor.execute(TestCaseExecutor.java:221)
	at com.kms.katalon.core.main.TestSuiteExecutor.accessTestCaseMainPhase(TestSuiteExecutor.java:191)
	at com.kms.katalon.core.main.TestSuiteExecutor.accessTestSuiteMainPhase(TestSuiteExecutor.java:141)
	at com.kms.katalon.core.main.TestSuiteExecutor.execute(TestSuiteExecutor.java:90)
	at com.kms.katalon.core.main.TestCaseMain.startTestSuite(TestCaseMain.java:157)
	at com.kms.katalon.core.main.TestCaseMain$startTestSuite$0.call(Unknown Source)
	at TempTestSuite1610631842892.run(TempTestSuite1610631842892.groovy:39)
)

2021-01-14 09:07:40 - [TEST_STEP][PASSED] - Thread.sleep(3000): null

2021-01-14 09:07:43 - [TEST_STEP][PASSED] - url = getUrl(): Current window's url is: 'https://qualitlabs.dev.modist.co/'

2021-01-14 09:07:43 - [MESSAGE][PASSED] - Current window's url is: 'https://qualitlabs.dev.modist.co/'

2021-01-14 09:07:43 - [TEST_STEP][PASSED] - if (!(url.contains("dashboard"))): com.kms.katalon.core.webui.exception.WebElementNotFoundException: Web element with id: 'Object Repository/Login Credentials/Email' located by '//input[@name='email']' not found (Root cause: com.kms.katalon.core.exception.StepFailedException: com.kms.katalon.core.webui.exception.WebElementNotFoundException: Web element with id: 'Object Repository/Login Credentials/Email' located by '//input[@name='email']' not found
	at com.kms.katalon.core.webui.keyword.internal.WebUIKeywordMain.stepFailed(WebUIKeywordMain.groovy:64)
	at com.kms.katalon.core.webui.keyword.builtin.VerifyElementPresentKeyword$_verifyElementPresent_closure1.doCall(VerifyElementPresentKeyword.groovy:85)
	at com.kms.katalon.core.webui.keyword.builtin.VerifyElementPresentKeyword$_verifyElementPresent_closure1.call(VerifyElementPresentKeyword.groovy)
	at com.kms.katalon.core.webui.keyword.internal.WebUIKeywordMain.runKeyword(WebUIKeywordMain.groovy:20)
	at com.kms.katalon.core.webui.keyword.builtin.VerifyElementPresentKeyword.verifyElementPresent(VerifyElementPresentKeyword.groovy:92)
	at com.kms.katalon.core.webui.keyword.builtin.VerifyElementPresentKeyword.execute(VerifyElementPresentKeyword.groovy:68)
	at com.kms.katalon.core.keyword.internal.KeywordExecutor.executeKeywordForPlatform(KeywordExecutor.groovy:73)
	at com.kms.katalon.core.webui.keyword.WebUiBuiltInKeywords.verifyElementPresent(WebUiBuiltInKeywords.groovy:1445)
	at com.kms.katalon.core.webui.keyword.WebUiBuiltInKeywords$verifyElementPresent$2.call(Unknown Source)
	at login.LoginForAdminDevEnvironment.login(LoginForAdminDevEnvironment.groovy:17)
	at login.LoginForAdminDevEnvironment$login.call(Unknown Source)
	at Login.login(Login.groovy:37)
	at Login.invokeMethod(Login.groovy)
	at com.kms.katalon.core.context.internal.TestHooker.invokeMethod(TestHooker.java:111)
	at com.kms.katalon.core.context.internal.TestHooker.lambda$3(TestHooker.java:95)
	at com.kms.katalon.core.context.internal.TestHooker.invokeContextMethods(TestHooker.java:94)
	at com.kms.katalon.core.context.internal.TestListenerCollector.lambda$3(TestListenerCollector.java:88)
	at com.kms.katalon.core.context.internal.TestListenerCollector.handleListenerEvent(TestListenerCollector.java:85)
	at com.kms.katalon.core.context.internal.ExecutionEventManager.publicEvent(ExecutionEventManager.java:36)
	at com.kms.katalon.core.main.TestCaseExecutor.execute(TestCaseExecutor.java:221)
	at com.kms.katalon.core.main.TestSuiteExecutor.accessTestCaseMainPhase(TestSuiteExecutor.java:191)
	at com.kms.katalon.core.main.TestSuiteExecutor.accessTestSuiteMainPhase(TestSuiteExecutor.java:141)
	at com.kms.katalon.core.main.TestSuiteExecutor.execute(TestSuiteExecutor.java:90)
	at com.kms.katalon.core.main.TestCaseMain.startTestSuite(TestCaseMain.java:157)
	at com.kms.katalon.core.main.TestCaseMain$startTestSuite$0.call(Unknown Source)
	at TempTestSuite1610631842892.run(TempTestSuite1610631842892.groovy:39)
)

2021-01-14 09:07:43 - [TEST_STEP][PASSED] - navigateToUrl(Url): Navigate to 'https://dev-admin.modist.co/' successfully

2021-01-14 09:07:44 - [MESSAGE][PASSED] - Navigate to 'https://dev-admin.modist.co/' successfully

2021-01-14 09:07:44 - [TEST_STEP][PASSED] - loginPage.login(Email, Password): com.kms.katalon.core.webui.exception.WebElementNotFoundException: Web element with id: 'Object Repository/Login Credentials/Email' located by '//input[@name='email']' not found (Root cause: com.kms.katalon.core.exception.StepFailedException: com.kms.katalon.core.webui.exception.WebElementNotFoundException: Web element with id: 'Object Repository/Login Credentials/Email' located by '//input[@name='email']' not found
	at com.kms.katalon.core.webui.keyword.internal.WebUIKeywordMain.stepFailed(WebUIKeywordMain.groovy:64)
	at com.kms.katalon.core.webui.keyword.builtin.VerifyElementPresentKeyword$_verifyElementPresent_closure1.doCall(VerifyElementPresentKeyword.groovy:85)
	at com.kms.katalon.core.webui.keyword.builtin.VerifyElementPresentKeyword$_verifyElementPresent_closure1.call(VerifyElementPresentKeyword.groovy)
	at com.kms.katalon.core.webui.keyword.internal.WebUIKeywordMain.runKeyword(WebUIKeywordMain.groovy:20)
	at com.kms.katalon.core.webui.keyword.builtin.VerifyElementPresentKeyword.verifyElementPresent(VerifyElementPresentKeyword.groovy:92)
	at com.kms.katalon.core.webui.keyword.builtin.VerifyElementPresentKeyword.execute(VerifyElementPresentKeyword.groovy:68)
	at com.kms.katalon.core.keyword.internal.KeywordExecutor.executeKeywordForPlatform(KeywordExecutor.groovy:73)
	at com.kms.katalon.core.webui.keyword.WebUiBuiltInKeywords.verifyElementPresent(WebUiBuiltInKeywords.groovy:1445)
	at com.kms.katalon.core.webui.keyword.WebUiBuiltInKeywords$verifyElementPresent$2.call(Unknown Source)
	at login.LoginForAdminDevEnvironment.login(LoginForAdminDevEnvironment.groovy:17)
	at login.LoginForAdminDevEnvironment$login.call(Unknown Source)
	at Login.login(Login.groovy:37)
	at Login.invokeMethod(Login.groovy)
	at com.kms.katalon.core.context.internal.TestHooker.invokeMethod(TestHooker.java:111)
	at com.kms.katalon.core.context.internal.TestHooker.lambda$3(TestHooker.java:95)
	at com.kms.katalon.core.context.internal.TestHooker.invokeContextMethods(TestHooker.java:94)
	at com.kms.katalon.core.context.internal.TestListenerCollector.lambda$3(TestListenerCollector.java:88)
	at com.kms.katalon.core.context.internal.TestListenerCollector.handleListenerEvent(TestListenerCollector.java:85)
	at com.kms.katalon.core.context.internal.ExecutionEventManager.publicEvent(ExecutionEventManager.java:36)
	at com.kms.katalon.core.main.TestCaseExecutor.execute(TestCaseExecutor.java:221)
	at com.kms.katalon.core.main.TestSuiteExecutor.accessTestCaseMainPhase(TestSuiteExecutor.java:191)
	at com.kms.katalon.core.main.TestSuiteExecutor.accessTestSuiteMainPhase(TestSuiteExecutor.java:141)
	at com.kms.katalon.core.main.TestSuiteExecutor.execute(TestSuiteExecutor.java:90)
	at com.kms.katalon.core.main.TestCaseMain.startTestSuite(TestCaseMain.java:157)
	at com.kms.katalon.core.main.TestCaseMain$startTestSuite$0.call(Unknown Source)
	at TempTestSuite1610631842892.run(TempTestSuite1610631842892.groovy:39)
)

2021-01-14 09:07:49 - [MESSAGE][INFO] - Unable to find the element located by 'By.xpath: //input[@name='email']'. Please recheck the objects properties to make sure the desired element is located. 

2021-01-14 09:07:49 - [MESSAGE][WARNING] - com.kms.katalon.core.webui.exception.WebElementNotFoundException: Web element with id: 'Object Repository/Login Credentials/Email' located by '//input[@name='email']' not found (Root cause: com.kms.katalon.core.exception.StepFailedException: com.kms.katalon.core.webui.exception.WebElementNotFoundException: Web element with id: 'Object Repository/Login Credentials/Email' located by '//input[@name='email']' not found
	at com.kms.katalon.core.webui.keyword.internal.WebUIKeywordMain.stepFailed(WebUIKeywordMain.groovy:64)
	at com.kms.katalon.core.webui.keyword.builtin.VerifyElementPresentKeyword$_verifyElementPresent_closure1.doCall(VerifyElementPresentKeyword.groovy:85)
	at com.kms.katalon.core.webui.keyword.builtin.VerifyElementPresentKeyword$_verifyElementPresent_closure1.call(VerifyElementPresentKeyword.groovy)
	at com.kms.katalon.core.webui.keyword.internal.WebUIKeywordMain.runKeyword(WebUIKeywordMain.groovy:20)
	at com.kms.katalon.core.webui.keyword.builtin.VerifyElementPresentKeyword.verifyElementPresent(VerifyElementPresentKeyword.groovy:92)
	at com.kms.katalon.core.webui.keyword.builtin.VerifyElementPresentKeyword.execute(VerifyElementPresentKeyword.groovy:68)
	at com.kms.katalon.core.keyword.internal.KeywordExecutor.executeKeywordForPlatform(KeywordExecutor.groovy:73)
	at com.kms.katalon.core.webui.keyword.WebUiBuiltInKeywords.verifyElementPresent(WebUiBuiltInKeywords.groovy:1445)
	at com.kms.katalon.core.webui.keyword.WebUiBuiltInKeywords$verifyElementPresent$2.call(Unknown Source)
	at login.LoginForAdminDevEnvironment.login(LoginForAdminDevEnvironment.groovy:17)
	at login.LoginForAdminDevEnvironment$login.call(Unknown Source)
	at Login.login(Login.groovy:37)
	at Login.invokeMethod(Login.groovy)
	at com.kms.katalon.core.context.internal.TestHooker.invokeMethod(TestHooker.java:111)
	at com.kms.katalon.core.context.internal.TestHooker.lambda$3(TestHooker.java:95)
	at com.kms.katalon.core.context.internal.TestHooker.invokeContextMethods(TestHooker.java:94)
	at com.kms.katalon.core.context.internal.TestListenerCollector.lambda$3(TestListenerCollector.java:88)
	at com.kms.katalon.core.context.internal.TestListenerCollector.handleListenerEvent(TestListenerCollector.java:85)
	at com.kms.katalon.core.context.internal.ExecutionEventManager.publicEvent(ExecutionEventManager.java:36)
	at com.kms.katalon.core.main.TestCaseExecutor.execute(TestCaseExecutor.java:221)
	at com.kms.katalon.core.main.TestSuiteExecutor.accessTestCaseMainPhase(TestSuiteExecutor.java:191)
	at com.kms.katalon.core.main.TestSuiteExecutor.accessTestSuiteMainPhase(TestSuiteExecutor.java:141)
	at com.kms.katalon.core.main.TestSuiteExecutor.execute(TestSuiteExecutor.java:90)
	at com.kms.katalon.core.main.TestCaseMain.startTestSuite(TestCaseMain.java:157)
	at com.kms.katalon.core.main.TestCaseMain$startTestSuite$0.call(Unknown Source)
	at TempTestSuite1610631842892.run(TempTestSuite1610631842892.groovy:39)
)
[[ATTACHMENT|E:\\Modist\\ModistProject\\Reports\\20210114_084402\\AllTestCases\\20210114_084402\\1610633269225.png]]

2021-01-14 09:07:49 - [TEST_STEP][PASSED] - pages.Journey.clickOnJourneyTab(): pages.Journey.clickOnJourneyTab is PASSED

2021-01-14 09:07:50 - [MESSAGE][PASSED] - Object 'Object Repository/Journey/Journeytab' is present

2021-01-14 09:07:50 - [MESSAGE][PASSED] - Object 'Object Repository/Journey/Journeytab' is visible

2021-01-14 09:07:50 - [MESSAGE][PASSED] - Object 'Object Repository/Journey/Journeytab' is clickable

2021-01-14 09:07:51 - [MESSAGE][PASSED] - Object: 'Object Repository/Journey/Journeytab' is clicked on

2021-01-14 09:07:51 - [MESSAGE][PASSED] - pages.Journey.clickOnJourneyTab is PASSED

2021-01-14 09:07:51 - [TEST_STEP][PASSED] - journeyName = pages.Journey.getRandomJourneyName(): pages.Journey.getRandomJourneyName is PASSED

2021-01-14 09:07:51 - [MESSAGE][PASSED] - Object 'Object Repository/Journey/toGetJourneysCount' is present

2021-01-14 09:07:51 - [MESSAGE][PASSED] - Object 'Object Repository/Journey/toGetJourneysCount' is present

2021-01-14 09:07:52 - [MESSAGE][PASSED] - Text of object 'Object Repository/Journey/toPickrandomJourney(index)' is: 'JO6'

2021-01-14 09:07:52 - [MESSAGE][PASSED] - pages.Journey.getRandomJourneyName is PASSED

2021-01-14 09:07:52 - [TEST_STEP][PASSED] - accessCode = pages.Journey.getExistingJourneyAccesscode(journeyName): pages.Journey.getExistingJourneyAccesscode is PASSED

2021-01-14 09:07:52 - [MESSAGE][PASSED] - Object 'Object Repository/Journey/journrySearchInput' is present

2021-01-14 09:07:52 - [MESSAGE][PASSED] - Object 'Object Repository/Journey/journrySearchInput' is visible

2021-01-14 09:07:53 - [MESSAGE][PASSED] - Object 'Object Repository/Journey/journrySearchInput' is clickable

2021-01-14 09:07:53 - [MESSAGE][PASSED] - Text of object 'Object Repository/Journey/journrySearchInput' is cleared

2021-01-14 09:07:53 - [MESSAGE][PASSED] - Keys '' sent to object: 'Object Repository/Journey/journrySearchInput'

2021-01-14 09:07:54 - [MESSAGE][PASSED] - Keys 'J' sent to object: 'Object Repository/Journey/journrySearchInput'

2021-01-14 09:07:54 - [MESSAGE][PASSED] - Keys 'O' sent to object: 'Object Repository/Journey/journrySearchInput'

2021-01-14 09:07:55 - [MESSAGE][PASSED] - Keys '6' sent to object: 'Object Repository/Journey/journrySearchInput'

2021-01-14 09:07:56 - [MESSAGE][PASSED] - Object 'Object Repository/Journey/clickVerifyingJourney(journeyName)' is present

2021-01-14 09:07:57 - [MESSAGE][PASSED] - Object 'Object Repository/Journey/clickVerifyingJourney(journeyName)' is visible

2021-01-14 09:07:57 - [MESSAGE][PASSED] - Object 'Object Repository/Journey/clickVerifyingJourney(journeyName)' is clickable

2021-01-14 09:07:58 - [MESSAGE][PASSED] - Object: 'Object Repository/Journey/clickVerifyingJourney(journeyName)' is clicked on

2021-01-14 09:07:58 - [MESSAGE][PASSED] - Scroll to object 'Object Repository/Journey/Current Access Codes/currentAccessCodeField' successfully

2021-01-14 09:07:59 - [MESSAGE][PASSED] - Object 'Object Repository/Journey/Current Access Codes/getAccessCodesCount' is present

2021-01-14 09:08:00 - [MESSAGE][PASSED] - Text of object 'Object Repository/Journey/Current Access Codes/getAccessCodeText(index)' is: 'access17'

2021-01-14 09:08:00 - [MESSAGE][PASSED] - pages.Journey.getExistingJourneyAccesscode is PASSED

2021-01-14 09:08:00 - [TEST_STEP][PASSED] - login.LoginForJourneyApplication.loginToJourneyApplication(): login.LoginForJourneyApplication.loginToJourneyApplication is PASSED

2021-01-14 09:08:00 - [MESSAGE][PASSED] - Navigate to 'https://qualitlabs.dev.modist.co/' successfully

2021-01-14 09:08:00 - [MESSAGE][PASSED] - login.LoginForJourneyApplication.loginToJourneyApplication is PASSED

2021-01-14 09:08:00 - [TEST_STEP][PASSED] - pages.Journey.enterAccessCodeInJourney(accessCode): pages.Journey.enterAccessCodeInJourney is PASSED

2021-01-14 09:08:01 - [MESSAGE][PASSED] - Object 'Object Repository/Journey/JourneyPortal/enterAccessCode' is present

2021-01-14 09:08:01 - [MESSAGE][PASSED] - Object 'Object Repository/Journey/JourneyPortal/enterAccessCode' is visible

2021-01-14 09:08:02 - [MESSAGE][PASSED] - Object 'Object Repository/Journey/JourneyPortal/enterAccessCode' is clickable

2021-01-14 09:08:02 - [MESSAGE][PASSED] - Text of object 'Object Repository/Journey/JourneyPortal/enterAccessCode' is cleared

2021-01-14 09:08:03 - [MESSAGE][PASSED] - Keys 'access17' sent to object: 'Object Repository/Journey/JourneyPortal/enterAccessCode'

2021-01-14 09:08:03 - [MESSAGE][PASSED] - pages.Journey.enterAccessCodeInJourney is PASSED

2021-01-14 09:08:03 - [TEST_STEP][PASSED] - pages.Journey.clickEnterButton(): pages.Journey.clickEnterButton is PASSED

2021-01-14 09:08:03 - [MESSAGE][PASSED] - Object 'Object Repository/Journey/JourneyPortal/EnterButton' is present

2021-01-14 09:08:03 - [MESSAGE][PASSED] - Object 'Object Repository/Journey/JourneyPortal/EnterButton' is visible

2021-01-14 09:08:04 - [MESSAGE][PASSED] - Object 'Object Repository/Journey/JourneyPortal/EnterButton' is clickable

2021-01-14 09:08:04 - [MESSAGE][PASSED] - Object: 'Object Repository/Journey/JourneyPortal/EnterButton' is clicked on

2021-01-14 09:08:04 - [MESSAGE][PASSED] - pages.Journey.clickEnterButton is PASSED

2021-01-14 09:08:04 - [TEST_STEP][PASSED] - pages.JourneyPortal.openExistingSection(): pages.JourneyPortal.openExistingSection is PASSED

2021-01-14 09:08:08 - [MESSAGE][PASSED] - Object 'Object Repository/Journey/JourneyPortal/Section/getSectionsCount' is present

2021-01-14 09:08:08 - [MESSAGE][PASSED] - Object 'Object Repository/Journey/JourneyPortal/Section/openSection(index)' is present

2021-01-14 09:08:09 - [MESSAGE][PASSED] - Object 'Object Repository/Journey/JourneyPortal/Section/openSection(index)' is visible

2021-01-14 09:08:09 - [MESSAGE][PASSED] - Object 'Object Repository/Journey/JourneyPortal/Section/openSection(index)' is clickable

2021-01-14 09:08:09 - [MESSAGE][PASSED] - Object: 'Object Repository/Journey/JourneyPortal/Section/openSection(index)' is clicked on

2021-01-14 09:08:09 - [MESSAGE][PASSED] - pages.JourneyPortal.openExistingSection is PASSED

2021-01-14 09:08:09 - [TEST_STEP][PASSED] - pages.JourneyPortal.clickBackButton(): pages.JourneyPortal.clickBackButton is PASSED

2021-01-14 09:08:10 - [MESSAGE][PASSED] - Object 'Object Repository/Journey/JourneyPortal/Product/bakcButton' is present

2021-01-14 09:08:11 - [MESSAGE][PASSED] - Object 'Object Repository/Journey/JourneyPortal/Product/bakcButton' is visible

2021-01-14 09:08:11 - [MESSAGE][PASSED] - Object 'Object Repository/Journey/JourneyPortal/Product/bakcButton' is clickable

2021-01-14 09:08:12 - [MESSAGE][PASSED] - Object: 'Object Repository/Journey/JourneyPortal/Product/bakcButton' is clicked on

2021-01-14 09:08:12 - [MESSAGE][PASSED] - pages.JourneyPortal.clickBackButton is PASSED

2021-01-14 09:08:12 - [TEST_STEP][PASSED] - pages.Journey.sectionPageVerification(): pages.Journey.sectionPageVerification is PASSED

2021-01-14 09:08:12 - [MESSAGE][PASSED] - Object 'Object Repository/Journey/JourneyPortal/Section/sectionPage' is present

2021-01-14 09:08:12 - [MESSAGE][PASSED] - pages.Journey.sectionPageVerification is PASSED]]></system-out>
         <system-err><![CDATA[]]></system-err>
      </testcase>
      <testcase name="Test Cases/JourneyPortal/verifyCloseButtonInJourneyPortalProductPopup" time="32.426" classname="Test Cases/JourneyPortal/verifyCloseButtonInJourneyPortalProductPopup" status="PASSED">
         <system-out><![CDATA[2021-01-14 09:08:12 - [TEST_CASE][PASSED] - Test Cases/JourneyPortal/verifyCloseButtonInJourneyPortalProductPopup: Test Cases/JourneyPortal/verifyCloseButtonInJourneyPortalProductPopup

2021-01-14 09:08:12 - [TEST_STEP][PASSED] - Start listener action : login: com.kms.katalon.core.webui.exception.WebElementNotFoundException: Web element with id: 'Object Repository/Login Credentials/Email' located by '//input[@name='email']' not found (Root cause: com.kms.katalon.core.exception.StepFailedException: com.kms.katalon.core.webui.exception.WebElementNotFoundException: Web element with id: 'Object Repository/Login Credentials/Email' located by '//input[@name='email']' not found
	at com.kms.katalon.core.webui.keyword.internal.WebUIKeywordMain.stepFailed(WebUIKeywordMain.groovy:64)
	at com.kms.katalon.core.webui.keyword.builtin.VerifyElementPresentKeyword$_verifyElementPresent_closure1.doCall(VerifyElementPresentKeyword.groovy:85)
	at com.kms.katalon.core.webui.keyword.builtin.VerifyElementPresentKeyword$_verifyElementPresent_closure1.call(VerifyElementPresentKeyword.groovy)
	at com.kms.katalon.core.webui.keyword.internal.WebUIKeywordMain.runKeyword(WebUIKeywordMain.groovy:20)
	at com.kms.katalon.core.webui.keyword.builtin.VerifyElementPresentKeyword.verifyElementPresent(VerifyElementPresentKeyword.groovy:92)
	at com.kms.katalon.core.webui.keyword.builtin.VerifyElementPresentKeyword.execute(VerifyElementPresentKeyword.groovy:68)
	at com.kms.katalon.core.keyword.internal.KeywordExecutor.executeKeywordForPlatform(KeywordExecutor.groovy:73)
	at com.kms.katalon.core.webui.keyword.WebUiBuiltInKeywords.verifyElementPresent(WebUiBuiltInKeywords.groovy:1445)
	at com.kms.katalon.core.webui.keyword.WebUiBuiltInKeywords$verifyElementPresent$2.call(Unknown Source)
	at login.LoginForAdminDevEnvironment.login(LoginForAdminDevEnvironment.groovy:17)
	at login.LoginForAdminDevEnvironment$login.call(Unknown Source)
	at Login.login(Login.groovy:37)
	at Login.invokeMethod(Login.groovy)
	at com.kms.katalon.core.context.internal.TestHooker.invokeMethod(TestHooker.java:111)
	at com.kms.katalon.core.context.internal.TestHooker.lambda$3(TestHooker.java:95)
	at com.kms.katalon.core.context.internal.TestHooker.invokeContextMethods(TestHooker.java:94)
	at com.kms.katalon.core.context.internal.TestListenerCollector.lambda$3(TestListenerCollector.java:88)
	at com.kms.katalon.core.context.internal.TestListenerCollector.handleListenerEvent(TestListenerCollector.java:85)
	at com.kms.katalon.core.context.internal.ExecutionEventManager.publicEvent(ExecutionEventManager.java:36)
	at com.kms.katalon.core.main.TestCaseExecutor.execute(TestCaseExecutor.java:221)
	at com.kms.katalon.core.main.TestSuiteExecutor.accessTestCaseMainPhase(TestSuiteExecutor.java:191)
	at com.kms.katalon.core.main.TestSuiteExecutor.accessTestSuiteMainPhase(TestSuiteExecutor.java:141)
	at com.kms.katalon.core.main.TestSuiteExecutor.execute(TestSuiteExecutor.java:90)
	at com.kms.katalon.core.main.TestCaseMain.startTestSuite(TestCaseMain.java:157)
	at com.kms.katalon.core.main.TestCaseMain$startTestSuite$0.call(Unknown Source)
	at TempTestSuite1610631842892.run(TempTestSuite1610631842892.groovy:39)
)

2021-01-14 09:08:12 - [TEST_STEP][PASSED] - Thread.sleep(3000): null

2021-01-14 09:08:15 - [TEST_STEP][PASSED] - url = getUrl(): Current window's url is: 'https://qualitlabs.dev.modist.co/section/487'

2021-01-14 09:08:15 - [MESSAGE][PASSED] - Current window's url is: 'https://qualitlabs.dev.modist.co/section/487'

2021-01-14 09:08:15 - [TEST_STEP][PASSED] - if (!(url.contains("dashboard"))): com.kms.katalon.core.webui.exception.WebElementNotFoundException: Web element with id: 'Object Repository/Login Credentials/Email' located by '//input[@name='email']' not found (Root cause: com.kms.katalon.core.exception.StepFailedException: com.kms.katalon.core.webui.exception.WebElementNotFoundException: Web element with id: 'Object Repository/Login Credentials/Email' located by '//input[@name='email']' not found
	at com.kms.katalon.core.webui.keyword.internal.WebUIKeywordMain.stepFailed(WebUIKeywordMain.groovy:64)
	at com.kms.katalon.core.webui.keyword.builtin.VerifyElementPresentKeyword$_verifyElementPresent_closure1.doCall(VerifyElementPresentKeyword.groovy:85)
	at com.kms.katalon.core.webui.keyword.builtin.VerifyElementPresentKeyword$_verifyElementPresent_closure1.call(VerifyElementPresentKeyword.groovy)
	at com.kms.katalon.core.webui.keyword.internal.WebUIKeywordMain.runKeyword(WebUIKeywordMain.groovy:20)
	at com.kms.katalon.core.webui.keyword.builtin.VerifyElementPresentKeyword.verifyElementPresent(VerifyElementPresentKeyword.groovy:92)
	at com.kms.katalon.core.webui.keyword.builtin.VerifyElementPresentKeyword.execute(VerifyElementPresentKeyword.groovy:68)
	at com.kms.katalon.core.keyword.internal.KeywordExecutor.executeKeywordForPlatform(KeywordExecutor.groovy:73)
	at com.kms.katalon.core.webui.keyword.WebUiBuiltInKeywords.verifyElementPresent(WebUiBuiltInKeywords.groovy:1445)
	at com.kms.katalon.core.webui.keyword.WebUiBuiltInKeywords$verifyElementPresent$2.call(Unknown Source)
	at login.LoginForAdminDevEnvironment.login(LoginForAdminDevEnvironment.groovy:17)
	at login.LoginForAdminDevEnvironment$login.call(Unknown Source)
	at Login.login(Login.groovy:37)
	at Login.invokeMethod(Login.groovy)
	at com.kms.katalon.core.context.internal.TestHooker.invokeMethod(TestHooker.java:111)
	at com.kms.katalon.core.context.internal.TestHooker.lambda$3(TestHooker.java:95)
	at com.kms.katalon.core.context.internal.TestHooker.invokeContextMethods(TestHooker.java:94)
	at com.kms.katalon.core.context.internal.TestListenerCollector.lambda$3(TestListenerCollector.java:88)
	at com.kms.katalon.core.context.internal.TestListenerCollector.handleListenerEvent(TestListenerCollector.java:85)
	at com.kms.katalon.core.context.internal.ExecutionEventManager.publicEvent(ExecutionEventManager.java:36)
	at com.kms.katalon.core.main.TestCaseExecutor.execute(TestCaseExecutor.java:221)
	at com.kms.katalon.core.main.TestSuiteExecutor.accessTestCaseMainPhase(TestSuiteExecutor.java:191)
	at com.kms.katalon.core.main.TestSuiteExecutor.accessTestSuiteMainPhase(TestSuiteExecutor.java:141)
	at com.kms.katalon.core.main.TestSuiteExecutor.execute(TestSuiteExecutor.java:90)
	at com.kms.katalon.core.main.TestCaseMain.startTestSuite(TestCaseMain.java:157)
	at com.kms.katalon.core.main.TestCaseMain$startTestSuite$0.call(Unknown Source)
	at TempTestSuite1610631842892.run(TempTestSuite1610631842892.groovy:39)
)

2021-01-14 09:08:15 - [TEST_STEP][PASSED] - navigateToUrl(Url): Navigate to 'https://dev-admin.modist.co/' successfully

2021-01-14 09:08:16 - [MESSAGE][PASSED] - Navigate to 'https://dev-admin.modist.co/' successfully

2021-01-14 09:08:16 - [TEST_STEP][PASSED] - loginPage.login(Email, Password): com.kms.katalon.core.webui.exception.WebElementNotFoundException: Web element with id: 'Object Repository/Login Credentials/Email' located by '//input[@name='email']' not found (Root cause: com.kms.katalon.core.exception.StepFailedException: com.kms.katalon.core.webui.exception.WebElementNotFoundException: Web element with id: 'Object Repository/Login Credentials/Email' located by '//input[@name='email']' not found
	at com.kms.katalon.core.webui.keyword.internal.WebUIKeywordMain.stepFailed(WebUIKeywordMain.groovy:64)
	at com.kms.katalon.core.webui.keyword.builtin.VerifyElementPresentKeyword$_verifyElementPresent_closure1.doCall(VerifyElementPresentKeyword.groovy:85)
	at com.kms.katalon.core.webui.keyword.builtin.VerifyElementPresentKeyword$_verifyElementPresent_closure1.call(VerifyElementPresentKeyword.groovy)
	at com.kms.katalon.core.webui.keyword.internal.WebUIKeywordMain.runKeyword(WebUIKeywordMain.groovy:20)
	at com.kms.katalon.core.webui.keyword.builtin.VerifyElementPresentKeyword.verifyElementPresent(VerifyElementPresentKeyword.groovy:92)
	at com.kms.katalon.core.webui.keyword.builtin.VerifyElementPresentKeyword.execute(VerifyElementPresentKeyword.groovy:68)
	at com.kms.katalon.core.keyword.internal.KeywordExecutor.executeKeywordForPlatform(KeywordExecutor.groovy:73)
	at com.kms.katalon.core.webui.keyword.WebUiBuiltInKeywords.verifyElementPresent(WebUiBuiltInKeywords.groovy:1445)
	at com.kms.katalon.core.webui.keyword.WebUiBuiltInKeywords$verifyElementPresent$2.call(Unknown Source)
	at login.LoginForAdminDevEnvironment.login(LoginForAdminDevEnvironment.groovy:17)
	at login.LoginForAdminDevEnvironment$login.call(Unknown Source)
	at Login.login(Login.groovy:37)
	at Login.invokeMethod(Login.groovy)
	at com.kms.katalon.core.context.internal.TestHooker.invokeMethod(TestHooker.java:111)
	at com.kms.katalon.core.context.internal.TestHooker.lambda$3(TestHooker.java:95)
	at com.kms.katalon.core.context.internal.TestHooker.invokeContextMethods(TestHooker.java:94)
	at com.kms.katalon.core.context.internal.TestListenerCollector.lambda$3(TestListenerCollector.java:88)
	at com.kms.katalon.core.context.internal.TestListenerCollector.handleListenerEvent(TestListenerCollector.java:85)
	at com.kms.katalon.core.context.internal.ExecutionEventManager.publicEvent(ExecutionEventManager.java:36)
	at com.kms.katalon.core.main.TestCaseExecutor.execute(TestCaseExecutor.java:221)
	at com.kms.katalon.core.main.TestSuiteExecutor.accessTestCaseMainPhase(TestSuiteExecutor.java:191)
	at com.kms.katalon.core.main.TestSuiteExecutor.accessTestSuiteMainPhase(TestSuiteExecutor.java:141)
	at com.kms.katalon.core.main.TestSuiteExecutor.execute(TestSuiteExecutor.java:90)
	at com.kms.katalon.core.main.TestCaseMain.startTestSuite(TestCaseMain.java:157)
	at com.kms.katalon.core.main.TestCaseMain$startTestSuite$0.call(Unknown Source)
	at TempTestSuite1610631842892.run(TempTestSuite1610631842892.groovy:39)
)

2021-01-14 09:08:21 - [MESSAGE][INFO] - Unable to find the element located by 'By.xpath: //input[@name='email']'. Please recheck the objects properties to make sure the desired element is located. 

2021-01-14 09:08:21 - [MESSAGE][WARNING] - com.kms.katalon.core.webui.exception.WebElementNotFoundException: Web element with id: 'Object Repository/Login Credentials/Email' located by '//input[@name='email']' not found (Root cause: com.kms.katalon.core.exception.StepFailedException: com.kms.katalon.core.webui.exception.WebElementNotFoundException: Web element with id: 'Object Repository/Login Credentials/Email' located by '//input[@name='email']' not found
	at com.kms.katalon.core.webui.keyword.internal.WebUIKeywordMain.stepFailed(WebUIKeywordMain.groovy:64)
	at com.kms.katalon.core.webui.keyword.builtin.VerifyElementPresentKeyword$_verifyElementPresent_closure1.doCall(VerifyElementPresentKeyword.groovy:85)
	at com.kms.katalon.core.webui.keyword.builtin.VerifyElementPresentKeyword$_verifyElementPresent_closure1.call(VerifyElementPresentKeyword.groovy)
	at com.kms.katalon.core.webui.keyword.internal.WebUIKeywordMain.runKeyword(WebUIKeywordMain.groovy:20)
	at com.kms.katalon.core.webui.keyword.builtin.VerifyElementPresentKeyword.verifyElementPresent(VerifyElementPresentKeyword.groovy:92)
	at com.kms.katalon.core.webui.keyword.builtin.VerifyElementPresentKeyword.execute(VerifyElementPresentKeyword.groovy:68)
	at com.kms.katalon.core.keyword.internal.KeywordExecutor.executeKeywordForPlatform(KeywordExecutor.groovy:73)
	at com.kms.katalon.core.webui.keyword.WebUiBuiltInKeywords.verifyElementPresent(WebUiBuiltInKeywords.groovy:1445)
	at com.kms.katalon.core.webui.keyword.WebUiBuiltInKeywords$verifyElementPresent$2.call(Unknown Source)
	at login.LoginForAdminDevEnvironment.login(LoginForAdminDevEnvironment.groovy:17)
	at login.LoginForAdminDevEnvironment$login.call(Unknown Source)
	at Login.login(Login.groovy:37)
	at Login.invokeMethod(Login.groovy)
	at com.kms.katalon.core.context.internal.TestHooker.invokeMethod(TestHooker.java:111)
	at com.kms.katalon.core.context.internal.TestHooker.lambda$3(TestHooker.java:95)
	at com.kms.katalon.core.context.internal.TestHooker.invokeContextMethods(TestHooker.java:94)
	at com.kms.katalon.core.context.internal.TestListenerCollector.lambda$3(TestListenerCollector.java:88)
	at com.kms.katalon.core.context.internal.TestListenerCollector.handleListenerEvent(TestListenerCollector.java:85)
	at com.kms.katalon.core.context.internal.ExecutionEventManager.publicEvent(ExecutionEventManager.java:36)
	at com.kms.katalon.core.main.TestCaseExecutor.execute(TestCaseExecutor.java:221)
	at com.kms.katalon.core.main.TestSuiteExecutor.accessTestCaseMainPhase(TestSuiteExecutor.java:191)
	at com.kms.katalon.core.main.TestSuiteExecutor.accessTestSuiteMainPhase(TestSuiteExecutor.java:141)
	at com.kms.katalon.core.main.TestSuiteExecutor.execute(TestSuiteExecutor.java:90)
	at com.kms.katalon.core.main.TestCaseMain.startTestSuite(TestCaseMain.java:157)
	at com.kms.katalon.core.main.TestCaseMain$startTestSuite$0.call(Unknown Source)
	at TempTestSuite1610631842892.run(TempTestSuite1610631842892.groovy:39)
)
[[ATTACHMENT|E:\\Modist\\ModistProject\\Reports\\20210114_084402\\AllTestCases\\20210114_084402\\1610633301347.png]]

2021-01-14 09:08:21 - [TEST_STEP][PASSED] - pages.Journey.clickOnJourneyTab(): pages.Journey.clickOnJourneyTab is PASSED

2021-01-14 09:08:22 - [MESSAGE][PASSED] - Object 'Object Repository/Journey/Journeytab' is present

2021-01-14 09:08:22 - [MESSAGE][PASSED] - Object 'Object Repository/Journey/Journeytab' is visible

2021-01-14 09:08:22 - [MESSAGE][PASSED] - Object 'Object Repository/Journey/Journeytab' is clickable

2021-01-14 09:08:23 - [MESSAGE][PASSED] - Object: 'Object Repository/Journey/Journeytab' is clicked on

2021-01-14 09:08:23 - [MESSAGE][PASSED] - pages.Journey.clickOnJourneyTab is PASSED

2021-01-14 09:08:23 - [TEST_STEP][PASSED] - journeyName = pages.Journey.getRandomJourneyName(): pages.Journey.getRandomJourneyName is PASSED

2021-01-14 09:08:23 - [MESSAGE][PASSED] - Object 'Object Repository/Journey/toGetJourneysCount' is present

2021-01-14 09:08:23 - [MESSAGE][PASSED] - Object 'Object Repository/Journey/toGetJourneysCount' is present

2021-01-14 09:08:24 - [MESSAGE][PASSED] - Text of object 'Object Repository/Journey/toPickrandomJourney(index)' is: 'JO7'

2021-01-14 09:08:24 - [MESSAGE][PASSED] - pages.Journey.getRandomJourneyName is PASSED

2021-01-14 09:08:24 - [TEST_STEP][PASSED] - accessCode = pages.Journey.getExistingJourneyAccesscode(journeyName): pages.Journey.getExistingJourneyAccesscode is PASSED

2021-01-14 09:08:24 - [MESSAGE][PASSED] - Object 'Object Repository/Journey/journrySearchInput' is present

2021-01-14 09:08:25 - [MESSAGE][PASSED] - Object 'Object Repository/Journey/journrySearchInput' is visible

2021-01-14 09:08:25 - [MESSAGE][PASSED] - Object 'Object Repository/Journey/journrySearchInput' is clickable

2021-01-14 09:08:25 - [MESSAGE][PASSED] - Text of object 'Object Repository/Journey/journrySearchInput' is cleared

2021-01-14 09:08:26 - [MESSAGE][PASSED] - Keys '' sent to object: 'Object Repository/Journey/journrySearchInput'

2021-01-14 09:08:26 - [MESSAGE][PASSED] - Keys 'J' sent to object: 'Object Repository/Journey/journrySearchInput'

2021-01-14 09:08:26 - [MESSAGE][PASSED] - Keys 'O' sent to object: 'Object Repository/Journey/journrySearchInput'

2021-01-14 09:08:27 - [MESSAGE][PASSED] - Keys '7' sent to object: 'Object Repository/Journey/journrySearchInput'

2021-01-14 09:08:28 - [MESSAGE][PASSED] - Object 'Object Repository/Journey/clickVerifyingJourney(journeyName)' is present

2021-01-14 09:08:29 - [MESSAGE][PASSED] - Object 'Object Repository/Journey/clickVerifyingJourney(journeyName)' is visible

2021-01-14 09:08:29 - [MESSAGE][PASSED] - Object 'Object Repository/Journey/clickVerifyingJourney(journeyName)' is clickable

2021-01-14 09:08:29 - [MESSAGE][PASSED] - Object: 'Object Repository/Journey/clickVerifyingJourney(journeyName)' is clicked on

2021-01-14 09:08:31 - [MESSAGE][PASSED] - Scroll to object 'Object Repository/Journey/Current Access Codes/currentAccessCodeField' successfully

2021-01-14 09:08:31 - [MESSAGE][PASSED] - Object 'Object Repository/Journey/Current Access Codes/getAccessCodesCount' is present

2021-01-14 09:08:32 - [MESSAGE][PASSED] - Text of object 'Object Repository/Journey/Current Access Codes/getAccessCodeText(index)' is: 'access14'

2021-01-14 09:08:32 - [MESSAGE][PASSED] - pages.Journey.getExistingJourneyAccesscode is PASSED

2021-01-14 09:08:32 - [TEST_STEP][PASSED] - login.LoginForJourneyApplication.loginToJourneyApplication(): login.LoginForJourneyApplication.loginToJourneyApplication is PASSED

2021-01-14 09:08:32 - [MESSAGE][PASSED] - Navigate to 'https://qualitlabs.dev.modist.co/' successfully

2021-01-14 09:08:32 - [MESSAGE][PASSED] - login.LoginForJourneyApplication.loginToJourneyApplication is PASSED

2021-01-14 09:08:32 - [TEST_STEP][PASSED] - pages.Journey.enterAccessCodeInJourney(accessCode): pages.Journey.enterAccessCodeInJourney is PASSED

2021-01-14 09:08:33 - [MESSAGE][PASSED] - Object 'Object Repository/Journey/JourneyPortal/enterAccessCode' is present

2021-01-14 09:08:33 - [MESSAGE][PASSED] - Object 'Object Repository/Journey/JourneyPortal/enterAccessCode' is visible

2021-01-14 09:08:33 - [MESSAGE][PASSED] - Object 'Object Repository/Journey/JourneyPortal/enterAccessCode' is clickable

2021-01-14 09:08:34 - [MESSAGE][PASSED] - Text of object 'Object Repository/Journey/JourneyPortal/enterAccessCode' is cleared

2021-01-14 09:08:34 - [MESSAGE][PASSED] - Keys 'access14' sent to object: 'Object Repository/Journey/JourneyPortal/enterAccessCode'

2021-01-14 09:08:34 - [MESSAGE][PASSED] - pages.Journey.enterAccessCodeInJourney is PASSED

2021-01-14 09:08:34 - [TEST_STEP][PASSED] - pages.Journey.clickEnterButton(): pages.Journey.clickEnterButton is PASSED

2021-01-14 09:08:34 - [MESSAGE][PASSED] - Object 'Object Repository/Journey/JourneyPortal/EnterButton' is present

2021-01-14 09:08:35 - [MESSAGE][PASSED] - Object 'Object Repository/Journey/JourneyPortal/EnterButton' is visible

2021-01-14 09:08:35 - [MESSAGE][PASSED] - Object 'Object Repository/Journey/JourneyPortal/EnterButton' is clickable

2021-01-14 09:08:35 - [MESSAGE][PASSED] - Object: 'Object Repository/Journey/JourneyPortal/EnterButton' is clicked on

2021-01-14 09:08:35 - [MESSAGE][PASSED] - pages.Journey.clickEnterButton is PASSED

2021-01-14 09:08:35 - [TEST_STEP][PASSED] - pages.JourneyPortal.openExistingSection(): pages.JourneyPortal.openExistingSection is PASSED

2021-01-14 09:08:38 - [MESSAGE][PASSED] - Object 'Object Repository/Journey/JourneyPortal/Section/getSectionsCount' is present

2021-01-14 09:08:38 - [MESSAGE][PASSED] - Object 'Object Repository/Journey/JourneyPortal/Section/openSection(index)' is present

2021-01-14 09:08:39 - [MESSAGE][PASSED] - Object 'Object Repository/Journey/JourneyPortal/Section/openSection(index)' is visible

2021-01-14 09:08:39 - [MESSAGE][PASSED] - Object 'Object Repository/Journey/JourneyPortal/Section/openSection(index)' is clickable

2021-01-14 09:08:39 - [MESSAGE][PASSED] - Object: 'Object Repository/Journey/JourneyPortal/Section/openSection(index)' is clicked on

2021-01-14 09:08:39 - [MESSAGE][PASSED] - pages.JourneyPortal.openExistingSection is PASSED

2021-01-14 09:08:39 - [TEST_STEP][PASSED] - pages.JourneyPortal.openAnyProductInTheJourneyPortal(): pages.JourneyPortal.openAnyProductInTheJourneyPortal is PASSED

2021-01-14 09:08:40 - [MESSAGE][PASSED] - Object 'Object Repository/Journey/JourneyPortal/Product/toGetProductsCountInTheCart' is present

2021-01-14 09:08:41 - [MESSAGE][PASSED] - Scroll to object 'Object Repository/Journey/JourneyPortal/Product/openAnyProduct(index)' successfully

2021-01-14 09:08:41 - [MESSAGE][PASSED] - Object 'Object Repository/Journey/JourneyPortal/Product/openAnyProduct(index)' is present

2021-01-14 09:08:42 - [MESSAGE][PASSED] - Object 'Object Repository/Journey/JourneyPortal/Product/openAnyProduct(index)' is visible

2021-01-14 09:08:42 - [MESSAGE][PASSED] - Object 'Object Repository/Journey/JourneyPortal/Product/openAnyProduct(index)' is clickable

2021-01-14 09:08:42 - [MESSAGE][PASSED] - Object: 'Object Repository/Journey/JourneyPortal/Product/openAnyProduct(index)' is clicked on

2021-01-14 09:08:42 - [MESSAGE][PASSED] - pages.JourneyPortal.openAnyProductInTheJourneyPortal is PASSED

2021-01-14 09:08:42 - [TEST_STEP][PASSED] - pages.JourneyPortal.verifyCloseButton(): pages.JourneyPortal.verifyCloseButton is PASSED

2021-01-14 09:08:43 - [MESSAGE][PASSED] - Object 'Object Repository/Journey/JourneyPortal/Product/closeButton' is present

2021-01-14 09:08:43 - [MESSAGE][PASSED] - pages.JourneyPortal.verifyCloseButton is PASSED

2021-01-14 09:08:43 - [TEST_STEP][PASSED] - pages.JourneyPortal.clickCloseButtonOnJourneyPortalProductPopup(): pages.JourneyPortal.clickCloseButtonOnJourneyPortalProductPopup is PASSED

2021-01-14 09:08:43 - [MESSAGE][PASSED] - Object 'Object Repository/Journey/JourneyPortal/Product/closeButton' is present

2021-01-14 09:08:43 - [MESSAGE][PASSED] - Object 'Object Repository/Journey/JourneyPortal/Product/closeButton' is visible

2021-01-14 09:08:44 - [MESSAGE][PASSED] - Object 'Object Repository/Journey/JourneyPortal/Product/closeButton' is clickable

2021-01-14 09:08:44 - [MESSAGE][PASSED] - Object: 'Object Repository/Journey/JourneyPortal/Product/closeButton' is clicked on

2021-01-14 09:08:44 - [MESSAGE][PASSED] - pages.JourneyPortal.clickCloseButtonOnJourneyPortalProductPopup is PASSED

2021-01-14 09:08:44 - [TEST_STEP][PASSED] - pages.JourneyPortal.productPageCheck(): pages.JourneyPortal.productPageCheck is PASSED

2021-01-14 09:08:45 - [MESSAGE][PASSED] - Object 'Object Repository/Journey/JourneyPortal/Product/productPage' is present

2021-01-14 09:08:45 - [MESSAGE][PASSED] - pages.JourneyPortal.productPageCheck is PASSED]]></system-out>
         <system-err><![CDATA[]]></system-err>
      </testcase>
      <testcase name="Test Cases/JourneyPortal/verifyElementsInJourneyPotalProductPopup" time="33.841" classname="Test Cases/JourneyPortal/verifyElementsInJourneyPotalProductPopup" status="PASSED">
         <system-out><![CDATA[2021-01-14 09:08:45 - [TEST_CASE][PASSED] - Test Cases/JourneyPortal/verifyElementsInJourneyPotalProductPopup: Test Cases/JourneyPortal/verifyElementsInJourneyPotalProductPopup

2021-01-14 09:08:45 - [TEST_STEP][PASSED] - Start listener action : login: com.kms.katalon.core.webui.exception.WebElementNotFoundException: Web element with id: 'Object Repository/Login Credentials/Email' located by '//input[@name='email']' not found (Root cause: com.kms.katalon.core.exception.StepFailedException: com.kms.katalon.core.webui.exception.WebElementNotFoundException: Web element with id: 'Object Repository/Login Credentials/Email' located by '//input[@name='email']' not found
	at com.kms.katalon.core.webui.keyword.internal.WebUIKeywordMain.stepFailed(WebUIKeywordMain.groovy:64)
	at com.kms.katalon.core.webui.keyword.builtin.VerifyElementPresentKeyword$_verifyElementPresent_closure1.doCall(VerifyElementPresentKeyword.groovy:85)
	at com.kms.katalon.core.webui.keyword.builtin.VerifyElementPresentKeyword$_verifyElementPresent_closure1.call(VerifyElementPresentKeyword.groovy)
	at com.kms.katalon.core.webui.keyword.internal.WebUIKeywordMain.runKeyword(WebUIKeywordMain.groovy:20)
	at com.kms.katalon.core.webui.keyword.builtin.VerifyElementPresentKeyword.verifyElementPresent(VerifyElementPresentKeyword.groovy:92)
	at com.kms.katalon.core.webui.keyword.builtin.VerifyElementPresentKeyword.execute(VerifyElementPresentKeyword.groovy:68)
	at com.kms.katalon.core.keyword.internal.KeywordExecutor.executeKeywordForPlatform(KeywordExecutor.groovy:73)
	at com.kms.katalon.core.webui.keyword.WebUiBuiltInKeywords.verifyElementPresent(WebUiBuiltInKeywords.groovy:1445)
	at com.kms.katalon.core.webui.keyword.WebUiBuiltInKeywords$verifyElementPresent$2.call(Unknown Source)
	at login.LoginForAdminDevEnvironment.login(LoginForAdminDevEnvironment.groovy:17)
	at login.LoginForAdminDevEnvironment$login.call(Unknown Source)
	at Login.login(Login.groovy:37)
	at Login.invokeMethod(Login.groovy)
	at com.kms.katalon.core.context.internal.TestHooker.invokeMethod(TestHooker.java:111)
	at com.kms.katalon.core.context.internal.TestHooker.lambda$3(TestHooker.java:95)
	at com.kms.katalon.core.context.internal.TestHooker.invokeContextMethods(TestHooker.java:94)
	at com.kms.katalon.core.context.internal.TestListenerCollector.lambda$3(TestListenerCollector.java:88)
	at com.kms.katalon.core.context.internal.TestListenerCollector.handleListenerEvent(TestListenerCollector.java:85)
	at com.kms.katalon.core.context.internal.ExecutionEventManager.publicEvent(ExecutionEventManager.java:36)
	at com.kms.katalon.core.main.TestCaseExecutor.execute(TestCaseExecutor.java:221)
	at com.kms.katalon.core.main.TestSuiteExecutor.accessTestCaseMainPhase(TestSuiteExecutor.java:191)
	at com.kms.katalon.core.main.TestSuiteExecutor.accessTestSuiteMainPhase(TestSuiteExecutor.java:141)
	at com.kms.katalon.core.main.TestSuiteExecutor.execute(TestSuiteExecutor.java:90)
	at com.kms.katalon.core.main.TestCaseMain.startTestSuite(TestCaseMain.java:157)
	at com.kms.katalon.core.main.TestCaseMain$startTestSuite$0.call(Unknown Source)
	at TempTestSuite1610631842892.run(TempTestSuite1610631842892.groovy:39)
)

2021-01-14 09:08:45 - [TEST_STEP][PASSED] - Thread.sleep(3000): null

2021-01-14 09:08:48 - [TEST_STEP][PASSED] - url = getUrl(): Current window's url is: 'https://qualitlabs.dev.modist.co/products/502'

2021-01-14 09:08:48 - [MESSAGE][PASSED] - Current window's url is: 'https://qualitlabs.dev.modist.co/products/502'

2021-01-14 09:08:48 - [TEST_STEP][PASSED] - if (!(url.contains("dashboard"))): com.kms.katalon.core.webui.exception.WebElementNotFoundException: Web element with id: 'Object Repository/Login Credentials/Email' located by '//input[@name='email']' not found (Root cause: com.kms.katalon.core.exception.StepFailedException: com.kms.katalon.core.webui.exception.WebElementNotFoundException: Web element with id: 'Object Repository/Login Credentials/Email' located by '//input[@name='email']' not found
	at com.kms.katalon.core.webui.keyword.internal.WebUIKeywordMain.stepFailed(WebUIKeywordMain.groovy:64)
	at com.kms.katalon.core.webui.keyword.builtin.VerifyElementPresentKeyword$_verifyElementPresent_closure1.doCall(VerifyElementPresentKeyword.groovy:85)
	at com.kms.katalon.core.webui.keyword.builtin.VerifyElementPresentKeyword$_verifyElementPresent_closure1.call(VerifyElementPresentKeyword.groovy)
	at com.kms.katalon.core.webui.keyword.internal.WebUIKeywordMain.runKeyword(WebUIKeywordMain.groovy:20)
	at com.kms.katalon.core.webui.keyword.builtin.VerifyElementPresentKeyword.verifyElementPresent(VerifyElementPresentKeyword.groovy:92)
	at com.kms.katalon.core.webui.keyword.builtin.VerifyElementPresentKeyword.execute(VerifyElementPresentKeyword.groovy:68)
	at com.kms.katalon.core.keyword.internal.KeywordExecutor.executeKeywordForPlatform(KeywordExecutor.groovy:73)
	at com.kms.katalon.core.webui.keyword.WebUiBuiltInKeywords.verifyElementPresent(WebUiBuiltInKeywords.groovy:1445)
	at com.kms.katalon.core.webui.keyword.WebUiBuiltInKeywords$verifyElementPresent$2.call(Unknown Source)
	at login.LoginForAdminDevEnvironment.login(LoginForAdminDevEnvironment.groovy:17)
	at login.LoginForAdminDevEnvironment$login.call(Unknown Source)
	at Login.login(Login.groovy:37)
	at Login.invokeMethod(Login.groovy)
	at com.kms.katalon.core.context.internal.TestHooker.invokeMethod(TestHooker.java:111)
	at com.kms.katalon.core.context.internal.TestHooker.lambda$3(TestHooker.java:95)
	at com.kms.katalon.core.context.internal.TestHooker.invokeContextMethods(TestHooker.java:94)
	at com.kms.katalon.core.context.internal.TestListenerCollector.lambda$3(TestListenerCollector.java:88)
	at com.kms.katalon.core.context.internal.TestListenerCollector.handleListenerEvent(TestListenerCollector.java:85)
	at com.kms.katalon.core.context.internal.ExecutionEventManager.publicEvent(ExecutionEventManager.java:36)
	at com.kms.katalon.core.main.TestCaseExecutor.execute(TestCaseExecutor.java:221)
	at com.kms.katalon.core.main.TestSuiteExecutor.accessTestCaseMainPhase(TestSuiteExecutor.java:191)
	at com.kms.katalon.core.main.TestSuiteExecutor.accessTestSuiteMainPhase(TestSuiteExecutor.java:141)
	at com.kms.katalon.core.main.TestSuiteExecutor.execute(TestSuiteExecutor.java:90)
	at com.kms.katalon.core.main.TestCaseMain.startTestSuite(TestCaseMain.java:157)
	at com.kms.katalon.core.main.TestCaseMain$startTestSuite$0.call(Unknown Source)
	at TempTestSuite1610631842892.run(TempTestSuite1610631842892.groovy:39)
)

2021-01-14 09:08:48 - [TEST_STEP][PASSED] - navigateToUrl(Url): Navigate to 'https://dev-admin.modist.co/' successfully

2021-01-14 09:08:48 - [MESSAGE][PASSED] - Navigate to 'https://dev-admin.modist.co/' successfully

2021-01-14 09:08:48 - [TEST_STEP][PASSED] - loginPage.login(Email, Password): com.kms.katalon.core.webui.exception.WebElementNotFoundException: Web element with id: 'Object Repository/Login Credentials/Email' located by '//input[@name='email']' not found (Root cause: com.kms.katalon.core.exception.StepFailedException: com.kms.katalon.core.webui.exception.WebElementNotFoundException: Web element with id: 'Object Repository/Login Credentials/Email' located by '//input[@name='email']' not found
	at com.kms.katalon.core.webui.keyword.internal.WebUIKeywordMain.stepFailed(WebUIKeywordMain.groovy:64)
	at com.kms.katalon.core.webui.keyword.builtin.VerifyElementPresentKeyword$_verifyElementPresent_closure1.doCall(VerifyElementPresentKeyword.groovy:85)
	at com.kms.katalon.core.webui.keyword.builtin.VerifyElementPresentKeyword$_verifyElementPresent_closure1.call(VerifyElementPresentKeyword.groovy)
	at com.kms.katalon.core.webui.keyword.internal.WebUIKeywordMain.runKeyword(WebUIKeywordMain.groovy:20)
	at com.kms.katalon.core.webui.keyword.builtin.VerifyElementPresentKeyword.verifyElementPresent(VerifyElementPresentKeyword.groovy:92)
	at com.kms.katalon.core.webui.keyword.builtin.VerifyElementPresentKeyword.execute(VerifyElementPresentKeyword.groovy:68)
	at com.kms.katalon.core.keyword.internal.KeywordExecutor.executeKeywordForPlatform(KeywordExecutor.groovy:73)
	at com.kms.katalon.core.webui.keyword.WebUiBuiltInKeywords.verifyElementPresent(WebUiBuiltInKeywords.groovy:1445)
	at com.kms.katalon.core.webui.keyword.WebUiBuiltInKeywords$verifyElementPresent$2.call(Unknown Source)
	at login.LoginForAdminDevEnvironment.login(LoginForAdminDevEnvironment.groovy:17)
	at login.LoginForAdminDevEnvironment$login.call(Unknown Source)
	at Login.login(Login.groovy:37)
	at Login.invokeMethod(Login.groovy)
	at com.kms.katalon.core.context.internal.TestHooker.invokeMethod(TestHooker.java:111)
	at com.kms.katalon.core.context.internal.TestHooker.lambda$3(TestHooker.java:95)
	at com.kms.katalon.core.context.internal.TestHooker.invokeContextMethods(TestHooker.java:94)
	at com.kms.katalon.core.context.internal.TestListenerCollector.lambda$3(TestListenerCollector.java:88)
	at com.kms.katalon.core.context.internal.TestListenerCollector.handleListenerEvent(TestListenerCollector.java:85)
	at com.kms.katalon.core.context.internal.ExecutionEventManager.publicEvent(ExecutionEventManager.java:36)
	at com.kms.katalon.core.main.TestCaseExecutor.execute(TestCaseExecutor.java:221)
	at com.kms.katalon.core.main.TestSuiteExecutor.accessTestCaseMainPhase(TestSuiteExecutor.java:191)
	at com.kms.katalon.core.main.TestSuiteExecutor.accessTestSuiteMainPhase(TestSuiteExecutor.java:141)
	at com.kms.katalon.core.main.TestSuiteExecutor.execute(TestSuiteExecutor.java:90)
	at com.kms.katalon.core.main.TestCaseMain.startTestSuite(TestCaseMain.java:157)
	at com.kms.katalon.core.main.TestCaseMain$startTestSuite$0.call(Unknown Source)
	at TempTestSuite1610631842892.run(TempTestSuite1610631842892.groovy:39)
)

2021-01-14 09:08:53 - [MESSAGE][INFO] - Unable to find the element located by 'By.xpath: //input[@name='email']'. Please recheck the objects properties to make sure the desired element is located. 

2021-01-14 09:08:54 - [MESSAGE][WARNING] - com.kms.katalon.core.webui.exception.WebElementNotFoundException: Web element with id: 'Object Repository/Login Credentials/Email' located by '//input[@name='email']' not found (Root cause: com.kms.katalon.core.exception.StepFailedException: com.kms.katalon.core.webui.exception.WebElementNotFoundException: Web element with id: 'Object Repository/Login Credentials/Email' located by '//input[@name='email']' not found
	at com.kms.katalon.core.webui.keyword.internal.WebUIKeywordMain.stepFailed(WebUIKeywordMain.groovy:64)
	at com.kms.katalon.core.webui.keyword.builtin.VerifyElementPresentKeyword$_verifyElementPresent_closure1.doCall(VerifyElementPresentKeyword.groovy:85)
	at com.kms.katalon.core.webui.keyword.builtin.VerifyElementPresentKeyword$_verifyElementPresent_closure1.call(VerifyElementPresentKeyword.groovy)
	at com.kms.katalon.core.webui.keyword.internal.WebUIKeywordMain.runKeyword(WebUIKeywordMain.groovy:20)
	at com.kms.katalon.core.webui.keyword.builtin.VerifyElementPresentKeyword.verifyElementPresent(VerifyElementPresentKeyword.groovy:92)
	at com.kms.katalon.core.webui.keyword.builtin.VerifyElementPresentKeyword.execute(VerifyElementPresentKeyword.groovy:68)
	at com.kms.katalon.core.keyword.internal.KeywordExecutor.executeKeywordForPlatform(KeywordExecutor.groovy:73)
	at com.kms.katalon.core.webui.keyword.WebUiBuiltInKeywords.verifyElementPresent(WebUiBuiltInKeywords.groovy:1445)
	at com.kms.katalon.core.webui.keyword.WebUiBuiltInKeywords$verifyElementPresent$2.call(Unknown Source)
	at login.LoginForAdminDevEnvironment.login(LoginForAdminDevEnvironment.groovy:17)
	at login.LoginForAdminDevEnvironment$login.call(Unknown Source)
	at Login.login(Login.groovy:37)
	at Login.invokeMethod(Login.groovy)
	at com.kms.katalon.core.context.internal.TestHooker.invokeMethod(TestHooker.java:111)
	at com.kms.katalon.core.context.internal.TestHooker.lambda$3(TestHooker.java:95)
	at com.kms.katalon.core.context.internal.TestHooker.invokeContextMethods(TestHooker.java:94)
	at com.kms.katalon.core.context.internal.TestListenerCollector.lambda$3(TestListenerCollector.java:88)
	at com.kms.katalon.core.context.internal.TestListenerCollector.handleListenerEvent(TestListenerCollector.java:85)
	at com.kms.katalon.core.context.internal.ExecutionEventManager.publicEvent(ExecutionEventManager.java:36)
	at com.kms.katalon.core.main.TestCaseExecutor.execute(TestCaseExecutor.java:221)
	at com.kms.katalon.core.main.TestSuiteExecutor.accessTestCaseMainPhase(TestSuiteExecutor.java:191)
	at com.kms.katalon.core.main.TestSuiteExecutor.accessTestSuiteMainPhase(TestSuiteExecutor.java:141)
	at com.kms.katalon.core.main.TestSuiteExecutor.execute(TestSuiteExecutor.java:90)
	at com.kms.katalon.core.main.TestCaseMain.startTestSuite(TestCaseMain.java:157)
	at com.kms.katalon.core.main.TestCaseMain$startTestSuite$0.call(Unknown Source)
	at TempTestSuite1610631842892.run(TempTestSuite1610631842892.groovy:39)
)
[[ATTACHMENT|E:\\Modist\\ModistProject\\Reports\\20210114_084402\\AllTestCases\\20210114_084402\\1610633333782.png]]

2021-01-14 09:08:54 - [TEST_STEP][PASSED] - pages.Journey.clickOnJourneyTab(): pages.Journey.clickOnJourneyTab is PASSED

2021-01-14 09:08:54 - [MESSAGE][PASSED] - Object 'Object Repository/Journey/Journeytab' is present

2021-01-14 09:08:54 - [MESSAGE][PASSED] - Object 'Object Repository/Journey/Journeytab' is visible

2021-01-14 09:08:55 - [MESSAGE][PASSED] - Object 'Object Repository/Journey/Journeytab' is clickable

2021-01-14 09:08:55 - [MESSAGE][PASSED] - Object: 'Object Repository/Journey/Journeytab' is clicked on

2021-01-14 09:08:55 - [MESSAGE][PASSED] - pages.Journey.clickOnJourneyTab is PASSED

2021-01-14 09:08:55 - [TEST_STEP][PASSED] - journeyName = pages.Journey.getRandomJourneyName(): pages.Journey.getRandomJourneyName is PASSED

2021-01-14 09:08:55 - [MESSAGE][PASSED] - Object 'Object Repository/Journey/toGetJourneysCount' is present

2021-01-14 09:08:55 - [MESSAGE][PASSED] - Object 'Object Repository/Journey/toGetJourneysCount' is present

2021-01-14 09:08:56 - [MESSAGE][PASSED] - Text of object 'Object Repository/Journey/toPickrandomJourney(index)' is: 'journey 1'

2021-01-14 09:08:56 - [MESSAGE][PASSED] - pages.Journey.getRandomJourneyName is PASSED

2021-01-14 09:08:56 - [TEST_STEP][PASSED] - accessCode = pages.Journey.getExistingJourneyAccesscode(journeyName): pages.Journey.getExistingJourneyAccesscode is PASSED

2021-01-14 09:08:56 - [MESSAGE][PASSED] - Object 'Object Repository/Journey/journrySearchInput' is present

2021-01-14 09:08:57 - [MESSAGE][PASSED] - Object 'Object Repository/Journey/journrySearchInput' is visible

2021-01-14 09:08:57 - [MESSAGE][PASSED] - Object 'Object Repository/Journey/journrySearchInput' is clickable

2021-01-14 09:08:57 - [MESSAGE][PASSED] - Text of object 'Object Repository/Journey/journrySearchInput' is cleared

2021-01-14 09:08:57 - [MESSAGE][PASSED] - Keys '' sent to object: 'Object Repository/Journey/journrySearchInput'

2021-01-14 09:08:58 - [MESSAGE][PASSED] - Keys 'j' sent to object: 'Object Repository/Journey/journrySearchInput'

2021-01-14 09:08:58 - [MESSAGE][PASSED] - Keys 'o' sent to object: 'Object Repository/Journey/journrySearchInput'

2021-01-14 09:08:59 - [MESSAGE][PASSED] - Keys 'u' sent to object: 'Object Repository/Journey/journrySearchInput'

2021-01-14 09:09:00 - [MESSAGE][PASSED] - Keys 'r' sent to object: 'Object Repository/Journey/journrySearchInput'

2021-01-14 09:09:00 - [MESSAGE][PASSED] - Keys 'n' sent to object: 'Object Repository/Journey/journrySearchInput'

2021-01-14 09:09:01 - [MESSAGE][PASSED] - Keys 'e' sent to object: 'Object Repository/Journey/journrySearchInput'

2021-01-14 09:09:01 - [MESSAGE][PASSED] - Keys 'y' sent to object: 'Object Repository/Journey/journrySearchInput'

2021-01-14 09:09:01 - [MESSAGE][PASSED] - Keys ' ' sent to object: 'Object Repository/Journey/journrySearchInput'

2021-01-14 09:09:02 - [MESSAGE][PASSED] - Keys '1' sent to object: 'Object Repository/Journey/journrySearchInput'

2021-01-14 09:09:03 - [MESSAGE][PASSED] - Object 'Object Repository/Journey/clickVerifyingJourney(journeyName)' is present

2021-01-14 09:09:03 - [MESSAGE][PASSED] - Object 'Object Repository/Journey/clickVerifyingJourney(journeyName)' is visible

2021-01-14 09:09:04 - [MESSAGE][PASSED] - Object 'Object Repository/Journey/clickVerifyingJourney(journeyName)' is clickable

2021-01-14 09:09:04 - [MESSAGE][PASSED] - Object: 'Object Repository/Journey/clickVerifyingJourney(journeyName)' is clicked on

2021-01-14 09:09:04 - [MESSAGE][PASSED] - Scroll to object 'Object Repository/Journey/Current Access Codes/currentAccessCodeField' successfully

2021-01-14 09:09:05 - [MESSAGE][PASSED] - Object 'Object Repository/Journey/Current Access Codes/getAccessCodesCount' is present

2021-01-14 09:09:06 - [MESSAGE][PASSED] - Text of object 'Object Repository/Journey/Current Access Codes/getAccessCodeText(index)' is: 'access12'

2021-01-14 09:09:06 - [MESSAGE][PASSED] - pages.Journey.getExistingJourneyAccesscode is PASSED

2021-01-14 09:09:06 - [TEST_STEP][PASSED] - login.LoginForJourneyApplication.loginToJourneyApplication(): login.LoginForJourneyApplication.loginToJourneyApplication is PASSED

2021-01-14 09:09:06 - [MESSAGE][PASSED] - Navigate to 'https://qualitlabs.dev.modist.co/' successfully

2021-01-14 09:09:06 - [MESSAGE][PASSED] - login.LoginForJourneyApplication.loginToJourneyApplication is PASSED

2021-01-14 09:09:06 - [TEST_STEP][PASSED] - pages.Journey.enterAccessCodeInJourney(accessCode): pages.Journey.enterAccessCodeInJourney is PASSED

2021-01-14 09:09:07 - [MESSAGE][PASSED] - Object 'Object Repository/Journey/JourneyPortal/enterAccessCode' is present

2021-01-14 09:09:08 - [MESSAGE][PASSED] - Object 'Object Repository/Journey/JourneyPortal/enterAccessCode' is visible

2021-01-14 09:09:08 - [MESSAGE][PASSED] - Object 'Object Repository/Journey/JourneyPortal/enterAccessCode' is clickable

2021-01-14 09:09:08 - [MESSAGE][PASSED] - Text of object 'Object Repository/Journey/JourneyPortal/enterAccessCode' is cleared

2021-01-14 09:09:09 - [MESSAGE][PASSED] - Keys 'access12' sent to object: 'Object Repository/Journey/JourneyPortal/enterAccessCode'

2021-01-14 09:09:09 - [MESSAGE][PASSED] - pages.Journey.enterAccessCodeInJourney is PASSED

2021-01-14 09:09:09 - [TEST_STEP][PASSED] - pages.Journey.clickEnterButton(): pages.Journey.clickEnterButton is PASSED

2021-01-14 09:09:09 - [MESSAGE][PASSED] - Object 'Object Repository/Journey/JourneyPortal/EnterButton' is present

2021-01-14 09:09:09 - [MESSAGE][PASSED] - Object 'Object Repository/Journey/JourneyPortal/EnterButton' is visible

2021-01-14 09:09:09 - [MESSAGE][PASSED] - Object 'Object Repository/Journey/JourneyPortal/EnterButton' is clickable

2021-01-14 09:09:10 - [MESSAGE][PASSED] - Object: 'Object Repository/Journey/JourneyPortal/EnterButton' is clicked on

2021-01-14 09:09:10 - [MESSAGE][PASSED] - pages.Journey.clickEnterButton is PASSED

2021-01-14 09:09:10 - [TEST_STEP][PASSED] - pages.JourneyPortal.openExistingSection(): pages.JourneyPortal.openExistingSection is PASSED

2021-01-14 09:09:12 - [MESSAGE][PASSED] - Object 'Object Repository/Journey/JourneyPortal/Section/getSectionsCount' is present

2021-01-14 09:09:13 - [MESSAGE][PASSED] - Object 'Object Repository/Journey/JourneyPortal/Section/openSection(index)' is present

2021-01-14 09:09:13 - [MESSAGE][PASSED] - Object 'Object Repository/Journey/JourneyPortal/Section/openSection(index)' is visible

2021-01-14 09:09:13 - [MESSAGE][PASSED] - Object 'Object Repository/Journey/JourneyPortal/Section/openSection(index)' is clickable

2021-01-14 09:09:14 - [MESSAGE][PASSED] - Object: 'Object Repository/Journey/JourneyPortal/Section/openSection(index)' is clicked on

2021-01-14 09:09:14 - [MESSAGE][PASSED] - pages.JourneyPortal.openExistingSection is PASSED

2021-01-14 09:09:14 - [TEST_STEP][PASSED] - pages.JourneyPortal.openAnyProductInTheJourneyPortal(): pages.JourneyPortal.openAnyProductInTheJourneyPortal is PASSED

2021-01-14 09:09:15 - [MESSAGE][PASSED] - Object 'Object Repository/Journey/JourneyPortal/Product/toGetProductsCountInTheCart' is present

2021-01-14 09:09:15 - [MESSAGE][PASSED] - Scroll to object 'Object Repository/Journey/JourneyPortal/Product/openAnyProduct(index)' successfully

2021-01-14 09:09:16 - [MESSAGE][PASSED] - Object 'Object Repository/Journey/JourneyPortal/Product/openAnyProduct(index)' is present

2021-01-14 09:09:16 - [MESSAGE][PASSED] - Object 'Object Repository/Journey/JourneyPortal/Product/openAnyProduct(index)' is visible

2021-01-14 09:09:16 - [MESSAGE][PASSED] - Object 'Object Repository/Journey/JourneyPortal/Product/openAnyProduct(index)' is clickable

2021-01-14 09:09:16 - [MESSAGE][PASSED] - Object: 'Object Repository/Journey/JourneyPortal/Product/openAnyProduct(index)' is clicked on

2021-01-14 09:09:16 - [MESSAGE][PASSED] - pages.JourneyPortal.openAnyProductInTheJourneyPortal is PASSED

2021-01-14 09:09:16 - [TEST_STEP][PASSED] - pages.JourneyPortal.verifyElementsInProductPopupInJourneyPortal(): pages.JourneyPortal.verifyElementsInProductPopupInJourneyPortal is PASSED

2021-01-14 09:09:17 - [MESSAGE][PASSED] - Object 'Object Repository/Journey/JourneyPortal/Product/productPrice' is present

2021-01-14 09:09:17 - [MESSAGE][PASSED] - Object 'Object Repository/Journey/JourneyPortal/Product/productTitle' is present

2021-01-14 09:09:18 - [MESSAGE][PASSED] - Object 'Object Repository/Journey/JourneyPortal/Product/imageInTheProduct' is present

2021-01-14 09:09:18 - [MESSAGE][PASSED] - Object 'Object Repository/Journey/JourneyPortal/Product/AddToCart' is present

2021-01-14 09:09:18 - [MESSAGE][PASSED] - Object 'Object Repository/Journey/JourneyPortal/Product/favouriteIcon' is present

2021-01-14 09:09:18 - [MESSAGE][PASSED] - pages.JourneyPortal.verifyElementsInProductPopupInJourneyPortal is PASSED]]></system-out>
         <system-err><![CDATA[]]></system-err>
      </testcase>
      <testcase name="Test Cases/JourneyPortal/verifyFixedBackGroundInJourneyPortal" time="32.238" classname="Test Cases/JourneyPortal/verifyFixedBackGroundInJourneyPortal" status="PASSED">
         <system-out><![CDATA[2021-01-14 09:09:18 - [TEST_CASE][PASSED] - Test Cases/JourneyPortal/verifyFixedBackGroundInJourneyPortal: Test Cases/JourneyPortal/verifyFixedBackGroundInJourneyPortal

2021-01-14 09:09:18 - [TEST_STEP][PASSED] - Start listener action : login: com.kms.katalon.core.webui.exception.WebElementNotFoundException: Web element with id: 'Object Repository/Login Credentials/Email' located by '//input[@name='email']' not found (Root cause: com.kms.katalon.core.exception.StepFailedException: com.kms.katalon.core.webui.exception.WebElementNotFoundException: Web element with id: 'Object Repository/Login Credentials/Email' located by '//input[@name='email']' not found
	at com.kms.katalon.core.webui.keyword.internal.WebUIKeywordMain.stepFailed(WebUIKeywordMain.groovy:64)
	at com.kms.katalon.core.webui.keyword.builtin.VerifyElementPresentKeyword$_verifyElementPresent_closure1.doCall(VerifyElementPresentKeyword.groovy:85)
	at com.kms.katalon.core.webui.keyword.builtin.VerifyElementPresentKeyword$_verifyElementPresent_closure1.call(VerifyElementPresentKeyword.groovy)
	at com.kms.katalon.core.webui.keyword.internal.WebUIKeywordMain.runKeyword(WebUIKeywordMain.groovy:20)
	at com.kms.katalon.core.webui.keyword.builtin.VerifyElementPresentKeyword.verifyElementPresent(VerifyElementPresentKeyword.groovy:92)
	at com.kms.katalon.core.webui.keyword.builtin.VerifyElementPresentKeyword.execute(VerifyElementPresentKeyword.groovy:68)
	at com.kms.katalon.core.keyword.internal.KeywordExecutor.executeKeywordForPlatform(KeywordExecutor.groovy:73)
	at com.kms.katalon.core.webui.keyword.WebUiBuiltInKeywords.verifyElementPresent(WebUiBuiltInKeywords.groovy:1445)
	at com.kms.katalon.core.webui.keyword.WebUiBuiltInKeywords$verifyElementPresent$2.call(Unknown Source)
	at login.LoginForAdminDevEnvironment.login(LoginForAdminDevEnvironment.groovy:17)
	at login.LoginForAdminDevEnvironment$login.call(Unknown Source)
	at Login.login(Login.groovy:37)
	at Login.invokeMethod(Login.groovy)
	at com.kms.katalon.core.context.internal.TestHooker.invokeMethod(TestHooker.java:111)
	at com.kms.katalon.core.context.internal.TestHooker.lambda$3(TestHooker.java:95)
	at com.kms.katalon.core.context.internal.TestHooker.invokeContextMethods(TestHooker.java:94)
	at com.kms.katalon.core.context.internal.TestListenerCollector.lambda$3(TestListenerCollector.java:88)
	at com.kms.katalon.core.context.internal.TestListenerCollector.handleListenerEvent(TestListenerCollector.java:85)
	at com.kms.katalon.core.context.internal.ExecutionEventManager.publicEvent(ExecutionEventManager.java:36)
	at com.kms.katalon.core.main.TestCaseExecutor.execute(TestCaseExecutor.java:221)
	at com.kms.katalon.core.main.TestSuiteExecutor.accessTestCaseMainPhase(TestSuiteExecutor.java:191)
	at com.kms.katalon.core.main.TestSuiteExecutor.accessTestSuiteMainPhase(TestSuiteExecutor.java:141)
	at com.kms.katalon.core.main.TestSuiteExecutor.execute(TestSuiteExecutor.java:90)
	at com.kms.katalon.core.main.TestCaseMain.startTestSuite(TestCaseMain.java:157)
	at com.kms.katalon.core.main.TestCaseMain$startTestSuite$0.call(Unknown Source)
	at TempTestSuite1610631842892.run(TempTestSuite1610631842892.groovy:39)
)

2021-01-14 09:09:18 - [TEST_STEP][PASSED] - Thread.sleep(3000): null

2021-01-14 09:09:21 - [TEST_STEP][PASSED] - url = getUrl(): Current window's url is: 'https://qualitlabs.dev.modist.co/products/522'

2021-01-14 09:09:21 - [MESSAGE][PASSED] - Current window's url is: 'https://qualitlabs.dev.modist.co/products/522'

2021-01-14 09:09:21 - [TEST_STEP][PASSED] - if (!(url.contains("dashboard"))): com.kms.katalon.core.webui.exception.WebElementNotFoundException: Web element with id: 'Object Repository/Login Credentials/Email' located by '//input[@name='email']' not found (Root cause: com.kms.katalon.core.exception.StepFailedException: com.kms.katalon.core.webui.exception.WebElementNotFoundException: Web element with id: 'Object Repository/Login Credentials/Email' located by '//input[@name='email']' not found
	at com.kms.katalon.core.webui.keyword.internal.WebUIKeywordMain.stepFailed(WebUIKeywordMain.groovy:64)
	at com.kms.katalon.core.webui.keyword.builtin.VerifyElementPresentKeyword$_verifyElementPresent_closure1.doCall(VerifyElementPresentKeyword.groovy:85)
	at com.kms.katalon.core.webui.keyword.builtin.VerifyElementPresentKeyword$_verifyElementPresent_closure1.call(VerifyElementPresentKeyword.groovy)
	at com.kms.katalon.core.webui.keyword.internal.WebUIKeywordMain.runKeyword(WebUIKeywordMain.groovy:20)
	at com.kms.katalon.core.webui.keyword.builtin.VerifyElementPresentKeyword.verifyElementPresent(VerifyElementPresentKeyword.groovy:92)
	at com.kms.katalon.core.webui.keyword.builtin.VerifyElementPresentKeyword.execute(VerifyElementPresentKeyword.groovy:68)
	at com.kms.katalon.core.keyword.internal.KeywordExecutor.executeKeywordForPlatform(KeywordExecutor.groovy:73)
	at com.kms.katalon.core.webui.keyword.WebUiBuiltInKeywords.verifyElementPresent(WebUiBuiltInKeywords.groovy:1445)
	at com.kms.katalon.core.webui.keyword.WebUiBuiltInKeywords$verifyElementPresent$2.call(Unknown Source)
	at login.LoginForAdminDevEnvironment.login(LoginForAdminDevEnvironment.groovy:17)
	at login.LoginForAdminDevEnvironment$login.call(Unknown Source)
	at Login.login(Login.groovy:37)
	at Login.invokeMethod(Login.groovy)
	at com.kms.katalon.core.context.internal.TestHooker.invokeMethod(TestHooker.java:111)
	at com.kms.katalon.core.context.internal.TestHooker.lambda$3(TestHooker.java:95)
	at com.kms.katalon.core.context.internal.TestHooker.invokeContextMethods(TestHooker.java:94)
	at com.kms.katalon.core.context.internal.TestListenerCollector.lambda$3(TestListenerCollector.java:88)
	at com.kms.katalon.core.context.internal.TestListenerCollector.handleListenerEvent(TestListenerCollector.java:85)
	at com.kms.katalon.core.context.internal.ExecutionEventManager.publicEvent(ExecutionEventManager.java:36)
	at com.kms.katalon.core.main.TestCaseExecutor.execute(TestCaseExecutor.java:221)
	at com.kms.katalon.core.main.TestSuiteExecutor.accessTestCaseMainPhase(TestSuiteExecutor.java:191)
	at com.kms.katalon.core.main.TestSuiteExecutor.accessTestSuiteMainPhase(TestSuiteExecutor.java:141)
	at com.kms.katalon.core.main.TestSuiteExecutor.execute(TestSuiteExecutor.java:90)
	at com.kms.katalon.core.main.TestCaseMain.startTestSuite(TestCaseMain.java:157)
	at com.kms.katalon.core.main.TestCaseMain$startTestSuite$0.call(Unknown Source)
	at TempTestSuite1610631842892.run(TempTestSuite1610631842892.groovy:39)
)

2021-01-14 09:09:21 - [TEST_STEP][PASSED] - navigateToUrl(Url): Navigate to 'https://dev-admin.modist.co/' successfully

2021-01-14 09:09:22 - [MESSAGE][PASSED] - Navigate to 'https://dev-admin.modist.co/' successfully

2021-01-14 09:09:22 - [TEST_STEP][PASSED] - loginPage.login(Email, Password): com.kms.katalon.core.webui.exception.WebElementNotFoundException: Web element with id: 'Object Repository/Login Credentials/Email' located by '//input[@name='email']' not found (Root cause: com.kms.katalon.core.exception.StepFailedException: com.kms.katalon.core.webui.exception.WebElementNotFoundException: Web element with id: 'Object Repository/Login Credentials/Email' located by '//input[@name='email']' not found
	at com.kms.katalon.core.webui.keyword.internal.WebUIKeywordMain.stepFailed(WebUIKeywordMain.groovy:64)
	at com.kms.katalon.core.webui.keyword.builtin.VerifyElementPresentKeyword$_verifyElementPresent_closure1.doCall(VerifyElementPresentKeyword.groovy:85)
	at com.kms.katalon.core.webui.keyword.builtin.VerifyElementPresentKeyword$_verifyElementPresent_closure1.call(VerifyElementPresentKeyword.groovy)
	at com.kms.katalon.core.webui.keyword.internal.WebUIKeywordMain.runKeyword(WebUIKeywordMain.groovy:20)
	at com.kms.katalon.core.webui.keyword.builtin.VerifyElementPresentKeyword.verifyElementPresent(VerifyElementPresentKeyword.groovy:92)
	at com.kms.katalon.core.webui.keyword.builtin.VerifyElementPresentKeyword.execute(VerifyElementPresentKeyword.groovy:68)
	at com.kms.katalon.core.keyword.internal.KeywordExecutor.executeKeywordForPlatform(KeywordExecutor.groovy:73)
	at com.kms.katalon.core.webui.keyword.WebUiBuiltInKeywords.verifyElementPresent(WebUiBuiltInKeywords.groovy:1445)
	at com.kms.katalon.core.webui.keyword.WebUiBuiltInKeywords$verifyElementPresent$2.call(Unknown Source)
	at login.LoginForAdminDevEnvironment.login(LoginForAdminDevEnvironment.groovy:17)
	at login.LoginForAdminDevEnvironment$login.call(Unknown Source)
	at Login.login(Login.groovy:37)
	at Login.invokeMethod(Login.groovy)
	at com.kms.katalon.core.context.internal.TestHooker.invokeMethod(TestHooker.java:111)
	at com.kms.katalon.core.context.internal.TestHooker.lambda$3(TestHooker.java:95)
	at com.kms.katalon.core.context.internal.TestHooker.invokeContextMethods(TestHooker.java:94)
	at com.kms.katalon.core.context.internal.TestListenerCollector.lambda$3(TestListenerCollector.java:88)
	at com.kms.katalon.core.context.internal.TestListenerCollector.handleListenerEvent(TestListenerCollector.java:85)
	at com.kms.katalon.core.context.internal.ExecutionEventManager.publicEvent(ExecutionEventManager.java:36)
	at com.kms.katalon.core.main.TestCaseExecutor.execute(TestCaseExecutor.java:221)
	at com.kms.katalon.core.main.TestSuiteExecutor.accessTestCaseMainPhase(TestSuiteExecutor.java:191)
	at com.kms.katalon.core.main.TestSuiteExecutor.accessTestSuiteMainPhase(TestSuiteExecutor.java:141)
	at com.kms.katalon.core.main.TestSuiteExecutor.execute(TestSuiteExecutor.java:90)
	at com.kms.katalon.core.main.TestCaseMain.startTestSuite(TestCaseMain.java:157)
	at com.kms.katalon.core.main.TestCaseMain$startTestSuite$0.call(Unknown Source)
	at TempTestSuite1610631842892.run(TempTestSuite1610631842892.groovy:39)
)

2021-01-14 09:09:27 - [MESSAGE][INFO] - Unable to find the element located by 'By.xpath: //input[@name='email']'. Please recheck the objects properties to make sure the desired element is located. 

2021-01-14 09:09:27 - [MESSAGE][WARNING] - com.kms.katalon.core.webui.exception.WebElementNotFoundException: Web element with id: 'Object Repository/Login Credentials/Email' located by '//input[@name='email']' not found (Root cause: com.kms.katalon.core.exception.StepFailedException: com.kms.katalon.core.webui.exception.WebElementNotFoundException: Web element with id: 'Object Repository/Login Credentials/Email' located by '//input[@name='email']' not found
	at com.kms.katalon.core.webui.keyword.internal.WebUIKeywordMain.stepFailed(WebUIKeywordMain.groovy:64)
	at com.kms.katalon.core.webui.keyword.builtin.VerifyElementPresentKeyword$_verifyElementPresent_closure1.doCall(VerifyElementPresentKeyword.groovy:85)
	at com.kms.katalon.core.webui.keyword.builtin.VerifyElementPresentKeyword$_verifyElementPresent_closure1.call(VerifyElementPresentKeyword.groovy)
	at com.kms.katalon.core.webui.keyword.internal.WebUIKeywordMain.runKeyword(WebUIKeywordMain.groovy:20)
	at com.kms.katalon.core.webui.keyword.builtin.VerifyElementPresentKeyword.verifyElementPresent(VerifyElementPresentKeyword.groovy:92)
	at com.kms.katalon.core.webui.keyword.builtin.VerifyElementPresentKeyword.execute(VerifyElementPresentKeyword.groovy:68)
	at com.kms.katalon.core.keyword.internal.KeywordExecutor.executeKeywordForPlatform(KeywordExecutor.groovy:73)
	at com.kms.katalon.core.webui.keyword.WebUiBuiltInKeywords.verifyElementPresent(WebUiBuiltInKeywords.groovy:1445)
	at com.kms.katalon.core.webui.keyword.WebUiBuiltInKeywords$verifyElementPresent$2.call(Unknown Source)
	at login.LoginForAdminDevEnvironment.login(LoginForAdminDevEnvironment.groovy:17)
	at login.LoginForAdminDevEnvironment$login.call(Unknown Source)
	at Login.login(Login.groovy:37)
	at Login.invokeMethod(Login.groovy)
	at com.kms.katalon.core.context.internal.TestHooker.invokeMethod(TestHooker.java:111)
	at com.kms.katalon.core.context.internal.TestHooker.lambda$3(TestHooker.java:95)
	at com.kms.katalon.core.context.internal.TestHooker.invokeContextMethods(TestHooker.java:94)
	at com.kms.katalon.core.context.internal.TestListenerCollector.lambda$3(TestListenerCollector.java:88)
	at com.kms.katalon.core.context.internal.TestListenerCollector.handleListenerEvent(TestListenerCollector.java:85)
	at com.kms.katalon.core.context.internal.ExecutionEventManager.publicEvent(ExecutionEventManager.java:36)
	at com.kms.katalon.core.main.TestCaseExecutor.execute(TestCaseExecutor.java:221)
	at com.kms.katalon.core.main.TestSuiteExecutor.accessTestCaseMainPhase(TestSuiteExecutor.java:191)
	at com.kms.katalon.core.main.TestSuiteExecutor.accessTestSuiteMainPhase(TestSuiteExecutor.java:141)
	at com.kms.katalon.core.main.TestSuiteExecutor.execute(TestSuiteExecutor.java:90)
	at com.kms.katalon.core.main.TestCaseMain.startTestSuite(TestCaseMain.java:157)
	at com.kms.katalon.core.main.TestCaseMain$startTestSuite$0.call(Unknown Source)
	at TempTestSuite1610631842892.run(TempTestSuite1610631842892.groovy:39)
)
[[ATTACHMENT|E:\\Modist\\ModistProject\\Reports\\20210114_084402\\AllTestCases\\20210114_084402\\1610633367481.png]]

2021-01-14 09:09:27 - [TEST_STEP][PASSED] - pages.Journey.clickOnJourneyTab(): pages.Journey.clickOnJourneyTab is PASSED

2021-01-14 09:09:28 - [MESSAGE][PASSED] - Object 'Object Repository/Journey/Journeytab' is present

2021-01-14 09:09:28 - [MESSAGE][PASSED] - Object 'Object Repository/Journey/Journeytab' is visible

2021-01-14 09:09:28 - [MESSAGE][PASSED] - Object 'Object Repository/Journey/Journeytab' is clickable

2021-01-14 09:09:29 - [MESSAGE][PASSED] - Object: 'Object Repository/Journey/Journeytab' is clicked on

2021-01-14 09:09:29 - [MESSAGE][PASSED] - pages.Journey.clickOnJourneyTab is PASSED

2021-01-14 09:09:29 - [TEST_STEP][PASSED] - journeyName = pages.Journey.getRandomJourneyName(): pages.Journey.getRandomJourneyName is PASSED

2021-01-14 09:09:29 - [MESSAGE][PASSED] - Object 'Object Repository/Journey/toGetJourneysCount' is present

2021-01-14 09:09:29 - [MESSAGE][PASSED] - Object 'Object Repository/Journey/toGetJourneysCount' is present

2021-01-14 09:09:30 - [MESSAGE][PASSED] - Text of object 'Object Repository/Journey/toPickrandomJourney(index)' is: 'DEMOJ'

2021-01-14 09:09:30 - [MESSAGE][PASSED] - pages.Journey.getRandomJourneyName is PASSED

2021-01-14 09:09:30 - [TEST_STEP][PASSED] - accessCode = pages.Journey.getExistingJourneyAccesscode(journeyName): pages.Journey.getExistingJourneyAccesscode is PASSED

2021-01-14 09:09:30 - [MESSAGE][PASSED] - Object 'Object Repository/Journey/journrySearchInput' is present

2021-01-14 09:09:30 - [MESSAGE][PASSED] - Object 'Object Repository/Journey/journrySearchInput' is visible

2021-01-14 09:09:30 - [MESSAGE][PASSED] - Object 'Object Repository/Journey/journrySearchInput' is clickable

2021-01-14 09:09:31 - [MESSAGE][PASSED] - Text of object 'Object Repository/Journey/journrySearchInput' is cleared

2021-01-14 09:09:31 - [MESSAGE][PASSED] - Keys '' sent to object: 'Object Repository/Journey/journrySearchInput'

2021-01-14 09:09:31 - [MESSAGE][PASSED] - Keys 'D' sent to object: 'Object Repository/Journey/journrySearchInput'

2021-01-14 09:09:32 - [MESSAGE][PASSED] - Keys 'E' sent to object: 'Object Repository/Journey/journrySearchInput'

2021-01-14 09:09:33 - [MESSAGE][PASSED] - Keys 'M' sent to object: 'Object Repository/Journey/journrySearchInput'

2021-01-14 09:09:34 - [MESSAGE][PASSED] - Keys 'O' sent to object: 'Object Repository/Journey/journrySearchInput'

2021-01-14 09:09:34 - [MESSAGE][PASSED] - Keys 'J' sent to object: 'Object Repository/Journey/journrySearchInput'

2021-01-14 09:09:35 - [MESSAGE][PASSED] - Object 'Object Repository/Journey/clickVerifyingJourney(journeyName)' is present

2021-01-14 09:09:35 - [MESSAGE][PASSED] - Object 'Object Repository/Journey/clickVerifyingJourney(journeyName)' is visible

2021-01-14 09:09:36 - [MESSAGE][PASSED] - Object 'Object Repository/Journey/clickVerifyingJourney(journeyName)' is clickable

2021-01-14 09:09:36 - [MESSAGE][PASSED] - Object: 'Object Repository/Journey/clickVerifyingJourney(journeyName)' is clicked on

2021-01-14 09:09:37 - [MESSAGE][PASSED] - Scroll to object 'Object Repository/Journey/Current Access Codes/currentAccessCodeField' successfully

2021-01-14 09:09:38 - [MESSAGE][PASSED] - Object 'Object Repository/Journey/Current Access Codes/getAccessCodesCount' is present

2021-01-14 09:09:38 - [MESSAGE][PASSED] - Text of object 'Object Repository/Journey/Current Access Codes/getAccessCodeText(index)' is: 'access15'

2021-01-14 09:09:38 - [MESSAGE][PASSED] - pages.Journey.getExistingJourneyAccesscode is PASSED

2021-01-14 09:09:38 - [TEST_STEP][PASSED] - pages.Journey.typeOfBackGroundToFixed(): pages.Journey.typeOfBackGroundToFixed is PASSED

2021-01-14 09:09:39 - [MESSAGE][PASSED] - Scroll to object 'Object Repository/Journey/typeField/clickOnType' successfully

2021-01-14 09:09:39 - [MESSAGE][PASSED] - Object 'Object Repository/Journey/typeField/clickOnType' is present

2021-01-14 09:09:39 - [MESSAGE][PASSED] - Object 'Object Repository/Journey/typeField/clickOnType' is visible

2021-01-14 09:09:40 - [MESSAGE][PASSED] - Object 'Object Repository/Journey/typeField/clickOnType' is clickable

2021-01-14 09:09:40 - [MESSAGE][PASSED] - Object: 'Object Repository/Journey/typeField/clickOnType' is clicked on

2021-01-14 09:09:40 - [MESSAGE][PASSED] - Object 'Object Repository/Journey/typeField/FixedBackGround' is present

2021-01-14 09:09:40 - [MESSAGE][PASSED] - Object 'Object Repository/Journey/typeField/FixedBackGround' is visible

2021-01-14 09:09:41 - [MESSAGE][PASSED] - Object 'Object Repository/Journey/typeField/FixedBackGround' is clickable

2021-01-14 09:09:41 - [MESSAGE][PASSED] - Object: 'Object Repository/Journey/typeField/FixedBackGround' is clicked on

2021-01-14 09:09:41 - [MESSAGE][PASSED] - Object 'Object Repository/CommonButtons/saveButton' is present

2021-01-14 09:09:42 - [MESSAGE][PASSED] - Object 'Object Repository/CommonButtons/saveButton' is visible

2021-01-14 09:09:42 - [MESSAGE][PASSED] - Object 'Object Repository/CommonButtons/saveButton' is clickable

2021-01-14 09:09:42 - [MESSAGE][PASSED] - Object: 'Object Repository/CommonButtons/saveButton' is clicked on

2021-01-14 09:09:42 - [MESSAGE][PASSED] - pages.Journey.typeOfBackGroundToFixed is PASSED

2021-01-14 09:09:42 - [TEST_STEP][PASSED] - login.LoginForJourneyApplication.loginToJourneyApplication(): login.LoginForJourneyApplication.loginToJourneyApplication is PASSED

2021-01-14 09:09:42 - [MESSAGE][PASSED] - Navigate to 'https://qualitlabs.dev.modist.co/' successfully

2021-01-14 09:09:42 - [MESSAGE][PASSED] - login.LoginForJourneyApplication.loginToJourneyApplication is PASSED

2021-01-14 09:09:42 - [TEST_STEP][PASSED] - pages.Journey.enterAccessCodeInJourney(accessCode): pages.Journey.enterAccessCodeInJourney is PASSED

2021-01-14 09:09:43 - [MESSAGE][PASSED] - Object 'Object Repository/Journey/JourneyPortal/enterAccessCode' is present

2021-01-14 09:09:43 - [MESSAGE][PASSED] - Object 'Object Repository/Journey/JourneyPortal/enterAccessCode' is visible

2021-01-14 09:09:44 - [MESSAGE][PASSED] - Object 'Object Repository/Journey/JourneyPortal/enterAccessCode' is clickable

2021-01-14 09:09:44 - [MESSAGE][PASSED] - Text of object 'Object Repository/Journey/JourneyPortal/enterAccessCode' is cleared

2021-01-14 09:09:44 - [MESSAGE][PASSED] - Keys 'access15' sent to object: 'Object Repository/Journey/JourneyPortal/enterAccessCode'

2021-01-14 09:09:44 - [MESSAGE][PASSED] - pages.Journey.enterAccessCodeInJourney is PASSED

2021-01-14 09:09:44 - [TEST_STEP][PASSED] - pages.Journey.clickEnterButton(): pages.Journey.clickEnterButton is PASSED

2021-01-14 09:09:45 - [MESSAGE][PASSED] - Object 'Object Repository/Journey/JourneyPortal/EnterButton' is present

2021-01-14 09:09:45 - [MESSAGE][PASSED] - Object 'Object Repository/Journey/JourneyPortal/EnterButton' is visible

2021-01-14 09:09:45 - [MESSAGE][PASSED] - Object 'Object Repository/Journey/JourneyPortal/EnterButton' is clickable

2021-01-14 09:09:45 - [MESSAGE][PASSED] - Object: 'Object Repository/Journey/JourneyPortal/EnterButton' is clicked on

2021-01-14 09:09:45 - [MESSAGE][PASSED] - pages.Journey.clickEnterButton is PASSED

2021-01-14 09:09:45 - [TEST_STEP][PASSED] - pages.JourneyPortal.openExistingSection(): pages.JourneyPortal.openExistingSection is PASSED

2021-01-14 09:09:48 - [MESSAGE][PASSED] - Object 'Object Repository/Journey/JourneyPortal/Section/getSectionsCount' is present

2021-01-14 09:09:48 - [MESSAGE][PASSED] - Object 'Object Repository/Journey/JourneyPortal/Section/openSection(index)' is present

2021-01-14 09:09:49 - [MESSAGE][PASSED] - Object 'Object Repository/Journey/JourneyPortal/Section/openSection(index)' is visible

2021-01-14 09:09:49 - [MESSAGE][PASSED] - Object 'Object Repository/Journey/JourneyPortal/Section/openSection(index)' is clickable

2021-01-14 09:09:49 - [MESSAGE][PASSED] - Object: 'Object Repository/Journey/JourneyPortal/Section/openSection(index)' is clicked on

2021-01-14 09:09:49 - [MESSAGE][PASSED] - pages.JourneyPortal.openExistingSection is PASSED

2021-01-14 09:09:49 - [TEST_STEP][PASSED] - pages.JourneyPortal.verifyFixedBackGroundCheck(): pages.JourneyPortal.verifyFixedBackGroundCheck is PASSED

2021-01-14 09:09:50 - [MESSAGE][PASSED] - Object 'Object Repository/Journey/JourneyPortal/fixedAndScrollingDetect' is present

2021-01-14 09:09:51 - [MESSAGE][PASSED] - Object 'Object Repository/Journey/JourneyPortal/fixedAndScrollingDetect' is present

2021-01-14 09:09:51 - [MESSAGE][PASSED] - pages.JourneyPortal.verifyFixedBackGroundCheck is PASSED]]></system-out>
         <system-err><![CDATA[]]></system-err>
      </testcase>
      <testcase name="Test Cases/JourneyPortal/verifyProductsAndBackButtonIsPresentAfterClickingSection" time="25.569" classname="Test Cases/JourneyPortal/verifyProductsAndBackButtonIsPresentAfterClickingSection" status="PASSED">
         <system-out><![CDATA[2021-01-14 09:09:51 - [TEST_CASE][PASSED] - Test Cases/JourneyPortal/verifyProductsAndBackButtonIsPresentAfterClickingSection: Test Cases/JourneyPortal/verifyProductsAndBackButtonIsPresentAfterClickingSection

2021-01-14 09:09:51 - [TEST_STEP][PASSED] - Start listener action : login: com.kms.katalon.core.webui.exception.WebElementNotFoundException: Web element with id: 'Object Repository/Login Credentials/Email' located by '//input[@name='email']' not found (Root cause: com.kms.katalon.core.exception.StepFailedException: com.kms.katalon.core.webui.exception.WebElementNotFoundException: Web element with id: 'Object Repository/Login Credentials/Email' located by '//input[@name='email']' not found
	at com.kms.katalon.core.webui.keyword.internal.WebUIKeywordMain.stepFailed(WebUIKeywordMain.groovy:64)
	at com.kms.katalon.core.webui.keyword.builtin.VerifyElementPresentKeyword$_verifyElementPresent_closure1.doCall(VerifyElementPresentKeyword.groovy:85)
	at com.kms.katalon.core.webui.keyword.builtin.VerifyElementPresentKeyword$_verifyElementPresent_closure1.call(VerifyElementPresentKeyword.groovy)
	at com.kms.katalon.core.webui.keyword.internal.WebUIKeywordMain.runKeyword(WebUIKeywordMain.groovy:20)
	at com.kms.katalon.core.webui.keyword.builtin.VerifyElementPresentKeyword.verifyElementPresent(VerifyElementPresentKeyword.groovy:92)
	at com.kms.katalon.core.webui.keyword.builtin.VerifyElementPresentKeyword.execute(VerifyElementPresentKeyword.groovy:68)
	at com.kms.katalon.core.keyword.internal.KeywordExecutor.executeKeywordForPlatform(KeywordExecutor.groovy:73)
	at com.kms.katalon.core.webui.keyword.WebUiBuiltInKeywords.verifyElementPresent(WebUiBuiltInKeywords.groovy:1445)
	at com.kms.katalon.core.webui.keyword.WebUiBuiltInKeywords$verifyElementPresent$2.call(Unknown Source)
	at login.LoginForAdminDevEnvironment.login(LoginForAdminDevEnvironment.groovy:17)
	at login.LoginForAdminDevEnvironment$login.call(Unknown Source)
	at Login.login(Login.groovy:37)
	at Login.invokeMethod(Login.groovy)
	at com.kms.katalon.core.context.internal.TestHooker.invokeMethod(TestHooker.java:111)
	at com.kms.katalon.core.context.internal.TestHooker.lambda$3(TestHooker.java:95)
	at com.kms.katalon.core.context.internal.TestHooker.invokeContextMethods(TestHooker.java:94)
	at com.kms.katalon.core.context.internal.TestListenerCollector.lambda$3(TestListenerCollector.java:88)
	at com.kms.katalon.core.context.internal.TestListenerCollector.handleListenerEvent(TestListenerCollector.java:85)
	at com.kms.katalon.core.context.internal.ExecutionEventManager.publicEvent(ExecutionEventManager.java:36)
	at com.kms.katalon.core.main.TestCaseExecutor.execute(TestCaseExecutor.java:221)
	at com.kms.katalon.core.main.TestSuiteExecutor.accessTestCaseMainPhase(TestSuiteExecutor.java:191)
	at com.kms.katalon.core.main.TestSuiteExecutor.accessTestSuiteMainPhase(TestSuiteExecutor.java:141)
	at com.kms.katalon.core.main.TestSuiteExecutor.execute(TestSuiteExecutor.java:90)
	at com.kms.katalon.core.main.TestCaseMain.startTestSuite(TestCaseMain.java:157)
	at com.kms.katalon.core.main.TestCaseMain$startTestSuite$0.call(Unknown Source)
	at TempTestSuite1610631842892.run(TempTestSuite1610631842892.groovy:39)
)

2021-01-14 09:09:51 - [TEST_STEP][PASSED] - Thread.sleep(3000): null

2021-01-14 09:09:54 - [TEST_STEP][PASSED] - url = getUrl(): Current window's url is: 'https://qualitlabs.dev.modist.co/products/574'

2021-01-14 09:09:54 - [MESSAGE][PASSED] - Current window's url is: 'https://qualitlabs.dev.modist.co/products/574'

2021-01-14 09:09:54 - [TEST_STEP][PASSED] - if (!(url.contains("dashboard"))): com.kms.katalon.core.webui.exception.WebElementNotFoundException: Web element with id: 'Object Repository/Login Credentials/Email' located by '//input[@name='email']' not found (Root cause: com.kms.katalon.core.exception.StepFailedException: com.kms.katalon.core.webui.exception.WebElementNotFoundException: Web element with id: 'Object Repository/Login Credentials/Email' located by '//input[@name='email']' not found
	at com.kms.katalon.core.webui.keyword.internal.WebUIKeywordMain.stepFailed(WebUIKeywordMain.groovy:64)
	at com.kms.katalon.core.webui.keyword.builtin.VerifyElementPresentKeyword$_verifyElementPresent_closure1.doCall(VerifyElementPresentKeyword.groovy:85)
	at com.kms.katalon.core.webui.keyword.builtin.VerifyElementPresentKeyword$_verifyElementPresent_closure1.call(VerifyElementPresentKeyword.groovy)
	at com.kms.katalon.core.webui.keyword.internal.WebUIKeywordMain.runKeyword(WebUIKeywordMain.groovy:20)
	at com.kms.katalon.core.webui.keyword.builtin.VerifyElementPresentKeyword.verifyElementPresent(VerifyElementPresentKeyword.groovy:92)
	at com.kms.katalon.core.webui.keyword.builtin.VerifyElementPresentKeyword.execute(VerifyElementPresentKeyword.groovy:68)
	at com.kms.katalon.core.keyword.internal.KeywordExecutor.executeKeywordForPlatform(KeywordExecutor.groovy:73)
	at com.kms.katalon.core.webui.keyword.WebUiBuiltInKeywords.verifyElementPresent(WebUiBuiltInKeywords.groovy:1445)
	at com.kms.katalon.core.webui.keyword.WebUiBuiltInKeywords$verifyElementPresent$2.call(Unknown Source)
	at login.LoginForAdminDevEnvironment.login(LoginForAdminDevEnvironment.groovy:17)
	at login.LoginForAdminDevEnvironment$login.call(Unknown Source)
	at Login.login(Login.groovy:37)
	at Login.invokeMethod(Login.groovy)
	at com.kms.katalon.core.context.internal.TestHooker.invokeMethod(TestHooker.java:111)
	at com.kms.katalon.core.context.internal.TestHooker.lambda$3(TestHooker.java:95)
	at com.kms.katalon.core.context.internal.TestHooker.invokeContextMethods(TestHooker.java:94)
	at com.kms.katalon.core.context.internal.TestListenerCollector.lambda$3(TestListenerCollector.java:88)
	at com.kms.katalon.core.context.internal.TestListenerCollector.handleListenerEvent(TestListenerCollector.java:85)
	at com.kms.katalon.core.context.internal.ExecutionEventManager.publicEvent(ExecutionEventManager.java:36)
	at com.kms.katalon.core.main.TestCaseExecutor.execute(TestCaseExecutor.java:221)
	at com.kms.katalon.core.main.TestSuiteExecutor.accessTestCaseMainPhase(TestSuiteExecutor.java:191)
	at com.kms.katalon.core.main.TestSuiteExecutor.accessTestSuiteMainPhase(TestSuiteExecutor.java:141)
	at com.kms.katalon.core.main.TestSuiteExecutor.execute(TestSuiteExecutor.java:90)
	at com.kms.katalon.core.main.TestCaseMain.startTestSuite(TestCaseMain.java:157)
	at com.kms.katalon.core.main.TestCaseMain$startTestSuite$0.call(Unknown Source)
	at TempTestSuite1610631842892.run(TempTestSuite1610631842892.groovy:39)
)

2021-01-14 09:09:54 - [TEST_STEP][PASSED] - navigateToUrl(Url): Navigate to 'https://dev-admin.modist.co/' successfully

2021-01-14 09:09:54 - [MESSAGE][PASSED] - Navigate to 'https://dev-admin.modist.co/' successfully

2021-01-14 09:09:54 - [TEST_STEP][PASSED] - loginPage.login(Email, Password): com.kms.katalon.core.webui.exception.WebElementNotFoundException: Web element with id: 'Object Repository/Login Credentials/Email' located by '//input[@name='email']' not found (Root cause: com.kms.katalon.core.exception.StepFailedException: com.kms.katalon.core.webui.exception.WebElementNotFoundException: Web element with id: 'Object Repository/Login Credentials/Email' located by '//input[@name='email']' not found
	at com.kms.katalon.core.webui.keyword.internal.WebUIKeywordMain.stepFailed(WebUIKeywordMain.groovy:64)
	at com.kms.katalon.core.webui.keyword.builtin.VerifyElementPresentKeyword$_verifyElementPresent_closure1.doCall(VerifyElementPresentKeyword.groovy:85)
	at com.kms.katalon.core.webui.keyword.builtin.VerifyElementPresentKeyword$_verifyElementPresent_closure1.call(VerifyElementPresentKeyword.groovy)
	at com.kms.katalon.core.webui.keyword.internal.WebUIKeywordMain.runKeyword(WebUIKeywordMain.groovy:20)
	at com.kms.katalon.core.webui.keyword.builtin.VerifyElementPresentKeyword.verifyElementPresent(VerifyElementPresentKeyword.groovy:92)
	at com.kms.katalon.core.webui.keyword.builtin.VerifyElementPresentKeyword.execute(VerifyElementPresentKeyword.groovy:68)
	at com.kms.katalon.core.keyword.internal.KeywordExecutor.executeKeywordForPlatform(KeywordExecutor.groovy:73)
	at com.kms.katalon.core.webui.keyword.WebUiBuiltInKeywords.verifyElementPresent(WebUiBuiltInKeywords.groovy:1445)
	at com.kms.katalon.core.webui.keyword.WebUiBuiltInKeywords$verifyElementPresent$2.call(Unknown Source)
	at login.LoginForAdminDevEnvironment.login(LoginForAdminDevEnvironment.groovy:17)
	at login.LoginForAdminDevEnvironment$login.call(Unknown Source)
	at Login.login(Login.groovy:37)
	at Login.invokeMethod(Login.groovy)
	at com.kms.katalon.core.context.internal.TestHooker.invokeMethod(TestHooker.java:111)
	at com.kms.katalon.core.context.internal.TestHooker.lambda$3(TestHooker.java:95)
	at com.kms.katalon.core.context.internal.TestHooker.invokeContextMethods(TestHooker.java:94)
	at com.kms.katalon.core.context.internal.TestListenerCollector.lambda$3(TestListenerCollector.java:88)
	at com.kms.katalon.core.context.internal.TestListenerCollector.handleListenerEvent(TestListenerCollector.java:85)
	at com.kms.katalon.core.context.internal.ExecutionEventManager.publicEvent(ExecutionEventManager.java:36)
	at com.kms.katalon.core.main.TestCaseExecutor.execute(TestCaseExecutor.java:221)
	at com.kms.katalon.core.main.TestSuiteExecutor.accessTestCaseMainPhase(TestSuiteExecutor.java:191)
	at com.kms.katalon.core.main.TestSuiteExecutor.accessTestSuiteMainPhase(TestSuiteExecutor.java:141)
	at com.kms.katalon.core.main.TestSuiteExecutor.execute(TestSuiteExecutor.java:90)
	at com.kms.katalon.core.main.TestCaseMain.startTestSuite(TestCaseMain.java:157)
	at com.kms.katalon.core.main.TestCaseMain$startTestSuite$0.call(Unknown Source)
	at TempTestSuite1610631842892.run(TempTestSuite1610631842892.groovy:39)
)

2021-01-14 09:09:59 - [MESSAGE][INFO] - Unable to find the element located by 'By.xpath: //input[@name='email']'. Please recheck the objects properties to make sure the desired element is located. 

2021-01-14 09:09:59 - [MESSAGE][WARNING] - com.kms.katalon.core.webui.exception.WebElementNotFoundException: Web element with id: 'Object Repository/Login Credentials/Email' located by '//input[@name='email']' not found (Root cause: com.kms.katalon.core.exception.StepFailedException: com.kms.katalon.core.webui.exception.WebElementNotFoundException: Web element with id: 'Object Repository/Login Credentials/Email' located by '//input[@name='email']' not found
	at com.kms.katalon.core.webui.keyword.internal.WebUIKeywordMain.stepFailed(WebUIKeywordMain.groovy:64)
	at com.kms.katalon.core.webui.keyword.builtin.VerifyElementPresentKeyword$_verifyElementPresent_closure1.doCall(VerifyElementPresentKeyword.groovy:85)
	at com.kms.katalon.core.webui.keyword.builtin.VerifyElementPresentKeyword$_verifyElementPresent_closure1.call(VerifyElementPresentKeyword.groovy)
	at com.kms.katalon.core.webui.keyword.internal.WebUIKeywordMain.runKeyword(WebUIKeywordMain.groovy:20)
	at com.kms.katalon.core.webui.keyword.builtin.VerifyElementPresentKeyword.verifyElementPresent(VerifyElementPresentKeyword.groovy:92)
	at com.kms.katalon.core.webui.keyword.builtin.VerifyElementPresentKeyword.execute(VerifyElementPresentKeyword.groovy:68)
	at com.kms.katalon.core.keyword.internal.KeywordExecutor.executeKeywordForPlatform(KeywordExecutor.groovy:73)
	at com.kms.katalon.core.webui.keyword.WebUiBuiltInKeywords.verifyElementPresent(WebUiBuiltInKeywords.groovy:1445)
	at com.kms.katalon.core.webui.keyword.WebUiBuiltInKeywords$verifyElementPresent$2.call(Unknown Source)
	at login.LoginForAdminDevEnvironment.login(LoginForAdminDevEnvironment.groovy:17)
	at login.LoginForAdminDevEnvironment$login.call(Unknown Source)
	at Login.login(Login.groovy:37)
	at Login.invokeMethod(Login.groovy)
	at com.kms.katalon.core.context.internal.TestHooker.invokeMethod(TestHooker.java:111)
	at com.kms.katalon.core.context.internal.TestHooker.lambda$3(TestHooker.java:95)
	at com.kms.katalon.core.context.internal.TestHooker.invokeContextMethods(TestHooker.java:94)
	at com.kms.katalon.core.context.internal.TestListenerCollector.lambda$3(TestListenerCollector.java:88)
	at com.kms.katalon.core.context.internal.TestListenerCollector.handleListenerEvent(TestListenerCollector.java:85)
	at com.kms.katalon.core.context.internal.ExecutionEventManager.publicEvent(ExecutionEventManager.java:36)
	at com.kms.katalon.core.main.TestCaseExecutor.execute(TestCaseExecutor.java:221)
	at com.kms.katalon.core.main.TestSuiteExecutor.accessTestCaseMainPhase(TestSuiteExecutor.java:191)
	at com.kms.katalon.core.main.TestSuiteExecutor.accessTestSuiteMainPhase(TestSuiteExecutor.java:141)
	at com.kms.katalon.core.main.TestSuiteExecutor.execute(TestSuiteExecutor.java:90)
	at com.kms.katalon.core.main.TestCaseMain.startTestSuite(TestCaseMain.java:157)
	at com.kms.katalon.core.main.TestCaseMain$startTestSuite$0.call(Unknown Source)
	at TempTestSuite1610631842892.run(TempTestSuite1610631842892.groovy:39)
)
[[ATTACHMENT|E:\\Modist\\ModistProject\\Reports\\20210114_084402\\AllTestCases\\20210114_084402\\1610633399672.png]]

2021-01-14 09:10:00 - [TEST_STEP][PASSED] - pages.Journey.clickOnJourneyTab(): pages.Journey.clickOnJourneyTab is PASSED

2021-01-14 09:10:00 - [MESSAGE][PASSED] - Object 'Object Repository/Journey/Journeytab' is present

2021-01-14 09:10:00 - [MESSAGE][PASSED] - Object 'Object Repository/Journey/Journeytab' is visible

2021-01-14 09:10:00 - [MESSAGE][PASSED] - Object 'Object Repository/Journey/Journeytab' is clickable

2021-01-14 09:10:01 - [MESSAGE][PASSED] - Object: 'Object Repository/Journey/Journeytab' is clicked on

2021-01-14 09:10:01 - [MESSAGE][PASSED] - pages.Journey.clickOnJourneyTab is PASSED

2021-01-14 09:10:01 - [TEST_STEP][PASSED] - journeyName = pages.Journey.getRandomJourneyName(): pages.Journey.getRandomJourneyName is PASSED

2021-01-14 09:10:01 - [MESSAGE][PASSED] - Object 'Object Repository/Journey/toGetJourneysCount' is present

2021-01-14 09:10:01 - [MESSAGE][PASSED] - Object 'Object Repository/Journey/toGetJourneysCount' is present

2021-01-14 09:10:02 - [MESSAGE][PASSED] - Text of object 'Object Repository/Journey/toPickrandomJourney(index)' is: 'KJO'

2021-01-14 09:10:02 - [MESSAGE][PASSED] - pages.Journey.getRandomJourneyName is PASSED

2021-01-14 09:10:02 - [TEST_STEP][PASSED] - accessCode = pages.Journey.getExistingJourneyAccesscode(journeyName): pages.Journey.getExistingJourneyAccesscode is PASSED

2021-01-14 09:10:02 - [MESSAGE][PASSED] - Object 'Object Repository/Journey/journrySearchInput' is present

2021-01-14 09:10:02 - [MESSAGE][PASSED] - Object 'Object Repository/Journey/journrySearchInput' is visible

2021-01-14 09:10:03 - [MESSAGE][PASSED] - Object 'Object Repository/Journey/journrySearchInput' is clickable

2021-01-14 09:10:03 - [MESSAGE][PASSED] - Text of object 'Object Repository/Journey/journrySearchInput' is cleared

2021-01-14 09:10:03 - [MESSAGE][PASSED] - Keys '' sent to object: 'Object Repository/Journey/journrySearchInput'

2021-01-14 09:10:04 - [MESSAGE][PASSED] - Keys 'K' sent to object: 'Object Repository/Journey/journrySearchInput'

2021-01-14 09:10:04 - [MESSAGE][PASSED] - Keys 'J' sent to object: 'Object Repository/Journey/journrySearchInput'

2021-01-14 09:10:05 - [MESSAGE][PASSED] - Keys 'O' sent to object: 'Object Repository/Journey/journrySearchInput'

2021-01-14 09:10:05 - [MESSAGE][PASSED] - Object 'Object Repository/Journey/clickVerifyingJourney(journeyName)' is present

2021-01-14 09:10:05 - [MESSAGE][PASSED] - Object 'Object Repository/Journey/clickVerifyingJourney(journeyName)' is visible

2021-01-14 09:10:05 - [MESSAGE][PASSED] - Object 'Object Repository/Journey/clickVerifyingJourney(journeyName)' is clickable

2021-01-14 09:10:06 - [MESSAGE][PASSED] - Object: 'Object Repository/Journey/clickVerifyingJourney(journeyName)' is clicked on

2021-01-14 09:10:06 - [MESSAGE][PASSED] - Scroll to object 'Object Repository/Journey/Current Access Codes/currentAccessCodeField' successfully

2021-01-14 09:10:07 - [MESSAGE][PASSED] - Object 'Object Repository/Journey/Current Access Codes/getAccessCodesCount' is present

2021-01-14 09:10:08 - [MESSAGE][PASSED] - Text of object 'Object Repository/Journey/Current Access Codes/getAccessCodeText(index)' is: 'access9'

2021-01-14 09:10:08 - [MESSAGE][PASSED] - pages.Journey.getExistingJourneyAccesscode is PASSED

2021-01-14 09:10:08 - [TEST_STEP][PASSED] - login.LoginForJourneyApplication.loginToJourneyApplication(): login.LoginForJourneyApplication.loginToJourneyApplication is PASSED

2021-01-14 09:10:08 - [MESSAGE][PASSED] - Navigate to 'https://qualitlabs.dev.modist.co/' successfully

2021-01-14 09:10:08 - [MESSAGE][PASSED] - login.LoginForJourneyApplication.loginToJourneyApplication is PASSED

2021-01-14 09:10:08 - [TEST_STEP][PASSED] - pages.Journey.enterAccessCodeInJourney(accessCode): pages.Journey.enterAccessCodeInJourney is PASSED

2021-01-14 09:10:08 - [MESSAGE][PASSED] - Object 'Object Repository/Journey/JourneyPortal/enterAccessCode' is present

2021-01-14 09:10:09 - [MESSAGE][PASSED] - Object 'Object Repository/Journey/JourneyPortal/enterAccessCode' is visible

2021-01-14 09:10:09 - [MESSAGE][PASSED] - Object 'Object Repository/Journey/JourneyPortal/enterAccessCode' is clickable

2021-01-14 09:10:10 - [MESSAGE][PASSED] - Text of object 'Object Repository/Journey/JourneyPortal/enterAccessCode' is cleared

2021-01-14 09:10:10 - [MESSAGE][PASSED] - Keys 'access9' sent to object: 'Object Repository/Journey/JourneyPortal/enterAccessCode'

2021-01-14 09:10:10 - [MESSAGE][PASSED] - pages.Journey.enterAccessCodeInJourney is PASSED

2021-01-14 09:10:10 - [TEST_STEP][PASSED] - pages.Journey.clickEnterButton(): pages.Journey.clickEnterButton is PASSED

2021-01-14 09:10:10 - [MESSAGE][PASSED] - Object 'Object Repository/Journey/JourneyPortal/EnterButton' is present

2021-01-14 09:10:10 - [MESSAGE][PASSED] - Object 'Object Repository/Journey/JourneyPortal/EnterButton' is visible

2021-01-14 09:10:11 - [MESSAGE][PASSED] - Object 'Object Repository/Journey/JourneyPortal/EnterButton' is clickable

2021-01-14 09:10:11 - [MESSAGE][PASSED] - Object: 'Object Repository/Journey/JourneyPortal/EnterButton' is clicked on

2021-01-14 09:10:11 - [MESSAGE][PASSED] - pages.Journey.clickEnterButton is PASSED

2021-01-14 09:10:11 - [TEST_STEP][PASSED] - pages.JourneyPortal.openExistingSection(): pages.JourneyPortal.openExistingSection is PASSED

2021-01-14 09:10:14 - [MESSAGE][PASSED] - Object 'Object Repository/Journey/JourneyPortal/Section/getSectionsCount' is present

2021-01-14 09:10:14 - [MESSAGE][PASSED] - Object 'Object Repository/Journey/JourneyPortal/Section/openSection(index)' is present

2021-01-14 09:10:14 - [MESSAGE][PASSED] - Object 'Object Repository/Journey/JourneyPortal/Section/openSection(index)' is visible

2021-01-14 09:10:15 - [MESSAGE][PASSED] - Object 'Object Repository/Journey/JourneyPortal/Section/openSection(index)' is clickable

2021-01-14 09:10:15 - [MESSAGE][PASSED] - Object: 'Object Repository/Journey/JourneyPortal/Section/openSection(index)' is clicked on

2021-01-14 09:10:15 - [MESSAGE][PASSED] - pages.JourneyPortal.openExistingSection is PASSED

2021-01-14 09:10:15 - [TEST_STEP][PASSED] - pages.JourneyPortal.verifyBackButtonAfterEnteringInToSection(): pages.JourneyPortal.verifyBackButtonAfterEnteringInToSection is PASSED

2021-01-14 09:10:16 - [MESSAGE][PASSED] - Object 'Object Repository/Journey/JourneyPortal/Product/bakcButton' is present

2021-01-14 09:10:16 - [MESSAGE][PASSED] - pages.JourneyPortal.verifyBackButtonAfterEnteringInToSection is PASSED

2021-01-14 09:10:16 - [TEST_STEP][PASSED] - pages.JourneyPortal.productPageCheck(): pages.JourneyPortal.productPageCheck is PASSED

2021-01-14 09:10:16 - [MESSAGE][PASSED] - Object 'Object Repository/Journey/JourneyPortal/Product/productPage' is present

2021-01-14 09:10:16 - [MESSAGE][PASSED] - pages.JourneyPortal.productPageCheck is PASSED]]></system-out>
         <system-err><![CDATA[]]></system-err>
      </testcase>
      <testcase name="Test Cases/JourneyPortal/verifyScrollingBackGroundInJourneyPortal" time="65.786" classname="Test Cases/JourneyPortal/verifyScrollingBackGroundInJourneyPortal" status="FAILED">
         <failure type="FAILED" message="Test Cases/JourneyPortal/verifyScrollingBackGroundInJourneyPortal FAILED.
Reason:
com.kms.katalon.core.exception.StepFailedException: you are in Fixed BackGround
	at com.kms.katalon.core.util.KeywordUtil.markFailedAndStop(KeywordUtil.java:28)
	at com.kms.katalon.core.util.KeywordUtil$markFailedAndStop$0.call(Unknown Source)
	at verification.Verification.verifyElementNotPresent(Verification.groovy:47)
	at verification.Verification.verifyElementNotPresent(Verification.groovy)
	at pages.JourneyPortal.verifyScrollingBackGroundCheck(JourneyPortal.groovy:38)
	at pages.JourneyPortal.invokeMethod(JourneyPortal.groovy)
	at com.kms.katalon.core.main.CustomKeywordDelegatingMetaClass.invokeStaticMethod(CustomKeywordDelegatingMetaClass.java:50)
	at verifyScrollingBackGroundInJourneyPortal.run(verifyScrollingBackGroundInJourneyPortal:34)
	at com.kms.katalon.core.main.ScriptEngine.run(ScriptEngine.java:194)
	at com.kms.katalon.core.main.ScriptEngine.runScriptAsRawText(ScriptEngine.java:119)
	at com.kms.katalon.core.main.TestCaseExecutor.runScript(TestCaseExecutor.java:339)
	at com.kms.katalon.core.main.TestCaseExecutor.doExecute(TestCaseExecutor.java:330)
	at com.kms.katalon.core.main.TestCaseExecutor.processExecutionPhase(TestCaseExecutor.java:309)
	at com.kms.katalon.core.main.TestCaseExecutor.accessMainPhase(TestCaseExecutor.java:301)
	at com.kms.katalon.core.main.TestCaseExecutor.execute(TestCaseExecutor.java:235)
	at com.kms.katalon.core.main.TestSuiteExecutor.accessTestCaseMainPhase(TestSuiteExecutor.java:191)
	at com.kms.katalon.core.main.TestSuiteExecutor.accessTestSuiteMainPhase(TestSuiteExecutor.java:141)
	at com.kms.katalon.core.main.TestSuiteExecutor.execute(TestSuiteExecutor.java:90)
	at com.kms.katalon.core.main.TestCaseMain.startTestSuite(TestCaseMain.java:157)
	at com.kms.katalon.core.main.TestCaseMain$startTestSuite$0.call(Unknown Source)
	at TempTestSuite1610631842892.run(TempTestSuite1610631842892.groovy:39)
"/>
         <system-out><![CDATA[2021-01-14 09:10:16 - [TEST_CASE][FAILED] - Test Cases/JourneyPortal/verifyScrollingBackGroundInJourneyPortal: Test Cases/JourneyPortal/verifyScrollingBackGroundInJourneyPortal FAILED.
Reason:
com.kms.katalon.core.exception.StepFailedException: you are in Fixed BackGround
	at com.kms.katalon.core.util.KeywordUtil.markFailedAndStop(KeywordUtil.java:28)
	at com.kms.katalon.core.util.KeywordUtil$markFailedAndStop$0.call(Unknown Source)
	at verification.Verification.verifyElementNotPresent(Verification.groovy:47)
	at verification.Verification.verifyElementNotPresent(Verification.groovy)
	at pages.JourneyPortal.verifyScrollingBackGroundCheck(JourneyPortal.groovy:38)
	at pages.JourneyPortal.invokeMethod(JourneyPortal.groovy)
	at com.kms.katalon.core.main.CustomKeywordDelegatingMetaClass.invokeStaticMethod(CustomKeywordDelegatingMetaClass.java:50)
	at verifyScrollingBackGroundInJourneyPortal.run(verifyScrollingBackGroundInJourneyPortal:34)
	at com.kms.katalon.core.main.ScriptEngine.run(ScriptEngine.java:194)
	at com.kms.katalon.core.main.ScriptEngine.runScriptAsRawText(ScriptEngine.java:119)
	at com.kms.katalon.core.main.TestCaseExecutor.runScript(TestCaseExecutor.java:339)
	at com.kms.katalon.core.main.TestCaseExecutor.doExecute(TestCaseExecutor.java:330)
	at com.kms.katalon.core.main.TestCaseExecutor.processExecutionPhase(TestCaseExecutor.java:309)
	at com.kms.katalon.core.main.TestCaseExecutor.accessMainPhase(TestCaseExecutor.java:301)
	at com.kms.katalon.core.main.TestCaseExecutor.execute(TestCaseExecutor.java:235)
	at com.kms.katalon.core.main.TestSuiteExecutor.accessTestCaseMainPhase(TestSuiteExecutor.java:191)
	at com.kms.katalon.core.main.TestSuiteExecutor.accessTestSuiteMainPhase(TestSuiteExecutor.java:141)
	at com.kms.katalon.core.main.TestSuiteExecutor.execute(TestSuiteExecutor.java:90)
	at com.kms.katalon.core.main.TestCaseMain.startTestSuite(TestCaseMain.java:157)
	at com.kms.katalon.core.main.TestCaseMain$startTestSuite$0.call(Unknown Source)
	at TempTestSuite1610631842892.run(TempTestSuite1610631842892.groovy:39)


2021-01-14 09:10:16 - [TEST_STEP][PASSED] - Start listener action : login: com.kms.katalon.core.webui.exception.WebElementNotFoundException: Web element with id: 'Object Repository/Login Credentials/Email' located by '//input[@name='email']' not found (Root cause: com.kms.katalon.core.exception.StepFailedException: com.kms.katalon.core.webui.exception.WebElementNotFoundException: Web element with id: 'Object Repository/Login Credentials/Email' located by '//input[@name='email']' not found
	at com.kms.katalon.core.webui.keyword.internal.WebUIKeywordMain.stepFailed(WebUIKeywordMain.groovy:64)
	at com.kms.katalon.core.webui.keyword.builtin.VerifyElementPresentKeyword$_verifyElementPresent_closure1.doCall(VerifyElementPresentKeyword.groovy:85)
	at com.kms.katalon.core.webui.keyword.builtin.VerifyElementPresentKeyword$_verifyElementPresent_closure1.call(VerifyElementPresentKeyword.groovy)
	at com.kms.katalon.core.webui.keyword.internal.WebUIKeywordMain.runKeyword(WebUIKeywordMain.groovy:20)
	at com.kms.katalon.core.webui.keyword.builtin.VerifyElementPresentKeyword.verifyElementPresent(VerifyElementPresentKeyword.groovy:92)
	at com.kms.katalon.core.webui.keyword.builtin.VerifyElementPresentKeyword.execute(VerifyElementPresentKeyword.groovy:68)
	at com.kms.katalon.core.keyword.internal.KeywordExecutor.executeKeywordForPlatform(KeywordExecutor.groovy:73)
	at com.kms.katalon.core.webui.keyword.WebUiBuiltInKeywords.verifyElementPresent(WebUiBuiltInKeywords.groovy:1445)
	at com.kms.katalon.core.webui.keyword.WebUiBuiltInKeywords$verifyElementPresent$2.call(Unknown Source)
	at login.LoginForAdminDevEnvironment.login(LoginForAdminDevEnvironment.groovy:17)
	at login.LoginForAdminDevEnvironment$login.call(Unknown Source)
	at Login.login(Login.groovy:37)
	at Login.invokeMethod(Login.groovy)
	at com.kms.katalon.core.context.internal.TestHooker.invokeMethod(TestHooker.java:111)
	at com.kms.katalon.core.context.internal.TestHooker.lambda$3(TestHooker.java:95)
	at com.kms.katalon.core.context.internal.TestHooker.invokeContextMethods(TestHooker.java:94)
	at com.kms.katalon.core.context.internal.TestListenerCollector.lambda$3(TestListenerCollector.java:88)
	at com.kms.katalon.core.context.internal.TestListenerCollector.handleListenerEvent(TestListenerCollector.java:85)
	at com.kms.katalon.core.context.internal.ExecutionEventManager.publicEvent(ExecutionEventManager.java:36)
	at com.kms.katalon.core.main.TestCaseExecutor.execute(TestCaseExecutor.java:221)
	at com.kms.katalon.core.main.TestSuiteExecutor.accessTestCaseMainPhase(TestSuiteExecutor.java:191)
	at com.kms.katalon.core.main.TestSuiteExecutor.accessTestSuiteMainPhase(TestSuiteExecutor.java:141)
	at com.kms.katalon.core.main.TestSuiteExecutor.execute(TestSuiteExecutor.java:90)
	at com.kms.katalon.core.main.TestCaseMain.startTestSuite(TestCaseMain.java:157)
	at com.kms.katalon.core.main.TestCaseMain$startTestSuite$0.call(Unknown Source)
	at TempTestSuite1610631842892.run(TempTestSuite1610631842892.groovy:39)
)

2021-01-14 09:10:16 - [TEST_STEP][PASSED] - Thread.sleep(3000): null

2021-01-14 09:10:19 - [TEST_STEP][PASSED] - url = getUrl(): Current window's url is: 'https://qualitlabs.dev.modist.co/products/515'

2021-01-14 09:10:19 - [MESSAGE][PASSED] - Current window's url is: 'https://qualitlabs.dev.modist.co/products/515'

2021-01-14 09:10:19 - [TEST_STEP][PASSED] - if (!(url.contains("dashboard"))): com.kms.katalon.core.webui.exception.WebElementNotFoundException: Web element with id: 'Object Repository/Login Credentials/Email' located by '//input[@name='email']' not found (Root cause: com.kms.katalon.core.exception.StepFailedException: com.kms.katalon.core.webui.exception.WebElementNotFoundException: Web element with id: 'Object Repository/Login Credentials/Email' located by '//input[@name='email']' not found
	at com.kms.katalon.core.webui.keyword.internal.WebUIKeywordMain.stepFailed(WebUIKeywordMain.groovy:64)
	at com.kms.katalon.core.webui.keyword.builtin.VerifyElementPresentKeyword$_verifyElementPresent_closure1.doCall(VerifyElementPresentKeyword.groovy:85)
	at com.kms.katalon.core.webui.keyword.builtin.VerifyElementPresentKeyword$_verifyElementPresent_closure1.call(VerifyElementPresentKeyword.groovy)
	at com.kms.katalon.core.webui.keyword.internal.WebUIKeywordMain.runKeyword(WebUIKeywordMain.groovy:20)
	at com.kms.katalon.core.webui.keyword.builtin.VerifyElementPresentKeyword.verifyElementPresent(VerifyElementPresentKeyword.groovy:92)
	at com.kms.katalon.core.webui.keyword.builtin.VerifyElementPresentKeyword.execute(VerifyElementPresentKeyword.groovy:68)
	at com.kms.katalon.core.keyword.internal.KeywordExecutor.executeKeywordForPlatform(KeywordExecutor.groovy:73)
	at com.kms.katalon.core.webui.keyword.WebUiBuiltInKeywords.verifyElementPresent(WebUiBuiltInKeywords.groovy:1445)
	at com.kms.katalon.core.webui.keyword.WebUiBuiltInKeywords$verifyElementPresent$2.call(Unknown Source)
	at login.LoginForAdminDevEnvironment.login(LoginForAdminDevEnvironment.groovy:17)
	at login.LoginForAdminDevEnvironment$login.call(Unknown Source)
	at Login.login(Login.groovy:37)
	at Login.invokeMethod(Login.groovy)
	at com.kms.katalon.core.context.internal.TestHooker.invokeMethod(TestHooker.java:111)
	at com.kms.katalon.core.context.internal.TestHooker.lambda$3(TestHooker.java:95)
	at com.kms.katalon.core.context.internal.TestHooker.invokeContextMethods(TestHooker.java:94)
	at com.kms.katalon.core.context.internal.TestListenerCollector.lambda$3(TestListenerCollector.java:88)
	at com.kms.katalon.core.context.internal.TestListenerCollector.handleListenerEvent(TestListenerCollector.java:85)
	at com.kms.katalon.core.context.internal.ExecutionEventManager.publicEvent(ExecutionEventManager.java:36)
	at com.kms.katalon.core.main.TestCaseExecutor.execute(TestCaseExecutor.java:221)
	at com.kms.katalon.core.main.TestSuiteExecutor.accessTestCaseMainPhase(TestSuiteExecutor.java:191)
	at com.kms.katalon.core.main.TestSuiteExecutor.accessTestSuiteMainPhase(TestSuiteExecutor.java:141)
	at com.kms.katalon.core.main.TestSuiteExecutor.execute(TestSuiteExecutor.java:90)
	at com.kms.katalon.core.main.TestCaseMain.startTestSuite(TestCaseMain.java:157)
	at com.kms.katalon.core.main.TestCaseMain$startTestSuite$0.call(Unknown Source)
	at TempTestSuite1610631842892.run(TempTestSuite1610631842892.groovy:39)
)

2021-01-14 09:10:19 - [TEST_STEP][PASSED] - navigateToUrl(Url): Navigate to 'https://dev-admin.modist.co/' successfully

2021-01-14 09:10:20 - [MESSAGE][PASSED] - Navigate to 'https://dev-admin.modist.co/' successfully

2021-01-14 09:10:20 - [TEST_STEP][PASSED] - loginPage.login(Email, Password): com.kms.katalon.core.webui.exception.WebElementNotFoundException: Web element with id: 'Object Repository/Login Credentials/Email' located by '//input[@name='email']' not found (Root cause: com.kms.katalon.core.exception.StepFailedException: com.kms.katalon.core.webui.exception.WebElementNotFoundException: Web element with id: 'Object Repository/Login Credentials/Email' located by '//input[@name='email']' not found
	at com.kms.katalon.core.webui.keyword.internal.WebUIKeywordMain.stepFailed(WebUIKeywordMain.groovy:64)
	at com.kms.katalon.core.webui.keyword.builtin.VerifyElementPresentKeyword$_verifyElementPresent_closure1.doCall(VerifyElementPresentKeyword.groovy:85)
	at com.kms.katalon.core.webui.keyword.builtin.VerifyElementPresentKeyword$_verifyElementPresent_closure1.call(VerifyElementPresentKeyword.groovy)
	at com.kms.katalon.core.webui.keyword.internal.WebUIKeywordMain.runKeyword(WebUIKeywordMain.groovy:20)
	at com.kms.katalon.core.webui.keyword.builtin.VerifyElementPresentKeyword.verifyElementPresent(VerifyElementPresentKeyword.groovy:92)
	at com.kms.katalon.core.webui.keyword.builtin.VerifyElementPresentKeyword.execute(VerifyElementPresentKeyword.groovy:68)
	at com.kms.katalon.core.keyword.internal.KeywordExecutor.executeKeywordForPlatform(KeywordExecutor.groovy:73)
	at com.kms.katalon.core.webui.keyword.WebUiBuiltInKeywords.verifyElementPresent(WebUiBuiltInKeywords.groovy:1445)
	at com.kms.katalon.core.webui.keyword.WebUiBuiltInKeywords$verifyElementPresent$2.call(Unknown Source)
	at login.LoginForAdminDevEnvironment.login(LoginForAdminDevEnvironment.groovy:17)
	at login.LoginForAdminDevEnvironment$login.call(Unknown Source)
	at Login.login(Login.groovy:37)
	at Login.invokeMethod(Login.groovy)
	at com.kms.katalon.core.context.internal.TestHooker.invokeMethod(TestHooker.java:111)
	at com.kms.katalon.core.context.internal.TestHooker.lambda$3(TestHooker.java:95)
	at com.kms.katalon.core.context.internal.TestHooker.invokeContextMethods(TestHooker.java:94)
	at com.kms.katalon.core.context.internal.TestListenerCollector.lambda$3(TestListenerCollector.java:88)
	at com.kms.katalon.core.context.internal.TestListenerCollector.handleListenerEvent(TestListenerCollector.java:85)
	at com.kms.katalon.core.context.internal.ExecutionEventManager.publicEvent(ExecutionEventManager.java:36)
	at com.kms.katalon.core.main.TestCaseExecutor.execute(TestCaseExecutor.java:221)
	at com.kms.katalon.core.main.TestSuiteExecutor.accessTestCaseMainPhase(TestSuiteExecutor.java:191)
	at com.kms.katalon.core.main.TestSuiteExecutor.accessTestSuiteMainPhase(TestSuiteExecutor.java:141)
	at com.kms.katalon.core.main.TestSuiteExecutor.execute(TestSuiteExecutor.java:90)
	at com.kms.katalon.core.main.TestCaseMain.startTestSuite(TestCaseMain.java:157)
	at com.kms.katalon.core.main.TestCaseMain$startTestSuite$0.call(Unknown Source)
	at TempTestSuite1610631842892.run(TempTestSuite1610631842892.groovy:39)
)

2021-01-14 09:10:25 - [MESSAGE][INFO] - Unable to find the element located by 'By.xpath: //input[@name='email']'. Please recheck the objects properties to make sure the desired element is located. 

2021-01-14 09:10:25 - [MESSAGE][WARNING] - com.kms.katalon.core.webui.exception.WebElementNotFoundException: Web element with id: 'Object Repository/Login Credentials/Email' located by '//input[@name='email']' not found (Root cause: com.kms.katalon.core.exception.StepFailedException: com.kms.katalon.core.webui.exception.WebElementNotFoundException: Web element with id: 'Object Repository/Login Credentials/Email' located by '//input[@name='email']' not found
	at com.kms.katalon.core.webui.keyword.internal.WebUIKeywordMain.stepFailed(WebUIKeywordMain.groovy:64)
	at com.kms.katalon.core.webui.keyword.builtin.VerifyElementPresentKeyword$_verifyElementPresent_closure1.doCall(VerifyElementPresentKeyword.groovy:85)
	at com.kms.katalon.core.webui.keyword.builtin.VerifyElementPresentKeyword$_verifyElementPresent_closure1.call(VerifyElementPresentKeyword.groovy)
	at com.kms.katalon.core.webui.keyword.internal.WebUIKeywordMain.runKeyword(WebUIKeywordMain.groovy:20)
	at com.kms.katalon.core.webui.keyword.builtin.VerifyElementPresentKeyword.verifyElementPresent(VerifyElementPresentKeyword.groovy:92)
	at com.kms.katalon.core.webui.keyword.builtin.VerifyElementPresentKeyword.execute(VerifyElementPresentKeyword.groovy:68)
	at com.kms.katalon.core.keyword.internal.KeywordExecutor.executeKeywordForPlatform(KeywordExecutor.groovy:73)
	at com.kms.katalon.core.webui.keyword.WebUiBuiltInKeywords.verifyElementPresent(WebUiBuiltInKeywords.groovy:1445)
	at com.kms.katalon.core.webui.keyword.WebUiBuiltInKeywords$verifyElementPresent$2.call(Unknown Source)
	at login.LoginForAdminDevEnvironment.login(LoginForAdminDevEnvironment.groovy:17)
	at login.LoginForAdminDevEnvironment$login.call(Unknown Source)
	at Login.login(Login.groovy:37)
	at Login.invokeMethod(Login.groovy)
	at com.kms.katalon.core.context.internal.TestHooker.invokeMethod(TestHooker.java:111)
	at com.kms.katalon.core.context.internal.TestHooker.lambda$3(TestHooker.java:95)
	at com.kms.katalon.core.context.internal.TestHooker.invokeContextMethods(TestHooker.java:94)
	at com.kms.katalon.core.context.internal.TestListenerCollector.lambda$3(TestListenerCollector.java:88)
	at com.kms.katalon.core.context.internal.TestListenerCollector.handleListenerEvent(TestListenerCollector.java:85)
	at com.kms.katalon.core.context.internal.ExecutionEventManager.publicEvent(ExecutionEventManager.java:36)
	at com.kms.katalon.core.main.TestCaseExecutor.execute(TestCaseExecutor.java:221)
	at com.kms.katalon.core.main.TestSuiteExecutor.accessTestCaseMainPhase(TestSuiteExecutor.java:191)
	at com.kms.katalon.core.main.TestSuiteExecutor.accessTestSuiteMainPhase(TestSuiteExecutor.java:141)
	at com.kms.katalon.core.main.TestSuiteExecutor.execute(TestSuiteExecutor.java:90)
	at com.kms.katalon.core.main.TestCaseMain.startTestSuite(TestCaseMain.java:157)
	at com.kms.katalon.core.main.TestCaseMain$startTestSuite$0.call(Unknown Source)
	at TempTestSuite1610631842892.run(TempTestSuite1610631842892.groovy:39)
)
[[ATTACHMENT|E:\\Modist\\ModistProject\\Reports\\20210114_084402\\AllTestCases\\20210114_084402\\1610633425473.png]]

2021-01-14 09:10:25 - [TEST_STEP][PASSED] - pages.Journey.clickOnJourneyTab(): pages.Journey.clickOnJourneyTab is PASSED

2021-01-14 09:10:26 - [MESSAGE][PASSED] - Object 'Object Repository/Journey/Journeytab' is present

2021-01-14 09:10:26 - [MESSAGE][PASSED] - Object 'Object Repository/Journey/Journeytab' is visible

2021-01-14 09:10:26 - [MESSAGE][PASSED] - Object 'Object Repository/Journey/Journeytab' is clickable

2021-01-14 09:10:27 - [MESSAGE][PASSED] - Object: 'Object Repository/Journey/Journeytab' is clicked on

2021-01-14 09:10:27 - [MESSAGE][PASSED] - pages.Journey.clickOnJourneyTab is PASSED

2021-01-14 09:10:27 - [TEST_STEP][PASSED] - journeyName = pages.Journey.getRandomJourneyName(): pages.Journey.getRandomJourneyName is PASSED

2021-01-14 09:10:27 - [MESSAGE][PASSED] - Object 'Object Repository/Journey/toGetJourneysCount' is present

2021-01-14 09:10:27 - [MESSAGE][PASSED] - Object 'Object Repository/Journey/toGetJourneysCount' is present

2021-01-14 09:10:28 - [MESSAGE][PASSED] - Text of object 'Object Repository/Journey/toPickrandomJourney(index)' is: 'journey 1'

2021-01-14 09:10:28 - [MESSAGE][PASSED] - pages.Journey.getRandomJourneyName is PASSED

2021-01-14 09:10:28 - [TEST_STEP][PASSED] - accessCode = pages.Journey.getExistingJourneyAccesscode(journeyName): pages.Journey.getExistingJourneyAccesscode is PASSED

2021-01-14 09:10:28 - [MESSAGE][PASSED] - Object 'Object Repository/Journey/journrySearchInput' is present

2021-01-14 09:10:28 - [MESSAGE][PASSED] - Object 'Object Repository/Journey/journrySearchInput' is visible

2021-01-14 09:10:28 - [MESSAGE][PASSED] - Object 'Object Repository/Journey/journrySearchInput' is clickable

2021-01-14 09:10:29 - [MESSAGE][PASSED] - Text of object 'Object Repository/Journey/journrySearchInput' is cleared

2021-01-14 09:10:29 - [MESSAGE][PASSED] - Keys '' sent to object: 'Object Repository/Journey/journrySearchInput'

2021-01-14 09:10:29 - [MESSAGE][PASSED] - Keys 'j' sent to object: 'Object Repository/Journey/journrySearchInput'

2021-01-14 09:10:30 - [MESSAGE][PASSED] - Keys 'o' sent to object: 'Object Repository/Journey/journrySearchInput'

2021-01-14 09:10:31 - [MESSAGE][PASSED] - Keys 'u' sent to object: 'Object Repository/Journey/journrySearchInput'

2021-01-14 09:10:31 - [MESSAGE][PASSED] - Keys 'r' sent to object: 'Object Repository/Journey/journrySearchInput'

2021-01-14 09:10:32 - [MESSAGE][PASSED] - Keys 'n' sent to object: 'Object Repository/Journey/journrySearchInput'

2021-01-14 09:10:33 - [MESSAGE][PASSED] - Keys 'e' sent to object: 'Object Repository/Journey/journrySearchInput'

2021-01-14 09:10:33 - [MESSAGE][PASSED] - Keys 'y' sent to object: 'Object Repository/Journey/journrySearchInput'

2021-01-14 09:10:33 - [MESSAGE][PASSED] - Keys ' ' sent to object: 'Object Repository/Journey/journrySearchInput'

2021-01-14 09:10:34 - [MESSAGE][PASSED] - Keys '1' sent to object: 'Object Repository/Journey/journrySearchInput'

2021-01-14 09:10:35 - [MESSAGE][PASSED] - Object 'Object Repository/Journey/clickVerifyingJourney(journeyName)' is present

2021-01-14 09:10:35 - [MESSAGE][PASSED] - Object 'Object Repository/Journey/clickVerifyingJourney(journeyName)' is visible

2021-01-14 09:10:35 - [MESSAGE][PASSED] - Object 'Object Repository/Journey/clickVerifyingJourney(journeyName)' is clickable

2021-01-14 09:10:36 - [MESSAGE][PASSED] - Object: 'Object Repository/Journey/clickVerifyingJourney(journeyName)' is clicked on

2021-01-14 09:10:36 - [MESSAGE][PASSED] - Scroll to object 'Object Repository/Journey/Current Access Codes/currentAccessCodeField' successfully

2021-01-14 09:10:37 - [MESSAGE][PASSED] - Object 'Object Repository/Journey/Current Access Codes/getAccessCodesCount' is present

2021-01-14 09:10:38 - [MESSAGE][PASSED] - Text of object 'Object Repository/Journey/Current Access Codes/getAccessCodeText(index)' is: '111'

2021-01-14 09:10:38 - [MESSAGE][PASSED] - pages.Journey.getExistingJourneyAccesscode is PASSED

2021-01-14 09:10:38 - [TEST_STEP][PASSED] - pages.Journey.typeOfBackGroundToScrollingBackground(): pages.Journey.typeOfBackGroundToScrollingBackground is PASSED

2021-01-14 09:10:38 - [MESSAGE][PASSED] - Scroll to object 'Object Repository/Journey/typeField/clickOnType' successfully

2021-01-14 09:10:39 - [MESSAGE][PASSED] - Object 'Object Repository/Journey/typeField/clickOnType' is present

2021-01-14 09:10:39 - [MESSAGE][PASSED] - Object 'Object Repository/Journey/typeField/clickOnType' is visible

2021-01-14 09:10:39 - [MESSAGE][PASSED] - Object 'Object Repository/Journey/typeField/clickOnType' is clickable

2021-01-14 09:10:39 - [MESSAGE][PASSED] - Object: 'Object Repository/Journey/typeField/clickOnType' is clicked on

2021-01-14 09:10:40 - [MESSAGE][PASSED] - Object 'Object Repository/Journey/typeField/ScrollingBackGround' is present

2021-01-14 09:10:40 - [MESSAGE][PASSED] - Object 'Object Repository/Journey/typeField/ScrollingBackGround' is visible

2021-01-14 09:10:40 - [MESSAGE][PASSED] - Object 'Object Repository/Journey/typeField/ScrollingBackGround' is clickable

2021-01-14 09:10:41 - [MESSAGE][PASSED] - Object: 'Object Repository/Journey/typeField/ScrollingBackGround' is clicked on

2021-01-14 09:10:41 - [MESSAGE][PASSED] - Object 'Object Repository/CommonButtons/saveButton' is present

2021-01-14 09:10:41 - [MESSAGE][PASSED] - Object 'Object Repository/CommonButtons/saveButton' is visible

2021-01-14 09:10:42 - [MESSAGE][PASSED] - Object 'Object Repository/CommonButtons/saveButton' is clickable

2021-01-14 09:10:42 - [MESSAGE][PASSED] - Object: 'Object Repository/CommonButtons/saveButton' is clicked on

2021-01-14 09:10:42 - [MESSAGE][PASSED] - pages.Journey.typeOfBackGroundToScrollingBackground is PASSED

2021-01-14 09:10:42 - [TEST_STEP][PASSED] - login.LoginForJourneyApplication.loginToJourneyApplication(): login.LoginForJourneyApplication.loginToJourneyApplication is PASSED

2021-01-14 09:10:42 - [MESSAGE][PASSED] - Navigate to 'https://qualitlabs.dev.modist.co/' successfully

2021-01-14 09:10:42 - [MESSAGE][PASSED] - login.LoginForJourneyApplication.loginToJourneyApplication is PASSED

2021-01-14 09:10:42 - [TEST_STEP][PASSED] - pages.Journey.enterAccessCodeInJourney(accessCode): pages.Journey.enterAccessCodeInJourney is PASSED

2021-01-14 09:10:43 - [MESSAGE][PASSED] - Object 'Object Repository/Journey/JourneyPortal/enterAccessCode' is present

2021-01-14 09:10:43 - [MESSAGE][PASSED] - Object 'Object Repository/Journey/JourneyPortal/enterAccessCode' is visible

2021-01-14 09:10:43 - [MESSAGE][PASSED] - Object 'Object Repository/Journey/JourneyPortal/enterAccessCode' is clickable

2021-01-14 09:10:44 - [MESSAGE][PASSED] - Text of object 'Object Repository/Journey/JourneyPortal/enterAccessCode' is cleared

2021-01-14 09:10:44 - [MESSAGE][PASSED] - Keys '111' sent to object: 'Object Repository/Journey/JourneyPortal/enterAccessCode'

2021-01-14 09:10:44 - [MESSAGE][PASSED] - pages.Journey.enterAccessCodeInJourney is PASSED

2021-01-14 09:10:44 - [TEST_STEP][PASSED] - pages.Journey.clickEnterButton(): pages.Journey.clickEnterButton is PASSED

2021-01-14 09:10:44 - [MESSAGE][PASSED] - Object 'Object Repository/Journey/JourneyPortal/EnterButton' is present

2021-01-14 09:10:44 - [MESSAGE][PASSED] - Object 'Object Repository/Journey/JourneyPortal/EnterButton' is visible

2021-01-14 09:10:45 - [MESSAGE][PASSED] - Object 'Object Repository/Journey/JourneyPortal/EnterButton' is clickable

2021-01-14 09:10:45 - [MESSAGE][PASSED] - Object: 'Object Repository/Journey/JourneyPortal/EnterButton' is clicked on

2021-01-14 09:10:45 - [MESSAGE][PASSED] - pages.Journey.clickEnterButton is PASSED

2021-01-14 09:10:45 - [TEST_STEP][PASSED] - pages.JourneyPortal.openExistingSection(): pages.JourneyPortal.openExistingSection is PASSED

2021-01-14 09:10:47 - [MESSAGE][PASSED] - Object 'Object Repository/Journey/JourneyPortal/Section/getSectionsCount' is present

2021-01-14 09:10:48 - [MESSAGE][PASSED] - Object 'Object Repository/Journey/JourneyPortal/Section/openSection(index)' is present

2021-01-14 09:10:48 - [MESSAGE][PASSED] - Object 'Object Repository/Journey/JourneyPortal/Section/openSection(index)' is visible

2021-01-14 09:10:48 - [MESSAGE][PASSED] - Object 'Object Repository/Journey/JourneyPortal/Section/openSection(index)' is clickable

2021-01-14 09:10:49 - [MESSAGE][PASSED] - Object: 'Object Repository/Journey/JourneyPortal/Section/openSection(index)' is clicked on

2021-01-14 09:10:49 - [MESSAGE][PASSED] - pages.JourneyPortal.openExistingSection is PASSED

2021-01-14 09:10:49 - [TEST_STEP][FAILED] - pages.JourneyPortal.verifyScrollingBackGroundCheck(): you are in Fixed BackGround

2021-01-14 09:11:20 - [MESSAGE][WARNING] - Web element with id: 'Object Repository/Journey/JourneyPortal/fixedAndScrollingDetect' located by 'By.xpath: //div[@class='endless-aisle-asset-grid']' is present after '30' second(s) (Root cause: com.kms.katalon.core.exception.StepFailedException: Web element with id: 'Object Repository/Journey/JourneyPortal/fixedAndScrollingDetect' located by 'By.xpath: //div[@class='endless-aisle-asset-grid']' is present after '30' second(s)
	at com.kms.katalon.core.webui.keyword.internal.WebUIKeywordMain.stepFailed(WebUIKeywordMain.groovy:64)
	at com.kms.katalon.core.webui.keyword.internal.WebUIKeywordMain$stepFailed$0.call(Unknown Source)
	at com.kms.katalon.core.webui.keyword.builtin.VerifyElementNotPresentKeyword$_verifyElementNotPresent_closure1.doCall(VerifyElementNotPresentKeyword.groovy:106)
	at com.kms.katalon.core.webui.keyword.builtin.VerifyElementNotPresentKeyword$_verifyElementNotPresent_closure1.doCall(VerifyElementNotPresentKeyword.groovy)
	at com.kms.katalon.core.webui.keyword.internal.WebUIKeywordMain.runKeyword(WebUIKeywordMain.groovy:20)
	at com.kms.katalon.core.webui.keyword.internal.WebUIKeywordMain$runKeyword.call(Unknown Source)
	at com.kms.katalon.core.webui.keyword.builtin.VerifyElementNotPresentKeyword.verifyElementNotPresent(VerifyElementNotPresentKeyword.groovy:117)
	at com.kms.katalon.core.webui.keyword.builtin.VerifyElementNotPresentKeyword.execute(VerifyElementNotPresentKeyword.groovy:68)
	at com.kms.katalon.core.keyword.internal.KeywordExecutor.executeKeywordForPlatform(KeywordExecutor.groovy:73)
	at com.kms.katalon.core.webui.keyword.WebUiBuiltInKeywords.verifyElementNotPresent(WebUiBuiltInKeywords.groovy:1478)
	at com.kms.katalon.core.webui.keyword.WebUiBuiltInKeywords$verifyElementNotPresent$15.call(Unknown Source)
	at verification.Verification.verifyElementNotPresent(Verification.groovy:45)
	at verification.Verification.verifyElementNotPresent(Verification.groovy)
	at pages.JourneyPortal.verifyScrollingBackGroundCheck(JourneyPortal.groovy:38)
	at pages.JourneyPortal.invokeMethod(JourneyPortal.groovy)
	at com.kms.katalon.core.main.CustomKeywordDelegatingMetaClass.invokeStaticMethod(CustomKeywordDelegatingMetaClass.java:50)
	at verifyScrollingBackGroundInJourneyPortal.run(verifyScrollingBackGroundInJourneyPortal:34)
	at com.kms.katalon.core.main.ScriptEngine.run(ScriptEngine.java:194)
	at com.kms.katalon.core.main.ScriptEngine.runScriptAsRawText(ScriptEngine.java:119)
	at com.kms.katalon.core.main.TestCaseExecutor.runScript(TestCaseExecutor.java:339)
	at com.kms.katalon.core.main.TestCaseExecutor.doExecute(TestCaseExecutor.java:330)
	at com.kms.katalon.core.main.TestCaseExecutor.processExecutionPhase(TestCaseExecutor.java:309)
	at com.kms.katalon.core.main.TestCaseExecutor.accessMainPhase(TestCaseExecutor.java:301)
	at com.kms.katalon.core.main.TestCaseExecutor.execute(TestCaseExecutor.java:235)
	at com.kms.katalon.core.main.TestSuiteExecutor.accessTestCaseMainPhase(TestSuiteExecutor.java:191)
	at com.kms.katalon.core.main.TestSuiteExecutor.accessTestSuiteMainPhase(TestSuiteExecutor.java:141)
	at com.kms.katalon.core.main.TestSuiteExecutor.execute(TestSuiteExecutor.java:90)
	at com.kms.katalon.core.main.TestCaseMain.startTestSuite(TestCaseMain.java:157)
	at com.kms.katalon.core.main.TestCaseMain$startTestSuite$0.call(Unknown Source)
	at TempTestSuite1610631842892.run(TempTestSuite1610631842892.groovy:39)
)
[[ATTACHMENT|E:\\Modist\\ModistProject\\Reports\\20210114_084402\\AllTestCases\\20210114_084402\\1610633479871.png]]

2021-01-14 09:11:22 - [MESSAGE][PASSED] - Taking screenshot successfully
[[ATTACHMENT|E:\Modist\ModistProject\Reports\20210114_084402\AllTestCases\20210114_084402\1610633480967.png]]

2021-01-14 09:11:22 - [MESSAGE][FAILED] - you are in Fixed BackGround]]></system-out>
         <system-err><![CDATA[2021-01-14 09:10:16 - [TEST_CASE][FAILED] - Test Cases/JourneyPortal/verifyScrollingBackGroundInJourneyPortal: Test Cases/JourneyPortal/verifyScrollingBackGroundInJourneyPortal FAILED.
Reason:
com.kms.katalon.core.exception.StepFailedException: you are in Fixed BackGround
	at com.kms.katalon.core.util.KeywordUtil.markFailedAndStop(KeywordUtil.java:28)
	at com.kms.katalon.core.util.KeywordUtil$markFailedAndStop$0.call(Unknown Source)
	at verification.Verification.verifyElementNotPresent(Verification.groovy:47)
	at verification.Verification.verifyElementNotPresent(Verification.groovy)
	at pages.JourneyPortal.verifyScrollingBackGroundCheck(JourneyPortal.groovy:38)
	at pages.JourneyPortal.invokeMethod(JourneyPortal.groovy)
	at com.kms.katalon.core.main.CustomKeywordDelegatingMetaClass.invokeStaticMethod(CustomKeywordDelegatingMetaClass.java:50)
	at verifyScrollingBackGroundInJourneyPortal.run(verifyScrollingBackGroundInJourneyPortal:34)
	at com.kms.katalon.core.main.ScriptEngine.run(ScriptEngine.java:194)
	at com.kms.katalon.core.main.ScriptEngine.runScriptAsRawText(ScriptEngine.java:119)
	at com.kms.katalon.core.main.TestCaseExecutor.runScript(TestCaseExecutor.java:339)
	at com.kms.katalon.core.main.TestCaseExecutor.doExecute(TestCaseExecutor.java:330)
	at com.kms.katalon.core.main.TestCaseExecutor.processExecutionPhase(TestCaseExecutor.java:309)
	at com.kms.katalon.core.main.TestCaseExecutor.accessMainPhase(TestCaseExecutor.java:301)
	at com.kms.katalon.core.main.TestCaseExecutor.execute(TestCaseExecutor.java:235)
	at com.kms.katalon.core.main.TestSuiteExecutor.accessTestCaseMainPhase(TestSuiteExecutor.java:191)
	at com.kms.katalon.core.main.TestSuiteExecutor.accessTestSuiteMainPhase(TestSuiteExecutor.java:141)
	at com.kms.katalon.core.main.TestSuiteExecutor.execute(TestSuiteExecutor.java:90)
	at com.kms.katalon.core.main.TestCaseMain.startTestSuite(TestCaseMain.java:157)
	at com.kms.katalon.core.main.TestCaseMain$startTestSuite$0.call(Unknown Source)
	at TempTestSuite1610631842892.run(TempTestSuite1610631842892.groovy:39)]]></system-err>
      </testcase>
      <testcase name="Test Cases/JourneyPortal/verifySectionInformation" time="25.537" classname="Test Cases/JourneyPortal/verifySectionInformation" status="PASSED">
         <system-out><![CDATA[2021-01-14 09:11:22 - [TEST_CASE][PASSED] - Test Cases/JourneyPortal/verifySectionInformation: Test Cases/JourneyPortal/verifySectionInformation

2021-01-14 09:11:22 - [TEST_STEP][PASSED] - Start listener action : login: com.kms.katalon.core.webui.exception.WebElementNotFoundException: Web element with id: 'Object Repository/Login Credentials/Email' located by '//input[@name='email']' not found (Root cause: com.kms.katalon.core.exception.StepFailedException: com.kms.katalon.core.webui.exception.WebElementNotFoundException: Web element with id: 'Object Repository/Login Credentials/Email' located by '//input[@name='email']' not found
	at com.kms.katalon.core.webui.keyword.internal.WebUIKeywordMain.stepFailed(WebUIKeywordMain.groovy:64)
	at com.kms.katalon.core.webui.keyword.builtin.VerifyElementPresentKeyword$_verifyElementPresent_closure1.doCall(VerifyElementPresentKeyword.groovy:85)
	at com.kms.katalon.core.webui.keyword.builtin.VerifyElementPresentKeyword$_verifyElementPresent_closure1.call(VerifyElementPresentKeyword.groovy)
	at com.kms.katalon.core.webui.keyword.internal.WebUIKeywordMain.runKeyword(WebUIKeywordMain.groovy:20)
	at com.kms.katalon.core.webui.keyword.builtin.VerifyElementPresentKeyword.verifyElementPresent(VerifyElementPresentKeyword.groovy:92)
	at com.kms.katalon.core.webui.keyword.builtin.VerifyElementPresentKeyword.execute(VerifyElementPresentKeyword.groovy:68)
	at com.kms.katalon.core.keyword.internal.KeywordExecutor.executeKeywordForPlatform(KeywordExecutor.groovy:73)
	at com.kms.katalon.core.webui.keyword.WebUiBuiltInKeywords.verifyElementPresent(WebUiBuiltInKeywords.groovy:1445)
	at com.kms.katalon.core.webui.keyword.WebUiBuiltInKeywords$verifyElementPresent$2.call(Unknown Source)
	at login.LoginForAdminDevEnvironment.login(LoginForAdminDevEnvironment.groovy:17)
	at login.LoginForAdminDevEnvironment$login.call(Unknown Source)
	at Login.login(Login.groovy:37)
	at Login.invokeMethod(Login.groovy)
	at com.kms.katalon.core.context.internal.TestHooker.invokeMethod(TestHooker.java:111)
	at com.kms.katalon.core.context.internal.TestHooker.lambda$3(TestHooker.java:95)
	at com.kms.katalon.core.context.internal.TestHooker.invokeContextMethods(TestHooker.java:94)
	at com.kms.katalon.core.context.internal.TestListenerCollector.lambda$3(TestListenerCollector.java:88)
	at com.kms.katalon.core.context.internal.TestListenerCollector.handleListenerEvent(TestListenerCollector.java:85)
	at com.kms.katalon.core.context.internal.ExecutionEventManager.publicEvent(ExecutionEventManager.java:36)
	at com.kms.katalon.core.main.TestCaseExecutor.execute(TestCaseExecutor.java:221)
	at com.kms.katalon.core.main.TestSuiteExecutor.accessTestCaseMainPhase(TestSuiteExecutor.java:191)
	at com.kms.katalon.core.main.TestSuiteExecutor.accessTestSuiteMainPhase(TestSuiteExecutor.java:141)
	at com.kms.katalon.core.main.TestSuiteExecutor.execute(TestSuiteExecutor.java:90)
	at com.kms.katalon.core.main.TestCaseMain.startTestSuite(TestCaseMain.java:157)
	at com.kms.katalon.core.main.TestCaseMain$startTestSuite$0.call(Unknown Source)
	at TempTestSuite1610631842892.run(TempTestSuite1610631842892.groovy:39)
)

2021-01-14 09:11:22 - [TEST_STEP][PASSED] - Thread.sleep(3000): null

2021-01-14 09:11:25 - [TEST_STEP][PASSED] - url = getUrl(): Current window's url is: 'https://qualitlabs.dev.modist.co/products/464'

2021-01-14 09:11:25 - [MESSAGE][PASSED] - Current window's url is: 'https://qualitlabs.dev.modist.co/products/464'

2021-01-14 09:11:25 - [TEST_STEP][PASSED] - if (!(url.contains("dashboard"))): com.kms.katalon.core.webui.exception.WebElementNotFoundException: Web element with id: 'Object Repository/Login Credentials/Email' located by '//input[@name='email']' not found (Root cause: com.kms.katalon.core.exception.StepFailedException: com.kms.katalon.core.webui.exception.WebElementNotFoundException: Web element with id: 'Object Repository/Login Credentials/Email' located by '//input[@name='email']' not found
	at com.kms.katalon.core.webui.keyword.internal.WebUIKeywordMain.stepFailed(WebUIKeywordMain.groovy:64)
	at com.kms.katalon.core.webui.keyword.builtin.VerifyElementPresentKeyword$_verifyElementPresent_closure1.doCall(VerifyElementPresentKeyword.groovy:85)
	at com.kms.katalon.core.webui.keyword.builtin.VerifyElementPresentKeyword$_verifyElementPresent_closure1.call(VerifyElementPresentKeyword.groovy)
	at com.kms.katalon.core.webui.keyword.internal.WebUIKeywordMain.runKeyword(WebUIKeywordMain.groovy:20)
	at com.kms.katalon.core.webui.keyword.builtin.VerifyElementPresentKeyword.verifyElementPresent(VerifyElementPresentKeyword.groovy:92)
	at com.kms.katalon.core.webui.keyword.builtin.VerifyElementPresentKeyword.execute(VerifyElementPresentKeyword.groovy:68)
	at com.kms.katalon.core.keyword.internal.KeywordExecutor.executeKeywordForPlatform(KeywordExecutor.groovy:73)
	at com.kms.katalon.core.webui.keyword.WebUiBuiltInKeywords.verifyElementPresent(WebUiBuiltInKeywords.groovy:1445)
	at com.kms.katalon.core.webui.keyword.WebUiBuiltInKeywords$verifyElementPresent$2.call(Unknown Source)
	at login.LoginForAdminDevEnvironment.login(LoginForAdminDevEnvironment.groovy:17)
	at login.LoginForAdminDevEnvironment$login.call(Unknown Source)
	at Login.login(Login.groovy:37)
	at Login.invokeMethod(Login.groovy)
	at com.kms.katalon.core.context.internal.TestHooker.invokeMethod(TestHooker.java:111)
	at com.kms.katalon.core.context.internal.TestHooker.lambda$3(TestHooker.java:95)
	at com.kms.katalon.core.context.internal.TestHooker.invokeContextMethods(TestHooker.java:94)
	at com.kms.katalon.core.context.internal.TestListenerCollector.lambda$3(TestListenerCollector.java:88)
	at com.kms.katalon.core.context.internal.TestListenerCollector.handleListenerEvent(TestListenerCollector.java:85)
	at com.kms.katalon.core.context.internal.ExecutionEventManager.publicEvent(ExecutionEventManager.java:36)
	at com.kms.katalon.core.main.TestCaseExecutor.execute(TestCaseExecutor.java:221)
	at com.kms.katalon.core.main.TestSuiteExecutor.accessTestCaseMainPhase(TestSuiteExecutor.java:191)
	at com.kms.katalon.core.main.TestSuiteExecutor.accessTestSuiteMainPhase(TestSuiteExecutor.java:141)
	at com.kms.katalon.core.main.TestSuiteExecutor.execute(TestSuiteExecutor.java:90)
	at com.kms.katalon.core.main.TestCaseMain.startTestSuite(TestCaseMain.java:157)
	at com.kms.katalon.core.main.TestCaseMain$startTestSuite$0.call(Unknown Source)
	at TempTestSuite1610631842892.run(TempTestSuite1610631842892.groovy:39)
)

2021-01-14 09:11:25 - [TEST_STEP][PASSED] - navigateToUrl(Url): Navigate to 'https://dev-admin.modist.co/' successfully

2021-01-14 09:11:26 - [MESSAGE][PASSED] - Navigate to 'https://dev-admin.modist.co/' successfully

2021-01-14 09:11:26 - [TEST_STEP][PASSED] - loginPage.login(Email, Password): com.kms.katalon.core.webui.exception.WebElementNotFoundException: Web element with id: 'Object Repository/Login Credentials/Email' located by '//input[@name='email']' not found (Root cause: com.kms.katalon.core.exception.StepFailedException: com.kms.katalon.core.webui.exception.WebElementNotFoundException: Web element with id: 'Object Repository/Login Credentials/Email' located by '//input[@name='email']' not found
	at com.kms.katalon.core.webui.keyword.internal.WebUIKeywordMain.stepFailed(WebUIKeywordMain.groovy:64)
	at com.kms.katalon.core.webui.keyword.builtin.VerifyElementPresentKeyword$_verifyElementPresent_closure1.doCall(VerifyElementPresentKeyword.groovy:85)
	at com.kms.katalon.core.webui.keyword.builtin.VerifyElementPresentKeyword$_verifyElementPresent_closure1.call(VerifyElementPresentKeyword.groovy)
	at com.kms.katalon.core.webui.keyword.internal.WebUIKeywordMain.runKeyword(WebUIKeywordMain.groovy:20)
	at com.kms.katalon.core.webui.keyword.builtin.VerifyElementPresentKeyword.verifyElementPresent(VerifyElementPresentKeyword.groovy:92)
	at com.kms.katalon.core.webui.keyword.builtin.VerifyElementPresentKeyword.execute(VerifyElementPresentKeyword.groovy:68)
	at com.kms.katalon.core.keyword.internal.KeywordExecutor.executeKeywordForPlatform(KeywordExecutor.groovy:73)
	at com.kms.katalon.core.webui.keyword.WebUiBuiltInKeywords.verifyElementPresent(WebUiBuiltInKeywords.groovy:1445)
	at com.kms.katalon.core.webui.keyword.WebUiBuiltInKeywords$verifyElementPresent$2.call(Unknown Source)
	at login.LoginForAdminDevEnvironment.login(LoginForAdminDevEnvironment.groovy:17)
	at login.LoginForAdminDevEnvironment$login.call(Unknown Source)
	at Login.login(Login.groovy:37)
	at Login.invokeMethod(Login.groovy)
	at com.kms.katalon.core.context.internal.TestHooker.invokeMethod(TestHooker.java:111)
	at com.kms.katalon.core.context.internal.TestHooker.lambda$3(TestHooker.java:95)
	at com.kms.katalon.core.context.internal.TestHooker.invokeContextMethods(TestHooker.java:94)
	at com.kms.katalon.core.context.internal.TestListenerCollector.lambda$3(TestListenerCollector.java:88)
	at com.kms.katalon.core.context.internal.TestListenerCollector.handleListenerEvent(TestListenerCollector.java:85)
	at com.kms.katalon.core.context.internal.ExecutionEventManager.publicEvent(ExecutionEventManager.java:36)
	at com.kms.katalon.core.main.TestCaseExecutor.execute(TestCaseExecutor.java:221)
	at com.kms.katalon.core.main.TestSuiteExecutor.accessTestCaseMainPhase(TestSuiteExecutor.java:191)
	at com.kms.katalon.core.main.TestSuiteExecutor.accessTestSuiteMainPhase(TestSuiteExecutor.java:141)
	at com.kms.katalon.core.main.TestSuiteExecutor.execute(TestSuiteExecutor.java:90)
	at com.kms.katalon.core.main.TestCaseMain.startTestSuite(TestCaseMain.java:157)
	at com.kms.katalon.core.main.TestCaseMain$startTestSuite$0.call(Unknown Source)
	at TempTestSuite1610631842892.run(TempTestSuite1610631842892.groovy:39)
)

2021-01-14 09:11:31 - [MESSAGE][INFO] - Unable to find the element located by 'By.xpath: //input[@name='email']'. Please recheck the objects properties to make sure the desired element is located. 

2021-01-14 09:11:31 - [MESSAGE][WARNING] - com.kms.katalon.core.webui.exception.WebElementNotFoundException: Web element with id: 'Object Repository/Login Credentials/Email' located by '//input[@name='email']' not found (Root cause: com.kms.katalon.core.exception.StepFailedException: com.kms.katalon.core.webui.exception.WebElementNotFoundException: Web element with id: 'Object Repository/Login Credentials/Email' located by '//input[@name='email']' not found
	at com.kms.katalon.core.webui.keyword.internal.WebUIKeywordMain.stepFailed(WebUIKeywordMain.groovy:64)
	at com.kms.katalon.core.webui.keyword.builtin.VerifyElementPresentKeyword$_verifyElementPresent_closure1.doCall(VerifyElementPresentKeyword.groovy:85)
	at com.kms.katalon.core.webui.keyword.builtin.VerifyElementPresentKeyword$_verifyElementPresent_closure1.call(VerifyElementPresentKeyword.groovy)
	at com.kms.katalon.core.webui.keyword.internal.WebUIKeywordMain.runKeyword(WebUIKeywordMain.groovy:20)
	at com.kms.katalon.core.webui.keyword.builtin.VerifyElementPresentKeyword.verifyElementPresent(VerifyElementPresentKeyword.groovy:92)
	at com.kms.katalon.core.webui.keyword.builtin.VerifyElementPresentKeyword.execute(VerifyElementPresentKeyword.groovy:68)
	at com.kms.katalon.core.keyword.internal.KeywordExecutor.executeKeywordForPlatform(KeywordExecutor.groovy:73)
	at com.kms.katalon.core.webui.keyword.WebUiBuiltInKeywords.verifyElementPresent(WebUiBuiltInKeywords.groovy:1445)
	at com.kms.katalon.core.webui.keyword.WebUiBuiltInKeywords$verifyElementPresent$2.call(Unknown Source)
	at login.LoginForAdminDevEnvironment.login(LoginForAdminDevEnvironment.groovy:17)
	at login.LoginForAdminDevEnvironment$login.call(Unknown Source)
	at Login.login(Login.groovy:37)
	at Login.invokeMethod(Login.groovy)
	at com.kms.katalon.core.context.internal.TestHooker.invokeMethod(TestHooker.java:111)
	at com.kms.katalon.core.context.internal.TestHooker.lambda$3(TestHooker.java:95)
	at com.kms.katalon.core.context.internal.TestHooker.invokeContextMethods(TestHooker.java:94)
	at com.kms.katalon.core.context.internal.TestListenerCollector.lambda$3(TestListenerCollector.java:88)
	at com.kms.katalon.core.context.internal.TestListenerCollector.handleListenerEvent(TestListenerCollector.java:85)
	at com.kms.katalon.core.context.internal.ExecutionEventManager.publicEvent(ExecutionEventManager.java:36)
	at com.kms.katalon.core.main.TestCaseExecutor.execute(TestCaseExecutor.java:221)
	at com.kms.katalon.core.main.TestSuiteExecutor.accessTestCaseMainPhase(TestSuiteExecutor.java:191)
	at com.kms.katalon.core.main.TestSuiteExecutor.accessTestSuiteMainPhase(TestSuiteExecutor.java:141)
	at com.kms.katalon.core.main.TestSuiteExecutor.execute(TestSuiteExecutor.java:90)
	at com.kms.katalon.core.main.TestCaseMain.startTestSuite(TestCaseMain.java:157)
	at com.kms.katalon.core.main.TestCaseMain$startTestSuite$0.call(Unknown Source)
	at TempTestSuite1610631842892.run(TempTestSuite1610631842892.groovy:39)
)
[[ATTACHMENT|E:\\Modist\\ModistProject\\Reports\\20210114_084402\\AllTestCases\\20210114_084402\\1610633491295.png]]

2021-01-14 09:11:31 - [TEST_STEP][PASSED] - pages.Journey.clickOnJourneyTab(): pages.Journey.clickOnJourneyTab is PASSED

2021-01-14 09:11:32 - [MESSAGE][PASSED] - Object 'Object Repository/Journey/Journeytab' is present

2021-01-14 09:11:32 - [MESSAGE][PASSED] - Object 'Object Repository/Journey/Journeytab' is visible

2021-01-14 09:11:32 - [MESSAGE][PASSED] - Object 'Object Repository/Journey/Journeytab' is clickable

2021-01-14 09:11:33 - [MESSAGE][PASSED] - Object: 'Object Repository/Journey/Journeytab' is clicked on

2021-01-14 09:11:33 - [MESSAGE][PASSED] - pages.Journey.clickOnJourneyTab is PASSED

2021-01-14 09:11:33 - [TEST_STEP][PASSED] - journeyName = pages.Journey.getRandomJourneyName(): pages.Journey.getRandomJourneyName is PASSED

2021-01-14 09:11:33 - [MESSAGE][PASSED] - Object 'Object Repository/Journey/toGetJourneysCount' is present

2021-01-14 09:11:33 - [MESSAGE][PASSED] - Object 'Object Repository/Journey/toGetJourneysCount' is present

2021-01-14 09:11:34 - [MESSAGE][PASSED] - Text of object 'Object Repository/Journey/toPickrandomJourney(index)' is: 'JO3'

2021-01-14 09:11:34 - [MESSAGE][PASSED] - pages.Journey.getRandomJourneyName is PASSED

2021-01-14 09:11:34 - [TEST_STEP][PASSED] - accessCode = pages.Journey.getExistingJourneyAccesscode(journeyName): pages.Journey.getExistingJourneyAccesscode is PASSED

2021-01-14 09:11:34 - [MESSAGE][PASSED] - Object 'Object Repository/Journey/journrySearchInput' is present

2021-01-14 09:11:34 - [MESSAGE][PASSED] - Object 'Object Repository/Journey/journrySearchInput' is visible

2021-01-14 09:11:35 - [MESSAGE][PASSED] - Object 'Object Repository/Journey/journrySearchInput' is clickable

2021-01-14 09:11:35 - [MESSAGE][PASSED] - Text of object 'Object Repository/Journey/journrySearchInput' is cleared

2021-01-14 09:11:35 - [MESSAGE][PASSED] - Keys '' sent to object: 'Object Repository/Journey/journrySearchInput'

2021-01-14 09:11:35 - [MESSAGE][PASSED] - Keys 'J' sent to object: 'Object Repository/Journey/journrySearchInput'

2021-01-14 09:11:36 - [MESSAGE][PASSED] - Keys 'O' sent to object: 'Object Repository/Journey/journrySearchInput'

2021-01-14 09:11:37 - [MESSAGE][PASSED] - Keys '3' sent to object: 'Object Repository/Journey/journrySearchInput'

2021-01-14 09:11:37 - [MESSAGE][PASSED] - Object 'Object Repository/Journey/clickVerifyingJourney(journeyName)' is present

2021-01-14 09:11:38 - [MESSAGE][PASSED] - Object 'Object Repository/Journey/clickVerifyingJourney(journeyName)' is visible

2021-01-14 09:11:39 - [MESSAGE][PASSED] - Object 'Object Repository/Journey/clickVerifyingJourney(journeyName)' is clickable

2021-01-14 09:11:39 - [MESSAGE][PASSED] - Object: 'Object Repository/Journey/clickVerifyingJourney(journeyName)' is clicked on

2021-01-14 09:11:39 - [MESSAGE][PASSED] - Scroll to object 'Object Repository/Journey/Current Access Codes/currentAccessCodeField' successfully

2021-01-14 09:11:40 - [MESSAGE][PASSED] - Object 'Object Repository/Journey/Current Access Codes/getAccessCodesCount' is present

2021-01-14 09:11:41 - [MESSAGE][PASSED] - Text of object 'Object Repository/Journey/Current Access Codes/getAccessCodeText(index)' is: 'access8'

2021-01-14 09:11:41 - [MESSAGE][PASSED] - pages.Journey.getExistingJourneyAccesscode is PASSED

2021-01-14 09:11:41 - [TEST_STEP][PASSED] - login.LoginForJourneyApplication.loginToJourneyApplication(): login.LoginForJourneyApplication.loginToJourneyApplication is PASSED

2021-01-14 09:11:41 - [MESSAGE][PASSED] - Navigate to 'https://qualitlabs.dev.modist.co/' successfully

2021-01-14 09:11:41 - [MESSAGE][PASSED] - login.LoginForJourneyApplication.loginToJourneyApplication is PASSED

2021-01-14 09:11:41 - [TEST_STEP][PASSED] - pages.Journey.enterAccessCodeInJourney(accessCode): pages.Journey.enterAccessCodeInJourney is PASSED

2021-01-14 09:11:42 - [MESSAGE][PASSED] - Object 'Object Repository/Journey/JourneyPortal/enterAccessCode' is present

2021-01-14 09:11:43 - [MESSAGE][PASSED] - Object 'Object Repository/Journey/JourneyPortal/enterAccessCode' is visible

2021-01-14 09:11:43 - [MESSAGE][PASSED] - Object 'Object Repository/Journey/JourneyPortal/enterAccessCode' is clickable

2021-01-14 09:11:43 - [MESSAGE][PASSED] - Text of object 'Object Repository/Journey/JourneyPortal/enterAccessCode' is cleared

2021-01-14 09:11:43 - [MESSAGE][PASSED] - Keys 'access8' sent to object: 'Object Repository/Journey/JourneyPortal/enterAccessCode'

2021-01-14 09:11:43 - [MESSAGE][PASSED] - pages.Journey.enterAccessCodeInJourney is PASSED

2021-01-14 09:11:43 - [TEST_STEP][PASSED] - pages.Journey.clickEnterButton(): pages.Journey.clickEnterButton is PASSED

2021-01-14 09:11:44 - [MESSAGE][PASSED] - Object 'Object Repository/Journey/JourneyPortal/EnterButton' is present

2021-01-14 09:11:44 - [MESSAGE][PASSED] - Object 'Object Repository/Journey/JourneyPortal/EnterButton' is visible

2021-01-14 09:11:44 - [MESSAGE][PASSED] - Object 'Object Repository/Journey/JourneyPortal/EnterButton' is clickable

2021-01-14 09:11:45 - [MESSAGE][PASSED] - Object: 'Object Repository/Journey/JourneyPortal/EnterButton' is clicked on

2021-01-14 09:11:45 - [MESSAGE][PASSED] - pages.Journey.clickEnterButton is PASSED

2021-01-14 09:11:45 - [TEST_STEP][PASSED] - pages.JourneyPortal.verifyingSectionProperties(): pages.JourneyPortal.verifyingSectionProperties is PASSED

2021-01-14 09:11:47 - [MESSAGE][PASSED] - Object 'Object Repository/Journey/JourneyPortal/Section/sectionTitle' is present

2021-01-14 09:11:47 - [MESSAGE][PASSED] - Object 'Object Repository/Journey/JourneyPortal/Section/sectionImage' is present

2021-01-14 09:11:48 - [MESSAGE][PASSED] - Object 'Object Repository/Journey/JourneyPortal/Section/sectionSubTitle' is present

2021-01-14 09:11:48 - [MESSAGE][PASSED] - pages.JourneyPortal.verifyingSectionProperties is PASSED]]></system-out>
         <system-err><![CDATA[]]></system-err>
      </testcase>
      <testcase name="Test Cases/JourneyPortal/verifyTheFullScreenViewInProductPage" time="61.483" classname="Test Cases/JourneyPortal/verifyTheFullScreenViewInProductPage" status="FAILED">
         <failure type="FAILED" message="Test Cases/JourneyPortal/verifyTheFullScreenViewInProductPage FAILED.
Reason:
com.kms.katalon.core.exception.StepFailedException: you are not in full screen view
	at com.kms.katalon.core.util.KeywordUtil.markFailedAndStop(KeywordUtil.java:28)
	at com.kms.katalon.core.util.KeywordUtil$markFailedAndStop$0.call(Unknown Source)
	at verification.Verification.verifyElementPresent(Verification.groovy:31)
	at verification.Verification.verifyElementPresent(Verification.groovy)
	at pages.JourneyPortal.verifyTheFullScreenView(JourneyPortal.groovy:68)
	at pages.JourneyPortal.invokeMethod(JourneyPortal.groovy)
	at com.kms.katalon.core.main.CustomKeywordDelegatingMetaClass.invokeStaticMethod(CustomKeywordDelegatingMetaClass.java:50)
	at verifyTheFullScreenViewInProductPage.run(verifyTheFullScreenViewInProductPage:36)
	at com.kms.katalon.core.main.ScriptEngine.run(ScriptEngine.java:194)
	at com.kms.katalon.core.main.ScriptEngine.runScriptAsRawText(ScriptEngine.java:119)
	at com.kms.katalon.core.main.TestCaseExecutor.runScript(TestCaseExecutor.java:339)
	at com.kms.katalon.core.main.TestCaseExecutor.doExecute(TestCaseExecutor.java:330)
	at com.kms.katalon.core.main.TestCaseExecutor.processExecutionPhase(TestCaseExecutor.java:309)
	at com.kms.katalon.core.main.TestCaseExecutor.accessMainPhase(TestCaseExecutor.java:301)
	at com.kms.katalon.core.main.TestCaseExecutor.execute(TestCaseExecutor.java:235)
	at com.kms.katalon.core.main.TestSuiteExecutor.accessTestCaseMainPhase(TestSuiteExecutor.java:191)
	at com.kms.katalon.core.main.TestSuiteExecutor.accessTestSuiteMainPhase(TestSuiteExecutor.java:141)
	at com.kms.katalon.core.main.TestSuiteExecutor.execute(TestSuiteExecutor.java:90)
	at com.kms.katalon.core.main.TestCaseMain.startTestSuite(TestCaseMain.java:157)
	at com.kms.katalon.core.main.TestCaseMain$startTestSuite$0.call(Unknown Source)
	at TempTestSuite1610631842892.run(TempTestSuite1610631842892.groovy:39)
"/>
         <system-out><![CDATA[2021-01-14 09:11:48 - [TEST_CASE][FAILED] - Test Cases/JourneyPortal/verifyTheFullScreenViewInProductPage: Test Cases/JourneyPortal/verifyTheFullScreenViewInProductPage FAILED.
Reason:
com.kms.katalon.core.exception.StepFailedException: you are not in full screen view
	at com.kms.katalon.core.util.KeywordUtil.markFailedAndStop(KeywordUtil.java:28)
	at com.kms.katalon.core.util.KeywordUtil$markFailedAndStop$0.call(Unknown Source)
	at verification.Verification.verifyElementPresent(Verification.groovy:31)
	at verification.Verification.verifyElementPresent(Verification.groovy)
	at pages.JourneyPortal.verifyTheFullScreenView(JourneyPortal.groovy:68)
	at pages.JourneyPortal.invokeMethod(JourneyPortal.groovy)
	at com.kms.katalon.core.main.CustomKeywordDelegatingMetaClass.invokeStaticMethod(CustomKeywordDelegatingMetaClass.java:50)
	at verifyTheFullScreenViewInProductPage.run(verifyTheFullScreenViewInProductPage:36)
	at com.kms.katalon.core.main.ScriptEngine.run(ScriptEngine.java:194)
	at com.kms.katalon.core.main.ScriptEngine.runScriptAsRawText(ScriptEngine.java:119)
	at com.kms.katalon.core.main.TestCaseExecutor.runScript(TestCaseExecutor.java:339)
	at com.kms.katalon.core.main.TestCaseExecutor.doExecute(TestCaseExecutor.java:330)
	at com.kms.katalon.core.main.TestCaseExecutor.processExecutionPhase(TestCaseExecutor.java:309)
	at com.kms.katalon.core.main.TestCaseExecutor.accessMainPhase(TestCaseExecutor.java:301)
	at com.kms.katalon.core.main.TestCaseExecutor.execute(TestCaseExecutor.java:235)
	at com.kms.katalon.core.main.TestSuiteExecutor.accessTestCaseMainPhase(TestSuiteExecutor.java:191)
	at com.kms.katalon.core.main.TestSuiteExecutor.accessTestSuiteMainPhase(TestSuiteExecutor.java:141)
	at com.kms.katalon.core.main.TestSuiteExecutor.execute(TestSuiteExecutor.java:90)
	at com.kms.katalon.core.main.TestCaseMain.startTestSuite(TestCaseMain.java:157)
	at com.kms.katalon.core.main.TestCaseMain$startTestSuite$0.call(Unknown Source)
	at TempTestSuite1610631842892.run(TempTestSuite1610631842892.groovy:39)


2021-01-14 09:11:48 - [TEST_STEP][PASSED] - Start listener action : login: com.kms.katalon.core.webui.exception.WebElementNotFoundException: Web element with id: 'Object Repository/Login Credentials/Email' located by '//input[@name='email']' not found (Root cause: com.kms.katalon.core.exception.StepFailedException: com.kms.katalon.core.webui.exception.WebElementNotFoundException: Web element with id: 'Object Repository/Login Credentials/Email' located by '//input[@name='email']' not found
	at com.kms.katalon.core.webui.keyword.internal.WebUIKeywordMain.stepFailed(WebUIKeywordMain.groovy:64)
	at com.kms.katalon.core.webui.keyword.builtin.VerifyElementPresentKeyword$_verifyElementPresent_closure1.doCall(VerifyElementPresentKeyword.groovy:85)
	at com.kms.katalon.core.webui.keyword.builtin.VerifyElementPresentKeyword$_verifyElementPresent_closure1.call(VerifyElementPresentKeyword.groovy)
	at com.kms.katalon.core.webui.keyword.internal.WebUIKeywordMain.runKeyword(WebUIKeywordMain.groovy:20)
	at com.kms.katalon.core.webui.keyword.builtin.VerifyElementPresentKeyword.verifyElementPresent(VerifyElementPresentKeyword.groovy:92)
	at com.kms.katalon.core.webui.keyword.builtin.VerifyElementPresentKeyword.execute(VerifyElementPresentKeyword.groovy:68)
	at com.kms.katalon.core.keyword.internal.KeywordExecutor.executeKeywordForPlatform(KeywordExecutor.groovy:73)
	at com.kms.katalon.core.webui.keyword.WebUiBuiltInKeywords.verifyElementPresent(WebUiBuiltInKeywords.groovy:1445)
	at com.kms.katalon.core.webui.keyword.WebUiBuiltInKeywords$verifyElementPresent$2.call(Unknown Source)
	at login.LoginForAdminDevEnvironment.login(LoginForAdminDevEnvironment.groovy:17)
	at login.LoginForAdminDevEnvironment$login.call(Unknown Source)
	at Login.login(Login.groovy:37)
	at Login.invokeMethod(Login.groovy)
	at com.kms.katalon.core.context.internal.TestHooker.invokeMethod(TestHooker.java:111)
	at com.kms.katalon.core.context.internal.TestHooker.lambda$3(TestHooker.java:95)
	at com.kms.katalon.core.context.internal.TestHooker.invokeContextMethods(TestHooker.java:94)
	at com.kms.katalon.core.context.internal.TestListenerCollector.lambda$3(TestListenerCollector.java:88)
	at com.kms.katalon.core.context.internal.TestListenerCollector.handleListenerEvent(TestListenerCollector.java:85)
	at com.kms.katalon.core.context.internal.ExecutionEventManager.publicEvent(ExecutionEventManager.java:36)
	at com.kms.katalon.core.main.TestCaseExecutor.execute(TestCaseExecutor.java:221)
	at com.kms.katalon.core.main.TestSuiteExecutor.accessTestCaseMainPhase(TestSuiteExecutor.java:191)
	at com.kms.katalon.core.main.TestSuiteExecutor.accessTestSuiteMainPhase(TestSuiteExecutor.java:141)
	at com.kms.katalon.core.main.TestSuiteExecutor.execute(TestSuiteExecutor.java:90)
	at com.kms.katalon.core.main.TestCaseMain.startTestSuite(TestCaseMain.java:157)
	at com.kms.katalon.core.main.TestCaseMain$startTestSuite$0.call(Unknown Source)
	at TempTestSuite1610631842892.run(TempTestSuite1610631842892.groovy:39)
)

2021-01-14 09:11:48 - [TEST_STEP][PASSED] - Thread.sleep(3000): null

2021-01-14 09:11:51 - [TEST_STEP][PASSED] - url = getUrl(): Current window's url is: 'https://qualitlabs.dev.modist.co/section/509'

2021-01-14 09:11:51 - [MESSAGE][PASSED] - Current window's url is: 'https://qualitlabs.dev.modist.co/section/509'

2021-01-14 09:11:51 - [TEST_STEP][PASSED] - if (!(url.contains("dashboard"))): com.kms.katalon.core.webui.exception.WebElementNotFoundException: Web element with id: 'Object Repository/Login Credentials/Email' located by '//input[@name='email']' not found (Root cause: com.kms.katalon.core.exception.StepFailedException: com.kms.katalon.core.webui.exception.WebElementNotFoundException: Web element with id: 'Object Repository/Login Credentials/Email' located by '//input[@name='email']' not found
	at com.kms.katalon.core.webui.keyword.internal.WebUIKeywordMain.stepFailed(WebUIKeywordMain.groovy:64)
	at com.kms.katalon.core.webui.keyword.builtin.VerifyElementPresentKeyword$_verifyElementPresent_closure1.doCall(VerifyElementPresentKeyword.groovy:85)
	at com.kms.katalon.core.webui.keyword.builtin.VerifyElementPresentKeyword$_verifyElementPresent_closure1.call(VerifyElementPresentKeyword.groovy)
	at com.kms.katalon.core.webui.keyword.internal.WebUIKeywordMain.runKeyword(WebUIKeywordMain.groovy:20)
	at com.kms.katalon.core.webui.keyword.builtin.VerifyElementPresentKeyword.verifyElementPresent(VerifyElementPresentKeyword.groovy:92)
	at com.kms.katalon.core.webui.keyword.builtin.VerifyElementPresentKeyword.execute(VerifyElementPresentKeyword.groovy:68)
	at com.kms.katalon.core.keyword.internal.KeywordExecutor.executeKeywordForPlatform(KeywordExecutor.groovy:73)
	at com.kms.katalon.core.webui.keyword.WebUiBuiltInKeywords.verifyElementPresent(WebUiBuiltInKeywords.groovy:1445)
	at com.kms.katalon.core.webui.keyword.WebUiBuiltInKeywords$verifyElementPresent$2.call(Unknown Source)
	at login.LoginForAdminDevEnvironment.login(LoginForAdminDevEnvironment.groovy:17)
	at login.LoginForAdminDevEnvironment$login.call(Unknown Source)
	at Login.login(Login.groovy:37)
	at Login.invokeMethod(Login.groovy)
	at com.kms.katalon.core.context.internal.TestHooker.invokeMethod(TestHooker.java:111)
	at com.kms.katalon.core.context.internal.TestHooker.lambda$3(TestHooker.java:95)
	at com.kms.katalon.core.context.internal.TestHooker.invokeContextMethods(TestHooker.java:94)
	at com.kms.katalon.core.context.internal.TestListenerCollector.lambda$3(TestListenerCollector.java:88)
	at com.kms.katalon.core.context.internal.TestListenerCollector.handleListenerEvent(TestListenerCollector.java:85)
	at com.kms.katalon.core.context.internal.ExecutionEventManager.publicEvent(ExecutionEventManager.java:36)
	at com.kms.katalon.core.main.TestCaseExecutor.execute(TestCaseExecutor.java:221)
	at com.kms.katalon.core.main.TestSuiteExecutor.accessTestCaseMainPhase(TestSuiteExecutor.java:191)
	at com.kms.katalon.core.main.TestSuiteExecutor.accessTestSuiteMainPhase(TestSuiteExecutor.java:141)
	at com.kms.katalon.core.main.TestSuiteExecutor.execute(TestSuiteExecutor.java:90)
	at com.kms.katalon.core.main.TestCaseMain.startTestSuite(TestCaseMain.java:157)
	at com.kms.katalon.core.main.TestCaseMain$startTestSuite$0.call(Unknown Source)
	at TempTestSuite1610631842892.run(TempTestSuite1610631842892.groovy:39)
)

2021-01-14 09:11:51 - [TEST_STEP][PASSED] - navigateToUrl(Url): Navigate to 'https://dev-admin.modist.co/' successfully

2021-01-14 09:11:51 - [MESSAGE][PASSED] - Navigate to 'https://dev-admin.modist.co/' successfully

2021-01-14 09:11:51 - [TEST_STEP][PASSED] - loginPage.login(Email, Password): com.kms.katalon.core.webui.exception.WebElementNotFoundException: Web element with id: 'Object Repository/Login Credentials/Email' located by '//input[@name='email']' not found (Root cause: com.kms.katalon.core.exception.StepFailedException: com.kms.katalon.core.webui.exception.WebElementNotFoundException: Web element with id: 'Object Repository/Login Credentials/Email' located by '//input[@name='email']' not found
	at com.kms.katalon.core.webui.keyword.internal.WebUIKeywordMain.stepFailed(WebUIKeywordMain.groovy:64)
	at com.kms.katalon.core.webui.keyword.builtin.VerifyElementPresentKeyword$_verifyElementPresent_closure1.doCall(VerifyElementPresentKeyword.groovy:85)
	at com.kms.katalon.core.webui.keyword.builtin.VerifyElementPresentKeyword$_verifyElementPresent_closure1.call(VerifyElementPresentKeyword.groovy)
	at com.kms.katalon.core.webui.keyword.internal.WebUIKeywordMain.runKeyword(WebUIKeywordMain.groovy:20)
	at com.kms.katalon.core.webui.keyword.builtin.VerifyElementPresentKeyword.verifyElementPresent(VerifyElementPresentKeyword.groovy:92)
	at com.kms.katalon.core.webui.keyword.builtin.VerifyElementPresentKeyword.execute(VerifyElementPresentKeyword.groovy:68)
	at com.kms.katalon.core.keyword.internal.KeywordExecutor.executeKeywordForPlatform(KeywordExecutor.groovy:73)
	at com.kms.katalon.core.webui.keyword.WebUiBuiltInKeywords.verifyElementPresent(WebUiBuiltInKeywords.groovy:1445)
	at com.kms.katalon.core.webui.keyword.WebUiBuiltInKeywords$verifyElementPresent$2.call(Unknown Source)
	at login.LoginForAdminDevEnvironment.login(LoginForAdminDevEnvironment.groovy:17)
	at login.LoginForAdminDevEnvironment$login.call(Unknown Source)
	at Login.login(Login.groovy:37)
	at Login.invokeMethod(Login.groovy)
	at com.kms.katalon.core.context.internal.TestHooker.invokeMethod(TestHooker.java:111)
	at com.kms.katalon.core.context.internal.TestHooker.lambda$3(TestHooker.java:95)
	at com.kms.katalon.core.context.internal.TestHooker.invokeContextMethods(TestHooker.java:94)
	at com.kms.katalon.core.context.internal.TestListenerCollector.lambda$3(TestListenerCollector.java:88)
	at com.kms.katalon.core.context.internal.TestListenerCollector.handleListenerEvent(TestListenerCollector.java:85)
	at com.kms.katalon.core.context.internal.ExecutionEventManager.publicEvent(ExecutionEventManager.java:36)
	at com.kms.katalon.core.main.TestCaseExecutor.execute(TestCaseExecutor.java:221)
	at com.kms.katalon.core.main.TestSuiteExecutor.accessTestCaseMainPhase(TestSuiteExecutor.java:191)
	at com.kms.katalon.core.main.TestSuiteExecutor.accessTestSuiteMainPhase(TestSuiteExecutor.java:141)
	at com.kms.katalon.core.main.TestSuiteExecutor.execute(TestSuiteExecutor.java:90)
	at com.kms.katalon.core.main.TestCaseMain.startTestSuite(TestCaseMain.java:157)
	at com.kms.katalon.core.main.TestCaseMain$startTestSuite$0.call(Unknown Source)
	at TempTestSuite1610631842892.run(TempTestSuite1610631842892.groovy:39)
)

2021-01-14 09:11:56 - [MESSAGE][INFO] - Unable to find the element located by 'By.xpath: //input[@name='email']'. Please recheck the objects properties to make sure the desired element is located. 

2021-01-14 09:11:56 - [MESSAGE][WARNING] - com.kms.katalon.core.webui.exception.WebElementNotFoundException: Web element with id: 'Object Repository/Login Credentials/Email' located by '//input[@name='email']' not found (Root cause: com.kms.katalon.core.exception.StepFailedException: com.kms.katalon.core.webui.exception.WebElementNotFoundException: Web element with id: 'Object Repository/Login Credentials/Email' located by '//input[@name='email']' not found
	at com.kms.katalon.core.webui.keyword.internal.WebUIKeywordMain.stepFailed(WebUIKeywordMain.groovy:64)
	at com.kms.katalon.core.webui.keyword.builtin.VerifyElementPresentKeyword$_verifyElementPresent_closure1.doCall(VerifyElementPresentKeyword.groovy:85)
	at com.kms.katalon.core.webui.keyword.builtin.VerifyElementPresentKeyword$_verifyElementPresent_closure1.call(VerifyElementPresentKeyword.groovy)
	at com.kms.katalon.core.webui.keyword.internal.WebUIKeywordMain.runKeyword(WebUIKeywordMain.groovy:20)
	at com.kms.katalon.core.webui.keyword.builtin.VerifyElementPresentKeyword.verifyElementPresent(VerifyElementPresentKeyword.groovy:92)
	at com.kms.katalon.core.webui.keyword.builtin.VerifyElementPresentKeyword.execute(VerifyElementPresentKeyword.groovy:68)
	at com.kms.katalon.core.keyword.internal.KeywordExecutor.executeKeywordForPlatform(KeywordExecutor.groovy:73)
	at com.kms.katalon.core.webui.keyword.WebUiBuiltInKeywords.verifyElementPresent(WebUiBuiltInKeywords.groovy:1445)
	at com.kms.katalon.core.webui.keyword.WebUiBuiltInKeywords$verifyElementPresent$2.call(Unknown Source)
	at login.LoginForAdminDevEnvironment.login(LoginForAdminDevEnvironment.groovy:17)
	at login.LoginForAdminDevEnvironment$login.call(Unknown Source)
	at Login.login(Login.groovy:37)
	at Login.invokeMethod(Login.groovy)
	at com.kms.katalon.core.context.internal.TestHooker.invokeMethod(TestHooker.java:111)
	at com.kms.katalon.core.context.internal.TestHooker.lambda$3(TestHooker.java:95)
	at com.kms.katalon.core.context.internal.TestHooker.invokeContextMethods(TestHooker.java:94)
	at com.kms.katalon.core.context.internal.TestListenerCollector.lambda$3(TestListenerCollector.java:88)
	at com.kms.katalon.core.context.internal.TestListenerCollector.handleListenerEvent(TestListenerCollector.java:85)
	at com.kms.katalon.core.context.internal.ExecutionEventManager.publicEvent(ExecutionEventManager.java:36)
	at com.kms.katalon.core.main.TestCaseExecutor.execute(TestCaseExecutor.java:221)
	at com.kms.katalon.core.main.TestSuiteExecutor.accessTestCaseMainPhase(TestSuiteExecutor.java:191)
	at com.kms.katalon.core.main.TestSuiteExecutor.accessTestSuiteMainPhase(TestSuiteExecutor.java:141)
	at com.kms.katalon.core.main.TestSuiteExecutor.execute(TestSuiteExecutor.java:90)
	at com.kms.katalon.core.main.TestCaseMain.startTestSuite(TestCaseMain.java:157)
	at com.kms.katalon.core.main.TestCaseMain$startTestSuite$0.call(Unknown Source)
	at TempTestSuite1610631842892.run(TempTestSuite1610631842892.groovy:39)
)
[[ATTACHMENT|E:\\Modist\\ModistProject\\Reports\\20210114_084402\\AllTestCases\\20210114_084402\\1610633516423.png]]

2021-01-14 09:11:56 - [TEST_STEP][PASSED] - pages.Journey.clickOnJourneyTab(): pages.Journey.clickOnJourneyTab is PASSED

2021-01-14 09:11:57 - [MESSAGE][PASSED] - Object 'Object Repository/Journey/Journeytab' is present

2021-01-14 09:11:57 - [MESSAGE][PASSED] - Object 'Object Repository/Journey/Journeytab' is visible

2021-01-14 09:11:57 - [MESSAGE][PASSED] - Object 'Object Repository/Journey/Journeytab' is clickable

2021-01-14 09:11:58 - [MESSAGE][PASSED] - Object: 'Object Repository/Journey/Journeytab' is clicked on

2021-01-14 09:11:58 - [MESSAGE][PASSED] - pages.Journey.clickOnJourneyTab is PASSED

2021-01-14 09:11:58 - [TEST_STEP][PASSED] - journeyName = pages.Journey.getRandomJourneyName(): pages.Journey.getRandomJourneyName is PASSED

2021-01-14 09:11:58 - [MESSAGE][PASSED] - Object 'Object Repository/Journey/toGetJourneysCount' is present

2021-01-14 09:11:58 - [MESSAGE][PASSED] - Object 'Object Repository/Journey/toGetJourneysCount' is present

2021-01-14 09:11:59 - [MESSAGE][PASSED] - Text of object 'Object Repository/Journey/toPickrandomJourney(index)' is: 'JO7'

2021-01-14 09:11:59 - [MESSAGE][PASSED] - pages.Journey.getRandomJourneyName is PASSED

2021-01-14 09:11:59 - [TEST_STEP][PASSED] - accessCode = pages.Journey.getExistingJourneyAccesscode(journeyName): pages.Journey.getExistingJourneyAccesscode is PASSED

2021-01-14 09:11:59 - [MESSAGE][PASSED] - Object 'Object Repository/Journey/journrySearchInput' is present

2021-01-14 09:11:59 - [MESSAGE][PASSED] - Object 'Object Repository/Journey/journrySearchInput' is visible

2021-01-14 09:12:00 - [MESSAGE][PASSED] - Object 'Object Repository/Journey/journrySearchInput' is clickable

2021-01-14 09:12:00 - [MESSAGE][PASSED] - Text of object 'Object Repository/Journey/journrySearchInput' is cleared

2021-01-14 09:12:00 - [MESSAGE][PASSED] - Keys '' sent to object: 'Object Repository/Journey/journrySearchInput'

2021-01-14 09:12:01 - [MESSAGE][PASSED] - Keys 'J' sent to object: 'Object Repository/Journey/journrySearchInput'

2021-01-14 09:12:01 - [MESSAGE][PASSED] - Keys 'O' sent to object: 'Object Repository/Journey/journrySearchInput'

2021-01-14 09:12:03 - [MESSAGE][PASSED] - Keys '7' sent to object: 'Object Repository/Journey/journrySearchInput'

2021-01-14 09:12:03 - [MESSAGE][PASSED] - Object 'Object Repository/Journey/clickVerifyingJourney(journeyName)' is present

2021-01-14 09:12:03 - [MESSAGE][PASSED] - Object 'Object Repository/Journey/clickVerifyingJourney(journeyName)' is visible

2021-01-14 09:12:04 - [MESSAGE][PASSED] - Object 'Object Repository/Journey/clickVerifyingJourney(journeyName)' is clickable

2021-01-14 09:12:04 - [MESSAGE][PASSED] - Object: 'Object Repository/Journey/clickVerifyingJourney(journeyName)' is clicked on

2021-01-14 09:12:05 - [MESSAGE][PASSED] - Scroll to object 'Object Repository/Journey/Current Access Codes/currentAccessCodeField' successfully

2021-01-14 09:12:06 - [MESSAGE][PASSED] - Object 'Object Repository/Journey/Current Access Codes/getAccessCodesCount' is present

2021-01-14 09:12:07 - [MESSAGE][PASSED] - Text of object 'Object Repository/Journey/Current Access Codes/getAccessCodeText(index)' is: 'access2'

2021-01-14 09:12:07 - [MESSAGE][PASSED] - pages.Journey.getExistingJourneyAccesscode is PASSED

2021-01-14 09:12:07 - [TEST_STEP][PASSED] - login.LoginForJourneyApplication.loginToJourneyApplication(): login.LoginForJourneyApplication.loginToJourneyApplication is PASSED

2021-01-14 09:12:07 - [MESSAGE][PASSED] - Navigate to 'https://qualitlabs.dev.modist.co/' successfully

2021-01-14 09:12:07 - [MESSAGE][PASSED] - login.LoginForJourneyApplication.loginToJourneyApplication is PASSED

2021-01-14 09:12:07 - [TEST_STEP][PASSED] - pages.Journey.enterAccessCodeInJourney(accessCode): pages.Journey.enterAccessCodeInJourney is PASSED

2021-01-14 09:12:07 - [MESSAGE][PASSED] - Object 'Object Repository/Journey/JourneyPortal/enterAccessCode' is present

2021-01-14 09:12:08 - [MESSAGE][PASSED] - Object 'Object Repository/Journey/JourneyPortal/enterAccessCode' is visible

2021-01-14 09:12:08 - [MESSAGE][PASSED] - Object 'Object Repository/Journey/JourneyPortal/enterAccessCode' is clickable

2021-01-14 09:12:08 - [MESSAGE][PASSED] - Text of object 'Object Repository/Journey/JourneyPortal/enterAccessCode' is cleared

2021-01-14 09:12:09 - [MESSAGE][PASSED] - Keys 'access2' sent to object: 'Object Repository/Journey/JourneyPortal/enterAccessCode'

2021-01-14 09:12:09 - [MESSAGE][PASSED] - pages.Journey.enterAccessCodeInJourney is PASSED

2021-01-14 09:12:09 - [TEST_STEP][PASSED] - pages.Journey.clickEnterButton(): pages.Journey.clickEnterButton is PASSED

2021-01-14 09:12:09 - [MESSAGE][PASSED] - Object 'Object Repository/Journey/JourneyPortal/EnterButton' is present

2021-01-14 09:12:09 - [MESSAGE][PASSED] - Object 'Object Repository/Journey/JourneyPortal/EnterButton' is visible

2021-01-14 09:12:10 - [MESSAGE][PASSED] - Object 'Object Repository/Journey/JourneyPortal/EnterButton' is clickable

2021-01-14 09:12:10 - [MESSAGE][PASSED] - Object: 'Object Repository/Journey/JourneyPortal/EnterButton' is clicked on

2021-01-14 09:12:10 - [MESSAGE][PASSED] - pages.Journey.clickEnterButton is PASSED

2021-01-14 09:12:10 - [TEST_STEP][PASSED] - pages.JourneyPortal.openExistingSection(): pages.JourneyPortal.openExistingSection is PASSED

2021-01-14 09:12:12 - [MESSAGE][PASSED] - Object 'Object Repository/Journey/JourneyPortal/Section/getSectionsCount' is present

2021-01-14 09:12:13 - [MESSAGE][PASSED] - Object 'Object Repository/Journey/JourneyPortal/Section/openSection(index)' is present

2021-01-14 09:12:13 - [MESSAGE][PASSED] - Object 'Object Repository/Journey/JourneyPortal/Section/openSection(index)' is visible

2021-01-14 09:12:14 - [MESSAGE][PASSED] - Object 'Object Repository/Journey/JourneyPortal/Section/openSection(index)' is clickable

2021-01-14 09:12:14 - [MESSAGE][PASSED] - Object: 'Object Repository/Journey/JourneyPortal/Section/openSection(index)' is clicked on

2021-01-14 09:12:14 - [MESSAGE][PASSED] - pages.JourneyPortal.openExistingSection is PASSED

2021-01-14 09:12:14 - [TEST_STEP][PASSED] - pages.JourneyPortal.productPageCheck(): pages.JourneyPortal.productPageCheck is PASSED

2021-01-14 09:12:15 - [MESSAGE][PASSED] - Object 'Object Repository/Journey/JourneyPortal/Product/productPage' is present

2021-01-14 09:12:15 - [MESSAGE][PASSED] - pages.JourneyPortal.productPageCheck is PASSED

2021-01-14 09:12:15 - [TEST_STEP][PASSED] - pages.JourneyPortal.clickFullScreenIcon(): pages.JourneyPortal.clickFullScreenIcon is PASSED

2021-01-14 09:12:15 - [MESSAGE][PASSED] - Object 'Object Repository/Journey/JourneyPortal/Section/FullScreenIcon' is present

2021-01-14 09:12:16 - [MESSAGE][PASSED] - Object 'Object Repository/Journey/JourneyPortal/Section/FullScreenIcon' is visible

2021-01-14 09:12:16 - [MESSAGE][PASSED] - Object 'Object Repository/Journey/JourneyPortal/Section/FullScreenIcon' is clickable

2021-01-14 09:12:16 - [MESSAGE][PASSED] - Object: 'Object Repository/Journey/JourneyPortal/Section/FullScreenIcon' is clicked on

2021-01-14 09:12:16 - [MESSAGE][PASSED] - pages.JourneyPortal.clickFullScreenIcon is PASSED

2021-01-14 09:12:16 - [TEST_STEP][FAILED] - pages.JourneyPortal.verifyTheFullScreenView(): you are not in full screen view

2021-01-14 09:12:47 - [MESSAGE][INFO] - Unable to find the element located by 'By.xpath: //div[@class='fullscreen fullscreen-enabled']'. Please recheck the objects properties to make sure the desired element is located. 

2021-01-14 09:12:48 - [MESSAGE][WARNING] - com.kms.katalon.core.webui.exception.WebElementNotFoundException: Web element with id: 'Object Repository/Journey/JourneyPortal/Section/verifyFullScreenView' located by '//div[@class='fullscreen fullscreen-enabled']' not found (Root cause: com.kms.katalon.core.exception.StepFailedException: com.kms.katalon.core.webui.exception.WebElementNotFoundException: Web element with id: 'Object Repository/Journey/JourneyPortal/Section/verifyFullScreenView' located by '//div[@class='fullscreen fullscreen-enabled']' not found
	at com.kms.katalon.core.webui.keyword.internal.WebUIKeywordMain.stepFailed(WebUIKeywordMain.groovy:64)
	at com.kms.katalon.core.webui.keyword.builtin.VerifyElementPresentKeyword$_verifyElementPresent_closure1.doCall(VerifyElementPresentKeyword.groovy:85)
	at com.kms.katalon.core.webui.keyword.builtin.VerifyElementPresentKeyword$_verifyElementPresent_closure1.call(VerifyElementPresentKeyword.groovy)
	at com.kms.katalon.core.webui.keyword.internal.WebUIKeywordMain.runKeyword(WebUIKeywordMain.groovy:20)
	at com.kms.katalon.core.webui.keyword.builtin.VerifyElementPresentKeyword.verifyElementPresent(VerifyElementPresentKeyword.groovy:92)
	at com.kms.katalon.core.webui.keyword.builtin.VerifyElementPresentKeyword.execute(VerifyElementPresentKeyword.groovy:68)
	at com.kms.katalon.core.keyword.internal.KeywordExecutor.executeKeywordForPlatform(KeywordExecutor.groovy:73)
	at com.kms.katalon.core.webui.keyword.WebUiBuiltInKeywords.verifyElementPresent(WebUiBuiltInKeywords.groovy:1445)
	at com.kms.katalon.core.webui.keyword.WebUiBuiltInKeywords$verifyElementPresent$2.call(Unknown Source)
	at verification.Verification.verifyElementPresent(Verification.groovy:29)
	at verification.Verification.verifyElementPresent(Verification.groovy)
	at pages.JourneyPortal.verifyTheFullScreenView(JourneyPortal.groovy:68)
	at pages.JourneyPortal.invokeMethod(JourneyPortal.groovy)
	at com.kms.katalon.core.main.CustomKeywordDelegatingMetaClass.invokeStaticMethod(CustomKeywordDelegatingMetaClass.java:50)
	at verifyTheFullScreenViewInProductPage.run(verifyTheFullScreenViewInProductPage:36)
	at com.kms.katalon.core.main.ScriptEngine.run(ScriptEngine.java:194)
	at com.kms.katalon.core.main.ScriptEngine.runScriptAsRawText(ScriptEngine.java:119)
	at com.kms.katalon.core.main.TestCaseExecutor.runScript(TestCaseExecutor.java:339)
	at com.kms.katalon.core.main.TestCaseExecutor.doExecute(TestCaseExecutor.java:330)
	at com.kms.katalon.core.main.TestCaseExecutor.processExecutionPhase(TestCaseExecutor.java:309)
	at com.kms.katalon.core.main.TestCaseExecutor.accessMainPhase(TestCaseExecutor.java:301)
	at com.kms.katalon.core.main.TestCaseExecutor.execute(TestCaseExecutor.java:235)
	at com.kms.katalon.core.main.TestSuiteExecutor.accessTestCaseMainPhase(TestSuiteExecutor.java:191)
	at com.kms.katalon.core.main.TestSuiteExecutor.accessTestSuiteMainPhase(TestSuiteExecutor.java:141)
	at com.kms.katalon.core.main.TestSuiteExecutor.execute(TestSuiteExecutor.java:90)
	at com.kms.katalon.core.main.TestCaseMain.startTestSuite(TestCaseMain.java:157)
	at com.kms.katalon.core.main.TestCaseMain$startTestSuite$0.call(Unknown Source)
	at TempTestSuite1610631842892.run(TempTestSuite1610631842892.groovy:39)
)
[[ATTACHMENT|E:\\Modist\\ModistProject\\Reports\\20210114_084402\\AllTestCases\\20210114_084402\\1610633567827.png]]

2021-01-14 09:12:49 - [MESSAGE][PASSED] - Taking screenshot successfully
[[ATTACHMENT|E:\Modist\ModistProject\Reports\20210114_084402\AllTestCases\20210114_084402\1610633568847.png]]

2021-01-14 09:12:49 - [MESSAGE][FAILED] - you are not in full screen view]]></system-out>
         <system-err><![CDATA[2021-01-14 09:11:48 - [TEST_CASE][FAILED] - Test Cases/JourneyPortal/verifyTheFullScreenViewInProductPage: Test Cases/JourneyPortal/verifyTheFullScreenViewInProductPage FAILED.
Reason:
com.kms.katalon.core.exception.StepFailedException: you are not in full screen view
	at com.kms.katalon.core.util.KeywordUtil.markFailedAndStop(KeywordUtil.java:28)
	at com.kms.katalon.core.util.KeywordUtil$markFailedAndStop$0.call(Unknown Source)
	at verification.Verification.verifyElementPresent(Verification.groovy:31)
	at verification.Verification.verifyElementPresent(Verification.groovy)
	at pages.JourneyPortal.verifyTheFullScreenView(JourneyPortal.groovy:68)
	at pages.JourneyPortal.invokeMethod(JourneyPortal.groovy)
	at com.kms.katalon.core.main.CustomKeywordDelegatingMetaClass.invokeStaticMethod(CustomKeywordDelegatingMetaClass.java:50)
	at verifyTheFullScreenViewInProductPage.run(verifyTheFullScreenViewInProductPage:36)
	at com.kms.katalon.core.main.ScriptEngine.run(ScriptEngine.java:194)
	at com.kms.katalon.core.main.ScriptEngine.runScriptAsRawText(ScriptEngine.java:119)
	at com.kms.katalon.core.main.TestCaseExecutor.runScript(TestCaseExecutor.java:339)
	at com.kms.katalon.core.main.TestCaseExecutor.doExecute(TestCaseExecutor.java:330)
	at com.kms.katalon.core.main.TestCaseExecutor.processExecutionPhase(TestCaseExecutor.java:309)
	at com.kms.katalon.core.main.TestCaseExecutor.accessMainPhase(TestCaseExecutor.java:301)
	at com.kms.katalon.core.main.TestCaseExecutor.execute(TestCaseExecutor.java:235)
	at com.kms.katalon.core.main.TestSuiteExecutor.accessTestCaseMainPhase(TestSuiteExecutor.java:191)
	at com.kms.katalon.core.main.TestSuiteExecutor.accessTestSuiteMainPhase(TestSuiteExecutor.java:141)
	at com.kms.katalon.core.main.TestSuiteExecutor.execute(TestSuiteExecutor.java:90)
	at com.kms.katalon.core.main.TestCaseMain.startTestSuite(TestCaseMain.java:157)
	at com.kms.katalon.core.main.TestCaseMain$startTestSuite$0.call(Unknown Source)
	at TempTestSuite1610631842892.run(TempTestSuite1610631842892.groovy:39)]]></system-err>
      </testcase>
      <testcase name="Test Cases/JourneyPortal/verifyTheFullScreenViewInSectionPage" time="24.067" classname="Test Cases/JourneyPortal/verifyTheFullScreenViewInSectionPage" status="PASSED">
         <system-out><![CDATA[2021-01-14 09:12:49 - [TEST_CASE][PASSED] - Test Cases/JourneyPortal/verifyTheFullScreenViewInSectionPage: Test Cases/JourneyPortal/verifyTheFullScreenViewInSectionPage

2021-01-14 09:12:49 - [TEST_STEP][PASSED] - Start listener action : login: com.kms.katalon.core.webui.exception.WebElementNotFoundException: Web element with id: 'Object Repository/Login Credentials/Email' located by '//input[@name='email']' not found (Root cause: com.kms.katalon.core.exception.StepFailedException: com.kms.katalon.core.webui.exception.WebElementNotFoundException: Web element with id: 'Object Repository/Login Credentials/Email' located by '//input[@name='email']' not found
	at com.kms.katalon.core.webui.keyword.internal.WebUIKeywordMain.stepFailed(WebUIKeywordMain.groovy:64)
	at com.kms.katalon.core.webui.keyword.builtin.VerifyElementPresentKeyword$_verifyElementPresent_closure1.doCall(VerifyElementPresentKeyword.groovy:85)
	at com.kms.katalon.core.webui.keyword.builtin.VerifyElementPresentKeyword$_verifyElementPresent_closure1.call(VerifyElementPresentKeyword.groovy)
	at com.kms.katalon.core.webui.keyword.internal.WebUIKeywordMain.runKeyword(WebUIKeywordMain.groovy:20)
	at com.kms.katalon.core.webui.keyword.builtin.VerifyElementPresentKeyword.verifyElementPresent(VerifyElementPresentKeyword.groovy:92)
	at com.kms.katalon.core.webui.keyword.builtin.VerifyElementPresentKeyword.execute(VerifyElementPresentKeyword.groovy:68)
	at com.kms.katalon.core.keyword.internal.KeywordExecutor.executeKeywordForPlatform(KeywordExecutor.groovy:73)
	at com.kms.katalon.core.webui.keyword.WebUiBuiltInKeywords.verifyElementPresent(WebUiBuiltInKeywords.groovy:1445)
	at com.kms.katalon.core.webui.keyword.WebUiBuiltInKeywords$verifyElementPresent$2.call(Unknown Source)
	at login.LoginForAdminDevEnvironment.login(LoginForAdminDevEnvironment.groovy:17)
	at login.LoginForAdminDevEnvironment$login.call(Unknown Source)
	at Login.login(Login.groovy:37)
	at Login.invokeMethod(Login.groovy)
	at com.kms.katalon.core.context.internal.TestHooker.invokeMethod(TestHooker.java:111)
	at com.kms.katalon.core.context.internal.TestHooker.lambda$3(TestHooker.java:95)
	at com.kms.katalon.core.context.internal.TestHooker.invokeContextMethods(TestHooker.java:94)
	at com.kms.katalon.core.context.internal.TestListenerCollector.lambda$3(TestListenerCollector.java:88)
	at com.kms.katalon.core.context.internal.TestListenerCollector.handleListenerEvent(TestListenerCollector.java:85)
	at com.kms.katalon.core.context.internal.ExecutionEventManager.publicEvent(ExecutionEventManager.java:36)
	at com.kms.katalon.core.main.TestCaseExecutor.execute(TestCaseExecutor.java:221)
	at com.kms.katalon.core.main.TestSuiteExecutor.accessTestCaseMainPhase(TestSuiteExecutor.java:191)
	at com.kms.katalon.core.main.TestSuiteExecutor.accessTestSuiteMainPhase(TestSuiteExecutor.java:141)
	at com.kms.katalon.core.main.TestSuiteExecutor.execute(TestSuiteExecutor.java:90)
	at com.kms.katalon.core.main.TestCaseMain.startTestSuite(TestCaseMain.java:157)
	at com.kms.katalon.core.main.TestCaseMain$startTestSuite$0.call(Unknown Source)
	at TempTestSuite1610631842892.run(TempTestSuite1610631842892.groovy:39)
)

2021-01-14 09:12:49 - [TEST_STEP][PASSED] - Thread.sleep(3000): null

2021-01-14 09:12:52 - [TEST_STEP][PASSED] - url = getUrl(): Current window's url is: 'https://qualitlabs.dev.modist.co/products/486'

2021-01-14 09:12:52 - [MESSAGE][PASSED] - Current window's url is: 'https://qualitlabs.dev.modist.co/products/486'

2021-01-14 09:12:52 - [TEST_STEP][PASSED] - if (!(url.contains("dashboard"))): com.kms.katalon.core.webui.exception.WebElementNotFoundException: Web element with id: 'Object Repository/Login Credentials/Email' located by '//input[@name='email']' not found (Root cause: com.kms.katalon.core.exception.StepFailedException: com.kms.katalon.core.webui.exception.WebElementNotFoundException: Web element with id: 'Object Repository/Login Credentials/Email' located by '//input[@name='email']' not found
	at com.kms.katalon.core.webui.keyword.internal.WebUIKeywordMain.stepFailed(WebUIKeywordMain.groovy:64)
	at com.kms.katalon.core.webui.keyword.builtin.VerifyElementPresentKeyword$_verifyElementPresent_closure1.doCall(VerifyElementPresentKeyword.groovy:85)
	at com.kms.katalon.core.webui.keyword.builtin.VerifyElementPresentKeyword$_verifyElementPresent_closure1.call(VerifyElementPresentKeyword.groovy)
	at com.kms.katalon.core.webui.keyword.internal.WebUIKeywordMain.runKeyword(WebUIKeywordMain.groovy:20)
	at com.kms.katalon.core.webui.keyword.builtin.VerifyElementPresentKeyword.verifyElementPresent(VerifyElementPresentKeyword.groovy:92)
	at com.kms.katalon.core.webui.keyword.builtin.VerifyElementPresentKeyword.execute(VerifyElementPresentKeyword.groovy:68)
	at com.kms.katalon.core.keyword.internal.KeywordExecutor.executeKeywordForPlatform(KeywordExecutor.groovy:73)
	at com.kms.katalon.core.webui.keyword.WebUiBuiltInKeywords.verifyElementPresent(WebUiBuiltInKeywords.groovy:1445)
	at com.kms.katalon.core.webui.keyword.WebUiBuiltInKeywords$verifyElementPresent$2.call(Unknown Source)
	at login.LoginForAdminDevEnvironment.login(LoginForAdminDevEnvironment.groovy:17)
	at login.LoginForAdminDevEnvironment$login.call(Unknown Source)
	at Login.login(Login.groovy:37)
	at Login.invokeMethod(Login.groovy)
	at com.kms.katalon.core.context.internal.TestHooker.invokeMethod(TestHooker.java:111)
	at com.kms.katalon.core.context.internal.TestHooker.lambda$3(TestHooker.java:95)
	at com.kms.katalon.core.context.internal.TestHooker.invokeContextMethods(TestHooker.java:94)
	at com.kms.katalon.core.context.internal.TestListenerCollector.lambda$3(TestListenerCollector.java:88)
	at com.kms.katalon.core.context.internal.TestListenerCollector.handleListenerEvent(TestListenerCollector.java:85)
	at com.kms.katalon.core.context.internal.ExecutionEventManager.publicEvent(ExecutionEventManager.java:36)
	at com.kms.katalon.core.main.TestCaseExecutor.execute(TestCaseExecutor.java:221)
	at com.kms.katalon.core.main.TestSuiteExecutor.accessTestCaseMainPhase(TestSuiteExecutor.java:191)
	at com.kms.katalon.core.main.TestSuiteExecutor.accessTestSuiteMainPhase(TestSuiteExecutor.java:141)
	at com.kms.katalon.core.main.TestSuiteExecutor.execute(TestSuiteExecutor.java:90)
	at com.kms.katalon.core.main.TestCaseMain.startTestSuite(TestCaseMain.java:157)
	at com.kms.katalon.core.main.TestCaseMain$startTestSuite$0.call(Unknown Source)
	at TempTestSuite1610631842892.run(TempTestSuite1610631842892.groovy:39)
)

2021-01-14 09:12:52 - [TEST_STEP][PASSED] - navigateToUrl(Url): Navigate to 'https://dev-admin.modist.co/' successfully

2021-01-14 09:12:53 - [MESSAGE][PASSED] - Navigate to 'https://dev-admin.modist.co/' successfully

2021-01-14 09:12:53 - [TEST_STEP][PASSED] - loginPage.login(Email, Password): com.kms.katalon.core.webui.exception.WebElementNotFoundException: Web element with id: 'Object Repository/Login Credentials/Email' located by '//input[@name='email']' not found (Root cause: com.kms.katalon.core.exception.StepFailedException: com.kms.katalon.core.webui.exception.WebElementNotFoundException: Web element with id: 'Object Repository/Login Credentials/Email' located by '//input[@name='email']' not found
	at com.kms.katalon.core.webui.keyword.internal.WebUIKeywordMain.stepFailed(WebUIKeywordMain.groovy:64)
	at com.kms.katalon.core.webui.keyword.builtin.VerifyElementPresentKeyword$_verifyElementPresent_closure1.doCall(VerifyElementPresentKeyword.groovy:85)
	at com.kms.katalon.core.webui.keyword.builtin.VerifyElementPresentKeyword$_verifyElementPresent_closure1.call(VerifyElementPresentKeyword.groovy)
	at com.kms.katalon.core.webui.keyword.internal.WebUIKeywordMain.runKeyword(WebUIKeywordMain.groovy:20)
	at com.kms.katalon.core.webui.keyword.builtin.VerifyElementPresentKeyword.verifyElementPresent(VerifyElementPresentKeyword.groovy:92)
	at com.kms.katalon.core.webui.keyword.builtin.VerifyElementPresentKeyword.execute(VerifyElementPresentKeyword.groovy:68)
	at com.kms.katalon.core.keyword.internal.KeywordExecutor.executeKeywordForPlatform(KeywordExecutor.groovy:73)
	at com.kms.katalon.core.webui.keyword.WebUiBuiltInKeywords.verifyElementPresent(WebUiBuiltInKeywords.groovy:1445)
	at com.kms.katalon.core.webui.keyword.WebUiBuiltInKeywords$verifyElementPresent$2.call(Unknown Source)
	at login.LoginForAdminDevEnvironment.login(LoginForAdminDevEnvironment.groovy:17)
	at login.LoginForAdminDevEnvironment$login.call(Unknown Source)
	at Login.login(Login.groovy:37)
	at Login.invokeMethod(Login.groovy)
	at com.kms.katalon.core.context.internal.TestHooker.invokeMethod(TestHooker.java:111)
	at com.kms.katalon.core.context.internal.TestHooker.lambda$3(TestHooker.java:95)
	at com.kms.katalon.core.context.internal.TestHooker.invokeContextMethods(TestHooker.java:94)
	at com.kms.katalon.core.context.internal.TestListenerCollector.lambda$3(TestListenerCollector.java:88)
	at com.kms.katalon.core.context.internal.TestListenerCollector.handleListenerEvent(TestListenerCollector.java:85)
	at com.kms.katalon.core.context.internal.ExecutionEventManager.publicEvent(ExecutionEventManager.java:36)
	at com.kms.katalon.core.main.TestCaseExecutor.execute(TestCaseExecutor.java:221)
	at com.kms.katalon.core.main.TestSuiteExecutor.accessTestCaseMainPhase(TestSuiteExecutor.java:191)
	at com.kms.katalon.core.main.TestSuiteExecutor.accessTestSuiteMainPhase(TestSuiteExecutor.java:141)
	at com.kms.katalon.core.main.TestSuiteExecutor.execute(TestSuiteExecutor.java:90)
	at com.kms.katalon.core.main.TestCaseMain.startTestSuite(TestCaseMain.java:157)
	at com.kms.katalon.core.main.TestCaseMain$startTestSuite$0.call(Unknown Source)
	at TempTestSuite1610631842892.run(TempTestSuite1610631842892.groovy:39)
)

2021-01-14 09:12:58 - [MESSAGE][INFO] - Unable to find the element located by 'By.xpath: //input[@name='email']'. Please recheck the objects properties to make sure the desired element is located. 

2021-01-14 09:12:58 - [MESSAGE][WARNING] - com.kms.katalon.core.webui.exception.WebElementNotFoundException: Web element with id: 'Object Repository/Login Credentials/Email' located by '//input[@name='email']' not found (Root cause: com.kms.katalon.core.exception.StepFailedException: com.kms.katalon.core.webui.exception.WebElementNotFoundException: Web element with id: 'Object Repository/Login Credentials/Email' located by '//input[@name='email']' not found
	at com.kms.katalon.core.webui.keyword.internal.WebUIKeywordMain.stepFailed(WebUIKeywordMain.groovy:64)
	at com.kms.katalon.core.webui.keyword.builtin.VerifyElementPresentKeyword$_verifyElementPresent_closure1.doCall(VerifyElementPresentKeyword.groovy:85)
	at com.kms.katalon.core.webui.keyword.builtin.VerifyElementPresentKeyword$_verifyElementPresent_closure1.call(VerifyElementPresentKeyword.groovy)
	at com.kms.katalon.core.webui.keyword.internal.WebUIKeywordMain.runKeyword(WebUIKeywordMain.groovy:20)
	at com.kms.katalon.core.webui.keyword.builtin.VerifyElementPresentKeyword.verifyElementPresent(VerifyElementPresentKeyword.groovy:92)
	at com.kms.katalon.core.webui.keyword.builtin.VerifyElementPresentKeyword.execute(VerifyElementPresentKeyword.groovy:68)
	at com.kms.katalon.core.keyword.internal.KeywordExecutor.executeKeywordForPlatform(KeywordExecutor.groovy:73)
	at com.kms.katalon.core.webui.keyword.WebUiBuiltInKeywords.verifyElementPresent(WebUiBuiltInKeywords.groovy:1445)
	at com.kms.katalon.core.webui.keyword.WebUiBuiltInKeywords$verifyElementPresent$2.call(Unknown Source)
	at login.LoginForAdminDevEnvironment.login(LoginForAdminDevEnvironment.groovy:17)
	at login.LoginForAdminDevEnvironment$login.call(Unknown Source)
	at Login.login(Login.groovy:37)
	at Login.invokeMethod(Login.groovy)
	at com.kms.katalon.core.context.internal.TestHooker.invokeMethod(TestHooker.java:111)
	at com.kms.katalon.core.context.internal.TestHooker.lambda$3(TestHooker.java:95)
	at com.kms.katalon.core.context.internal.TestHooker.invokeContextMethods(TestHooker.java:94)
	at com.kms.katalon.core.context.internal.TestListenerCollector.lambda$3(TestListenerCollector.java:88)
	at com.kms.katalon.core.context.internal.TestListenerCollector.handleListenerEvent(TestListenerCollector.java:85)
	at com.kms.katalon.core.context.internal.ExecutionEventManager.publicEvent(ExecutionEventManager.java:36)
	at com.kms.katalon.core.main.TestCaseExecutor.execute(TestCaseExecutor.java:221)
	at com.kms.katalon.core.main.TestSuiteExecutor.accessTestCaseMainPhase(TestSuiteExecutor.java:191)
	at com.kms.katalon.core.main.TestSuiteExecutor.accessTestSuiteMainPhase(TestSuiteExecutor.java:141)
	at com.kms.katalon.core.main.TestSuiteExecutor.execute(TestSuiteExecutor.java:90)
	at com.kms.katalon.core.main.TestCaseMain.startTestSuite(TestCaseMain.java:157)
	at com.kms.katalon.core.main.TestCaseMain$startTestSuite$0.call(Unknown Source)
	at TempTestSuite1610631842892.run(TempTestSuite1610631842892.groovy:39)
)
[[ATTACHMENT|E:\\Modist\\ModistProject\\Reports\\20210114_084402\\AllTestCases\\20210114_084402\\1610633578085.png]]

2021-01-14 09:12:58 - [TEST_STEP][PASSED] - pages.Journey.clickOnJourneyTab(): pages.Journey.clickOnJourneyTab is PASSED

2021-01-14 09:12:58 - [MESSAGE][PASSED] - Object 'Object Repository/Journey/Journeytab' is present

2021-01-14 09:12:59 - [MESSAGE][PASSED] - Object 'Object Repository/Journey/Journeytab' is visible

2021-01-14 09:12:59 - [MESSAGE][PASSED] - Object 'Object Repository/Journey/Journeytab' is clickable

2021-01-14 09:12:59 - [MESSAGE][PASSED] - Object: 'Object Repository/Journey/Journeytab' is clicked on

2021-01-14 09:12:59 - [MESSAGE][PASSED] - pages.Journey.clickOnJourneyTab is PASSED

2021-01-14 09:12:59 - [TEST_STEP][PASSED] - journeyName = pages.Journey.getRandomJourneyName(): pages.Journey.getRandomJourneyName is PASSED

2021-01-14 09:13:00 - [MESSAGE][PASSED] - Object 'Object Repository/Journey/toGetJourneysCount' is present

2021-01-14 09:13:00 - [MESSAGE][PASSED] - Object 'Object Repository/Journey/toGetJourneysCount' is present

2021-01-14 09:13:00 - [MESSAGE][PASSED] - Text of object 'Object Repository/Journey/toPickrandomJourney(index)' is: 'JO3'

2021-01-14 09:13:00 - [MESSAGE][PASSED] - pages.Journey.getRandomJourneyName is PASSED

2021-01-14 09:13:00 - [TEST_STEP][PASSED] - accessCode = pages.Journey.getExistingJourneyAccesscode(journeyName): pages.Journey.getExistingJourneyAccesscode is PASSED

2021-01-14 09:13:01 - [MESSAGE][PASSED] - Object 'Object Repository/Journey/journrySearchInput' is present

2021-01-14 09:13:01 - [MESSAGE][PASSED] - Object 'Object Repository/Journey/journrySearchInput' is visible

2021-01-14 09:13:01 - [MESSAGE][PASSED] - Object 'Object Repository/Journey/journrySearchInput' is clickable

2021-01-14 09:13:01 - [MESSAGE][PASSED] - Text of object 'Object Repository/Journey/journrySearchInput' is cleared

2021-01-14 09:13:02 - [MESSAGE][PASSED] - Keys '' sent to object: 'Object Repository/Journey/journrySearchInput'

2021-01-14 09:13:02 - [MESSAGE][PASSED] - Keys 'J' sent to object: 'Object Repository/Journey/journrySearchInput'

2021-01-14 09:13:02 - [MESSAGE][PASSED] - Keys 'O' sent to object: 'Object Repository/Journey/journrySearchInput'

2021-01-14 09:13:03 - [MESSAGE][PASSED] - Keys '3' sent to object: 'Object Repository/Journey/journrySearchInput'

2021-01-14 09:13:03 - [MESSAGE][PASSED] - Object 'Object Repository/Journey/clickVerifyingJourney(journeyName)' is present

2021-01-14 09:13:04 - [MESSAGE][PASSED] - Object 'Object Repository/Journey/clickVerifyingJourney(journeyName)' is visible

2021-01-14 09:13:04 - [MESSAGE][PASSED] - Object 'Object Repository/Journey/clickVerifyingJourney(journeyName)' is clickable

2021-01-14 09:13:05 - [MESSAGE][PASSED] - Object: 'Object Repository/Journey/clickVerifyingJourney(journeyName)' is clicked on

2021-01-14 09:13:05 - [MESSAGE][PASSED] - Scroll to object 'Object Repository/Journey/Current Access Codes/currentAccessCodeField' successfully

2021-01-14 09:13:06 - [MESSAGE][PASSED] - Object 'Object Repository/Journey/Current Access Codes/getAccessCodesCount' is present

2021-01-14 09:13:07 - [MESSAGE][PASSED] - Text of object 'Object Repository/Journey/Current Access Codes/getAccessCodeText(index)' is: 'access12'

2021-01-14 09:13:07 - [MESSAGE][PASSED] - pages.Journey.getExistingJourneyAccesscode is PASSED

2021-01-14 09:13:07 - [TEST_STEP][PASSED] - login.LoginForJourneyApplication.loginToJourneyApplication(): login.LoginForJourneyApplication.loginToJourneyApplication is PASSED

2021-01-14 09:13:07 - [MESSAGE][PASSED] - Navigate to 'https://qualitlabs.dev.modist.co/' successfully

2021-01-14 09:13:07 - [MESSAGE][PASSED] - login.LoginForJourneyApplication.loginToJourneyApplication is PASSED

2021-01-14 09:13:07 - [TEST_STEP][PASSED] - pages.Journey.enterAccessCodeInJourney(accessCode): pages.Journey.enterAccessCodeInJourney is PASSED

2021-01-14 09:13:08 - [MESSAGE][PASSED] - Object 'Object Repository/Journey/JourneyPortal/enterAccessCode' is present

2021-01-14 09:13:08 - [MESSAGE][PASSED] - Object 'Object Repository/Journey/JourneyPortal/enterAccessCode' is visible

2021-01-14 09:13:09 - [MESSAGE][PASSED] - Object 'Object Repository/Journey/JourneyPortal/enterAccessCode' is clickable

2021-01-14 09:13:09 - [MESSAGE][PASSED] - Text of object 'Object Repository/Journey/JourneyPortal/enterAccessCode' is cleared

2021-01-14 09:13:09 - [MESSAGE][PASSED] - Keys 'access12' sent to object: 'Object Repository/Journey/JourneyPortal/enterAccessCode'

2021-01-14 09:13:09 - [MESSAGE][PASSED] - pages.Journey.enterAccessCodeInJourney is PASSED

2021-01-14 09:13:09 - [TEST_STEP][PASSED] - pages.Journey.clickEnterButton(): pages.Journey.clickEnterButton is PASSED

2021-01-14 09:13:09 - [MESSAGE][PASSED] - Object 'Object Repository/Journey/JourneyPortal/EnterButton' is present

2021-01-14 09:13:10 - [MESSAGE][PASSED] - Object 'Object Repository/Journey/JourneyPortal/EnterButton' is visible

2021-01-14 09:13:10 - [MESSAGE][PASSED] - Object 'Object Repository/Journey/JourneyPortal/EnterButton' is clickable

2021-01-14 09:13:10 - [MESSAGE][PASSED] - Object: 'Object Repository/Journey/JourneyPortal/EnterButton' is clicked on

2021-01-14 09:13:10 - [MESSAGE][PASSED] - pages.Journey.clickEnterButton is PASSED

2021-01-14 09:13:10 - [TEST_STEP][PASSED] - pages.Journey.sectionPageVerification(): pages.Journey.sectionPageVerification is PASSED

2021-01-14 09:13:11 - [MESSAGE][PASSED] - Object 'Object Repository/Journey/JourneyPortal/Section/sectionPage' is present

2021-01-14 09:13:11 - [MESSAGE][PASSED] - pages.Journey.sectionPageVerification is PASSED

2021-01-14 09:13:11 - [TEST_STEP][PASSED] - pages.JourneyPortal.clickFullScreenIcon(): pages.JourneyPortal.clickFullScreenIcon is PASSED

2021-01-14 09:13:12 - [MESSAGE][PASSED] - Object 'Object Repository/Journey/JourneyPortal/Section/FullScreenIcon' is present

2021-01-14 09:13:12 - [MESSAGE][PASSED] - Object 'Object Repository/Journey/JourneyPortal/Section/FullScreenIcon' is visible

2021-01-14 09:13:12 - [MESSAGE][PASSED] - Object 'Object Repository/Journey/JourneyPortal/Section/FullScreenIcon' is clickable

2021-01-14 09:13:13 - [MESSAGE][PASSED] - Object: 'Object Repository/Journey/JourneyPortal/Section/FullScreenIcon' is clicked on

2021-01-14 09:13:13 - [MESSAGE][PASSED] - pages.JourneyPortal.clickFullScreenIcon is PASSED

2021-01-14 09:13:13 - [TEST_STEP][PASSED] - pages.JourneyPortal.verifyTheFullScreenView(): pages.JourneyPortal.verifyTheFullScreenView is PASSED

2021-01-14 09:13:13 - [MESSAGE][PASSED] - Object 'Object Repository/Journey/JourneyPortal/Section/verifyFullScreenView' is present

2021-01-14 09:13:13 - [MESSAGE][PASSED] - pages.JourneyPortal.verifyTheFullScreenView is PASSED]]></system-out>
         <system-err><![CDATA[]]></system-err>
      </testcase>
      <system-out><![CDATA[2021-01-14 08:44:06 - [TEST_SUITE][FAILED] - AllTestCases: Test Cases/Admin/Section/addSectionAndVerify FAILED.
Reason:
com.kms.katalon.core.exception.StepFailedException: RandomSection847is not present
	at com.kms.katalon.core.util.KeywordUtil.markFailedAndStop(KeywordUtil.java:28)
	at com.kms.katalon.core.util.KeywordUtil$markFailedAndStop$0.call(Unknown Source)
	at verification.Verification.verifyElementPresent(Verification.groovy:31)
	at pages.Section.verifySectionAdded(Section.groovy:60)
	at pages.Section.invokeMethod(Section.groovy)
	at com.kms.katalon.core.main.CustomKeywordDelegatingMetaClass.invokeStaticMethod(CustomKeywordDelegatingMetaClass.java:50)
	at addSectionAndVerify.run(addSectionAndVerify:22)
	at com.kms.katalon.core.main.ScriptEngine.run(ScriptEngine.java:194)
	at com.kms.katalon.core.main.ScriptEngine.runScriptAsRawText(ScriptEngine.java:119)
	at com.kms.katalon.core.main.TestCaseExecutor.runScript(TestCaseExecutor.java:339)
	at com.kms.katalon.core.main.TestCaseExecutor.doExecute(TestCaseExecutor.java:330)
	at com.kms.katalon.core.main.TestCaseExecutor.processExecutionPhase(TestCaseExecutor.java:309)
	at com.kms.katalon.core.main.TestCaseExecutor.accessMainPhase(TestCaseExecutor.java:301)
	at com.kms.katalon.core.main.TestCaseExecutor.execute(TestCaseExecutor.java:235)
	at com.kms.katalon.core.main.TestSuiteExecutor.accessTestCaseMainPhase(TestSuiteExecutor.java:191)
	at com.kms.katalon.core.main.TestSuiteExecutor.accessTestSuiteMainPhase(TestSuiteExecutor.java:141)
	at com.kms.katalon.core.main.TestSuiteExecutor.execute(TestSuiteExecutor.java:90)
	at com.kms.katalon.core.main.TestCaseMain.startTestSuite(TestCaseMain.java:157)
	at com.kms.katalon.core.main.TestCaseMain$startTestSuite$0.call(Unknown Source)
	at TempTestSuite1610631842892.run(TempTestSuite1610631842892.groovy:39)]]></system-out>
      <system-err><![CDATA[2021-01-14 08:44:06 - [TEST_SUITE][FAILED] - AllTestCases: Test Cases/Admin/Section/addSectionAndVerify FAILED.
Reason:
com.kms.katalon.core.exception.StepFailedException: RandomSection847is not present
	at com.kms.katalon.core.util.KeywordUtil.markFailedAndStop(KeywordUtil.java:28)
	at com.kms.katalon.core.util.KeywordUtil$markFailedAndStop$0.call(Unknown Source)
	at verification.Verification.verifyElementPresent(Verification.groovy:31)
	at pages.Section.verifySectionAdded(Section.groovy:60)
	at pages.Section.invokeMethod(Section.groovy)
	at com.kms.katalon.core.main.CustomKeywordDelegatingMetaClass.invokeStaticMethod(CustomKeywordDelegatingMetaClass.java:50)
	at addSectionAndVerify.run(addSectionAndVerify:22)
	at com.kms.katalon.core.main.ScriptEngine.run(ScriptEngine.java:194)
	at com.kms.katalon.core.main.ScriptEngine.runScriptAsRawText(ScriptEngine.java:119)
	at com.kms.katalon.core.main.TestCaseExecutor.runScript(TestCaseExecutor.java:339)
	at com.kms.katalon.core.main.TestCaseExecutor.doExecute(TestCaseExecutor.java:330)
	at com.kms.katalon.core.main.TestCaseExecutor.processExecutionPhase(TestCaseExecutor.java:309)
	at com.kms.katalon.core.main.TestCaseExecutor.accessMainPhase(TestCaseExecutor.java:301)
	at com.kms.katalon.core.main.TestCaseExecutor.execute(TestCaseExecutor.java:235)
	at com.kms.katalon.core.main.TestSuiteExecutor.accessTestCaseMainPhase(TestSuiteExecutor.java:191)
	at com.kms.katalon.core.main.TestSuiteExecutor.accessTestSuiteMainPhase(TestSuiteExecutor.java:141)
	at com.kms.katalon.core.main.TestSuiteExecutor.execute(TestSuiteExecutor.java:90)
	at com.kms.katalon.core.main.TestCaseMain.startTestSuite(TestCaseMain.java:157)
	at com.kms.katalon.core.main.TestCaseMain$startTestSuite$0.call(Unknown Source)
	at TempTestSuite1610631842892.run(TempTestSuite1610631842892.groovy:39)]]></system-err>
   </testsuite>
</testsuites>
