<?xml version="1.0" encoding="UTF-8"?>
<testsuites name="Journey" time="393.713" tests="5" failures="0" skips="0" errors="0">
   <testsuite name="Journey" tests="5" failures="0" errors="0" time="393.713" skips="0" timestamp="2021-01-12 12:03:24" hostname="akhil - DESKTOP-3UFIQIO" id="Test Suites/Journey">
      <properties>
         <property name="deviceName" value=""/>
         <property name="devicePlatform" value=""/>
         <property name="logFolder" value="C:\\Modist\\ModistProject\\Reports\\20210112_120322\\Journey\\20210112_120322"/>
         <property name="logFiles" value="C:\\Modist\\ModistProject\\Reports\\20210112_120322\\Journey\\20210112_120322\\execution0.log"/>
         <property name="attachments" value=""/>
         <property name="hostName" value="akhil - DESKTOP-3UFIQIO"/>
         <property name="os" value="Windows 10 64bit"/>
         <property name="katalonVersion" value="7.8.1.208"/>
         <property name="browser" value="Chrome 87.0.4280.88"/>
         <property name="hostAddress" value="192.168.43.196"/>
         <property name="sessionId" value="5fa8d9f794d6d4f5033ce6e550ff899a"/>
         <property name="seleniumVersion" value="3.141.59"/>
         <property name="proxyInformation" value="ProxyInformation { proxyOption=NO_PROXY, proxyServerType=HTTP, username=, password=********, proxyServerAddress=, proxyServerPort=0, executionList=&quot;&quot;, isApplyToDesiredCapabilities=true }"/>
         <property name="platform" value="Windows 10"/>
      </properties>
      <testcase name="Test Cases/Admin/Journey/addJournyAndVerifyItisAdded" time="29.019" classname="Test Cases/Admin/Journey/addJournyAndVerifyItisAdded" status="PASSED">
         <system-out><![CDATA[2021-01-12 12:04:18 - [TEST_CASE][PASSED] - Test Cases/Admin/Journey/addJournyAndVerifyItisAdded: Test Cases/Admin/Journey/addJournyAndVerifyItisAdded

2021-01-12 12:04:19 - [TEST_STEP][PASSED] - pages.Journey.clickOnJourneyTab(): pages.Journey.clickOnJourneyTab is PASSED

2021-01-12 12:04:22 - [MESSAGE][PASSED] - Object 'Object Repository/Journey/Journeytab' is present

2021-01-12 12:04:24 - [MESSAGE][PASSED] - Object 'Object Repository/Journey/Journeytab' is visible

2021-01-12 12:04:26 - [MESSAGE][PASSED] - Object 'Object Repository/Journey/Journeytab' is clickable

2021-01-12 12:04:29 - [MESSAGE][PASSED] - Object: 'Object Repository/Journey/Journeytab' is clicked on

2021-01-12 12:04:29 - [MESSAGE][PASSED] - pages.Journey.clickOnJourneyTab is PASSED

2021-01-12 12:04:29 - [TEST_STEP][PASSED] - journeyName = pages.Journey.addJourney(): pages.Journey.addJourney is PASSED

2021-01-12 12:04:31 - [MESSAGE][PASSED] - Object 'Object Repository/Journey/Add Journey/AddJourneyButton' is present

2021-01-12 12:04:32 - [MESSAGE][PASSED] - Object 'Object Repository/Journey/Add Journey/AddJourneyButton' is visible

2021-01-12 12:04:33 - [MESSAGE][PASSED] - Object 'Object Repository/Journey/Add Journey/AddJourneyButton' is clickable

2021-01-12 12:04:33 - [MESSAGE][PASSED] - Object: 'Object Repository/Journey/Add Journey/AddJourneyButton' is clicked on

2021-01-12 12:04:33 - [MESSAGE][PASSED] - Object 'Object Repository/Journey/Add Journey/journeyName' is present

2021-01-12 12:04:34 - [MESSAGE][PASSED] - Object 'Object Repository/Journey/Add Journey/journeyName' is visible

2021-01-12 12:04:34 - [MESSAGE][PASSED] - Object 'Object Repository/Journey/Add Journey/journeyName' is clickable

2021-01-12 12:04:35 - [MESSAGE][PASSED] - Text of object 'Object Repository/Journey/Add Journey/journeyName' is cleared

2021-01-12 12:04:35 - [MESSAGE][PASSED] - Keys 'journeyName947' sent to object: 'Object Repository/Journey/Add Journey/journeyName'

2021-01-12 12:04:35 - [MESSAGE][PASSED] - Object 'Object Repository/Journey/Add Journey/addJourneyInAddJourneyPopUp' is present

2021-01-12 12:04:35 - [MESSAGE][PASSED] - Object 'Object Repository/Journey/Add Journey/addJourneyInAddJourneyPopUp' is visible

2021-01-12 12:04:36 - [MESSAGE][PASSED] - Object 'Object Repository/Journey/Add Journey/addJourneyInAddJourneyPopUp' is clickable

2021-01-12 12:04:36 - [MESSAGE][PASSED] - Object: 'Object Repository/Journey/Add Journey/addJourneyInAddJourneyPopUp' is clicked on

2021-01-12 12:04:36 - [MESSAGE][PASSED] - pages.Journey.addJourney is PASSED

2021-01-12 12:04:36 - [TEST_STEP][PASSED] - pages.Journey.verifyJourneyAdded(journeyName): pages.Journey.verifyJourneyAdded is PASSED

2021-01-12 12:04:36 - [MESSAGE][PASSED] - Object 'Object Repository/Journey/journrySearchInput' is present

2021-01-12 12:04:37 - [MESSAGE][PASSED] - Object 'Object Repository/Journey/journrySearchInput' is visible

2021-01-12 12:04:37 - [MESSAGE][PASSED] - Object 'Object Repository/Journey/journrySearchInput' is clickable

2021-01-12 12:04:38 - [MESSAGE][PASSED] - Text of object 'Object Repository/Journey/journrySearchInput' is cleared

2021-01-12 12:04:38 - [MESSAGE][PASSED] - Keys 'journeyName947' sent to object: 'Object Repository/Journey/journrySearchInput'

2021-01-12 12:04:39 - [MESSAGE][PASSED] - Object 'Object Repository/Journey/JourneyName(journeyName)' is present

2021-01-12 12:04:42 - [MESSAGE][PASSED] - Object 'Object Repository/Journey/JourneyName(journeyName)' is present

2021-01-12 12:04:42 - [MESSAGE][PASSED] - pages.Journey.verifyJourneyAdded is PASSED]]></system-out>
         <system-err><![CDATA[]]></system-err>
      </testcase>
      <testcase name="Test Cases/Admin/Journey/deleteJourneyAndVerify" time="58.569" classname="Test Cases/Admin/Journey/deleteJourneyAndVerify" status="PASSED">
         <system-out><![CDATA[2021-01-12 12:04:48 - [TEST_CASE][PASSED] - Test Cases/Admin/Journey/deleteJourneyAndVerify: Test Cases/Admin/Journey/deleteJourneyAndVerify

2021-01-12 12:04:48 - [TEST_STEP][PASSED] - pages.Journey.clickOnJourneyTab(): pages.Journey.clickOnJourneyTab is PASSED

2021-01-12 12:04:48 - [MESSAGE][PASSED] - Object 'Object Repository/Journey/Journeytab' is present

2021-01-12 12:04:48 - [MESSAGE][PASSED] - Object 'Object Repository/Journey/Journeytab' is visible

2021-01-12 12:04:49 - [MESSAGE][PASSED] - Object 'Object Repository/Journey/Journeytab' is clickable

2021-01-12 12:04:51 - [MESSAGE][PASSED] - Object: 'Object Repository/Journey/Journeytab' is clicked on

2021-01-12 12:04:51 - [MESSAGE][PASSED] - pages.Journey.clickOnJourneyTab is PASSED

2021-01-12 12:04:51 - [TEST_STEP][PASSED] - journeyName = pages.Journey.addJourney(): pages.Journey.addJourney is PASSED

2021-01-12 12:04:53 - [MESSAGE][PASSED] - Object 'Object Repository/Journey/Add Journey/AddJourneyButton' is present

2021-01-12 12:04:55 - [MESSAGE][PASSED] - Object 'Object Repository/Journey/Add Journey/AddJourneyButton' is visible

2021-01-12 12:04:55 - [MESSAGE][PASSED] - Object 'Object Repository/Journey/Add Journey/AddJourneyButton' is clickable

2021-01-12 12:04:56 - [MESSAGE][PASSED] - Object: 'Object Repository/Journey/Add Journey/AddJourneyButton' is clicked on

2021-01-12 12:04:56 - [MESSAGE][PASSED] - Object 'Object Repository/Journey/Add Journey/journeyName' is present

2021-01-12 12:04:57 - [MESSAGE][PASSED] - Object 'Object Repository/Journey/Add Journey/journeyName' is visible

2021-01-12 12:04:57 - [MESSAGE][PASSED] - Object 'Object Repository/Journey/Add Journey/journeyName' is clickable

2021-01-12 12:04:57 - [MESSAGE][PASSED] - Text of object 'Object Repository/Journey/Add Journey/journeyName' is cleared

2021-01-12 12:04:57 - [MESSAGE][PASSED] - Keys 'journeyName410' sent to object: 'Object Repository/Journey/Add Journey/journeyName'

2021-01-12 12:04:58 - [MESSAGE][PASSED] - Object 'Object Repository/Journey/Add Journey/addJourneyInAddJourneyPopUp' is present

2021-01-12 12:04:58 - [MESSAGE][PASSED] - Object 'Object Repository/Journey/Add Journey/addJourneyInAddJourneyPopUp' is visible

2021-01-12 12:04:58 - [MESSAGE][PASSED] - Object 'Object Repository/Journey/Add Journey/addJourneyInAddJourneyPopUp' is clickable

2021-01-12 12:04:58 - [MESSAGE][PASSED] - Object: 'Object Repository/Journey/Add Journey/addJourneyInAddJourneyPopUp' is clicked on

2021-01-12 12:04:58 - [MESSAGE][PASSED] - pages.Journey.addJourney is PASSED

2021-01-12 12:04:58 - [TEST_STEP][PASSED] - pages.Journey.deleteJourney(journeyName): pages.Journey.deleteJourney is PASSED

2021-01-12 12:05:00 - [MESSAGE][PASSED] - Object 'Object Repository/Journey/journrySearchInput' is present

2021-01-12 12:05:00 - [MESSAGE][PASSED] - Object 'Object Repository/Journey/journrySearchInput' is visible

2021-01-12 12:05:00 - [MESSAGE][PASSED] - Object 'Object Repository/Journey/journrySearchInput' is clickable

2021-01-12 12:05:01 - [MESSAGE][PASSED] - Text of object 'Object Repository/Journey/journrySearchInput' is cleared

2021-01-12 12:05:01 - [MESSAGE][PASSED] - Keys 'journeyName410' sent to object: 'Object Repository/Journey/journrySearchInput'

2021-01-12 12:05:01 - [MESSAGE][PASSED] - Object 'Object Repository/Journey/JourneyName(journeyName)' is present

2021-01-12 12:05:05 - [MESSAGE][PASSED] - Object 'Object Repository/Journey/journeyNameCheckBox(name)' is present

2021-01-12 12:05:05 - [MESSAGE][PASSED] - Object 'Object Repository/Journey/journeyNameCheckBox(name)' is visible

2021-01-12 12:05:06 - [MESSAGE][PASSED] - Object 'Object Repository/Journey/journeyNameCheckBox(name)' is clickable

2021-01-12 12:05:06 - [MESSAGE][PASSED] - Object: 'Object Repository/Journey/journeyNameCheckBox(name)' is clicked on

2021-01-12 12:05:06 - [MESSAGE][PASSED] - Object 'Object Repository/Journey/journeyNameDeleteButton' is present

2021-01-12 12:05:07 - [MESSAGE][PASSED] - Object 'Object Repository/Journey/journeyNameDeleteButton' is visible

2021-01-12 12:05:07 - [MESSAGE][PASSED] - Object 'Object Repository/Journey/journeyNameDeleteButton' is clickable

2021-01-12 12:05:07 - [MESSAGE][PASSED] - Object: 'Object Repository/Journey/journeyNameDeleteButton' is clicked on

2021-01-12 12:05:07 - [MESSAGE][PASSED] - Alert accepted

2021-01-12 12:05:07 - [MESSAGE][PASSED] - pages.Journey.deleteJourney is PASSED

2021-01-12 12:05:07 - [TEST_STEP][PASSED] - pages.Journey.verifyJourneyDeleted(journeyName): pages.Journey.verifyJourneyDeleted is PASSED

2021-01-12 12:05:08 - [MESSAGE][PASSED] - Object 'Object Repository/Journey/journrySearchInput' is present

2021-01-12 12:05:09 - [MESSAGE][PASSED] - Object 'Object Repository/Journey/journrySearchInput' is visible

2021-01-12 12:05:09 - [MESSAGE][PASSED] - Object 'Object Repository/Journey/journrySearchInput' is clickable

2021-01-12 12:05:09 - [MESSAGE][PASSED] - Text of object 'Object Repository/Journey/journrySearchInput' is cleared

2021-01-12 12:05:09 - [MESSAGE][PASSED] - Keys 'journeyName410' sent to object: 'Object Repository/Journey/journrySearchInput'

2021-01-12 12:05:41 - [MESSAGE][INFO] - Unable to find the element located by 'By.xpath: //div[text()='journeyName410']'. Please recheck the objects properties to make sure the desired element is located. 

2021-01-12 12:05:41 - [MESSAGE][WARNING] - [SELF-HEALING] Failed to find element with id 'Object Repository/Journey/JourneyName(journeyName)'. Try using Self-healing.

2021-01-12 12:05:41 - [MESSAGE][WARNING] - [SELF-HEALING] Cannot find elements when the XPath is null.

2021-01-12 12:05:41 - [MESSAGE][WARNING] - [SELF-HEALING] Cannot find elements when the selector is null

2021-01-12 12:05:41 - [MESSAGE][WARNING] - Object 'Object Repository/Journey/JourneyName(journeyName)' is not present after 30 second(s)

2021-01-12 12:05:41 - [MESSAGE][PASSED] - Web element with id: 'Object Repository/Journey/JourneyName(journeyName)' located by 'By.xpath: //div[text()='journeyName410']' is not present after '30' second(s)

2021-01-12 12:05:41 - [MESSAGE][PASSED] - pages.Journey.verifyJourneyDeleted is PASSED]]></system-out>
         <system-err><![CDATA[]]></system-err>
      </testcase>
      <testcase name="Test Cases/Admin/Journey/cloneJourneyAndVerifyisitCloned" time="26.743" classname="Test Cases/Admin/Journey/cloneJourneyAndVerifyisitCloned" status="PASSED">
         <system-out><![CDATA[2021-01-12 12:05:46 - [TEST_CASE][PASSED] - Test Cases/Admin/Journey/cloneJourneyAndVerifyisitCloned: Test Cases/Admin/Journey/cloneJourneyAndVerifyisitCloned

2021-01-12 12:05:46 - [TEST_STEP][PASSED] - pages.Journey.clickOnJourneyTab(): pages.Journey.clickOnJourneyTab is PASSED

2021-01-12 12:05:47 - [MESSAGE][PASSED] - Object 'Object Repository/Journey/Journeytab' is present

2021-01-12 12:05:47 - [MESSAGE][PASSED] - Object 'Object Repository/Journey/Journeytab' is visible

2021-01-12 12:05:47 - [MESSAGE][PASSED] - Object 'Object Repository/Journey/Journeytab' is clickable

2021-01-12 12:05:47 - [MESSAGE][PASSED] - Object: 'Object Repository/Journey/Journeytab' is clicked on

2021-01-12 12:05:47 - [MESSAGE][PASSED] - pages.Journey.clickOnJourneyTab is PASSED

2021-01-12 12:05:47 - [TEST_STEP][PASSED] - journeyName = pages.Journey.addJourney(): pages.Journey.addJourney is PASSED

2021-01-12 12:05:48 - [MESSAGE][PASSED] - Object 'Object Repository/Journey/Add Journey/AddJourneyButton' is present

2021-01-12 12:05:48 - [MESSAGE][PASSED] - Object 'Object Repository/Journey/Add Journey/AddJourneyButton' is visible

2021-01-12 12:05:48 - [MESSAGE][PASSED] - Object 'Object Repository/Journey/Add Journey/AddJourneyButton' is clickable

2021-01-12 12:05:48 - [MESSAGE][PASSED] - Object: 'Object Repository/Journey/Add Journey/AddJourneyButton' is clicked on

2021-01-12 12:05:49 - [MESSAGE][PASSED] - Object 'Object Repository/Journey/Add Journey/journeyName' is present

2021-01-12 12:05:49 - [MESSAGE][PASSED] - Object 'Object Repository/Journey/Add Journey/journeyName' is visible

2021-01-12 12:05:50 - [MESSAGE][PASSED] - Object 'Object Repository/Journey/Add Journey/journeyName' is clickable

2021-01-12 12:05:50 - [MESSAGE][PASSED] - Text of object 'Object Repository/Journey/Add Journey/journeyName' is cleared

2021-01-12 12:05:50 - [MESSAGE][PASSED] - Keys 'journeyName995' sent to object: 'Object Repository/Journey/Add Journey/journeyName'

2021-01-12 12:05:50 - [MESSAGE][PASSED] - Object 'Object Repository/Journey/Add Journey/addJourneyInAddJourneyPopUp' is present

2021-01-12 12:05:51 - [MESSAGE][PASSED] - Object 'Object Repository/Journey/Add Journey/addJourneyInAddJourneyPopUp' is visible

2021-01-12 12:05:51 - [MESSAGE][PASSED] - Object 'Object Repository/Journey/Add Journey/addJourneyInAddJourneyPopUp' is clickable

2021-01-12 12:05:51 - [MESSAGE][PASSED] - Object: 'Object Repository/Journey/Add Journey/addJourneyInAddJourneyPopUp' is clicked on

2021-01-12 12:05:51 - [MESSAGE][PASSED] - pages.Journey.addJourney is PASSED

2021-01-12 12:05:51 - [TEST_STEP][PASSED] - pages.Journey.cloneJourney(journeyName): pages.Journey.cloneJourney is PASSED

2021-01-12 12:05:52 - [MESSAGE][PASSED] - Object 'Object Repository/Journey/journrySearchInput' is present

2021-01-12 12:05:52 - [MESSAGE][PASSED] - Object 'Object Repository/Journey/journrySearchInput' is visible

2021-01-12 12:05:53 - [MESSAGE][PASSED] - Object 'Object Repository/Journey/journrySearchInput' is clickable

2021-01-12 12:05:53 - [MESSAGE][PASSED] - Text of object 'Object Repository/Journey/journrySearchInput' is cleared

2021-01-12 12:05:54 - [MESSAGE][PASSED] - Keys 'journeyName995' sent to object: 'Object Repository/Journey/journrySearchInput'

2021-01-12 12:05:54 - [MESSAGE][PASSED] - Object 'Object Repository/Journey/JourneyName(journeyName)' is present

2021-01-12 12:05:58 - [MESSAGE][PASSED] - Object 'Object Repository/Journey/journey cloning/threedots(journeyName)' is present

2021-01-12 12:05:59 - [MESSAGE][PASSED] - Object 'Object Repository/Journey/journey cloning/threedots(journeyName)' is visible

2021-01-12 12:05:59 - [MESSAGE][PASSED] - Object 'Object Repository/Journey/journey cloning/threedots(journeyName)' is present

2021-01-12 12:05:59 - [MESSAGE][PASSED] - Object 'Object Repository/Journey/journey cloning/threedots(journeyName)' is visible

2021-01-12 12:05:59 - [MESSAGE][PASSED] - Object 'Object Repository/Journey/journey cloning/threedots(journeyName)' is clickable

2021-01-12 12:06:00 - [MESSAGE][PASSED] - Object: 'Object Repository/Journey/journey cloning/threedots(journeyName)' is clicked on

2021-01-12 12:06:00 - [MESSAGE][PASSED] - Object 'Object Repository/Journey/journey cloning/cloneButton' is present

2021-01-12 12:06:00 - [MESSAGE][PASSED] - Object 'Object Repository/Journey/journey cloning/cloneButton' is visible

2021-01-12 12:06:01 - [MESSAGE][PASSED] - Object 'Object Repository/Journey/journey cloning/cloneButton' is clickable

2021-01-12 12:06:01 - [MESSAGE][PASSED] - Object: 'Object Repository/Journey/journey cloning/cloneButton' is clicked on

2021-01-12 12:06:01 - [MESSAGE][PASSED] - pages.Journey.cloneJourney is PASSED

2021-01-12 12:06:01 - [TEST_STEP][PASSED] - pages.Journey.verifyJourneyCloned(journeyName): pages.Journey.verifyJourneyCloned is PASSED

2021-01-12 12:06:01 - [MESSAGE][PASSED] - Object 'Object Repository/Journey/journrySearchInput' is present

2021-01-12 12:06:01 - [MESSAGE][PASSED] - Object 'Object Repository/Journey/journrySearchInput' is visible

2021-01-12 12:06:02 - [MESSAGE][PASSED] - Object 'Object Repository/Journey/journrySearchInput' is clickable

2021-01-12 12:06:02 - [MESSAGE][PASSED] - Text of object 'Object Repository/Journey/journrySearchInput' is cleared

2021-01-12 12:06:02 - [MESSAGE][PASSED] - Keys 'journeyName995 (duplicate)' sent to object: 'Object Repository/Journey/journrySearchInput'

2021-01-12 12:06:06 - [MESSAGE][PASSED] - Object 'Object Repository/Journey/JourneyName(journeyName)' is present

2021-01-12 12:06:07 - [MESSAGE][PASSED] - Object 'Object Repository/Journey/journey cloning/clonedJourney(journeyName)' is present

2021-01-12 12:06:08 - [MESSAGE][PASSED] - Object 'Object Repository/Journey/journey cloning/clonedJourney(journeyName)' is present

2021-01-12 12:06:08 - [MESSAGE][PASSED] - pages.Journey.verifyJourneyCloned is PASSED]]></system-out>
         <system-err><![CDATA[]]></system-err>
      </testcase>
      <testcase name="Test Cases/Admin/Journey/createAccessCodeForJourneyAndVerifyIsTheCodeSuccessfullyCreated" time="29.681" classname="Test Cases/Admin/Journey/createAccessCodeForJourneyAndVerifyIsTheCodeSuccessfullyCreated" status="PASSED">
         <system-out><![CDATA[2021-01-12 12:06:13 - [TEST_CASE][PASSED] - Test Cases/Admin/Journey/createAccessCodeForJourneyAndVerifyIsTheCodeSuccessfullyCreated: Test Cases/Admin/Journey/createAccessCodeForJourneyAndVerifyIsTheCodeSuccessfullyCreated

2021-01-12 12:06:13 - [TEST_STEP][PASSED] - pages.Journey.clickOnJourneyTab(): pages.Journey.clickOnJourneyTab is PASSED

2021-01-12 12:06:13 - [MESSAGE][PASSED] - Object 'Object Repository/Journey/Journeytab' is present

2021-01-12 12:06:13 - [MESSAGE][PASSED] - Object 'Object Repository/Journey/Journeytab' is visible

2021-01-12 12:06:14 - [MESSAGE][PASSED] - Object 'Object Repository/Journey/Journeytab' is clickable

2021-01-12 12:06:14 - [MESSAGE][PASSED] - Object: 'Object Repository/Journey/Journeytab' is clicked on

2021-01-12 12:06:14 - [MESSAGE][PASSED] - pages.Journey.clickOnJourneyTab is PASSED

2021-01-12 12:06:14 - [TEST_STEP][PASSED] - journeyName = pages.Journey.getRandomJourneyName(): pages.Journey.getRandomJourneyName is PASSED

2021-01-12 12:06:14 - [MESSAGE][PASSED] - Object 'Object Repository/Journey/toGetJourneysCount' is present

2021-01-12 12:06:15 - [MESSAGE][PASSED] - Object 'Object Repository/Journey/toGetJourneysCount' is present

2021-01-12 12:06:15 - [MESSAGE][PASSED] - Text of object 'Object Repository/Journey/toPickrandomJourney(index)' is: 'journeyName995 (duplicate)'

2021-01-12 12:06:15 - [MESSAGE][PASSED] - pages.Journey.getRandomJourneyName is PASSED

2021-01-12 12:06:15 - [TEST_STEP][PASSED] - accessCode = pages.Journey.getRandomAccessCode(): pages.Journey.getRandomAccessCode is PASSED

2021-01-12 12:06:15 - [MESSAGE][PASSED] - pages.Journey.getRandomAccessCode is PASSED

2021-01-12 12:06:15 - [TEST_STEP][PASSED] - useLimit = pages.Journey.getRandomCount(): pages.Journey.getRandomCount is PASSED

2021-01-12 12:06:15 - [MESSAGE][PASSED] - pages.Journey.getRandomCount is PASSED

2021-01-12 12:06:15 - [TEST_STEP][PASSED] - accessCode = pages.Journey.createAccessCodeInJourney(journeyName, accessCode, useLimit): pages.Journey.createAccessCodeInJourney is PASSED

2021-01-12 12:06:15 - [MESSAGE][PASSED] - Object 'Object Repository/Journey/journrySearchInput' is present

2021-01-12 12:06:16 - [MESSAGE][PASSED] - Object 'Object Repository/Journey/journrySearchInput' is visible

2021-01-12 12:06:16 - [MESSAGE][PASSED] - Object 'Object Repository/Journey/journrySearchInput' is clickable

2021-01-12 12:06:16 - [MESSAGE][PASSED] - Text of object 'Object Repository/Journey/journrySearchInput' is cleared

2021-01-12 12:06:16 - [MESSAGE][PASSED] - Keys 'journeyName995 (duplicate)' sent to object: 'Object Repository/Journey/journrySearchInput'

2021-01-12 12:06:17 - [MESSAGE][PASSED] - Object 'Object Repository/Journey/JourneyName(journeyName)' is present

2021-01-12 12:06:19 - [MESSAGE][PASSED] - Object 'Object Repository/Journey/clickVerifyingJourney(journeyName)' is present

2021-01-12 12:06:20 - [MESSAGE][PASSED] - Object 'Object Repository/Journey/clickVerifyingJourney(journeyName)' is visible

2021-01-12 12:06:20 - [MESSAGE][PASSED] - Object 'Object Repository/Journey/clickVerifyingJourney(journeyName)' is clickable

2021-01-12 12:06:20 - [MESSAGE][PASSED] - Object: 'Object Repository/Journey/clickVerifyingJourney(journeyName)' is clicked on

2021-01-12 12:06:21 - [MESSAGE][PASSED] - Scroll to object 'Object Repository/Journey/Current Access Codes/currentAccessCodeField' successfully

2021-01-12 12:06:21 - [MESSAGE][PASSED] - Object 'Object Repository/Journey/Current Access Codes/plusButton' is present

2021-01-12 12:06:22 - [MESSAGE][PASSED] - Object 'Object Repository/Journey/Current Access Codes/plusButton' is visible

2021-01-12 12:06:22 - [MESSAGE][PASSED] - Object 'Object Repository/Journey/Current Access Codes/plusButton' is clickable

2021-01-12 12:06:22 - [MESSAGE][PASSED] - Object: 'Object Repository/Journey/Current Access Codes/plusButton' is clicked on

2021-01-12 12:06:23 - [MESSAGE][PASSED] - Object 'Object Repository/Journey/Current Access Codes/accessCode' is present

2021-01-12 12:06:23 - [MESSAGE][PASSED] - Object 'Object Repository/Journey/Current Access Codes/accessCode' is visible

2021-01-12 12:06:23 - [MESSAGE][PASSED] - Object 'Object Repository/Journey/Current Access Codes/accessCode' is clickable

2021-01-12 12:06:23 - [MESSAGE][PASSED] - Text of object 'Object Repository/Journey/Current Access Codes/accessCode' is cleared

2021-01-12 12:06:24 - [MESSAGE][PASSED] - Keys 'access6' sent to object: 'Object Repository/Journey/Current Access Codes/accessCode'

2021-01-12 12:06:24 - [MESSAGE][PASSED] - Keys '7' sent to object: 'Object Repository/Journey/Current Access Codes/codeUsageCount'

2021-01-12 12:06:24 - [MESSAGE][PASSED] - Object 'Object Repository/Journey/Current Access Codes/getCodeButton' is present

2021-01-12 12:06:25 - [MESSAGE][PASSED] - Object 'Object Repository/Journey/Current Access Codes/getCodeButton' is visible

2021-01-12 12:06:25 - [MESSAGE][PASSED] - Object 'Object Repository/Journey/Current Access Codes/getCodeButton' is clickable

2021-01-12 12:06:25 - [MESSAGE][PASSED] - Object: 'Object Repository/Journey/Current Access Codes/getCodeButton' is clicked on

2021-01-12 12:06:26 - [MESSAGE][PASSED] - Object 'Object Repository/CommonButtons/Close' is present

2021-01-12 12:06:26 - [MESSAGE][PASSED] - Object 'Object Repository/CommonButtons/Close' is visible

2021-01-12 12:06:27 - [MESSAGE][PASSED] - Object 'Object Repository/CommonButtons/Close' is clickable

2021-01-12 12:06:27 - [MESSAGE][PASSED] - Object: 'Object Repository/CommonButtons/Close' is clicked on

2021-01-12 12:06:27 - [MESSAGE][PASSED] - pages.Journey.createAccessCodeInJourney is PASSED

2021-01-12 12:06:27 - [TEST_STEP][PASSED] - pages.Journey.verifyTheCreatedAccessCode(journeyName, accessCode): pages.Journey.verifyTheCreatedAccessCode is PASSED

2021-01-12 12:06:27 - [MESSAGE][PASSED] - Object 'Object Repository/Journey/journrySearchInput' is present

2021-01-12 12:06:28 - [MESSAGE][PASSED] - Object 'Object Repository/Journey/journrySearchInput' is visible

2021-01-12 12:06:28 - [MESSAGE][PASSED] - Object 'Object Repository/Journey/journrySearchInput' is clickable

2021-01-12 12:06:29 - [MESSAGE][PASSED] - Text of object 'Object Repository/Journey/journrySearchInput' is cleared

2021-01-12 12:06:29 - [MESSAGE][PASSED] - Keys 'journeyName995 (duplicate)' sent to object: 'Object Repository/Journey/journrySearchInput'

2021-01-12 12:06:33 - [MESSAGE][PASSED] - Object 'Object Repository/Journey/JourneyName(journeyName)' is present

2021-01-12 12:06:33 - [MESSAGE][PASSED] - Object 'Object Repository/Journey/clickVerifyingJourney(journeyName)' is present

2021-01-12 12:06:33 - [MESSAGE][PASSED] - Object 'Object Repository/Journey/clickVerifyingJourney(journeyName)' is visible

2021-01-12 12:06:33 - [MESSAGE][PASSED] - Object 'Object Repository/Journey/clickVerifyingJourney(journeyName)' is clickable

2021-01-12 12:06:35 - [MESSAGE][PASSED] - Object: 'Object Repository/Journey/clickVerifyingJourney(journeyName)' is clicked on

2021-01-12 12:06:36 - [MESSAGE][PASSED] - Scroll to object 'Object Repository/Journey/Current Access Codes/currentAccessCodeField' successfully

2021-01-12 12:06:36 - [MESSAGE][PASSED] - Object 'Object Repository/Journey/Current Access Codes/currentAccessCodeField' is present

2021-01-12 12:06:36 - [MESSAGE][PASSED] - Object 'Object Repository/Journey/Current Access Codes/verify(code)' is present

2021-01-12 12:06:37 - [MESSAGE][PASSED] - Object 'Object Repository/CommonButtons/Close' is present

2021-01-12 12:06:37 - [MESSAGE][PASSED] - Object 'Object Repository/CommonButtons/Close' is visible

2021-01-12 12:06:37 - [MESSAGE][PASSED] - Object 'Object Repository/CommonButtons/Close' is clickable

2021-01-12 12:06:37 - [MESSAGE][PASSED] - Object: 'Object Repository/CommonButtons/Close' is clicked on

2021-01-12 12:06:37 - [MESSAGE][PASSED] - pages.Journey.verifyTheCreatedAccessCode is PASSED]]></system-out>
         <system-err><![CDATA[]]></system-err>
      </testcase>
      <testcase name="Test Cases/Admin/Journey/createMultipleAccessCodesWithSameName" time="195.627" classname="Test Cases/Admin/Journey/createMultipleAccessCodesWithSameName" status="PASSED">
         <system-out><![CDATA[2021-01-12 12:06:43 - [TEST_CASE][PASSED] - Test Cases/Admin/Journey/createMultipleAccessCodesWithSameName: Test Cases/Admin/Journey/createMultipleAccessCodesWithSameName

2021-01-12 12:06:43 - [TEST_STEP][PASSED] - pages.Journey.clickOnJourneyTab(): pages.Journey.clickOnJourneyTab is PASSED

2021-01-12 12:06:43 - [MESSAGE][PASSED] - Object 'Object Repository/Journey/Journeytab' is present

2021-01-12 12:06:43 - [MESSAGE][PASSED] - Object 'Object Repository/Journey/Journeytab' is visible

2021-01-12 12:06:43 - [MESSAGE][PASSED] - Object 'Object Repository/Journey/Journeytab' is clickable

2021-01-12 12:06:44 - [MESSAGE][PASSED] - Object: 'Object Repository/Journey/Journeytab' is clicked on

2021-01-12 12:06:44 - [MESSAGE][PASSED] - pages.Journey.clickOnJourneyTab is PASSED

2021-01-12 12:06:44 - [TEST_STEP][PASSED] - journeyName = pages.Journey.getRandomJourneyName(): pages.Journey.getRandomJourneyName is PASSED

2021-01-12 12:06:44 - [MESSAGE][PASSED] - Object 'Object Repository/Journey/toGetJourneysCount' is present

2021-01-12 12:06:44 - [MESSAGE][PASSED] - Object 'Object Repository/Journey/toGetJourneysCount' is present

2021-01-12 12:06:45 - [MESSAGE][PASSED] - Text of object 'Object Repository/Journey/toPickrandomJourney(index)' is: 'journey 1'

2021-01-12 12:06:45 - [MESSAGE][PASSED] - pages.Journey.getRandomJourneyName is PASSED

2021-01-12 12:06:45 - [TEST_STEP][PASSED] - accessCode = pages.Journey.getRandomAccessCode(): pages.Journey.getRandomAccessCode is PASSED

2021-01-12 12:06:45 - [MESSAGE][PASSED] - pages.Journey.getRandomAccessCode is PASSED

2021-01-12 12:06:45 - [TEST_STEP][PASSED] - useLimit = pages.Journey.getRandomCount(): pages.Journey.getRandomCount is PASSED

2021-01-12 12:06:45 - [MESSAGE][PASSED] - pages.Journey.getRandomCount is PASSED

2021-01-12 12:06:45 - [TEST_STEP][PASSED] - accessCode = pages.Journey.createAccessCodeInJourney(journeyName, accessCode, useLimit): pages.Journey.createAccessCodeInJourney is PASSED

2021-01-12 12:06:45 - [MESSAGE][PASSED] - Object 'Object Repository/Journey/journrySearchInput' is present

2021-01-12 12:06:45 - [MESSAGE][PASSED] - Object 'Object Repository/Journey/journrySearchInput' is visible

2021-01-12 12:06:45 - [MESSAGE][PASSED] - Object 'Object Repository/Journey/journrySearchInput' is clickable

2021-01-12 12:06:46 - [MESSAGE][PASSED] - Text of object 'Object Repository/Journey/journrySearchInput' is cleared

2021-01-12 12:06:46 - [MESSAGE][PASSED] - Keys 'journey 1' sent to object: 'Object Repository/Journey/journrySearchInput'

2021-01-12 12:06:46 - [MESSAGE][PASSED] - Object 'Object Repository/Journey/JourneyName(journeyName)' is present

2021-01-12 12:06:49 - [MESSAGE][PASSED] - Object 'Object Repository/Journey/clickVerifyingJourney(journeyName)' is present

2021-01-12 12:06:51 - [MESSAGE][PASSED] - Object 'Object Repository/Journey/clickVerifyingJourney(journeyName)' is visible

2021-01-12 12:06:53 - [MESSAGE][PASSED] - Object 'Object Repository/Journey/clickVerifyingJourney(journeyName)' is clickable

2021-01-12 12:06:55 - [MESSAGE][PASSED] - Object: 'Object Repository/Journey/clickVerifyingJourney(journeyName)' is clicked on

2021-01-12 12:06:58 - [MESSAGE][PASSED] - Scroll to object 'Object Repository/Journey/Current Access Codes/currentAccessCodeField' successfully

2021-01-12 12:07:00 - [MESSAGE][PASSED] - Object 'Object Repository/Journey/Current Access Codes/plusButton' is present

2021-01-12 12:07:02 - [MESSAGE][PASSED] - Object 'Object Repository/Journey/Current Access Codes/plusButton' is visible

2021-01-12 12:07:04 - [MESSAGE][PASSED] - Object 'Object Repository/Journey/Current Access Codes/plusButton' is clickable

2021-01-12 12:07:06 - [MESSAGE][PASSED] - Object: 'Object Repository/Journey/Current Access Codes/plusButton' is clicked on

2021-01-12 12:07:08 - [MESSAGE][PASSED] - Object 'Object Repository/Journey/Current Access Codes/accessCode' is present

2021-01-12 12:07:10 - [MESSAGE][PASSED] - Object 'Object Repository/Journey/Current Access Codes/accessCode' is visible

2021-01-12 12:07:12 - [MESSAGE][PASSED] - Object 'Object Repository/Journey/Current Access Codes/accessCode' is clickable

2021-01-12 12:07:14 - [MESSAGE][PASSED] - Text of object 'Object Repository/Journey/Current Access Codes/accessCode' is cleared

2021-01-12 12:07:16 - [MESSAGE][PASSED] - Keys 'access16' sent to object: 'Object Repository/Journey/Current Access Codes/accessCode'

2021-01-12 12:07:18 - [MESSAGE][PASSED] - Keys '0' sent to object: 'Object Repository/Journey/Current Access Codes/codeUsageCount'

2021-01-12 12:07:20 - [MESSAGE][PASSED] - Object 'Object Repository/Journey/Current Access Codes/getCodeButton' is present

2021-01-12 12:07:22 - [MESSAGE][PASSED] - Object 'Object Repository/Journey/Current Access Codes/getCodeButton' is visible

2021-01-12 12:07:24 - [MESSAGE][PASSED] - Object 'Object Repository/Journey/Current Access Codes/getCodeButton' is clickable

2021-01-12 12:07:26 - [MESSAGE][PASSED] - Object: 'Object Repository/Journey/Current Access Codes/getCodeButton' is clicked on

2021-01-12 12:07:28 - [MESSAGE][PASSED] - Object 'Object Repository/CommonButtons/Close' is present

2021-01-12 12:07:30 - [MESSAGE][PASSED] - Object 'Object Repository/CommonButtons/Close' is visible

2021-01-12 12:07:32 - [MESSAGE][PASSED] - Object 'Object Repository/CommonButtons/Close' is clickable

2021-01-12 12:07:34 - [MESSAGE][PASSED] - Object: 'Object Repository/CommonButtons/Close' is clicked on

2021-01-12 12:07:34 - [MESSAGE][PASSED] - pages.Journey.createAccessCodeInJourney is PASSED

2021-01-12 12:07:34 - [TEST_STEP][PASSED] - pages.Journey.verifyTheCreatedAccessCode(journeyName, accessCode): pages.Journey.verifyTheCreatedAccessCode is PASSED

2021-01-12 12:07:36 - [MESSAGE][PASSED] - Object 'Object Repository/Journey/journrySearchInput' is present

2021-01-12 12:07:38 - [MESSAGE][PASSED] - Object 'Object Repository/Journey/journrySearchInput' is visible

2021-01-12 12:07:40 - [MESSAGE][PASSED] - Object 'Object Repository/Journey/journrySearchInput' is clickable

2021-01-12 12:07:42 - [MESSAGE][PASSED] - Text of object 'Object Repository/Journey/journrySearchInput' is cleared

2021-01-12 12:07:44 - [MESSAGE][PASSED] - Keys 'journey 1' sent to object: 'Object Repository/Journey/journrySearchInput'

2021-01-12 12:07:47 - [MESSAGE][PASSED] - Object 'Object Repository/Journey/JourneyName(journeyName)' is present

2021-01-12 12:07:49 - [MESSAGE][PASSED] - Object 'Object Repository/Journey/clickVerifyingJourney(journeyName)' is present

2021-01-12 12:07:51 - [MESSAGE][PASSED] - Object 'Object Repository/Journey/clickVerifyingJourney(journeyName)' is visible

2021-01-12 12:07:53 - [MESSAGE][PASSED] - Object 'Object Repository/Journey/clickVerifyingJourney(journeyName)' is clickable

2021-01-12 12:07:55 - [MESSAGE][PASSED] - Object: 'Object Repository/Journey/clickVerifyingJourney(journeyName)' is clicked on

2021-01-12 12:07:57 - [MESSAGE][PASSED] - Scroll to object 'Object Repository/Journey/Current Access Codes/currentAccessCodeField' successfully

2021-01-12 12:07:59 - [MESSAGE][PASSED] - Object 'Object Repository/Journey/Current Access Codes/currentAccessCodeField' is present

2021-01-12 12:08:01 - [MESSAGE][PASSED] - Object 'Object Repository/Journey/Current Access Codes/verify(code)' is present

2021-01-12 12:08:03 - [MESSAGE][PASSED] - Object 'Object Repository/CommonButtons/Close' is present

2021-01-12 12:08:05 - [MESSAGE][PASSED] - Object 'Object Repository/CommonButtons/Close' is visible

2021-01-12 12:08:07 - [MESSAGE][PASSED] - Object 'Object Repository/CommonButtons/Close' is clickable

2021-01-12 12:08:09 - [MESSAGE][PASSED] - Object: 'Object Repository/CommonButtons/Close' is clicked on

2021-01-12 12:08:09 - [MESSAGE][PASSED] - pages.Journey.verifyTheCreatedAccessCode is PASSED

2021-01-12 12:08:09 - [TEST_STEP][PASSED] - journeyName1 = pages.Journey.getRandomJourneyName(): pages.Journey.getRandomJourneyName is PASSED

2021-01-12 12:08:11 - [MESSAGE][PASSED] - Object 'Object Repository/Journey/toGetJourneysCount' is present

2021-01-12 12:08:13 - [MESSAGE][PASSED] - Object 'Object Repository/Journey/toGetJourneysCount' is present

2021-01-12 12:08:17 - [MESSAGE][PASSED] - Text of object 'Object Repository/Journey/toPickrandomJourney(index)' is: 'journey 1'

2021-01-12 12:08:17 - [MESSAGE][PASSED] - pages.Journey.getRandomJourneyName is PASSED

2021-01-12 12:08:17 - [TEST_STEP][PASSED] - accessCode = pages.Journey.createAccessCodeInJourney(journeyName1, accessCode, useLimit): pages.Journey.createAccessCodeInJourney is PASSED

2021-01-12 12:08:19 - [MESSAGE][PASSED] - Object 'Object Repository/Journey/journrySearchInput' is present

2021-01-12 12:08:21 - [MESSAGE][PASSED] - Object 'Object Repository/Journey/journrySearchInput' is visible

2021-01-12 12:08:23 - [MESSAGE][PASSED] - Object 'Object Repository/Journey/journrySearchInput' is clickable

2021-01-12 12:08:25 - [MESSAGE][PASSED] - Text of object 'Object Repository/Journey/journrySearchInput' is cleared

2021-01-12 12:08:27 - [MESSAGE][PASSED] - Keys 'journey 1' sent to object: 'Object Repository/Journey/journrySearchInput'

2021-01-12 12:08:31 - [MESSAGE][PASSED] - Object 'Object Repository/Journey/JourneyName(journeyName)' is present

2021-01-12 12:08:33 - [MESSAGE][PASSED] - Object 'Object Repository/Journey/clickVerifyingJourney(journeyName)' is present

2021-01-12 12:08:35 - [MESSAGE][PASSED] - Object 'Object Repository/Journey/clickVerifyingJourney(journeyName)' is visible

2021-01-12 12:08:37 - [MESSAGE][PASSED] - Object 'Object Repository/Journey/clickVerifyingJourney(journeyName)' is clickable

2021-01-12 12:08:39 - [MESSAGE][PASSED] - Object: 'Object Repository/Journey/clickVerifyingJourney(journeyName)' is clicked on

2021-01-12 12:08:41 - [MESSAGE][PASSED] - Scroll to object 'Object Repository/Journey/Current Access Codes/currentAccessCodeField' successfully

2021-01-12 12:08:43 - [MESSAGE][PASSED] - Object 'Object Repository/Journey/Current Access Codes/plusButton' is present

2021-01-12 12:08:45 - [MESSAGE][PASSED] - Object 'Object Repository/Journey/Current Access Codes/plusButton' is visible

2021-01-12 12:08:47 - [MESSAGE][PASSED] - Object 'Object Repository/Journey/Current Access Codes/plusButton' is clickable

2021-01-12 12:08:49 - [MESSAGE][PASSED] - Object: 'Object Repository/Journey/Current Access Codes/plusButton' is clicked on

2021-01-12 12:08:51 - [MESSAGE][PASSED] - Object 'Object Repository/Journey/Current Access Codes/accessCode' is present

2021-01-12 12:08:53 - [MESSAGE][PASSED] - Object 'Object Repository/Journey/Current Access Codes/accessCode' is visible

2021-01-12 12:08:55 - [MESSAGE][PASSED] - Object 'Object Repository/Journey/Current Access Codes/accessCode' is clickable

2021-01-12 12:08:57 - [MESSAGE][PASSED] - Text of object 'Object Repository/Journey/Current Access Codes/accessCode' is cleared

2021-01-12 12:08:59 - [MESSAGE][PASSED] - Keys 'access16' sent to object: 'Object Repository/Journey/Current Access Codes/accessCode'

2021-01-12 12:09:01 - [MESSAGE][PASSED] - Keys '0' sent to object: 'Object Repository/Journey/Current Access Codes/codeUsageCount'

2021-01-12 12:09:03 - [MESSAGE][PASSED] - Object 'Object Repository/Journey/Current Access Codes/getCodeButton' is present

2021-01-12 12:09:05 - [MESSAGE][PASSED] - Object 'Object Repository/Journey/Current Access Codes/getCodeButton' is visible

2021-01-12 12:09:07 - [MESSAGE][PASSED] - Object 'Object Repository/Journey/Current Access Codes/getCodeButton' is clickable

2021-01-12 12:09:09 - [MESSAGE][PASSED] - Object: 'Object Repository/Journey/Current Access Codes/getCodeButton' is clicked on

2021-01-12 12:09:11 - [MESSAGE][PASSED] - Object 'Object Repository/CommonButtons/Close' is present

2021-01-12 12:09:13 - [MESSAGE][PASSED] - Object 'Object Repository/CommonButtons/Close' is visible

2021-01-12 12:09:15 - [MESSAGE][PASSED] - Object 'Object Repository/CommonButtons/Close' is clickable

2021-01-12 12:09:17 - [MESSAGE][PASSED] - Object: 'Object Repository/CommonButtons/Close' is clicked on

2021-01-12 12:09:17 - [MESSAGE][PASSED] - pages.Journey.createAccessCodeInJourney is PASSED

2021-01-12 12:09:17 - [TEST_STEP][PASSED] - pages.Journey.verifyTheCreatedAccessCode(journeyName1, accessCode): pages.Journey.verifyTheCreatedAccessCode is PASSED

2021-01-12 12:09:19 - [MESSAGE][PASSED] - Object 'Object Repository/Journey/journrySearchInput' is present

2021-01-12 12:09:21 - [MESSAGE][PASSED] - Object 'Object Repository/Journey/journrySearchInput' is visible

2021-01-12 12:09:23 - [MESSAGE][PASSED] - Object 'Object Repository/Journey/journrySearchInput' is clickable

2021-01-12 12:09:25 - [MESSAGE][PASSED] - Text of object 'Object Repository/Journey/journrySearchInput' is cleared

2021-01-12 12:09:27 - [MESSAGE][PASSED] - Keys 'journey 1' sent to object: 'Object Repository/Journey/journrySearchInput'

2021-01-12 12:09:29 - [MESSAGE][PASSED] - Object 'Object Repository/Journey/JourneyName(journeyName)' is present

2021-01-12 12:09:31 - [MESSAGE][PASSED] - Object 'Object Repository/Journey/clickVerifyingJourney(journeyName)' is present

2021-01-12 12:09:33 - [MESSAGE][PASSED] - Object 'Object Repository/Journey/clickVerifyingJourney(journeyName)' is visible

2021-01-12 12:09:35 - [MESSAGE][PASSED] - Object 'Object Repository/Journey/clickVerifyingJourney(journeyName)' is clickable

2021-01-12 12:09:37 - [MESSAGE][PASSED] - Object: 'Object Repository/Journey/clickVerifyingJourney(journeyName)' is clicked on

2021-01-12 12:09:41 - [MESSAGE][PASSED] - Scroll to object 'Object Repository/Journey/Current Access Codes/currentAccessCodeField' successfully

2021-01-12 12:09:43 - [MESSAGE][PASSED] - Object 'Object Repository/Journey/Current Access Codes/currentAccessCodeField' is present

2021-01-12 12:09:45 - [MESSAGE][PASSED] - Object 'Object Repository/Journey/Current Access Codes/verify(code)' is present

2021-01-12 12:09:47 - [MESSAGE][PASSED] - Object 'Object Repository/CommonButtons/Close' is present

2021-01-12 12:09:49 - [MESSAGE][PASSED] - Object 'Object Repository/CommonButtons/Close' is visible

2021-01-12 12:09:51 - [MESSAGE][PASSED] - Object 'Object Repository/CommonButtons/Close' is clickable

2021-01-12 12:09:53 - [MESSAGE][PASSED] - Object: 'Object Repository/CommonButtons/Close' is clicked on

2021-01-12 12:09:53 - [MESSAGE][PASSED] - pages.Journey.verifyTheCreatedAccessCode is PASSED]]></system-out>
         <system-err><![CDATA[]]></system-err>
      </testcase>
      <system-out><![CDATA[2021-01-12 12:03:24 - [TEST_SUITE][INCOMPLETE] - Journey: null]]></system-out>
      <system-err><![CDATA[2021-01-12 12:03:24 - [TEST_SUITE][INCOMPLETE] - Journey: null]]></system-err>
   </testsuite>
</testsuites>
