<?xml version="1.0" encoding="UTF-8"?>
<testsuites name="Brand" time="29.765" tests="1" failures="0" errors="0">
   <testsuite name="Brand" tests="1" failures="0" errors="0" time="29.765" timestamp="2021-01-12 03:37:01" hostname="Lenovo - DESKTOP-H3LAPEO" id="Test Suites/Brand">
      <properties>
         <property name="deviceName" value=""/>
         <property name="devicePlatform" value=""/>
         <property name="logFolder" value="E:\\Modist Project\\ModistProject\\Reports\\20210112_032820\\Brand\\20210112_032825"/>
         <property name="logFiles" value="E:\\Modist Project\\ModistProject\\Reports\\20210112_032820\\Brand\\20210112_032825\\execution0.log"/>
         <property name="attachments" value=""/>
         <property name="hostName" value="Lenovo - DESKTOP-H3LAPEO"/>
         <property name="os" value="Windows 10 64bit"/>
         <property name="katalonVersion" value="7.7.0.205"/>
         <property name="browser" value="Chrome 87.0.4280.141"/>
         <property name="hostAddress" value="192.168.43.128"/>
         <property name="sessionId" value="964c67f09db1166e5dcf4d714a5a0fc9"/>
         <property name="seleniumVersion" value="3.141.59"/>
         <property name="proxyInformation" value="ProxyInformation { proxyOption=NO_PROXY, proxyServerType=HTTP, username=, password=********, proxyServerAddress=, proxyServerPort=0, executionList=&quot;&quot;, isApplyToDesiredCapabilities=true }"/>
         <property name="platform" value="Windows 10"/>
      </properties>
      <testcase name="Test Cases/Admin/Brand/createBrandAndVerifyIsItSuccessfullyCreated" time="11.114" classname="Test Cases/Admin/Brand/createBrandAndVerifyIsItSuccessfullyCreated" status="PASSED">
         <system-out><![CDATA[2021-01-12 03:37:19 - [TEST_CASE][PASSED] - Test Cases/Admin/Brand/createBrandAndVerifyIsItSuccessfullyCreated: Test Cases/Admin/Brand/createBrandAndVerifyIsItSuccessfullyCreated

2021-01-12 03:37:19 - [TEST_STEP][PASSED] - pages.Brand.clickBrand(): pages.Brand.clickBrand is PASSED

2021-01-12 03:37:21 - [MESSAGE][PASSED] - Object: 'Object Repository/Brand/clickOnBrandTab' is clicked on

2021-01-12 03:37:21 - [MESSAGE][PASSED] - pages.Brand.clickBrand is PASSED

2021-01-12 03:37:21 - [TEST_STEP][PASSED] - brandName = pages.Brand.addBrand(): pages.Brand.addBrand is PASSED

2021-01-12 03:37:21 - [MESSAGE][PASSED] - Object 'Object Repository/Brand/AddBrandbutton' is present

2021-01-12 03:37:22 - [MESSAGE][PASSED] - Object 'Object Repository/Brand/AddBrandbutton' is visible

2021-01-12 03:37:22 - [MESSAGE][PASSED] - Object 'Object Repository/Brand/AddBrandbutton' is clickable

2021-01-12 03:37:22 - [MESSAGE][PASSED] - Object: 'Object Repository/Brand/AddBrandbutton' is clicked on

2021-01-12 03:37:23 - [MESSAGE][PASSED] - Object 'Object Repository/Brand/AddBrandPopup/name' is present

2021-01-12 03:37:23 - [MESSAGE][PASSED] - Object 'Object Repository/Brand/AddBrandPopup/name' is visible

2021-01-12 03:37:23 - [MESSAGE][PASSED] - Object 'Object Repository/Brand/AddBrandPopup/name' is clickable

2021-01-12 03:37:24 - [MESSAGE][PASSED] - Text of object 'Object Repository/Brand/AddBrandPopup/name' is cleared

2021-01-12 03:37:25 - [MESSAGE][PASSED] - Keys 'Brand241' sent to object: 'Object Repository/Brand/AddBrandPopup/name'

2021-01-12 03:37:25 - [MESSAGE][PASSED] - Object 'Object Repository/Brand/AddBrandPopup/AddBrandButtonInAddBrandPopup' is present

2021-01-12 03:37:25 - [MESSAGE][PASSED] - Object 'Object Repository/Brand/AddBrandPopup/AddBrandButtonInAddBrandPopup' is visible

2021-01-12 03:37:25 - [MESSAGE][PASSED] - Object 'Object Repository/Brand/AddBrandPopup/AddBrandButtonInAddBrandPopup' is clickable

2021-01-12 03:37:26 - [MESSAGE][PASSED] - Object: 'Object Repository/Brand/AddBrandPopup/AddBrandButtonInAddBrandPopup' is clicked on

2021-01-12 03:37:26 - [MESSAGE][PASSED] - pages.Brand.addBrand is PASSED

2021-01-12 03:37:26 - [TEST_STEP][PASSED] - pages.Brand.verifyTheBrandCreated(brandName): pages.Brand.verifyTheBrandCreated is PASSED

2021-01-12 03:37:27 - [MESSAGE][PASSED] - Object 'Object Repository/Brand/search' is present

2021-01-12 03:37:27 - [MESSAGE][PASSED] - Object 'Object Repository/Brand/search' is visible

2021-01-12 03:37:27 - [MESSAGE][PASSED] - Object 'Object Repository/Brand/search' is clickable

2021-01-12 03:37:28 - [MESSAGE][PASSED] - Text of object 'Object Repository/Brand/search' is cleared

2021-01-12 03:37:28 - [MESSAGE][PASSED] - Keys 'Brand241' sent to object: 'Object Repository/Brand/search'

2021-01-12 03:37:30 - [MESSAGE][PASSED] - Object 'Object Repository/Brand/createdBrand(brandName)' is present

2021-01-12 03:37:30 - [MESSAGE][PASSED] - pages.Brand.verifyTheBrandCreated is PASSED]]></system-out>
         <system-err><![CDATA[]]></system-err>
      </testcase>
      <system-out><![CDATA[2021-01-12 03:37:01 - [TEST_SUITE][PASSED] - Brand: Test Cases/Admin/Brand/createBrandAndVerifyIsItSuccessfullyCreated]]></system-out>
      <system-err><![CDATA[]]></system-err>
   </testsuite>
</testsuites>
