<?xml version="1.0" encoding="UTF-8"?>
<testsuites name="Journey" time="288.718" tests="5" failures="0" errors="0">
   <testsuite name="Journey" tests="5" failures="0" errors="0" time="288.718" timestamp="2021-01-11 23:30:14" hostname="Lenovo - DESKTOP-H3LAPEO" id="Test Suites/Journey">
      <properties>
         <property name="deviceName" value=""/>
         <property name="devicePlatform" value=""/>
         <property name="logFolder" value="E:\\Modist Project\\ModistProject\\Reports\\20210111_233011\\Journey\\20210111_233011"/>
         <property name="logFiles" value="E:\\Modist Project\\ModistProject\\Reports\\20210111_233011\\Journey\\20210111_233011\\execution0.log"/>
         <property name="attachments" value=""/>
         <property name="hostName" value="Lenovo - DESKTOP-H3LAPEO"/>
         <property name="os" value="Windows 10 64bit"/>
         <property name="katalonVersion" value="7.7.0.205"/>
         <property name="browser" value="Chrome 87.0.4280.141"/>
         <property name="hostAddress" value="192.168.43.128"/>
         <property name="sessionId" value="ae00792729d8c76699a39b244d665238"/>
         <property name="seleniumVersion" value="3.141.59"/>
         <property name="proxyInformation" value="ProxyInformation { proxyOption=NO_PROXY, proxyServerType=HTTP, username=, password=********, proxyServerAddress=, proxyServerPort=0, executionList=&quot;&quot;, isApplyToDesiredCapabilities=true }"/>
         <property name="platform" value="Windows 10"/>
      </properties>
      <testcase name="Test Cases/Admin/Journey/addJournyAndVerifyItisAdded" time="40.133" classname="Test Cases/Admin/Journey/addJournyAndVerifyItisAdded" status="PASSED">
         <system-out><![CDATA[2021-01-11 23:30:14 - [TEST_CASE][PASSED] - Test Cases/Admin/Journey/addJournyAndVerifyItisAdded: Test Cases/Admin/Journey/addJournyAndVerifyItisAdded

2021-01-11 23:30:14 - [TEST_STEP][PASSED] - Start listener action : OpenWebSite: Object: 'Object Repository/Login Credentials/EnterButton' is clicked on

2021-01-11 23:30:15 - [TEST_STEP][PASSED] - openBrowser(""): Browser is opened with url: ''

2021-01-11 23:30:15 - [MESSAGE][INFO] - Starting 'Chrome' driver

2021-01-11 23:30:15 - [MESSAGE][INFO] - Action delay is set to 0 milliseconds

2021-01-11 23:30:20 - [MESSAGE][PASSED] - Browser is opened with url: ''

2021-01-11 23:30:20 - [TEST_STEP][PASSED] - maximizeWindow(): Current window maximized

2021-01-11 23:30:22 - [MESSAGE][PASSED] - Current window maximized

2021-01-11 23:30:22 - [TEST_STEP][PASSED] - navigateToUrl(Url): Navigate to 'https://dev-admin.modist.co/' successfully

2021-01-11 23:30:33 - [MESSAGE][PASSED] - Navigate to 'https://dev-admin.modist.co/' successfully

2021-01-11 23:30:33 - [TEST_STEP][PASSED] - loginPage.login(Email, Password): Object: 'Object Repository/Login Credentials/EnterButton' is clicked on

2021-01-11 23:30:34 - [MESSAGE][PASSED] - Object 'Object Repository/Login Credentials/Email' is present

2021-01-11 23:30:34 - [MESSAGE][PASSED] - Object 'Object Repository/Login Credentials/Email' is visible

2021-01-11 23:30:35 - [MESSAGE][PASSED] - Object 'Object Repository/Login Credentials/Email' is clickable

2021-01-11 23:30:35 - [MESSAGE][PASSED] - Text of object 'Object Repository/Login Credentials/Email' is cleared

2021-01-11 23:30:35 - [MESSAGE][PASSED] - Keys 'naresh.k@qualitlabs.com' sent to object: 'Object Repository/Login Credentials/Email'

2021-01-11 23:30:36 - [MESSAGE][PASSED] - Object 'Object Repository/Login Credentials/Password' is present

2021-01-11 23:30:36 - [MESSAGE][PASSED] - Object 'Object Repository/Login Credentials/Password' is visible

2021-01-11 23:30:36 - [MESSAGE][PASSED] - Object 'Object Repository/Login Credentials/Password' is clickable

2021-01-11 23:30:36 - [MESSAGE][PASSED] - Text of object 'Object Repository/Login Credentials/Password' is cleared

2021-01-11 23:30:37 - [MESSAGE][PASSED] - Keys 'Qualitlabs1?' sent to object: 'Object Repository/Login Credentials/Password'

2021-01-11 23:30:37 - [MESSAGE][PASSED] - Object 'Object Repository/Login Credentials/EnterButton' is present

2021-01-11 23:30:38 - [MESSAGE][PASSED] - Object 'Object Repository/Login Credentials/EnterButton' is visible

2021-01-11 23:30:38 - [MESSAGE][PASSED] - Object 'Object Repository/Login Credentials/EnterButton' is clickable

2021-01-11 23:30:38 - [MESSAGE][PASSED] - Object: 'Object Repository/Login Credentials/EnterButton' is clicked on

2021-01-11 23:30:38 - [TEST_STEP][PASSED] - pages.Journey.clickOnJourneyTab(): pages.Journey.clickOnJourneyTab is PASSED

2021-01-11 23:30:40 - [MESSAGE][PASSED] - Object 'Object Repository/Journey/Journeytab' is present

2021-01-11 23:30:41 - [MESSAGE][PASSED] - Object 'Object Repository/Journey/Journeytab' is visible

2021-01-11 23:30:41 - [MESSAGE][PASSED] - Object 'Object Repository/Journey/Journeytab' is clickable

2021-01-11 23:30:42 - [MESSAGE][PASSED] - Object: 'Object Repository/Journey/Journeytab' is clicked on

2021-01-11 23:30:42 - [MESSAGE][PASSED] - pages.Journey.clickOnJourneyTab is PASSED

2021-01-11 23:30:42 - [TEST_STEP][PASSED] - journeyName = pages.Journey.addJourney(): pages.Journey.addJourney is PASSED

2021-01-11 23:30:42 - [MESSAGE][PASSED] - Object 'Object Repository/Journey/Add Journey/AddJourneyButton' is present

2021-01-11 23:30:43 - [MESSAGE][PASSED] - Object 'Object Repository/Journey/Add Journey/AddJourneyButton' is visible

2021-01-11 23:30:43 - [MESSAGE][PASSED] - Object 'Object Repository/Journey/Add Journey/AddJourneyButton' is clickable

2021-01-11 23:30:43 - [MESSAGE][PASSED] - Object: 'Object Repository/Journey/Add Journey/AddJourneyButton' is clicked on

2021-01-11 23:30:44 - [MESSAGE][PASSED] - Object 'Object Repository/Journey/Add Journey/journeyName' is present

2021-01-11 23:30:44 - [MESSAGE][PASSED] - Object 'Object Repository/Journey/Add Journey/journeyName' is visible

2021-01-11 23:30:44 - [MESSAGE][PASSED] - Object 'Object Repository/Journey/Add Journey/journeyName' is clickable

2021-01-11 23:30:45 - [MESSAGE][PASSED] - Text of object 'Object Repository/Journey/Add Journey/journeyName' is cleared

2021-01-11 23:30:45 - [MESSAGE][PASSED] - Keys 'journeyName555' sent to object: 'Object Repository/Journey/Add Journey/journeyName'

2021-01-11 23:30:46 - [MESSAGE][PASSED] - Object 'Object Repository/Journey/Add Journey/addJourneyInAddJourneyPopUp' is present

2021-01-11 23:30:46 - [MESSAGE][PASSED] - Object 'Object Repository/Journey/Add Journey/addJourneyInAddJourneyPopUp' is visible

2021-01-11 23:30:46 - [MESSAGE][PASSED] - Object 'Object Repository/Journey/Add Journey/addJourneyInAddJourneyPopUp' is clickable

2021-01-11 23:30:47 - [MESSAGE][PASSED] - Object: 'Object Repository/Journey/Add Journey/addJourneyInAddJourneyPopUp' is clicked on

2021-01-11 23:30:47 - [MESSAGE][PASSED] - pages.Journey.addJourney is PASSED

2021-01-11 23:30:47 - [TEST_STEP][PASSED] - pages.Journey.verifyJourneyAdded(journeyName): pages.Journey.verifyJourneyAdded is PASSED

2021-01-11 23:30:47 - [MESSAGE][PASSED] - Object 'Object Repository/Journey/journrySearchInput' is present

2021-01-11 23:30:47 - [MESSAGE][PASSED] - Object 'Object Repository/Journey/journrySearchInput' is visible

2021-01-11 23:30:48 - [MESSAGE][PASSED] - Object 'Object Repository/Journey/journrySearchInput' is clickable

2021-01-11 23:30:48 - [MESSAGE][PASSED] - Text of object 'Object Repository/Journey/journrySearchInput' is cleared

2021-01-11 23:30:49 - [MESSAGE][PASSED] - Keys 'journeyName555' sent to object: 'Object Repository/Journey/journrySearchInput'

2021-01-11 23:30:54 - [MESSAGE][PASSED] - Object 'Object Repository/Journey/JourneyName(journeyName)' is present

2021-01-11 23:30:55 - [MESSAGE][PASSED] - Object 'Object Repository/Journey/JourneyName(journeyName)' is present

2021-01-11 23:30:55 - [MESSAGE][PASSED] - pages.Journey.verifyJourneyAdded is PASSED]]></system-out>
         <system-err><![CDATA[]]></system-err>
      </testcase>
      <testcase name="Test Cases/Admin/Journey/deleteJourneyAndVerify" time="70.158" classname="Test Cases/Admin/Journey/deleteJourneyAndVerify" status="PASSED">
         <system-out><![CDATA[2021-01-11 23:30:55 - [TEST_CASE][PASSED] - Test Cases/Admin/Journey/deleteJourneyAndVerify: Test Cases/Admin/Journey/deleteJourneyAndVerify

2021-01-11 23:30:55 - [TEST_STEP][PASSED] - Start listener action : OpenWebSite: Object: 'Object Repository/Login Credentials/EnterButton' is clicked on

2021-01-11 23:30:55 - [TEST_STEP][PASSED] - openBrowser(""): Browser is opened with url: ''

2021-01-11 23:30:55 - [MESSAGE][WARNING] - A browser is already opened. Closing browser and opening a new one

2021-01-11 23:30:55 - [MESSAGE][INFO] - Starting 'Chrome' driver

2021-01-11 23:30:55 - [MESSAGE][INFO] - Action delay is set to 0 milliseconds

2021-01-11 23:30:59 - [MESSAGE][PASSED] - Browser is opened with url: ''

2021-01-11 23:30:59 - [TEST_STEP][PASSED] - maximizeWindow(): Current window maximized

2021-01-11 23:31:01 - [MESSAGE][PASSED] - Current window maximized

2021-01-11 23:31:01 - [TEST_STEP][PASSED] - navigateToUrl(Url): Navigate to 'https://dev-admin.modist.co/' successfully

2021-01-11 23:31:07 - [MESSAGE][PASSED] - Navigate to 'https://dev-admin.modist.co/' successfully

2021-01-11 23:31:07 - [TEST_STEP][PASSED] - loginPage.login(Email, Password): Object: 'Object Repository/Login Credentials/EnterButton' is clicked on

2021-01-11 23:31:08 - [MESSAGE][PASSED] - Object 'Object Repository/Login Credentials/Email' is present

2021-01-11 23:31:08 - [MESSAGE][PASSED] - Object 'Object Repository/Login Credentials/Email' is visible

2021-01-11 23:31:09 - [MESSAGE][PASSED] - Object 'Object Repository/Login Credentials/Email' is clickable

2021-01-11 23:31:09 - [MESSAGE][PASSED] - Text of object 'Object Repository/Login Credentials/Email' is cleared

2021-01-11 23:31:10 - [MESSAGE][PASSED] - Keys 'naresh.k@qualitlabs.com' sent to object: 'Object Repository/Login Credentials/Email'

2021-01-11 23:31:10 - [MESSAGE][PASSED] - Object 'Object Repository/Login Credentials/Password' is present

2021-01-11 23:31:10 - [MESSAGE][PASSED] - Object 'Object Repository/Login Credentials/Password' is visible

2021-01-11 23:31:11 - [MESSAGE][PASSED] - Object 'Object Repository/Login Credentials/Password' is clickable

2021-01-11 23:31:11 - [MESSAGE][PASSED] - Text of object 'Object Repository/Login Credentials/Password' is cleared

2021-01-11 23:31:11 - [MESSAGE][PASSED] - Keys 'Qualitlabs1?' sent to object: 'Object Repository/Login Credentials/Password'

2021-01-11 23:31:12 - [MESSAGE][PASSED] - Object 'Object Repository/Login Credentials/EnterButton' is present

2021-01-11 23:31:12 - [MESSAGE][PASSED] - Object 'Object Repository/Login Credentials/EnterButton' is visible

2021-01-11 23:31:12 - [MESSAGE][PASSED] - Object 'Object Repository/Login Credentials/EnterButton' is clickable

2021-01-11 23:31:13 - [MESSAGE][PASSED] - Object: 'Object Repository/Login Credentials/EnterButton' is clicked on

2021-01-11 23:31:13 - [TEST_STEP][PASSED] - pages.Journey.clickOnJourneyTab(): pages.Journey.clickOnJourneyTab is PASSED

2021-01-11 23:31:15 - [MESSAGE][PASSED] - Object 'Object Repository/Journey/Journeytab' is present

2021-01-11 23:31:16 - [MESSAGE][PASSED] - Object 'Object Repository/Journey/Journeytab' is visible

2021-01-11 23:31:16 - [MESSAGE][PASSED] - Object 'Object Repository/Journey/Journeytab' is clickable

2021-01-11 23:31:17 - [MESSAGE][PASSED] - Object: 'Object Repository/Journey/Journeytab' is clicked on

2021-01-11 23:31:17 - [MESSAGE][PASSED] - pages.Journey.clickOnJourneyTab is PASSED

2021-01-11 23:31:17 - [TEST_STEP][PASSED] - journeyName = pages.Journey.addJourney(): pages.Journey.addJourney is PASSED

2021-01-11 23:31:17 - [MESSAGE][PASSED] - Object 'Object Repository/Journey/Add Journey/AddJourneyButton' is present

2021-01-11 23:31:17 - [MESSAGE][PASSED] - Object 'Object Repository/Journey/Add Journey/AddJourneyButton' is visible

2021-01-11 23:31:18 - [MESSAGE][PASSED] - Object 'Object Repository/Journey/Add Journey/AddJourneyButton' is clickable

2021-01-11 23:31:18 - [MESSAGE][PASSED] - Object: 'Object Repository/Journey/Add Journey/AddJourneyButton' is clicked on

2021-01-11 23:31:19 - [MESSAGE][PASSED] - Object 'Object Repository/Journey/Add Journey/journeyName' is present

2021-01-11 23:31:19 - [MESSAGE][PASSED] - Object 'Object Repository/Journey/Add Journey/journeyName' is visible

2021-01-11 23:31:19 - [MESSAGE][PASSED] - Object 'Object Repository/Journey/Add Journey/journeyName' is clickable

2021-01-11 23:31:20 - [MESSAGE][PASSED] - Text of object 'Object Repository/Journey/Add Journey/journeyName' is cleared

2021-01-11 23:31:20 - [MESSAGE][PASSED] - Keys 'journeyName370' sent to object: 'Object Repository/Journey/Add Journey/journeyName'

2021-01-11 23:31:20 - [MESSAGE][PASSED] - Object 'Object Repository/Journey/Add Journey/addJourneyInAddJourneyPopUp' is present

2021-01-11 23:31:21 - [MESSAGE][PASSED] - Object 'Object Repository/Journey/Add Journey/addJourneyInAddJourneyPopUp' is visible

2021-01-11 23:31:21 - [MESSAGE][PASSED] - Object 'Object Repository/Journey/Add Journey/addJourneyInAddJourneyPopUp' is clickable

2021-01-11 23:31:21 - [MESSAGE][PASSED] - Object: 'Object Repository/Journey/Add Journey/addJourneyInAddJourneyPopUp' is clicked on

2021-01-11 23:31:21 - [MESSAGE][PASSED] - pages.Journey.addJourney is PASSED

2021-01-11 23:31:21 - [TEST_STEP][PASSED] - pages.Journey.deleteJourney(journeyName): pages.Journey.deleteJourney is PASSED

2021-01-11 23:31:22 - [MESSAGE][PASSED] - Object 'Object Repository/Journey/journrySearchInput' is present

2021-01-11 23:31:22 - [MESSAGE][PASSED] - Object 'Object Repository/Journey/journrySearchInput' is visible

2021-01-11 23:31:22 - [MESSAGE][PASSED] - Object 'Object Repository/Journey/journrySearchInput' is clickable

2021-01-11 23:31:23 - [MESSAGE][PASSED] - Text of object 'Object Repository/Journey/journrySearchInput' is cleared

2021-01-11 23:31:23 - [MESSAGE][PASSED] - Keys 'journeyName370' sent to object: 'Object Repository/Journey/journrySearchInput'

2021-01-11 23:31:28 - [MESSAGE][PASSED] - Object 'Object Repository/Journey/JourneyName(journeyName)' is present

2021-01-11 23:31:28 - [MESSAGE][PASSED] - Object 'Object Repository/Journey/journeyNameCheckBox(name)' is present

2021-01-11 23:31:28 - [MESSAGE][PASSED] - Object 'Object Repository/Journey/journeyNameCheckBox(name)' is visible

2021-01-11 23:31:28 - [MESSAGE][PASSED] - Object 'Object Repository/Journey/journeyNameCheckBox(name)' is clickable

2021-01-11 23:31:29 - [MESSAGE][PASSED] - Object: 'Object Repository/Journey/journeyNameCheckBox(name)' is clicked on

2021-01-11 23:31:29 - [MESSAGE][PASSED] - Object 'Object Repository/Journey/journeyNameDeleteButton' is present

2021-01-11 23:31:30 - [MESSAGE][PASSED] - Object 'Object Repository/Journey/journeyNameDeleteButton' is visible

2021-01-11 23:31:30 - [MESSAGE][PASSED] - Object 'Object Repository/Journey/journeyNameDeleteButton' is clickable

2021-01-11 23:31:30 - [MESSAGE][PASSED] - Object: 'Object Repository/Journey/journeyNameDeleteButton' is clicked on

2021-01-11 23:31:30 - [MESSAGE][PASSED] - Alert accepted

2021-01-11 23:31:30 - [MESSAGE][PASSED] - pages.Journey.deleteJourney is PASSED

2021-01-11 23:31:30 - [TEST_STEP][PASSED] - pages.Journey.verifyJourneyDeleted(journeyName): pages.Journey.verifyJourneyDeleted is PASSED

2021-01-11 23:31:31 - [MESSAGE][PASSED] - Object 'Object Repository/Journey/journrySearchInput' is present

2021-01-11 23:31:32 - [MESSAGE][PASSED] - Object 'Object Repository/Journey/journrySearchInput' is visible

2021-01-11 23:31:32 - [MESSAGE][PASSED] - Object 'Object Repository/Journey/journrySearchInput' is clickable

2021-01-11 23:31:32 - [MESSAGE][PASSED] - Text of object 'Object Repository/Journey/journrySearchInput' is cleared

2021-01-11 23:31:33 - [MESSAGE][PASSED] - Keys 'journeyName370' sent to object: 'Object Repository/Journey/journrySearchInput'

2021-01-11 23:32:04 - [MESSAGE][INFO] - Unable to find the element located by 'By.xpath: //div[text()='journeyName370']'. Please recheck the objects properties to make sure the desired element is located. 

2021-01-11 23:32:04 - [MESSAGE][WARNING] - Object 'Object Repository/Journey/JourneyName(journeyName)' is not present after 30 second(s)

2021-01-11 23:32:05 - [MESSAGE][PASSED] - Web element with id: 'Object Repository/Journey/JourneyName(journeyName)' located by 'By.xpath: //div[text()='journeyName370']' is not present after '30' second(s)

2021-01-11 23:32:05 - [MESSAGE][PASSED] - pages.Journey.verifyJourneyDeleted is PASSED]]></system-out>
         <system-err><![CDATA[]]></system-err>
      </testcase>
      <testcase name="Test Cases/Admin/Journey/cloneJourneyAndVerifyisitCloned" time="46.102" classname="Test Cases/Admin/Journey/cloneJourneyAndVerifyisitCloned" status="PASSED">
         <system-out><![CDATA[2021-01-11 23:32:05 - [TEST_CASE][PASSED] - Test Cases/Admin/Journey/cloneJourneyAndVerifyisitCloned: Test Cases/Admin/Journey/cloneJourneyAndVerifyisitCloned

2021-01-11 23:32:05 - [TEST_STEP][PASSED] - Start listener action : OpenWebSite: Object: 'Object Repository/Login Credentials/EnterButton' is clicked on

2021-01-11 23:32:05 - [TEST_STEP][PASSED] - openBrowser(""): Browser is opened with url: ''

2021-01-11 23:32:05 - [MESSAGE][WARNING] - A browser is already opened. Closing browser and opening a new one

2021-01-11 23:32:05 - [MESSAGE][INFO] - Starting 'Chrome' driver

2021-01-11 23:32:05 - [MESSAGE][INFO] - Action delay is set to 0 milliseconds

2021-01-11 23:32:09 - [MESSAGE][PASSED] - Browser is opened with url: ''

2021-01-11 23:32:09 - [TEST_STEP][PASSED] - maximizeWindow(): Current window maximized

2021-01-11 23:32:11 - [MESSAGE][PASSED] - Current window maximized

2021-01-11 23:32:11 - [TEST_STEP][PASSED] - navigateToUrl(Url): Navigate to 'https://dev-admin.modist.co/' successfully

2021-01-11 23:32:16 - [MESSAGE][PASSED] - Navigate to 'https://dev-admin.modist.co/' successfully

2021-01-11 23:32:16 - [TEST_STEP][PASSED] - loginPage.login(Email, Password): Object: 'Object Repository/Login Credentials/EnterButton' is clicked on

2021-01-11 23:32:16 - [MESSAGE][PASSED] - Object 'Object Repository/Login Credentials/Email' is present

2021-01-11 23:32:17 - [MESSAGE][PASSED] - Object 'Object Repository/Login Credentials/Email' is visible

2021-01-11 23:32:17 - [MESSAGE][PASSED] - Object 'Object Repository/Login Credentials/Email' is clickable

2021-01-11 23:32:17 - [MESSAGE][PASSED] - Text of object 'Object Repository/Login Credentials/Email' is cleared

2021-01-11 23:32:18 - [MESSAGE][PASSED] - Keys 'naresh.k@qualitlabs.com' sent to object: 'Object Repository/Login Credentials/Email'

2021-01-11 23:32:18 - [MESSAGE][PASSED] - Object 'Object Repository/Login Credentials/Password' is present

2021-01-11 23:32:19 - [MESSAGE][PASSED] - Object 'Object Repository/Login Credentials/Password' is visible

2021-01-11 23:32:19 - [MESSAGE][PASSED] - Object 'Object Repository/Login Credentials/Password' is clickable

2021-01-11 23:32:19 - [MESSAGE][PASSED] - Text of object 'Object Repository/Login Credentials/Password' is cleared

2021-01-11 23:32:20 - [MESSAGE][PASSED] - Keys 'Qualitlabs1?' sent to object: 'Object Repository/Login Credentials/Password'

2021-01-11 23:32:20 - [MESSAGE][PASSED] - Object 'Object Repository/Login Credentials/EnterButton' is present

2021-01-11 23:32:20 - [MESSAGE][PASSED] - Object 'Object Repository/Login Credentials/EnterButton' is visible

2021-01-11 23:32:20 - [MESSAGE][PASSED] - Object 'Object Repository/Login Credentials/EnterButton' is clickable

2021-01-11 23:32:21 - [MESSAGE][PASSED] - Object: 'Object Repository/Login Credentials/EnterButton' is clicked on

2021-01-11 23:32:21 - [TEST_STEP][PASSED] - pages.Journey.clickOnJourneyTab(): pages.Journey.clickOnJourneyTab is PASSED

2021-01-11 23:32:23 - [MESSAGE][PASSED] - Object 'Object Repository/Journey/Journeytab' is present

2021-01-11 23:32:23 - [MESSAGE][PASSED] - Object 'Object Repository/Journey/Journeytab' is visible

2021-01-11 23:32:24 - [MESSAGE][PASSED] - Object 'Object Repository/Journey/Journeytab' is clickable

2021-01-11 23:32:25 - [MESSAGE][PASSED] - Object: 'Object Repository/Journey/Journeytab' is clicked on

2021-01-11 23:32:25 - [MESSAGE][PASSED] - pages.Journey.clickOnJourneyTab is PASSED

2021-01-11 23:32:25 - [TEST_STEP][PASSED] - journeyName = pages.Journey.addJourney(): pages.Journey.addJourney is PASSED

2021-01-11 23:32:25 - [MESSAGE][PASSED] - Object 'Object Repository/Journey/Add Journey/AddJourneyButton' is present

2021-01-11 23:32:26 - [MESSAGE][PASSED] - Object 'Object Repository/Journey/Add Journey/AddJourneyButton' is visible

2021-01-11 23:32:26 - [MESSAGE][PASSED] - Object 'Object Repository/Journey/Add Journey/AddJourneyButton' is clickable

2021-01-11 23:32:26 - [MESSAGE][PASSED] - Object: 'Object Repository/Journey/Add Journey/AddJourneyButton' is clicked on

2021-01-11 23:32:27 - [MESSAGE][PASSED] - Object 'Object Repository/Journey/Add Journey/journeyName' is present

2021-01-11 23:32:27 - [MESSAGE][PASSED] - Object 'Object Repository/Journey/Add Journey/journeyName' is visible

2021-01-11 23:32:27 - [MESSAGE][PASSED] - Object 'Object Repository/Journey/Add Journey/journeyName' is clickable

2021-01-11 23:32:28 - [MESSAGE][PASSED] - Text of object 'Object Repository/Journey/Add Journey/journeyName' is cleared

2021-01-11 23:32:28 - [MESSAGE][PASSED] - Keys 'journeyName803' sent to object: 'Object Repository/Journey/Add Journey/journeyName'

2021-01-11 23:32:28 - [MESSAGE][PASSED] - Object 'Object Repository/Journey/Add Journey/addJourneyInAddJourneyPopUp' is present

2021-01-11 23:32:29 - [MESSAGE][PASSED] - Object 'Object Repository/Journey/Add Journey/addJourneyInAddJourneyPopUp' is visible

2021-01-11 23:32:29 - [MESSAGE][PASSED] - Object 'Object Repository/Journey/Add Journey/addJourneyInAddJourneyPopUp' is clickable

2021-01-11 23:32:29 - [MESSAGE][PASSED] - Object: 'Object Repository/Journey/Add Journey/addJourneyInAddJourneyPopUp' is clicked on

2021-01-11 23:32:29 - [MESSAGE][PASSED] - pages.Journey.addJourney is PASSED

2021-01-11 23:32:29 - [TEST_STEP][PASSED] - pages.Journey.cloneJourney(journeyName): pages.Journey.cloneJourney is PASSED

2021-01-11 23:32:30 - [MESSAGE][PASSED] - Object 'Object Repository/Journey/journrySearchInput' is present

2021-01-11 23:32:30 - [MESSAGE][PASSED] - Object 'Object Repository/Journey/journrySearchInput' is visible

2021-01-11 23:32:30 - [MESSAGE][PASSED] - Object 'Object Repository/Journey/journrySearchInput' is clickable

2021-01-11 23:32:32 - [MESSAGE][PASSED] - Text of object 'Object Repository/Journey/journrySearchInput' is cleared

2021-01-11 23:32:32 - [MESSAGE][PASSED] - Keys 'journeyName803' sent to object: 'Object Repository/Journey/journrySearchInput'

2021-01-11 23:32:37 - [MESSAGE][PASSED] - Object 'Object Repository/Journey/JourneyName(journeyName)' is present

2021-01-11 23:32:37 - [MESSAGE][PASSED] - Object 'Object Repository/Journey/journey cloning/threedots(journeyName)' is present

2021-01-11 23:32:38 - [MESSAGE][PASSED] - Object 'Object Repository/Journey/journey cloning/threedots(journeyName)' is visible

2021-01-11 23:32:38 - [MESSAGE][PASSED] - Object 'Object Repository/Journey/journey cloning/threedots(journeyName)' is present

2021-01-11 23:32:38 - [MESSAGE][PASSED] - Object 'Object Repository/Journey/journey cloning/threedots(journeyName)' is visible

2021-01-11 23:32:39 - [MESSAGE][PASSED] - Object 'Object Repository/Journey/journey cloning/threedots(journeyName)' is clickable

2021-01-11 23:32:39 - [MESSAGE][PASSED] - Object: 'Object Repository/Journey/journey cloning/threedots(journeyName)' is clicked on

2021-01-11 23:32:40 - [MESSAGE][PASSED] - Object 'Object Repository/Journey/journey cloning/cloneButton' is present

2021-01-11 23:32:40 - [MESSAGE][PASSED] - Object 'Object Repository/Journey/journey cloning/cloneButton' is visible

2021-01-11 23:32:40 - [MESSAGE][PASSED] - Object 'Object Repository/Journey/journey cloning/cloneButton' is clickable

2021-01-11 23:32:40 - [MESSAGE][PASSED] - Object: 'Object Repository/Journey/journey cloning/cloneButton' is clicked on

2021-01-11 23:32:40 - [MESSAGE][PASSED] - pages.Journey.cloneJourney is PASSED

2021-01-11 23:32:40 - [TEST_STEP][PASSED] - pages.Journey.verifyJourneyCloned(journeyName): pages.Journey.verifyJourneyCloned is PASSED

2021-01-11 23:32:41 - [MESSAGE][PASSED] - Object 'Object Repository/Journey/journrySearchInput' is present

2021-01-11 23:32:42 - [MESSAGE][PASSED] - Object 'Object Repository/Journey/journrySearchInput' is visible

2021-01-11 23:32:42 - [MESSAGE][PASSED] - Object 'Object Repository/Journey/journrySearchInput' is clickable

2021-01-11 23:32:42 - [MESSAGE][PASSED] - Text of object 'Object Repository/Journey/journrySearchInput' is cleared

2021-01-11 23:32:43 - [MESSAGE][PASSED] - Keys 'journeyName803 (duplicate)' sent to object: 'Object Repository/Journey/journrySearchInput'

2021-01-11 23:32:50 - [MESSAGE][PASSED] - Object 'Object Repository/Journey/JourneyName(journeyName)' is present

2021-01-11 23:32:50 - [MESSAGE][PASSED] - Object 'Object Repository/Journey/journey cloning/clonedJourney(journeyName)' is present

2021-01-11 23:32:51 - [MESSAGE][PASSED] - Object 'Object Repository/Journey/journey cloning/clonedJourney(journeyName)' is present

2021-01-11 23:32:51 - [MESSAGE][PASSED] - pages.Journey.verifyJourneyCloned is PASSED]]></system-out>
         <system-err><![CDATA[]]></system-err>
      </testcase>
      <testcase name="Test Cases/Admin/Journey/createAccessCodeForJourneyAndVerifyIsTheCodeSuccessfullyCreated" time="55.789" classname="Test Cases/Admin/Journey/createAccessCodeForJourneyAndVerifyIsTheCodeSuccessfullyCreated" status="PASSED">
         <system-out><![CDATA[2021-01-11 23:32:51 - [TEST_CASE][PASSED] - Test Cases/Admin/Journey/createAccessCodeForJourneyAndVerifyIsTheCodeSuccessfullyCreated: Test Cases/Admin/Journey/createAccessCodeForJourneyAndVerifyIsTheCodeSuccessfullyCreated

2021-01-11 23:32:51 - [TEST_STEP][PASSED] - Start listener action : OpenWebSite: Object: 'Object Repository/Login Credentials/EnterButton' is clicked on

2021-01-11 23:32:51 - [TEST_STEP][PASSED] - openBrowser(""): Browser is opened with url: ''

2021-01-11 23:32:51 - [MESSAGE][WARNING] - A browser is already opened. Closing browser and opening a new one

2021-01-11 23:32:52 - [MESSAGE][INFO] - Starting 'Chrome' driver

2021-01-11 23:32:52 - [MESSAGE][INFO] - Action delay is set to 0 milliseconds

2021-01-11 23:32:55 - [MESSAGE][PASSED] - Browser is opened with url: ''

2021-01-11 23:32:55 - [TEST_STEP][PASSED] - maximizeWindow(): Current window maximized

2021-01-11 23:32:57 - [MESSAGE][PASSED] - Current window maximized

2021-01-11 23:32:57 - [TEST_STEP][PASSED] - navigateToUrl(Url): Navigate to 'https://dev-admin.modist.co/' successfully

2021-01-11 23:33:04 - [MESSAGE][PASSED] - Navigate to 'https://dev-admin.modist.co/' successfully

2021-01-11 23:33:04 - [TEST_STEP][PASSED] - loginPage.login(Email, Password): Object: 'Object Repository/Login Credentials/EnterButton' is clicked on

2021-01-11 23:33:04 - [MESSAGE][PASSED] - Object 'Object Repository/Login Credentials/Email' is present

2021-01-11 23:33:04 - [MESSAGE][PASSED] - Object 'Object Repository/Login Credentials/Email' is visible

2021-01-11 23:33:05 - [MESSAGE][PASSED] - Object 'Object Repository/Login Credentials/Email' is clickable

2021-01-11 23:33:05 - [MESSAGE][PASSED] - Text of object 'Object Repository/Login Credentials/Email' is cleared

2021-01-11 23:33:05 - [MESSAGE][PASSED] - Keys 'naresh.k@qualitlabs.com' sent to object: 'Object Repository/Login Credentials/Email'

2021-01-11 23:33:06 - [MESSAGE][PASSED] - Object 'Object Repository/Login Credentials/Password' is present

2021-01-11 23:33:06 - [MESSAGE][PASSED] - Object 'Object Repository/Login Credentials/Password' is visible

2021-01-11 23:33:06 - [MESSAGE][PASSED] - Object 'Object Repository/Login Credentials/Password' is clickable

2021-01-11 23:33:06 - [MESSAGE][PASSED] - Text of object 'Object Repository/Login Credentials/Password' is cleared

2021-01-11 23:33:07 - [MESSAGE][PASSED] - Keys 'Qualitlabs1?' sent to object: 'Object Repository/Login Credentials/Password'

2021-01-11 23:33:07 - [MESSAGE][PASSED] - Object 'Object Repository/Login Credentials/EnterButton' is present

2021-01-11 23:33:07 - [MESSAGE][PASSED] - Object 'Object Repository/Login Credentials/EnterButton' is visible

2021-01-11 23:33:08 - [MESSAGE][PASSED] - Object 'Object Repository/Login Credentials/EnterButton' is clickable

2021-01-11 23:33:08 - [MESSAGE][PASSED] - Object: 'Object Repository/Login Credentials/EnterButton' is clicked on

2021-01-11 23:33:08 - [TEST_STEP][PASSED] - pages.Journey.clickOnJourneyTab(): pages.Journey.clickOnJourneyTab is PASSED

2021-01-11 23:33:10 - [MESSAGE][PASSED] - Object 'Object Repository/Journey/Journeytab' is present

2021-01-11 23:33:11 - [MESSAGE][PASSED] - Object 'Object Repository/Journey/Journeytab' is visible

2021-01-11 23:33:11 - [MESSAGE][PASSED] - Object 'Object Repository/Journey/Journeytab' is clickable

2021-01-11 23:33:12 - [MESSAGE][PASSED] - Object: 'Object Repository/Journey/Journeytab' is clicked on

2021-01-11 23:33:12 - [MESSAGE][PASSED] - pages.Journey.clickOnJourneyTab is PASSED

2021-01-11 23:33:12 - [TEST_STEP][PASSED] - journeyName = pages.Journey.getRandomJourneyName(): pages.Journey.getRandomJourneyName is PASSED

2021-01-11 23:33:19 - [MESSAGE][PASSED] - Object 'Object Repository/Journey/toGetJourneysCount' is present

2021-01-11 23:33:20 - [MESSAGE][PASSED] - Object 'Object Repository/Journey/toGetJourneysCount' is present

2021-01-11 23:33:20 - [MESSAGE][PASSED] - Text of object 'Object Repository/Journey/toPickrandomJourney(index)' is: 'journey 2'

2021-01-11 23:33:20 - [MESSAGE][PASSED] - pages.Journey.getRandomJourneyName is PASSED

2021-01-11 23:33:20 - [TEST_STEP][PASSED] - accessCode = pages.Journey.getRandomAccessCode(): pages.Journey.getRandomAccessCode is PASSED

2021-01-11 23:33:20 - [MESSAGE][PASSED] - pages.Journey.getRandomAccessCode is PASSED

2021-01-11 23:33:20 - [TEST_STEP][PASSED] - useLimit = pages.Journey.getRandomCount(): pages.Journey.getRandomCount is PASSED

2021-01-11 23:33:20 - [MESSAGE][PASSED] - pages.Journey.getRandomCount is PASSED

2021-01-11 23:33:20 - [TEST_STEP][PASSED] - accessCode = pages.Journey.createAccessCodeInJourney(journeyName, accessCode, useLimit): pages.Journey.createAccessCodeInJourney is PASSED

2021-01-11 23:33:21 - [MESSAGE][PASSED] - Object 'Object Repository/Journey/journrySearchInput' is present

2021-01-11 23:33:21 - [MESSAGE][PASSED] - Object 'Object Repository/Journey/journrySearchInput' is visible

2021-01-11 23:33:21 - [MESSAGE][PASSED] - Object 'Object Repository/Journey/journrySearchInput' is clickable

2021-01-11 23:33:22 - [MESSAGE][PASSED] - Text of object 'Object Repository/Journey/journrySearchInput' is cleared

2021-01-11 23:33:22 - [MESSAGE][PASSED] - Keys 'journey 2' sent to object: 'Object Repository/Journey/journrySearchInput'

2021-01-11 23:33:23 - [MESSAGE][PASSED] - Object 'Object Repository/Journey/JourneyName(journeyName)' is present

2021-01-11 23:33:24 - [MESSAGE][PASSED] - Object 'Object Repository/Journey/clickVerifyingJourney(journeyName)' is present

2021-01-11 23:33:26 - [MESSAGE][PASSED] - Object 'Object Repository/Journey/clickVerifyingJourney(journeyName)' is visible

2021-01-11 23:33:26 - [MESSAGE][PASSED] - Object 'Object Repository/Journey/clickVerifyingJourney(journeyName)' is clickable

2021-01-11 23:33:26 - [MESSAGE][PASSED] - Object: 'Object Repository/Journey/clickVerifyingJourney(journeyName)' is clicked on

2021-01-11 23:33:28 - [MESSAGE][PASSED] - Scroll to object 'Object Repository/Journey/Current Access Codes/currentAccessCodeField' successfully

2021-01-11 23:33:29 - [MESSAGE][PASSED] - Object 'Object Repository/Journey/Current Access Codes/plusButton' is present

2021-01-11 23:33:30 - [MESSAGE][PASSED] - Object 'Object Repository/Journey/Current Access Codes/plusButton' is visible

2021-01-11 23:33:30 - [MESSAGE][PASSED] - Object 'Object Repository/Journey/Current Access Codes/plusButton' is clickable

2021-01-11 23:33:30 - [MESSAGE][PASSED] - Object: 'Object Repository/Journey/Current Access Codes/plusButton' is clicked on

2021-01-11 23:33:31 - [MESSAGE][PASSED] - Object 'Object Repository/Journey/Current Access Codes/accessCode' is present

2021-01-11 23:33:31 - [MESSAGE][PASSED] - Object 'Object Repository/Journey/Current Access Codes/accessCode' is visible

2021-01-11 23:33:32 - [MESSAGE][PASSED] - Object 'Object Repository/Journey/Current Access Codes/accessCode' is clickable

2021-01-11 23:33:32 - [MESSAGE][PASSED] - Text of object 'Object Repository/Journey/Current Access Codes/accessCode' is cleared

2021-01-11 23:33:32 - [MESSAGE][PASSED] - Keys 'access0' sent to object: 'Object Repository/Journey/Current Access Codes/accessCode'

2021-01-11 23:33:33 - [MESSAGE][PASSED] - Keys '5' sent to object: 'Object Repository/Journey/Current Access Codes/codeUsageCount'

2021-01-11 23:33:33 - [MESSAGE][PASSED] - Object 'Object Repository/Journey/Current Access Codes/getCodeButton' is present

2021-01-11 23:33:33 - [MESSAGE][PASSED] - Object 'Object Repository/Journey/Current Access Codes/getCodeButton' is visible

2021-01-11 23:33:34 - [MESSAGE][PASSED] - Object 'Object Repository/Journey/Current Access Codes/getCodeButton' is clickable

2021-01-11 23:33:34 - [MESSAGE][PASSED] - Object: 'Object Repository/Journey/Current Access Codes/getCodeButton' is clicked on

2021-01-11 23:33:36 - [MESSAGE][PASSED] - Object 'Object Repository/CommonButtons/Close' is present

2021-01-11 23:33:36 - [MESSAGE][PASSED] - Object 'Object Repository/CommonButtons/Close' is visible

2021-01-11 23:33:36 - [MESSAGE][PASSED] - Object 'Object Repository/CommonButtons/Close' is clickable

2021-01-11 23:33:37 - [MESSAGE][PASSED] - Object: 'Object Repository/CommonButtons/Close' is clicked on

2021-01-11 23:33:37 - [MESSAGE][PASSED] - pages.Journey.createAccessCodeInJourney is PASSED

2021-01-11 23:33:37 - [TEST_STEP][PASSED] - pages.Journey.verifyTheCreatedAccessCode(journeyName, accessCode): pages.Journey.verifyTheCreatedAccessCode is PASSED

2021-01-11 23:33:37 - [MESSAGE][PASSED] - Object 'Object Repository/Journey/journrySearchInput' is present

2021-01-11 23:33:38 - [MESSAGE][PASSED] - Object 'Object Repository/Journey/journrySearchInput' is visible

2021-01-11 23:33:38 - [MESSAGE][PASSED] - Object 'Object Repository/Journey/journrySearchInput' is clickable

2021-01-11 23:33:39 - [MESSAGE][PASSED] - Text of object 'Object Repository/Journey/journrySearchInput' is cleared

2021-01-11 23:33:39 - [MESSAGE][PASSED] - Keys 'journey 2' sent to object: 'Object Repository/Journey/journrySearchInput'

2021-01-11 23:33:39 - [MESSAGE][PASSED] - Object 'Object Repository/Journey/JourneyName(journeyName)' is present

2021-01-11 23:33:41 - [MESSAGE][PASSED] - Object 'Object Repository/Journey/clickVerifyingJourney(journeyName)' is present

2021-01-11 23:33:41 - [MESSAGE][PASSED] - Object 'Object Repository/Journey/clickVerifyingJourney(journeyName)' is visible

2021-01-11 23:33:42 - [MESSAGE][PASSED] - Object 'Object Repository/Journey/clickVerifyingJourney(journeyName)' is clickable

2021-01-11 23:33:42 - [MESSAGE][PASSED] - Object: 'Object Repository/Journey/clickVerifyingJourney(journeyName)' is clicked on

2021-01-11 23:33:43 - [MESSAGE][PASSED] - Scroll to object 'Object Repository/Journey/Current Access Codes/currentAccessCodeField' successfully

2021-01-11 23:33:44 - [MESSAGE][PASSED] - Object 'Object Repository/Journey/Current Access Codes/currentAccessCodeField' is present

2021-01-11 23:33:45 - [MESSAGE][PASSED] - Object 'Object Repository/Journey/Current Access Codes/verify(code)' is present

2021-01-11 23:33:46 - [MESSAGE][PASSED] - Object 'Object Repository/CommonButtons/Close' is present

2021-01-11 23:33:46 - [MESSAGE][PASSED] - Object 'Object Repository/CommonButtons/Close' is visible

2021-01-11 23:33:46 - [MESSAGE][PASSED] - Object 'Object Repository/CommonButtons/Close' is clickable

2021-01-11 23:33:47 - [MESSAGE][PASSED] - Object: 'Object Repository/CommonButtons/Close' is clicked on

2021-01-11 23:33:47 - [MESSAGE][PASSED] - pages.Journey.verifyTheCreatedAccessCode is PASSED]]></system-out>
         <system-err><![CDATA[]]></system-err>
      </testcase>
      <testcase name="Test Cases/Admin/Journey/createMultipleAccessCodesWithSameName" time="74.173" classname="Test Cases/Admin/Journey/createMultipleAccessCodesWithSameName" status="PASSED">
         <system-out><![CDATA[2021-01-11 23:33:47 - [TEST_CASE][PASSED] - Test Cases/Admin/Journey/createMultipleAccessCodesWithSameName: Test Cases/Admin/Journey/createMultipleAccessCodesWithSameName

2021-01-11 23:33:47 - [TEST_STEP][PASSED] - Start listener action : OpenWebSite: Object: 'Object Repository/Login Credentials/EnterButton' is clicked on

2021-01-11 23:33:47 - [TEST_STEP][PASSED] - openBrowser(""): Browser is opened with url: ''

2021-01-11 23:33:47 - [MESSAGE][WARNING] - A browser is already opened. Closing browser and opening a new one

2021-01-11 23:33:47 - [MESSAGE][INFO] - Starting 'Chrome' driver

2021-01-11 23:33:47 - [MESSAGE][INFO] - Action delay is set to 0 milliseconds

2021-01-11 23:33:51 - [MESSAGE][PASSED] - Browser is opened with url: ''

2021-01-11 23:33:51 - [TEST_STEP][PASSED] - maximizeWindow(): Current window maximized

2021-01-11 23:33:53 - [MESSAGE][PASSED] - Current window maximized

2021-01-11 23:33:53 - [TEST_STEP][PASSED] - navigateToUrl(Url): Navigate to 'https://dev-admin.modist.co/' successfully

2021-01-11 23:33:59 - [MESSAGE][PASSED] - Navigate to 'https://dev-admin.modist.co/' successfully

2021-01-11 23:33:59 - [TEST_STEP][PASSED] - loginPage.login(Email, Password): Object: 'Object Repository/Login Credentials/EnterButton' is clicked on

2021-01-11 23:33:59 - [MESSAGE][PASSED] - Object 'Object Repository/Login Credentials/Email' is present

2021-01-11 23:33:59 - [MESSAGE][PASSED] - Object 'Object Repository/Login Credentials/Email' is visible

2021-01-11 23:33:59 - [MESSAGE][PASSED] - Object 'Object Repository/Login Credentials/Email' is clickable

2021-01-11 23:34:00 - [MESSAGE][PASSED] - Text of object 'Object Repository/Login Credentials/Email' is cleared

2021-01-11 23:34:00 - [MESSAGE][PASSED] - Keys 'naresh.k@qualitlabs.com' sent to object: 'Object Repository/Login Credentials/Email'

2021-01-11 23:34:00 - [MESSAGE][PASSED] - Object 'Object Repository/Login Credentials/Password' is present

2021-01-11 23:34:01 - [MESSAGE][PASSED] - Object 'Object Repository/Login Credentials/Password' is visible

2021-01-11 23:34:01 - [MESSAGE][PASSED] - Object 'Object Repository/Login Credentials/Password' is clickable

2021-01-11 23:34:01 - [MESSAGE][PASSED] - Text of object 'Object Repository/Login Credentials/Password' is cleared

2021-01-11 23:34:01 - [MESSAGE][PASSED] - Keys 'Qualitlabs1?' sent to object: 'Object Repository/Login Credentials/Password'

2021-01-11 23:34:02 - [MESSAGE][PASSED] - Object 'Object Repository/Login Credentials/EnterButton' is present

2021-01-11 23:34:02 - [MESSAGE][PASSED] - Object 'Object Repository/Login Credentials/EnterButton' is visible

2021-01-11 23:34:02 - [MESSAGE][PASSED] - Object 'Object Repository/Login Credentials/EnterButton' is clickable

2021-01-11 23:34:03 - [MESSAGE][PASSED] - Object: 'Object Repository/Login Credentials/EnterButton' is clicked on

2021-01-11 23:34:03 - [TEST_STEP][PASSED] - pages.Journey.clickOnJourneyTab(): pages.Journey.clickOnJourneyTab is PASSED

2021-01-11 23:34:05 - [MESSAGE][PASSED] - Object 'Object Repository/Journey/Journeytab' is present

2021-01-11 23:34:06 - [MESSAGE][PASSED] - Object 'Object Repository/Journey/Journeytab' is visible

2021-01-11 23:34:07 - [MESSAGE][PASSED] - Object 'Object Repository/Journey/Journeytab' is clickable

2021-01-11 23:34:07 - [MESSAGE][PASSED] - Object: 'Object Repository/Journey/Journeytab' is clicked on

2021-01-11 23:34:07 - [MESSAGE][PASSED] - pages.Journey.clickOnJourneyTab is PASSED

2021-01-11 23:34:07 - [TEST_STEP][PASSED] - journeyName = pages.Journey.getRandomJourneyName(): pages.Journey.getRandomJourneyName is PASSED

2021-01-11 23:34:13 - [MESSAGE][PASSED] - Object 'Object Repository/Journey/toGetJourneysCount' is present

2021-01-11 23:34:13 - [MESSAGE][PASSED] - Object 'Object Repository/Journey/toGetJourneysCount' is present

2021-01-11 23:34:14 - [MESSAGE][PASSED] - Text of object 'Object Repository/Journey/toPickrandomJourney(index)' is: 'journey 1'

2021-01-11 23:34:14 - [MESSAGE][PASSED] - pages.Journey.getRandomJourneyName is PASSED

2021-01-11 23:34:14 - [TEST_STEP][PASSED] - accessCode = pages.Journey.getRandomAccessCode(): pages.Journey.getRandomAccessCode is PASSED

2021-01-11 23:34:14 - [MESSAGE][PASSED] - pages.Journey.getRandomAccessCode is PASSED

2021-01-11 23:34:14 - [TEST_STEP][PASSED] - useLimit = pages.Journey.getRandomCount(): pages.Journey.getRandomCount is PASSED

2021-01-11 23:34:14 - [MESSAGE][PASSED] - pages.Journey.getRandomCount is PASSED

2021-01-11 23:34:14 - [TEST_STEP][PASSED] - accessCode = pages.Journey.createAccessCodeInJourney(journeyName, accessCode, useLimit): pages.Journey.createAccessCodeInJourney is PASSED

2021-01-11 23:34:14 - [MESSAGE][PASSED] - Object 'Object Repository/Journey/journrySearchInput' is present

2021-01-11 23:34:15 - [MESSAGE][PASSED] - Object 'Object Repository/Journey/journrySearchInput' is visible

2021-01-11 23:34:15 - [MESSAGE][PASSED] - Object 'Object Repository/Journey/journrySearchInput' is clickable

2021-01-11 23:34:15 - [MESSAGE][PASSED] - Text of object 'Object Repository/Journey/journrySearchInput' is cleared

2021-01-11 23:34:16 - [MESSAGE][PASSED] - Keys 'journey 1' sent to object: 'Object Repository/Journey/journrySearchInput'

2021-01-11 23:34:16 - [MESSAGE][PASSED] - Object 'Object Repository/Journey/JourneyName(journeyName)' is present

2021-01-11 23:34:18 - [MESSAGE][PASSED] - Object 'Object Repository/Journey/clickVerifyingJourney(journeyName)' is present

2021-01-11 23:34:18 - [MESSAGE][PASSED] - Object 'Object Repository/Journey/clickVerifyingJourney(journeyName)' is visible

2021-01-11 23:34:18 - [MESSAGE][PASSED] - Object 'Object Repository/Journey/clickVerifyingJourney(journeyName)' is clickable

2021-01-11 23:34:19 - [MESSAGE][PASSED] - Object: 'Object Repository/Journey/clickVerifyingJourney(journeyName)' is clicked on

2021-01-11 23:34:20 - [MESSAGE][PASSED] - Scroll to object 'Object Repository/Journey/Current Access Codes/currentAccessCodeField' successfully

2021-01-11 23:34:21 - [MESSAGE][PASSED] - Object 'Object Repository/Journey/Current Access Codes/plusButton' is present

2021-01-11 23:34:21 - [MESSAGE][PASSED] - Object 'Object Repository/Journey/Current Access Codes/plusButton' is visible

2021-01-11 23:34:22 - [MESSAGE][PASSED] - Object 'Object Repository/Journey/Current Access Codes/plusButton' is clickable

2021-01-11 23:34:22 - [MESSAGE][PASSED] - Object: 'Object Repository/Journey/Current Access Codes/plusButton' is clicked on

2021-01-11 23:34:23 - [MESSAGE][PASSED] - Object 'Object Repository/Journey/Current Access Codes/accessCode' is present

2021-01-11 23:34:23 - [MESSAGE][PASSED] - Object 'Object Repository/Journey/Current Access Codes/accessCode' is visible

2021-01-11 23:34:24 - [MESSAGE][PASSED] - Object 'Object Repository/Journey/Current Access Codes/accessCode' is clickable

2021-01-11 23:34:24 - [MESSAGE][PASSED] - Text of object 'Object Repository/Journey/Current Access Codes/accessCode' is cleared

2021-01-11 23:34:24 - [MESSAGE][PASSED] - Keys 'access10' sent to object: 'Object Repository/Journey/Current Access Codes/accessCode'

2021-01-11 23:34:25 - [MESSAGE][PASSED] - Keys '1' sent to object: 'Object Repository/Journey/Current Access Codes/codeUsageCount'

2021-01-11 23:34:25 - [MESSAGE][PASSED] - Object 'Object Repository/Journey/Current Access Codes/getCodeButton' is present

2021-01-11 23:34:25 - [MESSAGE][PASSED] - Object 'Object Repository/Journey/Current Access Codes/getCodeButton' is visible

2021-01-11 23:34:26 - [MESSAGE][PASSED] - Object 'Object Repository/Journey/Current Access Codes/getCodeButton' is clickable

2021-01-11 23:34:26 - [MESSAGE][PASSED] - Object: 'Object Repository/Journey/Current Access Codes/getCodeButton' is clicked on

2021-01-11 23:34:27 - [MESSAGE][PASSED] - Object 'Object Repository/CommonButtons/Close' is present

2021-01-11 23:34:27 - [MESSAGE][PASSED] - Object 'Object Repository/CommonButtons/Close' is visible

2021-01-11 23:34:27 - [MESSAGE][PASSED] - Object 'Object Repository/CommonButtons/Close' is clickable

2021-01-11 23:34:28 - [MESSAGE][PASSED] - Object: 'Object Repository/CommonButtons/Close' is clicked on

2021-01-11 23:34:28 - [MESSAGE][PASSED] - pages.Journey.createAccessCodeInJourney is PASSED

2021-01-11 23:34:28 - [TEST_STEP][PASSED] - pages.Journey.verifyTheCreatedAccessCode(journeyName, accessCode): pages.Journey.verifyTheCreatedAccessCode is PASSED

2021-01-11 23:34:28 - [MESSAGE][PASSED] - Object 'Object Repository/Journey/journrySearchInput' is present

2021-01-11 23:34:29 - [MESSAGE][PASSED] - Object 'Object Repository/Journey/journrySearchInput' is visible

2021-01-11 23:34:29 - [MESSAGE][PASSED] - Object 'Object Repository/Journey/journrySearchInput' is clickable

2021-01-11 23:34:30 - [MESSAGE][PASSED] - Text of object 'Object Repository/Journey/journrySearchInput' is cleared

2021-01-11 23:34:30 - [MESSAGE][PASSED] - Keys 'journey 1' sent to object: 'Object Repository/Journey/journrySearchInput'

2021-01-11 23:34:30 - [MESSAGE][PASSED] - Object 'Object Repository/Journey/JourneyName(journeyName)' is present

2021-01-11 23:34:32 - [MESSAGE][PASSED] - Object 'Object Repository/Journey/clickVerifyingJourney(journeyName)' is present

2021-01-11 23:34:32 - [MESSAGE][PASSED] - Object 'Object Repository/Journey/clickVerifyingJourney(journeyName)' is visible

2021-01-11 23:34:33 - [MESSAGE][PASSED] - Object 'Object Repository/Journey/clickVerifyingJourney(journeyName)' is clickable

2021-01-11 23:34:33 - [MESSAGE][PASSED] - Object: 'Object Repository/Journey/clickVerifyingJourney(journeyName)' is clicked on

2021-01-11 23:34:34 - [MESSAGE][PASSED] - Scroll to object 'Object Repository/Journey/Current Access Codes/currentAccessCodeField' successfully

2021-01-11 23:34:35 - [MESSAGE][PASSED] - Object 'Object Repository/Journey/Current Access Codes/currentAccessCodeField' is present

2021-01-11 23:34:35 - [MESSAGE][PASSED] - Object 'Object Repository/Journey/Current Access Codes/verify(code)' is present

2021-01-11 23:34:36 - [MESSAGE][PASSED] - Object 'Object Repository/CommonButtons/Close' is present

2021-01-11 23:34:36 - [MESSAGE][PASSED] - Object 'Object Repository/CommonButtons/Close' is visible

2021-01-11 23:34:36 - [MESSAGE][PASSED] - Object 'Object Repository/CommonButtons/Close' is clickable

2021-01-11 23:34:37 - [MESSAGE][PASSED] - Object: 'Object Repository/CommonButtons/Close' is clicked on

2021-01-11 23:34:37 - [MESSAGE][PASSED] - pages.Journey.verifyTheCreatedAccessCode is PASSED

2021-01-11 23:34:37 - [TEST_STEP][PASSED] - journeyName1 = pages.Journey.getRandomJourneyName(): pages.Journey.getRandomJourneyName is PASSED

2021-01-11 23:34:38 - [MESSAGE][PASSED] - Object 'Object Repository/Journey/toGetJourneysCount' is present

2021-01-11 23:34:39 - [MESSAGE][PASSED] - Object 'Object Repository/Journey/toGetJourneysCount' is present

2021-01-11 23:34:39 - [MESSAGE][PASSED] - Text of object 'Object Repository/Journey/toPickrandomJourney(index)' is: 'jai journey 1'

2021-01-11 23:34:39 - [MESSAGE][PASSED] - pages.Journey.getRandomJourneyName is PASSED

2021-01-11 23:34:39 - [TEST_STEP][PASSED] - accessCode = pages.Journey.createAccessCodeInJourney(journeyName1, accessCode, useLimit): pages.Journey.createAccessCodeInJourney is PASSED

2021-01-11 23:34:40 - [MESSAGE][PASSED] - Object 'Object Repository/Journey/journrySearchInput' is present

2021-01-11 23:34:40 - [MESSAGE][PASSED] - Object 'Object Repository/Journey/journrySearchInput' is visible

2021-01-11 23:34:40 - [MESSAGE][PASSED] - Object 'Object Repository/Journey/journrySearchInput' is clickable

2021-01-11 23:34:41 - [MESSAGE][PASSED] - Text of object 'Object Repository/Journey/journrySearchInput' is cleared

2021-01-11 23:34:41 - [MESSAGE][PASSED] - Keys 'jai journey 1' sent to object: 'Object Repository/Journey/journrySearchInput'

2021-01-11 23:34:41 - [MESSAGE][PASSED] - Object 'Object Repository/Journey/JourneyName(journeyName)' is present

2021-01-11 23:34:43 - [MESSAGE][PASSED] - Object 'Object Repository/Journey/clickVerifyingJourney(journeyName)' is present

2021-01-11 23:34:43 - [MESSAGE][PASSED] - Object 'Object Repository/Journey/clickVerifyingJourney(journeyName)' is visible

2021-01-11 23:34:43 - [MESSAGE][PASSED] - Object 'Object Repository/Journey/clickVerifyingJourney(journeyName)' is clickable

2021-01-11 23:34:44 - [MESSAGE][PASSED] - Object: 'Object Repository/Journey/clickVerifyingJourney(journeyName)' is clicked on

2021-01-11 23:34:44 - [MESSAGE][PASSED] - Scroll to object 'Object Repository/Journey/Current Access Codes/currentAccessCodeField' successfully

2021-01-11 23:34:45 - [MESSAGE][PASSED] - Object 'Object Repository/Journey/Current Access Codes/plusButton' is present

2021-01-11 23:34:46 - [MESSAGE][PASSED] - Object 'Object Repository/Journey/Current Access Codes/plusButton' is visible

2021-01-11 23:34:46 - [MESSAGE][PASSED] - Object 'Object Repository/Journey/Current Access Codes/plusButton' is clickable

2021-01-11 23:34:47 - [MESSAGE][PASSED] - Object: 'Object Repository/Journey/Current Access Codes/plusButton' is clicked on

2021-01-11 23:34:48 - [MESSAGE][PASSED] - Object 'Object Repository/Journey/Current Access Codes/accessCode' is present

2021-01-11 23:34:48 - [MESSAGE][PASSED] - Object 'Object Repository/Journey/Current Access Codes/accessCode' is visible

2021-01-11 23:34:48 - [MESSAGE][PASSED] - Object 'Object Repository/Journey/Current Access Codes/accessCode' is clickable

2021-01-11 23:34:49 - [MESSAGE][PASSED] - Text of object 'Object Repository/Journey/Current Access Codes/accessCode' is cleared

2021-01-11 23:34:49 - [MESSAGE][PASSED] - Keys 'access10' sent to object: 'Object Repository/Journey/Current Access Codes/accessCode'

2021-01-11 23:34:50 - [MESSAGE][PASSED] - Keys '1' sent to object: 'Object Repository/Journey/Current Access Codes/codeUsageCount'

2021-01-11 23:34:50 - [MESSAGE][PASSED] - Object 'Object Repository/Journey/Current Access Codes/getCodeButton' is present

2021-01-11 23:34:50 - [MESSAGE][PASSED] - Object 'Object Repository/Journey/Current Access Codes/getCodeButton' is visible

2021-01-11 23:34:51 - [MESSAGE][PASSED] - Object 'Object Repository/Journey/Current Access Codes/getCodeButton' is clickable

2021-01-11 23:34:51 - [MESSAGE][PASSED] - Object: 'Object Repository/Journey/Current Access Codes/getCodeButton' is clicked on

2021-01-11 23:34:52 - [MESSAGE][PASSED] - Object 'Object Repository/CommonButtons/Close' is present

2021-01-11 23:34:52 - [MESSAGE][PASSED] - Object 'Object Repository/CommonButtons/Close' is visible

2021-01-11 23:34:53 - [MESSAGE][PASSED] - Object 'Object Repository/CommonButtons/Close' is clickable

2021-01-11 23:34:53 - [MESSAGE][PASSED] - Object: 'Object Repository/CommonButtons/Close' is clicked on

2021-01-11 23:34:53 - [MESSAGE][PASSED] - pages.Journey.createAccessCodeInJourney is PASSED

2021-01-11 23:34:53 - [TEST_STEP][PASSED] - pages.Journey.verifyTheCreatedAccessCode(journeyName1, accessCode): pages.Journey.verifyTheCreatedAccessCode is PASSED

2021-01-11 23:34:54 - [MESSAGE][PASSED] - Object 'Object Repository/Journey/journrySearchInput' is present

2021-01-11 23:34:54 - [MESSAGE][PASSED] - Object 'Object Repository/Journey/journrySearchInput' is visible

2021-01-11 23:34:54 - [MESSAGE][PASSED] - Object 'Object Repository/Journey/journrySearchInput' is clickable

2021-01-11 23:34:55 - [MESSAGE][PASSED] - Text of object 'Object Repository/Journey/journrySearchInput' is cleared

2021-01-11 23:34:55 - [MESSAGE][PASSED] - Keys 'jai journey 1' sent to object: 'Object Repository/Journey/journrySearchInput'

2021-01-11 23:34:55 - [MESSAGE][PASSED] - Object 'Object Repository/Journey/JourneyName(journeyName)' is present

2021-01-11 23:34:57 - [MESSAGE][PASSED] - Object 'Object Repository/Journey/clickVerifyingJourney(journeyName)' is present

2021-01-11 23:34:57 - [MESSAGE][PASSED] - Object 'Object Repository/Journey/clickVerifyingJourney(journeyName)' is visible

2021-01-11 23:34:57 - [MESSAGE][PASSED] - Object 'Object Repository/Journey/clickVerifyingJourney(journeyName)' is clickable

2021-01-11 23:34:57 - [MESSAGE][PASSED] - Object: 'Object Repository/Journey/clickVerifyingJourney(journeyName)' is clicked on

2021-01-11 23:34:58 - [MESSAGE][PASSED] - Scroll to object 'Object Repository/Journey/Current Access Codes/currentAccessCodeField' successfully

2021-01-11 23:34:59 - [MESSAGE][PASSED] - Object 'Object Repository/Journey/Current Access Codes/currentAccessCodeField' is present

2021-01-11 23:34:59 - [MESSAGE][PASSED] - Object 'Object Repository/Journey/Current Access Codes/verify(code)' is present

2021-01-11 23:35:00 - [MESSAGE][PASSED] - Object 'Object Repository/CommonButtons/Close' is present

2021-01-11 23:35:00 - [MESSAGE][PASSED] - Object 'Object Repository/CommonButtons/Close' is visible

2021-01-11 23:35:00 - [MESSAGE][PASSED] - Object 'Object Repository/CommonButtons/Close' is clickable

2021-01-11 23:35:01 - [MESSAGE][PASSED] - Object: 'Object Repository/CommonButtons/Close' is clicked on

2021-01-11 23:35:01 - [MESSAGE][PASSED] - pages.Journey.verifyTheCreatedAccessCode is PASSED]]></system-out>
         <system-err><![CDATA[]]></system-err>
      </testcase>
      <system-out><![CDATA[2021-01-11 23:30:14 - [TEST_SUITE][PASSED] - Journey: Test Cases/Admin/Journey/createMultipleAccessCodesWithSameName]]></system-out>
      <system-err><![CDATA[]]></system-err>
   </testsuite>
</testsuites>
