<?xml version="1.0" encoding="UTF-8"?>
<testsuites name="AllTestCases" time="2098.195" tests="65" failures="8" errors="1">
   <testsuite name="AllTestCases" tests="65" failures="8" errors="1" time="2098.195" timestamp="2021-01-13 12:31:47" hostname="Lenovo - DESKTOP-H3LAPEO" id="Test Suites/AllTestCases">
      <properties>
         <property name="deviceName" value=""/>
         <property name="devicePlatform" value=""/>
         <property name="logFolder" value="E:\\Modist\\ModistProject\\Reports\\20210113_123145\\AllTestCases\\20210113_123145"/>
         <property name="logFiles" value="E:\\Modist\\ModistProject\\Reports\\20210113_123145\\AllTestCases\\20210113_123145\\execution0.log"/>
         <property name="attachments" value="E:\\Modist\\ModistProject\\Reports\\20210113_123145\\AllTestCases\\20210113_123145\\1610559222562.png, E:\\Modist\\ModistProject\\Reports\\20210113_123145\\AllTestCases\\20210113_123145\\1610559266710.png, E:\\Modist\\ModistProject\\Reports\\20210113_123145\\AllTestCases\\20210113_123145\\1610559314947.png, E:\\Modist\\ModistProject\\Reports\\20210113_123145\\AllTestCases\\20210113_123145\\1610559323818.png, E:\\Modist\\ModistProject\\Reports\\20210113_123145\\AllTestCases\\20210113_123145\\1610559417554.png, E:\\Modist\\ModistProject\\Reports\\20210113_123145\\AllTestCases\\20210113_123145\\1610559450323.png, E:\\Modist\\ModistProject\\Reports\\20210113_123145\\AllTestCases\\20210113_123145\\1610559565980.png, E:\\Modist\\ModistProject\\Reports\\20210113_123145\\AllTestCases\\20210113_123145\\1610560236048.png, E:\\Modist\\ModistProject\\Reports\\20210113_123145\\AllTestCases\\20210113_123145\\1610560265183.png, E:\\Modist\\ModistProject\\Reports\\20210113_123145\\AllTestCases\\20210113_123145\\1610560426700.png, E:\Modist\ModistProject\Reports\20210113_123145\AllTestCases\20210113_123145\1610560427075.png, E:\\Modist\\ModistProject\\Reports\\20210113_123145\\AllTestCases\\20210113_123145\\1610560522961.png, E:\\Modist\\ModistProject\\Reports\\20210113_123145\\AllTestCases\\20210113_123145\\1610560571942.png, E:\\Modist\\ModistProject\\Reports\\20210113_123145\\AllTestCases\\20210113_123145\\1610560618996.png, E:\\Modist\\ModistProject\\Reports\\20210113_123145\\AllTestCases\\20210113_123145\\1610560646432.png, E:\\Modist\\ModistProject\\Reports\\20210113_123145\\AllTestCases\\20210113_123145\\1610560695149.png, E:\Modist\ModistProject\Reports\20210113_123145\AllTestCases\20210113_123145\1610560695794.png, E:\\Modist\\ModistProject\\Reports\\20210113_123145\\AllTestCases\\20210113_123145\\1610560704823.png, E:\\Modist\\ModistProject\\Reports\\20210113_123145\\AllTestCases\\20210113_123145\\1610560732590.png, E:\\Modist\\ModistProject\\Reports\\20210113_123145\\AllTestCases\\20210113_123145\\1610560787408.png, E:\Modist\ModistProject\Reports\20210113_123145\AllTestCases\20210113_123145\1610560787857.png, E:\\Modist\\ModistProject\\Reports\\20210113_123145\\AllTestCases\\20210113_123145\\1610560796767.png, E:\\Modist\\ModistProject\\Reports\\20210113_123145\\AllTestCases\\20210113_123145\\1610560834003.png, E:\\Modist\\ModistProject\\Reports\\20210113_123145\\AllTestCases\\20210113_123145\\1610560871590.png, E:\\Modist\\ModistProject\\Reports\\20210113_123145\\AllTestCases\\20210113_123145\\1610560911252.png, E:\\Modist\\ModistProject\\Reports\\20210113_123145\\AllTestCases\\20210113_123145\\1610560978000.png, E:\Modist\ModistProject\Reports\20210113_123145\AllTestCases\20210113_123145\1610560978871.png, E:\\Modist\\ModistProject\\Reports\\20210113_123145\\AllTestCases\\20210113_123145\\1610560988290.png, E:\\Modist\\ModistProject\\Reports\\20210113_123145\\AllTestCases\\20210113_123145\\1610561029084.png, E:\\Modist\\ModistProject\\Reports\\20210113_123145\\AllTestCases\\20210113_123145\\1610561076139.png, E:\\Modist\\ModistProject\\Reports\\20210113_123145\\AllTestCases\\20210113_123145\\1610561114750.png, E:\\Modist\\ModistProject\\Reports\\20210113_123145\\AllTestCases\\20210113_123145\\1610561170275.png, E:\Modist\ModistProject\Reports\20210113_123145\AllTestCases\20210113_123145\1610561171585.png, E:\\Modist\\ModistProject\\Reports\\20210113_123145\\AllTestCases\\20210113_123145\\1610561180975.png"/>
         <property name="hostName" value="Lenovo - DESKTOP-H3LAPEO"/>
         <property name="os" value="Windows 10 64bit"/>
         <property name="katalonVersion" value="7.7.0.205"/>
         <property name="browser" value="Firefox 84.0"/>
         <property name="hostAddress" value="192.168.43.128"/>
         <property name="sessionId" value="72b3dbc8-f250-4d27-a972-4442f8861e22"/>
         <property name="seleniumVersion" value="3.141.59"/>
         <property name="proxyInformation" value="ProxyInformation { proxyOption=NO_PROXY, proxyServerType=HTTP, username=, password=********, proxyServerAddress=, proxyServerPort=0, executionList=&quot;&quot;, isApplyToDesiredCapabilities=true }"/>
         <property name="platform" value="Windows 10"/>
      </properties>
      <testcase name="Test Cases/Admin/Asset/addAssetAndVerify" time="28.013" classname="Test Cases/Admin/Asset/addAssetAndVerify" status="PASSED">
         <system-out><![CDATA[2021-01-13 12:32:09 - [TEST_CASE][PASSED] - Test Cases/Admin/Asset/addAssetAndVerify: Test Cases/Admin/Asset/addAssetAndVerify

2021-01-13 12:32:09 - [TEST_STEP][PASSED] - Start listener action : login: null

2021-01-13 12:32:09 - [TEST_STEP][PASSED] - Thread.sleep(3000): null

2021-01-13 12:32:12 - [TEST_STEP][PASSED] - url = getUrl(): Current window's url is: 'https://dev-admin.modist.co/dashboard'

2021-01-13 12:32:12 - [MESSAGE][PASSED] - Current window's url is: 'https://dev-admin.modist.co/dashboard'

2021-01-13 12:32:12 - [TEST_STEP][PASSED] - if (!(url.contains("dashboard"))): null

2021-01-13 12:32:13 - [TEST_STEP][PASSED] - pages.Asset.clickAssetTab(): pages.Asset.clickAssetTab is PASSED

2021-01-13 12:32:13 - [MESSAGE][PASSED] - Object 'Object Repository/Asset/Asset/AssetPageElements/assetTab' is present

2021-01-13 12:32:15 - [MESSAGE][PASSED] - Object 'Object Repository/Asset/Asset/AssetPageElements/assetTab' is visible

2021-01-13 12:32:15 - [MESSAGE][PASSED] - Object 'Object Repository/Asset/Asset/AssetPageElements/assetTab' is clickable

2021-01-13 12:32:15 - [MESSAGE][PASSED] - Object: 'Object Repository/Asset/Asset/AssetPageElements/assetTab' is clicked on

2021-01-13 12:32:15 - [MESSAGE][PASSED] - pages.Asset.clickAssetTab is PASSED

2021-01-13 12:32:15 - [TEST_STEP][PASSED] - assetName = pages.Asset.addAsset(): pages.Asset.addAsset is PASSED

2021-01-13 12:32:16 - [MESSAGE][PASSED] - Object 'Object Repository/Asset/Asset/AssetPageElements/AddAssetButton' is present

2021-01-13 12:32:16 - [MESSAGE][PASSED] - Object 'Object Repository/Asset/Asset/AssetPageElements/AddAssetButton' is visible

2021-01-13 12:32:16 - [MESSAGE][PASSED] - Object 'Object Repository/Asset/Asset/AssetPageElements/AddAssetButton' is clickable

2021-01-13 12:32:17 - [MESSAGE][PASSED] - Object: 'Object Repository/Asset/Asset/AssetPageElements/AddAssetButton' is clicked on

2021-01-13 12:32:17 - [MESSAGE][PASSED] - Object 'Object Repository/Asset/Asset/addAsset/Author' is present

2021-01-13 12:32:18 - [MESSAGE][PASSED] - Object 'Object Repository/Asset/Asset/addAsset/Author' is visible

2021-01-13 12:32:18 - [MESSAGE][PASSED] - Object 'Object Repository/Asset/Asset/addAsset/Author' is clickable

2021-01-13 12:32:19 - [MESSAGE][PASSED] - Text of object 'Object Repository/Asset/Asset/addAsset/Author' is cleared

2021-01-13 12:32:19 - [MESSAGE][PASSED] - Keys 'Author530' sent to object: 'Object Repository/Asset/Asset/addAsset/Author'

2021-01-13 12:32:20 - [MESSAGE][PASSED] - File 'E:\Modist\ModistProject\bike4.jpg' sent to object: 'Object Repository/Asset/Asset/addAsset/chooseFile'

2021-01-13 12:32:20 - [MESSAGE][PASSED] - Object 'Object Repository/Asset/Asset/addAsset/clickTenant' is present

2021-01-13 12:32:20 - [MESSAGE][PASSED] - Object 'Object Repository/Asset/Asset/addAsset/clickTenant' is visible

2021-01-13 12:32:20 - [MESSAGE][PASSED] - Object 'Object Repository/Asset/Asset/addAsset/clickTenant' is clickable

2021-01-13 12:32:21 - [MESSAGE][PASSED] - Object: 'Object Repository/Asset/Asset/addAsset/clickTenant' is clicked on

2021-01-13 12:32:21 - [MESSAGE][PASSED] - Object 'Object Repository/Asset/Asset/addAsset/selectTenent' is present

2021-01-13 12:32:22 - [MESSAGE][PASSED] - Object 'Object Repository/Asset/Asset/addAsset/selectTenent' is visible

2021-01-13 12:32:22 - [MESSAGE][PASSED] - Object 'Object Repository/Asset/Asset/addAsset/selectTenent' is clickable

2021-01-13 12:32:22 - [MESSAGE][PASSED] - Object: 'Object Repository/Asset/Asset/addAsset/selectTenent' is clicked on

2021-01-13 12:32:23 - [MESSAGE][PASSED] - Object 'Object Repository/Asset/Asset/addAsset/addAssetButtonInAddAssetPopup' is present

2021-01-13 12:32:23 - [MESSAGE][PASSED] - Object 'Object Repository/Asset/Asset/addAsset/addAssetButtonInAddAssetPopup' is visible

2021-01-13 12:32:23 - [MESSAGE][PASSED] - Object 'Object Repository/Asset/Asset/addAsset/addAssetButtonInAddAssetPopup' is clickable

2021-01-13 12:32:24 - [MESSAGE][PASSED] - Object: 'Object Repository/Asset/Asset/addAsset/addAssetButtonInAddAssetPopup' is clicked on

2021-01-13 12:32:28 - [MESSAGE][PASSED] - Web element with id: 'Object Repository/Asset/Asset/uploadStatusIcon' located by 'By.xpath: //div[@class='upload-progress-wrapper']' is not present after '10' second(s)

2021-01-13 12:32:28 - [MESSAGE][PASSED] - pages.Asset.addAsset is PASSED

2021-01-13 12:32:28 - [TEST_STEP][PASSED] - pages.Asset.VerifyAssetIsPresent(assetName): pages.Asset.VerifyAssetIsPresent is PASSED

2021-01-13 12:32:28 - [MESSAGE][PASSED] - Object 'Object Repository/Asset/Asset/AssetPageElements/search' is present

2021-01-13 12:32:28 - [MESSAGE][PASSED] - Object 'Object Repository/Asset/Asset/AssetPageElements/search' is visible

2021-01-13 12:32:28 - [MESSAGE][PASSED] - Object 'Object Repository/Asset/Asset/AssetPageElements/search' is clickable

2021-01-13 12:32:29 - [MESSAGE][PASSED] - Text of object 'Object Repository/Asset/Asset/AssetPageElements/search' is cleared

2021-01-13 12:32:29 - [MESSAGE][PASSED] - Keys '' sent to object: 'Object Repository/Asset/Asset/AssetPageElements/search'

2021-01-13 12:32:29 - [MESSAGE][PASSED] - Keys 'A' sent to object: 'Object Repository/Asset/Asset/AssetPageElements/search'

2021-01-13 12:32:30 - [MESSAGE][PASSED] - Keys 'u' sent to object: 'Object Repository/Asset/Asset/AssetPageElements/search'

2021-01-13 12:32:31 - [MESSAGE][PASSED] - Keys 't' sent to object: 'Object Repository/Asset/Asset/AssetPageElements/search'

2021-01-13 12:32:32 - [MESSAGE][PASSED] - Keys 'h' sent to object: 'Object Repository/Asset/Asset/AssetPageElements/search'

2021-01-13 12:32:33 - [MESSAGE][PASSED] - Keys 'o' sent to object: 'Object Repository/Asset/Asset/AssetPageElements/search'

2021-01-13 12:32:34 - [MESSAGE][PASSED] - Keys 'r' sent to object: 'Object Repository/Asset/Asset/AssetPageElements/search'

2021-01-13 12:32:35 - [MESSAGE][PASSED] - Keys '5' sent to object: 'Object Repository/Asset/Asset/AssetPageElements/search'

2021-01-13 12:32:36 - [MESSAGE][PASSED] - Keys '3' sent to object: 'Object Repository/Asset/Asset/AssetPageElements/search'

2021-01-13 12:32:37 - [MESSAGE][PASSED] - Keys '0' sent to object: 'Object Repository/Asset/Asset/AssetPageElements/search'

2021-01-13 12:32:37 - [MESSAGE][PASSED] - Object 'Object Repository/Asset/Asset/assetname(assetName)' is present

2021-01-13 12:32:37 - [MESSAGE][PASSED] - pages.Asset.VerifyAssetIsPresent is PASSED]]></system-out>
         <system-err><![CDATA[]]></system-err>
      </testcase>
      <testcase name="Test Cases/Admin/Asset/deleteAssetAndVerify" time="64.738" classname="Test Cases/Admin/Asset/deleteAssetAndVerify" status="FAILED">
         <failure type="FAILED" message="Test Cases/Admin/Asset/deleteAssetAndVerify FAILED.
Reason:
com.kms.katalon.core.exception.StepFailedException: Unable to click on object 'Object Repository/Asset/Asset/delIcon'
	at com.kms.katalon.core.webui.keyword.internal.WebUIKeywordMain.stepFailed(WebUIKeywordMain.groovy:64)
	at com.kms.katalon.core.webui.keyword.internal.WebUIKeywordMain.runKeyword(WebUIKeywordMain.groovy:26)
	at com.kms.katalon.core.webui.keyword.builtin.ClickKeyword.click(ClickKeyword.groovy:76)
	at com.kms.katalon.core.webui.keyword.builtin.ClickKeyword.execute(ClickKeyword.groovy:43)
	at com.kms.katalon.core.keyword.internal.KeywordExecutor.executeKeywordForPlatform(KeywordExecutor.groovy:73)
	at com.kms.katalon.core.webui.keyword.WebUiBuiltInKeywords.click(WebUiBuiltInKeywords.groovy:617)
	at com.kms.katalon.core.webui.keyword.WebUiBuiltInKeywords$click$8.call(Unknown Source)
	at webAction.WebAction.click(WebAction.groovy:25)
	at webAction.WebAction$click$1.call(Unknown Source)
	at pages.Asset.deleteAsset(Asset.groovy:109)
	at pages.Asset.invokeMethod(Asset.groovy)
	at com.kms.katalon.core.main.CustomKeywordDelegatingMetaClass.invokeStaticMethod(CustomKeywordDelegatingMetaClass.java:50)
	at deleteAssetAndVerify.run(deleteAssetAndVerify:24)
	at com.kms.katalon.core.main.ScriptEngine.run(ScriptEngine.java:194)
	at com.kms.katalon.core.main.ScriptEngine.runScriptAsRawText(ScriptEngine.java:119)
	at com.kms.katalon.core.main.TestCaseExecutor.runScript(TestCaseExecutor.java:339)
	at com.kms.katalon.core.main.TestCaseExecutor.doExecute(TestCaseExecutor.java:330)
	at com.kms.katalon.core.main.TestCaseExecutor.processExecutionPhase(TestCaseExecutor.java:309)
	at com.kms.katalon.core.main.TestCaseExecutor.accessMainPhase(TestCaseExecutor.java:301)
	at com.kms.katalon.core.main.TestCaseExecutor.execute(TestCaseExecutor.java:235)
	at com.kms.katalon.core.main.TestSuiteExecutor.accessTestCaseMainPhase(TestSuiteExecutor.java:191)
	at com.kms.katalon.core.main.TestSuiteExecutor.accessTestSuiteMainPhase(TestSuiteExecutor.java:141)
	at com.kms.katalon.core.main.TestSuiteExecutor.execute(TestSuiteExecutor.java:90)
	at com.kms.katalon.core.main.TestCaseMain.startTestSuite(TestCaseMain.java:157)
	at com.kms.katalon.core.main.TestCaseMain$startTestSuite$0.call(Unknown Source)
	at TempTestSuite1610559105062.run(TempTestSuite1610559105062.groovy:39)
Caused by: org.openqa.selenium.ElementNotInteractableException: Element &lt;div class=&quot;context-action&quot;> could not be scrolled into view
Build info: version: '3.141.59', revision: 'e82be7d358', time: '2018-11-14T08:25:53'
System info: host: 'DESKTOP-H3LAPEO', ip: '192.168.43.128', os.name: 'Windows 10', os.arch: 'amd64', os.version: '10.0', java.version: '1.8.0_181'
Driver info: com.kms.katalon.core.webui.driver.firefox.CGeckoDriver
Capabilities {acceptInsecureCerts: true, browserName: firefox, browserVersion: 84.0.2, javascriptEnabled: true, moz:accessibilityChecks: false, moz:buildID: 20210105180113, moz:geckodriverVersion: 0.28.0, moz:headless: false, moz:processID: 9288, moz:profile: C:\Users\Lenovo\AppData\Loc..., moz:shutdownTimeout: 60000, moz:useNonSpecCompliantPointerOrigin: false, moz:webdriverClick: true, pageLoadStrategy: normal, platform: WINDOWS, platformName: WINDOWS, platformVersion: 10.0, proxy: Proxy(direct), rotatable: false, setWindowRect: true, strictFileInteractability: false, timeouts: {implicit: 0, pageLoad: 300000, script: 30000}, unhandledPromptBehavior: dismiss and notify}
Session ID: 72b3dbc8-f250-4d27-a972-4442f8861e22
	at org.openqa.selenium.remote.http.W3CHttpResponseCodec.createException(W3CHttpResponseCodec.java:187)
	at org.openqa.selenium.remote.http.W3CHttpResponseCodec.decode(W3CHttpResponseCodec.java:122)
	at org.openqa.selenium.remote.http.W3CHttpResponseCodec.decode(W3CHttpResponseCodec.java:49)
	at org.openqa.selenium.remote.HttpCommandExecutor.execute(HttpCommandExecutor.java:158)
	at org.openqa.selenium.remote.service.DriverCommandExecutor.execute(DriverCommandExecutor.java:83)
	at org.openqa.selenium.remote.RemoteWebDriver.execute(RemoteWebDriver.java:552)
	at com.kms.katalon.selenium.driver.CFirefoxDriver.execute(CFirefoxDriver.java:27)
	at org.openqa.selenium.remote.RemoteWebElement.execute(RemoteWebElement.java:285)
	at org.openqa.selenium.remote.RemoteWebElement.click(RemoteWebElement.java:84)
	at org.openqa.selenium.support.events.EventFiringWebDriver$EventFiringWebElement.lambda$new$0(EventFiringWebDriver.java:404)
	at com.sun.proxy.$Proxy12.click(Unknown Source)
	at org.openqa.selenium.support.events.EventFiringWebDriver$EventFiringWebElement.click(EventFiringWebDriver.java:417)
	at com.kms.katalon.core.webui.keyword.builtin.ClickKeyword$_click_closure1.doCall(ClickKeyword.groovy:69)
	at com.kms.katalon.core.webui.keyword.builtin.ClickKeyword$_click_closure1.call(ClickKeyword.groovy)
	at com.kms.katalon.core.webui.keyword.internal.WebUIKeywordMain.runKeyword(WebUIKeywordMain.groovy:20)
	... 24 more
"/>
         <system-out><![CDATA[2021-01-13 12:32:37 - [TEST_CASE][FAILED] - Test Cases/Admin/Asset/deleteAssetAndVerify: Test Cases/Admin/Asset/deleteAssetAndVerify FAILED.
Reason:
com.kms.katalon.core.exception.StepFailedException: Unable to click on object 'Object Repository/Asset/Asset/delIcon'
	at com.kms.katalon.core.webui.keyword.internal.WebUIKeywordMain.stepFailed(WebUIKeywordMain.groovy:64)
	at com.kms.katalon.core.webui.keyword.internal.WebUIKeywordMain.runKeyword(WebUIKeywordMain.groovy:26)
	at com.kms.katalon.core.webui.keyword.builtin.ClickKeyword.click(ClickKeyword.groovy:76)
	at com.kms.katalon.core.webui.keyword.builtin.ClickKeyword.execute(ClickKeyword.groovy:43)
	at com.kms.katalon.core.keyword.internal.KeywordExecutor.executeKeywordForPlatform(KeywordExecutor.groovy:73)
	at com.kms.katalon.core.webui.keyword.WebUiBuiltInKeywords.click(WebUiBuiltInKeywords.groovy:617)
	at com.kms.katalon.core.webui.keyword.WebUiBuiltInKeywords$click$8.call(Unknown Source)
	at webAction.WebAction.click(WebAction.groovy:25)
	at webAction.WebAction$click$1.call(Unknown Source)
	at pages.Asset.deleteAsset(Asset.groovy:109)
	at pages.Asset.invokeMethod(Asset.groovy)
	at com.kms.katalon.core.main.CustomKeywordDelegatingMetaClass.invokeStaticMethod(CustomKeywordDelegatingMetaClass.java:50)
	at deleteAssetAndVerify.run(deleteAssetAndVerify:24)
	at com.kms.katalon.core.main.ScriptEngine.run(ScriptEngine.java:194)
	at com.kms.katalon.core.main.ScriptEngine.runScriptAsRawText(ScriptEngine.java:119)
	at com.kms.katalon.core.main.TestCaseExecutor.runScript(TestCaseExecutor.java:339)
	at com.kms.katalon.core.main.TestCaseExecutor.doExecute(TestCaseExecutor.java:330)
	at com.kms.katalon.core.main.TestCaseExecutor.processExecutionPhase(TestCaseExecutor.java:309)
	at com.kms.katalon.core.main.TestCaseExecutor.accessMainPhase(TestCaseExecutor.java:301)
	at com.kms.katalon.core.main.TestCaseExecutor.execute(TestCaseExecutor.java:235)
	at com.kms.katalon.core.main.TestSuiteExecutor.accessTestCaseMainPhase(TestSuiteExecutor.java:191)
	at com.kms.katalon.core.main.TestSuiteExecutor.accessTestSuiteMainPhase(TestSuiteExecutor.java:141)
	at com.kms.katalon.core.main.TestSuiteExecutor.execute(TestSuiteExecutor.java:90)
	at com.kms.katalon.core.main.TestCaseMain.startTestSuite(TestCaseMain.java:157)
	at com.kms.katalon.core.main.TestCaseMain$startTestSuite$0.call(Unknown Source)
	at TempTestSuite1610559105062.run(TempTestSuite1610559105062.groovy:39)
Caused by: org.openqa.selenium.ElementNotInteractableException: Element <div class="context-action"> could not be scrolled into view
Build info: version: '3.141.59', revision: 'e82be7d358', time: '2018-11-14T08:25:53'
System info: host: 'DESKTOP-H3LAPEO', ip: '192.168.43.128', os.name: 'Windows 10', os.arch: 'amd64', os.version: '10.0', java.version: '1.8.0_181'
Driver info: com.kms.katalon.core.webui.driver.firefox.CGeckoDriver
Capabilities {acceptInsecureCerts: true, browserName: firefox, browserVersion: 84.0.2, javascriptEnabled: true, moz:accessibilityChecks: false, moz:buildID: 20210105180113, moz:geckodriverVersion: 0.28.0, moz:headless: false, moz:processID: 9288, moz:profile: C:\Users\Lenovo\AppData\Loc..., moz:shutdownTimeout: 60000, moz:useNonSpecCompliantPointerOrigin: false, moz:webdriverClick: true, pageLoadStrategy: normal, platform: WINDOWS, platformName: WINDOWS, platformVersion: 10.0, proxy: Proxy(direct), rotatable: false, setWindowRect: true, strictFileInteractability: false, timeouts: {implicit: 0, pageLoad: 300000, script: 30000}, unhandledPromptBehavior: dismiss and notify}
Session ID: 72b3dbc8-f250-4d27-a972-4442f8861e22
	at org.openqa.selenium.remote.http.W3CHttpResponseCodec.createException(W3CHttpResponseCodec.java:187)
	at org.openqa.selenium.remote.http.W3CHttpResponseCodec.decode(W3CHttpResponseCodec.java:122)
	at org.openqa.selenium.remote.http.W3CHttpResponseCodec.decode(W3CHttpResponseCodec.java:49)
	at org.openqa.selenium.remote.HttpCommandExecutor.execute(HttpCommandExecutor.java:158)
	at org.openqa.selenium.remote.service.DriverCommandExecutor.execute(DriverCommandExecutor.java:83)
	at org.openqa.selenium.remote.RemoteWebDriver.execute(RemoteWebDriver.java:552)
	at com.kms.katalon.selenium.driver.CFirefoxDriver.execute(CFirefoxDriver.java:27)
	at org.openqa.selenium.remote.RemoteWebElement.execute(RemoteWebElement.java:285)
	at org.openqa.selenium.remote.RemoteWebElement.click(RemoteWebElement.java:84)
	at org.openqa.selenium.support.events.EventFiringWebDriver$EventFiringWebElement.lambda$new$0(EventFiringWebDriver.java:404)
	at com.sun.proxy.$Proxy12.click(Unknown Source)
	at org.openqa.selenium.support.events.EventFiringWebDriver$EventFiringWebElement.click(EventFiringWebDriver.java:417)
	at com.kms.katalon.core.webui.keyword.builtin.ClickKeyword$_click_closure1.doCall(ClickKeyword.groovy:69)
	at com.kms.katalon.core.webui.keyword.builtin.ClickKeyword$_click_closure1.call(ClickKeyword.groovy)
	at com.kms.katalon.core.webui.keyword.internal.WebUIKeywordMain.runKeyword(WebUIKeywordMain.groovy:20)
	... 24 more


2021-01-13 12:32:37 - [TEST_STEP][PASSED] - Start listener action : login: null

2021-01-13 12:32:37 - [TEST_STEP][PASSED] - Thread.sleep(3000): null

2021-01-13 12:32:40 - [TEST_STEP][PASSED] - url = getUrl(): Current window's url is: 'https://dev-admin.modist.co/dashboard'

2021-01-13 12:32:40 - [MESSAGE][PASSED] - Current window's url is: 'https://dev-admin.modist.co/dashboard'

2021-01-13 12:32:40 - [TEST_STEP][PASSED] - if (!(url.contains("dashboard"))): null

2021-01-13 12:32:41 - [TEST_STEP][PASSED] - pages.Asset.clickAssetTab(): pages.Asset.clickAssetTab is PASSED

2021-01-13 12:32:41 - [MESSAGE][PASSED] - Object 'Object Repository/Asset/Asset/AssetPageElements/assetTab' is present

2021-01-13 12:32:41 - [MESSAGE][PASSED] - Object 'Object Repository/Asset/Asset/AssetPageElements/assetTab' is visible

2021-01-13 12:32:41 - [MESSAGE][PASSED] - Object 'Object Repository/Asset/Asset/AssetPageElements/assetTab' is clickable

2021-01-13 12:32:42 - [MESSAGE][PASSED] - Object: 'Object Repository/Asset/Asset/AssetPageElements/assetTab' is clicked on

2021-01-13 12:32:42 - [MESSAGE][PASSED] - pages.Asset.clickAssetTab is PASSED

2021-01-13 12:32:42 - [TEST_STEP][PASSED] - assetName = pages.Asset.getRandomAssetName(): pages.Asset.getRandomAssetName is PASSED

2021-01-13 12:32:42 - [MESSAGE][PASSED] - Wait for page load successfully

2021-01-13 12:32:42 - [MESSAGE][PASSED] - Object 'Object Repository/Asset/Asset/AssetCount' is present

2021-01-13 12:32:43 - [MESSAGE][PASSED] - Text of object 'Object Repository/Asset/Asset/randomAsset(index)' is: 'Author530'

2021-01-13 12:32:43 - [MESSAGE][PASSED] - pages.Asset.getRandomAssetName is PASSED

2021-01-13 12:32:43 - [TEST_STEP][FAILED] - pages.Asset.deleteAsset(assetName): Unable to click on object 'Object Repository/Asset/Asset/delIcon'

2021-01-13 12:32:43 - [MESSAGE][PASSED] - Object 'Object Repository/Asset/Asset/AssetPageElements/search' is present

2021-01-13 12:32:43 - [MESSAGE][PASSED] - Object 'Object Repository/Asset/Asset/AssetPageElements/search' is visible

2021-01-13 12:32:43 - [MESSAGE][PASSED] - Object 'Object Repository/Asset/Asset/AssetPageElements/search' is clickable

2021-01-13 12:32:44 - [MESSAGE][PASSED] - Text of object 'Object Repository/Asset/Asset/AssetPageElements/search' is cleared

2021-01-13 12:32:45 - [MESSAGE][PASSED] - Keys '' sent to object: 'Object Repository/Asset/Asset/AssetPageElements/search'

2021-01-13 12:32:45 - [MESSAGE][PASSED] - Keys 'A' sent to object: 'Object Repository/Asset/Asset/AssetPageElements/search'

2021-01-13 12:32:46 - [MESSAGE][PASSED] - Keys 'u' sent to object: 'Object Repository/Asset/Asset/AssetPageElements/search'

2021-01-13 12:32:48 - [MESSAGE][PASSED] - Keys 't' sent to object: 'Object Repository/Asset/Asset/AssetPageElements/search'

2021-01-13 12:32:49 - [MESSAGE][PASSED] - Keys 'h' sent to object: 'Object Repository/Asset/Asset/AssetPageElements/search'

2021-01-13 12:32:49 - [MESSAGE][PASSED] - Keys 'o' sent to object: 'Object Repository/Asset/Asset/AssetPageElements/search'

2021-01-13 12:32:50 - [MESSAGE][PASSED] - Keys 'r' sent to object: 'Object Repository/Asset/Asset/AssetPageElements/search'

2021-01-13 12:32:50 - [MESSAGE][PASSED] - Keys '5' sent to object: 'Object Repository/Asset/Asset/AssetPageElements/search'

2021-01-13 12:32:53 - [MESSAGE][PASSED] - Keys '3' sent to object: 'Object Repository/Asset/Asset/AssetPageElements/search'

2021-01-13 12:32:55 - [MESSAGE][PASSED] - Keys '0' sent to object: 'Object Repository/Asset/Asset/AssetPageElements/search'

2021-01-13 12:32:57 - [MESSAGE][PASSED] - Object 'Object Repository/Asset/Asset/delAssetCheckbox(assetName)' is present

2021-01-13 12:32:59 - [MESSAGE][PASSED] - Object 'Object Repository/Asset/Asset/delAssetCheckbox(assetName)' is visible

2021-01-13 12:33:01 - [MESSAGE][PASSED] - Object 'Object Repository/Asset/Asset/delAssetCheckbox(assetName)' is clickable

2021-01-13 12:33:04 - [MESSAGE][PASSED] - Object: 'Object Repository/Asset/Asset/delAssetCheckbox(assetName)' is clicked on

2021-01-13 12:33:05 - [MESSAGE][PASSED] - Object 'Object Repository/Asset/Asset/delIcon' is present

2021-01-13 12:33:38 - [MESSAGE][WARNING] - Object 'Object Repository/Asset/Asset/delIcon' is not visible after 30 second(s)

2021-01-13 12:33:40 - [MESSAGE][PASSED] - Object 'Object Repository/Asset/Asset/delIcon' is clickable

2021-01-13 12:33:42 - [MESSAGE][FAILED] - Unable to click on object 'Object Repository/Asset/Asset/delIcon' (Root cause: com.kms.katalon.core.exception.StepFailedException: Unable to click on object 'Object Repository/Asset/Asset/delIcon'
	at com.kms.katalon.core.webui.keyword.internal.WebUIKeywordMain.stepFailed(WebUIKeywordMain.groovy:64)
	at com.kms.katalon.core.webui.keyword.internal.WebUIKeywordMain.runKeyword(WebUIKeywordMain.groovy:26)
	at com.kms.katalon.core.webui.keyword.builtin.ClickKeyword.click(ClickKeyword.groovy:76)
	at com.kms.katalon.core.webui.keyword.builtin.ClickKeyword.execute(ClickKeyword.groovy:43)
	at com.kms.katalon.core.keyword.internal.KeywordExecutor.executeKeywordForPlatform(KeywordExecutor.groovy:73)
	at com.kms.katalon.core.webui.keyword.WebUiBuiltInKeywords.click(WebUiBuiltInKeywords.groovy:617)
	at com.kms.katalon.core.webui.keyword.WebUiBuiltInKeywords$click$8.call(Unknown Source)
	at webAction.WebAction.click(WebAction.groovy:25)
	at webAction.WebAction$click$1.call(Unknown Source)
	at pages.Asset.deleteAsset(Asset.groovy:109)
	at pages.Asset.invokeMethod(Asset.groovy)
	at com.kms.katalon.core.main.CustomKeywordDelegatingMetaClass.invokeStaticMethod(CustomKeywordDelegatingMetaClass.java:50)
	at deleteAssetAndVerify.run(deleteAssetAndVerify:24)
	at com.kms.katalon.core.main.ScriptEngine.run(ScriptEngine.java:194)
	at com.kms.katalon.core.main.ScriptEngine.runScriptAsRawText(ScriptEngine.java:119)
	at com.kms.katalon.core.main.TestCaseExecutor.runScript(TestCaseExecutor.java:339)
	at com.kms.katalon.core.main.TestCaseExecutor.doExecute(TestCaseExecutor.java:330)
	at com.kms.katalon.core.main.TestCaseExecutor.processExecutionPhase(TestCaseExecutor.java:309)
	at com.kms.katalon.core.main.TestCaseExecutor.accessMainPhase(TestCaseExecutor.java:301)
	at com.kms.katalon.core.main.TestCaseExecutor.execute(TestCaseExecutor.java:235)
	at com.kms.katalon.core.main.TestSuiteExecutor.accessTestCaseMainPhase(TestSuiteExecutor.java:191)
	at com.kms.katalon.core.main.TestSuiteExecutor.accessTestSuiteMainPhase(TestSuiteExecutor.java:141)
	at com.kms.katalon.core.main.TestSuiteExecutor.execute(TestSuiteExecutor.java:90)
	at com.kms.katalon.core.main.TestCaseMain.startTestSuite(TestCaseMain.java:157)
	at com.kms.katalon.core.main.TestCaseMain$startTestSuite$0.call(Unknown Source)
	at TempTestSuite1610559105062.run(TempTestSuite1610559105062.groovy:39)
Caused by: org.openqa.selenium.ElementNotInteractableException: Element <div class="context-action"> could not be scrolled into view
Build info: version: '3.141.59', revision: 'e82be7d358', time: '2018-11-14T08:25:53'
System info: host: 'DESKTOP-H3LAPEO', ip: '192.168.43.128', os.name: 'Windows 10', os.arch: 'amd64', os.version: '10.0', java.version: '1.8.0_181'
Driver info: com.kms.katalon.core.webui.driver.firefox.CGeckoDriver
Capabilities {acceptInsecureCerts: true, browserName: firefox, browserVersion: 84.0.2, javascriptEnabled: true, moz:accessibilityChecks: false, moz:buildID: 20210105180113, moz:geckodriverVersion: 0.28.0, moz:headless: false, moz:processID: 9288, moz:profile: C:\Users\Lenovo\AppData\Loc..., moz:shutdownTimeout: 60000, moz:useNonSpecCompliantPointerOrigin: false, moz:webdriverClick: true, pageLoadStrategy: normal, platform: WINDOWS, platformName: WINDOWS, platformVersion: 10.0, proxy: Proxy(direct), rotatable: false, setWindowRect: true, strictFileInteractability: false, timeouts: {implicit: 0, pageLoad: 300000, script: 30000}, unhandledPromptBehavior: dismiss and notify}
Session ID: 72b3dbc8-f250-4d27-a972-4442f8861e22
	at org.openqa.selenium.remote.http.W3CHttpResponseCodec.createException(W3CHttpResponseCodec.java:187)
	at org.openqa.selenium.remote.http.W3CHttpResponseCodec.decode(W3CHttpResponseCodec.java:122)
	at org.openqa.selenium.remote.http.W3CHttpResponseCodec.decode(W3CHttpResponseCodec.java:49)
	at org.openqa.selenium.remote.HttpCommandExecutor.execute(HttpCommandExecutor.java:158)
	at org.openqa.selenium.remote.service.DriverCommandExecutor.execute(DriverCommandExecutor.java:83)
	at org.openqa.selenium.remote.RemoteWebDriver.execute(RemoteWebDriver.java:552)
	at com.kms.katalon.selenium.driver.CFirefoxDriver.execute(CFirefoxDriver.java:27)
	at org.openqa.selenium.remote.RemoteWebElement.execute(RemoteWebElement.java:285)
	at org.openqa.selenium.remote.RemoteWebElement.click(RemoteWebElement.java:84)
	at org.openqa.selenium.support.events.EventFiringWebDriver$EventFiringWebElement.lambda$new$0(EventFiringWebDriver.java:404)
	at com.sun.proxy.$Proxy12.click(Unknown Source)
	at org.openqa.selenium.support.events.EventFiringWebDriver$EventFiringWebElement.click(EventFiringWebDriver.java:417)
	at com.kms.katalon.core.webui.keyword.builtin.ClickKeyword$_click_closure1.doCall(ClickKeyword.groovy:69)
	at com.kms.katalon.core.webui.keyword.builtin.ClickKeyword$_click_closure1.call(ClickKeyword.groovy)
	at com.kms.katalon.core.webui.keyword.internal.WebUIKeywordMain.runKeyword(WebUIKeywordMain.groovy:20)
	at com.kms.katalon.core.webui.keyword.builtin.ClickKeyword.click(ClickKeyword.groovy:76)
	at com.kms.katalon.core.webui.keyword.builtin.ClickKeyword.execute(ClickKeyword.groovy:43)
	at com.kms.katalon.core.keyword.internal.KeywordExecutor.executeKeywordForPlatform(KeywordExecutor.groovy:73)
	at com.kms.katalon.core.webui.keyword.WebUiBuiltInKeywords.click(WebUiBuiltInKeywords.groovy:617)
	at com.kms.katalon.core.webui.keyword.WebUiBuiltInKeywords$click$8.call(Unknown Source)
	at webAction.WebAction.click(WebAction.groovy:25)
	at webAction.WebAction$click$1.call(Unknown Source)
	at pages.Asset.deleteAsset(Asset.groovy:109)
	at pages.Asset.invokeMethod(Asset.groovy)
	at com.kms.katalon.core.main.CustomKeywordDelegatingMetaClass.invokeStaticMethod(CustomKeywordDelegatingMetaClass.java:50)
	at Script1610550032112.run(Script1610550032112.groovy:24)
	... 13 more
)
[[ATTACHMENT|E:\\Modist\\ModistProject\\Reports\\20210113_123145\\AllTestCases\\20210113_123145\\1610559222562.png]]

2021-01-13 12:33:42 - [MESSAGE][FAILED] - Unable to click on object 'Object Repository/Asset/Asset/delIcon']]></system-out>
         <system-err><![CDATA[2021-01-13 12:32:37 - [TEST_CASE][FAILED] - Test Cases/Admin/Asset/deleteAssetAndVerify: Test Cases/Admin/Asset/deleteAssetAndVerify FAILED.
Reason:
com.kms.katalon.core.exception.StepFailedException: Unable to click on object 'Object Repository/Asset/Asset/delIcon'
	at com.kms.katalon.core.webui.keyword.internal.WebUIKeywordMain.stepFailed(WebUIKeywordMain.groovy:64)
	at com.kms.katalon.core.webui.keyword.internal.WebUIKeywordMain.runKeyword(WebUIKeywordMain.groovy:26)
	at com.kms.katalon.core.webui.keyword.builtin.ClickKeyword.click(ClickKeyword.groovy:76)
	at com.kms.katalon.core.webui.keyword.builtin.ClickKeyword.execute(ClickKeyword.groovy:43)
	at com.kms.katalon.core.keyword.internal.KeywordExecutor.executeKeywordForPlatform(KeywordExecutor.groovy:73)
	at com.kms.katalon.core.webui.keyword.WebUiBuiltInKeywords.click(WebUiBuiltInKeywords.groovy:617)
	at com.kms.katalon.core.webui.keyword.WebUiBuiltInKeywords$click$8.call(Unknown Source)
	at webAction.WebAction.click(WebAction.groovy:25)
	at webAction.WebAction$click$1.call(Unknown Source)
	at pages.Asset.deleteAsset(Asset.groovy:109)
	at pages.Asset.invokeMethod(Asset.groovy)
	at com.kms.katalon.core.main.CustomKeywordDelegatingMetaClass.invokeStaticMethod(CustomKeywordDelegatingMetaClass.java:50)
	at deleteAssetAndVerify.run(deleteAssetAndVerify:24)
	at com.kms.katalon.core.main.ScriptEngine.run(ScriptEngine.java:194)
	at com.kms.katalon.core.main.ScriptEngine.runScriptAsRawText(ScriptEngine.java:119)
	at com.kms.katalon.core.main.TestCaseExecutor.runScript(TestCaseExecutor.java:339)
	at com.kms.katalon.core.main.TestCaseExecutor.doExecute(TestCaseExecutor.java:330)
	at com.kms.katalon.core.main.TestCaseExecutor.processExecutionPhase(TestCaseExecutor.java:309)
	at com.kms.katalon.core.main.TestCaseExecutor.accessMainPhase(TestCaseExecutor.java:301)
	at com.kms.katalon.core.main.TestCaseExecutor.execute(TestCaseExecutor.java:235)
	at com.kms.katalon.core.main.TestSuiteExecutor.accessTestCaseMainPhase(TestSuiteExecutor.java:191)
	at com.kms.katalon.core.main.TestSuiteExecutor.accessTestSuiteMainPhase(TestSuiteExecutor.java:141)
	at com.kms.katalon.core.main.TestSuiteExecutor.execute(TestSuiteExecutor.java:90)
	at com.kms.katalon.core.main.TestCaseMain.startTestSuite(TestCaseMain.java:157)
	at com.kms.katalon.core.main.TestCaseMain$startTestSuite$0.call(Unknown Source)
	at TempTestSuite1610559105062.run(TempTestSuite1610559105062.groovy:39)
Caused by: org.openqa.selenium.ElementNotInteractableException: Element <div class="context-action"> could not be scrolled into view
Build info: version: '3.141.59', revision: 'e82be7d358', time: '2018-11-14T08:25:53'
System info: host: 'DESKTOP-H3LAPEO', ip: '192.168.43.128', os.name: 'Windows 10', os.arch: 'amd64', os.version: '10.0', java.version: '1.8.0_181'
Driver info: com.kms.katalon.core.webui.driver.firefox.CGeckoDriver
Capabilities {acceptInsecureCerts: true, browserName: firefox, browserVersion: 84.0.2, javascriptEnabled: true, moz:accessibilityChecks: false, moz:buildID: 20210105180113, moz:geckodriverVersion: 0.28.0, moz:headless: false, moz:processID: 9288, moz:profile: C:\Users\Lenovo\AppData\Loc..., moz:shutdownTimeout: 60000, moz:useNonSpecCompliantPointerOrigin: false, moz:webdriverClick: true, pageLoadStrategy: normal, platform: WINDOWS, platformName: WINDOWS, platformVersion: 10.0, proxy: Proxy(direct), rotatable: false, setWindowRect: true, strictFileInteractability: false, timeouts: {implicit: 0, pageLoad: 300000, script: 30000}, unhandledPromptBehavior: dismiss and notify}
Session ID: 72b3dbc8-f250-4d27-a972-4442f8861e22
	at org.openqa.selenium.remote.http.W3CHttpResponseCodec.createException(W3CHttpResponseCodec.java:187)
	at org.openqa.selenium.remote.http.W3CHttpResponseCodec.decode(W3CHttpResponseCodec.java:122)
	at org.openqa.selenium.remote.http.W3CHttpResponseCodec.decode(W3CHttpResponseCodec.java:49)
	at org.openqa.selenium.remote.HttpCommandExecutor.execute(HttpCommandExecutor.java:158)
	at org.openqa.selenium.remote.service.DriverCommandExecutor.execute(DriverCommandExecutor.java:83)
	at org.openqa.selenium.remote.RemoteWebDriver.execute(RemoteWebDriver.java:552)
	at com.kms.katalon.selenium.driver.CFirefoxDriver.execute(CFirefoxDriver.java:27)
	at org.openqa.selenium.remote.RemoteWebElement.execute(RemoteWebElement.java:285)
	at org.openqa.selenium.remote.RemoteWebElement.click(RemoteWebElement.java:84)
	at org.openqa.selenium.support.events.EventFiringWebDriver$EventFiringWebElement.lambda$new$0(EventFiringWebDriver.java:404)
	at com.sun.proxy.$Proxy12.click(Unknown Source)
	at org.openqa.selenium.support.events.EventFiringWebDriver$EventFiringWebElement.click(EventFiringWebDriver.java:417)
	at com.kms.katalon.core.webui.keyword.builtin.ClickKeyword$_click_closure1.doCall(ClickKeyword.groovy:69)
	at com.kms.katalon.core.webui.keyword.builtin.ClickKeyword$_click_closure1.call(ClickKeyword.groovy)
	at com.kms.katalon.core.webui.keyword.internal.WebUIKeywordMain.runKeyword(WebUIKeywordMain.groovy:20)
	... 24 more]]></system-err>
      </testcase>
      <testcase name="Test Cases/Admin/Asset/editSourceInAssetEditPageAndVerify" time="92.444" classname="Test Cases/Admin/Asset/editSourceInAssetEditPageAndVerify" status="FAILED">
         <failure type="FAILED" message="Test Cases/Admin/Asset/editSourceInAssetEditPageAndVerify FAILED.
Reason:
com.kms.katalon.core.exception.StepFailedException: Unable to scroll to object 'Object Repository/Asset/Asset/assetEditpage/sourceName(sourceName)'
	at com.kms.katalon.core.webui.keyword.internal.WebUIKeywordMain.stepFailed(WebUIKeywordMain.groovy:64)
	at com.kms.katalon.core.webui.keyword.internal.WebUIKeywordMain.runKeyword(WebUIKeywordMain.groovy:26)
	at com.kms.katalon.core.webui.keyword.builtin.ScrollToElementKeyword.scrollToElement(ScrollToElementKeyword.groovy:88)
	at com.kms.katalon.core.webui.keyword.builtin.ScrollToElementKeyword.execute(ScrollToElementKeyword.groovy:68)
	at com.kms.katalon.core.keyword.internal.KeywordExecutor.executeKeywordForPlatform(KeywordExecutor.groovy:73)
	at com.kms.katalon.core.webui.keyword.WebUiBuiltInKeywords.scrollToElement(WebUiBuiltInKeywords.groovy:3432)
	at com.kms.katalon.core.webui.keyword.WebUiBuiltInKeywords$scrollToElement$14.call(Unknown Source)
	at webAction.WebAction.scrollToElement(WebAction.groovy:65)
	at webAction.WebAction$scrollToElement$3.call(Unknown Source)
	at pages.Asset.verifySourceInEditAssetPage(Asset.groovy:164)
	at pages.Asset.invokeMethod(Asset.groovy)
	at com.kms.katalon.core.main.CustomKeywordDelegatingMetaClass.invokeStaticMethod(CustomKeywordDelegatingMetaClass.java:50)
	at editSourceInAssetEditPageAndVerify.run(editSourceInAssetEditPageAndVerify:24)
	at com.kms.katalon.core.main.ScriptEngine.run(ScriptEngine.java:194)
	at com.kms.katalon.core.main.ScriptEngine.runScriptAsRawText(ScriptEngine.java:119)
	at com.kms.katalon.core.main.TestCaseExecutor.runScript(TestCaseExecutor.java:339)
	at com.kms.katalon.core.main.TestCaseExecutor.doExecute(TestCaseExecutor.java:330)
	at com.kms.katalon.core.main.TestCaseExecutor.processExecutionPhase(TestCaseExecutor.java:309)
	at com.kms.katalon.core.main.TestCaseExecutor.accessMainPhase(TestCaseExecutor.java:301)
	at com.kms.katalon.core.main.TestCaseExecutor.execute(TestCaseExecutor.java:235)
	at com.kms.katalon.core.main.TestSuiteExecutor.accessTestCaseMainPhase(TestSuiteExecutor.java:191)
	at com.kms.katalon.core.main.TestSuiteExecutor.accessTestSuiteMainPhase(TestSuiteExecutor.java:141)
	at com.kms.katalon.core.main.TestSuiteExecutor.execute(TestSuiteExecutor.java:90)
	at com.kms.katalon.core.main.TestCaseMain.startTestSuite(TestCaseMain.java:157)
	at com.kms.katalon.core.main.TestCaseMain$startTestSuite$0.call(Unknown Source)
	at TempTestSuite1610559105062.run(TempTestSuite1610559105062.groovy:39)
Caused by: com.kms.katalon.core.webui.exception.WebElementNotFoundException: Web element with id: 'Object Repository/Asset/Asset/assetEditpage/sourceName(sourceName)' located by '//span[text()=&quot;null&quot;] ' not found
	at com.kms.katalon.core.webui.common.WebUiCommonHelper.findWebElement(WebUiCommonHelper.java:1368)
	at com.kms.katalon.core.webui.keyword.internal.WebUIAbstractKeyword.findWebElement(WebUIAbstractKeyword.groovy:27)
	at com.kms.katalon.core.webui.keyword.internal.WebUIAbstractKeyword.findWebElement(WebUIAbstractKeyword.groovy:26)
	at com.kms.katalon.core.webui.keyword.builtin.ScrollToElementKeyword$_scrollToElement_closure1.doCall(ScrollToElementKeyword.groovy:79)
	at com.kms.katalon.core.webui.keyword.builtin.ScrollToElementKeyword$_scrollToElement_closure1.call(ScrollToElementKeyword.groovy)
	at com.kms.katalon.core.webui.keyword.internal.WebUIKeywordMain.runKeyword(WebUIKeywordMain.groovy:20)
	... 24 more
"/>
         <system-out><![CDATA[2021-01-13 12:33:42 - [TEST_CASE][FAILED] - Test Cases/Admin/Asset/editSourceInAssetEditPageAndVerify: Test Cases/Admin/Asset/editSourceInAssetEditPageAndVerify FAILED.
Reason:
com.kms.katalon.core.exception.StepFailedException: Unable to scroll to object 'Object Repository/Asset/Asset/assetEditpage/sourceName(sourceName)'
	at com.kms.katalon.core.webui.keyword.internal.WebUIKeywordMain.stepFailed(WebUIKeywordMain.groovy:64)
	at com.kms.katalon.core.webui.keyword.internal.WebUIKeywordMain.runKeyword(WebUIKeywordMain.groovy:26)
	at com.kms.katalon.core.webui.keyword.builtin.ScrollToElementKeyword.scrollToElement(ScrollToElementKeyword.groovy:88)
	at com.kms.katalon.core.webui.keyword.builtin.ScrollToElementKeyword.execute(ScrollToElementKeyword.groovy:68)
	at com.kms.katalon.core.keyword.internal.KeywordExecutor.executeKeywordForPlatform(KeywordExecutor.groovy:73)
	at com.kms.katalon.core.webui.keyword.WebUiBuiltInKeywords.scrollToElement(WebUiBuiltInKeywords.groovy:3432)
	at com.kms.katalon.core.webui.keyword.WebUiBuiltInKeywords$scrollToElement$14.call(Unknown Source)
	at webAction.WebAction.scrollToElement(WebAction.groovy:65)
	at webAction.WebAction$scrollToElement$3.call(Unknown Source)
	at pages.Asset.verifySourceInEditAssetPage(Asset.groovy:164)
	at pages.Asset.invokeMethod(Asset.groovy)
	at com.kms.katalon.core.main.CustomKeywordDelegatingMetaClass.invokeStaticMethod(CustomKeywordDelegatingMetaClass.java:50)
	at editSourceInAssetEditPageAndVerify.run(editSourceInAssetEditPageAndVerify:24)
	at com.kms.katalon.core.main.ScriptEngine.run(ScriptEngine.java:194)
	at com.kms.katalon.core.main.ScriptEngine.runScriptAsRawText(ScriptEngine.java:119)
	at com.kms.katalon.core.main.TestCaseExecutor.runScript(TestCaseExecutor.java:339)
	at com.kms.katalon.core.main.TestCaseExecutor.doExecute(TestCaseExecutor.java:330)
	at com.kms.katalon.core.main.TestCaseExecutor.processExecutionPhase(TestCaseExecutor.java:309)
	at com.kms.katalon.core.main.TestCaseExecutor.accessMainPhase(TestCaseExecutor.java:301)
	at com.kms.katalon.core.main.TestCaseExecutor.execute(TestCaseExecutor.java:235)
	at com.kms.katalon.core.main.TestSuiteExecutor.accessTestCaseMainPhase(TestSuiteExecutor.java:191)
	at com.kms.katalon.core.main.TestSuiteExecutor.accessTestSuiteMainPhase(TestSuiteExecutor.java:141)
	at com.kms.katalon.core.main.TestSuiteExecutor.execute(TestSuiteExecutor.java:90)
	at com.kms.katalon.core.main.TestCaseMain.startTestSuite(TestCaseMain.java:157)
	at com.kms.katalon.core.main.TestCaseMain$startTestSuite$0.call(Unknown Source)
	at TempTestSuite1610559105062.run(TempTestSuite1610559105062.groovy:39)
Caused by: com.kms.katalon.core.webui.exception.WebElementNotFoundException: Web element with id: 'Object Repository/Asset/Asset/assetEditpage/sourceName(sourceName)' located by '//span[text()="null"] ' not found
	at com.kms.katalon.core.webui.common.WebUiCommonHelper.findWebElement(WebUiCommonHelper.java:1368)
	at com.kms.katalon.core.webui.keyword.internal.WebUIAbstractKeyword.findWebElement(WebUIAbstractKeyword.groovy:27)
	at com.kms.katalon.core.webui.keyword.internal.WebUIAbstractKeyword.findWebElement(WebUIAbstractKeyword.groovy:26)
	at com.kms.katalon.core.webui.keyword.builtin.ScrollToElementKeyword$_scrollToElement_closure1.doCall(ScrollToElementKeyword.groovy:79)
	at com.kms.katalon.core.webui.keyword.builtin.ScrollToElementKeyword$_scrollToElement_closure1.call(ScrollToElementKeyword.groovy)
	at com.kms.katalon.core.webui.keyword.internal.WebUIKeywordMain.runKeyword(WebUIKeywordMain.groovy:20)
	... 24 more


2021-01-13 12:33:42 - [TEST_STEP][PASSED] - Start listener action : login: null

2021-01-13 12:33:42 - [TEST_STEP][PASSED] - Thread.sleep(3000): null

2021-01-13 12:33:45 - [TEST_STEP][PASSED] - url = getUrl(): Current window's url is: 'https://dev-admin.modist.co/dashboard'

2021-01-13 12:33:45 - [MESSAGE][PASSED] - Current window's url is: 'https://dev-admin.modist.co/dashboard'

2021-01-13 12:33:45 - [TEST_STEP][PASSED] - if (!(url.contains("dashboard"))): null

2021-01-13 12:33:45 - [TEST_STEP][PASSED] - pages.Asset.clickAssetTab(): pages.Asset.clickAssetTab is PASSED

2021-01-13 12:33:47 - [MESSAGE][PASSED] - Object 'Object Repository/Asset/Asset/AssetPageElements/assetTab' is present

2021-01-13 12:33:49 - [MESSAGE][PASSED] - Object 'Object Repository/Asset/Asset/AssetPageElements/assetTab' is visible

2021-01-13 12:33:52 - [MESSAGE][PASSED] - Object 'Object Repository/Asset/Asset/AssetPageElements/assetTab' is clickable

2021-01-13 12:33:54 - [MESSAGE][PASSED] - Object: 'Object Repository/Asset/Asset/AssetPageElements/assetTab' is clicked on

2021-01-13 12:33:54 - [MESSAGE][PASSED] - pages.Asset.clickAssetTab is PASSED

2021-01-13 12:33:54 - [TEST_STEP][PASSED] - assetDetails = pages.Asset.editSourceInAssetEditPage(): pages.Asset.editSourceInAssetEditPage is PASSED

2021-01-13 12:33:54 - [MESSAGE][PASSED] - Wait for page load successfully

2021-01-13 12:33:56 - [MESSAGE][PASSED] - Object 'Object Repository/Asset/Asset/AssetCount' is present

2021-01-13 12:34:00 - [MESSAGE][PASSED] - Text of object 'Object Repository/Asset/Asset/randomAsset(index)' is: 'Author530'

2021-01-13 12:34:02 - [MESSAGE][PASSED] - Object 'Object Repository/Asset/Asset/AssetPageElements/search' is present

2021-01-13 12:34:04 - [MESSAGE][PASSED] - Object 'Object Repository/Asset/Asset/AssetPageElements/search' is visible

2021-01-13 12:34:06 - [MESSAGE][PASSED] - Object 'Object Repository/Asset/Asset/AssetPageElements/search' is clickable

2021-01-13 12:34:07 - [MESSAGE][PASSED] - Text of object 'Object Repository/Asset/Asset/AssetPageElements/search' is cleared

2021-01-13 12:34:08 - [MESSAGE][PASSED] - Keys '' sent to object: 'Object Repository/Asset/Asset/AssetPageElements/search'

2021-01-13 12:34:09 - [MESSAGE][PASSED] - Keys 'A' sent to object: 'Object Repository/Asset/Asset/AssetPageElements/search'

2021-01-13 12:34:10 - [MESSAGE][PASSED] - Keys 'u' sent to object: 'Object Repository/Asset/Asset/AssetPageElements/search'

2021-01-13 12:34:11 - [MESSAGE][PASSED] - Keys 't' sent to object: 'Object Repository/Asset/Asset/AssetPageElements/search'

2021-01-13 12:34:12 - [MESSAGE][PASSED] - Keys 'h' sent to object: 'Object Repository/Asset/Asset/AssetPageElements/search'

2021-01-13 12:34:13 - [MESSAGE][PASSED] - Keys 'o' sent to object: 'Object Repository/Asset/Asset/AssetPageElements/search'

2021-01-13 12:34:14 - [MESSAGE][PASSED] - Keys 'r' sent to object: 'Object Repository/Asset/Asset/AssetPageElements/search'

2021-01-13 12:34:14 - [MESSAGE][PASSED] - Keys '5' sent to object: 'Object Repository/Asset/Asset/AssetPageElements/search'

2021-01-13 12:34:15 - [MESSAGE][PASSED] - Keys '3' sent to object: 'Object Repository/Asset/Asset/AssetPageElements/search'

2021-01-13 12:34:16 - [MESSAGE][PASSED] - Keys '0' sent to object: 'Object Repository/Asset/Asset/AssetPageElements/search'

2021-01-13 12:34:17 - [MESSAGE][PASSED] - Object 'Object Repository/Asset/Asset/assetname(assetName)' is present

2021-01-13 12:34:17 - [MESSAGE][PASSED] - Object 'Object Repository/Asset/Asset/assetname(assetName)' is visible

2021-01-13 12:34:17 - [MESSAGE][PASSED] - Object 'Object Repository/Asset/Asset/assetname(assetName)' is clickable

2021-01-13 12:34:18 - [MESSAGE][PASSED] - Object: 'Object Repository/Asset/Asset/assetname(assetName)' is clicked on

2021-01-13 12:34:18 - [MESSAGE][PASSED] - Scroll to object 'Object Repository/Asset/Asset/assetEditpage/sourceDropdown' successfully

2021-01-13 12:34:19 - [MESSAGE][PASSED] - Object 'Object Repository/Asset/Asset/assetEditpage/sourceDropdown' is present

2021-01-13 12:34:19 - [MESSAGE][PASSED] - Object 'Object Repository/Asset/Asset/assetEditpage/sourceDropdown' is visible

2021-01-13 12:34:20 - [MESSAGE][PASSED] - Object 'Object Repository/Asset/Asset/assetEditpage/sourceDropdown' is clickable

2021-01-13 12:34:20 - [MESSAGE][PASSED] - Object: 'Object Repository/Asset/Asset/assetEditpage/sourceDropdown' is clicked on

2021-01-13 12:34:26 - [MESSAGE][INFO] - Unable to find the element located by 'By.xpath: //li[@style="list-style: none;"]'. Please recheck the objects properties to make sure the desired element is located. 

2021-01-13 12:34:26 - [MESSAGE][WARNING] - com.kms.katalon.core.webui.exception.WebElementNotFoundException: Web element with id: 'Object Repository/Asset/Asset/assetEditpage/sourceCount' located by '//li[@style="list-style: none;"]' not found (Root cause: com.kms.katalon.core.exception.StepFailedException: com.kms.katalon.core.webui.exception.WebElementNotFoundException: Web element with id: 'Object Repository/Asset/Asset/assetEditpage/sourceCount' located by '//li[@style="list-style: none;"]' not found
	at com.kms.katalon.core.webui.keyword.internal.WebUIKeywordMain.stepFailed(WebUIKeywordMain.groovy:64)
	at com.kms.katalon.core.webui.keyword.builtin.VerifyElementPresentKeyword$_verifyElementPresent_closure1.doCall(VerifyElementPresentKeyword.groovy:85)
	at com.kms.katalon.core.webui.keyword.builtin.VerifyElementPresentKeyword$_verifyElementPresent_closure1.call(VerifyElementPresentKeyword.groovy)
	at com.kms.katalon.core.webui.keyword.internal.WebUIKeywordMain.runKeyword(WebUIKeywordMain.groovy:20)
	at com.kms.katalon.core.webui.keyword.builtin.VerifyElementPresentKeyword.verifyElementPresent(VerifyElementPresentKeyword.groovy:92)
	at com.kms.katalon.core.webui.keyword.builtin.VerifyElementPresentKeyword.execute(VerifyElementPresentKeyword.groovy:68)
	at com.kms.katalon.core.keyword.internal.KeywordExecutor.executeKeywordForPlatform(KeywordExecutor.groovy:73)
	at com.kms.katalon.core.webui.keyword.WebUiBuiltInKeywords.verifyElementPresent(WebUiBuiltInKeywords.groovy:1445)
	at com.kms.katalon.core.webui.keyword.WebUiBuiltInKeywords$verifyElementPresent$2.call(Unknown Source)
	at webAction.WebAction.getElementCount(WebAction.groovy:47)
	at webAction.WebAction.getElementCount(WebAction.groovy)
	at webAction.WebAction$getElementCount$2.call(Unknown Source)
	at pages.Asset.selectRandomSourceName(Asset.groovy:172)
	at pages.Asset.editSourceInAssetEditPage(Asset.groovy:154)
	at pages.Asset.invokeMethod(Asset.groovy)
	at com.kms.katalon.core.main.CustomKeywordDelegatingMetaClass.invokeStaticMethod(CustomKeywordDelegatingMetaClass.java:50)
	at editSourceInAssetEditPageAndVerify.run(editSourceInAssetEditPageAndVerify:21)
	at com.kms.katalon.core.main.ScriptEngine.run(ScriptEngine.java:194)
	at com.kms.katalon.core.main.ScriptEngine.runScriptAsRawText(ScriptEngine.java:119)
	at com.kms.katalon.core.main.TestCaseExecutor.runScript(TestCaseExecutor.java:339)
	at com.kms.katalon.core.main.TestCaseExecutor.doExecute(TestCaseExecutor.java:330)
	at com.kms.katalon.core.main.TestCaseExecutor.processExecutionPhase(TestCaseExecutor.java:309)
	at com.kms.katalon.core.main.TestCaseExecutor.accessMainPhase(TestCaseExecutor.java:301)
	at com.kms.katalon.core.main.TestCaseExecutor.execute(TestCaseExecutor.java:235)
	at com.kms.katalon.core.main.TestSuiteExecutor.accessTestCaseMainPhase(TestSuiteExecutor.java:191)
	at com.kms.katalon.core.main.TestSuiteExecutor.accessTestSuiteMainPhase(TestSuiteExecutor.java:141)
	at com.kms.katalon.core.main.TestSuiteExecutor.execute(TestSuiteExecutor.java:90)
	at com.kms.katalon.core.main.TestCaseMain.startTestSuite(TestCaseMain.java:157)
	at com.kms.katalon.core.main.TestCaseMain$startTestSuite$0.call(Unknown Source)
	at TempTestSuite1610559105062.run(TempTestSuite1610559105062.groovy:39)
)
[[ATTACHMENT|E:\\Modist\\ModistProject\\Reports\\20210113_123145\\AllTestCases\\20210113_123145\\1610559266710.png]]

2021-01-13 12:34:27 - [MESSAGE][PASSED] - Object 'Object Repository/Asset/Asset/assetEditpage/Save' is present

2021-01-13 12:34:27 - [MESSAGE][PASSED] - Object 'Object Repository/Asset/Asset/assetEditpage/Save' is visible

2021-01-13 12:34:27 - [MESSAGE][PASSED] - Object 'Object Repository/Asset/Asset/assetEditpage/Save' is clickable

2021-01-13 12:34:28 - [MESSAGE][PASSED] - Object: 'Object Repository/Asset/Asset/assetEditpage/Save' is clicked on

2021-01-13 12:34:28 - [MESSAGE][PASSED] - Object 'Object Repository/Asset/Asset/assetEditpage/Save' is present

2021-01-13 12:34:28 - [MESSAGE][PASSED] - Object 'Object Repository/Asset/Asset/assetEditpage/Save' is visible

2021-01-13 12:34:29 - [MESSAGE][PASSED] - Object 'Object Repository/Asset/Asset/assetEditpage/Save' is clickable

2021-01-13 12:34:29 - [MESSAGE][PASSED] - Object: 'Object Repository/Asset/Asset/assetEditpage/Save' is clicked on

2021-01-13 12:34:30 - [MESSAGE][PASSED] - Object 'Object Repository/Asset/Asset/assetEditpage/close' is present

2021-01-13 12:34:31 - [MESSAGE][PASSED] - Object 'Object Repository/Asset/Asset/assetEditpage/close' is visible

2021-01-13 12:34:31 - [MESSAGE][PASSED] - Object 'Object Repository/Asset/Asset/assetEditpage/close' is clickable

2021-01-13 12:34:31 - [MESSAGE][PASSED] - Object: 'Object Repository/Asset/Asset/assetEditpage/close' is clicked on

2021-01-13 12:34:31 - [MESSAGE][PASSED] - pages.Asset.editSourceInAssetEditPage is PASSED

2021-01-13 12:34:31 - [TEST_STEP][PASSED] - assetName = assetName: null

2021-01-13 12:34:31 - [TEST_STEP][PASSED] - sourceName = sourceName: null

2021-01-13 12:34:31 - [TEST_STEP][FAILED] - pages.Asset.verifySourceInEditAssetPage(assetName, sourceName): Unable to scroll to object 'Object Repository/Asset/Asset/assetEditpage/sourceName(sourceName)'

2021-01-13 12:34:32 - [MESSAGE][PASSED] - Object 'Object Repository/Asset/Asset/AssetPageElements/search' is present

2021-01-13 12:34:32 - [MESSAGE][PASSED] - Object 'Object Repository/Asset/Asset/AssetPageElements/search' is visible

2021-01-13 12:34:33 - [MESSAGE][PASSED] - Object 'Object Repository/Asset/Asset/AssetPageElements/search' is clickable

2021-01-13 12:34:33 - [MESSAGE][PASSED] - Text of object 'Object Repository/Asset/Asset/AssetPageElements/search' is cleared

2021-01-13 12:34:33 - [MESSAGE][PASSED] - Keys '' sent to object: 'Object Repository/Asset/Asset/AssetPageElements/search'

2021-01-13 12:34:34 - [MESSAGE][PASSED] - Keys 'A' sent to object: 'Object Repository/Asset/Asset/AssetPageElements/search'

2021-01-13 12:34:35 - [MESSAGE][PASSED] - Keys 'u' sent to object: 'Object Repository/Asset/Asset/AssetPageElements/search'

2021-01-13 12:34:36 - [MESSAGE][PASSED] - Keys 't' sent to object: 'Object Repository/Asset/Asset/AssetPageElements/search'

2021-01-13 12:34:37 - [MESSAGE][PASSED] - Keys 'h' sent to object: 'Object Repository/Asset/Asset/AssetPageElements/search'

2021-01-13 12:34:38 - [MESSAGE][PASSED] - Keys 'o' sent to object: 'Object Repository/Asset/Asset/AssetPageElements/search'

2021-01-13 12:34:39 - [MESSAGE][PASSED] - Keys 'r' sent to object: 'Object Repository/Asset/Asset/AssetPageElements/search'

2021-01-13 12:34:39 - [MESSAGE][PASSED] - Keys '5' sent to object: 'Object Repository/Asset/Asset/AssetPageElements/search'

2021-01-13 12:34:41 - [MESSAGE][PASSED] - Keys '3' sent to object: 'Object Repository/Asset/Asset/AssetPageElements/search'

2021-01-13 12:34:41 - [MESSAGE][PASSED] - Keys '0' sent to object: 'Object Repository/Asset/Asset/AssetPageElements/search'

2021-01-13 12:34:42 - [MESSAGE][PASSED] - Object 'Object Repository/Asset/Asset/anyAsset(assetName)' is present

2021-01-13 12:34:43 - [MESSAGE][PASSED] - Object 'Object Repository/Asset/Asset/anyAsset(assetName)' is visible

2021-01-13 12:34:43 - [MESSAGE][PASSED] - Object 'Object Repository/Asset/Asset/anyAsset(assetName)' is clickable

2021-01-13 12:34:43 - [MESSAGE][PASSED] - Object: 'Object Repository/Asset/Asset/anyAsset(assetName)' is clicked on

2021-01-13 12:35:14 - [MESSAGE][INFO] - Unable to find the element located by 'By.xpath: //span[text()="null"] '. Please recheck the objects properties to make sure the desired element is located. 

2021-01-13 12:35:15 - [MESSAGE][FAILED] - Unable to scroll to object 'Object Repository/Asset/Asset/assetEditpage/sourceName(sourceName)' (Root cause: com.kms.katalon.core.exception.StepFailedException: Unable to scroll to object 'Object Repository/Asset/Asset/assetEditpage/sourceName(sourceName)'
	at com.kms.katalon.core.webui.keyword.internal.WebUIKeywordMain.stepFailed(WebUIKeywordMain.groovy:64)
	at com.kms.katalon.core.webui.keyword.internal.WebUIKeywordMain.runKeyword(WebUIKeywordMain.groovy:26)
	at com.kms.katalon.core.webui.keyword.builtin.ScrollToElementKeyword.scrollToElement(ScrollToElementKeyword.groovy:88)
	at com.kms.katalon.core.webui.keyword.builtin.ScrollToElementKeyword.execute(ScrollToElementKeyword.groovy:68)
	at com.kms.katalon.core.keyword.internal.KeywordExecutor.executeKeywordForPlatform(KeywordExecutor.groovy:73)
	at com.kms.katalon.core.webui.keyword.WebUiBuiltInKeywords.scrollToElement(WebUiBuiltInKeywords.groovy:3432)
	at com.kms.katalon.core.webui.keyword.WebUiBuiltInKeywords$scrollToElement$14.call(Unknown Source)
	at webAction.WebAction.scrollToElement(WebAction.groovy:65)
	at webAction.WebAction$scrollToElement$3.call(Unknown Source)
	at pages.Asset.verifySourceInEditAssetPage(Asset.groovy:164)
	at pages.Asset.invokeMethod(Asset.groovy)
	at com.kms.katalon.core.main.CustomKeywordDelegatingMetaClass.invokeStaticMethod(CustomKeywordDelegatingMetaClass.java:50)
	at editSourceInAssetEditPageAndVerify.run(editSourceInAssetEditPageAndVerify:24)
	at com.kms.katalon.core.main.ScriptEngine.run(ScriptEngine.java:194)
	at com.kms.katalon.core.main.ScriptEngine.runScriptAsRawText(ScriptEngine.java:119)
	at com.kms.katalon.core.main.TestCaseExecutor.runScript(TestCaseExecutor.java:339)
	at com.kms.katalon.core.main.TestCaseExecutor.doExecute(TestCaseExecutor.java:330)
	at com.kms.katalon.core.main.TestCaseExecutor.processExecutionPhase(TestCaseExecutor.java:309)
	at com.kms.katalon.core.main.TestCaseExecutor.accessMainPhase(TestCaseExecutor.java:301)
	at com.kms.katalon.core.main.TestCaseExecutor.execute(TestCaseExecutor.java:235)
	at com.kms.katalon.core.main.TestSuiteExecutor.accessTestCaseMainPhase(TestSuiteExecutor.java:191)
	at com.kms.katalon.core.main.TestSuiteExecutor.accessTestSuiteMainPhase(TestSuiteExecutor.java:141)
	at com.kms.katalon.core.main.TestSuiteExecutor.execute(TestSuiteExecutor.java:90)
	at com.kms.katalon.core.main.TestCaseMain.startTestSuite(TestCaseMain.java:157)
	at com.kms.katalon.core.main.TestCaseMain$startTestSuite$0.call(Unknown Source)
	at TempTestSuite1610559105062.run(TempTestSuite1610559105062.groovy:39)
Caused by: com.kms.katalon.core.webui.exception.WebElementNotFoundException: Web element with id: 'Object Repository/Asset/Asset/assetEditpage/sourceName(sourceName)' located by '//span[text()="null"] ' not found
	at com.kms.katalon.core.webui.common.WebUiCommonHelper.findWebElement(WebUiCommonHelper.java:1368)
	at com.kms.katalon.core.webui.keyword.internal.WebUIAbstractKeyword.findWebElement(WebUIAbstractKeyword.groovy:27)
	at com.kms.katalon.core.webui.keyword.internal.WebUIAbstractKeyword.findWebElement(WebUIAbstractKeyword.groovy:26)
	at com.kms.katalon.core.webui.keyword.builtin.ScrollToElementKeyword$_scrollToElement_closure1.doCall(ScrollToElementKeyword.groovy:79)
	at com.kms.katalon.core.webui.keyword.builtin.ScrollToElementKeyword$_scrollToElement_closure1.call(ScrollToElementKeyword.groovy)
	at com.kms.katalon.core.webui.keyword.internal.WebUIKeywordMain.runKeyword(WebUIKeywordMain.groovy:20)
	at com.kms.katalon.core.webui.keyword.builtin.ScrollToElementKeyword.scrollToElement(ScrollToElementKeyword.groovy:88)
	at com.kms.katalon.core.webui.keyword.builtin.ScrollToElementKeyword.execute(ScrollToElementKeyword.groovy:68)
	at com.kms.katalon.core.keyword.internal.KeywordExecutor.executeKeywordForPlatform(KeywordExecutor.groovy:73)
	at com.kms.katalon.core.webui.keyword.WebUiBuiltInKeywords.scrollToElement(WebUiBuiltInKeywords.groovy:3432)
	at com.kms.katalon.core.webui.keyword.WebUiBuiltInKeywords$scrollToElement$14.call(Unknown Source)
	at webAction.WebAction.scrollToElement(WebAction.groovy:65)
	at webAction.WebAction$scrollToElement$3.call(Unknown Source)
	at pages.Asset.verifySourceInEditAssetPage(Asset.groovy:164)
	at pages.Asset.invokeMethod(Asset.groovy)
	at com.kms.katalon.core.main.CustomKeywordDelegatingMetaClass.invokeStaticMethod(CustomKeywordDelegatingMetaClass.java:50)
	at Script1610551281630.run(Script1610551281630.groovy:24)
	... 13 more
)
[[ATTACHMENT|E:\\Modist\\ModistProject\\Reports\\20210113_123145\\AllTestCases\\20210113_123145\\1610559314947.png]]

2021-01-13 12:35:15 - [MESSAGE][FAILED] - Unable to scroll to object 'Object Repository/Asset/Asset/assetEditpage/sourceName(sourceName)']]></system-out>
         <system-err><![CDATA[2021-01-13 12:33:42 - [TEST_CASE][FAILED] - Test Cases/Admin/Asset/editSourceInAssetEditPageAndVerify: Test Cases/Admin/Asset/editSourceInAssetEditPageAndVerify FAILED.
Reason:
com.kms.katalon.core.exception.StepFailedException: Unable to scroll to object 'Object Repository/Asset/Asset/assetEditpage/sourceName(sourceName)'
	at com.kms.katalon.core.webui.keyword.internal.WebUIKeywordMain.stepFailed(WebUIKeywordMain.groovy:64)
	at com.kms.katalon.core.webui.keyword.internal.WebUIKeywordMain.runKeyword(WebUIKeywordMain.groovy:26)
	at com.kms.katalon.core.webui.keyword.builtin.ScrollToElementKeyword.scrollToElement(ScrollToElementKeyword.groovy:88)
	at com.kms.katalon.core.webui.keyword.builtin.ScrollToElementKeyword.execute(ScrollToElementKeyword.groovy:68)
	at com.kms.katalon.core.keyword.internal.KeywordExecutor.executeKeywordForPlatform(KeywordExecutor.groovy:73)
	at com.kms.katalon.core.webui.keyword.WebUiBuiltInKeywords.scrollToElement(WebUiBuiltInKeywords.groovy:3432)
	at com.kms.katalon.core.webui.keyword.WebUiBuiltInKeywords$scrollToElement$14.call(Unknown Source)
	at webAction.WebAction.scrollToElement(WebAction.groovy:65)
	at webAction.WebAction$scrollToElement$3.call(Unknown Source)
	at pages.Asset.verifySourceInEditAssetPage(Asset.groovy:164)
	at pages.Asset.invokeMethod(Asset.groovy)
	at com.kms.katalon.core.main.CustomKeywordDelegatingMetaClass.invokeStaticMethod(CustomKeywordDelegatingMetaClass.java:50)
	at editSourceInAssetEditPageAndVerify.run(editSourceInAssetEditPageAndVerify:24)
	at com.kms.katalon.core.main.ScriptEngine.run(ScriptEngine.java:194)
	at com.kms.katalon.core.main.ScriptEngine.runScriptAsRawText(ScriptEngine.java:119)
	at com.kms.katalon.core.main.TestCaseExecutor.runScript(TestCaseExecutor.java:339)
	at com.kms.katalon.core.main.TestCaseExecutor.doExecute(TestCaseExecutor.java:330)
	at com.kms.katalon.core.main.TestCaseExecutor.processExecutionPhase(TestCaseExecutor.java:309)
	at com.kms.katalon.core.main.TestCaseExecutor.accessMainPhase(TestCaseExecutor.java:301)
	at com.kms.katalon.core.main.TestCaseExecutor.execute(TestCaseExecutor.java:235)
	at com.kms.katalon.core.main.TestSuiteExecutor.accessTestCaseMainPhase(TestSuiteExecutor.java:191)
	at com.kms.katalon.core.main.TestSuiteExecutor.accessTestSuiteMainPhase(TestSuiteExecutor.java:141)
	at com.kms.katalon.core.main.TestSuiteExecutor.execute(TestSuiteExecutor.java:90)
	at com.kms.katalon.core.main.TestCaseMain.startTestSuite(TestCaseMain.java:157)
	at com.kms.katalon.core.main.TestCaseMain$startTestSuite$0.call(Unknown Source)
	at TempTestSuite1610559105062.run(TempTestSuite1610559105062.groovy:39)
Caused by: com.kms.katalon.core.webui.exception.WebElementNotFoundException: Web element with id: 'Object Repository/Asset/Asset/assetEditpage/sourceName(sourceName)' located by '//span[text()="null"] ' not found
	at com.kms.katalon.core.webui.common.WebUiCommonHelper.findWebElement(WebUiCommonHelper.java:1368)
	at com.kms.katalon.core.webui.keyword.internal.WebUIAbstractKeyword.findWebElement(WebUIAbstractKeyword.groovy:27)
	at com.kms.katalon.core.webui.keyword.internal.WebUIAbstractKeyword.findWebElement(WebUIAbstractKeyword.groovy:26)
	at com.kms.katalon.core.webui.keyword.builtin.ScrollToElementKeyword$_scrollToElement_closure1.doCall(ScrollToElementKeyword.groovy:79)
	at com.kms.katalon.core.webui.keyword.builtin.ScrollToElementKeyword$_scrollToElement_closure1.call(ScrollToElementKeyword.groovy)
	at com.kms.katalon.core.webui.keyword.internal.WebUIKeywordMain.runKeyword(WebUIKeywordMain.groovy:20)
	... 24 more]]></system-err>
      </testcase>
      <testcase name="Test Cases/Admin/Asset/functionalityOfCancelButtonInAddAssetPopup" time="24.609" classname="Test Cases/Admin/Asset/functionalityOfCancelButtonInAddAssetPopup" status="PASSED">
         <system-out><![CDATA[2021-01-13 12:35:15 - [TEST_CASE][PASSED] - Test Cases/Admin/Asset/functionalityOfCancelButtonInAddAssetPopup: Test Cases/Admin/Asset/functionalityOfCancelButtonInAddAssetPopup

2021-01-13 12:35:15 - [TEST_STEP][PASSED] - Start listener action : login: com.kms.katalon.core.webui.exception.WebElementNotFoundException: Web element with id: 'Object Repository/Login Credentials/Email' located by '//input[@name='email']' not found (Root cause: com.kms.katalon.core.exception.StepFailedException: com.kms.katalon.core.webui.exception.WebElementNotFoundException: Web element with id: 'Object Repository/Login Credentials/Email' located by '//input[@name='email']' not found
	at com.kms.katalon.core.webui.keyword.internal.WebUIKeywordMain.stepFailed(WebUIKeywordMain.groovy:64)
	at com.kms.katalon.core.webui.keyword.builtin.VerifyElementPresentKeyword$_verifyElementPresent_closure1.doCall(VerifyElementPresentKeyword.groovy:85)
	at com.kms.katalon.core.webui.keyword.builtin.VerifyElementPresentKeyword$_verifyElementPresent_closure1.call(VerifyElementPresentKeyword.groovy)
	at com.kms.katalon.core.webui.keyword.internal.WebUIKeywordMain.runKeyword(WebUIKeywordMain.groovy:20)
	at com.kms.katalon.core.webui.keyword.builtin.VerifyElementPresentKeyword.verifyElementPresent(VerifyElementPresentKeyword.groovy:92)
	at com.kms.katalon.core.webui.keyword.builtin.VerifyElementPresentKeyword.execute(VerifyElementPresentKeyword.groovy:68)
	at com.kms.katalon.core.keyword.internal.KeywordExecutor.executeKeywordForPlatform(KeywordExecutor.groovy:73)
	at com.kms.katalon.core.webui.keyword.WebUiBuiltInKeywords.verifyElementPresent(WebUiBuiltInKeywords.groovy:1445)
	at com.kms.katalon.core.webui.keyword.WebUiBuiltInKeywords$verifyElementPresent$2.call(Unknown Source)
	at login.LoginForAdminDevEnvironment.login(LoginForAdminDevEnvironment.groovy:18)
	at login.LoginForAdminDevEnvironment$login.call(Unknown Source)
	at Login.login(Login.groovy:37)
	at Login.invokeMethod(Login.groovy)
	at com.kms.katalon.core.context.internal.TestHooker.invokeMethod(TestHooker.java:111)
	at com.kms.katalon.core.context.internal.TestHooker.lambda$3(TestHooker.java:95)
	at com.kms.katalon.core.context.internal.TestHooker.invokeContextMethods(TestHooker.java:94)
	at com.kms.katalon.core.context.internal.TestListenerCollector.lambda$3(TestListenerCollector.java:88)
	at com.kms.katalon.core.context.internal.TestListenerCollector.handleListenerEvent(TestListenerCollector.java:85)
	at com.kms.katalon.core.context.internal.ExecutionEventManager.publicEvent(ExecutionEventManager.java:36)
	at com.kms.katalon.core.main.TestCaseExecutor.execute(TestCaseExecutor.java:221)
	at com.kms.katalon.core.main.TestSuiteExecutor.accessTestCaseMainPhase(TestSuiteExecutor.java:191)
	at com.kms.katalon.core.main.TestSuiteExecutor.accessTestSuiteMainPhase(TestSuiteExecutor.java:141)
	at com.kms.katalon.core.main.TestSuiteExecutor.execute(TestSuiteExecutor.java:90)
	at com.kms.katalon.core.main.TestCaseMain.startTestSuite(TestCaseMain.java:157)
	at com.kms.katalon.core.main.TestCaseMain$startTestSuite$0.call(Unknown Source)
	at TempTestSuite1610559105062.run(TempTestSuite1610559105062.groovy:39)
)

2021-01-13 12:35:15 - [TEST_STEP][PASSED] - Thread.sleep(3000): null

2021-01-13 12:35:18 - [TEST_STEP][PASSED] - url = getUrl(): Current window's url is: 'https://dev-admin.modist.co/asset/34080'

2021-01-13 12:35:18 - [MESSAGE][PASSED] - Current window's url is: 'https://dev-admin.modist.co/asset/34080'

2021-01-13 12:35:18 - [TEST_STEP][PASSED] - if (!(url.contains("dashboard"))): com.kms.katalon.core.webui.exception.WebElementNotFoundException: Web element with id: 'Object Repository/Login Credentials/Email' located by '//input[@name='email']' not found (Root cause: com.kms.katalon.core.exception.StepFailedException: com.kms.katalon.core.webui.exception.WebElementNotFoundException: Web element with id: 'Object Repository/Login Credentials/Email' located by '//input[@name='email']' not found
	at com.kms.katalon.core.webui.keyword.internal.WebUIKeywordMain.stepFailed(WebUIKeywordMain.groovy:64)
	at com.kms.katalon.core.webui.keyword.builtin.VerifyElementPresentKeyword$_verifyElementPresent_closure1.doCall(VerifyElementPresentKeyword.groovy:85)
	at com.kms.katalon.core.webui.keyword.builtin.VerifyElementPresentKeyword$_verifyElementPresent_closure1.call(VerifyElementPresentKeyword.groovy)
	at com.kms.katalon.core.webui.keyword.internal.WebUIKeywordMain.runKeyword(WebUIKeywordMain.groovy:20)
	at com.kms.katalon.core.webui.keyword.builtin.VerifyElementPresentKeyword.verifyElementPresent(VerifyElementPresentKeyword.groovy:92)
	at com.kms.katalon.core.webui.keyword.builtin.VerifyElementPresentKeyword.execute(VerifyElementPresentKeyword.groovy:68)
	at com.kms.katalon.core.keyword.internal.KeywordExecutor.executeKeywordForPlatform(KeywordExecutor.groovy:73)
	at com.kms.katalon.core.webui.keyword.WebUiBuiltInKeywords.verifyElementPresent(WebUiBuiltInKeywords.groovy:1445)
	at com.kms.katalon.core.webui.keyword.WebUiBuiltInKeywords$verifyElementPresent$2.call(Unknown Source)
	at login.LoginForAdminDevEnvironment.login(LoginForAdminDevEnvironment.groovy:18)
	at login.LoginForAdminDevEnvironment$login.call(Unknown Source)
	at Login.login(Login.groovy:37)
	at Login.invokeMethod(Login.groovy)
	at com.kms.katalon.core.context.internal.TestHooker.invokeMethod(TestHooker.java:111)
	at com.kms.katalon.core.context.internal.TestHooker.lambda$3(TestHooker.java:95)
	at com.kms.katalon.core.context.internal.TestHooker.invokeContextMethods(TestHooker.java:94)
	at com.kms.katalon.core.context.internal.TestListenerCollector.lambda$3(TestListenerCollector.java:88)
	at com.kms.katalon.core.context.internal.TestListenerCollector.handleListenerEvent(TestListenerCollector.java:85)
	at com.kms.katalon.core.context.internal.ExecutionEventManager.publicEvent(ExecutionEventManager.java:36)
	at com.kms.katalon.core.main.TestCaseExecutor.execute(TestCaseExecutor.java:221)
	at com.kms.katalon.core.main.TestSuiteExecutor.accessTestCaseMainPhase(TestSuiteExecutor.java:191)
	at com.kms.katalon.core.main.TestSuiteExecutor.accessTestSuiteMainPhase(TestSuiteExecutor.java:141)
	at com.kms.katalon.core.main.TestSuiteExecutor.execute(TestSuiteExecutor.java:90)
	at com.kms.katalon.core.main.TestCaseMain.startTestSuite(TestCaseMain.java:157)
	at com.kms.katalon.core.main.TestCaseMain$startTestSuite$0.call(Unknown Source)
	at TempTestSuite1610559105062.run(TempTestSuite1610559105062.groovy:39)
)

2021-01-13 12:35:18 - [TEST_STEP][PASSED] - navigateToUrl(Url): Navigate to 'https://dev-admin.modist.co/' successfully

2021-01-13 12:35:18 - [MESSAGE][PASSED] - Navigate to 'https://dev-admin.modist.co/' successfully

2021-01-13 12:35:18 - [TEST_STEP][PASSED] - loginPage.login(Email, Password): com.kms.katalon.core.webui.exception.WebElementNotFoundException: Web element with id: 'Object Repository/Login Credentials/Email' located by '//input[@name='email']' not found (Root cause: com.kms.katalon.core.exception.StepFailedException: com.kms.katalon.core.webui.exception.WebElementNotFoundException: Web element with id: 'Object Repository/Login Credentials/Email' located by '//input[@name='email']' not found
	at com.kms.katalon.core.webui.keyword.internal.WebUIKeywordMain.stepFailed(WebUIKeywordMain.groovy:64)
	at com.kms.katalon.core.webui.keyword.builtin.VerifyElementPresentKeyword$_verifyElementPresent_closure1.doCall(VerifyElementPresentKeyword.groovy:85)
	at com.kms.katalon.core.webui.keyword.builtin.VerifyElementPresentKeyword$_verifyElementPresent_closure1.call(VerifyElementPresentKeyword.groovy)
	at com.kms.katalon.core.webui.keyword.internal.WebUIKeywordMain.runKeyword(WebUIKeywordMain.groovy:20)
	at com.kms.katalon.core.webui.keyword.builtin.VerifyElementPresentKeyword.verifyElementPresent(VerifyElementPresentKeyword.groovy:92)
	at com.kms.katalon.core.webui.keyword.builtin.VerifyElementPresentKeyword.execute(VerifyElementPresentKeyword.groovy:68)
	at com.kms.katalon.core.keyword.internal.KeywordExecutor.executeKeywordForPlatform(KeywordExecutor.groovy:73)
	at com.kms.katalon.core.webui.keyword.WebUiBuiltInKeywords.verifyElementPresent(WebUiBuiltInKeywords.groovy:1445)
	at com.kms.katalon.core.webui.keyword.WebUiBuiltInKeywords$verifyElementPresent$2.call(Unknown Source)
	at login.LoginForAdminDevEnvironment.login(LoginForAdminDevEnvironment.groovy:18)
	at login.LoginForAdminDevEnvironment$login.call(Unknown Source)
	at Login.login(Login.groovy:37)
	at Login.invokeMethod(Login.groovy)
	at com.kms.katalon.core.context.internal.TestHooker.invokeMethod(TestHooker.java:111)
	at com.kms.katalon.core.context.internal.TestHooker.lambda$3(TestHooker.java:95)
	at com.kms.katalon.core.context.internal.TestHooker.invokeContextMethods(TestHooker.java:94)
	at com.kms.katalon.core.context.internal.TestListenerCollector.lambda$3(TestListenerCollector.java:88)
	at com.kms.katalon.core.context.internal.TestListenerCollector.handleListenerEvent(TestListenerCollector.java:85)
	at com.kms.katalon.core.context.internal.ExecutionEventManager.publicEvent(ExecutionEventManager.java:36)
	at com.kms.katalon.core.main.TestCaseExecutor.execute(TestCaseExecutor.java:221)
	at com.kms.katalon.core.main.TestSuiteExecutor.accessTestCaseMainPhase(TestSuiteExecutor.java:191)
	at com.kms.katalon.core.main.TestSuiteExecutor.accessTestSuiteMainPhase(TestSuiteExecutor.java:141)
	at com.kms.katalon.core.main.TestSuiteExecutor.execute(TestSuiteExecutor.java:90)
	at com.kms.katalon.core.main.TestCaseMain.startTestSuite(TestCaseMain.java:157)
	at com.kms.katalon.core.main.TestCaseMain$startTestSuite$0.call(Unknown Source)
	at TempTestSuite1610559105062.run(TempTestSuite1610559105062.groovy:39)
)

2021-01-13 12:35:23 - [MESSAGE][INFO] - Unable to find the element located by 'By.xpath: //input[@name='email']'. Please recheck the objects properties to make sure the desired element is located. 

2021-01-13 12:35:23 - [MESSAGE][WARNING] - com.kms.katalon.core.webui.exception.WebElementNotFoundException: Web element with id: 'Object Repository/Login Credentials/Email' located by '//input[@name='email']' not found (Root cause: com.kms.katalon.core.exception.StepFailedException: com.kms.katalon.core.webui.exception.WebElementNotFoundException: Web element with id: 'Object Repository/Login Credentials/Email' located by '//input[@name='email']' not found
	at com.kms.katalon.core.webui.keyword.internal.WebUIKeywordMain.stepFailed(WebUIKeywordMain.groovy:64)
	at com.kms.katalon.core.webui.keyword.builtin.VerifyElementPresentKeyword$_verifyElementPresent_closure1.doCall(VerifyElementPresentKeyword.groovy:85)
	at com.kms.katalon.core.webui.keyword.builtin.VerifyElementPresentKeyword$_verifyElementPresent_closure1.call(VerifyElementPresentKeyword.groovy)
	at com.kms.katalon.core.webui.keyword.internal.WebUIKeywordMain.runKeyword(WebUIKeywordMain.groovy:20)
	at com.kms.katalon.core.webui.keyword.builtin.VerifyElementPresentKeyword.verifyElementPresent(VerifyElementPresentKeyword.groovy:92)
	at com.kms.katalon.core.webui.keyword.builtin.VerifyElementPresentKeyword.execute(VerifyElementPresentKeyword.groovy:68)
	at com.kms.katalon.core.keyword.internal.KeywordExecutor.executeKeywordForPlatform(KeywordExecutor.groovy:73)
	at com.kms.katalon.core.webui.keyword.WebUiBuiltInKeywords.verifyElementPresent(WebUiBuiltInKeywords.groovy:1445)
	at com.kms.katalon.core.webui.keyword.WebUiBuiltInKeywords$verifyElementPresent$2.call(Unknown Source)
	at login.LoginForAdminDevEnvironment.login(LoginForAdminDevEnvironment.groovy:18)
	at login.LoginForAdminDevEnvironment$login.call(Unknown Source)
	at Login.login(Login.groovy:37)
	at Login.invokeMethod(Login.groovy)
	at com.kms.katalon.core.context.internal.TestHooker.invokeMethod(TestHooker.java:111)
	at com.kms.katalon.core.context.internal.TestHooker.lambda$3(TestHooker.java:95)
	at com.kms.katalon.core.context.internal.TestHooker.invokeContextMethods(TestHooker.java:94)
	at com.kms.katalon.core.context.internal.TestListenerCollector.lambda$3(TestListenerCollector.java:88)
	at com.kms.katalon.core.context.internal.TestListenerCollector.handleListenerEvent(TestListenerCollector.java:85)
	at com.kms.katalon.core.context.internal.ExecutionEventManager.publicEvent(ExecutionEventManager.java:36)
	at com.kms.katalon.core.main.TestCaseExecutor.execute(TestCaseExecutor.java:221)
	at com.kms.katalon.core.main.TestSuiteExecutor.accessTestCaseMainPhase(TestSuiteExecutor.java:191)
	at com.kms.katalon.core.main.TestSuiteExecutor.accessTestSuiteMainPhase(TestSuiteExecutor.java:141)
	at com.kms.katalon.core.main.TestSuiteExecutor.execute(TestSuiteExecutor.java:90)
	at com.kms.katalon.core.main.TestCaseMain.startTestSuite(TestCaseMain.java:157)
	at com.kms.katalon.core.main.TestCaseMain$startTestSuite$0.call(Unknown Source)
	at TempTestSuite1610559105062.run(TempTestSuite1610559105062.groovy:39)
)
[[ATTACHMENT|E:\\Modist\\ModistProject\\Reports\\20210113_123145\\AllTestCases\\20210113_123145\\1610559323818.png]]

2021-01-13 12:35:24 - [TEST_STEP][PASSED] - pages.Asset.clickAssetTab(): pages.Asset.clickAssetTab is PASSED

2021-01-13 12:35:24 - [MESSAGE][PASSED] - Object 'Object Repository/Asset/Asset/AssetPageElements/assetTab' is present

2021-01-13 12:35:24 - [MESSAGE][PASSED] - Object 'Object Repository/Asset/Asset/AssetPageElements/assetTab' is visible

2021-01-13 12:35:24 - [MESSAGE][PASSED] - Object 'Object Repository/Asset/Asset/AssetPageElements/assetTab' is clickable

2021-01-13 12:35:25 - [MESSAGE][PASSED] - Object: 'Object Repository/Asset/Asset/AssetPageElements/assetTab' is clicked on

2021-01-13 12:35:25 - [MESSAGE][PASSED] - pages.Asset.clickAssetTab is PASSED

2021-01-13 12:35:25 - [TEST_STEP][PASSED] - assetName = pages.Asset.cancelButtonInAddAssetPopup(): pages.Asset.cancelButtonInAddAssetPopup is PASSED

2021-01-13 12:35:25 - [MESSAGE][PASSED] - Object 'Object Repository/Asset/Asset/AssetPageElements/AddAssetButton' is present

2021-01-13 12:35:25 - [MESSAGE][PASSED] - Object 'Object Repository/Asset/Asset/AssetPageElements/AddAssetButton' is visible

2021-01-13 12:35:26 - [MESSAGE][PASSED] - Object 'Object Repository/Asset/Asset/AssetPageElements/AddAssetButton' is clickable

2021-01-13 12:35:26 - [MESSAGE][PASSED] - Object: 'Object Repository/Asset/Asset/AssetPageElements/AddAssetButton' is clicked on

2021-01-13 12:35:26 - [MESSAGE][PASSED] - Object 'Object Repository/Asset/Asset/addAsset/Author' is present

2021-01-13 12:35:27 - [MESSAGE][PASSED] - Object 'Object Repository/Asset/Asset/addAsset/Author' is visible

2021-01-13 12:35:27 - [MESSAGE][PASSED] - Object 'Object Repository/Asset/Asset/addAsset/Author' is clickable

2021-01-13 12:35:27 - [MESSAGE][PASSED] - Text of object 'Object Repository/Asset/Asset/addAsset/Author' is cleared

2021-01-13 12:35:28 - [MESSAGE][PASSED] - Keys 'Author935' sent to object: 'Object Repository/Asset/Asset/addAsset/Author'

2021-01-13 12:35:28 - [MESSAGE][PASSED] - Object 'Object Repository/Asset/Asset/addAsset/cancelButton' is present

2021-01-13 12:35:28 - [MESSAGE][PASSED] - Object 'Object Repository/Asset/Asset/addAsset/cancelButton' is visible

2021-01-13 12:35:29 - [MESSAGE][PASSED] - Object 'Object Repository/Asset/Asset/addAsset/cancelButton' is clickable

2021-01-13 12:35:29 - [MESSAGE][PASSED] - Object: 'Object Repository/Asset/Asset/addAsset/cancelButton' is clicked on

2021-01-13 12:35:29 - [MESSAGE][PASSED] - pages.Asset.cancelButtonInAddAssetPopup is PASSED

2021-01-13 12:35:29 - [TEST_STEP][PASSED] - pages.Asset.VerifyAssetNotPresent(assetName): pages.Asset.VerifyAssetNotPresent is PASSED

2021-01-13 12:35:29 - [MESSAGE][PASSED] - Object 'Object Repository/Asset/Asset/AssetPageElements/search' is present

2021-01-13 12:35:30 - [MESSAGE][PASSED] - Object 'Object Repository/Asset/Asset/AssetPageElements/search' is visible

2021-01-13 12:35:30 - [MESSAGE][PASSED] - Object 'Object Repository/Asset/Asset/AssetPageElements/search' is clickable

2021-01-13 12:35:30 - [MESSAGE][PASSED] - Text of object 'Object Repository/Asset/Asset/AssetPageElements/search' is cleared

2021-01-13 12:35:30 - [MESSAGE][PASSED] - Keys '' sent to object: 'Object Repository/Asset/Asset/AssetPageElements/search'

2021-01-13 12:35:31 - [MESSAGE][PASSED] - Keys 'A' sent to object: 'Object Repository/Asset/Asset/AssetPageElements/search'

2021-01-13 12:35:32 - [MESSAGE][PASSED] - Keys 'u' sent to object: 'Object Repository/Asset/Asset/AssetPageElements/search'

2021-01-13 12:35:33 - [MESSAGE][PASSED] - Keys 't' sent to object: 'Object Repository/Asset/Asset/AssetPageElements/search'

2021-01-13 12:35:34 - [MESSAGE][PASSED] - Keys 'h' sent to object: 'Object Repository/Asset/Asset/AssetPageElements/search'

2021-01-13 12:35:35 - [MESSAGE][PASSED] - Keys 'o' sent to object: 'Object Repository/Asset/Asset/AssetPageElements/search'

2021-01-13 12:35:35 - [MESSAGE][PASSED] - Keys 'r' sent to object: 'Object Repository/Asset/Asset/AssetPageElements/search'

2021-01-13 12:35:36 - [MESSAGE][PASSED] - Keys '9' sent to object: 'Object Repository/Asset/Asset/AssetPageElements/search'

2021-01-13 12:35:37 - [MESSAGE][PASSED] - Keys '3' sent to object: 'Object Repository/Asset/Asset/AssetPageElements/search'

2021-01-13 12:35:38 - [MESSAGE][PASSED] - Keys '5' sent to object: 'Object Repository/Asset/Asset/AssetPageElements/search'

2021-01-13 12:35:39 - [MESSAGE][PASSED] - Web element with id: 'Object Repository/Asset/Asset/assetname(assetName)' located by 'By.xpath: //div[text()='Author935']' is not present after '30' second(s)

2021-01-13 12:35:39 - [MESSAGE][PASSED] - pages.Asset.VerifyAssetNotPresent is PASSED]]></system-out>
         <system-err><![CDATA[]]></system-err>
      </testcase>
      <testcase name="Test Cases/Admin/Asset/functionalityOfCloseButtonandVerify" time="29.06" classname="Test Cases/Admin/Asset/functionalityOfCloseButtonandVerify" status="PASSED">
         <system-out><![CDATA[2021-01-13 12:35:39 - [TEST_CASE][PASSED] - Test Cases/Admin/Asset/functionalityOfCloseButtonandVerify: Test Cases/Admin/Asset/functionalityOfCloseButtonandVerify

2021-01-13 12:35:39 - [TEST_STEP][PASSED] - Start listener action : login: null

2021-01-13 12:35:39 - [TEST_STEP][PASSED] - Thread.sleep(3000): null

2021-01-13 12:35:42 - [TEST_STEP][PASSED] - url = getUrl(): Current window's url is: 'https://dev-admin.modist.co/dashboard'

2021-01-13 12:35:42 - [MESSAGE][PASSED] - Current window's url is: 'https://dev-admin.modist.co/dashboard'

2021-01-13 12:35:42 - [TEST_STEP][PASSED] - if (!(url.contains("dashboard"))): null

2021-01-13 12:35:42 - [TEST_STEP][PASSED] - pages.Asset.clickAssetTab(): pages.Asset.clickAssetTab is PASSED

2021-01-13 12:35:43 - [MESSAGE][PASSED] - Object 'Object Repository/Asset/Asset/AssetPageElements/assetTab' is present

2021-01-13 12:35:43 - [MESSAGE][PASSED] - Object 'Object Repository/Asset/Asset/AssetPageElements/assetTab' is visible

2021-01-13 12:35:43 - [MESSAGE][PASSED] - Object 'Object Repository/Asset/Asset/AssetPageElements/assetTab' is clickable

2021-01-13 12:35:44 - [MESSAGE][PASSED] - Object: 'Object Repository/Asset/Asset/AssetPageElements/assetTab' is clicked on

2021-01-13 12:35:44 - [MESSAGE][PASSED] - pages.Asset.clickAssetTab is PASSED

2021-01-13 12:35:44 - [TEST_STEP][PASSED] - pages.Asset.closeButtonInAssetEditPage(): pages.Asset.closeButtonInAssetEditPage is PASSED

2021-01-13 12:35:44 - [MESSAGE][PASSED] - Wait for page load successfully

2021-01-13 12:35:44 - [MESSAGE][PASSED] - Object 'Object Repository/Asset/Asset/AssetCount' is present

2021-01-13 12:35:45 - [MESSAGE][PASSED] - Text of object 'Object Repository/Asset/Asset/randomAsset(index)' is: 'Author993'

2021-01-13 12:35:45 - [MESSAGE][PASSED] - Object 'Object Repository/Asset/Asset/AssetPageElements/search' is present

2021-01-13 12:35:45 - [MESSAGE][PASSED] - Object 'Object Repository/Asset/Asset/AssetPageElements/search' is visible

2021-01-13 12:35:45 - [MESSAGE][PASSED] - Object 'Object Repository/Asset/Asset/AssetPageElements/search' is clickable

2021-01-13 12:35:46 - [MESSAGE][PASSED] - Text of object 'Object Repository/Asset/Asset/AssetPageElements/search' is cleared

2021-01-13 12:35:47 - [MESSAGE][PASSED] - Keys '' sent to object: 'Object Repository/Asset/Asset/AssetPageElements/search'

2021-01-13 12:35:47 - [MESSAGE][PASSED] - Keys 'A' sent to object: 'Object Repository/Asset/Asset/AssetPageElements/search'

2021-01-13 12:35:48 - [MESSAGE][PASSED] - Keys 'u' sent to object: 'Object Repository/Asset/Asset/AssetPageElements/search'

2021-01-13 12:35:49 - [MESSAGE][PASSED] - Keys 't' sent to object: 'Object Repository/Asset/Asset/AssetPageElements/search'

2021-01-13 12:35:50 - [MESSAGE][PASSED] - Keys 'h' sent to object: 'Object Repository/Asset/Asset/AssetPageElements/search'

2021-01-13 12:35:51 - [MESSAGE][PASSED] - Keys 'o' sent to object: 'Object Repository/Asset/Asset/AssetPageElements/search'

2021-01-13 12:35:52 - [MESSAGE][PASSED] - Keys 'r' sent to object: 'Object Repository/Asset/Asset/AssetPageElements/search'

2021-01-13 12:35:52 - [MESSAGE][PASSED] - Keys '9' sent to object: 'Object Repository/Asset/Asset/AssetPageElements/search'

2021-01-13 12:35:53 - [MESSAGE][PASSED] - Keys '9' sent to object: 'Object Repository/Asset/Asset/AssetPageElements/search'

2021-01-13 12:35:55 - [MESSAGE][PASSED] - Keys '3' sent to object: 'Object Repository/Asset/Asset/AssetPageElements/search'

2021-01-13 12:35:55 - [MESSAGE][PASSED] - Object 'Object Repository/Asset/Asset/assetname(assetName)' is present

2021-01-13 12:35:55 - [MESSAGE][PASSED] - Object 'Object Repository/Asset/Asset/assetname(assetName)' is visible

2021-01-13 12:35:56 - [MESSAGE][PASSED] - Object 'Object Repository/Asset/Asset/assetname(assetName)' is clickable

2021-01-13 12:35:56 - [MESSAGE][PASSED] - Object: 'Object Repository/Asset/Asset/assetname(assetName)' is clicked on

2021-01-13 12:35:57 - [MESSAGE][PASSED] - Object 'Object Repository/Asset/Asset/assetEditpage/close' is present

2021-01-13 12:35:58 - [MESSAGE][PASSED] - Object 'Object Repository/Asset/Asset/assetEditpage/close' is visible

2021-01-13 12:35:58 - [MESSAGE][PASSED] - Object 'Object Repository/Asset/Asset/assetEditpage/close' is clickable

2021-01-13 12:35:58 - [MESSAGE][PASSED] - Object: 'Object Repository/Asset/Asset/assetEditpage/close' is clicked on

2021-01-13 12:35:58 - [MESSAGE][PASSED] - pages.Asset.closeButtonInAssetEditPage is PASSED

2021-01-13 12:35:58 - [TEST_STEP][PASSED] - verification.Verification.getUrlAndVerify("dashboard", "cancel button is not working"): verification.Verification.getUrlAndVerify is PASSED

2021-01-13 12:36:08 - [MESSAGE][PASSED] - Delayed 10 second(s)

2021-01-13 12:36:08 - [MESSAGE][PASSED] - Current window's url is: 'https://dev-admin.modist.co/dashboard'

2021-01-13 12:36:08 - [MESSAGE][PASSED] - verification.Verification.getUrlAndVerify is PASSED]]></system-out>
         <system-err><![CDATA[]]></system-err>
      </testcase>
      <testcase name="Test Cases/Admin/Asset/functionalityOfSearcBoxWithInvalidDetails" time="10.118" classname="Test Cases/Admin/Asset/functionalityOfSearcBoxWithInvalidDetails" status="PASSED">
         <system-out><![CDATA[2021-01-13 12:36:08 - [TEST_CASE][PASSED] - Test Cases/Admin/Asset/functionalityOfSearcBoxWithInvalidDetails: Test Cases/Admin/Asset/functionalityOfSearcBoxWithInvalidDetails

2021-01-13 12:36:08 - [TEST_STEP][PASSED] - Start listener action : login: null

2021-01-13 12:36:08 - [TEST_STEP][PASSED] - Thread.sleep(3000): null

2021-01-13 12:36:11 - [TEST_STEP][PASSED] - url = getUrl(): Current window's url is: 'https://dev-admin.modist.co/dashboard'

2021-01-13 12:36:11 - [MESSAGE][PASSED] - Current window's url is: 'https://dev-admin.modist.co/dashboard'

2021-01-13 12:36:11 - [TEST_STEP][PASSED] - if (!(url.contains("dashboard"))): null

2021-01-13 12:36:11 - [TEST_STEP][PASSED] - pages.Asset.clickAssetTab(): pages.Asset.clickAssetTab is PASSED

2021-01-13 12:36:12 - [MESSAGE][PASSED] - Object 'Object Repository/Asset/Asset/AssetPageElements/assetTab' is present

2021-01-13 12:36:12 - [MESSAGE][PASSED] - Object 'Object Repository/Asset/Asset/AssetPageElements/assetTab' is visible

2021-01-13 12:36:12 - [MESSAGE][PASSED] - Object 'Object Repository/Asset/Asset/AssetPageElements/assetTab' is clickable

2021-01-13 12:36:13 - [MESSAGE][PASSED] - Object: 'Object Repository/Asset/Asset/AssetPageElements/assetTab' is clicked on

2021-01-13 12:36:13 - [MESSAGE][PASSED] - pages.Asset.clickAssetTab is PASSED

2021-01-13 12:36:13 - [TEST_STEP][PASSED] - assetName = pages.Asset.getRandomAssetName(): pages.Asset.getRandomAssetName is PASSED

2021-01-13 12:36:13 - [MESSAGE][PASSED] - Wait for page load successfully

2021-01-13 12:36:13 - [MESSAGE][PASSED] - Object 'Object Repository/Asset/Asset/AssetCount' is present

2021-01-13 12:36:13 - [MESSAGE][PASSED] - Text of object 'Object Repository/Asset/Asset/randomAsset(index)' is: 'new'

2021-01-13 12:36:13 - [MESSAGE][PASSED] - pages.Asset.getRandomAssetName is PASSED

2021-01-13 12:36:13 - [TEST_STEP][PASSED] - assetName = assetName + "1": null

2021-01-13 12:36:13 - [TEST_STEP][PASSED] - pages.Asset.VerifyAssetNotPresent(assetName): pages.Asset.VerifyAssetNotPresent is PASSED

2021-01-13 12:36:14 - [MESSAGE][PASSED] - Object 'Object Repository/Asset/Asset/AssetPageElements/search' is present

2021-01-13 12:36:14 - [MESSAGE][PASSED] - Object 'Object Repository/Asset/Asset/AssetPageElements/search' is visible

2021-01-13 12:36:14 - [MESSAGE][PASSED] - Object 'Object Repository/Asset/Asset/AssetPageElements/search' is clickable

2021-01-13 12:36:14 - [MESSAGE][PASSED] - Text of object 'Object Repository/Asset/Asset/AssetPageElements/search' is cleared

2021-01-13 12:36:15 - [MESSAGE][PASSED] - Keys '' sent to object: 'Object Repository/Asset/Asset/AssetPageElements/search'

2021-01-13 12:36:15 - [MESSAGE][PASSED] - Keys 'n' sent to object: 'Object Repository/Asset/Asset/AssetPageElements/search'

2021-01-13 12:36:15 - [MESSAGE][PASSED] - Keys 'e' sent to object: 'Object Repository/Asset/Asset/AssetPageElements/search'

2021-01-13 12:36:17 - [MESSAGE][PASSED] - Keys 'w' sent to object: 'Object Repository/Asset/Asset/AssetPageElements/search'

2021-01-13 12:36:18 - [MESSAGE][PASSED] - Keys '1' sent to object: 'Object Repository/Asset/Asset/AssetPageElements/search'

2021-01-13 12:36:18 - [MESSAGE][PASSED] - Web element with id: 'Object Repository/Asset/Asset/assetname(assetName)' located by 'By.xpath: //div[text()='new1']' is not present after '30' second(s)

2021-01-13 12:36:18 - [MESSAGE][PASSED] - pages.Asset.VerifyAssetNotPresent is PASSED]]></system-out>
         <system-err><![CDATA[]]></system-err>
      </testcase>
      <testcase name="Test Cases/Admin/Asset/functionalityOfSearchBoxwithValidDetails" time="14.684" classname="Test Cases/Admin/Asset/functionalityOfSearchBoxwithValidDetails" status="PASSED">
         <system-out><![CDATA[2021-01-13 12:36:18 - [TEST_CASE][PASSED] - Test Cases/Admin/Asset/functionalityOfSearchBoxwithValidDetails: Test Cases/Admin/Asset/functionalityOfSearchBoxwithValidDetails

2021-01-13 12:36:18 - [TEST_STEP][PASSED] - Start listener action : login: null

2021-01-13 12:36:18 - [TEST_STEP][PASSED] - Thread.sleep(3000): null

2021-01-13 12:36:21 - [TEST_STEP][PASSED] - url = getUrl(): Current window's url is: 'https://dev-admin.modist.co/dashboard'

2021-01-13 12:36:21 - [MESSAGE][PASSED] - Current window's url is: 'https://dev-admin.modist.co/dashboard'

2021-01-13 12:36:21 - [TEST_STEP][PASSED] - if (!(url.contains("dashboard"))): null

2021-01-13 12:36:22 - [TEST_STEP][PASSED] - pages.Asset.clickAssetTab(): pages.Asset.clickAssetTab is PASSED

2021-01-13 12:36:22 - [MESSAGE][PASSED] - Object 'Object Repository/Asset/Asset/AssetPageElements/assetTab' is present

2021-01-13 12:36:22 - [MESSAGE][PASSED] - Object 'Object Repository/Asset/Asset/AssetPageElements/assetTab' is visible

2021-01-13 12:36:22 - [MESSAGE][PASSED] - Object 'Object Repository/Asset/Asset/AssetPageElements/assetTab' is clickable

2021-01-13 12:36:23 - [MESSAGE][PASSED] - Object: 'Object Repository/Asset/Asset/AssetPageElements/assetTab' is clicked on

2021-01-13 12:36:23 - [MESSAGE][PASSED] - pages.Asset.clickAssetTab is PASSED

2021-01-13 12:36:23 - [TEST_STEP][PASSED] - assetName = pages.Asset.getRandomAssetName(): pages.Asset.getRandomAssetName is PASSED

2021-01-13 12:36:23 - [MESSAGE][PASSED] - Wait for page load successfully

2021-01-13 12:36:23 - [MESSAGE][PASSED] - Object 'Object Repository/Asset/Asset/AssetCount' is present

2021-01-13 12:36:24 - [MESSAGE][PASSED] - Text of object 'Object Repository/Asset/Asset/randomAsset(index)' is: 'new bike'

2021-01-13 12:36:24 - [MESSAGE][PASSED] - pages.Asset.getRandomAssetName is PASSED

2021-01-13 12:36:24 - [TEST_STEP][PASSED] - pages.Asset.VerifyAssetIsPresent(assetName): pages.Asset.VerifyAssetIsPresent is PASSED

2021-01-13 12:36:24 - [MESSAGE][PASSED] - Object 'Object Repository/Asset/Asset/AssetPageElements/search' is present

2021-01-13 12:36:24 - [MESSAGE][PASSED] - Object 'Object Repository/Asset/Asset/AssetPageElements/search' is visible

2021-01-13 12:36:24 - [MESSAGE][PASSED] - Object 'Object Repository/Asset/Asset/AssetPageElements/search' is clickable

2021-01-13 12:36:25 - [MESSAGE][PASSED] - Text of object 'Object Repository/Asset/Asset/AssetPageElements/search' is cleared

2021-01-13 12:36:26 - [MESSAGE][PASSED] - Keys '' sent to object: 'Object Repository/Asset/Asset/AssetPageElements/search'

2021-01-13 12:36:27 - [MESSAGE][PASSED] - Keys 'n' sent to object: 'Object Repository/Asset/Asset/AssetPageElements/search'

2021-01-13 12:36:28 - [MESSAGE][PASSED] - Keys 'e' sent to object: 'Object Repository/Asset/Asset/AssetPageElements/search'

2021-01-13 12:36:29 - [MESSAGE][PASSED] - Keys 'w' sent to object: 'Object Repository/Asset/Asset/AssetPageElements/search'

2021-01-13 12:36:29 - [MESSAGE][PASSED] - Keys ' ' sent to object: 'Object Repository/Asset/Asset/AssetPageElements/search'

2021-01-13 12:36:30 - [MESSAGE][PASSED] - Keys 'b' sent to object: 'Object Repository/Asset/Asset/AssetPageElements/search'

2021-01-13 12:36:31 - [MESSAGE][PASSED] - Keys 'i' sent to object: 'Object Repository/Asset/Asset/AssetPageElements/search'

2021-01-13 12:36:32 - [MESSAGE][PASSED] - Keys 'k' sent to object: 'Object Repository/Asset/Asset/AssetPageElements/search'

2021-01-13 12:36:32 - [MESSAGE][PASSED] - Keys 'e' sent to object: 'Object Repository/Asset/Asset/AssetPageElements/search'

2021-01-13 12:36:33 - [MESSAGE][PASSED] - Object 'Object Repository/Asset/Asset/assetname(assetName)' is present

2021-01-13 12:36:33 - [MESSAGE][PASSED] - pages.Asset.VerifyAssetIsPresent is PASSED]]></system-out>
         <system-err><![CDATA[]]></system-err>
      </testcase>
      <testcase name="Test Cases/Admin/Asset/openAnyAssetAndVerifyUrl" time="15.265" classname="Test Cases/Admin/Asset/openAnyAssetAndVerifyUrl" status="PASSED">
         <system-out><![CDATA[2021-01-13 12:36:33 - [TEST_CASE][PASSED] - Test Cases/Admin/Asset/openAnyAssetAndVerifyUrl: Test Cases/Admin/Asset/openAnyAssetAndVerifyUrl

2021-01-13 12:36:33 - [TEST_STEP][PASSED] - Start listener action : login: null

2021-01-13 12:36:33 - [TEST_STEP][PASSED] - Thread.sleep(3000): null

2021-01-13 12:36:36 - [TEST_STEP][PASSED] - url = getUrl(): Current window's url is: 'https://dev-admin.modist.co/dashboard'

2021-01-13 12:36:36 - [MESSAGE][PASSED] - Current window's url is: 'https://dev-admin.modist.co/dashboard'

2021-01-13 12:36:36 - [TEST_STEP][PASSED] - if (!(url.contains("dashboard"))): null

2021-01-13 12:36:36 - [TEST_STEP][PASSED] - pages.Asset.clickAssetTab(): pages.Asset.clickAssetTab is PASSED

2021-01-13 12:36:36 - [MESSAGE][PASSED] - Object 'Object Repository/Asset/Asset/AssetPageElements/assetTab' is present

2021-01-13 12:36:37 - [MESSAGE][PASSED] - Object 'Object Repository/Asset/Asset/AssetPageElements/assetTab' is visible

2021-01-13 12:36:37 - [MESSAGE][PASSED] - Object 'Object Repository/Asset/Asset/AssetPageElements/assetTab' is clickable

2021-01-13 12:36:37 - [MESSAGE][PASSED] - Object: 'Object Repository/Asset/Asset/AssetPageElements/assetTab' is clicked on

2021-01-13 12:36:37 - [MESSAGE][PASSED] - pages.Asset.clickAssetTab is PASSED

2021-01-13 12:36:37 - [TEST_STEP][PASSED] - assetName = pages.Asset.getRandomAssetName(): pages.Asset.getRandomAssetName is PASSED

2021-01-13 12:36:37 - [MESSAGE][PASSED] - Wait for page load successfully

2021-01-13 12:36:38 - [MESSAGE][PASSED] - Object 'Object Repository/Asset/Asset/AssetCount' is present

2021-01-13 12:36:38 - [MESSAGE][PASSED] - Text of object 'Object Repository/Asset/Asset/randomAsset(index)' is: 'new bike'

2021-01-13 12:36:38 - [MESSAGE][PASSED] - pages.Asset.getRandomAssetName is PASSED

2021-01-13 12:36:38 - [TEST_STEP][PASSED] - pages.Asset.verifyUrlOfassetEditPage(assetName): pages.Asset.verifyUrlOfassetEditPage is PASSED

2021-01-13 12:36:39 - [MESSAGE][PASSED] - Object 'Object Repository/Asset/Asset/AssetPageElements/search' is present

2021-01-13 12:36:39 - [MESSAGE][PASSED] - Object 'Object Repository/Asset/Asset/AssetPageElements/search' is visible

2021-01-13 12:36:39 - [MESSAGE][PASSED] - Object 'Object Repository/Asset/Asset/AssetPageElements/search' is clickable

2021-01-13 12:36:39 - [MESSAGE][PASSED] - Text of object 'Object Repository/Asset/Asset/AssetPageElements/search' is cleared

2021-01-13 12:36:41 - [MESSAGE][PASSED] - Keys '' sent to object: 'Object Repository/Asset/Asset/AssetPageElements/search'

2021-01-13 12:36:41 - [MESSAGE][PASSED] - Keys 'n' sent to object: 'Object Repository/Asset/Asset/AssetPageElements/search'

2021-01-13 12:36:42 - [MESSAGE][PASSED] - Keys 'e' sent to object: 'Object Repository/Asset/Asset/AssetPageElements/search'

2021-01-13 12:36:43 - [MESSAGE][PASSED] - Keys 'w' sent to object: 'Object Repository/Asset/Asset/AssetPageElements/search'

2021-01-13 12:36:43 - [MESSAGE][PASSED] - Keys ' ' sent to object: 'Object Repository/Asset/Asset/AssetPageElements/search'

2021-01-13 12:36:44 - [MESSAGE][PASSED] - Keys 'b' sent to object: 'Object Repository/Asset/Asset/AssetPageElements/search'

2021-01-13 12:36:45 - [MESSAGE][PASSED] - Keys 'i' sent to object: 'Object Repository/Asset/Asset/AssetPageElements/search'

2021-01-13 12:36:46 - [MESSAGE][PASSED] - Keys 'k' sent to object: 'Object Repository/Asset/Asset/AssetPageElements/search'

2021-01-13 12:36:46 - [MESSAGE][PASSED] - Keys 'e' sent to object: 'Object Repository/Asset/Asset/AssetPageElements/search'

2021-01-13 12:36:47 - [MESSAGE][PASSED] - Object 'Object Repository/Asset/Asset/assetname(assetName)' is present

2021-01-13 12:36:47 - [MESSAGE][PASSED] - Object 'Object Repository/Asset/Asset/assetname(assetName)' is visible

2021-01-13 12:36:48 - [MESSAGE][PASSED] - Object 'Object Repository/Asset/Asset/assetname(assetName)' is clickable

2021-01-13 12:36:48 - [MESSAGE][PASSED] - Object: 'Object Repository/Asset/Asset/assetname(assetName)' is clicked on

2021-01-13 12:36:48 - [MESSAGE][PASSED] - Current window's url is: 'https://dev-admin.modist.co/asset/33859'

2021-01-13 12:36:48 - [MESSAGE][PASSED] - pages.Asset.verifyUrlOfassetEditPage is PASSED]]></system-out>
         <system-err><![CDATA[]]></system-err>
      </testcase>
      <testcase name="Test Cases/Admin/Asset/VerifyAssetPage" time="12.015" classname="Test Cases/Admin/Asset/VerifyAssetPage" status="PASSED">
         <system-out><![CDATA[2021-01-13 12:36:48 - [TEST_CASE][PASSED] - Test Cases/Admin/Asset/VerifyAssetPage: Test Cases/Admin/Asset/VerifyAssetPage

2021-01-13 12:36:48 - [TEST_STEP][PASSED] - Start listener action : login: com.kms.katalon.core.webui.exception.WebElementNotFoundException: Web element with id: 'Object Repository/Login Credentials/Email' located by '//input[@name='email']' not found (Root cause: com.kms.katalon.core.exception.StepFailedException: com.kms.katalon.core.webui.exception.WebElementNotFoundException: Web element with id: 'Object Repository/Login Credentials/Email' located by '//input[@name='email']' not found
	at com.kms.katalon.core.webui.keyword.internal.WebUIKeywordMain.stepFailed(WebUIKeywordMain.groovy:64)
	at com.kms.katalon.core.webui.keyword.builtin.VerifyElementPresentKeyword$_verifyElementPresent_closure1.doCall(VerifyElementPresentKeyword.groovy:85)
	at com.kms.katalon.core.webui.keyword.builtin.VerifyElementPresentKeyword$_verifyElementPresent_closure1.call(VerifyElementPresentKeyword.groovy)
	at com.kms.katalon.core.webui.keyword.internal.WebUIKeywordMain.runKeyword(WebUIKeywordMain.groovy:20)
	at com.kms.katalon.core.webui.keyword.builtin.VerifyElementPresentKeyword.verifyElementPresent(VerifyElementPresentKeyword.groovy:92)
	at com.kms.katalon.core.webui.keyword.builtin.VerifyElementPresentKeyword.execute(VerifyElementPresentKeyword.groovy:68)
	at com.kms.katalon.core.keyword.internal.KeywordExecutor.executeKeywordForPlatform(KeywordExecutor.groovy:73)
	at com.kms.katalon.core.webui.keyword.WebUiBuiltInKeywords.verifyElementPresent(WebUiBuiltInKeywords.groovy:1445)
	at com.kms.katalon.core.webui.keyword.WebUiBuiltInKeywords$verifyElementPresent$2.call(Unknown Source)
	at login.LoginForAdminDevEnvironment.login(LoginForAdminDevEnvironment.groovy:18)
	at login.LoginForAdminDevEnvironment$login.call(Unknown Source)
	at Login.login(Login.groovy:37)
	at Login.invokeMethod(Login.groovy)
	at com.kms.katalon.core.context.internal.TestHooker.invokeMethod(TestHooker.java:111)
	at com.kms.katalon.core.context.internal.TestHooker.lambda$3(TestHooker.java:95)
	at com.kms.katalon.core.context.internal.TestHooker.invokeContextMethods(TestHooker.java:94)
	at com.kms.katalon.core.context.internal.TestListenerCollector.lambda$3(TestListenerCollector.java:88)
	at com.kms.katalon.core.context.internal.TestListenerCollector.handleListenerEvent(TestListenerCollector.java:85)
	at com.kms.katalon.core.context.internal.ExecutionEventManager.publicEvent(ExecutionEventManager.java:36)
	at com.kms.katalon.core.main.TestCaseExecutor.execute(TestCaseExecutor.java:221)
	at com.kms.katalon.core.main.TestSuiteExecutor.accessTestCaseMainPhase(TestSuiteExecutor.java:191)
	at com.kms.katalon.core.main.TestSuiteExecutor.accessTestSuiteMainPhase(TestSuiteExecutor.java:141)
	at com.kms.katalon.core.main.TestSuiteExecutor.execute(TestSuiteExecutor.java:90)
	at com.kms.katalon.core.main.TestCaseMain.startTestSuite(TestCaseMain.java:157)
	at com.kms.katalon.core.main.TestCaseMain$startTestSuite$0.call(Unknown Source)
	at TempTestSuite1610559105062.run(TempTestSuite1610559105062.groovy:39)
)

2021-01-13 12:36:48 - [TEST_STEP][PASSED] - Thread.sleep(3000): null

2021-01-13 12:36:51 - [TEST_STEP][PASSED] - url = getUrl(): Current window's url is: 'https://dev-admin.modist.co/asset/33859'

2021-01-13 12:36:51 - [MESSAGE][PASSED] - Current window's url is: 'https://dev-admin.modist.co/asset/33859'

2021-01-13 12:36:51 - [TEST_STEP][PASSED] - if (!(url.contains("dashboard"))): com.kms.katalon.core.webui.exception.WebElementNotFoundException: Web element with id: 'Object Repository/Login Credentials/Email' located by '//input[@name='email']' not found (Root cause: com.kms.katalon.core.exception.StepFailedException: com.kms.katalon.core.webui.exception.WebElementNotFoundException: Web element with id: 'Object Repository/Login Credentials/Email' located by '//input[@name='email']' not found
	at com.kms.katalon.core.webui.keyword.internal.WebUIKeywordMain.stepFailed(WebUIKeywordMain.groovy:64)
	at com.kms.katalon.core.webui.keyword.builtin.VerifyElementPresentKeyword$_verifyElementPresent_closure1.doCall(VerifyElementPresentKeyword.groovy:85)
	at com.kms.katalon.core.webui.keyword.builtin.VerifyElementPresentKeyword$_verifyElementPresent_closure1.call(VerifyElementPresentKeyword.groovy)
	at com.kms.katalon.core.webui.keyword.internal.WebUIKeywordMain.runKeyword(WebUIKeywordMain.groovy:20)
	at com.kms.katalon.core.webui.keyword.builtin.VerifyElementPresentKeyword.verifyElementPresent(VerifyElementPresentKeyword.groovy:92)
	at com.kms.katalon.core.webui.keyword.builtin.VerifyElementPresentKeyword.execute(VerifyElementPresentKeyword.groovy:68)
	at com.kms.katalon.core.keyword.internal.KeywordExecutor.executeKeywordForPlatform(KeywordExecutor.groovy:73)
	at com.kms.katalon.core.webui.keyword.WebUiBuiltInKeywords.verifyElementPresent(WebUiBuiltInKeywords.groovy:1445)
	at com.kms.katalon.core.webui.keyword.WebUiBuiltInKeywords$verifyElementPresent$2.call(Unknown Source)
	at login.LoginForAdminDevEnvironment.login(LoginForAdminDevEnvironment.groovy:18)
	at login.LoginForAdminDevEnvironment$login.call(Unknown Source)
	at Login.login(Login.groovy:37)
	at Login.invokeMethod(Login.groovy)
	at com.kms.katalon.core.context.internal.TestHooker.invokeMethod(TestHooker.java:111)
	at com.kms.katalon.core.context.internal.TestHooker.lambda$3(TestHooker.java:95)
	at com.kms.katalon.core.context.internal.TestHooker.invokeContextMethods(TestHooker.java:94)
	at com.kms.katalon.core.context.internal.TestListenerCollector.lambda$3(TestListenerCollector.java:88)
	at com.kms.katalon.core.context.internal.TestListenerCollector.handleListenerEvent(TestListenerCollector.java:85)
	at com.kms.katalon.core.context.internal.ExecutionEventManager.publicEvent(ExecutionEventManager.java:36)
	at com.kms.katalon.core.main.TestCaseExecutor.execute(TestCaseExecutor.java:221)
	at com.kms.katalon.core.main.TestSuiteExecutor.accessTestCaseMainPhase(TestSuiteExecutor.java:191)
	at com.kms.katalon.core.main.TestSuiteExecutor.accessTestSuiteMainPhase(TestSuiteExecutor.java:141)
	at com.kms.katalon.core.main.TestSuiteExecutor.execute(TestSuiteExecutor.java:90)
	at com.kms.katalon.core.main.TestCaseMain.startTestSuite(TestCaseMain.java:157)
	at com.kms.katalon.core.main.TestCaseMain$startTestSuite$0.call(Unknown Source)
	at TempTestSuite1610559105062.run(TempTestSuite1610559105062.groovy:39)
)

2021-01-13 12:36:51 - [TEST_STEP][PASSED] - navigateToUrl(Url): Navigate to 'https://dev-admin.modist.co/' successfully

2021-01-13 12:36:52 - [MESSAGE][PASSED] - Navigate to 'https://dev-admin.modist.co/' successfully

2021-01-13 12:36:52 - [TEST_STEP][PASSED] - loginPage.login(Email, Password): com.kms.katalon.core.webui.exception.WebElementNotFoundException: Web element with id: 'Object Repository/Login Credentials/Email' located by '//input[@name='email']' not found (Root cause: com.kms.katalon.core.exception.StepFailedException: com.kms.katalon.core.webui.exception.WebElementNotFoundException: Web element with id: 'Object Repository/Login Credentials/Email' located by '//input[@name='email']' not found
	at com.kms.katalon.core.webui.keyword.internal.WebUIKeywordMain.stepFailed(WebUIKeywordMain.groovy:64)
	at com.kms.katalon.core.webui.keyword.builtin.VerifyElementPresentKeyword$_verifyElementPresent_closure1.doCall(VerifyElementPresentKeyword.groovy:85)
	at com.kms.katalon.core.webui.keyword.builtin.VerifyElementPresentKeyword$_verifyElementPresent_closure1.call(VerifyElementPresentKeyword.groovy)
	at com.kms.katalon.core.webui.keyword.internal.WebUIKeywordMain.runKeyword(WebUIKeywordMain.groovy:20)
	at com.kms.katalon.core.webui.keyword.builtin.VerifyElementPresentKeyword.verifyElementPresent(VerifyElementPresentKeyword.groovy:92)
	at com.kms.katalon.core.webui.keyword.builtin.VerifyElementPresentKeyword.execute(VerifyElementPresentKeyword.groovy:68)
	at com.kms.katalon.core.keyword.internal.KeywordExecutor.executeKeywordForPlatform(KeywordExecutor.groovy:73)
	at com.kms.katalon.core.webui.keyword.WebUiBuiltInKeywords.verifyElementPresent(WebUiBuiltInKeywords.groovy:1445)
	at com.kms.katalon.core.webui.keyword.WebUiBuiltInKeywords$verifyElementPresent$2.call(Unknown Source)
	at login.LoginForAdminDevEnvironment.login(LoginForAdminDevEnvironment.groovy:18)
	at login.LoginForAdminDevEnvironment$login.call(Unknown Source)
	at Login.login(Login.groovy:37)
	at Login.invokeMethod(Login.groovy)
	at com.kms.katalon.core.context.internal.TestHooker.invokeMethod(TestHooker.java:111)
	at com.kms.katalon.core.context.internal.TestHooker.lambda$3(TestHooker.java:95)
	at com.kms.katalon.core.context.internal.TestHooker.invokeContextMethods(TestHooker.java:94)
	at com.kms.katalon.core.context.internal.TestListenerCollector.lambda$3(TestListenerCollector.java:88)
	at com.kms.katalon.core.context.internal.TestListenerCollector.handleListenerEvent(TestListenerCollector.java:85)
	at com.kms.katalon.core.context.internal.ExecutionEventManager.publicEvent(ExecutionEventManager.java:36)
	at com.kms.katalon.core.main.TestCaseExecutor.execute(TestCaseExecutor.java:221)
	at com.kms.katalon.core.main.TestSuiteExecutor.accessTestCaseMainPhase(TestSuiteExecutor.java:191)
	at com.kms.katalon.core.main.TestSuiteExecutor.accessTestSuiteMainPhase(TestSuiteExecutor.java:141)
	at com.kms.katalon.core.main.TestSuiteExecutor.execute(TestSuiteExecutor.java:90)
	at com.kms.katalon.core.main.TestCaseMain.startTestSuite(TestCaseMain.java:157)
	at com.kms.katalon.core.main.TestCaseMain$startTestSuite$0.call(Unknown Source)
	at TempTestSuite1610559105062.run(TempTestSuite1610559105062.groovy:39)
)

2021-01-13 12:36:57 - [MESSAGE][INFO] - Unable to find the element located by 'By.xpath: //input[@name='email']'. Please recheck the objects properties to make sure the desired element is located. 

2021-01-13 12:36:57 - [MESSAGE][WARNING] - com.kms.katalon.core.webui.exception.WebElementNotFoundException: Web element with id: 'Object Repository/Login Credentials/Email' located by '//input[@name='email']' not found (Root cause: com.kms.katalon.core.exception.StepFailedException: com.kms.katalon.core.webui.exception.WebElementNotFoundException: Web element with id: 'Object Repository/Login Credentials/Email' located by '//input[@name='email']' not found
	at com.kms.katalon.core.webui.keyword.internal.WebUIKeywordMain.stepFailed(WebUIKeywordMain.groovy:64)
	at com.kms.katalon.core.webui.keyword.builtin.VerifyElementPresentKeyword$_verifyElementPresent_closure1.doCall(VerifyElementPresentKeyword.groovy:85)
	at com.kms.katalon.core.webui.keyword.builtin.VerifyElementPresentKeyword$_verifyElementPresent_closure1.call(VerifyElementPresentKeyword.groovy)
	at com.kms.katalon.core.webui.keyword.internal.WebUIKeywordMain.runKeyword(WebUIKeywordMain.groovy:20)
	at com.kms.katalon.core.webui.keyword.builtin.VerifyElementPresentKeyword.verifyElementPresent(VerifyElementPresentKeyword.groovy:92)
	at com.kms.katalon.core.webui.keyword.builtin.VerifyElementPresentKeyword.execute(VerifyElementPresentKeyword.groovy:68)
	at com.kms.katalon.core.keyword.internal.KeywordExecutor.executeKeywordForPlatform(KeywordExecutor.groovy:73)
	at com.kms.katalon.core.webui.keyword.WebUiBuiltInKeywords.verifyElementPresent(WebUiBuiltInKeywords.groovy:1445)
	at com.kms.katalon.core.webui.keyword.WebUiBuiltInKeywords$verifyElementPresent$2.call(Unknown Source)
	at login.LoginForAdminDevEnvironment.login(LoginForAdminDevEnvironment.groovy:18)
	at login.LoginForAdminDevEnvironment$login.call(Unknown Source)
	at Login.login(Login.groovy:37)
	at Login.invokeMethod(Login.groovy)
	at com.kms.katalon.core.context.internal.TestHooker.invokeMethod(TestHooker.java:111)
	at com.kms.katalon.core.context.internal.TestHooker.lambda$3(TestHooker.java:95)
	at com.kms.katalon.core.context.internal.TestHooker.invokeContextMethods(TestHooker.java:94)
	at com.kms.katalon.core.context.internal.TestListenerCollector.lambda$3(TestListenerCollector.java:88)
	at com.kms.katalon.core.context.internal.TestListenerCollector.handleListenerEvent(TestListenerCollector.java:85)
	at com.kms.katalon.core.context.internal.ExecutionEventManager.publicEvent(ExecutionEventManager.java:36)
	at com.kms.katalon.core.main.TestCaseExecutor.execute(TestCaseExecutor.java:221)
	at com.kms.katalon.core.main.TestSuiteExecutor.accessTestCaseMainPhase(TestSuiteExecutor.java:191)
	at com.kms.katalon.core.main.TestSuiteExecutor.accessTestSuiteMainPhase(TestSuiteExecutor.java:141)
	at com.kms.katalon.core.main.TestSuiteExecutor.execute(TestSuiteExecutor.java:90)
	at com.kms.katalon.core.main.TestCaseMain.startTestSuite(TestCaseMain.java:157)
	at com.kms.katalon.core.main.TestCaseMain$startTestSuite$0.call(Unknown Source)
	at TempTestSuite1610559105062.run(TempTestSuite1610559105062.groovy:39)
)
[[ATTACHMENT|E:\\Modist\\ModistProject\\Reports\\20210113_123145\\AllTestCases\\20210113_123145\\1610559417554.png]]

2021-01-13 12:36:57 - [TEST_STEP][PASSED] - pages.Asset.clickAssetTab(): pages.Asset.clickAssetTab is PASSED

2021-01-13 12:36:58 - [MESSAGE][PASSED] - Object 'Object Repository/Asset/Asset/AssetPageElements/assetTab' is present

2021-01-13 12:36:58 - [MESSAGE][PASSED] - Object 'Object Repository/Asset/Asset/AssetPageElements/assetTab' is visible

2021-01-13 12:36:58 - [MESSAGE][PASSED] - Object 'Object Repository/Asset/Asset/AssetPageElements/assetTab' is clickable

2021-01-13 12:36:59 - [MESSAGE][PASSED] - Object: 'Object Repository/Asset/Asset/AssetPageElements/assetTab' is clicked on

2021-01-13 12:36:59 - [MESSAGE][PASSED] - pages.Asset.clickAssetTab is PASSED

2021-01-13 12:36:59 - [TEST_STEP][PASSED] - pages.Asset.verifyAssetPage(): pages.Asset.verifyAssetPage is PASSED

2021-01-13 12:36:59 - [MESSAGE][PASSED] - Object 'Object Repository/Asset/Asset/AssetPageElements/AddAssetButton' is present

2021-01-13 12:36:59 - [MESSAGE][PASSED] - Object 'Object Repository/Asset/Asset/AssetPageElements/filterByName' is present

2021-01-13 12:36:59 - [MESSAGE][PASSED] - Object 'Object Repository/Asset/Asset/AssetPageElements/sourceTab' is present

2021-01-13 12:37:00 - [MESSAGE][PASSED] - Object 'Object Repository/Asset/Asset/AssetPageElements/created' is present

2021-01-13 12:37:00 - [MESSAGE][PASSED] - Object 'Object Repository/Asset/Asset/AssetPageElements/updated' is present

2021-01-13 12:37:00 - [MESSAGE][PASSED] - Object 'Object Repository/Asset/Asset/AssetPageElements/Autor' is present

2021-01-13 12:37:00 - [MESSAGE][PASSED] - Object 'Object Repository/Asset/Asset/AssetPageElements/content' is present

2021-01-13 12:37:00 - [MESSAGE][PASSED] - pages.Asset.verifyAssetPage is PASSED]]></system-out>
         <system-err><![CDATA[]]></system-err>
      </testcase>
      <testcase name="Test Cases/Admin/Asset/verifyElementsInAddAssetPopUp" time="10.709" classname="Test Cases/Admin/Asset/verifyElementsInAddAssetPopUp" status="PASSED">
         <system-out><![CDATA[2021-01-13 12:37:00 - [TEST_CASE][PASSED] - Test Cases/Admin/Asset/verifyElementsInAddAssetPopUp: Test Cases/Admin/Asset/verifyElementsInAddAssetPopUp

2021-01-13 12:37:00 - [TEST_STEP][PASSED] - Start listener action : login: null

2021-01-13 12:37:00 - [TEST_STEP][PASSED] - Thread.sleep(3000): null

2021-01-13 12:37:03 - [TEST_STEP][PASSED] - url = getUrl(): Current window's url is: 'https://dev-admin.modist.co/dashboard'

2021-01-13 12:37:03 - [MESSAGE][PASSED] - Current window's url is: 'https://dev-admin.modist.co/dashboard'

2021-01-13 12:37:03 - [TEST_STEP][PASSED] - if (!(url.contains("dashboard"))): null

2021-01-13 12:37:04 - [TEST_STEP][PASSED] - pages.Asset.clickAssetTab(): pages.Asset.clickAssetTab is PASSED

2021-01-13 12:37:04 - [MESSAGE][PASSED] - Object 'Object Repository/Asset/Asset/AssetPageElements/assetTab' is present

2021-01-13 12:37:04 - [MESSAGE][PASSED] - Object 'Object Repository/Asset/Asset/AssetPageElements/assetTab' is visible

2021-01-13 12:37:04 - [MESSAGE][PASSED] - Object 'Object Repository/Asset/Asset/AssetPageElements/assetTab' is clickable

2021-01-13 12:37:05 - [MESSAGE][PASSED] - Object: 'Object Repository/Asset/Asset/AssetPageElements/assetTab' is clicked on

2021-01-13 12:37:05 - [MESSAGE][PASSED] - pages.Asset.clickAssetTab is PASSED

2021-01-13 12:37:05 - [TEST_STEP][PASSED] - pages.Asset.verifyAddAssetPopUp(): pages.Asset.verifyAddAssetPopUp is PASSED

2021-01-13 12:37:05 - [MESSAGE][PASSED] - Object 'Object Repository/Asset/Asset/AssetPageElements/assetTab' is present

2021-01-13 12:37:05 - [MESSAGE][PASSED] - Object 'Object Repository/Asset/Asset/AssetPageElements/assetTab' is visible

2021-01-13 12:37:06 - [MESSAGE][PASSED] - Object 'Object Repository/Asset/Asset/AssetPageElements/assetTab' is clickable

2021-01-13 12:37:06 - [MESSAGE][PASSED] - Object: 'Object Repository/Asset/Asset/AssetPageElements/assetTab' is clicked on

2021-01-13 12:37:06 - [MESSAGE][PASSED] - Object 'Object Repository/Asset/Asset/AssetPageElements/AddAssetButton' is present

2021-01-13 12:37:07 - [MESSAGE][PASSED] - Object 'Object Repository/Asset/Asset/AssetPageElements/AddAssetButton' is visible

2021-01-13 12:37:07 - [MESSAGE][PASSED] - Object 'Object Repository/Asset/Asset/AssetPageElements/AddAssetButton' is clickable

2021-01-13 12:37:08 - [MESSAGE][PASSED] - Object: 'Object Repository/Asset/Asset/AssetPageElements/AddAssetButton' is clicked on

2021-01-13 12:37:08 - [MESSAGE][PASSED] - Object 'Object Repository/Asset/Asset/AddAssetPopEle/Author' is present

2021-01-13 12:37:08 - [MESSAGE][PASSED] - Object 'Object Repository/Asset/Asset/AddAssetPopEle/Quote' is present

2021-01-13 12:37:09 - [MESSAGE][PASSED] - Object 'Object Repository/Asset/Asset/AddAssetPopEle/AssetUrl' is present

2021-01-13 12:37:09 - [MESSAGE][PASSED] - Object 'Object Repository/Asset/Asset/AddAssetPopEle/UploadPhoto' is present

2021-01-13 12:37:09 - [MESSAGE][PASSED] - Object 'Object Repository/Asset/Asset/AddAssetPopEle/Tenant' is present

2021-01-13 12:37:10 - [MESSAGE][PASSED] - Object 'Object Repository/Asset/Asset/AddAssetPopEle/Cancel' is present

2021-01-13 12:37:10 - [MESSAGE][PASSED] - Object 'Object Repository/Asset/Asset/AddAssetPopEle/AddAsset' is present

2021-01-13 12:37:10 - [MESSAGE][PASSED] - Object 'Object Repository/Asset/Asset/AddAssetPopEle/Cancel' is present

2021-01-13 12:37:10 - [MESSAGE][PASSED] - Object 'Object Repository/Asset/Asset/AddAssetPopEle/Cancel' is visible

2021-01-13 12:37:11 - [MESSAGE][PASSED] - Object 'Object Repository/Asset/Asset/AddAssetPopEle/Cancel' is clickable

2021-01-13 12:37:11 - [MESSAGE][PASSED] - Object: 'Object Repository/Asset/Asset/AddAssetPopEle/Cancel' is clicked on

2021-01-13 12:37:11 - [MESSAGE][PASSED] - pages.Asset.verifyAddAssetPopUp is PASSED]]></system-out>
         <system-err><![CDATA[]]></system-err>
      </testcase>
      <testcase name="Test Cases/Admin/Asset/VerifyElementsInAssetEditPage" time="10.064" classname="Test Cases/Admin/Asset/VerifyElementsInAssetEditPage" status="PASSED">
         <system-out><![CDATA[2021-01-13 12:37:11 - [TEST_CASE][PASSED] - Test Cases/Admin/Asset/VerifyElementsInAssetEditPage: Test Cases/Admin/Asset/VerifyElementsInAssetEditPage

2021-01-13 12:37:11 - [TEST_STEP][PASSED] - Start listener action : login: null

2021-01-13 12:37:11 - [TEST_STEP][PASSED] - Thread.sleep(3000): null

2021-01-13 12:37:14 - [TEST_STEP][PASSED] - url = getUrl(): Current window's url is: 'https://dev-admin.modist.co/dashboard'

2021-01-13 12:37:14 - [MESSAGE][PASSED] - Current window's url is: 'https://dev-admin.modist.co/dashboard'

2021-01-13 12:37:14 - [TEST_STEP][PASSED] - if (!(url.contains("dashboard"))): null

2021-01-13 12:37:14 - [TEST_STEP][PASSED] - pages.Asset.clickAssetTab(): pages.Asset.clickAssetTab is PASSED

2021-01-13 12:37:15 - [MESSAGE][PASSED] - Object 'Object Repository/Asset/Asset/AssetPageElements/assetTab' is present

2021-01-13 12:37:15 - [MESSAGE][PASSED] - Object 'Object Repository/Asset/Asset/AssetPageElements/assetTab' is visible

2021-01-13 12:37:15 - [MESSAGE][PASSED] - Object 'Object Repository/Asset/Asset/AssetPageElements/assetTab' is clickable

2021-01-13 12:37:15 - [MESSAGE][PASSED] - Object: 'Object Repository/Asset/Asset/AssetPageElements/assetTab' is clicked on

2021-01-13 12:37:15 - [MESSAGE][PASSED] - pages.Asset.clickAssetTab is PASSED

2021-01-13 12:37:16 - [TEST_STEP][PASSED] - pages.Asset.verifyAssetEditPage(): pages.Asset.verifyAssetEditPage is PASSED

2021-01-13 12:37:16 - [MESSAGE][PASSED] - Wait for page load successfully

2021-01-13 12:37:16 - [MESSAGE][PASSED] - Object 'Object Repository/Asset/Asset/AssetCount' is present

2021-01-13 12:37:16 - [MESSAGE][PASSED] - Text of object 'Object Repository/Asset/Asset/randomAsset(index)' is: 'Author929'

2021-01-13 12:37:17 - [MESSAGE][PASSED] - Object 'Object Repository/Asset/Asset/anyAsset(assetName)' is present

2021-01-13 12:37:17 - [MESSAGE][PASSED] - Object 'Object Repository/Asset/Asset/anyAsset(assetName)' is visible

2021-01-13 12:37:17 - [MESSAGE][PASSED] - Object 'Object Repository/Asset/Asset/anyAsset(assetName)' is clickable

2021-01-13 12:37:18 - [MESSAGE][PASSED] - Object: 'Object Repository/Asset/Asset/anyAsset(assetName)' is clicked on

2021-01-13 12:37:19 - [MESSAGE][PASSED] - Object 'Object Repository/Asset/Asset/assetEditPageElements/AssetEdit' is present

2021-01-13 12:37:19 - [MESSAGE][PASSED] - Object 'Object Repository/Asset/Asset/assetEditPageElements/Content' is present

2021-01-13 12:37:19 - [MESSAGE][PASSED] - Object 'Object Repository/Asset/Asset/assetEditPageElements/Photo' is present

2021-01-13 12:37:20 - [MESSAGE][PASSED] - Object 'Object Repository/Asset/Asset/assetEditPageElements/Tags' is present

2021-01-13 12:37:20 - [MESSAGE][PASSED] - Object 'Object Repository/Asset/Asset/assetEditPageElements/Source' is present

2021-01-13 12:37:20 - [MESSAGE][PASSED] - Object 'Object Repository/Asset/Asset/assetEditPageElements/Tenant' is present

2021-01-13 12:37:20 - [MESSAGE][PASSED] - Object 'Object Repository/Asset/Asset/assetEditPageElements/Public' is present

2021-01-13 12:37:21 - [MESSAGE][PASSED] - Object 'Object Repository/Asset/Asset/assetEditPageElements/Author' is present

2021-01-13 12:37:21 - [MESSAGE][PASSED] - Object 'Object Repository/Asset/Asset/assetEditPageElements/Created' is present

2021-01-13 12:37:21 - [MESSAGE][PASSED] - Object 'Object Repository/Asset/Asset/assetEditPageElements/Updated' is present

2021-01-13 12:37:21 - [MESSAGE][PASSED] - pages.Asset.verifyAssetEditPage is PASSED]]></system-out>
         <system-err><![CDATA[]]></system-err>
      </testcase>
      <testcase name="Test Cases/Admin/AssetSource/Add An AssetSource" time="25.409" classname="Test Cases/Admin/AssetSource/Add An AssetSource" status="PASSED">
         <system-out><![CDATA[2021-01-13 12:37:21 - [TEST_CASE][PASSED] - Test Cases/Admin/AssetSource/Add An AssetSource: Test Cases/Admin/AssetSource/Add An AssetSource

2021-01-13 12:37:21 - [TEST_STEP][PASSED] - Start listener action : login: com.kms.katalon.core.webui.exception.WebElementNotFoundException: Web element with id: 'Object Repository/Login Credentials/Email' located by '//input[@name='email']' not found (Root cause: com.kms.katalon.core.exception.StepFailedException: com.kms.katalon.core.webui.exception.WebElementNotFoundException: Web element with id: 'Object Repository/Login Credentials/Email' located by '//input[@name='email']' not found
	at com.kms.katalon.core.webui.keyword.internal.WebUIKeywordMain.stepFailed(WebUIKeywordMain.groovy:64)
	at com.kms.katalon.core.webui.keyword.builtin.VerifyElementPresentKeyword$_verifyElementPresent_closure1.doCall(VerifyElementPresentKeyword.groovy:85)
	at com.kms.katalon.core.webui.keyword.builtin.VerifyElementPresentKeyword$_verifyElementPresent_closure1.call(VerifyElementPresentKeyword.groovy)
	at com.kms.katalon.core.webui.keyword.internal.WebUIKeywordMain.runKeyword(WebUIKeywordMain.groovy:20)
	at com.kms.katalon.core.webui.keyword.builtin.VerifyElementPresentKeyword.verifyElementPresent(VerifyElementPresentKeyword.groovy:92)
	at com.kms.katalon.core.webui.keyword.builtin.VerifyElementPresentKeyword.execute(VerifyElementPresentKeyword.groovy:68)
	at com.kms.katalon.core.keyword.internal.KeywordExecutor.executeKeywordForPlatform(KeywordExecutor.groovy:73)
	at com.kms.katalon.core.webui.keyword.WebUiBuiltInKeywords.verifyElementPresent(WebUiBuiltInKeywords.groovy:1445)
	at com.kms.katalon.core.webui.keyword.WebUiBuiltInKeywords$verifyElementPresent$2.call(Unknown Source)
	at login.LoginForAdminDevEnvironment.login(LoginForAdminDevEnvironment.groovy:18)
	at login.LoginForAdminDevEnvironment$login.call(Unknown Source)
	at Login.login(Login.groovy:37)
	at Login.invokeMethod(Login.groovy)
	at com.kms.katalon.core.context.internal.TestHooker.invokeMethod(TestHooker.java:111)
	at com.kms.katalon.core.context.internal.TestHooker.lambda$3(TestHooker.java:95)
	at com.kms.katalon.core.context.internal.TestHooker.invokeContextMethods(TestHooker.java:94)
	at com.kms.katalon.core.context.internal.TestListenerCollector.lambda$3(TestListenerCollector.java:88)
	at com.kms.katalon.core.context.internal.TestListenerCollector.handleListenerEvent(TestListenerCollector.java:85)
	at com.kms.katalon.core.context.internal.ExecutionEventManager.publicEvent(ExecutionEventManager.java:36)
	at com.kms.katalon.core.main.TestCaseExecutor.execute(TestCaseExecutor.java:221)
	at com.kms.katalon.core.main.TestSuiteExecutor.accessTestCaseMainPhase(TestSuiteExecutor.java:191)
	at com.kms.katalon.core.main.TestSuiteExecutor.accessTestSuiteMainPhase(TestSuiteExecutor.java:141)
	at com.kms.katalon.core.main.TestSuiteExecutor.execute(TestSuiteExecutor.java:90)
	at com.kms.katalon.core.main.TestCaseMain.startTestSuite(TestCaseMain.java:157)
	at com.kms.katalon.core.main.TestCaseMain$startTestSuite$0.call(Unknown Source)
	at TempTestSuite1610559105062.run(TempTestSuite1610559105062.groovy:39)
)

2021-01-13 12:37:21 - [TEST_STEP][PASSED] - Thread.sleep(3000): null

2021-01-13 12:37:24 - [TEST_STEP][PASSED] - url = getUrl(): Current window's url is: 'https://dev-admin.modist.co/asset/34081'

2021-01-13 12:37:24 - [MESSAGE][PASSED] - Current window's url is: 'https://dev-admin.modist.co/asset/34081'

2021-01-13 12:37:24 - [TEST_STEP][PASSED] - if (!(url.contains("dashboard"))): com.kms.katalon.core.webui.exception.WebElementNotFoundException: Web element with id: 'Object Repository/Login Credentials/Email' located by '//input[@name='email']' not found (Root cause: com.kms.katalon.core.exception.StepFailedException: com.kms.katalon.core.webui.exception.WebElementNotFoundException: Web element with id: 'Object Repository/Login Credentials/Email' located by '//input[@name='email']' not found
	at com.kms.katalon.core.webui.keyword.internal.WebUIKeywordMain.stepFailed(WebUIKeywordMain.groovy:64)
	at com.kms.katalon.core.webui.keyword.builtin.VerifyElementPresentKeyword$_verifyElementPresent_closure1.doCall(VerifyElementPresentKeyword.groovy:85)
	at com.kms.katalon.core.webui.keyword.builtin.VerifyElementPresentKeyword$_verifyElementPresent_closure1.call(VerifyElementPresentKeyword.groovy)
	at com.kms.katalon.core.webui.keyword.internal.WebUIKeywordMain.runKeyword(WebUIKeywordMain.groovy:20)
	at com.kms.katalon.core.webui.keyword.builtin.VerifyElementPresentKeyword.verifyElementPresent(VerifyElementPresentKeyword.groovy:92)
	at com.kms.katalon.core.webui.keyword.builtin.VerifyElementPresentKeyword.execute(VerifyElementPresentKeyword.groovy:68)
	at com.kms.katalon.core.keyword.internal.KeywordExecutor.executeKeywordForPlatform(KeywordExecutor.groovy:73)
	at com.kms.katalon.core.webui.keyword.WebUiBuiltInKeywords.verifyElementPresent(WebUiBuiltInKeywords.groovy:1445)
	at com.kms.katalon.core.webui.keyword.WebUiBuiltInKeywords$verifyElementPresent$2.call(Unknown Source)
	at login.LoginForAdminDevEnvironment.login(LoginForAdminDevEnvironment.groovy:18)
	at login.LoginForAdminDevEnvironment$login.call(Unknown Source)
	at Login.login(Login.groovy:37)
	at Login.invokeMethod(Login.groovy)
	at com.kms.katalon.core.context.internal.TestHooker.invokeMethod(TestHooker.java:111)
	at com.kms.katalon.core.context.internal.TestHooker.lambda$3(TestHooker.java:95)
	at com.kms.katalon.core.context.internal.TestHooker.invokeContextMethods(TestHooker.java:94)
	at com.kms.katalon.core.context.internal.TestListenerCollector.lambda$3(TestListenerCollector.java:88)
	at com.kms.katalon.core.context.internal.TestListenerCollector.handleListenerEvent(TestListenerCollector.java:85)
	at com.kms.katalon.core.context.internal.ExecutionEventManager.publicEvent(ExecutionEventManager.java:36)
	at com.kms.katalon.core.main.TestCaseExecutor.execute(TestCaseExecutor.java:221)
	at com.kms.katalon.core.main.TestSuiteExecutor.accessTestCaseMainPhase(TestSuiteExecutor.java:191)
	at com.kms.katalon.core.main.TestSuiteExecutor.accessTestSuiteMainPhase(TestSuiteExecutor.java:141)
	at com.kms.katalon.core.main.TestSuiteExecutor.execute(TestSuiteExecutor.java:90)
	at com.kms.katalon.core.main.TestCaseMain.startTestSuite(TestCaseMain.java:157)
	at com.kms.katalon.core.main.TestCaseMain$startTestSuite$0.call(Unknown Source)
	at TempTestSuite1610559105062.run(TempTestSuite1610559105062.groovy:39)
)

2021-01-13 12:37:24 - [TEST_STEP][PASSED] - navigateToUrl(Url): Navigate to 'https://dev-admin.modist.co/' successfully

2021-01-13 12:37:25 - [MESSAGE][PASSED] - Navigate to 'https://dev-admin.modist.co/' successfully

2021-01-13 12:37:25 - [TEST_STEP][PASSED] - loginPage.login(Email, Password): com.kms.katalon.core.webui.exception.WebElementNotFoundException: Web element with id: 'Object Repository/Login Credentials/Email' located by '//input[@name='email']' not found (Root cause: com.kms.katalon.core.exception.StepFailedException: com.kms.katalon.core.webui.exception.WebElementNotFoundException: Web element with id: 'Object Repository/Login Credentials/Email' located by '//input[@name='email']' not found
	at com.kms.katalon.core.webui.keyword.internal.WebUIKeywordMain.stepFailed(WebUIKeywordMain.groovy:64)
	at com.kms.katalon.core.webui.keyword.builtin.VerifyElementPresentKeyword$_verifyElementPresent_closure1.doCall(VerifyElementPresentKeyword.groovy:85)
	at com.kms.katalon.core.webui.keyword.builtin.VerifyElementPresentKeyword$_verifyElementPresent_closure1.call(VerifyElementPresentKeyword.groovy)
	at com.kms.katalon.core.webui.keyword.internal.WebUIKeywordMain.runKeyword(WebUIKeywordMain.groovy:20)
	at com.kms.katalon.core.webui.keyword.builtin.VerifyElementPresentKeyword.verifyElementPresent(VerifyElementPresentKeyword.groovy:92)
	at com.kms.katalon.core.webui.keyword.builtin.VerifyElementPresentKeyword.execute(VerifyElementPresentKeyword.groovy:68)
	at com.kms.katalon.core.keyword.internal.KeywordExecutor.executeKeywordForPlatform(KeywordExecutor.groovy:73)
	at com.kms.katalon.core.webui.keyword.WebUiBuiltInKeywords.verifyElementPresent(WebUiBuiltInKeywords.groovy:1445)
	at com.kms.katalon.core.webui.keyword.WebUiBuiltInKeywords$verifyElementPresent$2.call(Unknown Source)
	at login.LoginForAdminDevEnvironment.login(LoginForAdminDevEnvironment.groovy:18)
	at login.LoginForAdminDevEnvironment$login.call(Unknown Source)
	at Login.login(Login.groovy:37)
	at Login.invokeMethod(Login.groovy)
	at com.kms.katalon.core.context.internal.TestHooker.invokeMethod(TestHooker.java:111)
	at com.kms.katalon.core.context.internal.TestHooker.lambda$3(TestHooker.java:95)
	at com.kms.katalon.core.context.internal.TestHooker.invokeContextMethods(TestHooker.java:94)
	at com.kms.katalon.core.context.internal.TestListenerCollector.lambda$3(TestListenerCollector.java:88)
	at com.kms.katalon.core.context.internal.TestListenerCollector.handleListenerEvent(TestListenerCollector.java:85)
	at com.kms.katalon.core.context.internal.ExecutionEventManager.publicEvent(ExecutionEventManager.java:36)
	at com.kms.katalon.core.main.TestCaseExecutor.execute(TestCaseExecutor.java:221)
	at com.kms.katalon.core.main.TestSuiteExecutor.accessTestCaseMainPhase(TestSuiteExecutor.java:191)
	at com.kms.katalon.core.main.TestSuiteExecutor.accessTestSuiteMainPhase(TestSuiteExecutor.java:141)
	at com.kms.katalon.core.main.TestSuiteExecutor.execute(TestSuiteExecutor.java:90)
	at com.kms.katalon.core.main.TestCaseMain.startTestSuite(TestCaseMain.java:157)
	at com.kms.katalon.core.main.TestCaseMain$startTestSuite$0.call(Unknown Source)
	at TempTestSuite1610559105062.run(TempTestSuite1610559105062.groovy:39)
)

2021-01-13 12:37:30 - [MESSAGE][INFO] - Unable to find the element located by 'By.xpath: //input[@name='email']'. Please recheck the objects properties to make sure the desired element is located. 

2021-01-13 12:37:30 - [MESSAGE][WARNING] - com.kms.katalon.core.webui.exception.WebElementNotFoundException: Web element with id: 'Object Repository/Login Credentials/Email' located by '//input[@name='email']' not found (Root cause: com.kms.katalon.core.exception.StepFailedException: com.kms.katalon.core.webui.exception.WebElementNotFoundException: Web element with id: 'Object Repository/Login Credentials/Email' located by '//input[@name='email']' not found
	at com.kms.katalon.core.webui.keyword.internal.WebUIKeywordMain.stepFailed(WebUIKeywordMain.groovy:64)
	at com.kms.katalon.core.webui.keyword.builtin.VerifyElementPresentKeyword$_verifyElementPresent_closure1.doCall(VerifyElementPresentKeyword.groovy:85)
	at com.kms.katalon.core.webui.keyword.builtin.VerifyElementPresentKeyword$_verifyElementPresent_closure1.call(VerifyElementPresentKeyword.groovy)
	at com.kms.katalon.core.webui.keyword.internal.WebUIKeywordMain.runKeyword(WebUIKeywordMain.groovy:20)
	at com.kms.katalon.core.webui.keyword.builtin.VerifyElementPresentKeyword.verifyElementPresent(VerifyElementPresentKeyword.groovy:92)
	at com.kms.katalon.core.webui.keyword.builtin.VerifyElementPresentKeyword.execute(VerifyElementPresentKeyword.groovy:68)
	at com.kms.katalon.core.keyword.internal.KeywordExecutor.executeKeywordForPlatform(KeywordExecutor.groovy:73)
	at com.kms.katalon.core.webui.keyword.WebUiBuiltInKeywords.verifyElementPresent(WebUiBuiltInKeywords.groovy:1445)
	at com.kms.katalon.core.webui.keyword.WebUiBuiltInKeywords$verifyElementPresent$2.call(Unknown Source)
	at login.LoginForAdminDevEnvironment.login(LoginForAdminDevEnvironment.groovy:18)
	at login.LoginForAdminDevEnvironment$login.call(Unknown Source)
	at Login.login(Login.groovy:37)
	at Login.invokeMethod(Login.groovy)
	at com.kms.katalon.core.context.internal.TestHooker.invokeMethod(TestHooker.java:111)
	at com.kms.katalon.core.context.internal.TestHooker.lambda$3(TestHooker.java:95)
	at com.kms.katalon.core.context.internal.TestHooker.invokeContextMethods(TestHooker.java:94)
	at com.kms.katalon.core.context.internal.TestListenerCollector.lambda$3(TestListenerCollector.java:88)
	at com.kms.katalon.core.context.internal.TestListenerCollector.handleListenerEvent(TestListenerCollector.java:85)
	at com.kms.katalon.core.context.internal.ExecutionEventManager.publicEvent(ExecutionEventManager.java:36)
	at com.kms.katalon.core.main.TestCaseExecutor.execute(TestCaseExecutor.java:221)
	at com.kms.katalon.core.main.TestSuiteExecutor.accessTestCaseMainPhase(TestSuiteExecutor.java:191)
	at com.kms.katalon.core.main.TestSuiteExecutor.accessTestSuiteMainPhase(TestSuiteExecutor.java:141)
	at com.kms.katalon.core.main.TestSuiteExecutor.execute(TestSuiteExecutor.java:90)
	at com.kms.katalon.core.main.TestCaseMain.startTestSuite(TestCaseMain.java:157)
	at com.kms.katalon.core.main.TestCaseMain$startTestSuite$0.call(Unknown Source)
	at TempTestSuite1610559105062.run(TempTestSuite1610559105062.groovy:39)
)
[[ATTACHMENT|E:\\Modist\\ModistProject\\Reports\\20210113_123145\\AllTestCases\\20210113_123145\\1610559450323.png]]

2021-01-13 12:37:30 - [TEST_STEP][PASSED] - sourcename = pages.Assetsource.addAssetSource(): pages.Assetsource.addAssetSource is PASSED

2021-01-13 12:37:30 - [MESSAGE][PASSED] - Object 'Object Repository/AssetSource/Asset Source Tab' is present

2021-01-13 12:37:31 - [MESSAGE][PASSED] - Object 'Object Repository/AssetSource/Asset Source Tab' is visible

2021-01-13 12:37:31 - [MESSAGE][PASSED] - Object 'Object Repository/AssetSource/Asset Source Tab' is clickable

2021-01-13 12:37:31 - [MESSAGE][PASSED] - Object: 'Object Repository/AssetSource/Asset Source Tab' is clicked on

2021-01-13 12:37:32 - [MESSAGE][PASSED] - Object 'Object Repository/AssetSource/Add Asset Source Button' is present

2021-01-13 12:37:32 - [MESSAGE][PASSED] - Object 'Object Repository/AssetSource/Add Asset Source Button' is present

2021-01-13 12:37:33 - [MESSAGE][PASSED] - Object 'Object Repository/AssetSource/Add Asset Source Button' is visible

2021-01-13 12:37:33 - [MESSAGE][PASSED] - Object 'Object Repository/AssetSource/Add Asset Source Button' is clickable

2021-01-13 12:37:33 - [MESSAGE][PASSED] - Object: 'Object Repository/AssetSource/Add Asset Source Button' is clicked on

2021-01-13 12:37:33 - [MESSAGE][PASSED] - Wait for page load successfully

2021-01-13 12:37:34 - [MESSAGE][PASSED] - Object 'Object Repository/AssetSource/Source' is present

2021-01-13 12:37:34 - [MESSAGE][PASSED] - Object 'Object Repository/AssetSource/Source' is visible

2021-01-13 12:37:35 - [MESSAGE][PASSED] - Object 'Object Repository/AssetSource/Source' is clickable

2021-01-13 12:37:35 - [MESSAGE][PASSED] - Text of object 'Object Repository/AssetSource/Source' is cleared

2021-01-13 12:37:35 - [MESSAGE][PASSED] - Keys 'RandomAsset56' sent to object: 'Object Repository/AssetSource/Source'

2021-01-13 12:37:36 - [MESSAGE][PASSED] - Object 'Object Repository/AssetSource/Asset Source button on popup' is present

2021-01-13 12:37:36 - [MESSAGE][PASSED] - Object 'Object Repository/AssetSource/Asset Source button on popup' is visible

2021-01-13 12:37:36 - [MESSAGE][PASSED] - Object 'Object Repository/AssetSource/Asset Source button on popup' is clickable

2021-01-13 12:37:37 - [MESSAGE][PASSED] - Object: 'Object Repository/AssetSource/Asset Source button on popup' is clicked on

2021-01-13 12:37:37 - [MESSAGE][PASSED] - pages.Assetsource.addAssetSource is PASSED

2021-01-13 12:37:37 - [TEST_STEP][PASSED] - pages.Assetsource.verifyAssetSourceAdded(sourcename): pages.Assetsource.verifyAssetSourceAdded is PASSED

2021-01-13 12:37:37 - [MESSAGE][PASSED] - Object 'Object Repository/AssetSource/Search' is present

2021-01-13 12:37:37 - [MESSAGE][PASSED] - Object 'Object Repository/AssetSource/Search' is visible

2021-01-13 12:37:38 - [MESSAGE][PASSED] - Object 'Object Repository/AssetSource/Search' is clickable

2021-01-13 12:37:38 - [MESSAGE][PASSED] - Text of object 'Object Repository/AssetSource/Search' is cleared

2021-01-13 12:37:38 - [MESSAGE][PASSED] - Keys '' sent to object: 'Object Repository/AssetSource/Search'

2021-01-13 12:37:38 - [MESSAGE][PASSED] - Keys 'R' sent to object: 'Object Repository/AssetSource/Search'

2021-01-13 12:37:39 - [MESSAGE][PASSED] - Keys 'a' sent to object: 'Object Repository/AssetSource/Search'

2021-01-13 12:37:40 - [MESSAGE][PASSED] - Keys 'n' sent to object: 'Object Repository/AssetSource/Search'

2021-01-13 12:37:40 - [MESSAGE][PASSED] - Keys 'd' sent to object: 'Object Repository/AssetSource/Search'

2021-01-13 12:37:41 - [MESSAGE][PASSED] - Keys 'o' sent to object: 'Object Repository/AssetSource/Search'

2021-01-13 12:37:41 - [MESSAGE][PASSED] - Keys 'm' sent to object: 'Object Repository/AssetSource/Search'

2021-01-13 12:37:42 - [MESSAGE][PASSED] - Keys 'A' sent to object: 'Object Repository/AssetSource/Search'

2021-01-13 12:37:42 - [MESSAGE][PASSED] - Keys 's' sent to object: 'Object Repository/AssetSource/Search'

2021-01-13 12:37:43 - [MESSAGE][PASSED] - Keys 's' sent to object: 'Object Repository/AssetSource/Search'

2021-01-13 12:37:43 - [MESSAGE][PASSED] - Keys 'e' sent to object: 'Object Repository/AssetSource/Search'

2021-01-13 12:37:44 - [MESSAGE][PASSED] - Keys 't' sent to object: 'Object Repository/AssetSource/Search'

2021-01-13 12:37:44 - [MESSAGE][PASSED] - Keys '5' sent to object: 'Object Repository/AssetSource/Search'

2021-01-13 12:37:45 - [MESSAGE][PASSED] - Keys '6' sent to object: 'Object Repository/AssetSource/Search'

2021-01-13 12:37:47 - [MESSAGE][PASSED] - Object 'Object Repository/AssetSource/AssetSourceName' is present

2021-01-13 12:37:47 - [MESSAGE][PASSED] - pages.Assetsource.verifyAssetSourceAdded is PASSED

2021-01-13 12:37:47 - [TEST_STEP][PASSED] - println(sourcename): null]]></system-out>
         <system-err><![CDATA[]]></system-err>
      </testcase>
      <testcase name="Test Cases/Admin/AssetSource/Delete An AssetSource" time="35.484" classname="Test Cases/Admin/AssetSource/Delete An AssetSource" status="PASSED">
         <system-out><![CDATA[2021-01-13 12:37:47 - [TEST_CASE][PASSED] - Test Cases/Admin/AssetSource/Delete An AssetSource: Test Cases/Admin/AssetSource/Delete An AssetSource

2021-01-13 12:37:47 - [TEST_STEP][PASSED] - Start listener action : login: null

2021-01-13 12:37:47 - [TEST_STEP][PASSED] - Thread.sleep(3000): null

2021-01-13 12:37:50 - [TEST_STEP][PASSED] - url = getUrl(): Current window's url is: 'https://dev-admin.modist.co/dashboard'

2021-01-13 12:37:50 - [MESSAGE][PASSED] - Current window's url is: 'https://dev-admin.modist.co/dashboard'

2021-01-13 12:37:50 - [TEST_STEP][PASSED] - if (!(url.contains("dashboard"))): null

2021-01-13 12:37:50 - [TEST_STEP][PASSED] - sourcename = pages.Assetsource.addAssetSource(): pages.Assetsource.addAssetSource is PASSED

2021-01-13 12:37:50 - [MESSAGE][PASSED] - Object 'Object Repository/AssetSource/Asset Source Tab' is present

2021-01-13 12:37:50 - [MESSAGE][PASSED] - Object 'Object Repository/AssetSource/Asset Source Tab' is visible

2021-01-13 12:37:51 - [MESSAGE][PASSED] - Object 'Object Repository/AssetSource/Asset Source Tab' is clickable

2021-01-13 12:37:51 - [MESSAGE][PASSED] - Object: 'Object Repository/AssetSource/Asset Source Tab' is clicked on

2021-01-13 12:37:51 - [MESSAGE][PASSED] - Object 'Object Repository/AssetSource/Add Asset Source Button' is present

2021-01-13 12:37:52 - [MESSAGE][PASSED] - Object 'Object Repository/AssetSource/Add Asset Source Button' is present

2021-01-13 12:37:52 - [MESSAGE][PASSED] - Object 'Object Repository/AssetSource/Add Asset Source Button' is visible

2021-01-13 12:37:52 - [MESSAGE][PASSED] - Object 'Object Repository/AssetSource/Add Asset Source Button' is clickable

2021-01-13 12:37:53 - [MESSAGE][PASSED] - Object: 'Object Repository/AssetSource/Add Asset Source Button' is clicked on

2021-01-13 12:37:53 - [MESSAGE][PASSED] - Wait for page load successfully

2021-01-13 12:37:53 - [MESSAGE][PASSED] - Object 'Object Repository/AssetSource/Source' is present

2021-01-13 12:37:54 - [MESSAGE][PASSED] - Object 'Object Repository/AssetSource/Source' is visible

2021-01-13 12:37:54 - [MESSAGE][PASSED] - Object 'Object Repository/AssetSource/Source' is clickable

2021-01-13 12:37:54 - [MESSAGE][PASSED] - Text of object 'Object Repository/AssetSource/Source' is cleared

2021-01-13 12:37:54 - [MESSAGE][PASSED] - Keys 'RandomAsset987' sent to object: 'Object Repository/AssetSource/Source'

2021-01-13 12:37:55 - [MESSAGE][PASSED] - Object 'Object Repository/AssetSource/Asset Source button on popup' is present

2021-01-13 12:37:55 - [MESSAGE][PASSED] - Object 'Object Repository/AssetSource/Asset Source button on popup' is visible

2021-01-13 12:37:55 - [MESSAGE][PASSED] - Object 'Object Repository/AssetSource/Asset Source button on popup' is clickable

2021-01-13 12:37:56 - [MESSAGE][PASSED] - Object: 'Object Repository/AssetSource/Asset Source button on popup' is clicked on

2021-01-13 12:37:56 - [MESSAGE][PASSED] - pages.Assetsource.addAssetSource is PASSED

2021-01-13 12:37:56 - [TEST_STEP][PASSED] - println(sourcename): null

2021-01-13 12:37:56 - [TEST_STEP][PASSED] - pages.Assetsource.deleteAnAssetSource(sourcename): pages.Assetsource.deleteAnAssetSource is PASSED

2021-01-13 12:37:56 - [MESSAGE][PASSED] - Object 'Object Repository/AssetSource/Search' is present

2021-01-13 12:37:57 - [MESSAGE][PASSED] - Object 'Object Repository/AssetSource/Search' is visible

2021-01-13 12:37:57 - [MESSAGE][PASSED] - Object 'Object Repository/AssetSource/Search' is clickable

2021-01-13 12:37:57 - [MESSAGE][PASSED] - Text of object 'Object Repository/AssetSource/Search' is cleared

2021-01-13 12:37:58 - [MESSAGE][PASSED] - Keys '' sent to object: 'Object Repository/AssetSource/Search'

2021-01-13 12:37:59 - [MESSAGE][PASSED] - Keys 'R' sent to object: 'Object Repository/AssetSource/Search'

2021-01-13 12:37:59 - [MESSAGE][PASSED] - Keys 'a' sent to object: 'Object Repository/AssetSource/Search'

2021-01-13 12:38:00 - [MESSAGE][PASSED] - Keys 'n' sent to object: 'Object Repository/AssetSource/Search'

2021-01-13 12:38:00 - [MESSAGE][PASSED] - Keys 'd' sent to object: 'Object Repository/AssetSource/Search'

2021-01-13 12:38:01 - [MESSAGE][PASSED] - Keys 'o' sent to object: 'Object Repository/AssetSource/Search'

2021-01-13 12:38:01 - [MESSAGE][PASSED] - Keys 'm' sent to object: 'Object Repository/AssetSource/Search'

2021-01-13 12:38:02 - [MESSAGE][PASSED] - Keys 'A' sent to object: 'Object Repository/AssetSource/Search'

2021-01-13 12:38:02 - [MESSAGE][PASSED] - Keys 's' sent to object: 'Object Repository/AssetSource/Search'

2021-01-13 12:38:03 - [MESSAGE][PASSED] - Keys 's' sent to object: 'Object Repository/AssetSource/Search'

2021-01-13 12:38:03 - [MESSAGE][PASSED] - Keys 'e' sent to object: 'Object Repository/AssetSource/Search'

2021-01-13 12:38:04 - [MESSAGE][PASSED] - Keys 't' sent to object: 'Object Repository/AssetSource/Search'

2021-01-13 12:38:04 - [MESSAGE][PASSED] - Keys '9' sent to object: 'Object Repository/AssetSource/Search'

2021-01-13 12:38:05 - [MESSAGE][PASSED] - Keys '8' sent to object: 'Object Repository/AssetSource/Search'

2021-01-13 12:38:07 - [MESSAGE][PASSED] - Keys '7' sent to object: 'Object Repository/AssetSource/Search'

2021-01-13 12:38:08 - [MESSAGE][PASSED] - Scroll to object 'Object Repository/AssetSource/AssetSourceName' successfully

2021-01-13 12:38:08 - [MESSAGE][PASSED] - Object 'Object Repository/AssetSource/AssetSourceName' is present

2021-01-13 12:38:08 - [MESSAGE][PASSED] - Object 'Object Repository/AssetSource/AssetSourceName' is visible

2021-01-13 12:38:08 - [MESSAGE][PASSED] - Object 'Object Repository/AssetSource/AssetSourceName' is clickable

2021-01-13 12:38:09 - [MESSAGE][PASSED] - Object: 'Object Repository/AssetSource/AssetSourceName' is clicked on

2021-01-13 12:38:10 - [MESSAGE][PASSED] - Object 'Object Repository/AssetSource/AssetSourceEdit(save button)' is present

2021-01-13 12:38:10 - [MESSAGE][PASSED] - Object 'Object Repository/AssetSource/Delete Button' is present

2021-01-13 12:38:10 - [MESSAGE][PASSED] - Object 'Object Repository/AssetSource/Delete Button' is visible

2021-01-13 12:38:10 - [MESSAGE][PASSED] - Object 'Object Repository/AssetSource/Delete Button' is clickable

2021-01-13 12:38:11 - [MESSAGE][PASSED] - Object: 'Object Repository/AssetSource/Delete Button' is clicked on

2021-01-13 12:38:11 - [MESSAGE][PASSED] - pages.Assetsource.deleteAnAssetSource is PASSED

2021-01-13 12:38:11 - [TEST_STEP][PASSED] - pages.Assetsource.verifyAssetSourceDeleted(sourcename): pages.Assetsource.verifyAssetSourceDeleted is PASSED

2021-01-13 12:38:12 - [MESSAGE][PASSED] - Object 'Object Repository/AssetSource/Search' is present

2021-01-13 12:38:12 - [MESSAGE][PASSED] - Object 'Object Repository/AssetSource/Search' is visible

2021-01-13 12:38:12 - [MESSAGE][PASSED] - Object 'Object Repository/AssetSource/Search' is clickable

2021-01-13 12:38:12 - [MESSAGE][PASSED] - Text of object 'Object Repository/AssetSource/Search' is cleared

2021-01-13 12:38:13 - [MESSAGE][PASSED] - Keys '' sent to object: 'Object Repository/AssetSource/Search'

2021-01-13 12:38:13 - [MESSAGE][PASSED] - Keys 'R' sent to object: 'Object Repository/AssetSource/Search'

2021-01-13 12:38:14 - [MESSAGE][PASSED] - Keys 'a' sent to object: 'Object Repository/AssetSource/Search'

2021-01-13 12:38:14 - [MESSAGE][PASSED] - Keys 'n' sent to object: 'Object Repository/AssetSource/Search'

2021-01-13 12:38:15 - [MESSAGE][PASSED] - Keys 'd' sent to object: 'Object Repository/AssetSource/Search'

2021-01-13 12:38:16 - [MESSAGE][PASSED] - Keys 'o' sent to object: 'Object Repository/AssetSource/Search'

2021-01-13 12:38:16 - [MESSAGE][PASSED] - Keys 'm' sent to object: 'Object Repository/AssetSource/Search'

2021-01-13 12:38:17 - [MESSAGE][PASSED] - Keys 'A' sent to object: 'Object Repository/AssetSource/Search'

2021-01-13 12:38:17 - [MESSAGE][PASSED] - Keys 's' sent to object: 'Object Repository/AssetSource/Search'

2021-01-13 12:38:18 - [MESSAGE][PASSED] - Keys 's' sent to object: 'Object Repository/AssetSource/Search'

2021-01-13 12:38:18 - [MESSAGE][PASSED] - Keys 'e' sent to object: 'Object Repository/AssetSource/Search'

2021-01-13 12:38:19 - [MESSAGE][PASSED] - Keys 't' sent to object: 'Object Repository/AssetSource/Search'

2021-01-13 12:38:19 - [MESSAGE][PASSED] - Keys '9' sent to object: 'Object Repository/AssetSource/Search'

2021-01-13 12:38:20 - [MESSAGE][PASSED] - Keys '8' sent to object: 'Object Repository/AssetSource/Search'

2021-01-13 12:38:22 - [MESSAGE][PASSED] - Keys '7' sent to object: 'Object Repository/AssetSource/Search'

2021-01-13 12:38:22 - [MESSAGE][PASSED] - Web element with id: 'Object Repository/AssetSource/AssetSourceName' located by 'By.xpath: //div[text()='RandomAsset987']' is not present after '30' second(s)

2021-01-13 12:38:22 - [MESSAGE][PASSED] - pages.Assetsource.verifyAssetSourceDeleted is PASSED]]></system-out>
         <system-err><![CDATA[]]></system-err>
      </testcase>
      <testcase name="Test Cases/Admin/AssetSource/Edit An AssetSource" time="27.999" classname="Test Cases/Admin/AssetSource/Edit An AssetSource" status="PASSED">
         <system-out><![CDATA[2021-01-13 12:38:22 - [TEST_CASE][PASSED] - Test Cases/Admin/AssetSource/Edit An AssetSource: Test Cases/Admin/AssetSource/Edit An AssetSource

2021-01-13 12:38:22 - [TEST_STEP][PASSED] - Start listener action : login: null

2021-01-13 12:38:22 - [TEST_STEP][PASSED] - Thread.sleep(3000): null

2021-01-13 12:38:25 - [TEST_STEP][PASSED] - url = getUrl(): Current window's url is: 'https://dev-admin.modist.co/dashboard'

2021-01-13 12:38:25 - [MESSAGE][PASSED] - Current window's url is: 'https://dev-admin.modist.co/dashboard'

2021-01-13 12:38:25 - [TEST_STEP][PASSED] - if (!(url.contains("dashboard"))): null

2021-01-13 12:38:25 - [TEST_STEP][PASSED] - sourcename = pages.Assetsource.addAssetSource(): pages.Assetsource.addAssetSource is PASSED

2021-01-13 12:38:26 - [MESSAGE][PASSED] - Object 'Object Repository/AssetSource/Asset Source Tab' is present

2021-01-13 12:38:26 - [MESSAGE][PASSED] - Object 'Object Repository/AssetSource/Asset Source Tab' is visible

2021-01-13 12:38:26 - [MESSAGE][PASSED] - Object 'Object Repository/AssetSource/Asset Source Tab' is clickable

2021-01-13 12:38:27 - [MESSAGE][PASSED] - Object: 'Object Repository/AssetSource/Asset Source Tab' is clicked on

2021-01-13 12:38:27 - [MESSAGE][PASSED] - Object 'Object Repository/AssetSource/Add Asset Source Button' is present

2021-01-13 12:38:27 - [MESSAGE][PASSED] - Object 'Object Repository/AssetSource/Add Asset Source Button' is present

2021-01-13 12:38:28 - [MESSAGE][PASSED] - Object 'Object Repository/AssetSource/Add Asset Source Button' is visible

2021-01-13 12:38:28 - [MESSAGE][PASSED] - Object 'Object Repository/AssetSource/Add Asset Source Button' is clickable

2021-01-13 12:38:28 - [MESSAGE][PASSED] - Object: 'Object Repository/AssetSource/Add Asset Source Button' is clicked on

2021-01-13 12:38:28 - [MESSAGE][PASSED] - Wait for page load successfully

2021-01-13 12:38:28 - [MESSAGE][PASSED] - Object 'Object Repository/AssetSource/Source' is present

2021-01-13 12:38:29 - [MESSAGE][PASSED] - Object 'Object Repository/AssetSource/Source' is visible

2021-01-13 12:38:29 - [MESSAGE][PASSED] - Object 'Object Repository/AssetSource/Source' is clickable

2021-01-13 12:38:30 - [MESSAGE][PASSED] - Text of object 'Object Repository/AssetSource/Source' is cleared

2021-01-13 12:38:30 - [MESSAGE][PASSED] - Keys 'RandomAsset898' sent to object: 'Object Repository/AssetSource/Source'

2021-01-13 12:38:30 - [MESSAGE][PASSED] - Object 'Object Repository/AssetSource/Asset Source button on popup' is present

2021-01-13 12:38:31 - [MESSAGE][PASSED] - Object 'Object Repository/AssetSource/Asset Source button on popup' is visible

2021-01-13 12:38:31 - [MESSAGE][PASSED] - Object 'Object Repository/AssetSource/Asset Source button on popup' is clickable

2021-01-13 12:38:31 - [MESSAGE][PASSED] - Object: 'Object Repository/AssetSource/Asset Source button on popup' is clicked on

2021-01-13 12:38:31 - [MESSAGE][PASSED] - pages.Assetsource.addAssetSource is PASSED

2021-01-13 12:38:31 - [TEST_STEP][PASSED] - println(sourcename): null

2021-01-13 12:38:31 - [TEST_STEP][PASSED] - pages.Assetsource.editAnAssetSource(sourcename): pages.Assetsource.editAnAssetSource is PASSED

2021-01-13 12:38:32 - [MESSAGE][PASSED] - Object 'Object Repository/AssetSource/Search' is present

2021-01-13 12:38:32 - [MESSAGE][PASSED] - Object 'Object Repository/AssetSource/Search' is visible

2021-01-13 12:38:32 - [MESSAGE][PASSED] - Object 'Object Repository/AssetSource/Search' is clickable

2021-01-13 12:38:33 - [MESSAGE][PASSED] - Text of object 'Object Repository/AssetSource/Search' is cleared

2021-01-13 12:38:33 - [MESSAGE][PASSED] - Keys '' sent to object: 'Object Repository/AssetSource/Search'

2021-01-13 12:38:34 - [MESSAGE][PASSED] - Keys 'R' sent to object: 'Object Repository/AssetSource/Search'

2021-01-13 12:38:34 - [MESSAGE][PASSED] - Keys 'a' sent to object: 'Object Repository/AssetSource/Search'

2021-01-13 12:38:35 - [MESSAGE][PASSED] - Keys 'n' sent to object: 'Object Repository/AssetSource/Search'

2021-01-13 12:38:36 - [MESSAGE][PASSED] - Keys 'd' sent to object: 'Object Repository/AssetSource/Search'

2021-01-13 12:38:36 - [MESSAGE][PASSED] - Keys 'o' sent to object: 'Object Repository/AssetSource/Search'

2021-01-13 12:38:37 - [MESSAGE][PASSED] - Keys 'm' sent to object: 'Object Repository/AssetSource/Search'

2021-01-13 12:38:38 - [MESSAGE][PASSED] - Keys 'A' sent to object: 'Object Repository/AssetSource/Search'

2021-01-13 12:38:38 - [MESSAGE][PASSED] - Keys 's' sent to object: 'Object Repository/AssetSource/Search'

2021-01-13 12:38:39 - [MESSAGE][PASSED] - Keys 's' sent to object: 'Object Repository/AssetSource/Search'

2021-01-13 12:38:39 - [MESSAGE][PASSED] - Keys 'e' sent to object: 'Object Repository/AssetSource/Search'

2021-01-13 12:38:40 - [MESSAGE][PASSED] - Keys 't' sent to object: 'Object Repository/AssetSource/Search'

2021-01-13 12:38:40 - [MESSAGE][PASSED] - Keys '8' sent to object: 'Object Repository/AssetSource/Search'

2021-01-13 12:38:41 - [MESSAGE][PASSED] - Keys '9' sent to object: 'Object Repository/AssetSource/Search'

2021-01-13 12:38:43 - [MESSAGE][PASSED] - Keys '8' sent to object: 'Object Repository/AssetSource/Search'

2021-01-13 12:38:43 - [MESSAGE][PASSED] - Scroll to object 'Object Repository/AssetSource/AssetSourceName' successfully

2021-01-13 12:38:43 - [MESSAGE][PASSED] - Object 'Object Repository/AssetSource/AssetSourceName' is present

2021-01-13 12:38:44 - [MESSAGE][PASSED] - Object 'Object Repository/AssetSource/AssetSourceName' is visible

2021-01-13 12:38:44 - [MESSAGE][PASSED] - Object 'Object Repository/AssetSource/AssetSourceName' is clickable

2021-01-13 12:38:44 - [MESSAGE][PASSED] - Object: 'Object Repository/AssetSource/AssetSourceName' is clicked on

2021-01-13 12:38:45 - [MESSAGE][PASSED] - Object 'Object Repository/AssetSource/AssetSourceEdit(save button)' is present

2021-01-13 12:38:45 - [MESSAGE][PASSED] - Text of object 'Object Repository/AssetSource/AssetSourceEdit(Source)' is cleared

2021-01-13 12:38:46 - [MESSAGE][PASSED] - Object 'Object Repository/AssetSource/AssetSourceEdit(Source)' is present

2021-01-13 12:38:46 - [MESSAGE][PASSED] - Object 'Object Repository/AssetSource/AssetSourceEdit(Source)' is visible

2021-01-13 12:38:46 - [MESSAGE][PASSED] - Object 'Object Repository/AssetSource/AssetSourceEdit(Source)' is clickable

2021-01-13 12:38:47 - [MESSAGE][PASSED] - Text of object 'Object Repository/AssetSource/AssetSourceEdit(Source)' is cleared

2021-01-13 12:38:47 - [MESSAGE][PASSED] - Keys 'editedsourcesname1' sent to object: 'Object Repository/AssetSource/AssetSourceEdit(Source)'

2021-01-13 12:38:47 - [MESSAGE][PASSED] - Object 'Object Repository/AssetSource/AssetSourceEdit(save button)' is present

2021-01-13 12:38:48 - [MESSAGE][PASSED] - Object 'Object Repository/AssetSource/AssetSourceEdit(save button)' is visible

2021-01-13 12:38:48 - [MESSAGE][PASSED] - Object 'Object Repository/AssetSource/AssetSourceEdit(save button)' is clickable

2021-01-13 12:38:48 - [MESSAGE][PASSED] - Object: 'Object Repository/AssetSource/AssetSourceEdit(save button)' is clicked on

2021-01-13 12:38:49 - [MESSAGE][PASSED] - Object 'Object Repository/AssetSource/Close Button' is present

2021-01-13 12:38:49 - [MESSAGE][PASSED] - Object 'Object Repository/AssetSource/Close Button' is visible

2021-01-13 12:38:50 - [MESSAGE][PASSED] - Object 'Object Repository/AssetSource/Close Button' is clickable

2021-01-13 12:38:50 - [MESSAGE][PASSED] - Object: 'Object Repository/AssetSource/Close Button' is clicked on

2021-01-13 12:38:50 - [MESSAGE][PASSED] - pages.Assetsource.editAnAssetSource is PASSED]]></system-out>
         <system-err><![CDATA[]]></system-err>
      </testcase>
      <testcase name="Test Cases/Admin/AssetSource/Verify Asset Source tab by clicking it" time="4.671" classname="Test Cases/Admin/AssetSource/Verify Asset Source tab by clicking it" status="PASSED">
         <system-out><![CDATA[2021-01-13 12:38:50 - [TEST_CASE][PASSED] - Test Cases/Admin/AssetSource/Verify Asset Source tab by clicking it: Test Cases/Admin/AssetSource/Verify Asset Source tab by clicking it

2021-01-13 12:38:50 - [TEST_STEP][PASSED] - Start listener action : login: null

2021-01-13 12:38:50 - [TEST_STEP][PASSED] - Thread.sleep(3000): null

2021-01-13 12:38:53 - [TEST_STEP][PASSED] - url = getUrl(): Current window's url is: 'https://dev-admin.modist.co/dashboard'

2021-01-13 12:38:53 - [MESSAGE][PASSED] - Current window's url is: 'https://dev-admin.modist.co/dashboard'

2021-01-13 12:38:53 - [TEST_STEP][PASSED] - if (!(url.contains("dashboard"))): null

2021-01-13 12:38:53 - [TEST_STEP][PASSED] - pages.Assetsource.navigateToAssetSourceDetailsTab(): pages.Assetsource.navigateToAssetSourceDetailsTab is PASSED

2021-01-13 12:38:53 - [MESSAGE][PASSED] - Object 'Object Repository/AssetSource/Asset Source Tab' is present

2021-01-13 12:38:54 - [MESSAGE][PASSED] - Object 'Object Repository/AssetSource/Asset Source Tab' is visible

2021-01-13 12:38:54 - [MESSAGE][PASSED] - Object 'Object Repository/AssetSource/Asset Source Tab' is clickable

2021-01-13 12:38:54 - [MESSAGE][PASSED] - Object: 'Object Repository/AssetSource/Asset Source Tab' is clicked on

2021-01-13 12:38:55 - [MESSAGE][PASSED] - Object 'Object Repository/AssetSource/Add Asset Source Button' is present

2021-01-13 12:38:55 - [MESSAGE][PASSED] - pages.Assetsource.navigateToAssetSourceDetailsTab is PASSED]]></system-out>
         <system-err><![CDATA[]]></system-err>
      </testcase>
      <testcase name="Test Cases/Admin/AssetSource/Verify by clicking on any asset source in the Asset source tab details page" time="22.211" classname="Test Cases/Admin/AssetSource/Verify by clicking on any asset source in the Asset source tab details page" status="PASSED">
         <system-out><![CDATA[2021-01-13 12:38:55 - [TEST_CASE][PASSED] - Test Cases/Admin/AssetSource/Verify by clicking on any asset source in the Asset source tab details page: Test Cases/Admin/AssetSource/Verify by clicking on any asset source in the Asset source tab details page

2021-01-13 12:38:55 - [TEST_STEP][PASSED] - Start listener action : login: null

2021-01-13 12:38:55 - [TEST_STEP][PASSED] - Thread.sleep(3000): null

2021-01-13 12:38:58 - [TEST_STEP][PASSED] - url = getUrl(): Current window's url is: 'https://dev-admin.modist.co/dashboard'

2021-01-13 12:38:58 - [MESSAGE][PASSED] - Current window's url is: 'https://dev-admin.modist.co/dashboard'

2021-01-13 12:38:58 - [TEST_STEP][PASSED] - if (!(url.contains("dashboard"))): null

2021-01-13 12:38:58 - [TEST_STEP][PASSED] - sourcename = pages.Assetsource.addAssetSource(): pages.Assetsource.addAssetSource is PASSED

2021-01-13 12:38:58 - [MESSAGE][PASSED] - Object 'Object Repository/AssetSource/Asset Source Tab' is present

2021-01-13 12:38:58 - [MESSAGE][PASSED] - Object 'Object Repository/AssetSource/Asset Source Tab' is visible

2021-01-13 12:38:59 - [MESSAGE][PASSED] - Object 'Object Repository/AssetSource/Asset Source Tab' is clickable

2021-01-13 12:38:59 - [MESSAGE][PASSED] - Object: 'Object Repository/AssetSource/Asset Source Tab' is clicked on

2021-01-13 12:38:59 - [MESSAGE][PASSED] - Object 'Object Repository/AssetSource/Add Asset Source Button' is present

2021-01-13 12:39:00 - [MESSAGE][PASSED] - Object 'Object Repository/AssetSource/Add Asset Source Button' is present

2021-01-13 12:39:00 - [MESSAGE][PASSED] - Object 'Object Repository/AssetSource/Add Asset Source Button' is visible

2021-01-13 12:39:00 - [MESSAGE][PASSED] - Object 'Object Repository/AssetSource/Add Asset Source Button' is clickable

2021-01-13 12:39:01 - [MESSAGE][PASSED] - Object: 'Object Repository/AssetSource/Add Asset Source Button' is clicked on

2021-01-13 12:39:01 - [MESSAGE][PASSED] - Wait for page load successfully

2021-01-13 12:39:01 - [MESSAGE][PASSED] - Object 'Object Repository/AssetSource/Source' is present

2021-01-13 12:39:02 - [MESSAGE][PASSED] - Object 'Object Repository/AssetSource/Source' is visible

2021-01-13 12:39:02 - [MESSAGE][PASSED] - Object 'Object Repository/AssetSource/Source' is clickable

2021-01-13 12:39:02 - [MESSAGE][PASSED] - Text of object 'Object Repository/AssetSource/Source' is cleared

2021-01-13 12:39:02 - [MESSAGE][PASSED] - Keys 'RandomAsset236' sent to object: 'Object Repository/AssetSource/Source'

2021-01-13 12:39:03 - [MESSAGE][PASSED] - Object 'Object Repository/AssetSource/Asset Source button on popup' is present

2021-01-13 12:39:03 - [MESSAGE][PASSED] - Object 'Object Repository/AssetSource/Asset Source button on popup' is visible

2021-01-13 12:39:03 - [MESSAGE][PASSED] - Object 'Object Repository/AssetSource/Asset Source button on popup' is clickable

2021-01-13 12:39:04 - [MESSAGE][PASSED] - Object: 'Object Repository/AssetSource/Asset Source button on popup' is clicked on

2021-01-13 12:39:04 - [MESSAGE][PASSED] - pages.Assetsource.addAssetSource is PASSED

2021-01-13 12:39:04 - [TEST_STEP][PASSED] - println(sourcename): null

2021-01-13 12:39:04 - [TEST_STEP][PASSED] - pages.Assetsource.openAnyExistingAssetSource(sourcename): pages.Assetsource.openAnyExistingAssetSource is PASSED

2021-01-13 12:39:04 - [MESSAGE][PASSED] - Object 'Object Repository/AssetSource/Search' is present

2021-01-13 12:39:05 - [MESSAGE][PASSED] - Object 'Object Repository/AssetSource/Search' is visible

2021-01-13 12:39:05 - [MESSAGE][PASSED] - Object 'Object Repository/AssetSource/Search' is clickable

2021-01-13 12:39:05 - [MESSAGE][PASSED] - Text of object 'Object Repository/AssetSource/Search' is cleared

2021-01-13 12:39:06 - [MESSAGE][PASSED] - Keys '' sent to object: 'Object Repository/AssetSource/Search'

2021-01-13 12:39:06 - [MESSAGE][PASSED] - Keys 'R' sent to object: 'Object Repository/AssetSource/Search'

2021-01-13 12:39:07 - [MESSAGE][PASSED] - Keys 'a' sent to object: 'Object Repository/AssetSource/Search'

2021-01-13 12:39:07 - [MESSAGE][PASSED] - Keys 'n' sent to object: 'Object Repository/AssetSource/Search'

2021-01-13 12:39:08 - [MESSAGE][PASSED] - Keys 'd' sent to object: 'Object Repository/AssetSource/Search'

2021-01-13 12:39:09 - [MESSAGE][PASSED] - Keys 'o' sent to object: 'Object Repository/AssetSource/Search'

2021-01-13 12:39:09 - [MESSAGE][PASSED] - Keys 'm' sent to object: 'Object Repository/AssetSource/Search'

2021-01-13 12:39:10 - [MESSAGE][PASSED] - Keys 'A' sent to object: 'Object Repository/AssetSource/Search'

2021-01-13 12:39:10 - [MESSAGE][PASSED] - Keys 's' sent to object: 'Object Repository/AssetSource/Search'

2021-01-13 12:39:11 - [MESSAGE][PASSED] - Keys 's' sent to object: 'Object Repository/AssetSource/Search'

2021-01-13 12:39:11 - [MESSAGE][PASSED] - Keys 'e' sent to object: 'Object Repository/AssetSource/Search'

2021-01-13 12:39:12 - [MESSAGE][PASSED] - Keys 't' sent to object: 'Object Repository/AssetSource/Search'

2021-01-13 12:39:12 - [MESSAGE][PASSED] - Keys '2' sent to object: 'Object Repository/AssetSource/Search'

2021-01-13 12:39:13 - [MESSAGE][PASSED] - Keys '3' sent to object: 'Object Repository/AssetSource/Search'

2021-01-13 12:39:14 - [MESSAGE][PASSED] - Keys '6' sent to object: 'Object Repository/AssetSource/Search'

2021-01-13 12:39:15 - [MESSAGE][PASSED] - Scroll to object 'Object Repository/AssetSource/AssetSourceName' successfully

2021-01-13 12:39:15 - [MESSAGE][PASSED] - Object 'Object Repository/AssetSource/AssetSourceName' is present

2021-01-13 12:39:15 - [MESSAGE][PASSED] - Object 'Object Repository/AssetSource/AssetSourceName' is visible

2021-01-13 12:39:16 - [MESSAGE][PASSED] - Object 'Object Repository/AssetSource/AssetSourceName' is clickable

2021-01-13 12:39:16 - [MESSAGE][PASSED] - Object: 'Object Repository/AssetSource/AssetSourceName' is clicked on

2021-01-13 12:39:17 - [MESSAGE][PASSED] - Object 'Object Repository/AssetSource/AssetSourceEdit(save button)' is present

2021-01-13 12:39:17 - [MESSAGE][PASSED] - pages.Assetsource.openAnyExistingAssetSource is PASSED]]></system-out>
         <system-err><![CDATA[]]></system-err>
      </testcase>
      <testcase name="Test Cases/Admin/AssetSource/Verify Cancel button functionality in the Add Asset Source popup" time="13.624" classname="Test Cases/Admin/AssetSource/Verify Cancel button functionality in the Add Asset Source popup" status="PASSED">
         <system-out><![CDATA[2021-01-13 12:39:17 - [TEST_CASE][PASSED] - Test Cases/Admin/AssetSource/Verify Cancel button functionality in the Add Asset Source popup: Test Cases/Admin/AssetSource/Verify Cancel button functionality in the Add Asset Source popup

2021-01-13 12:39:17 - [TEST_STEP][PASSED] - Start listener action : login: com.kms.katalon.core.webui.exception.WebElementNotFoundException: Web element with id: 'Object Repository/Login Credentials/Email' located by '//input[@name='email']' not found (Root cause: com.kms.katalon.core.exception.StepFailedException: com.kms.katalon.core.webui.exception.WebElementNotFoundException: Web element with id: 'Object Repository/Login Credentials/Email' located by '//input[@name='email']' not found
	at com.kms.katalon.core.webui.keyword.internal.WebUIKeywordMain.stepFailed(WebUIKeywordMain.groovy:64)
	at com.kms.katalon.core.webui.keyword.builtin.VerifyElementPresentKeyword$_verifyElementPresent_closure1.doCall(VerifyElementPresentKeyword.groovy:85)
	at com.kms.katalon.core.webui.keyword.builtin.VerifyElementPresentKeyword$_verifyElementPresent_closure1.call(VerifyElementPresentKeyword.groovy)
	at com.kms.katalon.core.webui.keyword.internal.WebUIKeywordMain.runKeyword(WebUIKeywordMain.groovy:20)
	at com.kms.katalon.core.webui.keyword.builtin.VerifyElementPresentKeyword.verifyElementPresent(VerifyElementPresentKeyword.groovy:92)
	at com.kms.katalon.core.webui.keyword.builtin.VerifyElementPresentKeyword.execute(VerifyElementPresentKeyword.groovy:68)
	at com.kms.katalon.core.keyword.internal.KeywordExecutor.executeKeywordForPlatform(KeywordExecutor.groovy:73)
	at com.kms.katalon.core.webui.keyword.WebUiBuiltInKeywords.verifyElementPresent(WebUiBuiltInKeywords.groovy:1445)
	at com.kms.katalon.core.webui.keyword.WebUiBuiltInKeywords$verifyElementPresent$2.call(Unknown Source)
	at login.LoginForAdminDevEnvironment.login(LoginForAdminDevEnvironment.groovy:18)
	at login.LoginForAdminDevEnvironment$login.call(Unknown Source)
	at Login.login(Login.groovy:37)
	at Login.invokeMethod(Login.groovy)
	at com.kms.katalon.core.context.internal.TestHooker.invokeMethod(TestHooker.java:111)
	at com.kms.katalon.core.context.internal.TestHooker.lambda$3(TestHooker.java:95)
	at com.kms.katalon.core.context.internal.TestHooker.invokeContextMethods(TestHooker.java:94)
	at com.kms.katalon.core.context.internal.TestListenerCollector.lambda$3(TestListenerCollector.java:88)
	at com.kms.katalon.core.context.internal.TestListenerCollector.handleListenerEvent(TestListenerCollector.java:85)
	at com.kms.katalon.core.context.internal.ExecutionEventManager.publicEvent(ExecutionEventManager.java:36)
	at com.kms.katalon.core.main.TestCaseExecutor.execute(TestCaseExecutor.java:221)
	at com.kms.katalon.core.main.TestSuiteExecutor.accessTestCaseMainPhase(TestSuiteExecutor.java:191)
	at com.kms.katalon.core.main.TestSuiteExecutor.accessTestSuiteMainPhase(TestSuiteExecutor.java:141)
	at com.kms.katalon.core.main.TestSuiteExecutor.execute(TestSuiteExecutor.java:90)
	at com.kms.katalon.core.main.TestCaseMain.startTestSuite(TestCaseMain.java:157)
	at com.kms.katalon.core.main.TestCaseMain$startTestSuite$0.call(Unknown Source)
	at TempTestSuite1610559105062.run(TempTestSuite1610559105062.groovy:39)
)

2021-01-13 12:39:17 - [TEST_STEP][PASSED] - Thread.sleep(3000): null

2021-01-13 12:39:20 - [TEST_STEP][PASSED] - url = getUrl(): Current window's url is: 'https://dev-admin.modist.co/asset-source/205'

2021-01-13 12:39:20 - [MESSAGE][PASSED] - Current window's url is: 'https://dev-admin.modist.co/asset-source/205'

2021-01-13 12:39:20 - [TEST_STEP][PASSED] - if (!(url.contains("dashboard"))): com.kms.katalon.core.webui.exception.WebElementNotFoundException: Web element with id: 'Object Repository/Login Credentials/Email' located by '//input[@name='email']' not found (Root cause: com.kms.katalon.core.exception.StepFailedException: com.kms.katalon.core.webui.exception.WebElementNotFoundException: Web element with id: 'Object Repository/Login Credentials/Email' located by '//input[@name='email']' not found
	at com.kms.katalon.core.webui.keyword.internal.WebUIKeywordMain.stepFailed(WebUIKeywordMain.groovy:64)
	at com.kms.katalon.core.webui.keyword.builtin.VerifyElementPresentKeyword$_verifyElementPresent_closure1.doCall(VerifyElementPresentKeyword.groovy:85)
	at com.kms.katalon.core.webui.keyword.builtin.VerifyElementPresentKeyword$_verifyElementPresent_closure1.call(VerifyElementPresentKeyword.groovy)
	at com.kms.katalon.core.webui.keyword.internal.WebUIKeywordMain.runKeyword(WebUIKeywordMain.groovy:20)
	at com.kms.katalon.core.webui.keyword.builtin.VerifyElementPresentKeyword.verifyElementPresent(VerifyElementPresentKeyword.groovy:92)
	at com.kms.katalon.core.webui.keyword.builtin.VerifyElementPresentKeyword.execute(VerifyElementPresentKeyword.groovy:68)
	at com.kms.katalon.core.keyword.internal.KeywordExecutor.executeKeywordForPlatform(KeywordExecutor.groovy:73)
	at com.kms.katalon.core.webui.keyword.WebUiBuiltInKeywords.verifyElementPresent(WebUiBuiltInKeywords.groovy:1445)
	at com.kms.katalon.core.webui.keyword.WebUiBuiltInKeywords$verifyElementPresent$2.call(Unknown Source)
	at login.LoginForAdminDevEnvironment.login(LoginForAdminDevEnvironment.groovy:18)
	at login.LoginForAdminDevEnvironment$login.call(Unknown Source)
	at Login.login(Login.groovy:37)
	at Login.invokeMethod(Login.groovy)
	at com.kms.katalon.core.context.internal.TestHooker.invokeMethod(TestHooker.java:111)
	at com.kms.katalon.core.context.internal.TestHooker.lambda$3(TestHooker.java:95)
	at com.kms.katalon.core.context.internal.TestHooker.invokeContextMethods(TestHooker.java:94)
	at com.kms.katalon.core.context.internal.TestListenerCollector.lambda$3(TestListenerCollector.java:88)
	at com.kms.katalon.core.context.internal.TestListenerCollector.handleListenerEvent(TestListenerCollector.java:85)
	at com.kms.katalon.core.context.internal.ExecutionEventManager.publicEvent(ExecutionEventManager.java:36)
	at com.kms.katalon.core.main.TestCaseExecutor.execute(TestCaseExecutor.java:221)
	at com.kms.katalon.core.main.TestSuiteExecutor.accessTestCaseMainPhase(TestSuiteExecutor.java:191)
	at com.kms.katalon.core.main.TestSuiteExecutor.accessTestSuiteMainPhase(TestSuiteExecutor.java:141)
	at com.kms.katalon.core.main.TestSuiteExecutor.execute(TestSuiteExecutor.java:90)
	at com.kms.katalon.core.main.TestCaseMain.startTestSuite(TestCaseMain.java:157)
	at com.kms.katalon.core.main.TestCaseMain$startTestSuite$0.call(Unknown Source)
	at TempTestSuite1610559105062.run(TempTestSuite1610559105062.groovy:39)
)

2021-01-13 12:39:20 - [TEST_STEP][PASSED] - navigateToUrl(Url): Navigate to 'https://dev-admin.modist.co/' successfully

2021-01-13 12:39:20 - [MESSAGE][PASSED] - Navigate to 'https://dev-admin.modist.co/' successfully

2021-01-13 12:39:20 - [TEST_STEP][PASSED] - loginPage.login(Email, Password): com.kms.katalon.core.webui.exception.WebElementNotFoundException: Web element with id: 'Object Repository/Login Credentials/Email' located by '//input[@name='email']' not found (Root cause: com.kms.katalon.core.exception.StepFailedException: com.kms.katalon.core.webui.exception.WebElementNotFoundException: Web element with id: 'Object Repository/Login Credentials/Email' located by '//input[@name='email']' not found
	at com.kms.katalon.core.webui.keyword.internal.WebUIKeywordMain.stepFailed(WebUIKeywordMain.groovy:64)
	at com.kms.katalon.core.webui.keyword.builtin.VerifyElementPresentKeyword$_verifyElementPresent_closure1.doCall(VerifyElementPresentKeyword.groovy:85)
	at com.kms.katalon.core.webui.keyword.builtin.VerifyElementPresentKeyword$_verifyElementPresent_closure1.call(VerifyElementPresentKeyword.groovy)
	at com.kms.katalon.core.webui.keyword.internal.WebUIKeywordMain.runKeyword(WebUIKeywordMain.groovy:20)
	at com.kms.katalon.core.webui.keyword.builtin.VerifyElementPresentKeyword.verifyElementPresent(VerifyElementPresentKeyword.groovy:92)
	at com.kms.katalon.core.webui.keyword.builtin.VerifyElementPresentKeyword.execute(VerifyElementPresentKeyword.groovy:68)
	at com.kms.katalon.core.keyword.internal.KeywordExecutor.executeKeywordForPlatform(KeywordExecutor.groovy:73)
	at com.kms.katalon.core.webui.keyword.WebUiBuiltInKeywords.verifyElementPresent(WebUiBuiltInKeywords.groovy:1445)
	at com.kms.katalon.core.webui.keyword.WebUiBuiltInKeywords$verifyElementPresent$2.call(Unknown Source)
	at login.LoginForAdminDevEnvironment.login(LoginForAdminDevEnvironment.groovy:18)
	at login.LoginForAdminDevEnvironment$login.call(Unknown Source)
	at Login.login(Login.groovy:37)
	at Login.invokeMethod(Login.groovy)
	at com.kms.katalon.core.context.internal.TestHooker.invokeMethod(TestHooker.java:111)
	at com.kms.katalon.core.context.internal.TestHooker.lambda$3(TestHooker.java:95)
	at com.kms.katalon.core.context.internal.TestHooker.invokeContextMethods(TestHooker.java:94)
	at com.kms.katalon.core.context.internal.TestListenerCollector.lambda$3(TestListenerCollector.java:88)
	at com.kms.katalon.core.context.internal.TestListenerCollector.handleListenerEvent(TestListenerCollector.java:85)
	at com.kms.katalon.core.context.internal.ExecutionEventManager.publicEvent(ExecutionEventManager.java:36)
	at com.kms.katalon.core.main.TestCaseExecutor.execute(TestCaseExecutor.java:221)
	at com.kms.katalon.core.main.TestSuiteExecutor.accessTestCaseMainPhase(TestSuiteExecutor.java:191)
	at com.kms.katalon.core.main.TestSuiteExecutor.accessTestSuiteMainPhase(TestSuiteExecutor.java:141)
	at com.kms.katalon.core.main.TestSuiteExecutor.execute(TestSuiteExecutor.java:90)
	at com.kms.katalon.core.main.TestCaseMain.startTestSuite(TestCaseMain.java:157)
	at com.kms.katalon.core.main.TestCaseMain$startTestSuite$0.call(Unknown Source)
	at TempTestSuite1610559105062.run(TempTestSuite1610559105062.groovy:39)
)

2021-01-13 12:39:25 - [MESSAGE][INFO] - Unable to find the element located by 'By.xpath: //input[@name='email']'. Please recheck the objects properties to make sure the desired element is located. 

2021-01-13 12:39:26 - [MESSAGE][WARNING] - com.kms.katalon.core.webui.exception.WebElementNotFoundException: Web element with id: 'Object Repository/Login Credentials/Email' located by '//input[@name='email']' not found (Root cause: com.kms.katalon.core.exception.StepFailedException: com.kms.katalon.core.webui.exception.WebElementNotFoundException: Web element with id: 'Object Repository/Login Credentials/Email' located by '//input[@name='email']' not found
	at com.kms.katalon.core.webui.keyword.internal.WebUIKeywordMain.stepFailed(WebUIKeywordMain.groovy:64)
	at com.kms.katalon.core.webui.keyword.builtin.VerifyElementPresentKeyword$_verifyElementPresent_closure1.doCall(VerifyElementPresentKeyword.groovy:85)
	at com.kms.katalon.core.webui.keyword.builtin.VerifyElementPresentKeyword$_verifyElementPresent_closure1.call(VerifyElementPresentKeyword.groovy)
	at com.kms.katalon.core.webui.keyword.internal.WebUIKeywordMain.runKeyword(WebUIKeywordMain.groovy:20)
	at com.kms.katalon.core.webui.keyword.builtin.VerifyElementPresentKeyword.verifyElementPresent(VerifyElementPresentKeyword.groovy:92)
	at com.kms.katalon.core.webui.keyword.builtin.VerifyElementPresentKeyword.execute(VerifyElementPresentKeyword.groovy:68)
	at com.kms.katalon.core.keyword.internal.KeywordExecutor.executeKeywordForPlatform(KeywordExecutor.groovy:73)
	at com.kms.katalon.core.webui.keyword.WebUiBuiltInKeywords.verifyElementPresent(WebUiBuiltInKeywords.groovy:1445)
	at com.kms.katalon.core.webui.keyword.WebUiBuiltInKeywords$verifyElementPresent$2.call(Unknown Source)
	at login.LoginForAdminDevEnvironment.login(LoginForAdminDevEnvironment.groovy:18)
	at login.LoginForAdminDevEnvironment$login.call(Unknown Source)
	at Login.login(Login.groovy:37)
	at Login.invokeMethod(Login.groovy)
	at com.kms.katalon.core.context.internal.TestHooker.invokeMethod(TestHooker.java:111)
	at com.kms.katalon.core.context.internal.TestHooker.lambda$3(TestHooker.java:95)
	at com.kms.katalon.core.context.internal.TestHooker.invokeContextMethods(TestHooker.java:94)
	at com.kms.katalon.core.context.internal.TestListenerCollector.lambda$3(TestListenerCollector.java:88)
	at com.kms.katalon.core.context.internal.TestListenerCollector.handleListenerEvent(TestListenerCollector.java:85)
	at com.kms.katalon.core.context.internal.ExecutionEventManager.publicEvent(ExecutionEventManager.java:36)
	at com.kms.katalon.core.main.TestCaseExecutor.execute(TestCaseExecutor.java:221)
	at com.kms.katalon.core.main.TestSuiteExecutor.accessTestCaseMainPhase(TestSuiteExecutor.java:191)
	at com.kms.katalon.core.main.TestSuiteExecutor.accessTestSuiteMainPhase(TestSuiteExecutor.java:141)
	at com.kms.katalon.core.main.TestSuiteExecutor.execute(TestSuiteExecutor.java:90)
	at com.kms.katalon.core.main.TestCaseMain.startTestSuite(TestCaseMain.java:157)
	at com.kms.katalon.core.main.TestCaseMain$startTestSuite$0.call(Unknown Source)
	at TempTestSuite1610559105062.run(TempTestSuite1610559105062.groovy:39)
)
[[ATTACHMENT|E:\\Modist\\ModistProject\\Reports\\20210113_123145\\AllTestCases\\20210113_123145\\1610559565980.png]]

2021-01-13 12:39:26 - [TEST_STEP][PASSED] - pages.Assetsource.navigateToAssetSourceDetailsTab(): pages.Assetsource.navigateToAssetSourceDetailsTab is PASSED

2021-01-13 12:39:26 - [MESSAGE][PASSED] - Object 'Object Repository/AssetSource/Asset Source Tab' is present

2021-01-13 12:39:26 - [MESSAGE][PASSED] - Object 'Object Repository/AssetSource/Asset Source Tab' is visible

2021-01-13 12:39:27 - [MESSAGE][PASSED] - Object 'Object Repository/AssetSource/Asset Source Tab' is clickable

2021-01-13 12:39:27 - [MESSAGE][PASSED] - Object: 'Object Repository/AssetSource/Asset Source Tab' is clicked on

2021-01-13 12:39:27 - [MESSAGE][PASSED] - Object 'Object Repository/AssetSource/Add Asset Source Button' is present

2021-01-13 12:39:27 - [MESSAGE][PASSED] - pages.Assetsource.navigateToAssetSourceDetailsTab is PASSED

2021-01-13 12:39:27 - [TEST_STEP][PASSED] - pages.Assetsource.clickAddAssetSource(): pages.Assetsource.clickAddAssetSource is PASSED

2021-01-13 12:39:28 - [MESSAGE][PASSED] - Object 'Object Repository/AssetSource/Add Asset Source Button' is present

2021-01-13 12:39:28 - [MESSAGE][PASSED] - Object 'Object Repository/AssetSource/Add Asset Source Button' is visible

2021-01-13 12:39:28 - [MESSAGE][PASSED] - Object 'Object Repository/AssetSource/Add Asset Source Button' is clickable

2021-01-13 12:39:29 - [MESSAGE][PASSED] - Object: 'Object Repository/AssetSource/Add Asset Source Button' is clicked on

2021-01-13 12:39:29 - [MESSAGE][PASSED] - Wait for page load successfully

2021-01-13 12:39:29 - [MESSAGE][PASSED] - pages.Assetsource.clickAddAssetSource is PASSED

2021-01-13 12:39:29 - [TEST_STEP][PASSED] - pages.Assetsource.cancelAssetSourcePopup(): pages.Assetsource.cancelAssetSourcePopup is PASSED

2021-01-13 12:39:29 - [MESSAGE][PASSED] - Object 'Object Repository/AssetSource/Cancel Button' is present

2021-01-13 12:39:30 - [MESSAGE][PASSED] - Object 'Object Repository/AssetSource/Cancel Button' is visible

2021-01-13 12:39:30 - [MESSAGE][PASSED] - Object 'Object Repository/AssetSource/Cancel Button' is clickable

2021-01-13 12:39:30 - [MESSAGE][PASSED] - Object: 'Object Repository/AssetSource/Cancel Button' is clicked on

2021-01-13 12:39:31 - [MESSAGE][PASSED] - Object 'Object Repository/AssetSource/Search' is present

2021-01-13 12:39:31 - [MESSAGE][PASSED] - pages.Assetsource.cancelAssetSourcePopup is PASSED]]></system-out>
         <system-err><![CDATA[]]></system-err>
      </testcase>
      <testcase name="Test Cases/Admin/AssetSource/Verify Close button functionality in the Asset Source edit page" time="23.795" classname="Test Cases/Admin/AssetSource/Verify Close button functionality in the Asset Source edit page" status="PASSED">
         <system-out><![CDATA[2021-01-13 12:39:31 - [TEST_CASE][PASSED] - Test Cases/Admin/AssetSource/Verify Close button functionality in the Asset Source edit page: Test Cases/Admin/AssetSource/Verify Close button functionality in the Asset Source edit page

2021-01-13 12:39:31 - [TEST_STEP][PASSED] - Start listener action : login: null

2021-01-13 12:39:31 - [TEST_STEP][PASSED] - Thread.sleep(3000): null

2021-01-13 12:39:34 - [TEST_STEP][PASSED] - url = getUrl(): Current window's url is: 'https://dev-admin.modist.co/dashboard'

2021-01-13 12:39:34 - [MESSAGE][PASSED] - Current window's url is: 'https://dev-admin.modist.co/dashboard'

2021-01-13 12:39:34 - [TEST_STEP][PASSED] - if (!(url.contains("dashboard"))): null

2021-01-13 12:39:34 - [TEST_STEP][PASSED] - sourcename = pages.Assetsource.addAssetSource(): pages.Assetsource.addAssetSource is PASSED

2021-01-13 12:39:34 - [MESSAGE][PASSED] - Object 'Object Repository/AssetSource/Asset Source Tab' is present

2021-01-13 12:39:34 - [MESSAGE][PASSED] - Object 'Object Repository/AssetSource/Asset Source Tab' is visible

2021-01-13 12:39:34 - [MESSAGE][PASSED] - Object 'Object Repository/AssetSource/Asset Source Tab' is clickable

2021-01-13 12:39:35 - [MESSAGE][PASSED] - Object: 'Object Repository/AssetSource/Asset Source Tab' is clicked on

2021-01-13 12:39:35 - [MESSAGE][PASSED] - Object 'Object Repository/AssetSource/Add Asset Source Button' is present

2021-01-13 12:39:35 - [MESSAGE][PASSED] - Object 'Object Repository/AssetSource/Add Asset Source Button' is present

2021-01-13 12:39:36 - [MESSAGE][PASSED] - Object 'Object Repository/AssetSource/Add Asset Source Button' is visible

2021-01-13 12:39:36 - [MESSAGE][PASSED] - Object 'Object Repository/AssetSource/Add Asset Source Button' is clickable

2021-01-13 12:39:36 - [MESSAGE][PASSED] - Object: 'Object Repository/AssetSource/Add Asset Source Button' is clicked on

2021-01-13 12:39:36 - [MESSAGE][PASSED] - Wait for page load successfully

2021-01-13 12:39:37 - [MESSAGE][PASSED] - Object 'Object Repository/AssetSource/Source' is present

2021-01-13 12:39:37 - [MESSAGE][PASSED] - Object 'Object Repository/AssetSource/Source' is visible

2021-01-13 12:39:38 - [MESSAGE][PASSED] - Object 'Object Repository/AssetSource/Source' is clickable

2021-01-13 12:39:38 - [MESSAGE][PASSED] - Text of object 'Object Repository/AssetSource/Source' is cleared

2021-01-13 12:39:38 - [MESSAGE][PASSED] - Keys 'RandomAsset153' sent to object: 'Object Repository/AssetSource/Source'

2021-01-13 12:39:39 - [MESSAGE][PASSED] - Object 'Object Repository/AssetSource/Asset Source button on popup' is present

2021-01-13 12:39:39 - [MESSAGE][PASSED] - Object 'Object Repository/AssetSource/Asset Source button on popup' is visible

2021-01-13 12:39:39 - [MESSAGE][PASSED] - Object 'Object Repository/AssetSource/Asset Source button on popup' is clickable

2021-01-13 12:39:40 - [MESSAGE][PASSED] - Object: 'Object Repository/AssetSource/Asset Source button on popup' is clicked on

2021-01-13 12:39:40 - [MESSAGE][PASSED] - pages.Assetsource.addAssetSource is PASSED

2021-01-13 12:39:40 - [TEST_STEP][PASSED] - println(sourcename): null

2021-01-13 12:39:40 - [TEST_STEP][PASSED] - pages.Assetsource.openAnyExistingAssetSource(sourcename): pages.Assetsource.openAnyExistingAssetSource is PASSED

2021-01-13 12:39:40 - [MESSAGE][PASSED] - Object 'Object Repository/AssetSource/Search' is present

2021-01-13 12:39:41 - [MESSAGE][PASSED] - Object 'Object Repository/AssetSource/Search' is visible

2021-01-13 12:39:41 - [MESSAGE][PASSED] - Object 'Object Repository/AssetSource/Search' is clickable

2021-01-13 12:39:41 - [MESSAGE][PASSED] - Text of object 'Object Repository/AssetSource/Search' is cleared

2021-01-13 12:39:41 - [MESSAGE][PASSED] - Keys '' sent to object: 'Object Repository/AssetSource/Search'

2021-01-13 12:39:42 - [MESSAGE][PASSED] - Keys 'R' sent to object: 'Object Repository/AssetSource/Search'

2021-01-13 12:39:42 - [MESSAGE][PASSED] - Keys 'a' sent to object: 'Object Repository/AssetSource/Search'

2021-01-13 12:39:44 - [MESSAGE][PASSED] - Keys 'n' sent to object: 'Object Repository/AssetSource/Search'

2021-01-13 12:39:44 - [MESSAGE][PASSED] - Keys 'd' sent to object: 'Object Repository/AssetSource/Search'

2021-01-13 12:39:45 - [MESSAGE][PASSED] - Keys 'o' sent to object: 'Object Repository/AssetSource/Search'

2021-01-13 12:39:45 - [MESSAGE][PASSED] - Keys 'm' sent to object: 'Object Repository/AssetSource/Search'

2021-01-13 12:39:45 - [MESSAGE][PASSED] - Keys 'A' sent to object: 'Object Repository/AssetSource/Search'

2021-01-13 12:39:46 - [MESSAGE][PASSED] - Keys 's' sent to object: 'Object Repository/AssetSource/Search'

2021-01-13 12:39:46 - [MESSAGE][PASSED] - Keys 's' sent to object: 'Object Repository/AssetSource/Search'

2021-01-13 12:39:47 - [MESSAGE][PASSED] - Keys 'e' sent to object: 'Object Repository/AssetSource/Search'

2021-01-13 12:39:47 - [MESSAGE][PASSED] - Keys 't' sent to object: 'Object Repository/AssetSource/Search'

2021-01-13 12:39:48 - [MESSAGE][PASSED] - Keys '1' sent to object: 'Object Repository/AssetSource/Search'

2021-01-13 12:39:49 - [MESSAGE][PASSED] - Keys '5' sent to object: 'Object Repository/AssetSource/Search'

2021-01-13 12:39:50 - [MESSAGE][PASSED] - Keys '3' sent to object: 'Object Repository/AssetSource/Search'

2021-01-13 12:39:50 - [MESSAGE][PASSED] - Scroll to object 'Object Repository/AssetSource/AssetSourceName' successfully

2021-01-13 12:39:51 - [MESSAGE][PASSED] - Object 'Object Repository/AssetSource/AssetSourceName' is present

2021-01-13 12:39:51 - [MESSAGE][PASSED] - Object 'Object Repository/AssetSource/AssetSourceName' is visible

2021-01-13 12:39:51 - [MESSAGE][PASSED] - Object 'Object Repository/AssetSource/AssetSourceName' is clickable

2021-01-13 12:39:52 - [MESSAGE][PASSED] - Object: 'Object Repository/AssetSource/AssetSourceName' is clicked on

2021-01-13 12:39:52 - [MESSAGE][PASSED] - Object 'Object Repository/AssetSource/AssetSourceEdit(save button)' is present

2021-01-13 12:39:52 - [MESSAGE][PASSED] - pages.Assetsource.openAnyExistingAssetSource is PASSED

2021-01-13 12:39:52 - [TEST_STEP][PASSED] - pages.Assetsource.closeAssetSourceEditpage(): pages.Assetsource.closeAssetSourceEditpage is PASSED

2021-01-13 12:39:53 - [MESSAGE][PASSED] - Object 'Object Repository/AssetSource/Close Button' is present

2021-01-13 12:39:53 - [MESSAGE][PASSED] - Object 'Object Repository/AssetSource/Close Button' is visible

2021-01-13 12:39:53 - [MESSAGE][PASSED] - Object 'Object Repository/AssetSource/Close Button' is clickable

2021-01-13 12:39:54 - [MESSAGE][PASSED] - Object: 'Object Repository/AssetSource/Close Button' is clicked on

2021-01-13 12:39:54 - [MESSAGE][PASSED] - Object 'Object Repository/AssetSource/Search' is present

2021-01-13 12:39:54 - [MESSAGE][PASSED] - pages.Assetsource.closeAssetSourceEditpage is PASSED]]></system-out>
         <system-err><![CDATA[]]></system-err>
      </testcase>
      <testcase name="Test Cases/Admin/AssetSource/Verify elements on Add Asset Source popup" time="8.64" classname="Test Cases/Admin/AssetSource/Verify elements on Add Asset Source popup" status="PASSED">
         <system-out><![CDATA[2021-01-13 12:39:54 - [TEST_CASE][PASSED] - Test Cases/Admin/AssetSource/Verify elements on Add Asset Source popup: Test Cases/Admin/AssetSource/Verify elements on Add Asset Source popup

2021-01-13 12:39:54 - [TEST_STEP][PASSED] - Start listener action : login: null

2021-01-13 12:39:54 - [TEST_STEP][PASSED] - Thread.sleep(3000): null

2021-01-13 12:39:57 - [TEST_STEP][PASSED] - url = getUrl(): Current window's url is: 'https://dev-admin.modist.co/dashboard'

2021-01-13 12:39:57 - [MESSAGE][PASSED] - Current window's url is: 'https://dev-admin.modist.co/dashboard'

2021-01-13 12:39:57 - [TEST_STEP][PASSED] - if (!(url.contains("dashboard"))): null

2021-01-13 12:39:57 - [TEST_STEP][PASSED] - pages.Assetsource.navigateToAssetSourceDetailsTab(): pages.Assetsource.navigateToAssetSourceDetailsTab is PASSED

2021-01-13 12:39:58 - [MESSAGE][PASSED] - Object 'Object Repository/AssetSource/Asset Source Tab' is present

2021-01-13 12:39:58 - [MESSAGE][PASSED] - Object 'Object Repository/AssetSource/Asset Source Tab' is visible

2021-01-13 12:39:58 - [MESSAGE][PASSED] - Object 'Object Repository/AssetSource/Asset Source Tab' is clickable

2021-01-13 12:39:59 - [MESSAGE][PASSED] - Object: 'Object Repository/AssetSource/Asset Source Tab' is clicked on

2021-01-13 12:39:59 - [MESSAGE][PASSED] - Object 'Object Repository/AssetSource/Add Asset Source Button' is present

2021-01-13 12:39:59 - [MESSAGE][PASSED] - pages.Assetsource.navigateToAssetSourceDetailsTab is PASSED

2021-01-13 12:39:59 - [TEST_STEP][PASSED] - pages.Assetsource.clickAddAssetSource(): pages.Assetsource.clickAddAssetSource is PASSED

2021-01-13 12:39:59 - [MESSAGE][PASSED] - Object 'Object Repository/AssetSource/Add Asset Source Button' is present

2021-01-13 12:40:00 - [MESSAGE][PASSED] - Object 'Object Repository/AssetSource/Add Asset Source Button' is visible

2021-01-13 12:40:00 - [MESSAGE][PASSED] - Object 'Object Repository/AssetSource/Add Asset Source Button' is clickable

2021-01-13 12:40:00 - [MESSAGE][PASSED] - Object: 'Object Repository/AssetSource/Add Asset Source Button' is clicked on

2021-01-13 12:40:00 - [MESSAGE][PASSED] - Wait for page load successfully

2021-01-13 12:40:00 - [MESSAGE][PASSED] - pages.Assetsource.clickAddAssetSource is PASSED

2021-01-13 12:40:00 - [TEST_STEP][PASSED] - pages.Assetsource.verifyAssetSourcePopUp(): pages.Assetsource.verifyAssetSourcePopUp is PASSED

2021-01-13 12:40:01 - [MESSAGE][PASSED] - Object 'Object Repository/AssetSource/sourceLabel' is present

2021-01-13 12:40:01 - [MESSAGE][PASSED] - Object 'Object Repository/AssetSource/Tenant' is present

2021-01-13 12:40:01 - [MESSAGE][PASSED] - Object 'Object Repository/AssetSource/Cancel Button' is present

2021-01-13 12:40:02 - [MESSAGE][PASSED] - Object 'Object Repository/AssetSource/Asset Source button on popup' is present

2021-01-13 12:40:02 - [MESSAGE][PASSED] - Object 'Object Repository/AssetSource/Cancel Button' is present

2021-01-13 12:40:02 - [MESSAGE][PASSED] - Object 'Object Repository/AssetSource/Cancel Button' is visible

2021-01-13 12:40:02 - [MESSAGE][PASSED] - Object 'Object Repository/AssetSource/Cancel Button' is clickable

2021-01-13 12:40:03 - [MESSAGE][PASSED] - Object: 'Object Repository/AssetSource/Cancel Button' is clicked on

2021-01-13 12:40:03 - [MESSAGE][PASSED] - pages.Assetsource.verifyAssetSourcePopUp is PASSED]]></system-out>
         <system-err><![CDATA[]]></system-err>
      </testcase>
      <testcase name="Test Cases/Admin/Brand/Add a Brand without filling mandatory details" time="38.387" classname="Test Cases/Admin/Brand/Add a Brand without filling mandatory details" status="PASSED">
         <system-out><![CDATA[2021-01-13 12:40:03 - [TEST_CASE][PASSED] - Test Cases/Admin/Brand/Add a Brand without filling mandatory details: Test Cases/Admin/Brand/Add a Brand without filling mandatory details

2021-01-13 12:40:03 - [TEST_STEP][PASSED] - Start listener action : login: null

2021-01-13 12:40:03 - [TEST_STEP][PASSED] - Thread.sleep(3000): null

2021-01-13 12:40:06 - [TEST_STEP][PASSED] - url = getUrl(): Current window's url is: 'https://dev-admin.modist.co/dashboard'

2021-01-13 12:40:06 - [MESSAGE][PASSED] - Current window's url is: 'https://dev-admin.modist.co/dashboard'

2021-01-13 12:40:06 - [TEST_STEP][PASSED] - if (!(url.contains("dashboard"))): null

2021-01-13 12:40:06 - [TEST_STEP][PASSED] - pages.Brand.addBrandWithoutfillingmandatoryDetails(): pages.Brand.addBrandWithoutfillingmandatoryDetails is PASSED

2021-01-13 12:40:07 - [MESSAGE][PASSED] - Object: 'Object Repository/Brand/clickOnBrandTab' is clicked on

2021-01-13 12:40:07 - [MESSAGE][PASSED] - Object: 'Object Repository/Brand/AddBrandbutton' is clicked on

2021-01-13 12:40:08 - [MESSAGE][PASSED] - Object 'Object Repository/Brand/AddBrandPopup/AddBrandButtonInAddBrandPopup' is present

2021-01-13 12:40:09 - [MESSAGE][PASSED] - Object 'Object Repository/Brand/AddBrandPopup/AddBrandButtonInAddBrandPopup' is visible

2021-01-13 12:40:39 - [MESSAGE][WARNING] - Object 'Object Repository/Brand/AddBrandPopup/AddBrandButtonInAddBrandPopup' is not clickable after 30 second(s)

2021-01-13 12:40:40 - [MESSAGE][PASSED] - Object: 'Object Repository/Brand/AddBrandPopup/AddBrandButtonInAddBrandPopup' is clicked on

2021-01-13 12:40:40 - [MESSAGE][PASSED] - Object 'Object Repository/Brand/AddBrandPopup/cancelButtonAddBrandPopup' is present

2021-01-13 12:40:41 - [MESSAGE][PASSED] - Object 'Object Repository/Brand/AddBrandPopup/cancelButtonAddBrandPopup' is visible

2021-01-13 12:40:41 - [MESSAGE][PASSED] - Object 'Object Repository/Brand/AddBrandPopup/cancelButtonAddBrandPopup' is clickable

2021-01-13 12:40:41 - [MESSAGE][PASSED] - Object: 'Object Repository/Brand/AddBrandPopup/cancelButtonAddBrandPopup' is clicked on

2021-01-13 12:40:41 - [MESSAGE][PASSED] - pages.Brand.addBrandWithoutfillingmandatoryDetails is PASSED]]></system-out>
         <system-err><![CDATA[]]></system-err>
      </testcase>
      <testcase name="Test Cases/Admin/Brand/createBrandAndVerifyIsItSuccessfullyCreated" time="15.358" classname="Test Cases/Admin/Brand/createBrandAndVerifyIsItSuccessfullyCreated" status="PASSED">
         <system-out><![CDATA[2021-01-13 12:40:41 - [TEST_CASE][PASSED] - Test Cases/Admin/Brand/createBrandAndVerifyIsItSuccessfullyCreated: Test Cases/Admin/Brand/createBrandAndVerifyIsItSuccessfullyCreated

2021-01-13 12:40:41 - [TEST_STEP][PASSED] - Start listener action : login: null

2021-01-13 12:40:41 - [TEST_STEP][PASSED] - Thread.sleep(3000): null

2021-01-13 12:40:44 - [TEST_STEP][PASSED] - url = getUrl(): Current window's url is: 'https://dev-admin.modist.co/dashboard'

2021-01-13 12:40:44 - [MESSAGE][PASSED] - Current window's url is: 'https://dev-admin.modist.co/dashboard'

2021-01-13 12:40:44 - [TEST_STEP][PASSED] - if (!(url.contains("dashboard"))): null

2021-01-13 12:40:45 - [TEST_STEP][PASSED] - pages.Brand.clickBrand(): pages.Brand.clickBrand is PASSED

2021-01-13 12:40:45 - [MESSAGE][PASSED] - Object: 'Object Repository/Brand/clickOnBrandTab' is clicked on

2021-01-13 12:40:45 - [MESSAGE][PASSED] - pages.Brand.clickBrand is PASSED

2021-01-13 12:40:45 - [TEST_STEP][PASSED] - brandName = pages.Brand.addBrand(): pages.Brand.addBrand is PASSED

2021-01-13 12:40:45 - [MESSAGE][PASSED] - Object 'Object Repository/Brand/AddBrandbutton' is present

2021-01-13 12:40:46 - [MESSAGE][PASSED] - Object 'Object Repository/Brand/AddBrandbutton' is visible

2021-01-13 12:40:46 - [MESSAGE][PASSED] - Object 'Object Repository/Brand/AddBrandbutton' is clickable

2021-01-13 12:40:46 - [MESSAGE][PASSED] - Object: 'Object Repository/Brand/AddBrandbutton' is clicked on

2021-01-13 12:40:47 - [MESSAGE][PASSED] - Object 'Object Repository/Brand/AddBrandPopup/name' is present

2021-01-13 12:40:47 - [MESSAGE][PASSED] - Object 'Object Repository/Brand/AddBrandPopup/name' is visible

2021-01-13 12:40:47 - [MESSAGE][PASSED] - Object 'Object Repository/Brand/AddBrandPopup/name' is clickable

2021-01-13 12:40:47 - [MESSAGE][PASSED] - Text of object 'Object Repository/Brand/AddBrandPopup/name' is cleared

2021-01-13 12:40:48 - [MESSAGE][PASSED] - Keys 'Brand195' sent to object: 'Object Repository/Brand/AddBrandPopup/name'

2021-01-13 12:40:48 - [MESSAGE][PASSED] - Object 'Object Repository/Brand/AddBrandPopup/AddBrandButtonInAddBrandPopup' is present

2021-01-13 12:40:48 - [MESSAGE][PASSED] - Object 'Object Repository/Brand/AddBrandPopup/AddBrandButtonInAddBrandPopup' is visible

2021-01-13 12:40:49 - [MESSAGE][PASSED] - Object 'Object Repository/Brand/AddBrandPopup/AddBrandButtonInAddBrandPopup' is clickable

2021-01-13 12:40:49 - [MESSAGE][PASSED] - Object: 'Object Repository/Brand/AddBrandPopup/AddBrandButtonInAddBrandPopup' is clicked on

2021-01-13 12:40:49 - [MESSAGE][PASSED] - pages.Brand.addBrand is PASSED

2021-01-13 12:40:49 - [TEST_STEP][PASSED] - pages.Brand.verifyTheBrandCreated(brandName): pages.Brand.verifyTheBrandCreated is PASSED

2021-01-13 12:40:50 - [MESSAGE][PASSED] - Object 'Object Repository/Brand/search' is present

2021-01-13 12:40:50 - [MESSAGE][PASSED] - Object 'Object Repository/Brand/search' is visible

2021-01-13 12:40:50 - [MESSAGE][PASSED] - Object 'Object Repository/Brand/search' is clickable

2021-01-13 12:40:51 - [MESSAGE][PASSED] - Text of object 'Object Repository/Brand/search' is cleared

2021-01-13 12:40:51 - [MESSAGE][PASSED] - Keys '' sent to object: 'Object Repository/Brand/search'

2021-01-13 12:40:51 - [MESSAGE][PASSED] - Keys 'B' sent to object: 'Object Repository/Brand/search'

2021-01-13 12:40:52 - [MESSAGE][PASSED] - Keys 'r' sent to object: 'Object Repository/Brand/search'

2021-01-13 12:40:53 - [MESSAGE][PASSED] - Keys 'a' sent to object: 'Object Repository/Brand/search'

2021-01-13 12:40:54 - [MESSAGE][PASSED] - Keys 'n' sent to object: 'Object Repository/Brand/search'

2021-01-13 12:40:54 - [MESSAGE][PASSED] - Keys 'd' sent to object: 'Object Repository/Brand/search'

2021-01-13 12:40:54 - [MESSAGE][PASSED] - Keys '1' sent to object: 'Object Repository/Brand/search'

2021-01-13 12:40:56 - [MESSAGE][PASSED] - Keys '9' sent to object: 'Object Repository/Brand/search'

2021-01-13 12:40:56 - [MESSAGE][PASSED] - Keys '5' sent to object: 'Object Repository/Brand/search'

2021-01-13 12:40:57 - [MESSAGE][PASSED] - Object 'Object Repository/Brand/createdBrand(brandName)' is present

2021-01-13 12:40:57 - [MESSAGE][PASSED] - pages.Brand.verifyTheBrandCreated is PASSED]]></system-out>
         <system-err><![CDATA[]]></system-err>
      </testcase>
      <testcase name="Test Cases/Admin/Brand/Delete a Brand and verify" time="29.067" classname="Test Cases/Admin/Brand/Delete a Brand and verify" status="PASSED">
         <system-out><![CDATA[2021-01-13 12:40:57 - [TEST_CASE][PASSED] - Test Cases/Admin/Brand/Delete a Brand and verify: Test Cases/Admin/Brand/Delete a Brand and verify

2021-01-13 12:40:57 - [TEST_STEP][PASSED] - Start listener action : login: null

2021-01-13 12:40:57 - [TEST_STEP][PASSED] - Thread.sleep(3000): null

2021-01-13 12:41:00 - [TEST_STEP][PASSED] - url = getUrl(): Current window's url is: 'https://dev-admin.modist.co/dashboard'

2021-01-13 12:41:00 - [MESSAGE][PASSED] - Current window's url is: 'https://dev-admin.modist.co/dashboard'

2021-01-13 12:41:00 - [TEST_STEP][PASSED] - if (!(url.contains("dashboard"))): null

2021-01-13 12:41:00 - [TEST_STEP][PASSED] - brandName = pages.Brand.addBrand(): pages.Brand.addBrand is PASSED

2021-01-13 12:41:00 - [MESSAGE][PASSED] - Object 'Object Repository/Brand/AddBrandbutton' is present

2021-01-13 12:41:00 - [MESSAGE][PASSED] - Object 'Object Repository/Brand/AddBrandbutton' is visible

2021-01-13 12:41:01 - [MESSAGE][PASSED] - Object 'Object Repository/Brand/AddBrandbutton' is clickable

2021-01-13 12:41:01 - [MESSAGE][PASSED] - Object: 'Object Repository/Brand/AddBrandbutton' is clicked on

2021-01-13 12:41:01 - [MESSAGE][PASSED] - Object 'Object Repository/Brand/AddBrandPopup/name' is present

2021-01-13 12:41:02 - [MESSAGE][PASSED] - Object 'Object Repository/Brand/AddBrandPopup/name' is visible

2021-01-13 12:41:02 - [MESSAGE][PASSED] - Object 'Object Repository/Brand/AddBrandPopup/name' is clickable

2021-01-13 12:41:02 - [MESSAGE][PASSED] - Text of object 'Object Repository/Brand/AddBrandPopup/name' is cleared

2021-01-13 12:41:02 - [MESSAGE][PASSED] - Keys 'Brand930' sent to object: 'Object Repository/Brand/AddBrandPopup/name'

2021-01-13 12:41:03 - [MESSAGE][PASSED] - Object 'Object Repository/Brand/AddBrandPopup/AddBrandButtonInAddBrandPopup' is present

2021-01-13 12:41:03 - [MESSAGE][PASSED] - Object 'Object Repository/Brand/AddBrandPopup/AddBrandButtonInAddBrandPopup' is visible

2021-01-13 12:41:03 - [MESSAGE][PASSED] - Object 'Object Repository/Brand/AddBrandPopup/AddBrandButtonInAddBrandPopup' is clickable

2021-01-13 12:41:04 - [MESSAGE][PASSED] - Object: 'Object Repository/Brand/AddBrandPopup/AddBrandButtonInAddBrandPopup' is clicked on

2021-01-13 12:41:04 - [MESSAGE][PASSED] - pages.Brand.addBrand is PASSED

2021-01-13 12:41:04 - [TEST_STEP][PASSED] - println(brandName): null

2021-01-13 12:41:04 - [TEST_STEP][PASSED] - pages.Brand.deleteBrand(brandName): pages.Brand.deleteBrand is PASSED

2021-01-13 12:41:05 - [MESSAGE][PASSED] - Object 'Object Repository/Brand/search' is present

2021-01-13 12:41:05 - [MESSAGE][PASSED] - Object 'Object Repository/Brand/search' is visible

2021-01-13 12:41:05 - [MESSAGE][PASSED] - Object 'Object Repository/Brand/search' is clickable

2021-01-13 12:41:06 - [MESSAGE][PASSED] - Text of object 'Object Repository/Brand/search' is cleared

2021-01-13 12:41:07 - [MESSAGE][PASSED] - Keys '' sent to object: 'Object Repository/Brand/search'

2021-01-13 12:41:07 - [MESSAGE][PASSED] - Keys 'B' sent to object: 'Object Repository/Brand/search'

2021-01-13 12:41:08 - [MESSAGE][PASSED] - Keys 'r' sent to object: 'Object Repository/Brand/search'

2021-01-13 12:41:09 - [MESSAGE][PASSED] - Keys 'a' sent to object: 'Object Repository/Brand/search'

2021-01-13 12:41:10 - [MESSAGE][PASSED] - Keys 'n' sent to object: 'Object Repository/Brand/search'

2021-01-13 12:41:10 - [MESSAGE][PASSED] - Keys 'd' sent to object: 'Object Repository/Brand/search'

2021-01-13 12:41:11 - [MESSAGE][PASSED] - Keys '9' sent to object: 'Object Repository/Brand/search'

2021-01-13 12:41:12 - [MESSAGE][PASSED] - Keys '3' sent to object: 'Object Repository/Brand/search'

2021-01-13 12:41:13 - [MESSAGE][PASSED] - Keys '0' sent to object: 'Object Repository/Brand/search'

2021-01-13 12:41:14 - [MESSAGE][PASSED] - Scroll to object 'Object Repository/Brand/createdBrand(brandName)' successfully

2021-01-13 12:41:15 - [MESSAGE][PASSED] - Object 'Object Repository/Brand/createdBrand(brandName)' is visible

2021-01-13 12:41:15 - [MESSAGE][PASSED] - Object 'Object Repository/Brand/createdBrand(brandName)' is present

2021-01-13 12:41:15 - [MESSAGE][PASSED] - Object 'Object Repository/Brand/createdBrand(brandName)' is visible

2021-01-13 12:41:16 - [MESSAGE][PASSED] - Object 'Object Repository/Brand/createdBrand(brandName)' is clickable

2021-01-13 12:41:16 - [MESSAGE][PASSED] - Object: 'Object Repository/Brand/createdBrand(brandName)' is clicked on

2021-01-13 12:41:16 - [MESSAGE][PASSED] - Object 'Object Repository/Brand/Delete Button' is present

2021-01-13 12:41:17 - [MESSAGE][PASSED] - Object 'Object Repository/Brand/Delete Button' is visible

2021-01-13 12:41:17 - [MESSAGE][PASSED] - Object 'Object Repository/Brand/Delete Button' is clickable

2021-01-13 12:41:18 - [MESSAGE][PASSED] - Object: 'Object Repository/Brand/Delete Button' is clicked on

2021-01-13 12:41:18 - [MESSAGE][PASSED] - pages.Brand.deleteBrand is PASSED

2021-01-13 12:41:18 - [TEST_STEP][PASSED] - pages.Brand.verifyABrandDeleted(brandName): pages.Brand.verifyABrandDeleted is PASSED

2021-01-13 12:41:19 - [MESSAGE][PASSED] - Object 'Object Repository/Brand/search' is present

2021-01-13 12:41:19 - [MESSAGE][PASSED] - Object 'Object Repository/Brand/search' is visible

2021-01-13 12:41:19 - [MESSAGE][PASSED] - Object 'Object Repository/Brand/search' is clickable

2021-01-13 12:41:20 - [MESSAGE][PASSED] - Text of object 'Object Repository/Brand/search' is cleared

2021-01-13 12:41:20 - [MESSAGE][PASSED] - Keys '' sent to object: 'Object Repository/Brand/search'

2021-01-13 12:41:20 - [MESSAGE][PASSED] - Keys 'B' sent to object: 'Object Repository/Brand/search'

2021-01-13 12:41:21 - [MESSAGE][PASSED] - Keys 'r' sent to object: 'Object Repository/Brand/search'

2021-01-13 12:41:22 - [MESSAGE][PASSED] - Keys 'a' sent to object: 'Object Repository/Brand/search'

2021-01-13 12:41:22 - [MESSAGE][PASSED] - Keys 'n' sent to object: 'Object Repository/Brand/search'

2021-01-13 12:41:23 - [MESSAGE][PASSED] - Keys 'd' sent to object: 'Object Repository/Brand/search'

2021-01-13 12:41:23 - [MESSAGE][PASSED] - Keys '9' sent to object: 'Object Repository/Brand/search'

2021-01-13 12:41:24 - [MESSAGE][PASSED] - Keys '3' sent to object: 'Object Repository/Brand/search'

2021-01-13 12:41:25 - [MESSAGE][PASSED] - Keys '0' sent to object: 'Object Repository/Brand/search'

2021-01-13 12:41:26 - [MESSAGE][PASSED] - Web element with id: 'Object Repository/Brand/createdBrand(brandName)' located by 'By.xpath: //div[@class='sc-jrsJCI ivRwdr rdt_TableRow']//div[text()='Brand930']' is not present after '30' second(s)

2021-01-13 12:41:26 - [MESSAGE][PASSED] - pages.Brand.verifyABrandDeleted is PASSED]]></system-out>
         <system-err><![CDATA[]]></system-err>
      </testcase>
      <testcase name="Test Cases/Admin/Brand/Edit a Brand and Verify" time="34.332" classname="Test Cases/Admin/Brand/Edit a Brand and Verify" status="PASSED">
         <system-out><![CDATA[2021-01-13 12:41:26 - [TEST_CASE][PASSED] - Test Cases/Admin/Brand/Edit a Brand and Verify: Test Cases/Admin/Brand/Edit a Brand and Verify

2021-01-13 12:41:26 - [TEST_STEP][PASSED] - Start listener action : login: null

2021-01-13 12:41:26 - [TEST_STEP][PASSED] - Thread.sleep(3000): null

2021-01-13 12:41:29 - [TEST_STEP][PASSED] - url = getUrl(): Current window's url is: 'https://dev-admin.modist.co/dashboard'

2021-01-13 12:41:29 - [MESSAGE][PASSED] - Current window's url is: 'https://dev-admin.modist.co/dashboard'

2021-01-13 12:41:29 - [TEST_STEP][PASSED] - if (!(url.contains("dashboard"))): null

2021-01-13 12:41:29 - [TEST_STEP][PASSED] - brandName = pages.Brand.addBrand(): pages.Brand.addBrand is PASSED

2021-01-13 12:41:29 - [MESSAGE][PASSED] - Object 'Object Repository/Brand/AddBrandbutton' is present

2021-01-13 12:41:29 - [MESSAGE][PASSED] - Object 'Object Repository/Brand/AddBrandbutton' is visible

2021-01-13 12:41:30 - [MESSAGE][PASSED] - Object 'Object Repository/Brand/AddBrandbutton' is clickable

2021-01-13 12:41:30 - [MESSAGE][PASSED] - Object: 'Object Repository/Brand/AddBrandbutton' is clicked on

2021-01-13 12:41:30 - [MESSAGE][PASSED] - Object 'Object Repository/Brand/AddBrandPopup/name' is present

2021-01-13 12:41:31 - [MESSAGE][PASSED] - Object 'Object Repository/Brand/AddBrandPopup/name' is visible

2021-01-13 12:41:31 - [MESSAGE][PASSED] - Object 'Object Repository/Brand/AddBrandPopup/name' is clickable

2021-01-13 12:41:31 - [MESSAGE][PASSED] - Text of object 'Object Repository/Brand/AddBrandPopup/name' is cleared

2021-01-13 12:41:31 - [MESSAGE][PASSED] - Keys 'Brand665' sent to object: 'Object Repository/Brand/AddBrandPopup/name'

2021-01-13 12:41:32 - [MESSAGE][PASSED] - Object 'Object Repository/Brand/AddBrandPopup/AddBrandButtonInAddBrandPopup' is present

2021-01-13 12:41:32 - [MESSAGE][PASSED] - Object 'Object Repository/Brand/AddBrandPopup/AddBrandButtonInAddBrandPopup' is visible

2021-01-13 12:41:32 - [MESSAGE][PASSED] - Object 'Object Repository/Brand/AddBrandPopup/AddBrandButtonInAddBrandPopup' is clickable

2021-01-13 12:41:33 - [MESSAGE][PASSED] - Object: 'Object Repository/Brand/AddBrandPopup/AddBrandButtonInAddBrandPopup' is clicked on

2021-01-13 12:41:33 - [MESSAGE][PASSED] - pages.Brand.addBrand is PASSED

2021-01-13 12:41:33 - [TEST_STEP][PASSED] - println(brandName): null

2021-01-13 12:41:33 - [TEST_STEP][PASSED] - brandeditedname = pages.Brand.editBrandName(brandName): pages.Brand.editBrandName is PASSED

2021-01-13 12:41:34 - [MESSAGE][PASSED] - Object 'Object Repository/Brand/search' is present

2021-01-13 12:41:34 - [MESSAGE][PASSED] - Object 'Object Repository/Brand/search' is visible

2021-01-13 12:41:34 - [MESSAGE][PASSED] - Object 'Object Repository/Brand/search' is clickable

2021-01-13 12:41:35 - [MESSAGE][PASSED] - Text of object 'Object Repository/Brand/search' is cleared

2021-01-13 12:41:36 - [MESSAGE][PASSED] - Keys '' sent to object: 'Object Repository/Brand/search'

2021-01-13 12:41:36 - [MESSAGE][PASSED] - Keys 'B' sent to object: 'Object Repository/Brand/search'

2021-01-13 12:41:37 - [MESSAGE][PASSED] - Keys 'r' sent to object: 'Object Repository/Brand/search'

2021-01-13 12:41:37 - [MESSAGE][PASSED] - Keys 'a' sent to object: 'Object Repository/Brand/search'

2021-01-13 12:41:38 - [MESSAGE][PASSED] - Keys 'n' sent to object: 'Object Repository/Brand/search'

2021-01-13 12:41:39 - [MESSAGE][PASSED] - Keys 'd' sent to object: 'Object Repository/Brand/search'

2021-01-13 12:41:39 - [MESSAGE][PASSED] - Keys '6' sent to object: 'Object Repository/Brand/search'

2021-01-13 12:41:40 - [MESSAGE][PASSED] - Keys '6' sent to object: 'Object Repository/Brand/search'

2021-01-13 12:41:41 - [MESSAGE][PASSED] - Keys '5' sent to object: 'Object Repository/Brand/search'

2021-01-13 12:41:42 - [MESSAGE][PASSED] - Scroll to object 'Object Repository/Brand/createdBrand(brandName)' successfully

2021-01-13 12:41:42 - [MESSAGE][PASSED] - Object 'Object Repository/Brand/createdBrand(brandName)' is visible

2021-01-13 12:41:42 - [MESSAGE][PASSED] - Object 'Object Repository/Brand/createdBrand(brandName)' is present

2021-01-13 12:41:42 - [MESSAGE][PASSED] - Object 'Object Repository/Brand/createdBrand(brandName)' is visible

2021-01-13 12:41:43 - [MESSAGE][PASSED] - Object 'Object Repository/Brand/createdBrand(brandName)' is clickable

2021-01-13 12:41:43 - [MESSAGE][PASSED] - Object: 'Object Repository/Brand/createdBrand(brandName)' is clicked on

2021-01-13 12:41:44 - [MESSAGE][PASSED] - Text of object 'Object Repository/Brand/AddBrandPopup/name' is cleared

2021-01-13 12:41:44 - [MESSAGE][PASSED] - Object 'Object Repository/Brand/AddBrandPopup/name' is present

2021-01-13 12:41:45 - [MESSAGE][PASSED] - Object 'Object Repository/Brand/AddBrandPopup/name' is visible

2021-01-13 12:41:45 - [MESSAGE][PASSED] - Object 'Object Repository/Brand/AddBrandPopup/name' is clickable

2021-01-13 12:41:45 - [MESSAGE][PASSED] - Text of object 'Object Repository/Brand/AddBrandPopup/name' is cleared

2021-01-13 12:41:45 - [MESSAGE][PASSED] - Keys 'editedbrandname1' sent to object: 'Object Repository/Brand/AddBrandPopup/name'

2021-01-13 12:41:46 - [MESSAGE][PASSED] - Object 'Object Repository/Brand/AddBrandPopup/save button' is present

2021-01-13 12:41:46 - [MESSAGE][PASSED] - Object 'Object Repository/Brand/AddBrandPopup/save button' is visible

2021-01-13 12:41:46 - [MESSAGE][PASSED] - Object 'Object Repository/Brand/AddBrandPopup/save button' is clickable

2021-01-13 12:41:47 - [MESSAGE][PASSED] - Object: 'Object Repository/Brand/AddBrandPopup/save button' is clicked on

2021-01-13 12:41:47 - [MESSAGE][PASSED] - Object 'Object Repository/Brand/AddBrandPopup/Close Button' is present

2021-01-13 12:41:48 - [MESSAGE][PASSED] - Object 'Object Repository/Brand/AddBrandPopup/Close Button' is visible

2021-01-13 12:41:48 - [MESSAGE][PASSED] - Object 'Object Repository/Brand/AddBrandPopup/Close Button' is clickable

2021-01-13 12:41:48 - [MESSAGE][PASSED] - Object: 'Object Repository/Brand/AddBrandPopup/Close Button' is clicked on

2021-01-13 12:41:48 - [MESSAGE][PASSED] - pages.Brand.editBrandName is PASSED

2021-01-13 12:41:48 - [TEST_STEP][PASSED] - println(brandeditedname): null

2021-01-13 12:41:48 - [TEST_STEP][PASSED] - pages.Brand.verifyeditedBrandName(brandeditedname): pages.Brand.verifyeditedBrandName is PASSED

2021-01-13 12:41:49 - [MESSAGE][PASSED] - Object 'Object Repository/Brand/search' is present

2021-01-13 12:41:50 - [MESSAGE][PASSED] - Object 'Object Repository/Brand/search' is visible

2021-01-13 12:41:50 - [MESSAGE][PASSED] - Object 'Object Repository/Brand/search' is clickable

2021-01-13 12:41:50 - [MESSAGE][PASSED] - Text of object 'Object Repository/Brand/search' is cleared

2021-01-13 12:41:50 - [MESSAGE][PASSED] - Keys '' sent to object: 'Object Repository/Brand/search'

2021-01-13 12:41:51 - [MESSAGE][PASSED] - Keys 'e' sent to object: 'Object Repository/Brand/search'

2021-01-13 12:41:52 - [MESSAGE][PASSED] - Keys 'd' sent to object: 'Object Repository/Brand/search'

2021-01-13 12:41:53 - [MESSAGE][PASSED] - Keys 'i' sent to object: 'Object Repository/Brand/search'

2021-01-13 12:41:53 - [MESSAGE][PASSED] - Keys 't' sent to object: 'Object Repository/Brand/search'

2021-01-13 12:41:54 - [MESSAGE][PASSED] - Keys 'e' sent to object: 'Object Repository/Brand/search'

2021-01-13 12:41:54 - [MESSAGE][PASSED] - Keys 'd' sent to object: 'Object Repository/Brand/search'

2021-01-13 12:41:55 - [MESSAGE][PASSED] - Keys 'b' sent to object: 'Object Repository/Brand/search'

2021-01-13 12:41:55 - [MESSAGE][PASSED] - Keys 'r' sent to object: 'Object Repository/Brand/search'

2021-01-13 12:41:56 - [MESSAGE][PASSED] - Keys 'a' sent to object: 'Object Repository/Brand/search'

2021-01-13 12:41:56 - [MESSAGE][PASSED] - Keys 'n' sent to object: 'Object Repository/Brand/search'

2021-01-13 12:41:57 - [MESSAGE][PASSED] - Keys 'd' sent to object: 'Object Repository/Brand/search'

2021-01-13 12:41:57 - [MESSAGE][PASSED] - Keys 'n' sent to object: 'Object Repository/Brand/search'

2021-01-13 12:41:58 - [MESSAGE][PASSED] - Keys 'a' sent to object: 'Object Repository/Brand/search'

2021-01-13 12:41:58 - [MESSAGE][PASSED] - Keys 'm' sent to object: 'Object Repository/Brand/search'

2021-01-13 12:41:59 - [MESSAGE][PASSED] - Keys 'e' sent to object: 'Object Repository/Brand/search'

2021-01-13 12:41:59 - [MESSAGE][PASSED] - Keys '1' sent to object: 'Object Repository/Brand/search'

2021-01-13 12:42:00 - [MESSAGE][PASSED] - Object 'Object Repository/Brand/createdBrand(brandName)' is present

2021-01-13 12:42:00 - [MESSAGE][PASSED] - pages.Brand.verifyeditedBrandName is PASSED]]></system-out>
         <system-err><![CDATA[]]></system-err>
      </testcase>
      <testcase name="Test Cases/Admin/Brand/Verify elements on Add Brand popup" time="6.262" classname="Test Cases/Admin/Brand/Verify elements on Add Brand popup" status="PASSED">
         <system-out><![CDATA[2021-01-13 12:42:00 - [TEST_CASE][PASSED] - Test Cases/Admin/Brand/Verify elements on Add Brand popup: Test Cases/Admin/Brand/Verify elements on Add Brand popup

2021-01-13 12:42:00 - [TEST_STEP][PASSED] - Start listener action : login: null

2021-01-13 12:42:00 - [TEST_STEP][PASSED] - Thread.sleep(3000): null

2021-01-13 12:42:03 - [TEST_STEP][PASSED] - url = getUrl(): Current window's url is: 'https://dev-admin.modist.co/dashboard'

2021-01-13 12:42:03 - [MESSAGE][PASSED] - Current window's url is: 'https://dev-admin.modist.co/dashboard'

2021-01-13 12:42:03 - [TEST_STEP][PASSED] - if (!(url.contains("dashboard"))): null

2021-01-13 12:42:03 - [TEST_STEP][PASSED] - pages.Brand.clickBrand(): pages.Brand.clickBrand is PASSED

2021-01-13 12:42:04 - [MESSAGE][PASSED] - Object: 'Object Repository/Brand/clickOnBrandTab' is clicked on

2021-01-13 12:42:04 - [MESSAGE][PASSED] - pages.Brand.clickBrand is PASSED

2021-01-13 12:42:04 - [TEST_STEP][PASSED] - pages.Brand.clickAddBrand(): pages.Brand.clickAddBrand is PASSED

2021-01-13 12:42:04 - [MESSAGE][PASSED] - Object: 'Object Repository/Brand/AddBrandbutton' is clicked on

2021-01-13 12:42:04 - [MESSAGE][PASSED] - pages.Brand.clickAddBrand is PASSED

2021-01-13 12:42:04 - [TEST_STEP][PASSED] - pages.Brand.verifyBrandPopUp(): pages.Brand.verifyBrandPopUp is PASSED

2021-01-13 12:42:05 - [MESSAGE][PASSED] - Object 'Object Repository/Brand/AddBrandPopup/name' is present

2021-01-13 12:42:05 - [MESSAGE][PASSED] - Object 'Object Repository/Brand/AddBrandPopup/Slogan' is present

2021-01-13 12:42:05 - [MESSAGE][PASSED] - Object 'Object Repository/Brand/AddBrandPopup/Bio' is present

2021-01-13 12:42:05 - [MESSAGE][PASSED] - Object 'Object Repository/Brand/AddBrandPopup/cancelButtonAddBrandPopup' is present

2021-01-13 12:42:06 - [MESSAGE][PASSED] - Object 'Object Repository/Brand/AddBrandPopup/cancelButtonAddBrandPopup' is visible

2021-01-13 12:42:06 - [MESSAGE][PASSED] - Object 'Object Repository/Brand/AddBrandPopup/cancelButtonAddBrandPopup' is clickable

2021-01-13 12:42:06 - [MESSAGE][PASSED] - Object: 'Object Repository/Brand/AddBrandPopup/cancelButtonAddBrandPopup' is clicked on

2021-01-13 12:42:06 - [MESSAGE][PASSED] - pages.Brand.verifyBrandPopUp is PASSED]]></system-out>
         <system-err><![CDATA[]]></system-err>
      </testcase>
      <testcase name="Test Cases/Admin/dashboard/Verify Headers" time="5.967" classname="Test Cases/Admin/dashboard/Verify Headers" status="PASSED">
         <system-out><![CDATA[2021-01-13 12:42:06 - [TEST_CASE][PASSED] - Test Cases/Admin/dashboard/Verify Headers: Test Cases/Admin/dashboard/Verify Headers

2021-01-13 12:42:06 - [TEST_STEP][PASSED] - Start listener action : login: null

2021-01-13 12:42:06 - [TEST_STEP][PASSED] - Thread.sleep(3000): null

2021-01-13 12:42:09 - [TEST_STEP][PASSED] - url = getUrl(): Current window's url is: 'https://dev-admin.modist.co/dashboard'

2021-01-13 12:42:09 - [MESSAGE][PASSED] - Current window's url is: 'https://dev-admin.modist.co/dashboard'

2021-01-13 12:42:09 - [TEST_STEP][PASSED] - if (!(url.contains("dashboard"))): null

2021-01-13 12:42:10 - [TEST_STEP][PASSED] - common.uploading.getHeaders(): common.uploading.getHeaders is PASSED

2021-01-13 12:42:10 - [MESSAGE][PASSED] - Text of object 'Object Repository/CommonButtons/getHeaders' is: 'Journey'

2021-01-13 12:42:10 - [MESSAGE][PASSED] - Text of object 'Object Repository/CommonButtons/getHeaders' is: 'Tenant'

2021-01-13 12:42:11 - [MESSAGE][PASSED] - Text of object 'Object Repository/CommonButtons/getHeaders' is: 'User'

2021-01-13 12:42:11 - [MESSAGE][PASSED] - Text of object 'Object Repository/CommonButtons/getHeaders' is: 'Brand'

2021-01-13 12:42:11 - [MESSAGE][PASSED] - Text of object 'Object Repository/CommonButtons/getHeaders' is: 'Section'

2021-01-13 12:42:12 - [MESSAGE][PASSED] - Text of object 'Object Repository/CommonButtons/getHeaders' is: 'Asset'

2021-01-13 12:42:12 - [MESSAGE][PASSED] - Text of object 'Object Repository/CommonButtons/getHeaders' is: 'Product'

2021-01-13 12:42:12 - [MESSAGE][PASSED] - Text of object 'Object Repository/CommonButtons/getHeaders' is: 'Asset Source'

2021-01-13 12:42:12 - [MESSAGE][PASSED] - Text of object 'Object Repository/CommonButtons/getHeaders' is: 'Tags'

2021-01-13 12:42:12 - [MESSAGE][PASSED] - common.uploading.getHeaders is PASSED]]></system-out>
         <system-err><![CDATA[]]></system-err>
      </testcase>
      <testcase name="Test Cases/Admin/dashboard/verifyUrlAfterLogin" time="13.136" classname="Test Cases/Admin/dashboard/verifyUrlAfterLogin" status="PASSED">
         <system-out><![CDATA[2021-01-13 12:42:12 - [TEST_CASE][PASSED] - Test Cases/Admin/dashboard/verifyUrlAfterLogin: Test Cases/Admin/dashboard/verifyUrlAfterLogin

2021-01-13 12:42:12 - [TEST_STEP][PASSED] - Start listener action : login: null

2021-01-13 12:42:12 - [TEST_STEP][PASSED] - Thread.sleep(3000): null

2021-01-13 12:42:15 - [TEST_STEP][PASSED] - url = getUrl(): Current window's url is: 'https://dev-admin.modist.co/dashboard'

2021-01-13 12:42:15 - [MESSAGE][PASSED] - Current window's url is: 'https://dev-admin.modist.co/dashboard'

2021-01-13 12:42:15 - [TEST_STEP][PASSED] - if (!(url.contains("dashboard"))): null

2021-01-13 12:42:15 - [TEST_STEP][PASSED] - verification.Verification.getUrlAndVerify("dashboard", "you are not in a dashboard page"): verification.Verification.getUrlAndVerify is PASSED

2021-01-13 12:42:25 - [MESSAGE][PASSED] - Delayed 10 second(s)

2021-01-13 12:42:25 - [MESSAGE][PASSED] - Current window's url is: 'https://dev-admin.modist.co/dashboard'

2021-01-13 12:42:25 - [MESSAGE][PASSED] - verification.Verification.getUrlAndVerify is PASSED]]></system-out>
         <system-err><![CDATA[]]></system-err>
      </testcase>
      <testcase name="Test Cases/Admin/Journey/addJournyAndVerifyItisAdded" time="20.761" classname="Test Cases/Admin/Journey/addJournyAndVerifyItisAdded" status="PASSED">
         <system-out><![CDATA[2021-01-13 12:42:26 - [TEST_CASE][PASSED] - Test Cases/Admin/Journey/addJournyAndVerifyItisAdded: Test Cases/Admin/Journey/addJournyAndVerifyItisAdded

2021-01-13 12:42:26 - [TEST_STEP][PASSED] - Start listener action : login: null

2021-01-13 12:42:26 - [TEST_STEP][PASSED] - Thread.sleep(3000): null

2021-01-13 12:42:29 - [TEST_STEP][PASSED] - url = getUrl(): Current window's url is: 'https://dev-admin.modist.co/dashboard'

2021-01-13 12:42:29 - [MESSAGE][PASSED] - Current window's url is: 'https://dev-admin.modist.co/dashboard'

2021-01-13 12:42:29 - [TEST_STEP][PASSED] - if (!(url.contains("dashboard"))): null

2021-01-13 12:42:29 - [TEST_STEP][PASSED] - pages.Journey.clickOnJourneyTab(): pages.Journey.clickOnJourneyTab is PASSED

2021-01-13 12:42:29 - [MESSAGE][PASSED] - Object 'Object Repository/Journey/Journeytab' is present

2021-01-13 12:42:29 - [MESSAGE][PASSED] - Object 'Object Repository/Journey/Journeytab' is visible

2021-01-13 12:42:29 - [MESSAGE][PASSED] - Object 'Object Repository/Journey/Journeytab' is clickable

2021-01-13 12:42:30 - [MESSAGE][PASSED] - Object: 'Object Repository/Journey/Journeytab' is clicked on

2021-01-13 12:42:30 - [MESSAGE][PASSED] - pages.Journey.clickOnJourneyTab is PASSED

2021-01-13 12:42:30 - [TEST_STEP][PASSED] - journeyName = pages.Journey.addJourney(): pages.Journey.addJourney is PASSED

2021-01-13 12:42:30 - [MESSAGE][PASSED] - Object 'Object Repository/Journey/Add Journey/AddJourneyButton' is present

2021-01-13 12:42:30 - [MESSAGE][PASSED] - Object 'Object Repository/Journey/Add Journey/AddJourneyButton' is visible

2021-01-13 12:42:31 - [MESSAGE][PASSED] - Object 'Object Repository/Journey/Add Journey/AddJourneyButton' is clickable

2021-01-13 12:42:32 - [MESSAGE][PASSED] - Object: 'Object Repository/Journey/Add Journey/AddJourneyButton' is clicked on

2021-01-13 12:42:32 - [MESSAGE][PASSED] - Object 'Object Repository/Journey/Add Journey/journeyName' is present

2021-01-13 12:42:32 - [MESSAGE][PASSED] - Object 'Object Repository/Journey/Add Journey/journeyName' is visible

2021-01-13 12:42:32 - [MESSAGE][PASSED] - Object 'Object Repository/Journey/Add Journey/journeyName' is clickable

2021-01-13 12:42:33 - [MESSAGE][PASSED] - Text of object 'Object Repository/Journey/Add Journey/journeyName' is cleared

2021-01-13 12:42:33 - [MESSAGE][PASSED] - Keys 'journeyName602' sent to object: 'Object Repository/Journey/Add Journey/journeyName'

2021-01-13 12:42:34 - [MESSAGE][PASSED] - Object 'Object Repository/Journey/Add Journey/addJourneyInAddJourneyPopUp' is present

2021-01-13 12:42:34 - [MESSAGE][PASSED] - Object 'Object Repository/Journey/Add Journey/addJourneyInAddJourneyPopUp' is visible

2021-01-13 12:42:34 - [MESSAGE][PASSED] - Object 'Object Repository/Journey/Add Journey/addJourneyInAddJourneyPopUp' is clickable

2021-01-13 12:42:35 - [MESSAGE][PASSED] - Object: 'Object Repository/Journey/Add Journey/addJourneyInAddJourneyPopUp' is clicked on

2021-01-13 12:42:35 - [MESSAGE][PASSED] - pages.Journey.addJourney is PASSED

2021-01-13 12:42:35 - [TEST_STEP][PASSED] - pages.Journey.verifyJourneyAdded(journeyName): pages.Journey.verifyJourneyAdded is PASSED

2021-01-13 12:42:35 - [MESSAGE][PASSED] - Object 'Object Repository/Journey/journrySearchInput' is present

2021-01-13 12:42:35 - [MESSAGE][PASSED] - Object 'Object Repository/Journey/journrySearchInput' is visible

2021-01-13 12:42:36 - [MESSAGE][PASSED] - Object 'Object Repository/Journey/journrySearchInput' is clickable

2021-01-13 12:42:36 - [MESSAGE][PASSED] - Text of object 'Object Repository/Journey/journrySearchInput' is cleared

2021-01-13 12:42:36 - [MESSAGE][PASSED] - Keys '' sent to object: 'Object Repository/Journey/journrySearchInput'

2021-01-13 12:42:37 - [MESSAGE][PASSED] - Keys 'j' sent to object: 'Object Repository/Journey/journrySearchInput'

2021-01-13 12:42:38 - [MESSAGE][PASSED] - Keys 'o' sent to object: 'Object Repository/Journey/journrySearchInput'

2021-01-13 12:42:39 - [MESSAGE][PASSED] - Keys 'u' sent to object: 'Object Repository/Journey/journrySearchInput'

2021-01-13 12:42:40 - [MESSAGE][PASSED] - Keys 'r' sent to object: 'Object Repository/Journey/journrySearchInput'

2021-01-13 12:42:40 - [MESSAGE][PASSED] - Keys 'n' sent to object: 'Object Repository/Journey/journrySearchInput'

2021-01-13 12:42:41 - [MESSAGE][PASSED] - Keys 'e' sent to object: 'Object Repository/Journey/journrySearchInput'

2021-01-13 12:42:41 - [MESSAGE][PASSED] - Keys 'y' sent to object: 'Object Repository/Journey/journrySearchInput'

2021-01-13 12:42:42 - [MESSAGE][PASSED] - Keys 'N' sent to object: 'Object Repository/Journey/journrySearchInput'

2021-01-13 12:42:43 - [MESSAGE][PASSED] - Keys 'a' sent to object: 'Object Repository/Journey/journrySearchInput'

2021-01-13 12:42:43 - [MESSAGE][PASSED] - Keys 'm' sent to object: 'Object Repository/Journey/journrySearchInput'

2021-01-13 12:42:44 - [MESSAGE][PASSED] - Keys 'e' sent to object: 'Object Repository/Journey/journrySearchInput'

2021-01-13 12:42:44 - [MESSAGE][PASSED] - Keys '6' sent to object: 'Object Repository/Journey/journrySearchInput'

2021-01-13 12:42:45 - [MESSAGE][PASSED] - Keys '0' sent to object: 'Object Repository/Journey/journrySearchInput'

2021-01-13 12:42:46 - [MESSAGE][PASSED] - Keys '2' sent to object: 'Object Repository/Journey/journrySearchInput'

2021-01-13 12:42:46 - [MESSAGE][PASSED] - Object 'Object Repository/Journey/JourneyName(journeyName)' is present

2021-01-13 12:42:46 - [MESSAGE][PASSED] - pages.Journey.verifyJourneyAdded is PASSED]]></system-out>
         <system-err><![CDATA[]]></system-err>
      </testcase>
      <testcase name="Test Cases/Admin/Journey/cloneJourneyAndVerifyisitCloned" time="42.037" classname="Test Cases/Admin/Journey/cloneJourneyAndVerifyisitCloned" status="PASSED">
         <system-out><![CDATA[2021-01-13 12:42:46 - [TEST_CASE][PASSED] - Test Cases/Admin/Journey/cloneJourneyAndVerifyisitCloned: Test Cases/Admin/Journey/cloneJourneyAndVerifyisitCloned

2021-01-13 12:42:46 - [TEST_STEP][PASSED] - Start listener action : login: null

2021-01-13 12:42:46 - [TEST_STEP][PASSED] - Thread.sleep(3000): null

2021-01-13 12:42:49 - [TEST_STEP][PASSED] - url = getUrl(): Current window's url is: 'https://dev-admin.modist.co/dashboard'

2021-01-13 12:42:49 - [MESSAGE][PASSED] - Current window's url is: 'https://dev-admin.modist.co/dashboard'

2021-01-13 12:42:49 - [TEST_STEP][PASSED] - if (!(url.contains("dashboard"))): null

2021-01-13 12:42:49 - [TEST_STEP][PASSED] - pages.Journey.clickOnJourneyTab(): pages.Journey.clickOnJourneyTab is PASSED

2021-01-13 12:42:50 - [MESSAGE][PASSED] - Object 'Object Repository/Journey/Journeytab' is present

2021-01-13 12:42:50 - [MESSAGE][PASSED] - Object 'Object Repository/Journey/Journeytab' is visible

2021-01-13 12:42:50 - [MESSAGE][PASSED] - Object 'Object Repository/Journey/Journeytab' is clickable

2021-01-13 12:42:51 - [MESSAGE][PASSED] - Object: 'Object Repository/Journey/Journeytab' is clicked on

2021-01-13 12:42:51 - [MESSAGE][PASSED] - pages.Journey.clickOnJourneyTab is PASSED

2021-01-13 12:42:51 - [TEST_STEP][PASSED] - journeyName = pages.Journey.addJourney(): pages.Journey.addJourney is PASSED

2021-01-13 12:42:51 - [MESSAGE][PASSED] - Object 'Object Repository/Journey/Add Journey/AddJourneyButton' is present

2021-01-13 12:42:51 - [MESSAGE][PASSED] - Object 'Object Repository/Journey/Add Journey/AddJourneyButton' is visible

2021-01-13 12:42:51 - [MESSAGE][PASSED] - Object 'Object Repository/Journey/Add Journey/AddJourneyButton' is clickable

2021-01-13 12:42:52 - [MESSAGE][PASSED] - Object: 'Object Repository/Journey/Add Journey/AddJourneyButton' is clicked on

2021-01-13 12:42:52 - [MESSAGE][PASSED] - Object 'Object Repository/Journey/Add Journey/journeyName' is present

2021-01-13 12:42:53 - [MESSAGE][PASSED] - Object 'Object Repository/Journey/Add Journey/journeyName' is visible

2021-01-13 12:42:53 - [MESSAGE][PASSED] - Object 'Object Repository/Journey/Add Journey/journeyName' is clickable

2021-01-13 12:42:53 - [MESSAGE][PASSED] - Text of object 'Object Repository/Journey/Add Journey/journeyName' is cleared

2021-01-13 12:42:53 - [MESSAGE][PASSED] - Keys 'journeyName231' sent to object: 'Object Repository/Journey/Add Journey/journeyName'

2021-01-13 12:42:54 - [MESSAGE][PASSED] - Object 'Object Repository/Journey/Add Journey/addJourneyInAddJourneyPopUp' is present

2021-01-13 12:42:54 - [MESSAGE][PASSED] - Object 'Object Repository/Journey/Add Journey/addJourneyInAddJourneyPopUp' is visible

2021-01-13 12:42:54 - [MESSAGE][PASSED] - Object 'Object Repository/Journey/Add Journey/addJourneyInAddJourneyPopUp' is clickable

2021-01-13 12:42:55 - [MESSAGE][PASSED] - Object: 'Object Repository/Journey/Add Journey/addJourneyInAddJourneyPopUp' is clicked on

2021-01-13 12:42:55 - [MESSAGE][PASSED] - pages.Journey.addJourney is PASSED

2021-01-13 12:42:55 - [TEST_STEP][PASSED] - pages.Journey.cloneJourney(journeyName): pages.Journey.cloneJourney is PASSED

2021-01-13 12:42:56 - [MESSAGE][PASSED] - Object 'Object Repository/Journey/journrySearchInput' is present

2021-01-13 12:42:57 - [MESSAGE][PASSED] - Object 'Object Repository/Journey/journrySearchInput' is visible

2021-01-13 12:42:57 - [MESSAGE][PASSED] - Object 'Object Repository/Journey/journrySearchInput' is clickable

2021-01-13 12:42:57 - [MESSAGE][PASSED] - Text of object 'Object Repository/Journey/journrySearchInput' is cleared

2021-01-13 12:42:58 - [MESSAGE][PASSED] - Keys '' sent to object: 'Object Repository/Journey/journrySearchInput'

2021-01-13 12:42:59 - [MESSAGE][PASSED] - Keys 'j' sent to object: 'Object Repository/Journey/journrySearchInput'

2021-01-13 12:42:59 - [MESSAGE][PASSED] - Keys 'o' sent to object: 'Object Repository/Journey/journrySearchInput'

2021-01-13 12:42:59 - [MESSAGE][PASSED] - Keys 'u' sent to object: 'Object Repository/Journey/journrySearchInput'

2021-01-13 12:43:01 - [MESSAGE][PASSED] - Keys 'r' sent to object: 'Object Repository/Journey/journrySearchInput'

2021-01-13 12:43:01 - [MESSAGE][PASSED] - Keys 'n' sent to object: 'Object Repository/Journey/journrySearchInput'

2021-01-13 12:43:01 - [MESSAGE][PASSED] - Keys 'e' sent to object: 'Object Repository/Journey/journrySearchInput'

2021-01-13 12:43:02 - [MESSAGE][PASSED] - Keys 'y' sent to object: 'Object Repository/Journey/journrySearchInput'

2021-01-13 12:43:02 - [MESSAGE][PASSED] - Keys 'N' sent to object: 'Object Repository/Journey/journrySearchInput'

2021-01-13 12:43:04 - [MESSAGE][PASSED] - Keys 'a' sent to object: 'Object Repository/Journey/journrySearchInput'

2021-01-13 12:43:04 - [MESSAGE][PASSED] - Keys 'm' sent to object: 'Object Repository/Journey/journrySearchInput'

2021-01-13 12:43:04 - [MESSAGE][PASSED] - Keys 'e' sent to object: 'Object Repository/Journey/journrySearchInput'

2021-01-13 12:43:05 - [MESSAGE][PASSED] - Keys '2' sent to object: 'Object Repository/Journey/journrySearchInput'

2021-01-13 12:43:06 - [MESSAGE][PASSED] - Keys '3' sent to object: 'Object Repository/Journey/journrySearchInput'

2021-01-13 12:43:07 - [MESSAGE][PASSED] - Keys '1' sent to object: 'Object Repository/Journey/journrySearchInput'

2021-01-13 12:43:07 - [MESSAGE][PASSED] - Object 'Object Repository/Journey/journey cloning/threedots(journeyName)' is present

2021-01-13 12:43:08 - [MESSAGE][PASSED] - Object 'Object Repository/Journey/journey cloning/threedots(journeyName)' is visible

2021-01-13 12:43:08 - [MESSAGE][PASSED] - Object 'Object Repository/Journey/journey cloning/threedots(journeyName)' is present

2021-01-13 12:43:08 - [MESSAGE][PASSED] - Object 'Object Repository/Journey/journey cloning/threedots(journeyName)' is visible

2021-01-13 12:43:08 - [MESSAGE][PASSED] - Object 'Object Repository/Journey/journey cloning/threedots(journeyName)' is clickable

2021-01-13 12:43:09 - [MESSAGE][PASSED] - Object: 'Object Repository/Journey/journey cloning/threedots(journeyName)' is clicked on

2021-01-13 12:43:09 - [MESSAGE][PASSED] - Object 'Object Repository/Journey/journey cloning/cloneButton' is present

2021-01-13 12:43:09 - [MESSAGE][PASSED] - Object 'Object Repository/Journey/journey cloning/cloneButton' is visible

2021-01-13 12:43:10 - [MESSAGE][PASSED] - Object 'Object Repository/Journey/journey cloning/cloneButton' is clickable

2021-01-13 12:43:10 - [MESSAGE][PASSED] - Object: 'Object Repository/Journey/journey cloning/cloneButton' is clicked on

2021-01-13 12:43:10 - [MESSAGE][PASSED] - pages.Journey.cloneJourney is PASSED

2021-01-13 12:43:10 - [TEST_STEP][PASSED] - pages.Journey.verifyJourneyCloned(journeyName): pages.Journey.verifyJourneyCloned is PASSED

2021-01-13 12:43:10 - [MESSAGE][PASSED] - Object 'Object Repository/Journey/journrySearchInput' is present

2021-01-13 12:43:11 - [MESSAGE][PASSED] - Object 'Object Repository/Journey/journrySearchInput' is visible

2021-01-13 12:43:11 - [MESSAGE][PASSED] - Object 'Object Repository/Journey/journrySearchInput' is clickable

2021-01-13 12:43:11 - [MESSAGE][PASSED] - Text of object 'Object Repository/Journey/journrySearchInput' is cleared

2021-01-13 12:43:13 - [MESSAGE][PASSED] - Keys '' sent to object: 'Object Repository/Journey/journrySearchInput'

2021-01-13 12:43:13 - [MESSAGE][PASSED] - Keys 'j' sent to object: 'Object Repository/Journey/journrySearchInput'

2021-01-13 12:43:13 - [MESSAGE][PASSED] - Keys 'o' sent to object: 'Object Repository/Journey/journrySearchInput'

2021-01-13 12:43:15 - [MESSAGE][PASSED] - Keys 'u' sent to object: 'Object Repository/Journey/journrySearchInput'

2021-01-13 12:43:16 - [MESSAGE][PASSED] - Keys 'r' sent to object: 'Object Repository/Journey/journrySearchInput'

2021-01-13 12:43:16 - [MESSAGE][PASSED] - Keys 'n' sent to object: 'Object Repository/Journey/journrySearchInput'

2021-01-13 12:43:17 - [MESSAGE][PASSED] - Keys 'e' sent to object: 'Object Repository/Journey/journrySearchInput'

2021-01-13 12:43:17 - [MESSAGE][PASSED] - Keys 'y' sent to object: 'Object Repository/Journey/journrySearchInput'

2021-01-13 12:43:18 - [MESSAGE][PASSED] - Keys 'N' sent to object: 'Object Repository/Journey/journrySearchInput'

2021-01-13 12:43:19 - [MESSAGE][PASSED] - Keys 'a' sent to object: 'Object Repository/Journey/journrySearchInput'

2021-01-13 12:43:19 - [MESSAGE][PASSED] - Keys 'm' sent to object: 'Object Repository/Journey/journrySearchInput'

2021-01-13 12:43:20 - [MESSAGE][PASSED] - Keys 'e' sent to object: 'Object Repository/Journey/journrySearchInput'

2021-01-13 12:43:20 - [MESSAGE][PASSED] - Keys '2' sent to object: 'Object Repository/Journey/journrySearchInput'

2021-01-13 12:43:21 - [MESSAGE][PASSED] - Keys '3' sent to object: 'Object Repository/Journey/journrySearchInput'

2021-01-13 12:43:21 - [MESSAGE][PASSED] - Keys '1' sent to object: 'Object Repository/Journey/journrySearchInput'

2021-01-13 12:43:22 - [MESSAGE][PASSED] - Keys ' ' sent to object: 'Object Repository/Journey/journrySearchInput'

2021-01-13 12:43:23 - [MESSAGE][PASSED] - Keys '(' sent to object: 'Object Repository/Journey/journrySearchInput'

2021-01-13 12:43:23 - [MESSAGE][PASSED] - Keys 'd' sent to object: 'Object Repository/Journey/journrySearchInput'

2021-01-13 12:43:24 - [MESSAGE][PASSED] - Keys 'u' sent to object: 'Object Repository/Journey/journrySearchInput'

2021-01-13 12:43:24 - [MESSAGE][PASSED] - Keys 'p' sent to object: 'Object Repository/Journey/journrySearchInput'

2021-01-13 12:43:25 - [MESSAGE][PASSED] - Keys 'l' sent to object: 'Object Repository/Journey/journrySearchInput'

2021-01-13 12:43:25 - [MESSAGE][PASSED] - Keys 'i' sent to object: 'Object Repository/Journey/journrySearchInput'

2021-01-13 12:43:26 - [MESSAGE][PASSED] - Keys 'c' sent to object: 'Object Repository/Journey/journrySearchInput'

2021-01-13 12:43:26 - [MESSAGE][PASSED] - Keys 'a' sent to object: 'Object Repository/Journey/journrySearchInput'

2021-01-13 12:43:27 - [MESSAGE][PASSED] - Keys 't' sent to object: 'Object Repository/Journey/journrySearchInput'

2021-01-13 12:43:27 - [MESSAGE][PASSED] - Keys 'e' sent to object: 'Object Repository/Journey/journrySearchInput'

2021-01-13 12:43:28 - [MESSAGE][PASSED] - Keys ')' sent to object: 'Object Repository/Journey/journrySearchInput'

2021-01-13 12:43:28 - [MESSAGE][PASSED] - Object 'Object Repository/Journey/journey cloning/clonedJourney(journeyName)' is present

2021-01-13 12:43:28 - [MESSAGE][PASSED] - Object 'Object Repository/Journey/journey cloning/clonedJourney(journeyName)' is present

2021-01-13 12:43:28 - [MESSAGE][PASSED] - pages.Journey.verifyJourneyCloned is PASSED]]></system-out>
         <system-err><![CDATA[]]></system-err>
      </testcase>
      <testcase name="Test Cases/Admin/Journey/createAccessCodeForJourneyAndVerifyIsTheCodeSuccessfullyCreated" time="53.397" classname="Test Cases/Admin/Journey/createAccessCodeForJourneyAndVerifyIsTheCodeSuccessfullyCreated" status="PASSED">
         <system-out><![CDATA[2021-01-13 12:43:28 - [TEST_CASE][PASSED] - Test Cases/Admin/Journey/createAccessCodeForJourneyAndVerifyIsTheCodeSuccessfullyCreated: Test Cases/Admin/Journey/createAccessCodeForJourneyAndVerifyIsTheCodeSuccessfullyCreated

2021-01-13 12:43:28 - [TEST_STEP][PASSED] - Start listener action : login: null

2021-01-13 12:43:28 - [TEST_STEP][PASSED] - Thread.sleep(3000): null

2021-01-13 12:43:31 - [TEST_STEP][PASSED] - url = getUrl(): Current window's url is: 'https://dev-admin.modist.co/dashboard'

2021-01-13 12:43:31 - [MESSAGE][PASSED] - Current window's url is: 'https://dev-admin.modist.co/dashboard'

2021-01-13 12:43:31 - [TEST_STEP][PASSED] - if (!(url.contains("dashboard"))): null

2021-01-13 12:43:31 - [TEST_STEP][PASSED] - pages.Journey.clickOnJourneyTab(): pages.Journey.clickOnJourneyTab is PASSED

2021-01-13 12:43:32 - [MESSAGE][PASSED] - Object 'Object Repository/Journey/Journeytab' is present

2021-01-13 12:43:32 - [MESSAGE][PASSED] - Object 'Object Repository/Journey/Journeytab' is visible

2021-01-13 12:43:32 - [MESSAGE][PASSED] - Object 'Object Repository/Journey/Journeytab' is clickable

2021-01-13 12:43:33 - [MESSAGE][PASSED] - Object: 'Object Repository/Journey/Journeytab' is clicked on

2021-01-13 12:43:33 - [MESSAGE][PASSED] - pages.Journey.clickOnJourneyTab is PASSED

2021-01-13 12:43:33 - [TEST_STEP][PASSED] - journeyName = pages.Journey.getRandomJourneyName(): pages.Journey.getRandomJourneyName is PASSED

2021-01-13 12:43:33 - [MESSAGE][PASSED] - Object 'Object Repository/Journey/toGetJourneysCount' is present

2021-01-13 12:43:33 - [MESSAGE][PASSED] - Object 'Object Repository/Journey/toGetJourneysCount' is present

2021-01-13 12:43:34 - [MESSAGE][PASSED] - Text of object 'Object Repository/Journey/toPickrandomJourney(index)' is: 'journeyName231 (duplicate)'

2021-01-13 12:43:34 - [MESSAGE][PASSED] - pages.Journey.getRandomJourneyName is PASSED

2021-01-13 12:43:34 - [TEST_STEP][PASSED] - accessCode = pages.Journey.getRandomAccessCode(): pages.Journey.getRandomAccessCode is PASSED

2021-01-13 12:43:34 - [MESSAGE][PASSED] - pages.Journey.getRandomAccessCode is PASSED

2021-01-13 12:43:34 - [TEST_STEP][PASSED] - useLimit = pages.Journey.getRandomCount(): pages.Journey.getRandomCount is PASSED

2021-01-13 12:43:34 - [MESSAGE][PASSED] - pages.Journey.getRandomCount is PASSED

2021-01-13 12:43:34 - [TEST_STEP][PASSED] - accessCode = pages.Journey.createAccessCodeInJourney(journeyName, accessCode, useLimit): pages.Journey.createAccessCodeInJourney is PASSED

2021-01-13 12:43:34 - [MESSAGE][PASSED] - Object 'Object Repository/Journey/journrySearchInput' is present

2021-01-13 12:43:34 - [MESSAGE][PASSED] - Object 'Object Repository/Journey/journrySearchInput' is visible

2021-01-13 12:43:35 - [MESSAGE][PASSED] - Object 'Object Repository/Journey/journrySearchInput' is clickable

2021-01-13 12:43:35 - [MESSAGE][PASSED] - Text of object 'Object Repository/Journey/journrySearchInput' is cleared

2021-01-13 12:43:35 - [MESSAGE][PASSED] - Keys '' sent to object: 'Object Repository/Journey/journrySearchInput'

2021-01-13 12:43:36 - [MESSAGE][PASSED] - Keys 'j' sent to object: 'Object Repository/Journey/journrySearchInput'

2021-01-13 12:43:36 - [MESSAGE][PASSED] - Keys 'o' sent to object: 'Object Repository/Journey/journrySearchInput'

2021-01-13 12:43:37 - [MESSAGE][PASSED] - Keys 'u' sent to object: 'Object Repository/Journey/journrySearchInput'

2021-01-13 12:43:38 - [MESSAGE][PASSED] - Keys 'r' sent to object: 'Object Repository/Journey/journrySearchInput'

2021-01-13 12:43:39 - [MESSAGE][PASSED] - Keys 'n' sent to object: 'Object Repository/Journey/journrySearchInput'

2021-01-13 12:43:39 - [MESSAGE][PASSED] - Keys 'e' sent to object: 'Object Repository/Journey/journrySearchInput'

2021-01-13 12:43:40 - [MESSAGE][PASSED] - Keys 'y' sent to object: 'Object Repository/Journey/journrySearchInput'

2021-01-13 12:43:40 - [MESSAGE][PASSED] - Keys 'N' sent to object: 'Object Repository/Journey/journrySearchInput'

2021-01-13 12:43:41 - [MESSAGE][PASSED] - Keys 'a' sent to object: 'Object Repository/Journey/journrySearchInput'

2021-01-13 12:43:42 - [MESSAGE][PASSED] - Keys 'm' sent to object: 'Object Repository/Journey/journrySearchInput'

2021-01-13 12:43:42 - [MESSAGE][PASSED] - Keys 'e' sent to object: 'Object Repository/Journey/journrySearchInput'

2021-01-13 12:43:43 - [MESSAGE][PASSED] - Keys '2' sent to object: 'Object Repository/Journey/journrySearchInput'

2021-01-13 12:43:44 - [MESSAGE][PASSED] - Keys '3' sent to object: 'Object Repository/Journey/journrySearchInput'

2021-01-13 12:43:44 - [MESSAGE][PASSED] - Keys '1' sent to object: 'Object Repository/Journey/journrySearchInput'

2021-01-13 12:43:45 - [MESSAGE][PASSED] - Keys ' ' sent to object: 'Object Repository/Journey/journrySearchInput'

2021-01-13 12:43:46 - [MESSAGE][PASSED] - Keys '(' sent to object: 'Object Repository/Journey/journrySearchInput'

2021-01-13 12:43:46 - [MESSAGE][PASSED] - Keys 'd' sent to object: 'Object Repository/Journey/journrySearchInput'

2021-01-13 12:43:47 - [MESSAGE][PASSED] - Keys 'u' sent to object: 'Object Repository/Journey/journrySearchInput'

2021-01-13 12:43:47 - [MESSAGE][PASSED] - Keys 'p' sent to object: 'Object Repository/Journey/journrySearchInput'

2021-01-13 12:43:47 - [MESSAGE][PASSED] - Keys 'l' sent to object: 'Object Repository/Journey/journrySearchInput'

2021-01-13 12:43:48 - [MESSAGE][PASSED] - Keys 'i' sent to object: 'Object Repository/Journey/journrySearchInput'

2021-01-13 12:43:48 - [MESSAGE][PASSED] - Keys 'c' sent to object: 'Object Repository/Journey/journrySearchInput'

2021-01-13 12:43:49 - [MESSAGE][PASSED] - Keys 'a' sent to object: 'Object Repository/Journey/journrySearchInput'

2021-01-13 12:43:49 - [MESSAGE][PASSED] - Keys 't' sent to object: 'Object Repository/Journey/journrySearchInput'

2021-01-13 12:43:50 - [MESSAGE][PASSED] - Keys 'e' sent to object: 'Object Repository/Journey/journrySearchInput'

2021-01-13 12:43:50 - [MESSAGE][PASSED] - Keys ')' sent to object: 'Object Repository/Journey/journrySearchInput'

2021-01-13 12:43:51 - [MESSAGE][PASSED] - Object 'Object Repository/Journey/clickVerifyingJourney(journeyName)' is present

2021-01-13 12:43:51 - [MESSAGE][PASSED] - Object 'Object Repository/Journey/clickVerifyingJourney(journeyName)' is visible

2021-01-13 12:43:51 - [MESSAGE][PASSED] - Object 'Object Repository/Journey/clickVerifyingJourney(journeyName)' is clickable

2021-01-13 12:43:52 - [MESSAGE][PASSED] - Object: 'Object Repository/Journey/clickVerifyingJourney(journeyName)' is clicked on

2021-01-13 12:43:53 - [MESSAGE][PASSED] - Scroll to object 'Object Repository/Journey/Current Access Codes/currentAccessCodeField' successfully

2021-01-13 12:43:53 - [MESSAGE][PASSED] - Object 'Object Repository/Journey/Current Access Codes/currentAccessCodeField' is present

2021-01-13 12:43:53 - [MESSAGE][PASSED] - Object 'Object Repository/Journey/Current Access Codes/plusButton' is present

2021-01-13 12:43:54 - [MESSAGE][PASSED] - Object 'Object Repository/Journey/Current Access Codes/plusButton' is visible

2021-01-13 12:43:54 - [MESSAGE][PASSED] - Object 'Object Repository/Journey/Current Access Codes/plusButton' is clickable

2021-01-13 12:43:54 - [MESSAGE][PASSED] - Object: 'Object Repository/Journey/Current Access Codes/plusButton' is clicked on

2021-01-13 12:43:55 - [MESSAGE][PASSED] - Object 'Object Repository/Journey/Current Access Codes/accessCode' is present

2021-01-13 12:43:55 - [MESSAGE][PASSED] - Object 'Object Repository/Journey/Current Access Codes/accessCode' is visible

2021-01-13 12:43:55 - [MESSAGE][PASSED] - Object 'Object Repository/Journey/Current Access Codes/accessCode' is clickable

2021-01-13 12:43:55 - [MESSAGE][PASSED] - Text of object 'Object Repository/Journey/Current Access Codes/accessCode' is cleared

2021-01-13 12:43:56 - [MESSAGE][PASSED] - Keys 'access3' sent to object: 'Object Repository/Journey/Current Access Codes/accessCode'

2021-01-13 12:43:56 - [MESSAGE][PASSED] - Object 'Object Repository/Journey/Current Access Codes/codeUsageCount' is present

2021-01-13 12:43:57 - [MESSAGE][PASSED] - Object 'Object Repository/Journey/Current Access Codes/codeUsageCount' is visible

2021-01-13 12:43:57 - [MESSAGE][PASSED] - Object 'Object Repository/Journey/Current Access Codes/codeUsageCount' is clickable

2021-01-13 12:43:57 - [MESSAGE][PASSED] - Text of object 'Object Repository/Journey/Current Access Codes/codeUsageCount' is cleared

2021-01-13 12:43:57 - [MESSAGE][PASSED] - Keys '1' sent to object: 'Object Repository/Journey/Current Access Codes/codeUsageCount'

2021-01-13 12:43:58 - [MESSAGE][PASSED] - Object 'Object Repository/Journey/Current Access Codes/getCodeButton' is present

2021-01-13 12:43:58 - [MESSAGE][PASSED] - Object 'Object Repository/Journey/Current Access Codes/getCodeButton' is visible

2021-01-13 12:43:58 - [MESSAGE][PASSED] - Object 'Object Repository/Journey/Current Access Codes/getCodeButton' is clickable

2021-01-13 12:43:59 - [MESSAGE][PASSED] - Object: 'Object Repository/Journey/Current Access Codes/getCodeButton' is clicked on

2021-01-13 12:43:59 - [MESSAGE][PASSED] - Object 'Object Repository/CommonButtons/Close' is present

2021-01-13 12:43:59 - [MESSAGE][PASSED] - Object 'Object Repository/CommonButtons/Close' is visible

2021-01-13 12:44:00 - [MESSAGE][PASSED] - Object 'Object Repository/CommonButtons/Close' is clickable

2021-01-13 12:44:00 - [MESSAGE][PASSED] - Object: 'Object Repository/CommonButtons/Close' is clicked on

2021-01-13 12:44:00 - [MESSAGE][PASSED] - pages.Journey.createAccessCodeInJourney is PASSED

2021-01-13 12:44:00 - [TEST_STEP][PASSED] - pages.Journey.verifyTheCreatedAccessCode(journeyName, accessCode): pages.Journey.verifyTheCreatedAccessCode is PASSED

2021-01-13 12:44:01 - [MESSAGE][PASSED] - Object 'Object Repository/Journey/journrySearchInput' is present

2021-01-13 12:44:01 - [MESSAGE][PASSED] - Object 'Object Repository/Journey/journrySearchInput' is visible

2021-01-13 12:44:01 - [MESSAGE][PASSED] - Object 'Object Repository/Journey/journrySearchInput' is clickable

2021-01-13 12:44:02 - [MESSAGE][PASSED] - Text of object 'Object Repository/Journey/journrySearchInput' is cleared

2021-01-13 12:44:02 - [MESSAGE][PASSED] - Keys '' sent to object: 'Object Repository/Journey/journrySearchInput'

2021-01-13 12:44:02 - [MESSAGE][PASSED] - Keys 'j' sent to object: 'Object Repository/Journey/journrySearchInput'

2021-01-13 12:44:03 - [MESSAGE][PASSED] - Keys 'o' sent to object: 'Object Repository/Journey/journrySearchInput'

2021-01-13 12:44:04 - [MESSAGE][PASSED] - Keys 'u' sent to object: 'Object Repository/Journey/journrySearchInput'

2021-01-13 12:44:05 - [MESSAGE][PASSED] - Keys 'r' sent to object: 'Object Repository/Journey/journrySearchInput'

2021-01-13 12:44:05 - [MESSAGE][PASSED] - Keys 'n' sent to object: 'Object Repository/Journey/journrySearchInput'

2021-01-13 12:44:06 - [MESSAGE][PASSED] - Keys 'e' sent to object: 'Object Repository/Journey/journrySearchInput'

2021-01-13 12:44:06 - [MESSAGE][PASSED] - Keys 'y' sent to object: 'Object Repository/Journey/journrySearchInput'

2021-01-13 12:44:07 - [MESSAGE][PASSED] - Keys 'N' sent to object: 'Object Repository/Journey/journrySearchInput'

2021-01-13 12:44:08 - [MESSAGE][PASSED] - Keys 'a' sent to object: 'Object Repository/Journey/journrySearchInput'

2021-01-13 12:44:09 - [MESSAGE][PASSED] - Keys 'm' sent to object: 'Object Repository/Journey/journrySearchInput'

2021-01-13 12:44:09 - [MESSAGE][PASSED] - Keys 'e' sent to object: 'Object Repository/Journey/journrySearchInput'

2021-01-13 12:44:10 - [MESSAGE][PASSED] - Keys '2' sent to object: 'Object Repository/Journey/journrySearchInput'

2021-01-13 12:44:10 - [MESSAGE][PASSED] - Keys '3' sent to object: 'Object Repository/Journey/journrySearchInput'

2021-01-13 12:44:11 - [MESSAGE][PASSED] - Keys '1' sent to object: 'Object Repository/Journey/journrySearchInput'

2021-01-13 12:44:11 - [MESSAGE][PASSED] - Keys ' ' sent to object: 'Object Repository/Journey/journrySearchInput'

2021-01-13 12:44:12 - [MESSAGE][PASSED] - Keys '(' sent to object: 'Object Repository/Journey/journrySearchInput'

2021-01-13 12:44:13 - [MESSAGE][PASSED] - Keys 'd' sent to object: 'Object Repository/Journey/journrySearchInput'

2021-01-13 12:44:13 - [MESSAGE][PASSED] - Keys 'u' sent to object: 'Object Repository/Journey/journrySearchInput'

2021-01-13 12:44:14 - [MESSAGE][PASSED] - Keys 'p' sent to object: 'Object Repository/Journey/journrySearchInput'

2021-01-13 12:44:14 - [MESSAGE][PASSED] - Keys 'l' sent to object: 'Object Repository/Journey/journrySearchInput'

2021-01-13 12:44:15 - [MESSAGE][PASSED] - Keys 'i' sent to object: 'Object Repository/Journey/journrySearchInput'

2021-01-13 12:44:15 - [MESSAGE][PASSED] - Keys 'c' sent to object: 'Object Repository/Journey/journrySearchInput'

2021-01-13 12:44:16 - [MESSAGE][PASSED] - Keys 'a' sent to object: 'Object Repository/Journey/journrySearchInput'

2021-01-13 12:44:16 - [MESSAGE][PASSED] - Keys 't' sent to object: 'Object Repository/Journey/journrySearchInput'

2021-01-13 12:44:17 - [MESSAGE][PASSED] - Keys 'e' sent to object: 'Object Repository/Journey/journrySearchInput'

2021-01-13 12:44:17 - [MESSAGE][PASSED] - Keys ')' sent to object: 'Object Repository/Journey/journrySearchInput'

2021-01-13 12:44:18 - [MESSAGE][PASSED] - Object 'Object Repository/Journey/clickVerifyingJourney(journeyName)' is present

2021-01-13 12:44:18 - [MESSAGE][PASSED] - Object 'Object Repository/Journey/clickVerifyingJourney(journeyName)' is visible

2021-01-13 12:44:18 - [MESSAGE][PASSED] - Object 'Object Repository/Journey/clickVerifyingJourney(journeyName)' is clickable

2021-01-13 12:44:19 - [MESSAGE][PASSED] - Object: 'Object Repository/Journey/clickVerifyingJourney(journeyName)' is clicked on

2021-01-13 12:44:20 - [MESSAGE][PASSED] - Scroll to object 'Object Repository/Journey/Current Access Codes/currentAccessCodeField' successfully

2021-01-13 12:44:20 - [MESSAGE][PASSED] - Object 'Object Repository/Journey/Current Access Codes/currentAccessCodeField' is present

2021-01-13 12:44:20 - [MESSAGE][PASSED] - Object 'Object Repository/Journey/Current Access Codes/verify(code)' is present

2021-01-13 12:44:21 - [MESSAGE][PASSED] - Object 'Object Repository/CommonButtons/Close' is present

2021-01-13 12:44:21 - [MESSAGE][PASSED] - Object 'Object Repository/CommonButtons/Close' is visible

2021-01-13 12:44:21 - [MESSAGE][PASSED] - Object 'Object Repository/CommonButtons/Close' is clickable

2021-01-13 12:44:22 - [MESSAGE][PASSED] - Object: 'Object Repository/CommonButtons/Close' is clicked on

2021-01-13 12:44:22 - [MESSAGE][PASSED] - pages.Journey.verifyTheCreatedAccessCode is PASSED]]></system-out>
         <system-err><![CDATA[]]></system-err>
      </testcase>
      <testcase name="Test Cases/Admin/Journey/createMultipleAccessCodesWithSameName" time="62.841" classname="Test Cases/Admin/Journey/createMultipleAccessCodesWithSameName" status="PASSED">
         <system-out><![CDATA[2021-01-13 12:44:22 - [TEST_CASE][PASSED] - Test Cases/Admin/Journey/createMultipleAccessCodesWithSameName: Test Cases/Admin/Journey/createMultipleAccessCodesWithSameName

2021-01-13 12:44:22 - [TEST_STEP][PASSED] - Start listener action : login: null

2021-01-13 12:44:22 - [TEST_STEP][PASSED] - Thread.sleep(3000): null

2021-01-13 12:44:25 - [TEST_STEP][PASSED] - url = getUrl(): Current window's url is: 'https://dev-admin.modist.co/dashboard'

2021-01-13 12:44:25 - [MESSAGE][PASSED] - Current window's url is: 'https://dev-admin.modist.co/dashboard'

2021-01-13 12:44:25 - [TEST_STEP][PASSED] - if (!(url.contains("dashboard"))): null

2021-01-13 12:44:25 - [TEST_STEP][PASSED] - pages.Journey.clickOnJourneyTab(): pages.Journey.clickOnJourneyTab is PASSED

2021-01-13 12:44:25 - [MESSAGE][PASSED] - Object 'Object Repository/Journey/Journeytab' is present

2021-01-13 12:44:25 - [MESSAGE][PASSED] - Object 'Object Repository/Journey/Journeytab' is visible

2021-01-13 12:44:26 - [MESSAGE][PASSED] - Object 'Object Repository/Journey/Journeytab' is clickable

2021-01-13 12:44:26 - [MESSAGE][PASSED] - Object: 'Object Repository/Journey/Journeytab' is clicked on

2021-01-13 12:44:26 - [MESSAGE][PASSED] - pages.Journey.clickOnJourneyTab is PASSED

2021-01-13 12:44:26 - [TEST_STEP][PASSED] - journeyName = pages.Journey.getRandomJourneyName(): pages.Journey.getRandomJourneyName is PASSED

2021-01-13 12:44:26 - [MESSAGE][PASSED] - Object 'Object Repository/Journey/toGetJourneysCount' is present

2021-01-13 12:44:27 - [MESSAGE][PASSED] - Object 'Object Repository/Journey/toGetJourneysCount' is present

2021-01-13 12:44:27 - [MESSAGE][PASSED] - Text of object 'Object Repository/Journey/toPickrandomJourney(index)' is: 'JO7'

2021-01-13 12:44:27 - [MESSAGE][PASSED] - pages.Journey.getRandomJourneyName is PASSED

2021-01-13 12:44:27 - [TEST_STEP][PASSED] - accessCode = pages.Journey.getRandomAccessCode(): pages.Journey.getRandomAccessCode is PASSED

2021-01-13 12:44:27 - [MESSAGE][PASSED] - pages.Journey.getRandomAccessCode is PASSED

2021-01-13 12:44:27 - [TEST_STEP][PASSED] - useLimit = pages.Journey.getRandomCount(): pages.Journey.getRandomCount is PASSED

2021-01-13 12:44:27 - [MESSAGE][PASSED] - pages.Journey.getRandomCount is PASSED

2021-01-13 12:44:27 - [TEST_STEP][PASSED] - accessCode = pages.Journey.createAccessCodeInJourney(journeyName, accessCode, useLimit): pages.Journey.createAccessCodeInJourney is PASSED

2021-01-13 12:44:27 - [MESSAGE][PASSED] - Object 'Object Repository/Journey/journrySearchInput' is present

2021-01-13 12:44:28 - [MESSAGE][PASSED] - Object 'Object Repository/Journey/journrySearchInput' is visible

2021-01-13 12:44:28 - [MESSAGE][PASSED] - Object 'Object Repository/Journey/journrySearchInput' is clickable

2021-01-13 12:44:28 - [MESSAGE][PASSED] - Text of object 'Object Repository/Journey/journrySearchInput' is cleared

2021-01-13 12:44:28 - [MESSAGE][PASSED] - Keys '' sent to object: 'Object Repository/Journey/journrySearchInput'

2021-01-13 12:44:29 - [MESSAGE][PASSED] - Keys 'J' sent to object: 'Object Repository/Journey/journrySearchInput'

2021-01-13 12:44:30 - [MESSAGE][PASSED] - Keys 'O' sent to object: 'Object Repository/Journey/journrySearchInput'

2021-01-13 12:44:31 - [MESSAGE][PASSED] - Keys '7' sent to object: 'Object Repository/Journey/journrySearchInput'

2021-01-13 12:44:32 - [MESSAGE][PASSED] - Object 'Object Repository/Journey/clickVerifyingJourney(journeyName)' is present

2021-01-13 12:44:32 - [MESSAGE][PASSED] - Object 'Object Repository/Journey/clickVerifyingJourney(journeyName)' is visible

2021-01-13 12:44:33 - [MESSAGE][PASSED] - Object 'Object Repository/Journey/clickVerifyingJourney(journeyName)' is clickable

2021-01-13 12:44:33 - [MESSAGE][PASSED] - Object: 'Object Repository/Journey/clickVerifyingJourney(journeyName)' is clicked on

2021-01-13 12:44:34 - [MESSAGE][PASSED] - Scroll to object 'Object Repository/Journey/Current Access Codes/currentAccessCodeField' successfully

2021-01-13 12:44:34 - [MESSAGE][PASSED] - Object 'Object Repository/Journey/Current Access Codes/currentAccessCodeField' is present

2021-01-13 12:44:35 - [MESSAGE][PASSED] - Object 'Object Repository/Journey/Current Access Codes/plusButton' is present

2021-01-13 12:44:35 - [MESSAGE][PASSED] - Object 'Object Repository/Journey/Current Access Codes/plusButton' is visible

2021-01-13 12:44:36 - [MESSAGE][PASSED] - Object 'Object Repository/Journey/Current Access Codes/plusButton' is clickable

2021-01-13 12:44:36 - [MESSAGE][PASSED] - Object: 'Object Repository/Journey/Current Access Codes/plusButton' is clicked on

2021-01-13 12:44:36 - [MESSAGE][PASSED] - Object 'Object Repository/Journey/Current Access Codes/accessCode' is present

2021-01-13 12:44:37 - [MESSAGE][PASSED] - Object 'Object Repository/Journey/Current Access Codes/accessCode' is visible

2021-01-13 12:44:37 - [MESSAGE][PASSED] - Object 'Object Repository/Journey/Current Access Codes/accessCode' is clickable

2021-01-13 12:44:37 - [MESSAGE][PASSED] - Text of object 'Object Repository/Journey/Current Access Codes/accessCode' is cleared

2021-01-13 12:44:37 - [MESSAGE][PASSED] - Keys 'access7' sent to object: 'Object Repository/Journey/Current Access Codes/accessCode'

2021-01-13 12:44:38 - [MESSAGE][PASSED] - Object 'Object Repository/Journey/Current Access Codes/codeUsageCount' is present

2021-01-13 12:44:38 - [MESSAGE][PASSED] - Object 'Object Repository/Journey/Current Access Codes/codeUsageCount' is visible

2021-01-13 12:44:38 - [MESSAGE][PASSED] - Object 'Object Repository/Journey/Current Access Codes/codeUsageCount' is clickable

2021-01-13 12:44:39 - [MESSAGE][PASSED] - Text of object 'Object Repository/Journey/Current Access Codes/codeUsageCount' is cleared

2021-01-13 12:44:39 - [MESSAGE][PASSED] - Keys '1' sent to object: 'Object Repository/Journey/Current Access Codes/codeUsageCount'

2021-01-13 12:44:39 - [MESSAGE][PASSED] - Object 'Object Repository/Journey/Current Access Codes/getCodeButton' is present

2021-01-13 12:44:39 - [MESSAGE][PASSED] - Object 'Object Repository/Journey/Current Access Codes/getCodeButton' is visible

2021-01-13 12:44:40 - [MESSAGE][PASSED] - Object 'Object Repository/Journey/Current Access Codes/getCodeButton' is clickable

2021-01-13 12:44:40 - [MESSAGE][PASSED] - Object: 'Object Repository/Journey/Current Access Codes/getCodeButton' is clicked on

2021-01-13 12:44:41 - [MESSAGE][PASSED] - Object 'Object Repository/CommonButtons/Close' is present

2021-01-13 12:44:41 - [MESSAGE][PASSED] - Object 'Object Repository/CommonButtons/Close' is visible

2021-01-13 12:44:41 - [MESSAGE][PASSED] - Object 'Object Repository/CommonButtons/Close' is clickable

2021-01-13 12:44:42 - [MESSAGE][PASSED] - Object: 'Object Repository/CommonButtons/Close' is clicked on

2021-01-13 12:44:42 - [MESSAGE][PASSED] - pages.Journey.createAccessCodeInJourney is PASSED

2021-01-13 12:44:42 - [TEST_STEP][PASSED] - pages.Journey.verifyTheCreatedAccessCode(journeyName, accessCode): pages.Journey.verifyTheCreatedAccessCode is PASSED

2021-01-13 12:44:43 - [MESSAGE][PASSED] - Object 'Object Repository/Journey/journrySearchInput' is present

2021-01-13 12:44:43 - [MESSAGE][PASSED] - Object 'Object Repository/Journey/journrySearchInput' is visible

2021-01-13 12:44:43 - [MESSAGE][PASSED] - Object 'Object Repository/Journey/journrySearchInput' is clickable

2021-01-13 12:44:43 - [MESSAGE][PASSED] - Text of object 'Object Repository/Journey/journrySearchInput' is cleared

2021-01-13 12:44:44 - [MESSAGE][PASSED] - Keys '' sent to object: 'Object Repository/Journey/journrySearchInput'

2021-01-13 12:44:44 - [MESSAGE][PASSED] - Keys 'J' sent to object: 'Object Repository/Journey/journrySearchInput'

2021-01-13 12:44:44 - [MESSAGE][PASSED] - Keys 'O' sent to object: 'Object Repository/Journey/journrySearchInput'

2021-01-13 12:44:46 - [MESSAGE][PASSED] - Keys '7' sent to object: 'Object Repository/Journey/journrySearchInput'

2021-01-13 12:44:47 - [MESSAGE][PASSED] - Object 'Object Repository/Journey/clickVerifyingJourney(journeyName)' is present

2021-01-13 12:44:47 - [MESSAGE][PASSED] - Object 'Object Repository/Journey/clickVerifyingJourney(journeyName)' is visible

2021-01-13 12:44:47 - [MESSAGE][PASSED] - Object 'Object Repository/Journey/clickVerifyingJourney(journeyName)' is clickable

2021-01-13 12:44:48 - [MESSAGE][PASSED] - Object: 'Object Repository/Journey/clickVerifyingJourney(journeyName)' is clicked on

2021-01-13 12:44:48 - [MESSAGE][PASSED] - Scroll to object 'Object Repository/Journey/Current Access Codes/currentAccessCodeField' successfully

2021-01-13 12:44:48 - [MESSAGE][PASSED] - Object 'Object Repository/Journey/Current Access Codes/currentAccessCodeField' is present

2021-01-13 12:44:49 - [MESSAGE][PASSED] - Object 'Object Repository/Journey/Current Access Codes/verify(code)' is present

2021-01-13 12:44:50 - [MESSAGE][PASSED] - Object 'Object Repository/CommonButtons/Close' is present

2021-01-13 12:44:50 - [MESSAGE][PASSED] - Object 'Object Repository/CommonButtons/Close' is visible

2021-01-13 12:44:50 - [MESSAGE][PASSED] - Object 'Object Repository/CommonButtons/Close' is clickable

2021-01-13 12:44:51 - [MESSAGE][PASSED] - Object: 'Object Repository/CommonButtons/Close' is clicked on

2021-01-13 12:44:51 - [MESSAGE][PASSED] - pages.Journey.verifyTheCreatedAccessCode is PASSED

2021-01-13 12:44:51 - [TEST_STEP][PASSED] - journeyName1 = pages.Journey.getRandomJourneyName(): pages.Journey.getRandomJourneyName is PASSED

2021-01-13 12:44:52 - [MESSAGE][PASSED] - Object 'Object Repository/Journey/toGetJourneysCount' is present

2021-01-13 12:44:52 - [MESSAGE][PASSED] - Object 'Object Repository/Journey/toGetJourneysCount' is present

2021-01-13 12:44:52 - [MESSAGE][PASSED] - Text of object 'Object Repository/Journey/toPickrandomJourney(index)' is: 'journey 1'

2021-01-13 12:44:52 - [MESSAGE][PASSED] - pages.Journey.getRandomJourneyName is PASSED

2021-01-13 12:44:52 - [TEST_STEP][PASSED] - println(journeyName1): null

2021-01-13 12:44:52 - [TEST_STEP][PASSED] - accessCode = pages.Journey.createAccessCodeInJourney(journeyName1, accessCode, useLimit): pages.Journey.createAccessCodeInJourney is PASSED

2021-01-13 12:44:53 - [MESSAGE][PASSED] - Object 'Object Repository/Journey/journrySearchInput' is present

2021-01-13 12:44:53 - [MESSAGE][PASSED] - Object 'Object Repository/Journey/journrySearchInput' is visible

2021-01-13 12:44:53 - [MESSAGE][PASSED] - Object 'Object Repository/Journey/journrySearchInput' is clickable

2021-01-13 12:44:53 - [MESSAGE][PASSED] - Text of object 'Object Repository/Journey/journrySearchInput' is cleared

2021-01-13 12:44:54 - [MESSAGE][PASSED] - Keys '' sent to object: 'Object Repository/Journey/journrySearchInput'

2021-01-13 12:44:54 - [MESSAGE][PASSED] - Keys 'j' sent to object: 'Object Repository/Journey/journrySearchInput'

2021-01-13 12:44:55 - [MESSAGE][PASSED] - Keys 'o' sent to object: 'Object Repository/Journey/journrySearchInput'

2021-01-13 12:44:56 - [MESSAGE][PASSED] - Keys 'u' sent to object: 'Object Repository/Journey/journrySearchInput'

2021-01-13 12:44:57 - [MESSAGE][PASSED] - Keys 'r' sent to object: 'Object Repository/Journey/journrySearchInput'

2021-01-13 12:44:58 - [MESSAGE][PASSED] - Keys 'n' sent to object: 'Object Repository/Journey/journrySearchInput'

2021-01-13 12:44:58 - [MESSAGE][PASSED] - Keys 'e' sent to object: 'Object Repository/Journey/journrySearchInput'

2021-01-13 12:44:59 - [MESSAGE][PASSED] - Keys 'y' sent to object: 'Object Repository/Journey/journrySearchInput'

2021-01-13 12:44:59 - [MESSAGE][PASSED] - Keys ' ' sent to object: 'Object Repository/Journey/journrySearchInput'

2021-01-13 12:45:00 - [MESSAGE][PASSED] - Keys '1' sent to object: 'Object Repository/Journey/journrySearchInput'

2021-01-13 12:45:01 - [MESSAGE][PASSED] - Object 'Object Repository/Journey/clickVerifyingJourney(journeyName)' is present

2021-01-13 12:45:01 - [MESSAGE][PASSED] - Object 'Object Repository/Journey/clickVerifyingJourney(journeyName)' is visible

2021-01-13 12:45:02 - [MESSAGE][PASSED] - Object 'Object Repository/Journey/clickVerifyingJourney(journeyName)' is clickable

2021-01-13 12:45:02 - [MESSAGE][PASSED] - Object: 'Object Repository/Journey/clickVerifyingJourney(journeyName)' is clicked on

2021-01-13 12:45:04 - [MESSAGE][PASSED] - Scroll to object 'Object Repository/Journey/Current Access Codes/currentAccessCodeField' successfully

2021-01-13 12:45:04 - [MESSAGE][PASSED] - Object 'Object Repository/Journey/Current Access Codes/currentAccessCodeField' is present

2021-01-13 12:45:05 - [MESSAGE][PASSED] - Object 'Object Repository/Journey/Current Access Codes/plusButton' is present

2021-01-13 12:45:05 - [MESSAGE][PASSED] - Object 'Object Repository/Journey/Current Access Codes/plusButton' is visible

2021-01-13 12:45:05 - [MESSAGE][PASSED] - Object 'Object Repository/Journey/Current Access Codes/plusButton' is clickable

2021-01-13 12:45:06 - [MESSAGE][PASSED] - Object: 'Object Repository/Journey/Current Access Codes/plusButton' is clicked on

2021-01-13 12:45:06 - [MESSAGE][PASSED] - Object 'Object Repository/Journey/Current Access Codes/accessCode' is present

2021-01-13 12:45:06 - [MESSAGE][PASSED] - Object 'Object Repository/Journey/Current Access Codes/accessCode' is visible

2021-01-13 12:45:06 - [MESSAGE][PASSED] - Object 'Object Repository/Journey/Current Access Codes/accessCode' is clickable

2021-01-13 12:45:07 - [MESSAGE][PASSED] - Text of object 'Object Repository/Journey/Current Access Codes/accessCode' is cleared

2021-01-13 12:45:07 - [MESSAGE][PASSED] - Keys 'access7' sent to object: 'Object Repository/Journey/Current Access Codes/accessCode'

2021-01-13 12:45:07 - [MESSAGE][PASSED] - Object 'Object Repository/Journey/Current Access Codes/codeUsageCount' is present

2021-01-13 12:45:08 - [MESSAGE][PASSED] - Object 'Object Repository/Journey/Current Access Codes/codeUsageCount' is visible

2021-01-13 12:45:08 - [MESSAGE][PASSED] - Object 'Object Repository/Journey/Current Access Codes/codeUsageCount' is clickable

2021-01-13 12:45:08 - [MESSAGE][PASSED] - Text of object 'Object Repository/Journey/Current Access Codes/codeUsageCount' is cleared

2021-01-13 12:45:08 - [MESSAGE][PASSED] - Keys '1' sent to object: 'Object Repository/Journey/Current Access Codes/codeUsageCount'

2021-01-13 12:45:09 - [MESSAGE][PASSED] - Object 'Object Repository/Journey/Current Access Codes/getCodeButton' is present

2021-01-13 12:45:09 - [MESSAGE][PASSED] - Object 'Object Repository/Journey/Current Access Codes/getCodeButton' is visible

2021-01-13 12:45:09 - [MESSAGE][PASSED] - Object 'Object Repository/Journey/Current Access Codes/getCodeButton' is clickable

2021-01-13 12:45:10 - [MESSAGE][PASSED] - Object: 'Object Repository/Journey/Current Access Codes/getCodeButton' is clicked on

2021-01-13 12:45:11 - [MESSAGE][PASSED] - Object 'Object Repository/CommonButtons/Close' is present

2021-01-13 12:45:11 - [MESSAGE][PASSED] - Object 'Object Repository/CommonButtons/Close' is visible

2021-01-13 12:45:11 - [MESSAGE][PASSED] - Object 'Object Repository/CommonButtons/Close' is clickable

2021-01-13 12:45:12 - [MESSAGE][PASSED] - Object: 'Object Repository/CommonButtons/Close' is clicked on

2021-01-13 12:45:12 - [MESSAGE][PASSED] - pages.Journey.createAccessCodeInJourney is PASSED

2021-01-13 12:45:12 - [TEST_STEP][PASSED] - pages.Journey.verifyTheCreatedAccessCode(journeyName1, accessCode): pages.Journey.verifyTheCreatedAccessCode is PASSED

2021-01-13 12:45:12 - [MESSAGE][PASSED] - Object 'Object Repository/Journey/journrySearchInput' is present

2021-01-13 12:45:13 - [MESSAGE][PASSED] - Object 'Object Repository/Journey/journrySearchInput' is visible

2021-01-13 12:45:13 - [MESSAGE][PASSED] - Object 'Object Repository/Journey/journrySearchInput' is clickable

2021-01-13 12:45:13 - [MESSAGE][PASSED] - Text of object 'Object Repository/Journey/journrySearchInput' is cleared

2021-01-13 12:45:13 - [MESSAGE][PASSED] - Keys '' sent to object: 'Object Repository/Journey/journrySearchInput'

2021-01-13 12:45:14 - [MESSAGE][PASSED] - Keys 'j' sent to object: 'Object Repository/Journey/journrySearchInput'

2021-01-13 12:45:15 - [MESSAGE][PASSED] - Keys 'o' sent to object: 'Object Repository/Journey/journrySearchInput'

2021-01-13 12:45:16 - [MESSAGE][PASSED] - Keys 'u' sent to object: 'Object Repository/Journey/journrySearchInput'

2021-01-13 12:45:16 - [MESSAGE][PASSED] - Keys 'r' sent to object: 'Object Repository/Journey/journrySearchInput'

2021-01-13 12:45:17 - [MESSAGE][PASSED] - Keys 'n' sent to object: 'Object Repository/Journey/journrySearchInput'

2021-01-13 12:45:17 - [MESSAGE][PASSED] - Keys 'e' sent to object: 'Object Repository/Journey/journrySearchInput'

2021-01-13 12:45:18 - [MESSAGE][PASSED] - Keys 'y' sent to object: 'Object Repository/Journey/journrySearchInput'

2021-01-13 12:45:18 - [MESSAGE][PASSED] - Keys ' ' sent to object: 'Object Repository/Journey/journrySearchInput'

2021-01-13 12:45:19 - [MESSAGE][PASSED] - Keys '1' sent to object: 'Object Repository/Journey/journrySearchInput'

2021-01-13 12:45:20 - [MESSAGE][PASSED] - Object 'Object Repository/Journey/clickVerifyingJourney(journeyName)' is present

2021-01-13 12:45:21 - [MESSAGE][PASSED] - Object 'Object Repository/Journey/clickVerifyingJourney(journeyName)' is visible

2021-01-13 12:45:21 - [MESSAGE][PASSED] - Object 'Object Repository/Journey/clickVerifyingJourney(journeyName)' is clickable

2021-01-13 12:45:21 - [MESSAGE][PASSED] - Object: 'Object Repository/Journey/clickVerifyingJourney(journeyName)' is clicked on

2021-01-13 12:45:22 - [MESSAGE][PASSED] - Scroll to object 'Object Repository/Journey/Current Access Codes/currentAccessCodeField' successfully

2021-01-13 12:45:23 - [MESSAGE][PASSED] - Object 'Object Repository/Journey/Current Access Codes/currentAccessCodeField' is present

2021-01-13 12:45:23 - [MESSAGE][PASSED] - Object 'Object Repository/Journey/Current Access Codes/verify(code)' is present

2021-01-13 12:45:24 - [MESSAGE][PASSED] - Object 'Object Repository/CommonButtons/Close' is present

2021-01-13 12:45:24 - [MESSAGE][PASSED] - Object 'Object Repository/CommonButtons/Close' is visible

2021-01-13 12:45:24 - [MESSAGE][PASSED] - Object 'Object Repository/CommonButtons/Close' is clickable

2021-01-13 12:45:25 - [MESSAGE][PASSED] - Object: 'Object Repository/CommonButtons/Close' is clicked on

2021-01-13 12:45:25 - [MESSAGE][PASSED] - pages.Journey.verifyTheCreatedAccessCode is PASSED]]></system-out>
         <system-err><![CDATA[]]></system-err>
      </testcase>
      <testcase name="Test Cases/Admin/Journey/deleteJourneyAndVerify" time="34.101" classname="Test Cases/Admin/Journey/deleteJourneyAndVerify" status="PASSED">
         <system-out><![CDATA[2021-01-13 12:45:25 - [TEST_CASE][PASSED] - Test Cases/Admin/Journey/deleteJourneyAndVerify: Test Cases/Admin/Journey/deleteJourneyAndVerify

2021-01-13 12:45:25 - [TEST_STEP][PASSED] - Start listener action : login: null

2021-01-13 12:45:25 - [TEST_STEP][PASSED] - Thread.sleep(3000): null

2021-01-13 12:45:28 - [TEST_STEP][PASSED] - url = getUrl(): Current window's url is: 'https://dev-admin.modist.co/dashboard'

2021-01-13 12:45:28 - [MESSAGE][PASSED] - Current window's url is: 'https://dev-admin.modist.co/dashboard'

2021-01-13 12:45:28 - [TEST_STEP][PASSED] - if (!(url.contains("dashboard"))): null

2021-01-13 12:45:28 - [TEST_STEP][PASSED] - pages.Journey.clickOnJourneyTab(): pages.Journey.clickOnJourneyTab is PASSED

2021-01-13 12:45:28 - [MESSAGE][PASSED] - Object 'Object Repository/Journey/Journeytab' is present

2021-01-13 12:45:28 - [MESSAGE][PASSED] - Object 'Object Repository/Journey/Journeytab' is visible

2021-01-13 12:45:28 - [MESSAGE][PASSED] - Object 'Object Repository/Journey/Journeytab' is clickable

2021-01-13 12:45:29 - [MESSAGE][PASSED] - Object: 'Object Repository/Journey/Journeytab' is clicked on

2021-01-13 12:45:29 - [MESSAGE][PASSED] - pages.Journey.clickOnJourneyTab is PASSED

2021-01-13 12:45:29 - [TEST_STEP][PASSED] - journeyName = pages.Journey.addJourney(): pages.Journey.addJourney is PASSED

2021-01-13 12:45:29 - [MESSAGE][PASSED] - Object 'Object Repository/Journey/Add Journey/AddJourneyButton' is present

2021-01-13 12:45:30 - [MESSAGE][PASSED] - Object 'Object Repository/Journey/Add Journey/AddJourneyButton' is visible

2021-01-13 12:45:30 - [MESSAGE][PASSED] - Object 'Object Repository/Journey/Add Journey/AddJourneyButton' is clickable

2021-01-13 12:45:30 - [MESSAGE][PASSED] - Object: 'Object Repository/Journey/Add Journey/AddJourneyButton' is clicked on

2021-01-13 12:45:31 - [MESSAGE][PASSED] - Object 'Object Repository/Journey/Add Journey/journeyName' is present

2021-01-13 12:45:31 - [MESSAGE][PASSED] - Object 'Object Repository/Journey/Add Journey/journeyName' is visible

2021-01-13 12:45:31 - [MESSAGE][PASSED] - Object 'Object Repository/Journey/Add Journey/journeyName' is clickable

2021-01-13 12:45:31 - [MESSAGE][PASSED] - Text of object 'Object Repository/Journey/Add Journey/journeyName' is cleared

2021-01-13 12:45:32 - [MESSAGE][PASSED] - Keys 'journeyName716' sent to object: 'Object Repository/Journey/Add Journey/journeyName'

2021-01-13 12:45:32 - [MESSAGE][PASSED] - Object 'Object Repository/Journey/Add Journey/addJourneyInAddJourneyPopUp' is present

2021-01-13 12:45:33 - [MESSAGE][PASSED] - Object 'Object Repository/Journey/Add Journey/addJourneyInAddJourneyPopUp' is visible

2021-01-13 12:45:33 - [MESSAGE][PASSED] - Object 'Object Repository/Journey/Add Journey/addJourneyInAddJourneyPopUp' is clickable

2021-01-13 12:45:33 - [MESSAGE][PASSED] - Object: 'Object Repository/Journey/Add Journey/addJourneyInAddJourneyPopUp' is clicked on

2021-01-13 12:45:33 - [MESSAGE][PASSED] - pages.Journey.addJourney is PASSED

2021-01-13 12:45:33 - [TEST_STEP][PASSED] - pages.Journey.deleteJourney(journeyName): pages.Journey.deleteJourney is PASSED

2021-01-13 12:45:34 - [MESSAGE][PASSED] - Object 'Object Repository/Journey/journrySearchInput' is present

2021-01-13 12:45:34 - [MESSAGE][PASSED] - Object 'Object Repository/Journey/journrySearchInput' is visible

2021-01-13 12:45:35 - [MESSAGE][PASSED] - Object 'Object Repository/Journey/journrySearchInput' is clickable

2021-01-13 12:45:35 - [MESSAGE][PASSED] - Text of object 'Object Repository/Journey/journrySearchInput' is cleared

2021-01-13 12:45:35 - [MESSAGE][PASSED] - Keys '' sent to object: 'Object Repository/Journey/journrySearchInput'

2021-01-13 12:45:35 - [MESSAGE][PASSED] - Keys 'j' sent to object: 'Object Repository/Journey/journrySearchInput'

2021-01-13 12:45:36 - [MESSAGE][PASSED] - Keys 'o' sent to object: 'Object Repository/Journey/journrySearchInput'

2021-01-13 12:45:37 - [MESSAGE][PASSED] - Keys 'u' sent to object: 'Object Repository/Journey/journrySearchInput'

2021-01-13 12:45:38 - [MESSAGE][PASSED] - Keys 'r' sent to object: 'Object Repository/Journey/journrySearchInput'

2021-01-13 12:45:38 - [MESSAGE][PASSED] - Keys 'n' sent to object: 'Object Repository/Journey/journrySearchInput'

2021-01-13 12:45:39 - [MESSAGE][PASSED] - Keys 'e' sent to object: 'Object Repository/Journey/journrySearchInput'

2021-01-13 12:45:39 - [MESSAGE][PASSED] - Keys 'y' sent to object: 'Object Repository/Journey/journrySearchInput'

2021-01-13 12:45:40 - [MESSAGE][PASSED] - Keys 'N' sent to object: 'Object Repository/Journey/journrySearchInput'

2021-01-13 12:45:40 - [MESSAGE][PASSED] - Keys 'a' sent to object: 'Object Repository/Journey/journrySearchInput'

2021-01-13 12:45:41 - [MESSAGE][PASSED] - Keys 'm' sent to object: 'Object Repository/Journey/journrySearchInput'

2021-01-13 12:45:42 - [MESSAGE][PASSED] - Keys 'e' sent to object: 'Object Repository/Journey/journrySearchInput'

2021-01-13 12:45:42 - [MESSAGE][PASSED] - Keys '7' sent to object: 'Object Repository/Journey/journrySearchInput'

2021-01-13 12:45:43 - [MESSAGE][PASSED] - Keys '1' sent to object: 'Object Repository/Journey/journrySearchInput'

2021-01-13 12:45:44 - [MESSAGE][PASSED] - Keys '6' sent to object: 'Object Repository/Journey/journrySearchInput'

2021-01-13 12:45:44 - [MESSAGE][PASSED] - Object 'Object Repository/Journey/journeyNameCheckBox(name)' is present

2021-01-13 12:45:45 - [MESSAGE][PASSED] - Object 'Object Repository/Journey/journeyNameCheckBox(name)' is visible

2021-01-13 12:45:45 - [MESSAGE][PASSED] - Object 'Object Repository/Journey/journeyNameCheckBox(name)' is clickable

2021-01-13 12:45:45 - [MESSAGE][PASSED] - Object: 'Object Repository/Journey/journeyNameCheckBox(name)' is clicked on

2021-01-13 12:45:46 - [MESSAGE][PASSED] - Object 'Object Repository/Journey/journeyNameDeleteButton' is present

2021-01-13 12:45:46 - [MESSAGE][PASSED] - Object 'Object Repository/Journey/journeyNameDeleteButton' is visible

2021-01-13 12:45:46 - [MESSAGE][PASSED] - Object 'Object Repository/Journey/journeyNameDeleteButton' is clickable

2021-01-13 12:45:46 - [MESSAGE][PASSED] - Object: 'Object Repository/Journey/journeyNameDeleteButton' is clicked on

2021-01-13 12:45:47 - [MESSAGE][PASSED] - Alert accepted

2021-01-13 12:45:47 - [MESSAGE][PASSED] - pages.Journey.deleteJourney is PASSED

2021-01-13 12:45:47 - [TEST_STEP][PASSED] - pages.Journey.verifyJourneyDeleted(journeyName): pages.Journey.verifyJourneyDeleted is PASSED

2021-01-13 12:45:48 - [MESSAGE][PASSED] - Object 'Object Repository/Journey/journrySearchInput' is present

2021-01-13 12:45:48 - [MESSAGE][PASSED] - Object 'Object Repository/Journey/journrySearchInput' is visible

2021-01-13 12:45:48 - [MESSAGE][PASSED] - Object 'Object Repository/Journey/journrySearchInput' is clickable

2021-01-13 12:45:49 - [MESSAGE][PASSED] - Text of object 'Object Repository/Journey/journrySearchInput' is cleared

2021-01-13 12:45:49 - [MESSAGE][PASSED] - Keys '' sent to object: 'Object Repository/Journey/journrySearchInput'

2021-01-13 12:45:50 - [MESSAGE][PASSED] - Keys 'j' sent to object: 'Object Repository/Journey/journrySearchInput'

2021-01-13 12:45:51 - [MESSAGE][PASSED] - Keys 'o' sent to object: 'Object Repository/Journey/journrySearchInput'

2021-01-13 12:45:52 - [MESSAGE][PASSED] - Keys 'u' sent to object: 'Object Repository/Journey/journrySearchInput'

2021-01-13 12:45:53 - [MESSAGE][PASSED] - Keys 'r' sent to object: 'Object Repository/Journey/journrySearchInput'

2021-01-13 12:45:53 - [MESSAGE][PASSED] - Keys 'n' sent to object: 'Object Repository/Journey/journrySearchInput'

2021-01-13 12:45:54 - [MESSAGE][PASSED] - Keys 'e' sent to object: 'Object Repository/Journey/journrySearchInput'

2021-01-13 12:45:54 - [MESSAGE][PASSED] - Keys 'y' sent to object: 'Object Repository/Journey/journrySearchInput'

2021-01-13 12:45:55 - [MESSAGE][PASSED] - Keys 'N' sent to object: 'Object Repository/Journey/journrySearchInput'

2021-01-13 12:45:56 - [MESSAGE][PASSED] - Keys 'a' sent to object: 'Object Repository/Journey/journrySearchInput'

2021-01-13 12:45:56 - [MESSAGE][PASSED] - Keys 'm' sent to object: 'Object Repository/Journey/journrySearchInput'

2021-01-13 12:45:57 - [MESSAGE][PASSED] - Keys 'e' sent to object: 'Object Repository/Journey/journrySearchInput'

2021-01-13 12:45:57 - [MESSAGE][PASSED] - Keys '7' sent to object: 'Object Repository/Journey/journrySearchInput'

2021-01-13 12:45:58 - [MESSAGE][PASSED] - Keys '1' sent to object: 'Object Repository/Journey/journrySearchInput'

2021-01-13 12:45:58 - [MESSAGE][PASSED] - Keys '6' sent to object: 'Object Repository/Journey/journrySearchInput'

2021-01-13 12:45:59 - [MESSAGE][PASSED] - Web element with id: 'Object Repository/Journey/JourneyName(journeyName)' located by 'By.xpath: //div[text()='journeyName716']' is not present after '30' second(s)

2021-01-13 12:45:59 - [MESSAGE][PASSED] - pages.Journey.verifyJourneyDeleted is PASSED]]></system-out>
         <system-err><![CDATA[]]></system-err>
      </testcase>
      <testcase name="Test Cases/Admin/LogOut/logout" time="4.161" classname="Test Cases/Admin/LogOut/logout" status="PASSED">
         <system-out><![CDATA[2021-01-13 12:45:59 - [TEST_CASE][PASSED] - Test Cases/Admin/LogOut/logout: Test Cases/Admin/LogOut/logout

2021-01-13 12:45:59 - [TEST_STEP][PASSED] - Start listener action : login: null

2021-01-13 12:45:59 - [TEST_STEP][PASSED] - Thread.sleep(3000): null

2021-01-13 12:46:02 - [TEST_STEP][PASSED] - url = getUrl(): Current window's url is: 'https://dev-admin.modist.co/dashboard'

2021-01-13 12:46:02 - [MESSAGE][PASSED] - Current window's url is: 'https://dev-admin.modist.co/dashboard'

2021-01-13 12:46:02 - [TEST_STEP][PASSED] - if (!(url.contains("dashboard"))): null

2021-01-13 12:46:02 - [TEST_STEP][PASSED] - logout.LogoutForAdminDevEnvironment.clickingOnProfileIcon(): logout.LogoutForAdminDevEnvironment.clickingOnProfileIcon is PASSED

2021-01-13 12:46:02 - [MESSAGE][PASSED] - Object: 'Object Repository/OptionsUnderProfileIcon/ProfileIcon' is clicked on

2021-01-13 12:46:02 - [MESSAGE][PASSED] - logout.LogoutForAdminDevEnvironment.clickingOnProfileIcon is PASSED

2021-01-13 12:46:02 - [TEST_STEP][PASSED] - logout.LogoutForAdminDevEnvironment.logout(): logout.LogoutForAdminDevEnvironment.logout is PASSED

2021-01-13 12:46:03 - [MESSAGE][PASSED] - Object: 'Object Repository/OptionsUnderProfileIcon/LogoutOption' is clicked on

2021-01-13 12:46:03 - [MESSAGE][PASSED] - logout.LogoutForAdminDevEnvironment.logout is PASSED]]></system-out>
         <system-err><![CDATA[]]></system-err>
      </testcase>
      <testcase name="Test Cases/Admin/Product/addProductAndVerify" time="30.91" classname="Test Cases/Admin/Product/addProductAndVerify" status="PASSED">
         <system-out><![CDATA[2021-01-13 12:46:03 - [TEST_CASE][PASSED] - Test Cases/Admin/Product/addProductAndVerify: Test Cases/Admin/Product/addProductAndVerify

2021-01-13 12:46:03 - [TEST_STEP][PASSED] - Start listener action : login: Object: 'Object Repository/Login Credentials/EnterButton' is clicked on

2021-01-13 12:46:03 - [TEST_STEP][PASSED] - Thread.sleep(3000): null

2021-01-13 12:46:06 - [TEST_STEP][PASSED] - url = getUrl(): Current window's url is: 'https://dev-admin.modist.co/login'

2021-01-13 12:46:06 - [MESSAGE][PASSED] - Current window's url is: 'https://dev-admin.modist.co/login'

2021-01-13 12:46:06 - [TEST_STEP][PASSED] - if (!(url.contains("dashboard"))): Object: 'Object Repository/Login Credentials/EnterButton' is clicked on

2021-01-13 12:46:06 - [TEST_STEP][PASSED] - navigateToUrl(Url): Navigate to 'https://dev-admin.modist.co/' successfully

2021-01-13 12:46:07 - [MESSAGE][PASSED] - Navigate to 'https://dev-admin.modist.co/' successfully

2021-01-13 12:46:07 - [TEST_STEP][PASSED] - loginPage.login(Email, Password): Object: 'Object Repository/Login Credentials/EnterButton' is clicked on

2021-01-13 12:46:07 - [MESSAGE][PASSED] - Object 'Object Repository/Login Credentials/Email' is present

2021-01-13 12:46:07 - [MESSAGE][PASSED] - Object 'Object Repository/Login Credentials/Email' is present

2021-01-13 12:46:08 - [MESSAGE][PASSED] - Object 'Object Repository/Login Credentials/Email' is visible

2021-01-13 12:46:08 - [MESSAGE][PASSED] - Object 'Object Repository/Login Credentials/Email' is clickable

2021-01-13 12:46:08 - [MESSAGE][PASSED] - Text of object 'Object Repository/Login Credentials/Email' is cleared

2021-01-13 12:46:08 - [MESSAGE][PASSED] - Keys 'naresh.k@qualitlabs.com' sent to object: 'Object Repository/Login Credentials/Email'

2021-01-13 12:46:09 - [MESSAGE][PASSED] - Object 'Object Repository/Login Credentials/Password' is present

2021-01-13 12:46:09 - [MESSAGE][PASSED] - Object 'Object Repository/Login Credentials/Password' is visible

2021-01-13 12:46:09 - [MESSAGE][PASSED] - Object 'Object Repository/Login Credentials/Password' is clickable

2021-01-13 12:46:10 - [MESSAGE][PASSED] - Text of object 'Object Repository/Login Credentials/Password' is cleared

2021-01-13 12:46:10 - [MESSAGE][PASSED] - Keys 'Qualitlabs1?' sent to object: 'Object Repository/Login Credentials/Password'

2021-01-13 12:46:10 - [MESSAGE][PASSED] - Object 'Object Repository/Login Credentials/EnterButton' is present

2021-01-13 12:46:11 - [MESSAGE][PASSED] - Object 'Object Repository/Login Credentials/EnterButton' is visible

2021-01-13 12:46:11 - [MESSAGE][PASSED] - Object 'Object Repository/Login Credentials/EnterButton' is clickable

2021-01-13 12:46:11 - [MESSAGE][PASSED] - Object: 'Object Repository/Login Credentials/EnterButton' is clicked on

2021-01-13 12:46:12 - [TEST_STEP][PASSED] - productname = pages.Product.addProduct(): pages.Product.addProduct is PASSED

2021-01-13 12:46:14 - [MESSAGE][PASSED] - Object 'Object Repository/Product/productTab' is present

2021-01-13 12:46:14 - [MESSAGE][PASSED] - Object 'Object Repository/Product/productTab' is visible

2021-01-13 12:46:14 - [MESSAGE][PASSED] - Object 'Object Repository/Product/productTab' is clickable

2021-01-13 12:46:15 - [MESSAGE][PASSED] - Object: 'Object Repository/Product/productTab' is clicked on

2021-01-13 12:46:15 - [MESSAGE][PASSED] - Object 'Object Repository/Product/addProductButton' is present

2021-01-13 12:46:15 - [MESSAGE][PASSED] - Object 'Object Repository/Product/addProductButton' is visible

2021-01-13 12:46:16 - [MESSAGE][PASSED] - Object 'Object Repository/Product/addProductButton' is clickable

2021-01-13 12:46:17 - [MESSAGE][PASSED] - Object: 'Object Repository/Product/addProductButton' is clicked on

2021-01-13 12:46:17 - [MESSAGE][PASSED] - Object 'Object Repository/Product/productNameInput' is present

2021-01-13 12:46:17 - [MESSAGE][PASSED] - Object 'Object Repository/Product/productNameInput' is visible

2021-01-13 12:46:18 - [MESSAGE][PASSED] - Object 'Object Repository/Product/productNameInput' is clickable

2021-01-13 12:46:18 - [MESSAGE][PASSED] - Text of object 'Object Repository/Product/productNameInput' is cleared

2021-01-13 12:46:18 - [MESSAGE][PASSED] - Keys 'RandomProduct749' sent to object: 'Object Repository/Product/productNameInput'

2021-01-13 12:46:19 - [MESSAGE][PASSED] - Object 'Object Repository/Product/descriptionFieldInput' is present

2021-01-13 12:46:19 - [MESSAGE][PASSED] - Object 'Object Repository/Product/descriptionFieldInput' is visible

2021-01-13 12:46:19 - [MESSAGE][PASSED] - Object 'Object Repository/Product/descriptionFieldInput' is clickable

2021-01-13 12:46:20 - [MESSAGE][PASSED] - Text of object 'Object Repository/Product/descriptionFieldInput' is cleared

2021-01-13 12:46:20 - [MESSAGE][PASSED] - Keys 'Sample text' sent to object: 'Object Repository/Product/descriptionFieldInput'

2021-01-13 12:46:20 - [MESSAGE][PASSED] - Object 'Object Repository/Product/addproductButtonInAddProductPopUp' is present

2021-01-13 12:46:21 - [MESSAGE][PASSED] - Object 'Object Repository/Product/addproductButtonInAddProductPopUp' is visible

2021-01-13 12:46:21 - [MESSAGE][PASSED] - Object 'Object Repository/Product/addproductButtonInAddProductPopUp' is clickable

2021-01-13 12:46:21 - [MESSAGE][PASSED] - Object: 'Object Repository/Product/addproductButtonInAddProductPopUp' is clicked on

2021-01-13 12:46:21 - [MESSAGE][PASSED] - pages.Product.addProduct is PASSED

2021-01-13 12:46:21 - [TEST_STEP][PASSED] - pages.Product.verifyProductAdded(productname): pages.Product.verifyProductAdded is PASSED

2021-01-13 12:46:22 - [MESSAGE][PASSED] - Object 'Object Repository/Product/Filter by name' is present

2021-01-13 12:46:23 - [MESSAGE][PASSED] - Object 'Object Repository/Product/Filter by name' is visible

2021-01-13 12:46:23 - [MESSAGE][PASSED] - Object 'Object Repository/Product/Filter by name' is clickable

2021-01-13 12:46:23 - [MESSAGE][PASSED] - Text of object 'Object Repository/Product/Filter by name' is cleared

2021-01-13 12:46:23 - [MESSAGE][PASSED] - Keys '' sent to object: 'Object Repository/Product/Filter by name'

2021-01-13 12:46:24 - [MESSAGE][PASSED] - Keys 'R' sent to object: 'Object Repository/Product/Filter by name'

2021-01-13 12:46:24 - [MESSAGE][PASSED] - Keys 'a' sent to object: 'Object Repository/Product/Filter by name'

2021-01-13 12:46:25 - [MESSAGE][PASSED] - Keys 'n' sent to object: 'Object Repository/Product/Filter by name'

2021-01-13 12:46:26 - [MESSAGE][PASSED] - Keys 'd' sent to object: 'Object Repository/Product/Filter by name'

2021-01-13 12:46:27 - [MESSAGE][PASSED] - Keys 'o' sent to object: 'Object Repository/Product/Filter by name'

2021-01-13 12:46:27 - [MESSAGE][PASSED] - Keys 'm' sent to object: 'Object Repository/Product/Filter by name'

2021-01-13 12:46:28 - [MESSAGE][PASSED] - Keys 'P' sent to object: 'Object Repository/Product/Filter by name'

2021-01-13 12:46:28 - [MESSAGE][PASSED] - Keys 'r' sent to object: 'Object Repository/Product/Filter by name'

2021-01-13 12:46:29 - [MESSAGE][PASSED] - Keys 'o' sent to object: 'Object Repository/Product/Filter by name'

2021-01-13 12:46:29 - [MESSAGE][PASSED] - Keys 'd' sent to object: 'Object Repository/Product/Filter by name'

2021-01-13 12:46:30 - [MESSAGE][PASSED] - Keys 'u' sent to object: 'Object Repository/Product/Filter by name'

2021-01-13 12:46:30 - [MESSAGE][PASSED] - Keys 'c' sent to object: 'Object Repository/Product/Filter by name'

2021-01-13 12:46:31 - [MESSAGE][PASSED] - Keys 't' sent to object: 'Object Repository/Product/Filter by name'

2021-01-13 12:46:31 - [MESSAGE][PASSED] - Keys '7' sent to object: 'Object Repository/Product/Filter by name'

2021-01-13 12:46:32 - [MESSAGE][PASSED] - Keys '4' sent to object: 'Object Repository/Product/Filter by name'

2021-01-13 12:46:33 - [MESSAGE][PASSED] - Keys '9' sent to object: 'Object Repository/Product/Filter by name'

2021-01-13 12:46:34 - [MESSAGE][PASSED] - Object 'Object Repository/Product/productName(Name)' is present

2021-01-13 12:46:34 - [MESSAGE][PASSED] - pages.Product.verifyProductAdded is PASSED

2021-01-13 12:46:34 - [TEST_STEP][PASSED] - println(productname): null]]></system-out>
         <system-err><![CDATA[]]></system-err>
      </testcase>
      <testcase name="Test Cases/Admin/Product/deleteProductAndVerify" time="39.84" classname="Test Cases/Admin/Product/deleteProductAndVerify" status="PASSED">
         <system-out><![CDATA[2021-01-13 12:46:34 - [TEST_CASE][PASSED] - Test Cases/Admin/Product/deleteProductAndVerify: Test Cases/Admin/Product/deleteProductAndVerify

2021-01-13 12:46:34 - [TEST_STEP][PASSED] - Start listener action : login: null

2021-01-13 12:46:34 - [TEST_STEP][PASSED] - Thread.sleep(3000): null

2021-01-13 12:46:37 - [TEST_STEP][PASSED] - url = getUrl(): Current window's url is: 'https://dev-admin.modist.co/dashboard'

2021-01-13 12:46:37 - [MESSAGE][PASSED] - Current window's url is: 'https://dev-admin.modist.co/dashboard'

2021-01-13 12:46:37 - [TEST_STEP][PASSED] - if (!(url.contains("dashboard"))): null

2021-01-13 12:46:37 - [TEST_STEP][PASSED] - productname = pages.Product.addProduct(): pages.Product.addProduct is PASSED

2021-01-13 12:46:37 - [MESSAGE][PASSED] - Object 'Object Repository/Product/productTab' is present

2021-01-13 12:46:37 - [MESSAGE][PASSED] - Object 'Object Repository/Product/productTab' is visible

2021-01-13 12:46:38 - [MESSAGE][PASSED] - Object 'Object Repository/Product/productTab' is clickable

2021-01-13 12:46:38 - [MESSAGE][PASSED] - Object: 'Object Repository/Product/productTab' is clicked on

2021-01-13 12:46:38 - [MESSAGE][PASSED] - Object 'Object Repository/Product/addProductButton' is present

2021-01-13 12:46:39 - [MESSAGE][PASSED] - Object 'Object Repository/Product/addProductButton' is visible

2021-01-13 12:46:39 - [MESSAGE][PASSED] - Object 'Object Repository/Product/addProductButton' is clickable

2021-01-13 12:46:39 - [MESSAGE][PASSED] - Object: 'Object Repository/Product/addProductButton' is clicked on

2021-01-13 12:46:40 - [MESSAGE][PASSED] - Object 'Object Repository/Product/productNameInput' is present

2021-01-13 12:46:40 - [MESSAGE][PASSED] - Object 'Object Repository/Product/productNameInput' is visible

2021-01-13 12:46:40 - [MESSAGE][PASSED] - Object 'Object Repository/Product/productNameInput' is clickable

2021-01-13 12:46:40 - [MESSAGE][PASSED] - Text of object 'Object Repository/Product/productNameInput' is cleared

2021-01-13 12:46:41 - [MESSAGE][PASSED] - Keys 'RandomProduct782' sent to object: 'Object Repository/Product/productNameInput'

2021-01-13 12:46:41 - [MESSAGE][PASSED] - Object 'Object Repository/Product/descriptionFieldInput' is present

2021-01-13 12:46:42 - [MESSAGE][PASSED] - Object 'Object Repository/Product/descriptionFieldInput' is visible

2021-01-13 12:46:42 - [MESSAGE][PASSED] - Object 'Object Repository/Product/descriptionFieldInput' is clickable

2021-01-13 12:46:42 - [MESSAGE][PASSED] - Text of object 'Object Repository/Product/descriptionFieldInput' is cleared

2021-01-13 12:46:42 - [MESSAGE][PASSED] - Keys 'Sample text' sent to object: 'Object Repository/Product/descriptionFieldInput'

2021-01-13 12:46:43 - [MESSAGE][PASSED] - Object 'Object Repository/Product/addproductButtonInAddProductPopUp' is present

2021-01-13 12:46:43 - [MESSAGE][PASSED] - Object 'Object Repository/Product/addproductButtonInAddProductPopUp' is visible

2021-01-13 12:46:43 - [MESSAGE][PASSED] - Object 'Object Repository/Product/addproductButtonInAddProductPopUp' is clickable

2021-01-13 12:46:44 - [MESSAGE][PASSED] - Object: 'Object Repository/Product/addproductButtonInAddProductPopUp' is clicked on

2021-01-13 12:46:44 - [MESSAGE][PASSED] - pages.Product.addProduct is PASSED

2021-01-13 12:46:44 - [TEST_STEP][PASSED] - pages.Product.deleteProduct(productname): pages.Product.deleteProduct is PASSED

2021-01-13 12:46:45 - [MESSAGE][PASSED] - Object 'Object Repository/Product/Filter by name' is present

2021-01-13 12:46:45 - [MESSAGE][PASSED] - Object 'Object Repository/Product/Filter by name' is visible

2021-01-13 12:46:45 - [MESSAGE][PASSED] - Object 'Object Repository/Product/Filter by name' is clickable

2021-01-13 12:46:46 - [MESSAGE][PASSED] - Text of object 'Object Repository/Product/Filter by name' is cleared

2021-01-13 12:46:47 - [MESSAGE][PASSED] - Keys '' sent to object: 'Object Repository/Product/Filter by name'

2021-01-13 12:46:47 - [MESSAGE][PASSED] - Keys 'R' sent to object: 'Object Repository/Product/Filter by name'

2021-01-13 12:46:48 - [MESSAGE][PASSED] - Keys 'a' sent to object: 'Object Repository/Product/Filter by name'

2021-01-13 12:46:49 - [MESSAGE][PASSED] - Keys 'n' sent to object: 'Object Repository/Product/Filter by name'

2021-01-13 12:46:50 - [MESSAGE][PASSED] - Keys 'd' sent to object: 'Object Repository/Product/Filter by name'

2021-01-13 12:46:51 - [MESSAGE][PASSED] - Keys 'o' sent to object: 'Object Repository/Product/Filter by name'

2021-01-13 12:46:51 - [MESSAGE][PASSED] - Keys 'm' sent to object: 'Object Repository/Product/Filter by name'

2021-01-13 12:46:52 - [MESSAGE][PASSED] - Keys 'P' sent to object: 'Object Repository/Product/Filter by name'

2021-01-13 12:46:52 - [MESSAGE][PASSED] - Keys 'r' sent to object: 'Object Repository/Product/Filter by name'

2021-01-13 12:46:53 - [MESSAGE][PASSED] - Keys 'o' sent to object: 'Object Repository/Product/Filter by name'

2021-01-13 12:46:53 - [MESSAGE][PASSED] - Keys 'd' sent to object: 'Object Repository/Product/Filter by name'

2021-01-13 12:46:54 - [MESSAGE][PASSED] - Keys 'u' sent to object: 'Object Repository/Product/Filter by name'

2021-01-13 12:46:54 - [MESSAGE][PASSED] - Keys 'c' sent to object: 'Object Repository/Product/Filter by name'

2021-01-13 12:46:55 - [MESSAGE][PASSED] - Keys 't' sent to object: 'Object Repository/Product/Filter by name'

2021-01-13 12:46:55 - [MESSAGE][PASSED] - Keys '7' sent to object: 'Object Repository/Product/Filter by name'

2021-01-13 12:46:56 - [MESSAGE][PASSED] - Keys '8' sent to object: 'Object Repository/Product/Filter by name'

2021-01-13 12:46:57 - [MESSAGE][PASSED] - Keys '2' sent to object: 'Object Repository/Product/Filter by name'

2021-01-13 12:46:58 - [MESSAGE][PASSED] - Object 'Object Repository/Product/productCheckBox(productName)' is present

2021-01-13 12:46:58 - [MESSAGE][PASSED] - Object 'Object Repository/Product/productCheckBox(productName)' is visible

2021-01-13 12:46:58 - [MESSAGE][PASSED] - Object 'Object Repository/Product/productCheckBox(productName)' is clickable

2021-01-13 12:46:59 - [MESSAGE][PASSED] - Object: 'Object Repository/Product/productCheckBox(productName)' is clicked on

2021-01-13 12:46:59 - [MESSAGE][PASSED] - Object 'Object Repository/Product/productDeleteButton' is present

2021-01-13 12:46:59 - [MESSAGE][PASSED] - Object 'Object Repository/Product/productDeleteButton' is visible

2021-01-13 12:47:00 - [MESSAGE][PASSED] - Object 'Object Repository/Product/productDeleteButton' is clickable

2021-01-13 12:47:00 - [MESSAGE][PASSED] - Object: 'Object Repository/Product/productDeleteButton' is clicked on

2021-01-13 12:47:00 - [MESSAGE][PASSED] - Alert accepted

2021-01-13 12:47:01 - [MESSAGE][PASSED] - Object 'Object Repository/Product/successMessage' is present

2021-01-13 12:47:01 - [MESSAGE][PASSED] - pages.Product.deleteProduct is PASSED

2021-01-13 12:47:01 - [TEST_STEP][PASSED] - pages.Product.verifyProductNotPresent(productname): pages.Product.verifyProductNotPresent is PASSED

2021-01-13 12:47:02 - [MESSAGE][PASSED] - Object 'Object Repository/Product/Filter by name' is present

2021-01-13 12:47:02 - [MESSAGE][PASSED] - Object 'Object Repository/Product/Filter by name' is visible

2021-01-13 12:47:02 - [MESSAGE][PASSED] - Object 'Object Repository/Product/Filter by name' is clickable

2021-01-13 12:47:03 - [MESSAGE][PASSED] - Text of object 'Object Repository/Product/Filter by name' is cleared

2021-01-13 12:47:04 - [MESSAGE][PASSED] - Keys '' sent to object: 'Object Repository/Product/Filter by name'

2021-01-13 12:47:04 - [MESSAGE][PASSED] - Keys 'R' sent to object: 'Object Repository/Product/Filter by name'

2021-01-13 12:47:04 - [MESSAGE][PASSED] - Keys 'a' sent to object: 'Object Repository/Product/Filter by name'

2021-01-13 12:47:06 - [MESSAGE][PASSED] - Keys 'n' sent to object: 'Object Repository/Product/Filter by name'

2021-01-13 12:47:06 - [MESSAGE][PASSED] - Keys 'd' sent to object: 'Object Repository/Product/Filter by name'

2021-01-13 12:47:07 - [MESSAGE][PASSED] - Keys 'o' sent to object: 'Object Repository/Product/Filter by name'

2021-01-13 12:47:07 - [MESSAGE][PASSED] - Keys 'm' sent to object: 'Object Repository/Product/Filter by name'

2021-01-13 12:47:08 - [MESSAGE][PASSED] - Keys 'P' sent to object: 'Object Repository/Product/Filter by name'

2021-01-13 12:47:08 - [MESSAGE][PASSED] - Keys 'r' sent to object: 'Object Repository/Product/Filter by name'

2021-01-13 12:47:09 - [MESSAGE][PASSED] - Keys 'o' sent to object: 'Object Repository/Product/Filter by name'

2021-01-13 12:47:09 - [MESSAGE][PASSED] - Keys 'd' sent to object: 'Object Repository/Product/Filter by name'

2021-01-13 12:47:10 - [MESSAGE][PASSED] - Keys 'u' sent to object: 'Object Repository/Product/Filter by name'

2021-01-13 12:47:10 - [MESSAGE][PASSED] - Keys 'c' sent to object: 'Object Repository/Product/Filter by name'

2021-01-13 12:47:11 - [MESSAGE][PASSED] - Keys 't' sent to object: 'Object Repository/Product/Filter by name'

2021-01-13 12:47:12 - [MESSAGE][PASSED] - Keys '7' sent to object: 'Object Repository/Product/Filter by name'

2021-01-13 12:47:13 - [MESSAGE][PASSED] - Keys '8' sent to object: 'Object Repository/Product/Filter by name'

2021-01-13 12:47:13 - [MESSAGE][PASSED] - Keys '2' sent to object: 'Object Repository/Product/Filter by name'

2021-01-13 12:47:14 - [MESSAGE][PASSED] - Web element with id: 'Object Repository/Product/productName(Name)' located by 'By.xpath: //div[text()='RandomProduct782']/../..
' is not present after '30' second(s)

2021-01-13 12:47:14 - [MESSAGE][PASSED] - pages.Product.verifyProductNotPresent is PASSED]]></system-out>
         <system-err><![CDATA[]]></system-err>
      </testcase>
      <testcase name="Test Cases/Admin/Product/deleteProductFromProductEditPageAndVerify" time="53.095" classname="Test Cases/Admin/Product/deleteProductFromProductEditPageAndVerify" status="PASSED">
         <system-out><![CDATA[2021-01-13 12:47:14 - [TEST_CASE][PASSED] - Test Cases/Admin/Product/deleteProductFromProductEditPageAndVerify: Test Cases/Admin/Product/deleteProductFromProductEditPageAndVerify

2021-01-13 12:47:14 - [TEST_STEP][PASSED] - Start listener action : login: null

2021-01-13 12:47:14 - [TEST_STEP][PASSED] - Thread.sleep(3000): null

2021-01-13 12:47:17 - [TEST_STEP][PASSED] - url = getUrl(): Current window's url is: 'https://dev-admin.modist.co/dashboard'

2021-01-13 12:47:17 - [MESSAGE][PASSED] - Current window's url is: 'https://dev-admin.modist.co/dashboard'

2021-01-13 12:47:17 - [TEST_STEP][PASSED] - if (!(url.contains("dashboard"))): null

2021-01-13 12:47:17 - [TEST_STEP][PASSED] - productname = pages.Product.addProduct(): pages.Product.addProduct is PASSED

2021-01-13 12:47:17 - [MESSAGE][PASSED] - Object 'Object Repository/Product/productTab' is present

2021-01-13 12:47:17 - [MESSAGE][PASSED] - Object 'Object Repository/Product/productTab' is visible

2021-01-13 12:47:17 - [MESSAGE][PASSED] - Object 'Object Repository/Product/productTab' is clickable

2021-01-13 12:47:18 - [MESSAGE][PASSED] - Object: 'Object Repository/Product/productTab' is clicked on

2021-01-13 12:47:18 - [MESSAGE][PASSED] - Object 'Object Repository/Product/addProductButton' is present

2021-01-13 12:47:19 - [MESSAGE][PASSED] - Object 'Object Repository/Product/addProductButton' is visible

2021-01-13 12:47:19 - [MESSAGE][PASSED] - Object 'Object Repository/Product/addProductButton' is clickable

2021-01-13 12:47:19 - [MESSAGE][PASSED] - Object: 'Object Repository/Product/addProductButton' is clicked on

2021-01-13 12:47:19 - [MESSAGE][PASSED] - Object 'Object Repository/Product/productNameInput' is present

2021-01-13 12:47:20 - [MESSAGE][PASSED] - Object 'Object Repository/Product/productNameInput' is visible

2021-01-13 12:47:20 - [MESSAGE][PASSED] - Object 'Object Repository/Product/productNameInput' is clickable

2021-01-13 12:47:20 - [MESSAGE][PASSED] - Text of object 'Object Repository/Product/productNameInput' is cleared

2021-01-13 12:47:21 - [MESSAGE][PASSED] - Keys 'RandomProduct638' sent to object: 'Object Repository/Product/productNameInput'

2021-01-13 12:47:21 - [MESSAGE][PASSED] - Object 'Object Repository/Product/descriptionFieldInput' is present

2021-01-13 12:47:21 - [MESSAGE][PASSED] - Object 'Object Repository/Product/descriptionFieldInput' is visible

2021-01-13 12:47:22 - [MESSAGE][PASSED] - Object 'Object Repository/Product/descriptionFieldInput' is clickable

2021-01-13 12:47:22 - [MESSAGE][PASSED] - Text of object 'Object Repository/Product/descriptionFieldInput' is cleared

2021-01-13 12:47:22 - [MESSAGE][PASSED] - Keys 'Sample text' sent to object: 'Object Repository/Product/descriptionFieldInput'

2021-01-13 12:47:23 - [MESSAGE][PASSED] - Object 'Object Repository/Product/addproductButtonInAddProductPopUp' is present

2021-01-13 12:47:23 - [MESSAGE][PASSED] - Object 'Object Repository/Product/addproductButtonInAddProductPopUp' is visible

2021-01-13 12:47:23 - [MESSAGE][PASSED] - Object 'Object Repository/Product/addproductButtonInAddProductPopUp' is clickable

2021-01-13 12:47:24 - [MESSAGE][PASSED] - Object: 'Object Repository/Product/addproductButtonInAddProductPopUp' is clicked on

2021-01-13 12:47:24 - [MESSAGE][PASSED] - pages.Product.addProduct is PASSED

2021-01-13 12:47:24 - [TEST_STEP][PASSED] - pages.Product.openAnyExistingProduct(productname): pages.Product.openAnyExistingProduct is PASSED

2021-01-13 12:47:24 - [MESSAGE][PASSED] - Object 'Object Repository/Product/Filter by name' is present

2021-01-13 12:47:25 - [MESSAGE][PASSED] - Object 'Object Repository/Product/Filter by name' is visible

2021-01-13 12:47:25 - [MESSAGE][PASSED] - Object 'Object Repository/Product/Filter by name' is clickable

2021-01-13 12:47:25 - [MESSAGE][PASSED] - Text of object 'Object Repository/Product/Filter by name' is cleared

2021-01-13 12:47:26 - [MESSAGE][PASSED] - Keys '' sent to object: 'Object Repository/Product/Filter by name'

2021-01-13 12:47:27 - [MESSAGE][PASSED] - Keys 'R' sent to object: 'Object Repository/Product/Filter by name'

2021-01-13 12:47:27 - [MESSAGE][PASSED] - Keys 'a' sent to object: 'Object Repository/Product/Filter by name'

2021-01-13 12:47:28 - [MESSAGE][PASSED] - Keys 'n' sent to object: 'Object Repository/Product/Filter by name'

2021-01-13 12:47:29 - [MESSAGE][PASSED] - Keys 'd' sent to object: 'Object Repository/Product/Filter by name'

2021-01-13 12:47:30 - [MESSAGE][PASSED] - Keys 'o' sent to object: 'Object Repository/Product/Filter by name'

2021-01-13 12:47:30 - [MESSAGE][PASSED] - Keys 'm' sent to object: 'Object Repository/Product/Filter by name'

2021-01-13 12:47:31 - [MESSAGE][PASSED] - Keys 'P' sent to object: 'Object Repository/Product/Filter by name'

2021-01-13 12:47:31 - [MESSAGE][PASSED] - Keys 'r' sent to object: 'Object Repository/Product/Filter by name'

2021-01-13 12:47:32 - [MESSAGE][PASSED] - Keys 'o' sent to object: 'Object Repository/Product/Filter by name'

2021-01-13 12:47:32 - [MESSAGE][PASSED] - Keys 'd' sent to object: 'Object Repository/Product/Filter by name'

2021-01-13 12:47:33 - [MESSAGE][PASSED] - Keys 'u' sent to object: 'Object Repository/Product/Filter by name'

2021-01-13 12:47:33 - [MESSAGE][PASSED] - Keys 'c' sent to object: 'Object Repository/Product/Filter by name'

2021-01-13 12:47:34 - [MESSAGE][PASSED] - Keys 't' sent to object: 'Object Repository/Product/Filter by name'

2021-01-13 12:47:34 - [MESSAGE][PASSED] - Keys '6' sent to object: 'Object Repository/Product/Filter by name'

2021-01-13 12:47:35 - [MESSAGE][PASSED] - Keys '3' sent to object: 'Object Repository/Product/Filter by name'

2021-01-13 12:47:35 - [MESSAGE][PASSED] - Keys '8' sent to object: 'Object Repository/Product/Filter by name'

2021-01-13 12:47:36 - [MESSAGE][PASSED] - Scroll to object 'Object Repository/Product/productName(Name)' successfully

2021-01-13 12:47:36 - [MESSAGE][PASSED] - Object 'Object Repository/Product/productName(Name)' is present

2021-01-13 12:47:36 - [MESSAGE][PASSED] - Object 'Object Repository/Product/productName(Name)' is visible

2021-01-13 12:47:37 - [MESSAGE][PASSED] - Object 'Object Repository/Product/productName(Name)' is clickable

2021-01-13 12:47:37 - [MESSAGE][PASSED] - Object: 'Object Repository/Product/productName(Name)' is clicked on

2021-01-13 12:47:37 - [MESSAGE][PASSED] - pages.Product.openAnyExistingProduct is PASSED

2021-01-13 12:47:37 - [TEST_STEP][PASSED] - pages.Product.clickDeleteButtonInProductEditPage(): pages.Product.clickDeleteButtonInProductEditPage is PASSED

2021-01-13 12:47:38 - [MESSAGE][PASSED] - Object 'Object Repository/Product/ProductEditPage/deleteButton' is present

2021-01-13 12:47:38 - [MESSAGE][PASSED] - Object 'Object Repository/Product/ProductEditPage/deleteButton' is visible

2021-01-13 12:47:38 - [MESSAGE][PASSED] - Object 'Object Repository/Product/ProductEditPage/deleteButton' is clickable

2021-01-13 12:47:39 - [MESSAGE][PASSED] - Object: 'Object Repository/Product/ProductEditPage/deleteButton' is clicked on

2021-01-13 12:47:40 - [MESSAGE][PASSED] - Object 'Object Repository/Product/successMessage' is present

2021-01-13 12:47:56 - [MESSAGE][PASSED] - Refresh successfully

2021-01-13 12:47:56 - [MESSAGE][PASSED] - pages.Product.clickDeleteButtonInProductEditPage is PASSED

2021-01-13 12:47:56 - [TEST_STEP][PASSED] - pages.Product.verifyProductNotPresent(productname): pages.Product.verifyProductNotPresent is PASSED

2021-01-13 12:47:56 - [MESSAGE][PASSED] - Object 'Object Repository/Product/Filter by name' is present

2021-01-13 12:47:56 - [MESSAGE][PASSED] - Object 'Object Repository/Product/Filter by name' is visible

2021-01-13 12:47:57 - [MESSAGE][PASSED] - Object 'Object Repository/Product/Filter by name' is clickable

2021-01-13 12:47:57 - [MESSAGE][PASSED] - Text of object 'Object Repository/Product/Filter by name' is cleared

2021-01-13 12:47:57 - [MESSAGE][PASSED] - Keys '' sent to object: 'Object Repository/Product/Filter by name'

2021-01-13 12:47:57 - [MESSAGE][PASSED] - Keys 'R' sent to object: 'Object Repository/Product/Filter by name'

2021-01-13 12:47:59 - [MESSAGE][PASSED] - Keys 'a' sent to object: 'Object Repository/Product/Filter by name'

2021-01-13 12:47:59 - [MESSAGE][PASSED] - Keys 'n' sent to object: 'Object Repository/Product/Filter by name'

2021-01-13 12:48:00 - [MESSAGE][PASSED] - Keys 'd' sent to object: 'Object Repository/Product/Filter by name'

2021-01-13 12:48:01 - [MESSAGE][PASSED] - Keys 'o' sent to object: 'Object Repository/Product/Filter by name'

2021-01-13 12:48:01 - [MESSAGE][PASSED] - Keys 'm' sent to object: 'Object Repository/Product/Filter by name'

2021-01-13 12:48:02 - [MESSAGE][PASSED] - Keys 'P' sent to object: 'Object Repository/Product/Filter by name'

2021-01-13 12:48:02 - [MESSAGE][PASSED] - Keys 'r' sent to object: 'Object Repository/Product/Filter by name'

2021-01-13 12:48:03 - [MESSAGE][PASSED] - Keys 'o' sent to object: 'Object Repository/Product/Filter by name'

2021-01-13 12:48:03 - [MESSAGE][PASSED] - Keys 'd' sent to object: 'Object Repository/Product/Filter by name'

2021-01-13 12:48:04 - [MESSAGE][PASSED] - Keys 'u' sent to object: 'Object Repository/Product/Filter by name'

2021-01-13 12:48:04 - [MESSAGE][PASSED] - Keys 'c' sent to object: 'Object Repository/Product/Filter by name'

2021-01-13 12:48:05 - [MESSAGE][PASSED] - Keys 't' sent to object: 'Object Repository/Product/Filter by name'

2021-01-13 12:48:05 - [MESSAGE][PASSED] - Keys '6' sent to object: 'Object Repository/Product/Filter by name'

2021-01-13 12:48:06 - [MESSAGE][PASSED] - Keys '3' sent to object: 'Object Repository/Product/Filter by name'

2021-01-13 12:48:06 - [MESSAGE][PASSED] - Keys '8' sent to object: 'Object Repository/Product/Filter by name'

2021-01-13 12:48:07 - [MESSAGE][PASSED] - Web element with id: 'Object Repository/Product/productName(Name)' located by 'By.xpath: //div[text()='RandomProduct638']/../..
' is not present after '30' second(s)

2021-01-13 12:48:07 - [MESSAGE][PASSED] - pages.Product.verifyProductNotPresent is PASSED]]></system-out>
         <system-err><![CDATA[]]></system-err>
      </testcase>
      <testcase name="Test Cases/Admin/Product/editProductNameAndVerify" time="59.769" classname="Test Cases/Admin/Product/editProductNameAndVerify" status="PASSED">
         <system-out><![CDATA[2021-01-13 12:48:07 - [TEST_CASE][PASSED] - Test Cases/Admin/Product/editProductNameAndVerify: Test Cases/Admin/Product/editProductNameAndVerify

2021-01-13 12:48:07 - [TEST_STEP][PASSED] - Start listener action : login: null

2021-01-13 12:48:07 - [TEST_STEP][PASSED] - Thread.sleep(3000): null

2021-01-13 12:48:10 - [TEST_STEP][PASSED] - url = getUrl(): Current window's url is: 'https://dev-admin.modist.co/dashboard'

2021-01-13 12:48:10 - [MESSAGE][PASSED] - Current window's url is: 'https://dev-admin.modist.co/dashboard'

2021-01-13 12:48:10 - [TEST_STEP][PASSED] - if (!(url.contains("dashboard"))): null

2021-01-13 12:48:10 - [TEST_STEP][PASSED] - productname = pages.Product.addProduct(): pages.Product.addProduct is PASSED

2021-01-13 12:48:10 - [MESSAGE][PASSED] - Object 'Object Repository/Product/productTab' is present

2021-01-13 12:48:10 - [MESSAGE][PASSED] - Object 'Object Repository/Product/productTab' is visible

2021-01-13 12:48:11 - [MESSAGE][PASSED] - Object 'Object Repository/Product/productTab' is clickable

2021-01-13 12:48:11 - [MESSAGE][PASSED] - Object: 'Object Repository/Product/productTab' is clicked on

2021-01-13 12:48:11 - [MESSAGE][PASSED] - Object 'Object Repository/Product/addProductButton' is present

2021-01-13 12:48:12 - [MESSAGE][PASSED] - Object 'Object Repository/Product/addProductButton' is visible

2021-01-13 12:48:12 - [MESSAGE][PASSED] - Object 'Object Repository/Product/addProductButton' is clickable

2021-01-13 12:48:12 - [MESSAGE][PASSED] - Object: 'Object Repository/Product/addProductButton' is clicked on

2021-01-13 12:48:13 - [MESSAGE][PASSED] - Object 'Object Repository/Product/productNameInput' is present

2021-01-13 12:48:13 - [MESSAGE][PASSED] - Object 'Object Repository/Product/productNameInput' is visible

2021-01-13 12:48:13 - [MESSAGE][PASSED] - Object 'Object Repository/Product/productNameInput' is clickable

2021-01-13 12:48:13 - [MESSAGE][PASSED] - Text of object 'Object Repository/Product/productNameInput' is cleared

2021-01-13 12:48:14 - [MESSAGE][PASSED] - Keys 'RandomProduct733' sent to object: 'Object Repository/Product/productNameInput'

2021-01-13 12:48:14 - [MESSAGE][PASSED] - Object 'Object Repository/Product/descriptionFieldInput' is present

2021-01-13 12:48:15 - [MESSAGE][PASSED] - Object 'Object Repository/Product/descriptionFieldInput' is visible

2021-01-13 12:48:15 - [MESSAGE][PASSED] - Object 'Object Repository/Product/descriptionFieldInput' is clickable

2021-01-13 12:48:15 - [MESSAGE][PASSED] - Text of object 'Object Repository/Product/descriptionFieldInput' is cleared

2021-01-13 12:48:15 - [MESSAGE][PASSED] - Keys 'Sample text' sent to object: 'Object Repository/Product/descriptionFieldInput'

2021-01-13 12:48:16 - [MESSAGE][PASSED] - Object 'Object Repository/Product/addproductButtonInAddProductPopUp' is present

2021-01-13 12:48:16 - [MESSAGE][PASSED] - Object 'Object Repository/Product/addproductButtonInAddProductPopUp' is visible

2021-01-13 12:48:16 - [MESSAGE][PASSED] - Object 'Object Repository/Product/addproductButtonInAddProductPopUp' is clickable

2021-01-13 12:48:17 - [MESSAGE][PASSED] - Object: 'Object Repository/Product/addproductButtonInAddProductPopUp' is clicked on

2021-01-13 12:48:17 - [MESSAGE][PASSED] - pages.Product.addProduct is PASSED

2021-01-13 12:48:17 - [TEST_STEP][PASSED] - pages.Product.openAnyExistingProduct(productname): pages.Product.openAnyExistingProduct is PASSED

2021-01-13 12:48:18 - [MESSAGE][PASSED] - Object 'Object Repository/Product/Filter by name' is present

2021-01-13 12:48:18 - [MESSAGE][PASSED] - Object 'Object Repository/Product/Filter by name' is visible

2021-01-13 12:48:18 - [MESSAGE][PASSED] - Object 'Object Repository/Product/Filter by name' is clickable

2021-01-13 12:48:19 - [MESSAGE][PASSED] - Text of object 'Object Repository/Product/Filter by name' is cleared

2021-01-13 12:48:20 - [MESSAGE][PASSED] - Keys '' sent to object: 'Object Repository/Product/Filter by name'

2021-01-13 12:48:20 - [MESSAGE][PASSED] - Keys 'R' sent to object: 'Object Repository/Product/Filter by name'

2021-01-13 12:48:21 - [MESSAGE][PASSED] - Keys 'a' sent to object: 'Object Repository/Product/Filter by name'

2021-01-13 12:48:22 - [MESSAGE][PASSED] - Keys 'n' sent to object: 'Object Repository/Product/Filter by name'

2021-01-13 12:48:23 - [MESSAGE][PASSED] - Keys 'd' sent to object: 'Object Repository/Product/Filter by name'

2021-01-13 12:48:23 - [MESSAGE][PASSED] - Keys 'o' sent to object: 'Object Repository/Product/Filter by name'

2021-01-13 12:48:24 - [MESSAGE][PASSED] - Keys 'm' sent to object: 'Object Repository/Product/Filter by name'

2021-01-13 12:48:24 - [MESSAGE][PASSED] - Keys 'P' sent to object: 'Object Repository/Product/Filter by name'

2021-01-13 12:48:25 - [MESSAGE][PASSED] - Keys 'r' sent to object: 'Object Repository/Product/Filter by name'

2021-01-13 12:48:25 - [MESSAGE][PASSED] - Keys 'o' sent to object: 'Object Repository/Product/Filter by name'

2021-01-13 12:48:26 - [MESSAGE][PASSED] - Keys 'd' sent to object: 'Object Repository/Product/Filter by name'

2021-01-13 12:48:26 - [MESSAGE][PASSED] - Keys 'u' sent to object: 'Object Repository/Product/Filter by name'

2021-01-13 12:48:27 - [MESSAGE][PASSED] - Keys 'c' sent to object: 'Object Repository/Product/Filter by name'

2021-01-13 12:48:27 - [MESSAGE][PASSED] - Keys 't' sent to object: 'Object Repository/Product/Filter by name'

2021-01-13 12:48:28 - [MESSAGE][PASSED] - Keys '7' sent to object: 'Object Repository/Product/Filter by name'

2021-01-13 12:48:29 - [MESSAGE][PASSED] - Keys '3' sent to object: 'Object Repository/Product/Filter by name'

2021-01-13 12:48:29 - [MESSAGE][PASSED] - Keys '3' sent to object: 'Object Repository/Product/Filter by name'

2021-01-13 12:48:30 - [MESSAGE][PASSED] - Scroll to object 'Object Repository/Product/productName(Name)' successfully

2021-01-13 12:48:30 - [MESSAGE][PASSED] - Object 'Object Repository/Product/productName(Name)' is present

2021-01-13 12:48:31 - [MESSAGE][PASSED] - Object 'Object Repository/Product/productName(Name)' is visible

2021-01-13 12:48:31 - [MESSAGE][PASSED] - Object 'Object Repository/Product/productName(Name)' is clickable

2021-01-13 12:48:31 - [MESSAGE][PASSED] - Object: 'Object Repository/Product/productName(Name)' is clicked on

2021-01-13 12:48:31 - [MESSAGE][PASSED] - pages.Product.openAnyExistingProduct is PASSED

2021-01-13 12:48:31 - [TEST_STEP][PASSED] - editedName = pages.Product.editProductName(): pages.Product.editProductName is PASSED

2021-01-13 12:48:36 - [MESSAGE][PASSED] - Delayed 5 second(s)

2021-01-13 12:48:37 - [MESSAGE][PASSED] - Text of object 'Object Repository/Product/ProductEditPage/productNameInput' is cleared

2021-01-13 12:48:37 - [MESSAGE][PASSED] - Object 'Object Repository/Product/ProductEditPage/productNameInput' is present

2021-01-13 12:48:37 - [MESSAGE][PASSED] - Object 'Object Repository/Product/ProductEditPage/productNameInput' is visible

2021-01-13 12:48:38 - [MESSAGE][PASSED] - Object 'Object Repository/Product/ProductEditPage/productNameInput' is clickable

2021-01-13 12:48:38 - [MESSAGE][PASSED] - Text of object 'Object Repository/Product/ProductEditPage/productNameInput' is cleared

2021-01-13 12:48:38 - [MESSAGE][PASSED] - Keys 'RandomProduct924' sent to object: 'Object Repository/Product/ProductEditPage/productNameInput'

2021-01-13 12:48:39 - [MESSAGE][PASSED] - Object 'Object Repository/Product/ProductEditPage/saveChangesButton' is present

2021-01-13 12:48:39 - [MESSAGE][PASSED] - Object 'Object Repository/Product/ProductEditPage/saveChangesButton' is visible

2021-01-13 12:48:39 - [MESSAGE][PASSED] - Object 'Object Repository/Product/ProductEditPage/saveChangesButton' is clickable

2021-01-13 12:48:40 - [MESSAGE][PASSED] - Object: 'Object Repository/Product/ProductEditPage/saveChangesButton' is clicked on

2021-01-13 12:48:40 - [MESSAGE][PASSED] - Object 'Object Repository/Product/ProductEditPage/closeButton' is present

2021-01-13 12:48:40 - [MESSAGE][PASSED] - Object 'Object Repository/Product/ProductEditPage/closeButton' is visible

2021-01-13 12:48:41 - [MESSAGE][PASSED] - Object 'Object Repository/Product/ProductEditPage/closeButton' is clickable

2021-01-13 12:48:41 - [MESSAGE][PASSED] - Object: 'Object Repository/Product/ProductEditPage/closeButton' is clicked on

2021-01-13 12:48:41 - [MESSAGE][PASSED] - pages.Product.editProductName is PASSED

2021-01-13 12:48:41 - [TEST_STEP][PASSED] - pages.Product.verifyProductAdded(editedName): pages.Product.verifyProductAdded is PASSED

2021-01-13 12:48:41 - [MESSAGE][PASSED] - Object 'Object Repository/Product/Filter by name' is present

2021-01-13 12:48:42 - [MESSAGE][PASSED] - Object 'Object Repository/Product/Filter by name' is visible

2021-01-13 12:48:43 - [MESSAGE][PASSED] - Object 'Object Repository/Product/Filter by name' is clickable

2021-01-13 12:48:43 - [MESSAGE][PASSED] - Text of object 'Object Repository/Product/Filter by name' is cleared

2021-01-13 12:48:43 - [MESSAGE][PASSED] - Keys '' sent to object: 'Object Repository/Product/Filter by name'

2021-01-13 12:48:43 - [MESSAGE][PASSED] - Keys 'R' sent to object: 'Object Repository/Product/Filter by name'

2021-01-13 12:48:44 - [MESSAGE][PASSED] - Keys 'a' sent to object: 'Object Repository/Product/Filter by name'

2021-01-13 12:48:44 - [MESSAGE][PASSED] - Keys 'n' sent to object: 'Object Repository/Product/Filter by name'

2021-01-13 12:48:46 - [MESSAGE][PASSED] - Keys 'd' sent to object: 'Object Repository/Product/Filter by name'

2021-01-13 12:48:46 - [MESSAGE][PASSED] - Keys 'o' sent to object: 'Object Repository/Product/Filter by name'

2021-01-13 12:48:46 - [MESSAGE][PASSED] - Keys 'm' sent to object: 'Object Repository/Product/Filter by name'

2021-01-13 12:48:47 - [MESSAGE][PASSED] - Keys 'P' sent to object: 'Object Repository/Product/Filter by name'

2021-01-13 12:48:47 - [MESSAGE][PASSED] - Keys 'r' sent to object: 'Object Repository/Product/Filter by name'

2021-01-13 12:48:48 - [MESSAGE][PASSED] - Keys 'o' sent to object: 'Object Repository/Product/Filter by name'

2021-01-13 12:48:48 - [MESSAGE][PASSED] - Keys 'd' sent to object: 'Object Repository/Product/Filter by name'

2021-01-13 12:48:49 - [MESSAGE][PASSED] - Keys 'u' sent to object: 'Object Repository/Product/Filter by name'

2021-01-13 12:48:49 - [MESSAGE][PASSED] - Keys 'c' sent to object: 'Object Repository/Product/Filter by name'

2021-01-13 12:48:50 - [MESSAGE][PASSED] - Keys 't' sent to object: 'Object Repository/Product/Filter by name'

2021-01-13 12:48:50 - [MESSAGE][PASSED] - Keys '9' sent to object: 'Object Repository/Product/Filter by name'

2021-01-13 12:48:52 - [MESSAGE][PASSED] - Keys '2' sent to object: 'Object Repository/Product/Filter by name'

2021-01-13 12:48:52 - [MESSAGE][PASSED] - Keys '4' sent to object: 'Object Repository/Product/Filter by name'

2021-01-13 12:48:53 - [MESSAGE][PASSED] - Object 'Object Repository/Product/productName(Name)' is present

2021-01-13 12:48:53 - [MESSAGE][PASSED] - pages.Product.verifyProductAdded is PASSED

2021-01-13 12:48:53 - [TEST_STEP][PASSED] - pages.Product.verifyProductNotPresent(productname): pages.Product.verifyProductNotPresent is PASSED

2021-01-13 12:48:53 - [MESSAGE][PASSED] - Object 'Object Repository/Product/Filter by name' is present

2021-01-13 12:48:53 - [MESSAGE][PASSED] - Object 'Object Repository/Product/Filter by name' is visible

2021-01-13 12:48:54 - [MESSAGE][PASSED] - Object 'Object Repository/Product/Filter by name' is clickable

2021-01-13 12:48:54 - [MESSAGE][PASSED] - Text of object 'Object Repository/Product/Filter by name' is cleared

2021-01-13 12:48:56 - [MESSAGE][PASSED] - Keys '' sent to object: 'Object Repository/Product/Filter by name'

2021-01-13 12:48:57 - [MESSAGE][PASSED] - Keys 'R' sent to object: 'Object Repository/Product/Filter by name'

2021-01-13 12:48:58 - [MESSAGE][PASSED] - Keys 'a' sent to object: 'Object Repository/Product/Filter by name'

2021-01-13 12:48:58 - [MESSAGE][PASSED] - Keys 'n' sent to object: 'Object Repository/Product/Filter by name'

2021-01-13 12:49:00 - [MESSAGE][PASSED] - Keys 'd' sent to object: 'Object Repository/Product/Filter by name'

2021-01-13 12:49:00 - [MESSAGE][PASSED] - Keys 'o' sent to object: 'Object Repository/Product/Filter by name'

2021-01-13 12:49:01 - [MESSAGE][PASSED] - Keys 'm' sent to object: 'Object Repository/Product/Filter by name'

2021-01-13 12:49:01 - [MESSAGE][PASSED] - Keys 'P' sent to object: 'Object Repository/Product/Filter by name'

2021-01-13 12:49:02 - [MESSAGE][PASSED] - Keys 'r' sent to object: 'Object Repository/Product/Filter by name'

2021-01-13 12:49:02 - [MESSAGE][PASSED] - Keys 'o' sent to object: 'Object Repository/Product/Filter by name'

2021-01-13 12:49:03 - [MESSAGE][PASSED] - Keys 'd' sent to object: 'Object Repository/Product/Filter by name'

2021-01-13 12:49:03 - [MESSAGE][PASSED] - Keys 'u' sent to object: 'Object Repository/Product/Filter by name'

2021-01-13 12:49:04 - [MESSAGE][PASSED] - Keys 'c' sent to object: 'Object Repository/Product/Filter by name'

2021-01-13 12:49:04 - [MESSAGE][PASSED] - Keys 't' sent to object: 'Object Repository/Product/Filter by name'

2021-01-13 12:49:05 - [MESSAGE][PASSED] - Keys '7' sent to object: 'Object Repository/Product/Filter by name'

2021-01-13 12:49:05 - [MESSAGE][PASSED] - Keys '3' sent to object: 'Object Repository/Product/Filter by name'

2021-01-13 12:49:06 - [MESSAGE][PASSED] - Keys '3' sent to object: 'Object Repository/Product/Filter by name'

2021-01-13 12:49:06 - [MESSAGE][PASSED] - Web element with id: 'Object Repository/Product/productName(Name)' located by 'By.xpath: //div[text()='RandomProduct733']/../..
' is not present after '30' second(s)

2021-01-13 12:49:06 - [MESSAGE][PASSED] - pages.Product.verifyProductNotPresent is PASSED]]></system-out>
         <system-err><![CDATA[]]></system-err>
      </testcase>
      <testcase name="Test Cases/Admin/Product/openExistingProductNavigatesToProductEditPage" time="21.771" classname="Test Cases/Admin/Product/openExistingProductNavigatesToProductEditPage" status="PASSED">
         <system-out><![CDATA[2021-01-13 12:49:06 - [TEST_CASE][PASSED] - Test Cases/Admin/Product/openExistingProductNavigatesToProductEditPage: Test Cases/Admin/Product/openExistingProductNavigatesToProductEditPage

2021-01-13 12:49:06 - [TEST_STEP][PASSED] - Start listener action : login: null

2021-01-13 12:49:06 - [TEST_STEP][PASSED] - Thread.sleep(3000): null

2021-01-13 12:49:09 - [TEST_STEP][PASSED] - url = getUrl(): Current window's url is: 'https://dev-admin.modist.co/dashboard'

2021-01-13 12:49:09 - [MESSAGE][PASSED] - Current window's url is: 'https://dev-admin.modist.co/dashboard'

2021-01-13 12:49:09 - [TEST_STEP][PASSED] - if (!(url.contains("dashboard"))): null

2021-01-13 12:49:10 - [TEST_STEP][PASSED] - productName = pages.Product.getRandomProductNmae(): pages.Product.getRandomProductNmae is PASSED

2021-01-13 12:49:10 - [MESSAGE][PASSED] - Object 'Object Repository/Product/productTab' is present

2021-01-13 12:49:10 - [MESSAGE][PASSED] - Object 'Object Repository/Product/productTab' is visible

2021-01-13 12:49:11 - [MESSAGE][PASSED] - Object 'Object Repository/Product/productTab' is clickable

2021-01-13 12:49:11 - [MESSAGE][PASSED] - Object: 'Object Repository/Product/productTab' is clicked on

2021-01-13 12:49:11 - [MESSAGE][PASSED] - Object 'Object Repository/Product/productsCount' is present

2021-01-13 12:49:12 - [MESSAGE][PASSED] - Text of object 'Object Repository/Product/randomProduct(index)' is: 'RandomProduct761'

2021-01-13 12:49:12 - [MESSAGE][PASSED] - pages.Product.getRandomProductNmae is PASSED

2021-01-13 12:49:12 - [TEST_STEP][PASSED] - pages.Product.openAnyExistingProduct(productName): pages.Product.openAnyExistingProduct is PASSED

2021-01-13 12:49:12 - [MESSAGE][PASSED] - Object 'Object Repository/Product/Filter by name' is present

2021-01-13 12:49:13 - [MESSAGE][PASSED] - Object 'Object Repository/Product/Filter by name' is visible

2021-01-13 12:49:13 - [MESSAGE][PASSED] - Object 'Object Repository/Product/Filter by name' is clickable

2021-01-13 12:49:13 - [MESSAGE][PASSED] - Text of object 'Object Repository/Product/Filter by name' is cleared

2021-01-13 12:49:14 - [MESSAGE][PASSED] - Keys '' sent to object: 'Object Repository/Product/Filter by name'

2021-01-13 12:49:15 - [MESSAGE][PASSED] - Keys 'R' sent to object: 'Object Repository/Product/Filter by name'

2021-01-13 12:49:16 - [MESSAGE][PASSED] - Keys 'a' sent to object: 'Object Repository/Product/Filter by name'

2021-01-13 12:49:16 - [MESSAGE][PASSED] - Keys 'n' sent to object: 'Object Repository/Product/Filter by name'

2021-01-13 12:49:17 - [MESSAGE][PASSED] - Keys 'd' sent to object: 'Object Repository/Product/Filter by name'

2021-01-13 12:49:18 - [MESSAGE][PASSED] - Keys 'o' sent to object: 'Object Repository/Product/Filter by name'

2021-01-13 12:49:19 - [MESSAGE][PASSED] - Keys 'm' sent to object: 'Object Repository/Product/Filter by name'

2021-01-13 12:49:19 - [MESSAGE][PASSED] - Keys 'P' sent to object: 'Object Repository/Product/Filter by name'

2021-01-13 12:49:20 - [MESSAGE][PASSED] - Keys 'r' sent to object: 'Object Repository/Product/Filter by name'

2021-01-13 12:49:20 - [MESSAGE][PASSED] - Keys 'o' sent to object: 'Object Repository/Product/Filter by name'

2021-01-13 12:49:21 - [MESSAGE][PASSED] - Keys 'd' sent to object: 'Object Repository/Product/Filter by name'

2021-01-13 12:49:21 - [MESSAGE][PASSED] - Keys 'u' sent to object: 'Object Repository/Product/Filter by name'

2021-01-13 12:49:22 - [MESSAGE][PASSED] - Keys 'c' sent to object: 'Object Repository/Product/Filter by name'

2021-01-13 12:49:22 - [MESSAGE][PASSED] - Keys 't' sent to object: 'Object Repository/Product/Filter by name'

2021-01-13 12:49:23 - [MESSAGE][PASSED] - Keys '7' sent to object: 'Object Repository/Product/Filter by name'

2021-01-13 12:49:23 - [MESSAGE][PASSED] - Keys '6' sent to object: 'Object Repository/Product/Filter by name'

2021-01-13 12:49:24 - [MESSAGE][PASSED] - Keys '1' sent to object: 'Object Repository/Product/Filter by name'

2021-01-13 12:49:25 - [MESSAGE][PASSED] - Scroll to object 'Object Repository/Product/productName(Name)' successfully

2021-01-13 12:49:25 - [MESSAGE][PASSED] - Object 'Object Repository/Product/productName(Name)' is present

2021-01-13 12:49:25 - [MESSAGE][PASSED] - Object 'Object Repository/Product/productName(Name)' is visible

2021-01-13 12:49:26 - [MESSAGE][PASSED] - Object 'Object Repository/Product/productName(Name)' is clickable

2021-01-13 12:49:26 - [MESSAGE][PASSED] - Object: 'Object Repository/Product/productName(Name)' is clicked on

2021-01-13 12:49:26 - [MESSAGE][PASSED] - pages.Product.openAnyExistingProduct is PASSED

2021-01-13 12:49:26 - [TEST_STEP][PASSED] - pages.Product.verifyProductEditPage(): pages.Product.verifyProductEditPage is PASSED

2021-01-13 12:49:27 - [MESSAGE][PASSED] - Object 'Object Repository/Product/ProductEditPage/productEditPageVerification' is present

2021-01-13 12:49:27 - [MESSAGE][PASSED] - Object 'Object Repository/Product/ProductEditPage/closeButton' is present

2021-01-13 12:49:27 - [MESSAGE][PASSED] - Object 'Object Repository/Product/ProductEditPage/closeButton' is visible

2021-01-13 12:49:28 - [MESSAGE][PASSED] - Object 'Object Repository/Product/ProductEditPage/closeButton' is clickable

2021-01-13 12:49:28 - [MESSAGE][PASSED] - Object: 'Object Repository/Product/ProductEditPage/closeButton' is clicked on

2021-01-13 12:49:28 - [MESSAGE][PASSED] - pages.Product.verifyProductEditPage is PASSED]]></system-out>
         <system-err><![CDATA[]]></system-err>
      </testcase>
      <testcase name="Test Cases/Admin/Product/verifyAddProductPopUp" time="8.998" classname="Test Cases/Admin/Product/verifyAddProductPopUp" status="PASSED">
         <system-out><![CDATA[2021-01-13 12:49:28 - [TEST_CASE][PASSED] - Test Cases/Admin/Product/verifyAddProductPopUp: Test Cases/Admin/Product/verifyAddProductPopUp

2021-01-13 12:49:28 - [TEST_STEP][PASSED] - Start listener action : login: null

2021-01-13 12:49:28 - [TEST_STEP][PASSED] - Thread.sleep(3000): null

2021-01-13 12:49:31 - [TEST_STEP][PASSED] - url = getUrl(): Current window's url is: 'https://dev-admin.modist.co/dashboard'

2021-01-13 12:49:31 - [MESSAGE][PASSED] - Current window's url is: 'https://dev-admin.modist.co/dashboard'

2021-01-13 12:49:31 - [TEST_STEP][PASSED] - if (!(url.contains("dashboard"))): null

2021-01-13 12:49:32 - [TEST_STEP][PASSED] - pages.Product.clickOnProductTab(): pages.Product.clickOnProductTab is PASSED

2021-01-13 12:49:32 - [MESSAGE][PASSED] - Object 'Object Repository/Product/productTab' is present

2021-01-13 12:49:32 - [MESSAGE][PASSED] - Object 'Object Repository/Product/productTab' is visible

2021-01-13 12:49:32 - [MESSAGE][PASSED] - Object 'Object Repository/Product/productTab' is clickable

2021-01-13 12:49:33 - [MESSAGE][PASSED] - Object: 'Object Repository/Product/productTab' is clicked on

2021-01-13 12:49:33 - [MESSAGE][PASSED] - pages.Product.clickOnProductTab is PASSED

2021-01-13 12:49:33 - [TEST_STEP][PASSED] - pages.Product.clickOnAddProductButton(): pages.Product.clickOnAddProductButton is PASSED

2021-01-13 12:49:33 - [MESSAGE][PASSED] - Object 'Object Repository/Product/addProductButton' is present

2021-01-13 12:49:34 - [MESSAGE][PASSED] - Object 'Object Repository/Product/addProductButton' is visible

2021-01-13 12:49:34 - [MESSAGE][PASSED] - Object 'Object Repository/Product/addProductButton' is clickable

2021-01-13 12:49:34 - [MESSAGE][PASSED] - Object: 'Object Repository/Product/addProductButton' is clicked on

2021-01-13 12:49:34 - [MESSAGE][PASSED] - pages.Product.clickOnAddProductButton is PASSED

2021-01-13 12:49:34 - [TEST_STEP][PASSED] - pages.Product.verifyProductPopUp(): pages.Product.verifyProductPopUp is PASSED

2021-01-13 12:49:35 - [MESSAGE][PASSED] - Object 'Object Repository/Product/productNameInput' is present

2021-01-13 12:49:35 - [MESSAGE][PASSED] - Object 'Object Repository/Product/descriptionFieldInput' is present

2021-01-13 12:49:35 - [MESSAGE][PASSED] - Object 'Object Repository/Product/cancelButtonInAddProductPopUp' is present

2021-01-13 12:49:36 - [MESSAGE][PASSED] - Object 'Object Repository/Product/addproductButtonInAddProductPopUp' is present

2021-01-13 12:49:36 - [MESSAGE][PASSED] - Object 'Object Repository/Product/publishedDropDown' is present

2021-01-13 12:49:36 - [MESSAGE][PASSED] - Object 'Object Repository/Product/cancelButtonInAddProductPopUp' is present

2021-01-13 12:49:36 - [MESSAGE][PASSED] - Object 'Object Repository/Product/cancelButtonInAddProductPopUp' is visible

2021-01-13 12:49:37 - [MESSAGE][PASSED] - Object 'Object Repository/Product/cancelButtonInAddProductPopUp' is clickable

2021-01-13 12:49:37 - [MESSAGE][PASSED] - Object: 'Object Repository/Product/cancelButtonInAddProductPopUp' is clicked on

2021-01-13 12:49:37 - [MESSAGE][PASSED] - pages.Product.verifyProductPopUp is PASSED]]></system-out>
         <system-err><![CDATA[]]></system-err>
      </testcase>
      <testcase name="Test Cases/Admin/Product/verifyCloseButtonFunctionalityInProductEditPage" time="18.503" classname="Test Cases/Admin/Product/verifyCloseButtonFunctionalityInProductEditPage" status="PASSED">
         <system-out><![CDATA[2021-01-13 12:49:37 - [TEST_CASE][PASSED] - Test Cases/Admin/Product/verifyCloseButtonFunctionalityInProductEditPage: Test Cases/Admin/Product/verifyCloseButtonFunctionalityInProductEditPage

2021-01-13 12:49:37 - [TEST_STEP][PASSED] - Start listener action : login: null

2021-01-13 12:49:37 - [TEST_STEP][PASSED] - Thread.sleep(3000): null

2021-01-13 12:49:40 - [TEST_STEP][PASSED] - url = getUrl(): Current window's url is: 'https://dev-admin.modist.co/dashboard'

2021-01-13 12:49:40 - [MESSAGE][PASSED] - Current window's url is: 'https://dev-admin.modist.co/dashboard'

2021-01-13 12:49:40 - [TEST_STEP][PASSED] - if (!(url.contains("dashboard"))): null

2021-01-13 12:49:41 - [TEST_STEP][PASSED] - productname = pages.Product.getRandomProductNmae(): pages.Product.getRandomProductNmae is PASSED

2021-01-13 12:49:41 - [MESSAGE][PASSED] - Object 'Object Repository/Product/productTab' is present

2021-01-13 12:49:41 - [MESSAGE][PASSED] - Object 'Object Repository/Product/productTab' is visible

2021-01-13 12:49:41 - [MESSAGE][PASSED] - Object 'Object Repository/Product/productTab' is clickable

2021-01-13 12:49:42 - [MESSAGE][PASSED] - Object: 'Object Repository/Product/productTab' is clicked on

2021-01-13 12:49:42 - [MESSAGE][PASSED] - Object 'Object Repository/Product/productsCount' is present

2021-01-13 12:49:43 - [MESSAGE][PASSED] - Text of object 'Object Repository/Product/randomProduct(index)' is: 'Toy car1'

2021-01-13 12:49:43 - [MESSAGE][PASSED] - pages.Product.getRandomProductNmae is PASSED

2021-01-13 12:49:43 - [TEST_STEP][PASSED] - pages.Product.openAnyExistingProduct(productname): pages.Product.openAnyExistingProduct is PASSED

2021-01-13 12:49:43 - [MESSAGE][PASSED] - Object 'Object Repository/Product/Filter by name' is present

2021-01-13 12:49:43 - [MESSAGE][PASSED] - Object 'Object Repository/Product/Filter by name' is visible

2021-01-13 12:49:44 - [MESSAGE][PASSED] - Object 'Object Repository/Product/Filter by name' is clickable

2021-01-13 12:49:44 - [MESSAGE][PASSED] - Text of object 'Object Repository/Product/Filter by name' is cleared

2021-01-13 12:49:44 - [MESSAGE][PASSED] - Keys '' sent to object: 'Object Repository/Product/Filter by name'

2021-01-13 12:49:45 - [MESSAGE][PASSED] - Keys 'T' sent to object: 'Object Repository/Product/Filter by name'

2021-01-13 12:49:45 - [MESSAGE][PASSED] - Keys 'o' sent to object: 'Object Repository/Product/Filter by name'

2021-01-13 12:49:46 - [MESSAGE][PASSED] - Keys 'y' sent to object: 'Object Repository/Product/Filter by name'

2021-01-13 12:49:47 - [MESSAGE][PASSED] - Keys ' ' sent to object: 'Object Repository/Product/Filter by name'

2021-01-13 12:49:47 - [MESSAGE][PASSED] - Keys 'c' sent to object: 'Object Repository/Product/Filter by name'

2021-01-13 12:49:48 - [MESSAGE][PASSED] - Keys 'a' sent to object: 'Object Repository/Product/Filter by name'

2021-01-13 12:49:49 - [MESSAGE][PASSED] - Keys 'r' sent to object: 'Object Repository/Product/Filter by name'

2021-01-13 12:49:50 - [MESSAGE][PASSED] - Keys '1' sent to object: 'Object Repository/Product/Filter by name'

2021-01-13 12:49:51 - [MESSAGE][PASSED] - Scroll to object 'Object Repository/Product/productName(Name)' successfully

2021-01-13 12:49:51 - [MESSAGE][PASSED] - Object 'Object Repository/Product/productName(Name)' is present

2021-01-13 12:49:51 - [MESSAGE][PASSED] - Object 'Object Repository/Product/productName(Name)' is visible

2021-01-13 12:49:52 - [MESSAGE][PASSED] - Object 'Object Repository/Product/productName(Name)' is clickable

2021-01-13 12:49:52 - [MESSAGE][PASSED] - Object: 'Object Repository/Product/productName(Name)' is clicked on

2021-01-13 12:49:52 - [MESSAGE][PASSED] - pages.Product.openAnyExistingProduct is PASSED

2021-01-13 12:49:52 - [TEST_STEP][PASSED] - pages.Product.clickCloseButtonInProductEditPage(): pages.Product.clickCloseButtonInProductEditPage is PASSED

2021-01-13 12:49:53 - [MESSAGE][PASSED] - Object 'Object Repository/Product/ProductEditPage/closeButton' is present

2021-01-13 12:49:55 - [MESSAGE][PASSED] - Object 'Object Repository/Product/ProductEditPage/closeButton' is visible

2021-01-13 12:49:55 - [MESSAGE][PASSED] - Object 'Object Repository/Product/ProductEditPage/closeButton' is clickable

2021-01-13 12:49:55 - [MESSAGE][PASSED] - Object: 'Object Repository/Product/ProductEditPage/closeButton' is clicked on

2021-01-13 12:49:55 - [MESSAGE][PASSED] - pages.Product.clickCloseButtonInProductEditPage is PASSED

2021-01-13 12:49:55 - [TEST_STEP][PASSED] - pages.Product.verifyAddProductButton(): pages.Product.verifyAddProductButton is PASSED

2021-01-13 12:49:56 - [MESSAGE][PASSED] - Object 'Object Repository/Product/addProductButton' is present

2021-01-13 12:49:56 - [MESSAGE][PASSED] - pages.Product.verifyAddProductButton is PASSED]]></system-out>
         <system-err><![CDATA[]]></system-err>
      </testcase>
      <testcase name="Test Cases/Admin/Product/verifyDragAndDropFunctionalityInProductAssets" time="31.004" classname="Test Cases/Admin/Product/verifyDragAndDropFunctionalityInProductAssets" status="PASSED">
         <system-out><![CDATA[2021-01-13 12:49:56 - [TEST_CASE][PASSED] - Test Cases/Admin/Product/verifyDragAndDropFunctionalityInProductAssets: Test Cases/Admin/Product/verifyDragAndDropFunctionalityInProductAssets

2021-01-13 12:49:56 - [TEST_STEP][PASSED] - Start listener action : login: null

2021-01-13 12:49:56 - [TEST_STEP][PASSED] - Thread.sleep(3000): null

2021-01-13 12:49:59 - [TEST_STEP][PASSED] - url = getUrl(): Current window's url is: 'https://dev-admin.modist.co/dashboard'

2021-01-13 12:49:59 - [MESSAGE][PASSED] - Current window's url is: 'https://dev-admin.modist.co/dashboard'

2021-01-13 12:49:59 - [TEST_STEP][PASSED] - if (!(url.contains("dashboard"))): null

2021-01-13 12:49:59 - [TEST_STEP][PASSED] - pages.Product.clickOnProductTab(): pages.Product.clickOnProductTab is PASSED

2021-01-13 12:49:59 - [MESSAGE][PASSED] - Object 'Object Repository/Product/productTab' is present

2021-01-13 12:50:00 - [MESSAGE][PASSED] - Object 'Object Repository/Product/productTab' is visible

2021-01-13 12:50:00 - [MESSAGE][PASSED] - Object 'Object Repository/Product/productTab' is clickable

2021-01-13 12:50:00 - [MESSAGE][PASSED] - Object: 'Object Repository/Product/productTab' is clicked on

2021-01-13 12:50:00 - [MESSAGE][PASSED] - pages.Product.clickOnProductTab is PASSED

2021-01-13 12:50:00 - [TEST_STEP][PASSED] - productName = pages.Product.getRandomProductNmae(): pages.Product.getRandomProductNmae is PASSED

2021-01-13 12:50:01 - [MESSAGE][PASSED] - Object 'Object Repository/Product/productTab' is present

2021-01-13 12:50:01 - [MESSAGE][PASSED] - Object 'Object Repository/Product/productTab' is visible

2021-01-13 12:50:01 - [MESSAGE][PASSED] - Object 'Object Repository/Product/productTab' is clickable

2021-01-13 12:50:02 - [MESSAGE][PASSED] - Object: 'Object Repository/Product/productTab' is clicked on

2021-01-13 12:50:02 - [MESSAGE][PASSED] - Object 'Object Repository/Product/productsCount' is present

2021-01-13 12:50:03 - [MESSAGE][PASSED] - Text of object 'Object Repository/Product/randomProduct(index)' is: 'remote toy craft1'

2021-01-13 12:50:03 - [MESSAGE][PASSED] - pages.Product.getRandomProductNmae is PASSED

2021-01-13 12:50:03 - [TEST_STEP][PASSED] - pages.Product.openAnyExistingProduct(productName): pages.Product.openAnyExistingProduct is PASSED

2021-01-13 12:50:03 - [MESSAGE][PASSED] - Object 'Object Repository/Product/Filter by name' is present

2021-01-13 12:50:03 - [MESSAGE][PASSED] - Object 'Object Repository/Product/Filter by name' is visible

2021-01-13 12:50:04 - [MESSAGE][PASSED] - Object 'Object Repository/Product/Filter by name' is clickable

2021-01-13 12:50:04 - [MESSAGE][PASSED] - Text of object 'Object Repository/Product/Filter by name' is cleared

2021-01-13 12:50:04 - [MESSAGE][PASSED] - Keys '' sent to object: 'Object Repository/Product/Filter by name'

2021-01-13 12:50:04 - [MESSAGE][PASSED] - Keys 'r' sent to object: 'Object Repository/Product/Filter by name'

2021-01-13 12:50:06 - [MESSAGE][PASSED] - Keys 'e' sent to object: 'Object Repository/Product/Filter by name'

2021-01-13 12:50:06 - [MESSAGE][PASSED] - Keys 'm' sent to object: 'Object Repository/Product/Filter by name'

2021-01-13 12:50:07 - [MESSAGE][PASSED] - Keys 'o' sent to object: 'Object Repository/Product/Filter by name'

2021-01-13 12:50:08 - [MESSAGE][PASSED] - Keys 't' sent to object: 'Object Repository/Product/Filter by name'

2021-01-13 12:50:09 - [MESSAGE][PASSED] - Keys 'e' sent to object: 'Object Repository/Product/Filter by name'

2021-01-13 12:50:09 - [MESSAGE][PASSED] - Keys ' ' sent to object: 'Object Repository/Product/Filter by name'

2021-01-13 12:50:10 - [MESSAGE][PASSED] - Keys 't' sent to object: 'Object Repository/Product/Filter by name'

2021-01-13 12:50:11 - [MESSAGE][PASSED] - Keys 'o' sent to object: 'Object Repository/Product/Filter by name'

2021-01-13 12:50:12 - [MESSAGE][PASSED] - Keys 'y' sent to object: 'Object Repository/Product/Filter by name'

2021-01-13 12:50:12 - [MESSAGE][PASSED] - Keys ' ' sent to object: 'Object Repository/Product/Filter by name'

2021-01-13 12:50:13 - [MESSAGE][PASSED] - Keys 'c' sent to object: 'Object Repository/Product/Filter by name'

2021-01-13 12:50:14 - [MESSAGE][PASSED] - Keys 'r' sent to object: 'Object Repository/Product/Filter by name'

2021-01-13 12:50:15 - [MESSAGE][PASSED] - Keys 'a' sent to object: 'Object Repository/Product/Filter by name'

2021-01-13 12:50:15 - [MESSAGE][PASSED] - Keys 'f' sent to object: 'Object Repository/Product/Filter by name'

2021-01-13 12:50:16 - [MESSAGE][PASSED] - Keys 't' sent to object: 'Object Repository/Product/Filter by name'

2021-01-13 12:50:17 - [MESSAGE][PASSED] - Keys '1' sent to object: 'Object Repository/Product/Filter by name'

2021-01-13 12:50:17 - [MESSAGE][PASSED] - Scroll to object 'Object Repository/Product/productName(Name)' successfully

2021-01-13 12:50:17 - [MESSAGE][PASSED] - Object 'Object Repository/Product/productName(Name)' is present

2021-01-13 12:50:18 - [MESSAGE][PASSED] - Object 'Object Repository/Product/productName(Name)' is visible

2021-01-13 12:50:18 - [MESSAGE][PASSED] - Object 'Object Repository/Product/productName(Name)' is clickable

2021-01-13 12:50:19 - [MESSAGE][PASSED] - Object: 'Object Repository/Product/productName(Name)' is clicked on

2021-01-13 12:50:19 - [MESSAGE][PASSED] - pages.Product.openAnyExistingProduct is PASSED

2021-01-13 12:50:19 - [TEST_STEP][PASSED] - pages.Product.changePositionOfItemInProductAssets(findTestObject("Object Repository/Product/Test/imageSource(index)", ["index":1]), 2, true): pages.Product.changePositionOfItemInProductAssets is PASSED

2021-01-13 12:50:19 - [MESSAGE][PASSED] - Scroll to object 'Object Repository/Product/ProductEditPage/ProductAssets/ProductAssets' successfully

2021-01-13 12:50:27 - [MESSAGE][PASSED] - Actual object '3' and expected object '3' are equal

2021-01-13 12:50:27 - [MESSAGE][PASSED] - pages.Product.changePositionOfItemInProductAssets is PASSED]]></system-out>
         <system-err><![CDATA[]]></system-err>
      </testcase>
      <testcase name="Test Cases/Admin/Product/verifyDragAndDropFunctionalityInRelatedAssets" time="29.193" classname="Test Cases/Admin/Product/verifyDragAndDropFunctionalityInRelatedAssets" status="PASSED">
         <system-out><![CDATA[2021-01-13 12:50:27 - [TEST_CASE][PASSED] - Test Cases/Admin/Product/verifyDragAndDropFunctionalityInRelatedAssets: Test Cases/Admin/Product/verifyDragAndDropFunctionalityInRelatedAssets

2021-01-13 12:50:27 - [TEST_STEP][PASSED] - Start listener action : login: com.kms.katalon.core.webui.exception.WebElementNotFoundException: Web element with id: 'Object Repository/Login Credentials/Email' located by '//input[@name='email']' not found (Root cause: com.kms.katalon.core.exception.StepFailedException: com.kms.katalon.core.webui.exception.WebElementNotFoundException: Web element with id: 'Object Repository/Login Credentials/Email' located by '//input[@name='email']' not found
	at com.kms.katalon.core.webui.keyword.internal.WebUIKeywordMain.stepFailed(WebUIKeywordMain.groovy:64)
	at com.kms.katalon.core.webui.keyword.builtin.VerifyElementPresentKeyword$_verifyElementPresent_closure1.doCall(VerifyElementPresentKeyword.groovy:85)
	at com.kms.katalon.core.webui.keyword.builtin.VerifyElementPresentKeyword$_verifyElementPresent_closure1.call(VerifyElementPresentKeyword.groovy)
	at com.kms.katalon.core.webui.keyword.internal.WebUIKeywordMain.runKeyword(WebUIKeywordMain.groovy:20)
	at com.kms.katalon.core.webui.keyword.builtin.VerifyElementPresentKeyword.verifyElementPresent(VerifyElementPresentKeyword.groovy:92)
	at com.kms.katalon.core.webui.keyword.builtin.VerifyElementPresentKeyword.execute(VerifyElementPresentKeyword.groovy:68)
	at com.kms.katalon.core.keyword.internal.KeywordExecutor.executeKeywordForPlatform(KeywordExecutor.groovy:73)
	at com.kms.katalon.core.webui.keyword.WebUiBuiltInKeywords.verifyElementPresent(WebUiBuiltInKeywords.groovy:1445)
	at com.kms.katalon.core.webui.keyword.WebUiBuiltInKeywords$verifyElementPresent$2.call(Unknown Source)
	at login.LoginForAdminDevEnvironment.login(LoginForAdminDevEnvironment.groovy:18)
	at login.LoginForAdminDevEnvironment$login.call(Unknown Source)
	at Login.login(Login.groovy:37)
	at Login.invokeMethod(Login.groovy)
	at com.kms.katalon.core.context.internal.TestHooker.invokeMethod(TestHooker.java:111)
	at com.kms.katalon.core.context.internal.TestHooker.lambda$3(TestHooker.java:95)
	at com.kms.katalon.core.context.internal.TestHooker.invokeContextMethods(TestHooker.java:94)
	at com.kms.katalon.core.context.internal.TestListenerCollector.lambda$3(TestListenerCollector.java:88)
	at com.kms.katalon.core.context.internal.TestListenerCollector.handleListenerEvent(TestListenerCollector.java:85)
	at com.kms.katalon.core.context.internal.ExecutionEventManager.publicEvent(ExecutionEventManager.java:36)
	at com.kms.katalon.core.main.TestCaseExecutor.execute(TestCaseExecutor.java:221)
	at com.kms.katalon.core.main.TestSuiteExecutor.accessTestCaseMainPhase(TestSuiteExecutor.java:191)
	at com.kms.katalon.core.main.TestSuiteExecutor.accessTestSuiteMainPhase(TestSuiteExecutor.java:141)
	at com.kms.katalon.core.main.TestSuiteExecutor.execute(TestSuiteExecutor.java:90)
	at com.kms.katalon.core.main.TestCaseMain.startTestSuite(TestCaseMain.java:157)
	at com.kms.katalon.core.main.TestCaseMain$startTestSuite$0.call(Unknown Source)
	at TempTestSuite1610559105062.run(TempTestSuite1610559105062.groovy:39)
)

2021-01-13 12:50:27 - [TEST_STEP][PASSED] - Thread.sleep(3000): null

2021-01-13 12:50:30 - [TEST_STEP][PASSED] - url = getUrl(): Current window's url is: 'https://dev-admin.modist.co/product/30415'

2021-01-13 12:50:30 - [MESSAGE][PASSED] - Current window's url is: 'https://dev-admin.modist.co/product/30415'

2021-01-13 12:50:30 - [TEST_STEP][PASSED] - if (!(url.contains("dashboard"))): com.kms.katalon.core.webui.exception.WebElementNotFoundException: Web element with id: 'Object Repository/Login Credentials/Email' located by '//input[@name='email']' not found (Root cause: com.kms.katalon.core.exception.StepFailedException: com.kms.katalon.core.webui.exception.WebElementNotFoundException: Web element with id: 'Object Repository/Login Credentials/Email' located by '//input[@name='email']' not found
	at com.kms.katalon.core.webui.keyword.internal.WebUIKeywordMain.stepFailed(WebUIKeywordMain.groovy:64)
	at com.kms.katalon.core.webui.keyword.builtin.VerifyElementPresentKeyword$_verifyElementPresent_closure1.doCall(VerifyElementPresentKeyword.groovy:85)
	at com.kms.katalon.core.webui.keyword.builtin.VerifyElementPresentKeyword$_verifyElementPresent_closure1.call(VerifyElementPresentKeyword.groovy)
	at com.kms.katalon.core.webui.keyword.internal.WebUIKeywordMain.runKeyword(WebUIKeywordMain.groovy:20)
	at com.kms.katalon.core.webui.keyword.builtin.VerifyElementPresentKeyword.verifyElementPresent(VerifyElementPresentKeyword.groovy:92)
	at com.kms.katalon.core.webui.keyword.builtin.VerifyElementPresentKeyword.execute(VerifyElementPresentKeyword.groovy:68)
	at com.kms.katalon.core.keyword.internal.KeywordExecutor.executeKeywordForPlatform(KeywordExecutor.groovy:73)
	at com.kms.katalon.core.webui.keyword.WebUiBuiltInKeywords.verifyElementPresent(WebUiBuiltInKeywords.groovy:1445)
	at com.kms.katalon.core.webui.keyword.WebUiBuiltInKeywords$verifyElementPresent$2.call(Unknown Source)
	at login.LoginForAdminDevEnvironment.login(LoginForAdminDevEnvironment.groovy:18)
	at login.LoginForAdminDevEnvironment$login.call(Unknown Source)
	at Login.login(Login.groovy:37)
	at Login.invokeMethod(Login.groovy)
	at com.kms.katalon.core.context.internal.TestHooker.invokeMethod(TestHooker.java:111)
	at com.kms.katalon.core.context.internal.TestHooker.lambda$3(TestHooker.java:95)
	at com.kms.katalon.core.context.internal.TestHooker.invokeContextMethods(TestHooker.java:94)
	at com.kms.katalon.core.context.internal.TestListenerCollector.lambda$3(TestListenerCollector.java:88)
	at com.kms.katalon.core.context.internal.TestListenerCollector.handleListenerEvent(TestListenerCollector.java:85)
	at com.kms.katalon.core.context.internal.ExecutionEventManager.publicEvent(ExecutionEventManager.java:36)
	at com.kms.katalon.core.main.TestCaseExecutor.execute(TestCaseExecutor.java:221)
	at com.kms.katalon.core.main.TestSuiteExecutor.accessTestCaseMainPhase(TestSuiteExecutor.java:191)
	at com.kms.katalon.core.main.TestSuiteExecutor.accessTestSuiteMainPhase(TestSuiteExecutor.java:141)
	at com.kms.katalon.core.main.TestSuiteExecutor.execute(TestSuiteExecutor.java:90)
	at com.kms.katalon.core.main.TestCaseMain.startTestSuite(TestCaseMain.java:157)
	at com.kms.katalon.core.main.TestCaseMain$startTestSuite$0.call(Unknown Source)
	at TempTestSuite1610559105062.run(TempTestSuite1610559105062.groovy:39)
)

2021-01-13 12:50:30 - [TEST_STEP][PASSED] - navigateToUrl(Url): Navigate to 'https://dev-admin.modist.co/' successfully

2021-01-13 12:50:30 - [MESSAGE][PASSED] - Navigate to 'https://dev-admin.modist.co/' successfully

2021-01-13 12:50:30 - [TEST_STEP][PASSED] - loginPage.login(Email, Password): com.kms.katalon.core.webui.exception.WebElementNotFoundException: Web element with id: 'Object Repository/Login Credentials/Email' located by '//input[@name='email']' not found (Root cause: com.kms.katalon.core.exception.StepFailedException: com.kms.katalon.core.webui.exception.WebElementNotFoundException: Web element with id: 'Object Repository/Login Credentials/Email' located by '//input[@name='email']' not found
	at com.kms.katalon.core.webui.keyword.internal.WebUIKeywordMain.stepFailed(WebUIKeywordMain.groovy:64)
	at com.kms.katalon.core.webui.keyword.builtin.VerifyElementPresentKeyword$_verifyElementPresent_closure1.doCall(VerifyElementPresentKeyword.groovy:85)
	at com.kms.katalon.core.webui.keyword.builtin.VerifyElementPresentKeyword$_verifyElementPresent_closure1.call(VerifyElementPresentKeyword.groovy)
	at com.kms.katalon.core.webui.keyword.internal.WebUIKeywordMain.runKeyword(WebUIKeywordMain.groovy:20)
	at com.kms.katalon.core.webui.keyword.builtin.VerifyElementPresentKeyword.verifyElementPresent(VerifyElementPresentKeyword.groovy:92)
	at com.kms.katalon.core.webui.keyword.builtin.VerifyElementPresentKeyword.execute(VerifyElementPresentKeyword.groovy:68)
	at com.kms.katalon.core.keyword.internal.KeywordExecutor.executeKeywordForPlatform(KeywordExecutor.groovy:73)
	at com.kms.katalon.core.webui.keyword.WebUiBuiltInKeywords.verifyElementPresent(WebUiBuiltInKeywords.groovy:1445)
	at com.kms.katalon.core.webui.keyword.WebUiBuiltInKeywords$verifyElementPresent$2.call(Unknown Source)
	at login.LoginForAdminDevEnvironment.login(LoginForAdminDevEnvironment.groovy:18)
	at login.LoginForAdminDevEnvironment$login.call(Unknown Source)
	at Login.login(Login.groovy:37)
	at Login.invokeMethod(Login.groovy)
	at com.kms.katalon.core.context.internal.TestHooker.invokeMethod(TestHooker.java:111)
	at com.kms.katalon.core.context.internal.TestHooker.lambda$3(TestHooker.java:95)
	at com.kms.katalon.core.context.internal.TestHooker.invokeContextMethods(TestHooker.java:94)
	at com.kms.katalon.core.context.internal.TestListenerCollector.lambda$3(TestListenerCollector.java:88)
	at com.kms.katalon.core.context.internal.TestListenerCollector.handleListenerEvent(TestListenerCollector.java:85)
	at com.kms.katalon.core.context.internal.ExecutionEventManager.publicEvent(ExecutionEventManager.java:36)
	at com.kms.katalon.core.main.TestCaseExecutor.execute(TestCaseExecutor.java:221)
	at com.kms.katalon.core.main.TestSuiteExecutor.accessTestCaseMainPhase(TestSuiteExecutor.java:191)
	at com.kms.katalon.core.main.TestSuiteExecutor.accessTestSuiteMainPhase(TestSuiteExecutor.java:141)
	at com.kms.katalon.core.main.TestSuiteExecutor.execute(TestSuiteExecutor.java:90)
	at com.kms.katalon.core.main.TestCaseMain.startTestSuite(TestCaseMain.java:157)
	at com.kms.katalon.core.main.TestCaseMain$startTestSuite$0.call(Unknown Source)
	at TempTestSuite1610559105062.run(TempTestSuite1610559105062.groovy:39)
)

2021-01-13 12:50:36 - [MESSAGE][INFO] - Unable to find the element located by 'By.xpath: //input[@name='email']'. Please recheck the objects properties to make sure the desired element is located. 

2021-01-13 12:50:36 - [MESSAGE][WARNING] - com.kms.katalon.core.webui.exception.WebElementNotFoundException: Web element with id: 'Object Repository/Login Credentials/Email' located by '//input[@name='email']' not found (Root cause: com.kms.katalon.core.exception.StepFailedException: com.kms.katalon.core.webui.exception.WebElementNotFoundException: Web element with id: 'Object Repository/Login Credentials/Email' located by '//input[@name='email']' not found
	at com.kms.katalon.core.webui.keyword.internal.WebUIKeywordMain.stepFailed(WebUIKeywordMain.groovy:64)
	at com.kms.katalon.core.webui.keyword.builtin.VerifyElementPresentKeyword$_verifyElementPresent_closure1.doCall(VerifyElementPresentKeyword.groovy:85)
	at com.kms.katalon.core.webui.keyword.builtin.VerifyElementPresentKeyword$_verifyElementPresent_closure1.call(VerifyElementPresentKeyword.groovy)
	at com.kms.katalon.core.webui.keyword.internal.WebUIKeywordMain.runKeyword(WebUIKeywordMain.groovy:20)
	at com.kms.katalon.core.webui.keyword.builtin.VerifyElementPresentKeyword.verifyElementPresent(VerifyElementPresentKeyword.groovy:92)
	at com.kms.katalon.core.webui.keyword.builtin.VerifyElementPresentKeyword.execute(VerifyElementPresentKeyword.groovy:68)
	at com.kms.katalon.core.keyword.internal.KeywordExecutor.executeKeywordForPlatform(KeywordExecutor.groovy:73)
	at com.kms.katalon.core.webui.keyword.WebUiBuiltInKeywords.verifyElementPresent(WebUiBuiltInKeywords.groovy:1445)
	at com.kms.katalon.core.webui.keyword.WebUiBuiltInKeywords$verifyElementPresent$2.call(Unknown Source)
	at login.LoginForAdminDevEnvironment.login(LoginForAdminDevEnvironment.groovy:18)
	at login.LoginForAdminDevEnvironment$login.call(Unknown Source)
	at Login.login(Login.groovy:37)
	at Login.invokeMethod(Login.groovy)
	at com.kms.katalon.core.context.internal.TestHooker.invokeMethod(TestHooker.java:111)
	at com.kms.katalon.core.context.internal.TestHooker.lambda$3(TestHooker.java:95)
	at com.kms.katalon.core.context.internal.TestHooker.invokeContextMethods(TestHooker.java:94)
	at com.kms.katalon.core.context.internal.TestListenerCollector.lambda$3(TestListenerCollector.java:88)
	at com.kms.katalon.core.context.internal.TestListenerCollector.handleListenerEvent(TestListenerCollector.java:85)
	at com.kms.katalon.core.context.internal.ExecutionEventManager.publicEvent(ExecutionEventManager.java:36)
	at com.kms.katalon.core.main.TestCaseExecutor.execute(TestCaseExecutor.java:221)
	at com.kms.katalon.core.main.TestSuiteExecutor.accessTestCaseMainPhase(TestSuiteExecutor.java:191)
	at com.kms.katalon.core.main.TestSuiteExecutor.accessTestSuiteMainPhase(TestSuiteExecutor.java:141)
	at com.kms.katalon.core.main.TestSuiteExecutor.execute(TestSuiteExecutor.java:90)
	at com.kms.katalon.core.main.TestCaseMain.startTestSuite(TestCaseMain.java:157)
	at com.kms.katalon.core.main.TestCaseMain$startTestSuite$0.call(Unknown Source)
	at TempTestSuite1610559105062.run(TempTestSuite1610559105062.groovy:39)
)
[[ATTACHMENT|E:\\Modist\\ModistProject\\Reports\\20210113_123145\\AllTestCases\\20210113_123145\\1610560236048.png]]

2021-01-13 12:50:36 - [TEST_STEP][PASSED] - pages.Product.clickOnProductTab(): pages.Product.clickOnProductTab is PASSED

2021-01-13 12:50:36 - [MESSAGE][PASSED] - Object 'Object Repository/Product/productTab' is present

2021-01-13 12:50:37 - [MESSAGE][PASSED] - Object 'Object Repository/Product/productTab' is visible

2021-01-13 12:50:37 - [MESSAGE][PASSED] - Object 'Object Repository/Product/productTab' is clickable

2021-01-13 12:50:37 - [MESSAGE][PASSED] - Object: 'Object Repository/Product/productTab' is clicked on

2021-01-13 12:50:37 - [MESSAGE][PASSED] - pages.Product.clickOnProductTab is PASSED

2021-01-13 12:50:37 - [TEST_STEP][PASSED] - productName = pages.Product.getRandomProductNmae(): pages.Product.getRandomProductNmae is PASSED

2021-01-13 12:50:38 - [MESSAGE][PASSED] - Object 'Object Repository/Product/productTab' is present

2021-01-13 12:50:38 - [MESSAGE][PASSED] - Object 'Object Repository/Product/productTab' is visible

2021-01-13 12:50:38 - [MESSAGE][PASSED] - Object 'Object Repository/Product/productTab' is clickable

2021-01-13 12:50:39 - [MESSAGE][PASSED] - Object: 'Object Repository/Product/productTab' is clicked on

2021-01-13 12:50:39 - [MESSAGE][PASSED] - Object 'Object Repository/Product/productsCount' is present

2021-01-13 12:50:40 - [MESSAGE][PASSED] - Text of object 'Object Repository/Product/randomProduct(index)' is: 'hififi'

2021-01-13 12:50:40 - [MESSAGE][PASSED] - pages.Product.getRandomProductNmae is PASSED

2021-01-13 12:50:40 - [TEST_STEP][PASSED] - pages.Product.openAnyExistingProduct(productName): pages.Product.openAnyExistingProduct is PASSED

2021-01-13 12:50:40 - [MESSAGE][PASSED] - Object 'Object Repository/Product/Filter by name' is present

2021-01-13 12:50:40 - [MESSAGE][PASSED] - Object 'Object Repository/Product/Filter by name' is visible

2021-01-13 12:50:40 - [MESSAGE][PASSED] - Object 'Object Repository/Product/Filter by name' is clickable

2021-01-13 12:50:41 - [MESSAGE][PASSED] - Text of object 'Object Repository/Product/Filter by name' is cleared

2021-01-13 12:50:41 - [MESSAGE][PASSED] - Keys '' sent to object: 'Object Repository/Product/Filter by name'

2021-01-13 12:50:41 - [MESSAGE][PASSED] - Keys 'h' sent to object: 'Object Repository/Product/Filter by name'

2021-01-13 12:50:42 - [MESSAGE][PASSED] - Keys 'i' sent to object: 'Object Repository/Product/Filter by name'

2021-01-13 12:50:43 - [MESSAGE][PASSED] - Keys 'f' sent to object: 'Object Repository/Product/Filter by name'

2021-01-13 12:50:44 - [MESSAGE][PASSED] - Keys 'i' sent to object: 'Object Repository/Product/Filter by name'

2021-01-13 12:50:45 - [MESSAGE][PASSED] - Keys 'f' sent to object: 'Object Repository/Product/Filter by name'

2021-01-13 12:50:46 - [MESSAGE][PASSED] - Keys 'i' sent to object: 'Object Repository/Product/Filter by name'

2021-01-13 12:50:47 - [MESSAGE][PASSED] - Scroll to object 'Object Repository/Product/productName(Name)' successfully

2021-01-13 12:50:47 - [MESSAGE][PASSED] - Object 'Object Repository/Product/productName(Name)' is present

2021-01-13 12:50:48 - [MESSAGE][PASSED] - Object 'Object Repository/Product/productName(Name)' is visible

2021-01-13 12:50:48 - [MESSAGE][PASSED] - Object 'Object Repository/Product/productName(Name)' is clickable

2021-01-13 12:50:49 - [MESSAGE][PASSED] - Object: 'Object Repository/Product/productName(Name)' is clicked on

2021-01-13 12:50:49 - [MESSAGE][PASSED] - pages.Product.openAnyExistingProduct is PASSED

2021-01-13 12:50:49 - [TEST_STEP][PASSED] - pages.Product.changePositionOfItemInRelatedAssets(findTestObject("Product/ProductEditPage/RelatedAssets/sourceObject(index)", ["index":1]), 2, true): pages.Product.changePositionOfItemInRelatedAssets is PASSED

2021-01-13 12:50:49 - [MESSAGE][PASSED] - Scroll to object 'Object Repository/Product/ProductEditPage/RelatedAssets/relatedAssetsField' successfully

2021-01-13 12:50:56 - [MESSAGE][PASSED] - Actual object '3' and expected object '3' are equal

2021-01-13 12:50:56 - [MESSAGE][PASSED] - pages.Product.changePositionOfItemInRelatedAssets is PASSED]]></system-out>
         <system-err><![CDATA[]]></system-err>
      </testcase>
      <testcase name="Test Cases/Admin/Product/verifyPageAfterClosingProduct" time="26.3" classname="Test Cases/Admin/Product/verifyPageAfterClosingProduct" status="PASSED">
         <system-out><![CDATA[2021-01-13 12:50:56 - [TEST_CASE][PASSED] - Test Cases/Admin/Product/verifyPageAfterClosingProduct: Test Cases/Admin/Product/verifyPageAfterClosingProduct

2021-01-13 12:50:56 - [TEST_STEP][PASSED] - Start listener action : login: com.kms.katalon.core.webui.exception.WebElementNotFoundException: Web element with id: 'Object Repository/Login Credentials/Email' located by '//input[@name='email']' not found (Root cause: com.kms.katalon.core.exception.StepFailedException: com.kms.katalon.core.webui.exception.WebElementNotFoundException: Web element with id: 'Object Repository/Login Credentials/Email' located by '//input[@name='email']' not found
	at com.kms.katalon.core.webui.keyword.internal.WebUIKeywordMain.stepFailed(WebUIKeywordMain.groovy:64)
	at com.kms.katalon.core.webui.keyword.builtin.VerifyElementPresentKeyword$_verifyElementPresent_closure1.doCall(VerifyElementPresentKeyword.groovy:85)
	at com.kms.katalon.core.webui.keyword.builtin.VerifyElementPresentKeyword$_verifyElementPresent_closure1.call(VerifyElementPresentKeyword.groovy)
	at com.kms.katalon.core.webui.keyword.internal.WebUIKeywordMain.runKeyword(WebUIKeywordMain.groovy:20)
	at com.kms.katalon.core.webui.keyword.builtin.VerifyElementPresentKeyword.verifyElementPresent(VerifyElementPresentKeyword.groovy:92)
	at com.kms.katalon.core.webui.keyword.builtin.VerifyElementPresentKeyword.execute(VerifyElementPresentKeyword.groovy:68)
	at com.kms.katalon.core.keyword.internal.KeywordExecutor.executeKeywordForPlatform(KeywordExecutor.groovy:73)
	at com.kms.katalon.core.webui.keyword.WebUiBuiltInKeywords.verifyElementPresent(WebUiBuiltInKeywords.groovy:1445)
	at com.kms.katalon.core.webui.keyword.WebUiBuiltInKeywords$verifyElementPresent$2.call(Unknown Source)
	at login.LoginForAdminDevEnvironment.login(LoginForAdminDevEnvironment.groovy:18)
	at login.LoginForAdminDevEnvironment$login.call(Unknown Source)
	at Login.login(Login.groovy:37)
	at Login.invokeMethod(Login.groovy)
	at com.kms.katalon.core.context.internal.TestHooker.invokeMethod(TestHooker.java:111)
	at com.kms.katalon.core.context.internal.TestHooker.lambda$3(TestHooker.java:95)
	at com.kms.katalon.core.context.internal.TestHooker.invokeContextMethods(TestHooker.java:94)
	at com.kms.katalon.core.context.internal.TestListenerCollector.lambda$3(TestListenerCollector.java:88)
	at com.kms.katalon.core.context.internal.TestListenerCollector.handleListenerEvent(TestListenerCollector.java:85)
	at com.kms.katalon.core.context.internal.ExecutionEventManager.publicEvent(ExecutionEventManager.java:36)
	at com.kms.katalon.core.main.TestCaseExecutor.execute(TestCaseExecutor.java:221)
	at com.kms.katalon.core.main.TestSuiteExecutor.accessTestCaseMainPhase(TestSuiteExecutor.java:191)
	at com.kms.katalon.core.main.TestSuiteExecutor.accessTestSuiteMainPhase(TestSuiteExecutor.java:141)
	at com.kms.katalon.core.main.TestSuiteExecutor.execute(TestSuiteExecutor.java:90)
	at com.kms.katalon.core.main.TestCaseMain.startTestSuite(TestCaseMain.java:157)
	at com.kms.katalon.core.main.TestCaseMain$startTestSuite$0.call(Unknown Source)
	at TempTestSuite1610559105062.run(TempTestSuite1610559105062.groovy:39)
)

2021-01-13 12:50:56 - [TEST_STEP][PASSED] - Thread.sleep(3000): null

2021-01-13 12:50:59 - [TEST_STEP][PASSED] - url = getUrl(): Current window's url is: 'https://dev-admin.modist.co/product/33782'

2021-01-13 12:50:59 - [MESSAGE][PASSED] - Current window's url is: 'https://dev-admin.modist.co/product/33782'

2021-01-13 12:50:59 - [TEST_STEP][PASSED] - if (!(url.contains("dashboard"))): com.kms.katalon.core.webui.exception.WebElementNotFoundException: Web element with id: 'Object Repository/Login Credentials/Email' located by '//input[@name='email']' not found (Root cause: com.kms.katalon.core.exception.StepFailedException: com.kms.katalon.core.webui.exception.WebElementNotFoundException: Web element with id: 'Object Repository/Login Credentials/Email' located by '//input[@name='email']' not found
	at com.kms.katalon.core.webui.keyword.internal.WebUIKeywordMain.stepFailed(WebUIKeywordMain.groovy:64)
	at com.kms.katalon.core.webui.keyword.builtin.VerifyElementPresentKeyword$_verifyElementPresent_closure1.doCall(VerifyElementPresentKeyword.groovy:85)
	at com.kms.katalon.core.webui.keyword.builtin.VerifyElementPresentKeyword$_verifyElementPresent_closure1.call(VerifyElementPresentKeyword.groovy)
	at com.kms.katalon.core.webui.keyword.internal.WebUIKeywordMain.runKeyword(WebUIKeywordMain.groovy:20)
	at com.kms.katalon.core.webui.keyword.builtin.VerifyElementPresentKeyword.verifyElementPresent(VerifyElementPresentKeyword.groovy:92)
	at com.kms.katalon.core.webui.keyword.builtin.VerifyElementPresentKeyword.execute(VerifyElementPresentKeyword.groovy:68)
	at com.kms.katalon.core.keyword.internal.KeywordExecutor.executeKeywordForPlatform(KeywordExecutor.groovy:73)
	at com.kms.katalon.core.webui.keyword.WebUiBuiltInKeywords.verifyElementPresent(WebUiBuiltInKeywords.groovy:1445)
	at com.kms.katalon.core.webui.keyword.WebUiBuiltInKeywords$verifyElementPresent$2.call(Unknown Source)
	at login.LoginForAdminDevEnvironment.login(LoginForAdminDevEnvironment.groovy:18)
	at login.LoginForAdminDevEnvironment$login.call(Unknown Source)
	at Login.login(Login.groovy:37)
	at Login.invokeMethod(Login.groovy)
	at com.kms.katalon.core.context.internal.TestHooker.invokeMethod(TestHooker.java:111)
	at com.kms.katalon.core.context.internal.TestHooker.lambda$3(TestHooker.java:95)
	at com.kms.katalon.core.context.internal.TestHooker.invokeContextMethods(TestHooker.java:94)
	at com.kms.katalon.core.context.internal.TestListenerCollector.lambda$3(TestListenerCollector.java:88)
	at com.kms.katalon.core.context.internal.TestListenerCollector.handleListenerEvent(TestListenerCollector.java:85)
	at com.kms.katalon.core.context.internal.ExecutionEventManager.publicEvent(ExecutionEventManager.java:36)
	at com.kms.katalon.core.main.TestCaseExecutor.execute(TestCaseExecutor.java:221)
	at com.kms.katalon.core.main.TestSuiteExecutor.accessTestCaseMainPhase(TestSuiteExecutor.java:191)
	at com.kms.katalon.core.main.TestSuiteExecutor.accessTestSuiteMainPhase(TestSuiteExecutor.java:141)
	at com.kms.katalon.core.main.TestSuiteExecutor.execute(TestSuiteExecutor.java:90)
	at com.kms.katalon.core.main.TestCaseMain.startTestSuite(TestCaseMain.java:157)
	at com.kms.katalon.core.main.TestCaseMain$startTestSuite$0.call(Unknown Source)
	at TempTestSuite1610559105062.run(TempTestSuite1610559105062.groovy:39)
)

2021-01-13 12:50:59 - [TEST_STEP][PASSED] - navigateToUrl(Url): Navigate to 'https://dev-admin.modist.co/' successfully

2021-01-13 12:50:59 - [MESSAGE][PASSED] - Navigate to 'https://dev-admin.modist.co/' successfully

2021-01-13 12:50:59 - [TEST_STEP][PASSED] - loginPage.login(Email, Password): com.kms.katalon.core.webui.exception.WebElementNotFoundException: Web element with id: 'Object Repository/Login Credentials/Email' located by '//input[@name='email']' not found (Root cause: com.kms.katalon.core.exception.StepFailedException: com.kms.katalon.core.webui.exception.WebElementNotFoundException: Web element with id: 'Object Repository/Login Credentials/Email' located by '//input[@name='email']' not found
	at com.kms.katalon.core.webui.keyword.internal.WebUIKeywordMain.stepFailed(WebUIKeywordMain.groovy:64)
	at com.kms.katalon.core.webui.keyword.builtin.VerifyElementPresentKeyword$_verifyElementPresent_closure1.doCall(VerifyElementPresentKeyword.groovy:85)
	at com.kms.katalon.core.webui.keyword.builtin.VerifyElementPresentKeyword$_verifyElementPresent_closure1.call(VerifyElementPresentKeyword.groovy)
	at com.kms.katalon.core.webui.keyword.internal.WebUIKeywordMain.runKeyword(WebUIKeywordMain.groovy:20)
	at com.kms.katalon.core.webui.keyword.builtin.VerifyElementPresentKeyword.verifyElementPresent(VerifyElementPresentKeyword.groovy:92)
	at com.kms.katalon.core.webui.keyword.builtin.VerifyElementPresentKeyword.execute(VerifyElementPresentKeyword.groovy:68)
	at com.kms.katalon.core.keyword.internal.KeywordExecutor.executeKeywordForPlatform(KeywordExecutor.groovy:73)
	at com.kms.katalon.core.webui.keyword.WebUiBuiltInKeywords.verifyElementPresent(WebUiBuiltInKeywords.groovy:1445)
	at com.kms.katalon.core.webui.keyword.WebUiBuiltInKeywords$verifyElementPresent$2.call(Unknown Source)
	at login.LoginForAdminDevEnvironment.login(LoginForAdminDevEnvironment.groovy:18)
	at login.LoginForAdminDevEnvironment$login.call(Unknown Source)
	at Login.login(Login.groovy:37)
	at Login.invokeMethod(Login.groovy)
	at com.kms.katalon.core.context.internal.TestHooker.invokeMethod(TestHooker.java:111)
	at com.kms.katalon.core.context.internal.TestHooker.lambda$3(TestHooker.java:95)
	at com.kms.katalon.core.context.internal.TestHooker.invokeContextMethods(TestHooker.java:94)
	at com.kms.katalon.core.context.internal.TestListenerCollector.lambda$3(TestListenerCollector.java:88)
	at com.kms.katalon.core.context.internal.TestListenerCollector.handleListenerEvent(TestListenerCollector.java:85)
	at com.kms.katalon.core.context.internal.ExecutionEventManager.publicEvent(ExecutionEventManager.java:36)
	at com.kms.katalon.core.main.TestCaseExecutor.execute(TestCaseExecutor.java:221)
	at com.kms.katalon.core.main.TestSuiteExecutor.accessTestCaseMainPhase(TestSuiteExecutor.java:191)
	at com.kms.katalon.core.main.TestSuiteExecutor.accessTestSuiteMainPhase(TestSuiteExecutor.java:141)
	at com.kms.katalon.core.main.TestSuiteExecutor.execute(TestSuiteExecutor.java:90)
	at com.kms.katalon.core.main.TestCaseMain.startTestSuite(TestCaseMain.java:157)
	at com.kms.katalon.core.main.TestCaseMain$startTestSuite$0.call(Unknown Source)
	at TempTestSuite1610559105062.run(TempTestSuite1610559105062.groovy:39)
)

2021-01-13 12:51:05 - [MESSAGE][INFO] - Unable to find the element located by 'By.xpath: //input[@name='email']'. Please recheck the objects properties to make sure the desired element is located. 

2021-01-13 12:51:05 - [MESSAGE][WARNING] - com.kms.katalon.core.webui.exception.WebElementNotFoundException: Web element with id: 'Object Repository/Login Credentials/Email' located by '//input[@name='email']' not found (Root cause: com.kms.katalon.core.exception.StepFailedException: com.kms.katalon.core.webui.exception.WebElementNotFoundException: Web element with id: 'Object Repository/Login Credentials/Email' located by '//input[@name='email']' not found
	at com.kms.katalon.core.webui.keyword.internal.WebUIKeywordMain.stepFailed(WebUIKeywordMain.groovy:64)
	at com.kms.katalon.core.webui.keyword.builtin.VerifyElementPresentKeyword$_verifyElementPresent_closure1.doCall(VerifyElementPresentKeyword.groovy:85)
	at com.kms.katalon.core.webui.keyword.builtin.VerifyElementPresentKeyword$_verifyElementPresent_closure1.call(VerifyElementPresentKeyword.groovy)
	at com.kms.katalon.core.webui.keyword.internal.WebUIKeywordMain.runKeyword(WebUIKeywordMain.groovy:20)
	at com.kms.katalon.core.webui.keyword.builtin.VerifyElementPresentKeyword.verifyElementPresent(VerifyElementPresentKeyword.groovy:92)
	at com.kms.katalon.core.webui.keyword.builtin.VerifyElementPresentKeyword.execute(VerifyElementPresentKeyword.groovy:68)
	at com.kms.katalon.core.keyword.internal.KeywordExecutor.executeKeywordForPlatform(KeywordExecutor.groovy:73)
	at com.kms.katalon.core.webui.keyword.WebUiBuiltInKeywords.verifyElementPresent(WebUiBuiltInKeywords.groovy:1445)
	at com.kms.katalon.core.webui.keyword.WebUiBuiltInKeywords$verifyElementPresent$2.call(Unknown Source)
	at login.LoginForAdminDevEnvironment.login(LoginForAdminDevEnvironment.groovy:18)
	at login.LoginForAdminDevEnvironment$login.call(Unknown Source)
	at Login.login(Login.groovy:37)
	at Login.invokeMethod(Login.groovy)
	at com.kms.katalon.core.context.internal.TestHooker.invokeMethod(TestHooker.java:111)
	at com.kms.katalon.core.context.internal.TestHooker.lambda$3(TestHooker.java:95)
	at com.kms.katalon.core.context.internal.TestHooker.invokeContextMethods(TestHooker.java:94)
	at com.kms.katalon.core.context.internal.TestListenerCollector.lambda$3(TestListenerCollector.java:88)
	at com.kms.katalon.core.context.internal.TestListenerCollector.handleListenerEvent(TestListenerCollector.java:85)
	at com.kms.katalon.core.context.internal.ExecutionEventManager.publicEvent(ExecutionEventManager.java:36)
	at com.kms.katalon.core.main.TestCaseExecutor.execute(TestCaseExecutor.java:221)
	at com.kms.katalon.core.main.TestSuiteExecutor.accessTestCaseMainPhase(TestSuiteExecutor.java:191)
	at com.kms.katalon.core.main.TestSuiteExecutor.accessTestSuiteMainPhase(TestSuiteExecutor.java:141)
	at com.kms.katalon.core.main.TestSuiteExecutor.execute(TestSuiteExecutor.java:90)
	at com.kms.katalon.core.main.TestCaseMain.startTestSuite(TestCaseMain.java:157)
	at com.kms.katalon.core.main.TestCaseMain$startTestSuite$0.call(Unknown Source)
	at TempTestSuite1610559105062.run(TempTestSuite1610559105062.groovy:39)
)
[[ATTACHMENT|E:\\Modist\\ModistProject\\Reports\\20210113_123145\\AllTestCases\\20210113_123145\\1610560265183.png]]

2021-01-13 12:51:05 - [TEST_STEP][PASSED] - pages.Product.clickOnProductTab(): pages.Product.clickOnProductTab is PASSED

2021-01-13 12:51:05 - [MESSAGE][PASSED] - Object 'Object Repository/Product/productTab' is present

2021-01-13 12:51:06 - [MESSAGE][PASSED] - Object 'Object Repository/Product/productTab' is visible

2021-01-13 12:51:06 - [MESSAGE][PASSED] - Object 'Object Repository/Product/productTab' is clickable

2021-01-13 12:51:06 - [MESSAGE][PASSED] - Object: 'Object Repository/Product/productTab' is clicked on

2021-01-13 12:51:06 - [MESSAGE][PASSED] - pages.Product.clickOnProductTab is PASSED

2021-01-13 12:51:06 - [TEST_STEP][PASSED] - productName = pages.Product.getRandomProductNmae(): pages.Product.getRandomProductNmae is PASSED

2021-01-13 12:51:07 - [MESSAGE][PASSED] - Object 'Object Repository/Product/productTab' is present

2021-01-13 12:51:07 - [MESSAGE][PASSED] - Object 'Object Repository/Product/productTab' is visible

2021-01-13 12:51:07 - [MESSAGE][PASSED] - Object 'Object Repository/Product/productTab' is clickable

2021-01-13 12:51:08 - [MESSAGE][PASSED] - Object: 'Object Repository/Product/productTab' is clicked on

2021-01-13 12:51:08 - [MESSAGE][PASSED] - Object 'Object Repository/Product/productsCount' is present

2021-01-13 12:51:09 - [MESSAGE][PASSED] - Text of object 'Object Repository/Product/randomProduct(index)' is: 'product 123'

2021-01-13 12:51:09 - [MESSAGE][PASSED] - pages.Product.getRandomProductNmae is PASSED

2021-01-13 12:51:09 - [TEST_STEP][PASSED] - pages.Product.openAnyExistingProduct(productName): pages.Product.openAnyExistingProduct is PASSED

2021-01-13 12:51:09 - [MESSAGE][PASSED] - Object 'Object Repository/Product/Filter by name' is present

2021-01-13 12:51:09 - [MESSAGE][PASSED] - Object 'Object Repository/Product/Filter by name' is visible

2021-01-13 12:51:10 - [MESSAGE][PASSED] - Object 'Object Repository/Product/Filter by name' is clickable

2021-01-13 12:51:10 - [MESSAGE][PASSED] - Text of object 'Object Repository/Product/Filter by name' is cleared

2021-01-13 12:51:10 - [MESSAGE][PASSED] - Keys '' sent to object: 'Object Repository/Product/Filter by name'

2021-01-13 12:51:10 - [MESSAGE][PASSED] - Keys 'p' sent to object: 'Object Repository/Product/Filter by name'

2021-01-13 12:51:11 - [MESSAGE][PASSED] - Keys 'r' sent to object: 'Object Repository/Product/Filter by name'

2021-01-13 12:51:11 - [MESSAGE][PASSED] - Keys 'o' sent to object: 'Object Repository/Product/Filter by name'

2021-01-13 12:51:12 - [MESSAGE][PASSED] - Keys 'd' sent to object: 'Object Repository/Product/Filter by name'

2021-01-13 12:51:13 - [MESSAGE][PASSED] - Keys 'u' sent to object: 'Object Repository/Product/Filter by name'

2021-01-13 12:51:14 - [MESSAGE][PASSED] - Keys 'c' sent to object: 'Object Repository/Product/Filter by name'

2021-01-13 12:51:15 - [MESSAGE][PASSED] - Keys 't' sent to object: 'Object Repository/Product/Filter by name'

2021-01-13 12:51:16 - [MESSAGE][PASSED] - Keys ' ' sent to object: 'Object Repository/Product/Filter by name'

2021-01-13 12:51:16 - [MESSAGE][PASSED] - Keys '1' sent to object: 'Object Repository/Product/Filter by name'

2021-01-13 12:51:17 - [MESSAGE][PASSED] - Keys '2' sent to object: 'Object Repository/Product/Filter by name'

2021-01-13 12:51:17 - [MESSAGE][PASSED] - Keys '3' sent to object: 'Object Repository/Product/Filter by name'

2021-01-13 12:51:18 - [MESSAGE][PASSED] - Scroll to object 'Object Repository/Product/productName(Name)' successfully

2021-01-13 12:51:19 - [MESSAGE][PASSED] - Object 'Object Repository/Product/productName(Name)' is present

2021-01-13 12:51:19 - [MESSAGE][PASSED] - Object 'Object Repository/Product/productName(Name)' is visible

2021-01-13 12:51:20 - [MESSAGE][PASSED] - Object 'Object Repository/Product/productName(Name)' is clickable

2021-01-13 12:51:20 - [MESSAGE][PASSED] - Object: 'Object Repository/Product/productName(Name)' is clicked on

2021-01-13 12:51:20 - [MESSAGE][PASSED] - pages.Product.openAnyExistingProduct is PASSED

2021-01-13 12:51:20 - [TEST_STEP][PASSED] - pages.Product.clickCloseButtonInProductEditPage(): pages.Product.clickCloseButtonInProductEditPage is PASSED

2021-01-13 12:51:20 - [MESSAGE][PASSED] - Object 'Object Repository/Product/ProductEditPage/closeButton' is present

2021-01-13 12:51:21 - [MESSAGE][PASSED] - Object 'Object Repository/Product/ProductEditPage/closeButton' is visible

2021-01-13 12:51:21 - [MESSAGE][PASSED] - Object 'Object Repository/Product/ProductEditPage/closeButton' is clickable

2021-01-13 12:51:22 - [MESSAGE][PASSED] - Object: 'Object Repository/Product/ProductEditPage/closeButton' is clicked on

2021-01-13 12:51:22 - [MESSAGE][PASSED] - pages.Product.clickCloseButtonInProductEditPage is PASSED

2021-01-13 12:51:22 - [TEST_STEP][PASSED] - pages.Product.verifyUrlAfterClosingProduct(): you are navigated back to dashboard page

2021-01-13 12:51:22 - [MESSAGE][PASSED] - Current window's url is: 'https://dev-admin.modist.co/dashboard'

2021-01-13 12:51:22 - [MESSAGE][PASSED] - you are navigated back to dashboard page]]></system-out>
         <system-err><![CDATA[]]></system-err>
      </testcase>
      <testcase name="Test Cases/Admin/Product/verifySaveChangesDeleteAndCloseButtonInProductDetailspage" time="28.115" classname="Test Cases/Admin/Product/verifySaveChangesDeleteAndCloseButtonInProductDetailspage" status="PASSED">
         <system-out><![CDATA[2021-01-13 12:51:22 - [TEST_CASE][PASSED] - Test Cases/Admin/Product/verifySaveChangesDeleteAndCloseButtonInProductDetailspage: Test Cases/Admin/Product/verifySaveChangesDeleteAndCloseButtonInProductDetailspage

2021-01-13 12:51:22 - [TEST_STEP][PASSED] - Start listener action : login: null

2021-01-13 12:51:22 - [TEST_STEP][PASSED] - Thread.sleep(3000): null

2021-01-13 12:51:25 - [TEST_STEP][PASSED] - url = getUrl(): Current window's url is: 'https://dev-admin.modist.co/dashboard'

2021-01-13 12:51:25 - [MESSAGE][PASSED] - Current window's url is: 'https://dev-admin.modist.co/dashboard'

2021-01-13 12:51:25 - [TEST_STEP][PASSED] - if (!(url.contains("dashboard"))): null

2021-01-13 12:51:26 - [TEST_STEP][PASSED] - productname = pages.Product.addProduct(): pages.Product.addProduct is PASSED

2021-01-13 12:51:26 - [MESSAGE][PASSED] - Object 'Object Repository/Product/productTab' is present

2021-01-13 12:51:26 - [MESSAGE][PASSED] - Object 'Object Repository/Product/productTab' is visible

2021-01-13 12:51:26 - [MESSAGE][PASSED] - Object 'Object Repository/Product/productTab' is clickable

2021-01-13 12:51:27 - [MESSAGE][PASSED] - Object: 'Object Repository/Product/productTab' is clicked on

2021-01-13 12:51:27 - [MESSAGE][PASSED] - Object 'Object Repository/Product/addProductButton' is present

2021-01-13 12:51:27 - [MESSAGE][PASSED] - Object 'Object Repository/Product/addProductButton' is visible

2021-01-13 12:51:28 - [MESSAGE][PASSED] - Object 'Object Repository/Product/addProductButton' is clickable

2021-01-13 12:51:28 - [MESSAGE][PASSED] - Object: 'Object Repository/Product/addProductButton' is clicked on

2021-01-13 12:51:29 - [MESSAGE][PASSED] - Object 'Object Repository/Product/productNameInput' is present

2021-01-13 12:51:29 - [MESSAGE][PASSED] - Object 'Object Repository/Product/productNameInput' is visible

2021-01-13 12:51:29 - [MESSAGE][PASSED] - Object 'Object Repository/Product/productNameInput' is clickable

2021-01-13 12:51:29 - [MESSAGE][PASSED] - Text of object 'Object Repository/Product/productNameInput' is cleared

2021-01-13 12:51:30 - [MESSAGE][PASSED] - Keys 'RandomProduct108' sent to object: 'Object Repository/Product/productNameInput'

2021-01-13 12:51:30 - [MESSAGE][PASSED] - Object 'Object Repository/Product/descriptionFieldInput' is present

2021-01-13 12:51:31 - [MESSAGE][PASSED] - Object 'Object Repository/Product/descriptionFieldInput' is visible

2021-01-13 12:51:31 - [MESSAGE][PASSED] - Object 'Object Repository/Product/descriptionFieldInput' is clickable

2021-01-13 12:51:31 - [MESSAGE][PASSED] - Text of object 'Object Repository/Product/descriptionFieldInput' is cleared

2021-01-13 12:51:31 - [MESSAGE][PASSED] - Keys 'Sample text' sent to object: 'Object Repository/Product/descriptionFieldInput'

2021-01-13 12:51:32 - [MESSAGE][PASSED] - Object 'Object Repository/Product/addproductButtonInAddProductPopUp' is present

2021-01-13 12:51:32 - [MESSAGE][PASSED] - Object 'Object Repository/Product/addproductButtonInAddProductPopUp' is visible

2021-01-13 12:51:33 - [MESSAGE][PASSED] - Object 'Object Repository/Product/addproductButtonInAddProductPopUp' is clickable

2021-01-13 12:51:33 - [MESSAGE][PASSED] - Object: 'Object Repository/Product/addproductButtonInAddProductPopUp' is clicked on

2021-01-13 12:51:33 - [MESSAGE][PASSED] - pages.Product.addProduct is PASSED

2021-01-13 12:51:33 - [TEST_STEP][PASSED] - pages.Product.openAnyExistingProduct(productname): pages.Product.openAnyExistingProduct is PASSED

2021-01-13 12:51:34 - [MESSAGE][PASSED] - Object 'Object Repository/Product/Filter by name' is present

2021-01-13 12:51:35 - [MESSAGE][PASSED] - Object 'Object Repository/Product/Filter by name' is visible

2021-01-13 12:51:35 - [MESSAGE][PASSED] - Object 'Object Repository/Product/Filter by name' is clickable

2021-01-13 12:51:35 - [MESSAGE][PASSED] - Text of object 'Object Repository/Product/Filter by name' is cleared

2021-01-13 12:51:35 - [MESSAGE][PASSED] - Keys '' sent to object: 'Object Repository/Product/Filter by name'

2021-01-13 12:51:36 - [MESSAGE][PASSED] - Keys 'R' sent to object: 'Object Repository/Product/Filter by name'

2021-01-13 12:51:36 - [MESSAGE][PASSED] - Keys 'a' sent to object: 'Object Repository/Product/Filter by name'

2021-01-13 12:51:38 - [MESSAGE][PASSED] - Keys 'n' sent to object: 'Object Repository/Product/Filter by name'

2021-01-13 12:51:38 - [MESSAGE][PASSED] - Keys 'd' sent to object: 'Object Repository/Product/Filter by name'

2021-01-13 12:51:39 - [MESSAGE][PASSED] - Keys 'o' sent to object: 'Object Repository/Product/Filter by name'

2021-01-13 12:51:40 - [MESSAGE][PASSED] - Keys 'm' sent to object: 'Object Repository/Product/Filter by name'

2021-01-13 12:51:40 - [MESSAGE][PASSED] - Keys 'P' sent to object: 'Object Repository/Product/Filter by name'

2021-01-13 12:51:41 - [MESSAGE][PASSED] - Keys 'r' sent to object: 'Object Repository/Product/Filter by name'

2021-01-13 12:51:41 - [MESSAGE][PASSED] - Keys 'o' sent to object: 'Object Repository/Product/Filter by name'

2021-01-13 12:51:42 - [MESSAGE][PASSED] - Keys 'd' sent to object: 'Object Repository/Product/Filter by name'

2021-01-13 12:51:42 - [MESSAGE][PASSED] - Keys 'u' sent to object: 'Object Repository/Product/Filter by name'

2021-01-13 12:51:43 - [MESSAGE][PASSED] - Keys 'c' sent to object: 'Object Repository/Product/Filter by name'

2021-01-13 12:51:43 - [MESSAGE][PASSED] - Keys 't' sent to object: 'Object Repository/Product/Filter by name'

2021-01-13 12:51:44 - [MESSAGE][PASSED] - Keys '1' sent to object: 'Object Repository/Product/Filter by name'

2021-01-13 12:51:45 - [MESSAGE][PASSED] - Keys '0' sent to object: 'Object Repository/Product/Filter by name'

2021-01-13 12:51:46 - [MESSAGE][PASSED] - Keys '8' sent to object: 'Object Repository/Product/Filter by name'

2021-01-13 12:51:46 - [MESSAGE][PASSED] - Scroll to object 'Object Repository/Product/productName(Name)' successfully

2021-01-13 12:51:47 - [MESSAGE][PASSED] - Object 'Object Repository/Product/productName(Name)' is present

2021-01-13 12:51:47 - [MESSAGE][PASSED] - Object 'Object Repository/Product/productName(Name)' is visible

2021-01-13 12:51:47 - [MESSAGE][PASSED] - Object 'Object Repository/Product/productName(Name)' is clickable

2021-01-13 12:51:48 - [MESSAGE][PASSED] - Object: 'Object Repository/Product/productName(Name)' is clicked on

2021-01-13 12:51:48 - [MESSAGE][PASSED] - pages.Product.openAnyExistingProduct is PASSED

2021-01-13 12:51:48 - [TEST_STEP][PASSED] - pages.Product.verifyFooterSectionButtons(): pages.Product.verifyFooterSectionButtons is PASSED

2021-01-13 12:51:48 - [MESSAGE][PASSED] - Object 'Object Repository/Product/ProductEditPage/closeButton' is present

2021-01-13 12:51:49 - [MESSAGE][PASSED] - Object 'Object Repository/Product/ProductEditPage/deleteButton' is present

2021-01-13 12:51:49 - [MESSAGE][PASSED] - Object 'Object Repository/Product/ProductEditPage/saveChangesButton' is present

2021-01-13 12:51:49 - [MESSAGE][PASSED] - Object 'Object Repository/Product/ProductEditPage/closeButton' is present

2021-01-13 12:51:50 - [MESSAGE][PASSED] - Object 'Object Repository/Product/ProductEditPage/closeButton' is visible

2021-01-13 12:51:50 - [MESSAGE][PASSED] - Object 'Object Repository/Product/ProductEditPage/closeButton' is clickable

2021-01-13 12:51:50 - [MESSAGE][PASSED] - Object: 'Object Repository/Product/ProductEditPage/closeButton' is clicked on

2021-01-13 12:51:50 - [MESSAGE][PASSED] - pages.Product.verifyFooterSectionButtons is PASSED]]></system-out>
         <system-err><![CDATA[]]></system-err>
      </testcase>
      <testcase name="Test Cases/Admin/Product/verifySearchFunctionalityInFilter" time="35.149" classname="Test Cases/Admin/Product/verifySearchFunctionalityInFilter" status="PASSED">
         <system-out><![CDATA[2021-01-13 12:51:50 - [TEST_CASE][PASSED] - Test Cases/Admin/Product/verifySearchFunctionalityInFilter: Test Cases/Admin/Product/verifySearchFunctionalityInFilter

2021-01-13 12:51:50 - [TEST_STEP][PASSED] - Start listener action : login: null

2021-01-13 12:51:50 - [TEST_STEP][PASSED] - Thread.sleep(3000): null

2021-01-13 12:51:53 - [TEST_STEP][PASSED] - url = getUrl(): Current window's url is: 'https://dev-admin.modist.co/dashboard'

2021-01-13 12:51:53 - [MESSAGE][PASSED] - Current window's url is: 'https://dev-admin.modist.co/dashboard'

2021-01-13 12:51:53 - [TEST_STEP][PASSED] - if (!(url.contains("dashboard"))): null

2021-01-13 12:51:54 - [TEST_STEP][PASSED] - pages.Product.clickOnProductTab(): pages.Product.clickOnProductTab is PASSED

2021-01-13 12:51:54 - [MESSAGE][PASSED] - Object 'Object Repository/Product/productTab' is present

2021-01-13 12:51:54 - [MESSAGE][PASSED] - Object 'Object Repository/Product/productTab' is visible

2021-01-13 12:51:55 - [MESSAGE][PASSED] - Object 'Object Repository/Product/productTab' is clickable

2021-01-13 12:51:55 - [MESSAGE][PASSED] - Object: 'Object Repository/Product/productTab' is clicked on

2021-01-13 12:51:55 - [MESSAGE][PASSED] - pages.Product.clickOnProductTab is PASSED

2021-01-13 12:51:55 - [TEST_STEP][PASSED] - productName = pages.Product.getRandomProductNmae(): pages.Product.getRandomProductNmae is PASSED

2021-01-13 12:51:55 - [MESSAGE][PASSED] - Object 'Object Repository/Product/productTab' is present

2021-01-13 12:51:56 - [MESSAGE][PASSED] - Object 'Object Repository/Product/productTab' is visible

2021-01-13 12:51:56 - [MESSAGE][PASSED] - Object 'Object Repository/Product/productTab' is clickable

2021-01-13 12:51:56 - [MESSAGE][PASSED] - Object: 'Object Repository/Product/productTab' is clicked on

2021-01-13 12:51:57 - [MESSAGE][PASSED] - Object 'Object Repository/Product/productsCount' is present

2021-01-13 12:51:57 - [MESSAGE][PASSED] - Text of object 'Object Repository/Product/randomProduct(index)' is: 'remote toy craft1'

2021-01-13 12:51:57 - [MESSAGE][PASSED] - pages.Product.getRandomProductNmae is PASSED

2021-01-13 12:51:57 - [TEST_STEP][PASSED] - pages.Product.searchForAProduct(productName): pages.Product.searchForAProduct is PASSED

2021-01-13 12:51:58 - [MESSAGE][PASSED] - Object 'Object Repository/Product/Filter by name' is present

2021-01-13 12:51:58 - [MESSAGE][PASSED] - Object 'Object Repository/Product/Filter by name' is visible

2021-01-13 12:51:58 - [MESSAGE][PASSED] - Object 'Object Repository/Product/Filter by name' is clickable

2021-01-13 12:51:58 - [MESSAGE][PASSED] - Text of object 'Object Repository/Product/Filter by name' is cleared

2021-01-13 12:51:59 - [MESSAGE][PASSED] - Keys '' sent to object: 'Object Repository/Product/Filter by name'

2021-01-13 12:51:59 - [MESSAGE][PASSED] - Keys 'r' sent to object: 'Object Repository/Product/Filter by name'

2021-01-13 12:51:59 - [MESSAGE][PASSED] - Keys 'e' sent to object: 'Object Repository/Product/Filter by name'

2021-01-13 12:52:00 - [MESSAGE][PASSED] - Keys 'm' sent to object: 'Object Repository/Product/Filter by name'

2021-01-13 12:52:01 - [MESSAGE][PASSED] - Keys 'o' sent to object: 'Object Repository/Product/Filter by name'

2021-01-13 12:52:02 - [MESSAGE][PASSED] - Keys 't' sent to object: 'Object Repository/Product/Filter by name'

2021-01-13 12:52:02 - [MESSAGE][PASSED] - Keys 'e' sent to object: 'Object Repository/Product/Filter by name'

2021-01-13 12:52:03 - [MESSAGE][PASSED] - Keys ' ' sent to object: 'Object Repository/Product/Filter by name'

2021-01-13 12:52:04 - [MESSAGE][PASSED] - Keys 't' sent to object: 'Object Repository/Product/Filter by name'

2021-01-13 12:52:04 - [MESSAGE][PASSED] - Keys 'o' sent to object: 'Object Repository/Product/Filter by name'

2021-01-13 12:52:05 - [MESSAGE][PASSED] - Keys 'y' sent to object: 'Object Repository/Product/Filter by name'

2021-01-13 12:52:05 - [MESSAGE][PASSED] - Keys ' ' sent to object: 'Object Repository/Product/Filter by name'

2021-01-13 12:52:06 - [MESSAGE][PASSED] - Keys 'c' sent to object: 'Object Repository/Product/Filter by name'

2021-01-13 12:52:07 - [MESSAGE][PASSED] - Keys 'r' sent to object: 'Object Repository/Product/Filter by name'

2021-01-13 12:52:07 - [MESSAGE][PASSED] - Keys 'a' sent to object: 'Object Repository/Product/Filter by name'

2021-01-13 12:52:09 - [MESSAGE][PASSED] - Keys 'f' sent to object: 'Object Repository/Product/Filter by name'

2021-01-13 12:52:09 - [MESSAGE][PASSED] - Keys 't' sent to object: 'Object Repository/Product/Filter by name'

2021-01-13 12:52:10 - [MESSAGE][PASSED] - Keys '1' sent to object: 'Object Repository/Product/Filter by name'

2021-01-13 12:52:10 - [MESSAGE][PASSED] - pages.Product.searchForAProduct is PASSED

2021-01-13 12:52:10 - [TEST_STEP][PASSED] - pages.Product.verifyProductPresent(productName): pages.Product.verifyProductPresent is PASSED

2021-01-13 12:52:10 - [MESSAGE][PASSED] - Object 'Object Repository/Product/Filter by name' is present

2021-01-13 12:52:11 - [MESSAGE][PASSED] - Object 'Object Repository/Product/Filter by name' is visible

2021-01-13 12:52:11 - [MESSAGE][PASSED] - Object 'Object Repository/Product/Filter by name' is clickable

2021-01-13 12:52:12 - [MESSAGE][PASSED] - Text of object 'Object Repository/Product/Filter by name' is cleared

2021-01-13 12:52:13 - [MESSAGE][PASSED] - Keys '' sent to object: 'Object Repository/Product/Filter by name'

2021-01-13 12:52:13 - [MESSAGE][PASSED] - Keys 'r' sent to object: 'Object Repository/Product/Filter by name'

2021-01-13 12:52:14 - [MESSAGE][PASSED] - Keys 'e' sent to object: 'Object Repository/Product/Filter by name'

2021-01-13 12:52:15 - [MESSAGE][PASSED] - Keys 'm' sent to object: 'Object Repository/Product/Filter by name'

2021-01-13 12:52:16 - [MESSAGE][PASSED] - Keys 'o' sent to object: 'Object Repository/Product/Filter by name'

2021-01-13 12:52:16 - [MESSAGE][PASSED] - Keys 't' sent to object: 'Object Repository/Product/Filter by name'

2021-01-13 12:52:17 - [MESSAGE][PASSED] - Keys 'e' sent to object: 'Object Repository/Product/Filter by name'

2021-01-13 12:52:17 - [MESSAGE][PASSED] - Keys ' ' sent to object: 'Object Repository/Product/Filter by name'

2021-01-13 12:52:19 - [MESSAGE][PASSED] - Keys 't' sent to object: 'Object Repository/Product/Filter by name'

2021-01-13 12:52:20 - [MESSAGE][PASSED] - Keys 'o' sent to object: 'Object Repository/Product/Filter by name'

2021-01-13 12:52:20 - [MESSAGE][PASSED] - Keys 'y' sent to object: 'Object Repository/Product/Filter by name'

2021-01-13 12:52:21 - [MESSAGE][PASSED] - Keys ' ' sent to object: 'Object Repository/Product/Filter by name'

2021-01-13 12:52:22 - [MESSAGE][PASSED] - Keys 'c' sent to object: 'Object Repository/Product/Filter by name'

2021-01-13 12:52:22 - [MESSAGE][PASSED] - Keys 'r' sent to object: 'Object Repository/Product/Filter by name'

2021-01-13 12:52:23 - [MESSAGE][PASSED] - Keys 'a' sent to object: 'Object Repository/Product/Filter by name'

2021-01-13 12:52:23 - [MESSAGE][PASSED] - Keys 'f' sent to object: 'Object Repository/Product/Filter by name'

2021-01-13 12:52:24 - [MESSAGE][PASSED] - Keys 't' sent to object: 'Object Repository/Product/Filter by name'

2021-01-13 12:52:25 - [MESSAGE][PASSED] - Keys '1' sent to object: 'Object Repository/Product/Filter by name'

2021-01-13 12:52:25 - [MESSAGE][PASSED] - Object 'Object Repository/Product/productName(Name)' is present

2021-01-13 12:52:25 - [MESSAGE][PASSED] - pages.Product.verifyProductPresent is PASSED]]></system-out>
         <system-err><![CDATA[]]></system-err>
      </testcase>
      <testcase name="Test Cases/Admin/Product/verifySearchFunctionalityWithInvalidProduct" time="21.7" classname="Test Cases/Admin/Product/verifySearchFunctionalityWithInvalidProduct" status="PASSED">
         <system-out><![CDATA[2021-01-13 12:52:25 - [TEST_CASE][PASSED] - Test Cases/Admin/Product/verifySearchFunctionalityWithInvalidProduct: Test Cases/Admin/Product/verifySearchFunctionalityWithInvalidProduct

2021-01-13 12:52:25 - [TEST_STEP][PASSED] - Start listener action : login: null

2021-01-13 12:52:25 - [TEST_STEP][PASSED] - Thread.sleep(3000): null

2021-01-13 12:52:28 - [TEST_STEP][PASSED] - url = getUrl(): Current window's url is: 'https://dev-admin.modist.co/dashboard'

2021-01-13 12:52:29 - [MESSAGE][PASSED] - Current window's url is: 'https://dev-admin.modist.co/dashboard'

2021-01-13 12:52:29 - [TEST_STEP][PASSED] - if (!(url.contains("dashboard"))): null

2021-01-13 12:52:29 - [TEST_STEP][PASSED] - pages.Product.clickOnProductTab(): pages.Product.clickOnProductTab is PASSED

2021-01-13 12:52:29 - [MESSAGE][PASSED] - Object 'Object Repository/Product/productTab' is present

2021-01-13 12:52:29 - [MESSAGE][PASSED] - Object 'Object Repository/Product/productTab' is visible

2021-01-13 12:52:30 - [MESSAGE][PASSED] - Object 'Object Repository/Product/productTab' is clickable

2021-01-13 12:52:30 - [MESSAGE][PASSED] - Object: 'Object Repository/Product/productTab' is clicked on

2021-01-13 12:52:30 - [MESSAGE][PASSED] - pages.Product.clickOnProductTab is PASSED

2021-01-13 12:52:30 - [TEST_STEP][PASSED] - productName = pages.Product.getRandomProductNmae(): pages.Product.getRandomProductNmae is PASSED

2021-01-13 12:52:30 - [MESSAGE][PASSED] - Object 'Object Repository/Product/productTab' is present

2021-01-13 12:52:31 - [MESSAGE][PASSED] - Object 'Object Repository/Product/productTab' is visible

2021-01-13 12:52:31 - [MESSAGE][PASSED] - Object 'Object Repository/Product/productTab' is clickable

2021-01-13 12:52:31 - [MESSAGE][PASSED] - Object: 'Object Repository/Product/productTab' is clicked on

2021-01-13 12:52:32 - [MESSAGE][PASSED] - Object 'Object Repository/Product/productsCount' is present

2021-01-13 12:52:32 - [MESSAGE][PASSED] - Text of object 'Object Repository/Product/randomProduct(index)' is: 'remote toy craft1'

2021-01-13 12:52:32 - [MESSAGE][PASSED] - pages.Product.getRandomProductNmae is PASSED

2021-01-13 12:52:32 - [TEST_STEP][PASSED] - productName = productName + "*": null

2021-01-13 12:52:32 - [TEST_STEP][PASSED] - pages.Product.verifyProductNotPresent(productName): pages.Product.verifyProductNotPresent is PASSED

2021-01-13 12:52:33 - [MESSAGE][PASSED] - Object 'Object Repository/Product/Filter by name' is present

2021-01-13 12:52:33 - [MESSAGE][PASSED] - Object 'Object Repository/Product/Filter by name' is visible

2021-01-13 12:52:33 - [MESSAGE][PASSED] - Object 'Object Repository/Product/Filter by name' is clickable

2021-01-13 12:52:34 - [MESSAGE][PASSED] - Text of object 'Object Repository/Product/Filter by name' is cleared

2021-01-13 12:52:34 - [MESSAGE][PASSED] - Keys '' sent to object: 'Object Repository/Product/Filter by name'

2021-01-13 12:52:35 - [MESSAGE][PASSED] - Keys 'r' sent to object: 'Object Repository/Product/Filter by name'

2021-01-13 12:52:36 - [MESSAGE][PASSED] - Keys 'e' sent to object: 'Object Repository/Product/Filter by name'

2021-01-13 12:52:36 - [MESSAGE][PASSED] - Keys 'm' sent to object: 'Object Repository/Product/Filter by name'

2021-01-13 12:52:37 - [MESSAGE][PASSED] - Keys 'o' sent to object: 'Object Repository/Product/Filter by name'

2021-01-13 12:52:38 - [MESSAGE][PASSED] - Keys 't' sent to object: 'Object Repository/Product/Filter by name'

2021-01-13 12:52:39 - [MESSAGE][PASSED] - Keys 'e' sent to object: 'Object Repository/Product/Filter by name'

2021-01-13 12:52:39 - [MESSAGE][PASSED] - Keys ' ' sent to object: 'Object Repository/Product/Filter by name'

2021-01-13 12:52:40 - [MESSAGE][PASSED] - Keys 't' sent to object: 'Object Repository/Product/Filter by name'

2021-01-13 12:52:40 - [MESSAGE][PASSED] - Keys 'o' sent to object: 'Object Repository/Product/Filter by name'

2021-01-13 12:52:41 - [MESSAGE][PASSED] - Keys 'y' sent to object: 'Object Repository/Product/Filter by name'

2021-01-13 12:52:42 - [MESSAGE][PASSED] - Keys ' ' sent to object: 'Object Repository/Product/Filter by name'

2021-01-13 12:52:42 - [MESSAGE][PASSED] - Keys 'c' sent to object: 'Object Repository/Product/Filter by name'

2021-01-13 12:52:43 - [MESSAGE][PASSED] - Keys 'r' sent to object: 'Object Repository/Product/Filter by name'

2021-01-13 12:52:44 - [MESSAGE][PASSED] - Keys 'a' sent to object: 'Object Repository/Product/Filter by name'

2021-01-13 12:52:44 - [MESSAGE][PASSED] - Keys 'f' sent to object: 'Object Repository/Product/Filter by name'

2021-01-13 12:52:45 - [MESSAGE][PASSED] - Keys 't' sent to object: 'Object Repository/Product/Filter by name'

2021-01-13 12:52:45 - [MESSAGE][PASSED] - Keys '1' sent to object: 'Object Repository/Product/Filter by name'

2021-01-13 12:52:47 - [MESSAGE][PASSED] - Keys '*' sent to object: 'Object Repository/Product/Filter by name'

2021-01-13 12:52:47 - [MESSAGE][PASSED] - Web element with id: 'Object Repository/Product/productName(Name)' located by 'By.xpath: //div[text()='remote toy craft1*']/../..
' is not present after '30' second(s)

2021-01-13 12:52:47 - [MESSAGE][PASSED] - pages.Product.verifyProductNotPresent is PASSED]]></system-out>
         <system-err><![CDATA[]]></system-err>
      </testcase>
      <testcase name="Test Cases/Admin/Section/addSectionAndVerify" time="59.508" classname="Test Cases/Admin/Section/addSectionAndVerify" status="FAILED">
         <failure type="FAILED" message="Test Cases/Admin/Section/addSectionAndVerify FAILED.
Reason:
com.kms.katalon.core.exception.StepFailedException: RandomSection443is not present
	at com.kms.katalon.core.util.KeywordUtil.markFailedAndStop(KeywordUtil.java:28)
	at com.kms.katalon.core.util.KeywordUtil$markFailedAndStop$0.call(Unknown Source)
	at verification.Verification.verifyElementPresent(Verification.groovy:31)
	at pages.Section.verifySectionAdded(Section.groovy:60)
	at pages.Section.invokeMethod(Section.groovy)
	at com.kms.katalon.core.main.CustomKeywordDelegatingMetaClass.invokeStaticMethod(CustomKeywordDelegatingMetaClass.java:50)
	at addSectionAndVerify.run(addSectionAndVerify:22)
	at com.kms.katalon.core.main.ScriptEngine.run(ScriptEngine.java:194)
	at com.kms.katalon.core.main.ScriptEngine.runScriptAsRawText(ScriptEngine.java:119)
	at com.kms.katalon.core.main.TestCaseExecutor.runScript(TestCaseExecutor.java:339)
	at com.kms.katalon.core.main.TestCaseExecutor.doExecute(TestCaseExecutor.java:330)
	at com.kms.katalon.core.main.TestCaseExecutor.processExecutionPhase(TestCaseExecutor.java:309)
	at com.kms.katalon.core.main.TestCaseExecutor.accessMainPhase(TestCaseExecutor.java:301)
	at com.kms.katalon.core.main.TestCaseExecutor.execute(TestCaseExecutor.java:235)
	at com.kms.katalon.core.main.TestSuiteExecutor.accessTestCaseMainPhase(TestSuiteExecutor.java:191)
	at com.kms.katalon.core.main.TestSuiteExecutor.accessTestSuiteMainPhase(TestSuiteExecutor.java:141)
	at com.kms.katalon.core.main.TestSuiteExecutor.execute(TestSuiteExecutor.java:90)
	at com.kms.katalon.core.main.TestCaseMain.startTestSuite(TestCaseMain.java:157)
	at com.kms.katalon.core.main.TestCaseMain$startTestSuite$0.call(Unknown Source)
	at TempTestSuite1610559105062.run(TempTestSuite1610559105062.groovy:39)
"/>
         <system-out><![CDATA[2021-01-13 12:52:47 - [TEST_CASE][FAILED] - Test Cases/Admin/Section/addSectionAndVerify: Test Cases/Admin/Section/addSectionAndVerify FAILED.
Reason:
com.kms.katalon.core.exception.StepFailedException: RandomSection443is not present
	at com.kms.katalon.core.util.KeywordUtil.markFailedAndStop(KeywordUtil.java:28)
	at com.kms.katalon.core.util.KeywordUtil$markFailedAndStop$0.call(Unknown Source)
	at verification.Verification.verifyElementPresent(Verification.groovy:31)
	at pages.Section.verifySectionAdded(Section.groovy:60)
	at pages.Section.invokeMethod(Section.groovy)
	at com.kms.katalon.core.main.CustomKeywordDelegatingMetaClass.invokeStaticMethod(CustomKeywordDelegatingMetaClass.java:50)
	at addSectionAndVerify.run(addSectionAndVerify:22)
	at com.kms.katalon.core.main.ScriptEngine.run(ScriptEngine.java:194)
	at com.kms.katalon.core.main.ScriptEngine.runScriptAsRawText(ScriptEngine.java:119)
	at com.kms.katalon.core.main.TestCaseExecutor.runScript(TestCaseExecutor.java:339)
	at com.kms.katalon.core.main.TestCaseExecutor.doExecute(TestCaseExecutor.java:330)
	at com.kms.katalon.core.main.TestCaseExecutor.processExecutionPhase(TestCaseExecutor.java:309)
	at com.kms.katalon.core.main.TestCaseExecutor.accessMainPhase(TestCaseExecutor.java:301)
	at com.kms.katalon.core.main.TestCaseExecutor.execute(TestCaseExecutor.java:235)
	at com.kms.katalon.core.main.TestSuiteExecutor.accessTestCaseMainPhase(TestSuiteExecutor.java:191)
	at com.kms.katalon.core.main.TestSuiteExecutor.accessTestSuiteMainPhase(TestSuiteExecutor.java:141)
	at com.kms.katalon.core.main.TestSuiteExecutor.execute(TestSuiteExecutor.java:90)
	at com.kms.katalon.core.main.TestCaseMain.startTestSuite(TestCaseMain.java:157)
	at com.kms.katalon.core.main.TestCaseMain$startTestSuite$0.call(Unknown Source)
	at TempTestSuite1610559105062.run(TempTestSuite1610559105062.groovy:39)


2021-01-13 12:52:47 - [TEST_STEP][PASSED] - Start listener action : login: null

2021-01-13 12:52:47 - [TEST_STEP][PASSED] - Thread.sleep(3000): null

2021-01-13 12:52:50 - [TEST_STEP][PASSED] - url = getUrl(): Current window's url is: 'https://dev-admin.modist.co/dashboard'

2021-01-13 12:52:50 - [MESSAGE][PASSED] - Current window's url is: 'https://dev-admin.modist.co/dashboard'

2021-01-13 12:52:50 - [TEST_STEP][PASSED] - if (!(url.contains("dashboard"))): null

2021-01-13 12:52:50 - [TEST_STEP][PASSED] - pages.Section.clickOnSectionTab(): pages.Section.clickOnSectionTab is PASSED

2021-01-13 12:52:51 - [MESSAGE][PASSED] - Object 'Object Repository/Section/SectionTab' is present

2021-01-13 12:52:51 - [MESSAGE][PASSED] - Object 'Object Repository/Section/SectionTab' is visible

2021-01-13 12:52:51 - [MESSAGE][PASSED] - Object 'Object Repository/Section/SectionTab' is clickable

2021-01-13 12:52:52 - [MESSAGE][PASSED] - Object: 'Object Repository/Section/SectionTab' is clicked on

2021-01-13 12:52:52 - [MESSAGE][PASSED] - pages.Section.clickOnSectionTab is PASSED

2021-01-13 12:52:52 - [TEST_STEP][PASSED] - sectionName = pages.Section.addSection(): pages.Section.addSection is PASSED

2021-01-13 12:52:52 - [MESSAGE][PASSED] - Object 'Object Repository/Section/SectionTab' is present

2021-01-13 12:52:53 - [MESSAGE][PASSED] - Object 'Object Repository/Section/SectionTab' is visible

2021-01-13 12:52:53 - [MESSAGE][PASSED] - Object 'Object Repository/Section/SectionTab' is clickable

2021-01-13 12:52:54 - [MESSAGE][PASSED] - Object: 'Object Repository/Section/SectionTab' is clicked on

2021-01-13 12:52:54 - [MESSAGE][PASSED] - Object 'Object Repository/Section/AddSectionButton' is present

2021-01-13 12:52:54 - [MESSAGE][PASSED] - Object 'Object Repository/Section/AddSectionButton' is visible

2021-01-13 12:52:55 - [MESSAGE][PASSED] - Object 'Object Repository/Section/AddSectionButton' is clickable

2021-01-13 12:52:55 - [MESSAGE][PASSED] - Object: 'Object Repository/Section/AddSectionButton' is clicked on

2021-01-13 12:52:56 - [MESSAGE][PASSED] - Object 'Object Repository/Section/addSection/title' is present

2021-01-13 12:52:56 - [MESSAGE][PASSED] - Object 'Object Repository/Section/addSection/title' is visible

2021-01-13 12:52:57 - [MESSAGE][PASSED] - Object 'Object Repository/Section/addSection/title' is clickable

2021-01-13 12:52:57 - [MESSAGE][PASSED] - Text of object 'Object Repository/Section/addSection/title' is cleared

2021-01-13 12:52:57 - [MESSAGE][PASSED] - Keys 'RandomSection443' sent to object: 'Object Repository/Section/addSection/title'

2021-01-13 12:52:58 - [MESSAGE][PASSED] - Object 'Object Repository/Section/addSection/subtitle' is present

2021-01-13 12:52:58 - [MESSAGE][PASSED] - Object 'Object Repository/Section/addSection/subtitle' is visible

2021-01-13 12:52:58 - [MESSAGE][PASSED] - Object 'Object Repository/Section/addSection/subtitle' is clickable

2021-01-13 12:52:58 - [MESSAGE][PASSED] - Text of object 'Object Repository/Section/addSection/subtitle' is cleared

2021-01-13 12:52:59 - [MESSAGE][PASSED] - Keys 'New Section sample' sent to object: 'Object Repository/Section/addSection/subtitle'

2021-01-13 12:52:59 - [MESSAGE][PASSED] - Object 'Object Repository/Section/addSection/tenant' is present

2021-01-13 12:53:00 - [MESSAGE][PASSED] - Object 'Object Repository/Section/addSection/tenant' is visible

2021-01-13 12:53:00 - [MESSAGE][PASSED] - Object 'Object Repository/Section/addSection/tenant' is clickable

2021-01-13 12:53:01 - [MESSAGE][PASSED] - Object: 'Object Repository/Section/addSection/tenant' is clicked on

2021-01-13 12:53:01 - [MESSAGE][PASSED] - Object 'Object Repository/Section/addSection/tenantSelect' is present

2021-01-13 12:53:01 - [MESSAGE][PASSED] - Object 'Object Repository/Section/addSection/tenantSelect' is visible

2021-01-13 12:53:01 - [MESSAGE][PASSED] - Object 'Object Repository/Section/addSection/tenantSelect' is clickable

2021-01-13 12:53:02 - [MESSAGE][PASSED] - Object: 'Object Repository/Section/addSection/tenantSelect' is clicked on

2021-01-13 12:53:02 - [MESSAGE][PASSED] - Object 'Object Repository/Section/addSection/addSection' is present

2021-01-13 12:53:03 - [MESSAGE][PASSED] - Object 'Object Repository/Section/addSection/addSection' is visible

2021-01-13 12:53:03 - [MESSAGE][PASSED] - Object 'Object Repository/Section/addSection/addSection' is clickable

2021-01-13 12:53:03 - [MESSAGE][PASSED] - Object: 'Object Repository/Section/addSection/addSection' is clicked on

2021-01-13 12:53:03 - [MESSAGE][PASSED] - pages.Section.addSection is PASSED

2021-01-13 12:53:03 - [TEST_STEP][FAILED] - pages.Section.verifySectionAdded(sectionName): RandomSection443is not present

2021-01-13 12:53:04 - [MESSAGE][PASSED] - Object 'Object Repository/Section/filterByName' is present

2021-01-13 12:53:05 - [MESSAGE][PASSED] - Object 'Object Repository/Section/filterByName' is visible

2021-01-13 12:53:05 - [MESSAGE][PASSED] - Object 'Object Repository/Section/filterByName' is clickable

2021-01-13 12:53:05 - [MESSAGE][PASSED] - Text of object 'Object Repository/Section/filterByName' is cleared

2021-01-13 12:53:06 - [MESSAGE][PASSED] - Keys '' sent to object: 'Object Repository/Section/filterByName'

2021-01-13 12:53:06 - [MESSAGE][PASSED] - Keys 'R' sent to object: 'Object Repository/Journey/journrySearchInput'

2021-01-13 12:53:06 - [MESSAGE][PASSED] - Keys 'a' sent to object: 'Object Repository/Journey/journrySearchInput'

2021-01-13 12:53:08 - [MESSAGE][PASSED] - Keys 'n' sent to object: 'Object Repository/Journey/journrySearchInput'

2021-01-13 12:53:08 - [MESSAGE][PASSED] - Keys 'd' sent to object: 'Object Repository/Journey/journrySearchInput'

2021-01-13 12:53:09 - [MESSAGE][PASSED] - Keys 'o' sent to object: 'Object Repository/Journey/journrySearchInput'

2021-01-13 12:53:09 - [MESSAGE][PASSED] - Keys 'm' sent to object: 'Object Repository/Journey/journrySearchInput'

2021-01-13 12:53:10 - [MESSAGE][PASSED] - Keys 'S' sent to object: 'Object Repository/Journey/journrySearchInput'

2021-01-13 12:53:11 - [MESSAGE][PASSED] - Keys 'e' sent to object: 'Object Repository/Journey/journrySearchInput'

2021-01-13 12:53:11 - [MESSAGE][PASSED] - Keys 'c' sent to object: 'Object Repository/Journey/journrySearchInput'

2021-01-13 12:53:12 - [MESSAGE][PASSED] - Keys 't' sent to object: 'Object Repository/Journey/journrySearchInput'

2021-01-13 12:53:12 - [MESSAGE][PASSED] - Keys 'i' sent to object: 'Object Repository/Journey/journrySearchInput'

2021-01-13 12:53:13 - [MESSAGE][PASSED] - Keys 'o' sent to object: 'Object Repository/Journey/journrySearchInput'

2021-01-13 12:53:13 - [MESSAGE][PASSED] - Keys 'n' sent to object: 'Object Repository/Journey/journrySearchInput'

2021-01-13 12:53:14 - [MESSAGE][PASSED] - Keys '4' sent to object: 'Object Repository/Journey/journrySearchInput'

2021-01-13 12:53:14 - [MESSAGE][PASSED] - Keys '4' sent to object: 'Object Repository/Journey/journrySearchInput'

2021-01-13 12:53:15 - [MESSAGE][PASSED] - Keys '3' sent to object: 'Object Repository/Journey/journrySearchInput'

2021-01-13 12:53:46 - [MESSAGE][INFO] - Unable to find the element located by 'By.xpath: //div[text()="RandomSection443"]'. Please recheck the objects properties to make sure the desired element is located. 

2021-01-13 12:53:46 - [MESSAGE][WARNING] - com.kms.katalon.core.webui.exception.WebElementNotFoundException: Web element with id: 'Object Repository/Section/anySection(sectionName)' located by '//div[text()="RandomSection443"]' not found (Root cause: com.kms.katalon.core.exception.StepFailedException: com.kms.katalon.core.webui.exception.WebElementNotFoundException: Web element with id: 'Object Repository/Section/anySection(sectionName)' located by '//div[text()="RandomSection443"]' not found
	at com.kms.katalon.core.webui.keyword.internal.WebUIKeywordMain.stepFailed(WebUIKeywordMain.groovy:64)
	at com.kms.katalon.core.webui.keyword.builtin.VerifyElementPresentKeyword$_verifyElementPresent_closure1.doCall(VerifyElementPresentKeyword.groovy:85)
	at com.kms.katalon.core.webui.keyword.builtin.VerifyElementPresentKeyword$_verifyElementPresent_closure1.call(VerifyElementPresentKeyword.groovy)
	at com.kms.katalon.core.webui.keyword.internal.WebUIKeywordMain.runKeyword(WebUIKeywordMain.groovy:20)
	at com.kms.katalon.core.webui.keyword.builtin.VerifyElementPresentKeyword.verifyElementPresent(VerifyElementPresentKeyword.groovy:92)
	at com.kms.katalon.core.webui.keyword.builtin.VerifyElementPresentKeyword.execute(VerifyElementPresentKeyword.groovy:68)
	at com.kms.katalon.core.keyword.internal.KeywordExecutor.executeKeywordForPlatform(KeywordExecutor.groovy:73)
	at com.kms.katalon.core.webui.keyword.WebUiBuiltInKeywords.verifyElementPresent(WebUiBuiltInKeywords.groovy:1445)
	at com.kms.katalon.core.webui.keyword.WebUiBuiltInKeywords$verifyElementPresent$2.call(Unknown Source)
	at verification.Verification.verifyElementPresent(Verification.groovy:29)
	at pages.Section.verifySectionAdded(Section.groovy:60)
	at pages.Section.invokeMethod(Section.groovy)
	at com.kms.katalon.core.main.CustomKeywordDelegatingMetaClass.invokeStaticMethod(CustomKeywordDelegatingMetaClass.java:50)
	at addSectionAndVerify.run(addSectionAndVerify:22)
	at com.kms.katalon.core.main.ScriptEngine.run(ScriptEngine.java:194)
	at com.kms.katalon.core.main.ScriptEngine.runScriptAsRawText(ScriptEngine.java:119)
	at com.kms.katalon.core.main.TestCaseExecutor.runScript(TestCaseExecutor.java:339)
	at com.kms.katalon.core.main.TestCaseExecutor.doExecute(TestCaseExecutor.java:330)
	at com.kms.katalon.core.main.TestCaseExecutor.processExecutionPhase(TestCaseExecutor.java:309)
	at com.kms.katalon.core.main.TestCaseExecutor.accessMainPhase(TestCaseExecutor.java:301)
	at com.kms.katalon.core.main.TestCaseExecutor.execute(TestCaseExecutor.java:235)
	at com.kms.katalon.core.main.TestSuiteExecutor.accessTestCaseMainPhase(TestSuiteExecutor.java:191)
	at com.kms.katalon.core.main.TestSuiteExecutor.accessTestSuiteMainPhase(TestSuiteExecutor.java:141)
	at com.kms.katalon.core.main.TestSuiteExecutor.execute(TestSuiteExecutor.java:90)
	at com.kms.katalon.core.main.TestCaseMain.startTestSuite(TestCaseMain.java:157)
	at com.kms.katalon.core.main.TestCaseMain$startTestSuite$0.call(Unknown Source)
	at TempTestSuite1610559105062.run(TempTestSuite1610559105062.groovy:39)
)
[[ATTACHMENT|E:\\Modist\\ModistProject\\Reports\\20210113_123145\\AllTestCases\\20210113_123145\\1610560426700.png]]

2021-01-13 12:53:47 - [MESSAGE][PASSED] - Taking screenshot successfully
[[ATTACHMENT|E:\Modist\ModistProject\Reports\20210113_123145\AllTestCases\20210113_123145\1610560427075.png]]

2021-01-13 12:53:47 - [MESSAGE][FAILED] - RandomSection443is not present]]></system-out>
         <system-err><![CDATA[2021-01-13 12:52:47 - [TEST_CASE][FAILED] - Test Cases/Admin/Section/addSectionAndVerify: Test Cases/Admin/Section/addSectionAndVerify FAILED.
Reason:
com.kms.katalon.core.exception.StepFailedException: RandomSection443is not present
	at com.kms.katalon.core.util.KeywordUtil.markFailedAndStop(KeywordUtil.java:28)
	at com.kms.katalon.core.util.KeywordUtil$markFailedAndStop$0.call(Unknown Source)
	at verification.Verification.verifyElementPresent(Verification.groovy:31)
	at pages.Section.verifySectionAdded(Section.groovy:60)
	at pages.Section.invokeMethod(Section.groovy)
	at com.kms.katalon.core.main.CustomKeywordDelegatingMetaClass.invokeStaticMethod(CustomKeywordDelegatingMetaClass.java:50)
	at addSectionAndVerify.run(addSectionAndVerify:22)
	at com.kms.katalon.core.main.ScriptEngine.run(ScriptEngine.java:194)
	at com.kms.katalon.core.main.ScriptEngine.runScriptAsRawText(ScriptEngine.java:119)
	at com.kms.katalon.core.main.TestCaseExecutor.runScript(TestCaseExecutor.java:339)
	at com.kms.katalon.core.main.TestCaseExecutor.doExecute(TestCaseExecutor.java:330)
	at com.kms.katalon.core.main.TestCaseExecutor.processExecutionPhase(TestCaseExecutor.java:309)
	at com.kms.katalon.core.main.TestCaseExecutor.accessMainPhase(TestCaseExecutor.java:301)
	at com.kms.katalon.core.main.TestCaseExecutor.execute(TestCaseExecutor.java:235)
	at com.kms.katalon.core.main.TestSuiteExecutor.accessTestCaseMainPhase(TestSuiteExecutor.java:191)
	at com.kms.katalon.core.main.TestSuiteExecutor.accessTestSuiteMainPhase(TestSuiteExecutor.java:141)
	at com.kms.katalon.core.main.TestSuiteExecutor.execute(TestSuiteExecutor.java:90)
	at com.kms.katalon.core.main.TestCaseMain.startTestSuite(TestCaseMain.java:157)
	at com.kms.katalon.core.main.TestCaseMain$startTestSuite$0.call(Unknown Source)
	at TempTestSuite1610559105062.run(TempTestSuite1610559105062.groovy:39)]]></system-err>
      </testcase>
      <testcase name="Test Cases/Admin/Section/veifyFieldsPresentInAddSectionPopUp" time="16.613" classname="Test Cases/Admin/Section/veifyFieldsPresentInAddSectionPopUp" status="PASSED">
         <system-out><![CDATA[2021-01-13 12:53:47 - [TEST_CASE][PASSED] - Test Cases/Admin/Section/veifyFieldsPresentInAddSectionPopUp: Test Cases/Admin/Section/veifyFieldsPresentInAddSectionPopUp

2021-01-13 12:53:47 - [TEST_STEP][PASSED] - Start listener action : login: null

2021-01-13 12:53:47 - [TEST_STEP][PASSED] - Thread.sleep(3000): null

2021-01-13 12:53:50 - [TEST_STEP][PASSED] - url = getUrl(): Current window's url is: 'https://dev-admin.modist.co/dashboard'

2021-01-13 12:53:50 - [MESSAGE][PASSED] - Current window's url is: 'https://dev-admin.modist.co/dashboard'

2021-01-13 12:53:50 - [TEST_STEP][PASSED] - if (!(url.contains("dashboard"))): null

2021-01-13 12:53:50 - [TEST_STEP][PASSED] - pages.Section.clickOnSectionTab(): pages.Section.clickOnSectionTab is PASSED

2021-01-13 12:53:50 - [MESSAGE][PASSED] - Object 'Object Repository/Section/SectionTab' is present

2021-01-13 12:53:51 - [MESSAGE][PASSED] - Object 'Object Repository/Section/SectionTab' is visible

2021-01-13 12:53:51 - [MESSAGE][PASSED] - Object 'Object Repository/Section/SectionTab' is clickable

2021-01-13 12:53:51 - [MESSAGE][PASSED] - Object: 'Object Repository/Section/SectionTab' is clicked on

2021-01-13 12:53:51 - [MESSAGE][PASSED] - pages.Section.clickOnSectionTab is PASSED

2021-01-13 12:53:51 - [TEST_STEP][PASSED] - pages.Section.verifyElementsInAddSectionPopUp(): pages.Section.verifyElementsInAddSectionPopUp is PASSED

2021-01-13 12:53:52 - [MESSAGE][PASSED] - Object 'Object Repository/Section/SectionTab' is present

2021-01-13 12:53:52 - [MESSAGE][PASSED] - Object 'Object Repository/Section/SectionTab' is visible

2021-01-13 12:53:52 - [MESSAGE][PASSED] - Object 'Object Repository/Section/SectionTab' is clickable

2021-01-13 12:53:53 - [MESSAGE][PASSED] - Object: 'Object Repository/Section/SectionTab' is clicked on

2021-01-13 12:53:53 - [MESSAGE][PASSED] - Object 'Object Repository/Section/AddSectionButton' is present

2021-01-13 12:53:53 - [MESSAGE][PASSED] - Object 'Object Repository/Section/AddSectionButton' is visible

2021-01-13 12:53:54 - [MESSAGE][PASSED] - Object 'Object Repository/Section/AddSectionButton' is clickable

2021-01-13 12:53:54 - [MESSAGE][PASSED] - Object: 'Object Repository/Section/AddSectionButton' is clicked on

2021-01-13 12:53:54 - [MESSAGE][PASSED] - Object 'Object Repository/Section/addSectionPopupFields/Title' is present

2021-01-13 12:53:55 - [MESSAGE][PASSED] - Object 'Object Repository/Section/addSectionPopupFields/subTitle' is present

2021-01-13 12:53:55 - [MESSAGE][PASSED] - Object 'Object Repository/Section/addSectionPopupFields/Tenant' is present

2021-01-13 12:53:56 - [MESSAGE][PASSED] - Object 'Object Repository/Section/addSectionPopupFields/cancel' is present

2021-01-13 12:53:56 - [MESSAGE][PASSED] - Object 'Object Repository/Section/addSectionPopupFields/addSection' is present

2021-01-13 12:53:56 - [MESSAGE][PASSED] - Object 'Object Repository/Section/addSection/cancelButton' is present

2021-01-13 12:53:58 - [MESSAGE][PASSED] - Object 'Object Repository/Section/addSection/cancelButton' is visible

2021-01-13 12:54:01 - [MESSAGE][PASSED] - Object 'Object Repository/Section/addSection/cancelButton' is clickable

2021-01-13 12:54:03 - [MESSAGE][PASSED] - Object: 'Object Repository/Section/addSection/cancelButton' is clicked on

2021-01-13 12:54:03 - [MESSAGE][PASSED] - pages.Section.verifyElementsInAddSectionPopUp is PASSED]]></system-out>
         <system-err><![CDATA[]]></system-err>
      </testcase>
      <testcase name="Test Cases/Admin/Section/verifyFunctionalityOfCancelButtonInAddSectionPopup" time="19.935" classname="Test Cases/Admin/Section/verifyFunctionalityOfCancelButtonInAddSectionPopup" status="PASSED">
         <system-out><![CDATA[2021-01-13 12:54:03 - [TEST_CASE][PASSED] - Test Cases/Admin/Section/verifyFunctionalityOfCancelButtonInAddSectionPopup: Test Cases/Admin/Section/verifyFunctionalityOfCancelButtonInAddSectionPopup

2021-01-13 12:54:03 - [TEST_STEP][PASSED] - Start listener action : login: null

2021-01-13 12:54:03 - [TEST_STEP][PASSED] - Thread.sleep(3000): null

2021-01-13 12:54:06 - [TEST_STEP][PASSED] - url = getUrl(): Current window's url is: 'https://dev-admin.modist.co/dashboard'

2021-01-13 12:54:06 - [MESSAGE][PASSED] - Current window's url is: 'https://dev-admin.modist.co/dashboard'

2021-01-13 12:54:06 - [TEST_STEP][PASSED] - if (!(url.contains("dashboard"))): null

2021-01-13 12:54:06 - [TEST_STEP][PASSED] - pages.Section.clickOnSectionTab(): pages.Section.clickOnSectionTab is PASSED

2021-01-13 12:54:09 - [MESSAGE][PASSED] - Object 'Object Repository/Section/SectionTab' is present

2021-01-13 12:54:11 - [MESSAGE][PASSED] - Object 'Object Repository/Section/SectionTab' is visible

2021-01-13 12:54:13 - [MESSAGE][PASSED] - Object 'Object Repository/Section/SectionTab' is clickable

2021-01-13 12:54:15 - [MESSAGE][PASSED] - Object: 'Object Repository/Section/SectionTab' is clicked on

2021-01-13 12:54:15 - [MESSAGE][PASSED] - pages.Section.clickOnSectionTab is PASSED

2021-01-13 12:54:15 - [TEST_STEP][PASSED] - pages.Section.clickOnAddSectionButton(): pages.Section.clickOnAddSectionButton is PASSED

2021-01-13 12:54:17 - [MESSAGE][PASSED] - Object 'Object Repository/Section/AddSectionButton' is present

2021-01-13 12:54:19 - [MESSAGE][PASSED] - Object 'Object Repository/Section/AddSectionButton' is visible

2021-01-13 12:54:21 - [MESSAGE][PASSED] - Object 'Object Repository/Section/AddSectionButton' is clickable

2021-01-13 12:54:21 - [MESSAGE][PASSED] - Object: 'Object Repository/Section/AddSectionButton' is clicked on

2021-01-13 12:54:21 - [MESSAGE][PASSED] - pages.Section.clickOnAddSectionButton is PASSED

2021-01-13 12:54:21 - [TEST_STEP][PASSED] - pages.Section.cancelButtonInAddSectionPopup(): pages.Section.cancelButtonInAddSectionPopup is PASSED

2021-01-13 12:54:22 - [MESSAGE][PASSED] - Object 'Object Repository/Section/addSection/cancelButton' is present

2021-01-13 12:54:22 - [MESSAGE][PASSED] - Object 'Object Repository/Section/addSection/cancelButton' is visible

2021-01-13 12:54:22 - [MESSAGE][PASSED] - Object 'Object Repository/Section/addSection/cancelButton' is clickable

2021-01-13 12:54:23 - [MESSAGE][PASSED] - Object: 'Object Repository/Section/addSection/cancelButton' is clicked on

2021-01-13 12:54:23 - [MESSAGE][PASSED] - Object 'Object Repository/Section/filterByName' is present

2021-01-13 12:54:23 - [MESSAGE][PASSED] - pages.Section.cancelButtonInAddSectionPopup is PASSED]]></system-out>
         <system-err><![CDATA[]]></system-err>
      </testcase>
      <testcase name="Test Cases/Admin/verifyFieldsPresentInAssetEditPage" time="3.335" classname="Test Cases/Admin/verifyFieldsPresentInAssetEditPage" status="ERROR">
         <error type="ERROR" message="Test Cases/Admin/verifyFieldsPresentInAssetEditPage FAILED.
Reason:
org.codehaus.groovy.runtime.metaclass.MissingMethodExceptionNoStack: No signature of method: pages.Asset.clickAsset() is applicable for argument types: () values: []
Possible solutions: clickAssetTab(), addAsset()
"/>
         <system-out><![CDATA[2021-01-13 12:54:23 - [TEST_CASE][ERROR] - Test Cases/Admin/verifyFieldsPresentInAssetEditPage: Test Cases/Admin/verifyFieldsPresentInAssetEditPage FAILED.
Reason:
org.codehaus.groovy.runtime.metaclass.MissingMethodExceptionNoStack: No signature of method: pages.Asset.clickAsset() is applicable for argument types: () values: []
Possible solutions: clickAssetTab(), addAsset()


2021-01-13 12:54:23 - [TEST_STEP][PASSED] - Start listener action : login: null

2021-01-13 12:54:23 - [TEST_STEP][PASSED] - Thread.sleep(3000): null

2021-01-13 12:54:26 - [TEST_STEP][PASSED] - url = getUrl(): Current window's url is: 'https://dev-admin.modist.co/dashboard'

2021-01-13 12:54:26 - [MESSAGE][PASSED] - Current window's url is: 'https://dev-admin.modist.co/dashboard'

2021-01-13 12:54:26 - [TEST_STEP][PASSED] - if (!(url.contains("dashboard"))): null

2021-01-13 12:54:26 - [TEST_STEP][ERROR] - pages.Asset.clickAsset(): No signature of method: pages.Asset.clickAsset() is applicable for argument types: () values: []
Possible solutions: clickAssetTab(), addAsset()

2021-01-13 12:54:27 - [MESSAGE][ERROR] - No signature of method: pages.Asset.clickAsset() is applicable for argument types: () values: []
Possible solutions: clickAssetTab(), addAsset()]]></system-out>
         <system-err><![CDATA[2021-01-13 12:54:23 - [TEST_CASE][ERROR] - Test Cases/Admin/verifyFieldsPresentInAssetEditPage: Test Cases/Admin/verifyFieldsPresentInAssetEditPage FAILED.
Reason:
org.codehaus.groovy.runtime.metaclass.MissingMethodExceptionNoStack: No signature of method: pages.Asset.clickAsset() is applicable for argument types: () values: []
Possible solutions: clickAssetTab(), addAsset()]]></system-err>
      </testcase>
      <testcase name="Test Cases/JourneyPortal/addProductTOCartAndVerifyWhetherIsItShownInUi" time="47.083" classname="Test Cases/JourneyPortal/addProductTOCartAndVerifyWhetherIsItShownInUi" status="PASSED">
         <system-out><![CDATA[2021-01-13 12:54:27 - [TEST_CASE][PASSED] - Test Cases/JourneyPortal/addProductTOCartAndVerifyWhetherIsItShownInUi: Test Cases/JourneyPortal/addProductTOCartAndVerifyWhetherIsItShownInUi

2021-01-13 12:54:27 - [TEST_STEP][PASSED] - Start listener action : login: null

2021-01-13 12:54:27 - [TEST_STEP][PASSED] - Thread.sleep(3000): null

2021-01-13 12:54:30 - [TEST_STEP][PASSED] - url = getUrl(): Current window's url is: 'https://dev-admin.modist.co/dashboard'

2021-01-13 12:54:30 - [MESSAGE][PASSED] - Current window's url is: 'https://dev-admin.modist.co/dashboard'

2021-01-13 12:54:30 - [TEST_STEP][PASSED] - if (!(url.contains("dashboard"))): null

2021-01-13 12:54:30 - [TEST_STEP][PASSED] - pages.Journey.clickOnJourneyTab(): pages.Journey.clickOnJourneyTab is PASSED

2021-01-13 12:54:30 - [MESSAGE][PASSED] - Object 'Object Repository/Journey/Journeytab' is present

2021-01-13 12:54:31 - [MESSAGE][PASSED] - Object 'Object Repository/Journey/Journeytab' is visible

2021-01-13 12:54:31 - [MESSAGE][PASSED] - Object 'Object Repository/Journey/Journeytab' is clickable

2021-01-13 12:54:31 - [MESSAGE][PASSED] - Object: 'Object Repository/Journey/Journeytab' is clicked on

2021-01-13 12:54:31 - [MESSAGE][PASSED] - pages.Journey.clickOnJourneyTab is PASSED

2021-01-13 12:54:31 - [TEST_STEP][PASSED] - journeyName = pages.Journey.getRandomJourneyName(): pages.Journey.getRandomJourneyName is PASSED

2021-01-13 12:54:32 - [MESSAGE][PASSED] - Object 'Object Repository/Journey/toGetJourneysCount' is present

2021-01-13 12:54:32 - [MESSAGE][PASSED] - Object 'Object Repository/Journey/toGetJourneysCount' is present

2021-01-13 12:54:33 - [MESSAGE][PASSED] - Text of object 'Object Repository/Journey/toPickrandomJourney(index)' is: 'journey 1'

2021-01-13 12:54:33 - [MESSAGE][PASSED] - pages.Journey.getRandomJourneyName is PASSED

2021-01-13 12:54:33 - [TEST_STEP][PASSED] - accessCode = pages.Journey.getExistingJourneyAccesscode(journeyName): pages.Journey.getExistingJourneyAccesscode is PASSED

2021-01-13 12:54:33 - [MESSAGE][PASSED] - Object 'Object Repository/Journey/journrySearchInput' is present

2021-01-13 12:54:34 - [MESSAGE][PASSED] - Object 'Object Repository/Journey/journrySearchInput' is visible

2021-01-13 12:54:34 - [MESSAGE][PASSED] - Object 'Object Repository/Journey/journrySearchInput' is clickable

2021-01-13 12:54:34 - [MESSAGE][PASSED] - Text of object 'Object Repository/Journey/journrySearchInput' is cleared

2021-01-13 12:54:34 - [MESSAGE][PASSED] - Keys '' sent to object: 'Object Repository/Journey/journrySearchInput'

2021-01-13 12:54:35 - [MESSAGE][PASSED] - Keys 'j' sent to object: 'Object Repository/Journey/journrySearchInput'

2021-01-13 12:54:35 - [MESSAGE][PASSED] - Keys 'o' sent to object: 'Object Repository/Journey/journrySearchInput'

2021-01-13 12:54:36 - [MESSAGE][PASSED] - Keys 'u' sent to object: 'Object Repository/Journey/journrySearchInput'

2021-01-13 12:54:37 - [MESSAGE][PASSED] - Keys 'r' sent to object: 'Object Repository/Journey/journrySearchInput'

2021-01-13 12:54:38 - [MESSAGE][PASSED] - Keys 'n' sent to object: 'Object Repository/Journey/journrySearchInput'

2021-01-13 12:54:38 - [MESSAGE][PASSED] - Keys 'e' sent to object: 'Object Repository/Journey/journrySearchInput'

2021-01-13 12:54:39 - [MESSAGE][PASSED] - Keys 'y' sent to object: 'Object Repository/Journey/journrySearchInput'

2021-01-13 12:54:39 - [MESSAGE][PASSED] - Keys ' ' sent to object: 'Object Repository/Journey/journrySearchInput'

2021-01-13 12:54:40 - [MESSAGE][PASSED] - Keys '1' sent to object: 'Object Repository/Journey/journrySearchInput'

2021-01-13 12:54:41 - [MESSAGE][PASSED] - Object 'Object Repository/Journey/journrySearchInput' is present

2021-01-13 12:54:41 - [MESSAGE][PASSED] - Object 'Object Repository/Journey/journrySearchInput' is visible

2021-01-13 12:54:42 - [MESSAGE][PASSED] - Object 'Object Repository/Journey/journrySearchInput' is clickable

2021-01-13 12:54:42 - [MESSAGE][PASSED] - Text of object 'Object Repository/Journey/journrySearchInput' is cleared

2021-01-13 12:54:43 - [MESSAGE][PASSED] - Keys '' sent to object: 'Object Repository/Journey/journrySearchInput'

2021-01-13 12:54:43 - [MESSAGE][PASSED] - Keys 'j' sent to object: 'Object Repository/Journey/journrySearchInput'

2021-01-13 12:54:44 - [MESSAGE][PASSED] - Keys 'o' sent to object: 'Object Repository/Journey/journrySearchInput'

2021-01-13 12:54:45 - [MESSAGE][PASSED] - Keys 'u' sent to object: 'Object Repository/Journey/journrySearchInput'

2021-01-13 12:54:45 - [MESSAGE][PASSED] - Keys 'r' sent to object: 'Object Repository/Journey/journrySearchInput'

2021-01-13 12:54:46 - [MESSAGE][PASSED] - Keys 'n' sent to object: 'Object Repository/Journey/journrySearchInput'

2021-01-13 12:54:46 - [MESSAGE][PASSED] - Keys 'e' sent to object: 'Object Repository/Journey/journrySearchInput'

2021-01-13 12:54:47 - [MESSAGE][PASSED] - Keys 'y' sent to object: 'Object Repository/Journey/journrySearchInput'

2021-01-13 12:54:47 - [MESSAGE][PASSED] - Keys ' ' sent to object: 'Object Repository/Journey/journrySearchInput'

2021-01-13 12:54:48 - [MESSAGE][PASSED] - Keys '1' sent to object: 'Object Repository/Journey/journrySearchInput'

2021-01-13 12:54:49 - [MESSAGE][PASSED] - Object 'Object Repository/Journey/clickVerifyingJourney(journeyName)' is present

2021-01-13 12:54:50 - [MESSAGE][PASSED] - Object 'Object Repository/Journey/clickVerifyingJourney(journeyName)' is visible

2021-01-13 12:54:50 - [MESSAGE][PASSED] - Object 'Object Repository/Journey/clickVerifyingJourney(journeyName)' is clickable

2021-01-13 12:54:50 - [MESSAGE][PASSED] - Object: 'Object Repository/Journey/clickVerifyingJourney(journeyName)' is clicked on

2021-01-13 12:54:51 - [MESSAGE][PASSED] - Scroll to object 'Object Repository/Journey/Current Access Codes/currentAccessCodeField' successfully

2021-01-13 12:54:51 - [MESSAGE][PASSED] - Object 'Object Repository/Journey/Current Access Codes/getAccessCodesCount' is present

2021-01-13 12:54:52 - [MESSAGE][PASSED] - Text of object 'Object Repository/Journey/Current Access Codes/getAccessCodeText(index)' is: 'access12'

2021-01-13 12:54:52 - [MESSAGE][PASSED] - pages.Journey.getExistingJourneyAccesscode is PASSED

2021-01-13 12:54:52 - [TEST_STEP][PASSED] - login.LoginForJourneyApplication.loginToJourneyApplication(): login.LoginForJourneyApplication.loginToJourneyApplication is PASSED

2021-01-13 12:54:58 - [MESSAGE][PASSED] - Navigate to 'https://qualitlabs.dev.modist.co/' successfully

2021-01-13 12:54:58 - [MESSAGE][PASSED] - login.LoginForJourneyApplication.loginToJourneyApplication is PASSED

2021-01-13 12:54:58 - [TEST_STEP][PASSED] - pages.Journey.enterAccessCodeInJourney(accessCode): pages.Journey.enterAccessCodeInJourney is PASSED

2021-01-13 12:54:58 - [MESSAGE][PASSED] - Object 'Object Repository/Journey/JourneyPortal/enterAccessCode' is present

2021-01-13 12:54:59 - [MESSAGE][PASSED] - Object 'Object Repository/Journey/JourneyPortal/enterAccessCode' is visible

2021-01-13 12:54:59 - [MESSAGE][PASSED] - Object 'Object Repository/Journey/JourneyPortal/enterAccessCode' is clickable

2021-01-13 12:54:59 - [MESSAGE][PASSED] - Text of object 'Object Repository/Journey/JourneyPortal/enterAccessCode' is cleared

2021-01-13 12:55:00 - [MESSAGE][PASSED] - Keys 'access12' sent to object: 'Object Repository/Journey/JourneyPortal/enterAccessCode'

2021-01-13 12:55:00 - [MESSAGE][PASSED] - pages.Journey.enterAccessCodeInJourney is PASSED

2021-01-13 12:55:00 - [TEST_STEP][PASSED] - pages.Journey.clickEnterButton(): pages.Journey.clickEnterButton is PASSED

2021-01-13 12:55:00 - [MESSAGE][PASSED] - Object 'Object Repository/Journey/JourneyPortal/EnterButton' is present

2021-01-13 12:55:00 - [MESSAGE][PASSED] - Object 'Object Repository/Journey/JourneyPortal/EnterButton' is visible

2021-01-13 12:55:01 - [MESSAGE][PASSED] - Object 'Object Repository/Journey/JourneyPortal/EnterButton' is clickable

2021-01-13 12:55:01 - [MESSAGE][PASSED] - Object: 'Object Repository/Journey/JourneyPortal/EnterButton' is clicked on

2021-01-13 12:55:01 - [MESSAGE][PASSED] - pages.Journey.clickEnterButton is PASSED

2021-01-13 12:55:01 - [TEST_STEP][PASSED] - pages.JourneyPortal.openExistingSection(): pages.JourneyPortal.openExistingSection is PASSED

2021-01-13 12:55:04 - [MESSAGE][PASSED] - Object 'Object Repository/Journey/JourneyPortal/Section/getSectionsCount' is present

2021-01-13 12:55:05 - [MESSAGE][PASSED] - Object 'Object Repository/Journey/JourneyPortal/Section/openSection(index)' is present

2021-01-13 12:55:05 - [MESSAGE][PASSED] - Object 'Object Repository/Journey/JourneyPortal/Section/openSection(index)' is visible

2021-01-13 12:55:05 - [MESSAGE][PASSED] - Object 'Object Repository/Journey/JourneyPortal/Section/openSection(index)' is clickable

2021-01-13 12:55:06 - [MESSAGE][PASSED] - Object: 'Object Repository/Journey/JourneyPortal/Section/openSection(index)' is clicked on

2021-01-13 12:55:06 - [MESSAGE][PASSED] - pages.JourneyPortal.openExistingSection is PASSED

2021-01-13 12:55:06 - [TEST_STEP][PASSED] - pages.JourneyPortal.openAnyProductInTheJourneyPortal(): pages.JourneyPortal.openAnyProductInTheJourneyPortal is PASSED

2021-01-13 12:55:06 - [MESSAGE][PASSED] - Object 'Object Repository/Journey/JourneyPortal/Product/toGetProductsCountInTheCart' is present

2021-01-13 12:55:07 - [MESSAGE][PASSED] - Scroll to object 'Object Repository/Journey/JourneyPortal/Product/openAnyProduct(index)' successfully

2021-01-13 12:55:08 - [MESSAGE][PASSED] - Object 'Object Repository/Journey/JourneyPortal/Product/openAnyProduct(index)' is present

2021-01-13 12:55:08 - [MESSAGE][PASSED] - Object 'Object Repository/Journey/JourneyPortal/Product/openAnyProduct(index)' is visible

2021-01-13 12:55:08 - [MESSAGE][PASSED] - Object 'Object Repository/Journey/JourneyPortal/Product/openAnyProduct(index)' is clickable

2021-01-13 12:55:09 - [MESSAGE][PASSED] - Object: 'Object Repository/Journey/JourneyPortal/Product/openAnyProduct(index)' is clicked on

2021-01-13 12:55:09 - [MESSAGE][PASSED] - pages.JourneyPortal.openAnyProductInTheJourneyPortal is PASSED

2021-01-13 12:55:09 - [TEST_STEP][PASSED] - orderCount = pages.JourneyPortal.clickAddToCartButton(): pages.JourneyPortal.clickAddToCartButton is PASSED

2021-01-13 12:55:09 - [MESSAGE][PASSED] - Object 'Object Repository/Journey/JourneyPortal/Product/AddToCart' is present

2021-01-13 12:55:10 - [MESSAGE][PASSED] - Object 'Object Repository/Journey/JourneyPortal/Product/AddToCart' is visible

2021-01-13 12:55:10 - [MESSAGE][PASSED] - Object 'Object Repository/Journey/JourneyPortal/Product/AddToCart' is clickable

2021-01-13 12:55:10 - [MESSAGE][PASSED] - Object: 'Object Repository/Journey/JourneyPortal/Product/AddToCart' is clicked on

2021-01-13 12:55:11 - [MESSAGE][PASSED] - Object 'Object Repository/Journey/JourneyPortal/Product/AddToCart' is present

2021-01-13 12:55:11 - [MESSAGE][PASSED] - Object 'Object Repository/Journey/JourneyPortal/Product/AddToCart' is visible

2021-01-13 12:55:12 - [MESSAGE][PASSED] - Object 'Object Repository/Journey/JourneyPortal/Product/AddToCart' is clickable

2021-01-13 12:55:12 - [MESSAGE][PASSED] - Object: 'Object Repository/Journey/JourneyPortal/Product/AddToCart' is clicked on

2021-01-13 12:55:12 - [MESSAGE][PASSED] - Object 'Object Repository/Journey/JourneyPortal/Product/closeButton' is present

2021-01-13 12:55:13 - [MESSAGE][PASSED] - Object 'Object Repository/Journey/JourneyPortal/Product/closeButton' is visible

2021-01-13 12:55:13 - [MESSAGE][PASSED] - Object 'Object Repository/Journey/JourneyPortal/Product/closeButton' is clickable

2021-01-13 12:55:13 - [MESSAGE][PASSED] - Object: 'Object Repository/Journey/JourneyPortal/Product/closeButton' is clicked on

2021-01-13 12:55:13 - [MESSAGE][PASSED] - pages.JourneyPortal.clickAddToCartButton is PASSED

2021-01-13 12:55:13 - [TEST_STEP][PASSED] - productCount = pages.JourneyPortal.getProductsCount(): pages.JourneyPortal.getProductsCount is PASSED

2021-01-13 12:55:14 - [MESSAGE][PASSED] - Attribute 'data-count' of object 'Object Repository/Journey/JourneyPortal/Product/toGetProductsCountInTheCart' is: '2'

2021-01-13 12:55:14 - [MESSAGE][PASSED] - pages.JourneyPortal.getProductsCount is PASSED

2021-01-13 12:55:14 - [TEST_STEP][PASSED] - pages.JourneyPortal.verifyWhetherOrderedAndAvailableProductsCountAreSame(orderCount, productCount): you have selected 2 products 

2021-01-13 12:55:14 - [MESSAGE][PASSED] - you have selected 2 products]]></system-out>
         <system-err><![CDATA[]]></system-err>
      </testcase>
      <testcase name="Test Cases/JourneyPortal/AddProductToCartMulitpleTimesAndVerifyTheProductsCountAfterRefresh" time="49.069" classname="Test Cases/JourneyPortal/AddProductToCartMulitpleTimesAndVerifyTheProductsCountAfterRefresh" status="FAILED">
         <failure type="FAILED" message="Test Cases/JourneyPortal/AddProductToCartMulitpleTimesAndVerifyTheProductsCountAfterRefresh FAILED.
Reason:
com.kms.katalon.core.exception.StepFailedException: you have selected 8 products , but you have only 9
	at com.kms.katalon.core.util.KeywordUtil.markFailed(KeywordUtil.java:19)
	at com.kms.katalon.core.util.KeywordUtil$markFailed$1.call(Unknown Source)
	at pages.JourneyPortal.verifyWhetherOrderedAndAvailableProductsCountAreSame(JourneyPortal.groovy:119)
	at pages.JourneyPortal.invokeMethod(JourneyPortal.groovy)
	at com.kms.katalon.core.main.CustomKeywordDelegatingMetaClass.invokeStaticMethod(CustomKeywordDelegatingMetaClass.java:50)
	at AddProductToCartMulitpleTimesAndVerifyTheProductsCountAfterRefresh.run(AddProductToCartMulitpleTimesAndVerifyTheProductsCountAfterRefresh:40)
	at com.kms.katalon.core.main.ScriptEngine.run(ScriptEngine.java:194)
	at com.kms.katalon.core.main.ScriptEngine.runScriptAsRawText(ScriptEngine.java:119)
	at com.kms.katalon.core.main.TestCaseExecutor.runScript(TestCaseExecutor.java:339)
	at com.kms.katalon.core.main.TestCaseExecutor.doExecute(TestCaseExecutor.java:330)
	at com.kms.katalon.core.main.TestCaseExecutor.processExecutionPhase(TestCaseExecutor.java:309)
	at com.kms.katalon.core.main.TestCaseExecutor.accessMainPhase(TestCaseExecutor.java:301)
	at com.kms.katalon.core.main.TestCaseExecutor.execute(TestCaseExecutor.java:235)
	at com.kms.katalon.core.main.TestSuiteExecutor.accessTestCaseMainPhase(TestSuiteExecutor.java:191)
	at com.kms.katalon.core.main.TestSuiteExecutor.accessTestSuiteMainPhase(TestSuiteExecutor.java:141)
	at com.kms.katalon.core.main.TestSuiteExecutor.execute(TestSuiteExecutor.java:90)
	at com.kms.katalon.core.main.TestCaseMain.startTestSuite(TestCaseMain.java:157)
	at com.kms.katalon.core.main.TestCaseMain$startTestSuite$0.call(Unknown Source)
	at TempTestSuite1610559105062.run(TempTestSuite1610559105062.groovy:39)
"/>
         <system-out><![CDATA[2021-01-13 12:55:14 - [TEST_CASE][FAILED] - Test Cases/JourneyPortal/AddProductToCartMulitpleTimesAndVerifyTheProductsCountAfterRefresh: Test Cases/JourneyPortal/AddProductToCartMulitpleTimesAndVerifyTheProductsCountAfterRefresh FAILED.
Reason:
com.kms.katalon.core.exception.StepFailedException: you have selected 8 products , but you have only 9
	at com.kms.katalon.core.util.KeywordUtil.markFailed(KeywordUtil.java:19)
	at com.kms.katalon.core.util.KeywordUtil$markFailed$1.call(Unknown Source)
	at pages.JourneyPortal.verifyWhetherOrderedAndAvailableProductsCountAreSame(JourneyPortal.groovy:119)
	at pages.JourneyPortal.invokeMethod(JourneyPortal.groovy)
	at com.kms.katalon.core.main.CustomKeywordDelegatingMetaClass.invokeStaticMethod(CustomKeywordDelegatingMetaClass.java:50)
	at AddProductToCartMulitpleTimesAndVerifyTheProductsCountAfterRefresh.run(AddProductToCartMulitpleTimesAndVerifyTheProductsCountAfterRefresh:40)
	at com.kms.katalon.core.main.ScriptEngine.run(ScriptEngine.java:194)
	at com.kms.katalon.core.main.ScriptEngine.runScriptAsRawText(ScriptEngine.java:119)
	at com.kms.katalon.core.main.TestCaseExecutor.runScript(TestCaseExecutor.java:339)
	at com.kms.katalon.core.main.TestCaseExecutor.doExecute(TestCaseExecutor.java:330)
	at com.kms.katalon.core.main.TestCaseExecutor.processExecutionPhase(TestCaseExecutor.java:309)
	at com.kms.katalon.core.main.TestCaseExecutor.accessMainPhase(TestCaseExecutor.java:301)
	at com.kms.katalon.core.main.TestCaseExecutor.execute(TestCaseExecutor.java:235)
	at com.kms.katalon.core.main.TestSuiteExecutor.accessTestCaseMainPhase(TestSuiteExecutor.java:191)
	at com.kms.katalon.core.main.TestSuiteExecutor.accessTestSuiteMainPhase(TestSuiteExecutor.java:141)
	at com.kms.katalon.core.main.TestSuiteExecutor.execute(TestSuiteExecutor.java:90)
	at com.kms.katalon.core.main.TestCaseMain.startTestSuite(TestCaseMain.java:157)
	at com.kms.katalon.core.main.TestCaseMain$startTestSuite$0.call(Unknown Source)
	at TempTestSuite1610559105062.run(TempTestSuite1610559105062.groovy:39)


2021-01-13 12:55:14 - [TEST_STEP][PASSED] - Start listener action : login: com.kms.katalon.core.webui.exception.WebElementNotFoundException: Web element with id: 'Object Repository/Login Credentials/Email' located by '//input[@name='email']' not found (Root cause: com.kms.katalon.core.exception.StepFailedException: com.kms.katalon.core.webui.exception.WebElementNotFoundException: Web element with id: 'Object Repository/Login Credentials/Email' located by '//input[@name='email']' not found
	at com.kms.katalon.core.webui.keyword.internal.WebUIKeywordMain.stepFailed(WebUIKeywordMain.groovy:64)
	at com.kms.katalon.core.webui.keyword.builtin.VerifyElementPresentKeyword$_verifyElementPresent_closure1.doCall(VerifyElementPresentKeyword.groovy:85)
	at com.kms.katalon.core.webui.keyword.builtin.VerifyElementPresentKeyword$_verifyElementPresent_closure1.call(VerifyElementPresentKeyword.groovy)
	at com.kms.katalon.core.webui.keyword.internal.WebUIKeywordMain.runKeyword(WebUIKeywordMain.groovy:20)
	at com.kms.katalon.core.webui.keyword.builtin.VerifyElementPresentKeyword.verifyElementPresent(VerifyElementPresentKeyword.groovy:92)
	at com.kms.katalon.core.webui.keyword.builtin.VerifyElementPresentKeyword.execute(VerifyElementPresentKeyword.groovy:68)
	at com.kms.katalon.core.keyword.internal.KeywordExecutor.executeKeywordForPlatform(KeywordExecutor.groovy:73)
	at com.kms.katalon.core.webui.keyword.WebUiBuiltInKeywords.verifyElementPresent(WebUiBuiltInKeywords.groovy:1445)
	at com.kms.katalon.core.webui.keyword.WebUiBuiltInKeywords$verifyElementPresent$2.call(Unknown Source)
	at login.LoginForAdminDevEnvironment.login(LoginForAdminDevEnvironment.groovy:18)
	at login.LoginForAdminDevEnvironment$login.call(Unknown Source)
	at Login.login(Login.groovy:37)
	at Login.invokeMethod(Login.groovy)
	at com.kms.katalon.core.context.internal.TestHooker.invokeMethod(TestHooker.java:111)
	at com.kms.katalon.core.context.internal.TestHooker.lambda$3(TestHooker.java:95)
	at com.kms.katalon.core.context.internal.TestHooker.invokeContextMethods(TestHooker.java:94)
	at com.kms.katalon.core.context.internal.TestListenerCollector.lambda$3(TestListenerCollector.java:88)
	at com.kms.katalon.core.context.internal.TestListenerCollector.handleListenerEvent(TestListenerCollector.java:85)
	at com.kms.katalon.core.context.internal.ExecutionEventManager.publicEvent(ExecutionEventManager.java:36)
	at com.kms.katalon.core.main.TestCaseExecutor.execute(TestCaseExecutor.java:221)
	at com.kms.katalon.core.main.TestSuiteExecutor.accessTestCaseMainPhase(TestSuiteExecutor.java:191)
	at com.kms.katalon.core.main.TestSuiteExecutor.accessTestSuiteMainPhase(TestSuiteExecutor.java:141)
	at com.kms.katalon.core.main.TestSuiteExecutor.execute(TestSuiteExecutor.java:90)
	at com.kms.katalon.core.main.TestCaseMain.startTestSuite(TestCaseMain.java:157)
	at com.kms.katalon.core.main.TestCaseMain$startTestSuite$0.call(Unknown Source)
	at TempTestSuite1610559105062.run(TempTestSuite1610559105062.groovy:39)
)

2021-01-13 12:55:14 - [TEST_STEP][PASSED] - Thread.sleep(3000): null

2021-01-13 12:55:17 - [TEST_STEP][PASSED] - url = getUrl(): Current window's url is: 'https://qualitlabs.dev.modist.co/products/522'

2021-01-13 12:55:17 - [MESSAGE][PASSED] - Current window's url is: 'https://qualitlabs.dev.modist.co/products/522'

2021-01-13 12:55:17 - [TEST_STEP][PASSED] - if (!(url.contains("dashboard"))): com.kms.katalon.core.webui.exception.WebElementNotFoundException: Web element with id: 'Object Repository/Login Credentials/Email' located by '//input[@name='email']' not found (Root cause: com.kms.katalon.core.exception.StepFailedException: com.kms.katalon.core.webui.exception.WebElementNotFoundException: Web element with id: 'Object Repository/Login Credentials/Email' located by '//input[@name='email']' not found
	at com.kms.katalon.core.webui.keyword.internal.WebUIKeywordMain.stepFailed(WebUIKeywordMain.groovy:64)
	at com.kms.katalon.core.webui.keyword.builtin.VerifyElementPresentKeyword$_verifyElementPresent_closure1.doCall(VerifyElementPresentKeyword.groovy:85)
	at com.kms.katalon.core.webui.keyword.builtin.VerifyElementPresentKeyword$_verifyElementPresent_closure1.call(VerifyElementPresentKeyword.groovy)
	at com.kms.katalon.core.webui.keyword.internal.WebUIKeywordMain.runKeyword(WebUIKeywordMain.groovy:20)
	at com.kms.katalon.core.webui.keyword.builtin.VerifyElementPresentKeyword.verifyElementPresent(VerifyElementPresentKeyword.groovy:92)
	at com.kms.katalon.core.webui.keyword.builtin.VerifyElementPresentKeyword.execute(VerifyElementPresentKeyword.groovy:68)
	at com.kms.katalon.core.keyword.internal.KeywordExecutor.executeKeywordForPlatform(KeywordExecutor.groovy:73)
	at com.kms.katalon.core.webui.keyword.WebUiBuiltInKeywords.verifyElementPresent(WebUiBuiltInKeywords.groovy:1445)
	at com.kms.katalon.core.webui.keyword.WebUiBuiltInKeywords$verifyElementPresent$2.call(Unknown Source)
	at login.LoginForAdminDevEnvironment.login(LoginForAdminDevEnvironment.groovy:18)
	at login.LoginForAdminDevEnvironment$login.call(Unknown Source)
	at Login.login(Login.groovy:37)
	at Login.invokeMethod(Login.groovy)
	at com.kms.katalon.core.context.internal.TestHooker.invokeMethod(TestHooker.java:111)
	at com.kms.katalon.core.context.internal.TestHooker.lambda$3(TestHooker.java:95)
	at com.kms.katalon.core.context.internal.TestHooker.invokeContextMethods(TestHooker.java:94)
	at com.kms.katalon.core.context.internal.TestListenerCollector.lambda$3(TestListenerCollector.java:88)
	at com.kms.katalon.core.context.internal.TestListenerCollector.handleListenerEvent(TestListenerCollector.java:85)
	at com.kms.katalon.core.context.internal.ExecutionEventManager.publicEvent(ExecutionEventManager.java:36)
	at com.kms.katalon.core.main.TestCaseExecutor.execute(TestCaseExecutor.java:221)
	at com.kms.katalon.core.main.TestSuiteExecutor.accessTestCaseMainPhase(TestSuiteExecutor.java:191)
	at com.kms.katalon.core.main.TestSuiteExecutor.accessTestSuiteMainPhase(TestSuiteExecutor.java:141)
	at com.kms.katalon.core.main.TestSuiteExecutor.execute(TestSuiteExecutor.java:90)
	at com.kms.katalon.core.main.TestCaseMain.startTestSuite(TestCaseMain.java:157)
	at com.kms.katalon.core.main.TestCaseMain$startTestSuite$0.call(Unknown Source)
	at TempTestSuite1610559105062.run(TempTestSuite1610559105062.groovy:39)
)

2021-01-13 12:55:17 - [TEST_STEP][PASSED] - navigateToUrl(Url): Navigate to 'https://dev-admin.modist.co/' successfully

2021-01-13 12:55:17 - [MESSAGE][PASSED] - Navigate to 'https://dev-admin.modist.co/' successfully

2021-01-13 12:55:17 - [TEST_STEP][PASSED] - loginPage.login(Email, Password): com.kms.katalon.core.webui.exception.WebElementNotFoundException: Web element with id: 'Object Repository/Login Credentials/Email' located by '//input[@name='email']' not found (Root cause: com.kms.katalon.core.exception.StepFailedException: com.kms.katalon.core.webui.exception.WebElementNotFoundException: Web element with id: 'Object Repository/Login Credentials/Email' located by '//input[@name='email']' not found
	at com.kms.katalon.core.webui.keyword.internal.WebUIKeywordMain.stepFailed(WebUIKeywordMain.groovy:64)
	at com.kms.katalon.core.webui.keyword.builtin.VerifyElementPresentKeyword$_verifyElementPresent_closure1.doCall(VerifyElementPresentKeyword.groovy:85)
	at com.kms.katalon.core.webui.keyword.builtin.VerifyElementPresentKeyword$_verifyElementPresent_closure1.call(VerifyElementPresentKeyword.groovy)
	at com.kms.katalon.core.webui.keyword.internal.WebUIKeywordMain.runKeyword(WebUIKeywordMain.groovy:20)
	at com.kms.katalon.core.webui.keyword.builtin.VerifyElementPresentKeyword.verifyElementPresent(VerifyElementPresentKeyword.groovy:92)
	at com.kms.katalon.core.webui.keyword.builtin.VerifyElementPresentKeyword.execute(VerifyElementPresentKeyword.groovy:68)
	at com.kms.katalon.core.keyword.internal.KeywordExecutor.executeKeywordForPlatform(KeywordExecutor.groovy:73)
	at com.kms.katalon.core.webui.keyword.WebUiBuiltInKeywords.verifyElementPresent(WebUiBuiltInKeywords.groovy:1445)
	at com.kms.katalon.core.webui.keyword.WebUiBuiltInKeywords$verifyElementPresent$2.call(Unknown Source)
	at login.LoginForAdminDevEnvironment.login(LoginForAdminDevEnvironment.groovy:18)
	at login.LoginForAdminDevEnvironment$login.call(Unknown Source)
	at Login.login(Login.groovy:37)
	at Login.invokeMethod(Login.groovy)
	at com.kms.katalon.core.context.internal.TestHooker.invokeMethod(TestHooker.java:111)
	at com.kms.katalon.core.context.internal.TestHooker.lambda$3(TestHooker.java:95)
	at com.kms.katalon.core.context.internal.TestHooker.invokeContextMethods(TestHooker.java:94)
	at com.kms.katalon.core.context.internal.TestListenerCollector.lambda$3(TestListenerCollector.java:88)
	at com.kms.katalon.core.context.internal.TestListenerCollector.handleListenerEvent(TestListenerCollector.java:85)
	at com.kms.katalon.core.context.internal.ExecutionEventManager.publicEvent(ExecutionEventManager.java:36)
	at com.kms.katalon.core.main.TestCaseExecutor.execute(TestCaseExecutor.java:221)
	at com.kms.katalon.core.main.TestSuiteExecutor.accessTestCaseMainPhase(TestSuiteExecutor.java:191)
	at com.kms.katalon.core.main.TestSuiteExecutor.accessTestSuiteMainPhase(TestSuiteExecutor.java:141)
	at com.kms.katalon.core.main.TestSuiteExecutor.execute(TestSuiteExecutor.java:90)
	at com.kms.katalon.core.main.TestCaseMain.startTestSuite(TestCaseMain.java:157)
	at com.kms.katalon.core.main.TestCaseMain$startTestSuite$0.call(Unknown Source)
	at TempTestSuite1610559105062.run(TempTestSuite1610559105062.groovy:39)
)

2021-01-13 12:55:22 - [MESSAGE][INFO] - Unable to find the element located by 'By.xpath: //input[@name='email']'. Please recheck the objects properties to make sure the desired element is located. 

2021-01-13 12:55:23 - [MESSAGE][WARNING] - com.kms.katalon.core.webui.exception.WebElementNotFoundException: Web element with id: 'Object Repository/Login Credentials/Email' located by '//input[@name='email']' not found (Root cause: com.kms.katalon.core.exception.StepFailedException: com.kms.katalon.core.webui.exception.WebElementNotFoundException: Web element with id: 'Object Repository/Login Credentials/Email' located by '//input[@name='email']' not found
	at com.kms.katalon.core.webui.keyword.internal.WebUIKeywordMain.stepFailed(WebUIKeywordMain.groovy:64)
	at com.kms.katalon.core.webui.keyword.builtin.VerifyElementPresentKeyword$_verifyElementPresent_closure1.doCall(VerifyElementPresentKeyword.groovy:85)
	at com.kms.katalon.core.webui.keyword.builtin.VerifyElementPresentKeyword$_verifyElementPresent_closure1.call(VerifyElementPresentKeyword.groovy)
	at com.kms.katalon.core.webui.keyword.internal.WebUIKeywordMain.runKeyword(WebUIKeywordMain.groovy:20)
	at com.kms.katalon.core.webui.keyword.builtin.VerifyElementPresentKeyword.verifyElementPresent(VerifyElementPresentKeyword.groovy:92)
	at com.kms.katalon.core.webui.keyword.builtin.VerifyElementPresentKeyword.execute(VerifyElementPresentKeyword.groovy:68)
	at com.kms.katalon.core.keyword.internal.KeywordExecutor.executeKeywordForPlatform(KeywordExecutor.groovy:73)
	at com.kms.katalon.core.webui.keyword.WebUiBuiltInKeywords.verifyElementPresent(WebUiBuiltInKeywords.groovy:1445)
	at com.kms.katalon.core.webui.keyword.WebUiBuiltInKeywords$verifyElementPresent$2.call(Unknown Source)
	at login.LoginForAdminDevEnvironment.login(LoginForAdminDevEnvironment.groovy:18)
	at login.LoginForAdminDevEnvironment$login.call(Unknown Source)
	at Login.login(Login.groovy:37)
	at Login.invokeMethod(Login.groovy)
	at com.kms.katalon.core.context.internal.TestHooker.invokeMethod(TestHooker.java:111)
	at com.kms.katalon.core.context.internal.TestHooker.lambda$3(TestHooker.java:95)
	at com.kms.katalon.core.context.internal.TestHooker.invokeContextMethods(TestHooker.java:94)
	at com.kms.katalon.core.context.internal.TestListenerCollector.lambda$3(TestListenerCollector.java:88)
	at com.kms.katalon.core.context.internal.TestListenerCollector.handleListenerEvent(TestListenerCollector.java:85)
	at com.kms.katalon.core.context.internal.ExecutionEventManager.publicEvent(ExecutionEventManager.java:36)
	at com.kms.katalon.core.main.TestCaseExecutor.execute(TestCaseExecutor.java:221)
	at com.kms.katalon.core.main.TestSuiteExecutor.accessTestCaseMainPhase(TestSuiteExecutor.java:191)
	at com.kms.katalon.core.main.TestSuiteExecutor.accessTestSuiteMainPhase(TestSuiteExecutor.java:141)
	at com.kms.katalon.core.main.TestSuiteExecutor.execute(TestSuiteExecutor.java:90)
	at com.kms.katalon.core.main.TestCaseMain.startTestSuite(TestCaseMain.java:157)
	at com.kms.katalon.core.main.TestCaseMain$startTestSuite$0.call(Unknown Source)
	at TempTestSuite1610559105062.run(TempTestSuite1610559105062.groovy:39)
)
[[ATTACHMENT|E:\\Modist\\ModistProject\\Reports\\20210113_123145\\AllTestCases\\20210113_123145\\1610560522961.png]]

2021-01-13 12:55:23 - [TEST_STEP][PASSED] - pages.Journey.clickOnJourneyTab(): pages.Journey.clickOnJourneyTab is PASSED

2021-01-13 12:55:23 - [MESSAGE][PASSED] - Object 'Object Repository/Journey/Journeytab' is present

2021-01-13 12:55:23 - [MESSAGE][PASSED] - Object 'Object Repository/Journey/Journeytab' is visible

2021-01-13 12:55:24 - [MESSAGE][PASSED] - Object 'Object Repository/Journey/Journeytab' is clickable

2021-01-13 12:55:24 - [MESSAGE][PASSED] - Object: 'Object Repository/Journey/Journeytab' is clicked on

2021-01-13 12:55:24 - [MESSAGE][PASSED] - pages.Journey.clickOnJourneyTab is PASSED

2021-01-13 12:55:24 - [TEST_STEP][PASSED] - journeyName = pages.Journey.getRandomJourneyName(): pages.Journey.getRandomJourneyName is PASSED

2021-01-13 12:55:25 - [MESSAGE][PASSED] - Object 'Object Repository/Journey/toGetJourneysCount' is present

2021-01-13 12:55:25 - [MESSAGE][PASSED] - Object 'Object Repository/Journey/toGetJourneysCount' is present

2021-01-13 12:55:25 - [MESSAGE][PASSED] - Text of object 'Object Repository/Journey/toPickrandomJourney(index)' is: 'JO7'

2021-01-13 12:55:25 - [MESSAGE][PASSED] - pages.Journey.getRandomJourneyName is PASSED

2021-01-13 12:55:25 - [TEST_STEP][PASSED] - accessCode = pages.Journey.getExistingJourneyAccesscode(journeyName): pages.Journey.getExistingJourneyAccesscode is PASSED

2021-01-13 12:55:26 - [MESSAGE][PASSED] - Object 'Object Repository/Journey/journrySearchInput' is present

2021-01-13 12:55:26 - [MESSAGE][PASSED] - Object 'Object Repository/Journey/journrySearchInput' is visible

2021-01-13 12:55:26 - [MESSAGE][PASSED] - Object 'Object Repository/Journey/journrySearchInput' is clickable

2021-01-13 12:55:27 - [MESSAGE][PASSED] - Text of object 'Object Repository/Journey/journrySearchInput' is cleared

2021-01-13 12:55:27 - [MESSAGE][PASSED] - Keys '' sent to object: 'Object Repository/Journey/journrySearchInput'

2021-01-13 12:55:27 - [MESSAGE][PASSED] - Keys 'J' sent to object: 'Object Repository/Journey/journrySearchInput'

2021-01-13 12:55:28 - [MESSAGE][PASSED] - Keys 'O' sent to object: 'Object Repository/Journey/journrySearchInput'

2021-01-13 12:55:28 - [MESSAGE][PASSED] - Keys '7' sent to object: 'Object Repository/Journey/journrySearchInput'

2021-01-13 12:55:29 - [MESSAGE][PASSED] - Object 'Object Repository/Journey/journrySearchInput' is present

2021-01-13 12:55:30 - [MESSAGE][PASSED] - Object 'Object Repository/Journey/journrySearchInput' is visible

2021-01-13 12:55:30 - [MESSAGE][PASSED] - Object 'Object Repository/Journey/journrySearchInput' is clickable

2021-01-13 12:55:30 - [MESSAGE][PASSED] - Text of object 'Object Repository/Journey/journrySearchInput' is cleared

2021-01-13 12:55:32 - [MESSAGE][PASSED] - Keys '' sent to object: 'Object Repository/Journey/journrySearchInput'

2021-01-13 12:55:32 - [MESSAGE][PASSED] - Keys 'J' sent to object: 'Object Repository/Journey/journrySearchInput'

2021-01-13 12:55:33 - [MESSAGE][PASSED] - Keys 'O' sent to object: 'Object Repository/Journey/journrySearchInput'

2021-01-13 12:55:34 - [MESSAGE][PASSED] - Keys '7' sent to object: 'Object Repository/Journey/journrySearchInput'

2021-01-13 12:55:35 - [MESSAGE][PASSED] - Object 'Object Repository/Journey/clickVerifyingJourney(journeyName)' is present

2021-01-13 12:55:35 - [MESSAGE][PASSED] - Object 'Object Repository/Journey/clickVerifyingJourney(journeyName)' is visible

2021-01-13 12:55:36 - [MESSAGE][PASSED] - Object 'Object Repository/Journey/clickVerifyingJourney(journeyName)' is clickable

2021-01-13 12:55:36 - [MESSAGE][PASSED] - Object: 'Object Repository/Journey/clickVerifyingJourney(journeyName)' is clicked on

2021-01-13 12:55:36 - [MESSAGE][PASSED] - Scroll to object 'Object Repository/Journey/Current Access Codes/currentAccessCodeField' successfully

2021-01-13 12:55:38 - [MESSAGE][PASSED] - Object 'Object Repository/Journey/Current Access Codes/getAccessCodesCount' is present

2021-01-13 12:55:39 - [MESSAGE][PASSED] - Text of object 'Object Repository/Journey/Current Access Codes/getAccessCodeText(index)' is: 'access14'

2021-01-13 12:55:39 - [MESSAGE][PASSED] - pages.Journey.getExistingJourneyAccesscode is PASSED

2021-01-13 12:55:39 - [TEST_STEP][PASSED] - login.LoginForJourneyApplication.loginToJourneyApplication(): login.LoginForJourneyApplication.loginToJourneyApplication is PASSED

2021-01-13 12:55:39 - [MESSAGE][PASSED] - Navigate to 'https://qualitlabs.dev.modist.co/' successfully

2021-01-13 12:55:39 - [MESSAGE][PASSED] - login.LoginForJourneyApplication.loginToJourneyApplication is PASSED

2021-01-13 12:55:39 - [TEST_STEP][PASSED] - pages.Journey.enterAccessCodeInJourney(accessCode): pages.Journey.enterAccessCodeInJourney is PASSED

2021-01-13 12:55:39 - [MESSAGE][PASSED] - Object 'Object Repository/Journey/JourneyPortal/enterAccessCode' is present

2021-01-13 12:55:40 - [MESSAGE][PASSED] - Object 'Object Repository/Journey/JourneyPortal/enterAccessCode' is visible

2021-01-13 12:55:40 - [MESSAGE][PASSED] - Object 'Object Repository/Journey/JourneyPortal/enterAccessCode' is clickable

2021-01-13 12:55:40 - [MESSAGE][PASSED] - Text of object 'Object Repository/Journey/JourneyPortal/enterAccessCode' is cleared

2021-01-13 12:55:41 - [MESSAGE][PASSED] - Keys 'access14' sent to object: 'Object Repository/Journey/JourneyPortal/enterAccessCode'

2021-01-13 12:55:41 - [MESSAGE][PASSED] - pages.Journey.enterAccessCodeInJourney is PASSED

2021-01-13 12:55:41 - [TEST_STEP][PASSED] - pages.Journey.clickEnterButton(): pages.Journey.clickEnterButton is PASSED

2021-01-13 12:55:41 - [MESSAGE][PASSED] - Object 'Object Repository/Journey/JourneyPortal/EnterButton' is present

2021-01-13 12:55:42 - [MESSAGE][PASSED] - Object 'Object Repository/Journey/JourneyPortal/EnterButton' is visible

2021-01-13 12:55:42 - [MESSAGE][PASSED] - Object 'Object Repository/Journey/JourneyPortal/EnterButton' is clickable

2021-01-13 12:55:42 - [MESSAGE][PASSED] - Object: 'Object Repository/Journey/JourneyPortal/EnterButton' is clicked on

2021-01-13 12:55:42 - [MESSAGE][PASSED] - pages.Journey.clickEnterButton is PASSED

2021-01-13 12:55:42 - [TEST_STEP][PASSED] - pages.JourneyPortal.openExistingSection(): pages.JourneyPortal.openExistingSection is PASSED

2021-01-13 12:55:45 - [MESSAGE][PASSED] - Object 'Object Repository/Journey/JourneyPortal/Section/getSectionsCount' is present

2021-01-13 12:55:45 - [MESSAGE][PASSED] - Object 'Object Repository/Journey/JourneyPortal/Section/openSection(index)' is present

2021-01-13 12:55:46 - [MESSAGE][PASSED] - Object 'Object Repository/Journey/JourneyPortal/Section/openSection(index)' is visible

2021-01-13 12:55:46 - [MESSAGE][PASSED] - Object 'Object Repository/Journey/JourneyPortal/Section/openSection(index)' is clickable

2021-01-13 12:55:46 - [MESSAGE][PASSED] - Object: 'Object Repository/Journey/JourneyPortal/Section/openSection(index)' is clicked on

2021-01-13 12:55:46 - [MESSAGE][PASSED] - pages.JourneyPortal.openExistingSection is PASSED

2021-01-13 12:55:46 - [TEST_STEP][PASSED] - pages.JourneyPortal.openAnyProductInTheJourneyPortal(): pages.JourneyPortal.openAnyProductInTheJourneyPortal is PASSED

2021-01-13 12:55:47 - [MESSAGE][PASSED] - Object 'Object Repository/Journey/JourneyPortal/Product/toGetProductsCountInTheCart' is present

2021-01-13 12:55:48 - [MESSAGE][PASSED] - Scroll to object 'Object Repository/Journey/JourneyPortal/Product/openAnyProduct(index)' successfully

2021-01-13 12:55:49 - [MESSAGE][PASSED] - Object 'Object Repository/Journey/JourneyPortal/Product/openAnyProduct(index)' is present

2021-01-13 12:55:49 - [MESSAGE][PASSED] - Object 'Object Repository/Journey/JourneyPortal/Product/openAnyProduct(index)' is visible

2021-01-13 12:55:49 - [MESSAGE][PASSED] - Object 'Object Repository/Journey/JourneyPortal/Product/openAnyProduct(index)' is clickable

2021-01-13 12:55:50 - [MESSAGE][PASSED] - Object: 'Object Repository/Journey/JourneyPortal/Product/openAnyProduct(index)' is clicked on

2021-01-13 12:55:50 - [MESSAGE][PASSED] - pages.JourneyPortal.openAnyProductInTheJourneyPortal is PASSED

2021-01-13 12:55:50 - [TEST_STEP][PASSED] - orderCount = pages.JourneyPortal.clickAddToCartButton(): pages.JourneyPortal.clickAddToCartButton is PASSED

2021-01-13 12:55:50 - [MESSAGE][PASSED] - Object 'Object Repository/Journey/JourneyPortal/Product/AddToCart' is present

2021-01-13 12:55:51 - [MESSAGE][PASSED] - Object 'Object Repository/Journey/JourneyPortal/Product/AddToCart' is visible

2021-01-13 12:55:51 - [MESSAGE][PASSED] - Object 'Object Repository/Journey/JourneyPortal/Product/AddToCart' is clickable

2021-01-13 12:55:52 - [MESSAGE][PASSED] - Object: 'Object Repository/Journey/JourneyPortal/Product/AddToCart' is clicked on

2021-01-13 12:55:52 - [MESSAGE][PASSED] - Object 'Object Repository/Journey/JourneyPortal/Product/AddToCart' is present

2021-01-13 12:55:52 - [MESSAGE][PASSED] - Object 'Object Repository/Journey/JourneyPortal/Product/AddToCart' is visible

2021-01-13 12:55:53 - [MESSAGE][PASSED] - Object 'Object Repository/Journey/JourneyPortal/Product/AddToCart' is clickable

2021-01-13 12:55:53 - [MESSAGE][PASSED] - Object: 'Object Repository/Journey/JourneyPortal/Product/AddToCart' is clicked on

2021-01-13 12:55:53 - [MESSAGE][PASSED] - Object 'Object Repository/Journey/JourneyPortal/Product/AddToCart' is present

2021-01-13 12:55:54 - [MESSAGE][PASSED] - Object 'Object Repository/Journey/JourneyPortal/Product/AddToCart' is visible

2021-01-13 12:55:54 - [MESSAGE][PASSED] - Object 'Object Repository/Journey/JourneyPortal/Product/AddToCart' is clickable

2021-01-13 12:55:54 - [MESSAGE][PASSED] - Object: 'Object Repository/Journey/JourneyPortal/Product/AddToCart' is clicked on

2021-01-13 12:55:55 - [MESSAGE][PASSED] - Object 'Object Repository/Journey/JourneyPortal/Product/AddToCart' is present

2021-01-13 12:55:55 - [MESSAGE][PASSED] - Object 'Object Repository/Journey/JourneyPortal/Product/AddToCart' is visible

2021-01-13 12:55:55 - [MESSAGE][PASSED] - Object 'Object Repository/Journey/JourneyPortal/Product/AddToCart' is clickable

2021-01-13 12:55:56 - [MESSAGE][PASSED] - Object: 'Object Repository/Journey/JourneyPortal/Product/AddToCart' is clicked on

2021-01-13 12:55:56 - [MESSAGE][PASSED] - Object 'Object Repository/Journey/JourneyPortal/Product/AddToCart' is present

2021-01-13 12:55:56 - [MESSAGE][PASSED] - Object 'Object Repository/Journey/JourneyPortal/Product/AddToCart' is visible

2021-01-13 12:55:57 - [MESSAGE][PASSED] - Object 'Object Repository/Journey/JourneyPortal/Product/AddToCart' is clickable

2021-01-13 12:55:57 - [MESSAGE][PASSED] - Object: 'Object Repository/Journey/JourneyPortal/Product/AddToCart' is clicked on

2021-01-13 12:55:57 - [MESSAGE][PASSED] - Object 'Object Repository/Journey/JourneyPortal/Product/AddToCart' is present

2021-01-13 12:55:58 - [MESSAGE][PASSED] - Object 'Object Repository/Journey/JourneyPortal/Product/AddToCart' is visible

2021-01-13 12:55:58 - [MESSAGE][PASSED] - Object 'Object Repository/Journey/JourneyPortal/Product/AddToCart' is clickable

2021-01-13 12:55:58 - [MESSAGE][PASSED] - Object: 'Object Repository/Journey/JourneyPortal/Product/AddToCart' is clicked on

2021-01-13 12:55:59 - [MESSAGE][PASSED] - Object 'Object Repository/Journey/JourneyPortal/Product/AddToCart' is present

2021-01-13 12:55:59 - [MESSAGE][PASSED] - Object 'Object Repository/Journey/JourneyPortal/Product/AddToCart' is visible

2021-01-13 12:55:59 - [MESSAGE][PASSED] - Object 'Object Repository/Journey/JourneyPortal/Product/AddToCart' is clickable

2021-01-13 12:56:00 - [MESSAGE][PASSED] - Object: 'Object Repository/Journey/JourneyPortal/Product/AddToCart' is clicked on

2021-01-13 12:56:00 - [MESSAGE][PASSED] - Object 'Object Repository/Journey/JourneyPortal/Product/AddToCart' is present

2021-01-13 12:56:00 - [MESSAGE][PASSED] - Object 'Object Repository/Journey/JourneyPortal/Product/AddToCart' is visible

2021-01-13 12:56:01 - [MESSAGE][PASSED] - Object 'Object Repository/Journey/JourneyPortal/Product/AddToCart' is clickable

2021-01-13 12:56:01 - [MESSAGE][PASSED] - Object: 'Object Repository/Journey/JourneyPortal/Product/AddToCart' is clicked on

2021-01-13 12:56:01 - [MESSAGE][PASSED] - Object 'Object Repository/Journey/JourneyPortal/Product/closeButton' is present

2021-01-13 12:56:02 - [MESSAGE][PASSED] - Object 'Object Repository/Journey/JourneyPortal/Product/closeButton' is visible

2021-01-13 12:56:02 - [MESSAGE][PASSED] - Object 'Object Repository/Journey/JourneyPortal/Product/closeButton' is clickable

2021-01-13 12:56:02 - [MESSAGE][PASSED] - Object: 'Object Repository/Journey/JourneyPortal/Product/closeButton' is clicked on

2021-01-13 12:56:02 - [MESSAGE][PASSED] - pages.JourneyPortal.clickAddToCartButton is PASSED

2021-01-13 12:56:02 - [TEST_STEP][PASSED] - login.LoginForJourneyApplication.reloadThePage(): login.LoginForJourneyApplication.reloadThePage is PASSED

2021-01-13 12:56:02 - [MESSAGE][PASSED] - login.LoginForJourneyApplication.reloadThePage is PASSED

2021-01-13 12:56:02 - [TEST_STEP][PASSED] - productCount = pages.JourneyPortal.getProductsCount(): pages.JourneyPortal.getProductsCount is PASSED

2021-01-13 12:56:03 - [MESSAGE][PASSED] - Attribute 'data-count' of object 'Object Repository/Journey/JourneyPortal/Product/toGetProductsCountInTheCart' is: '9'

2021-01-13 12:56:03 - [MESSAGE][PASSED] - pages.JourneyPortal.getProductsCount is PASSED

2021-01-13 12:56:03 - [TEST_STEP][FAILED] - pages.JourneyPortal.verifyWhetherOrderedAndAvailableProductsCountAreSame(orderCount, productCount): com.kms.katalon.core.exception.StepFailedException: you have selected 8 products , but you have only 9

2021-01-13 12:56:03 - [MESSAGE][FAILED] - you have selected 8 products , but you have only 9

2021-01-13 12:56:03 - [MESSAGE][FAILED] - com.kms.katalon.core.exception.StepFailedException: you have selected 8 products , but you have only 9]]></system-out>
         <system-err><![CDATA[2021-01-13 12:55:14 - [TEST_CASE][FAILED] - Test Cases/JourneyPortal/AddProductToCartMulitpleTimesAndVerifyTheProductsCountAfterRefresh: Test Cases/JourneyPortal/AddProductToCartMulitpleTimesAndVerifyTheProductsCountAfterRefresh FAILED.
Reason:
com.kms.katalon.core.exception.StepFailedException: you have selected 8 products , but you have only 9
	at com.kms.katalon.core.util.KeywordUtil.markFailed(KeywordUtil.java:19)
	at com.kms.katalon.core.util.KeywordUtil$markFailed$1.call(Unknown Source)
	at pages.JourneyPortal.verifyWhetherOrderedAndAvailableProductsCountAreSame(JourneyPortal.groovy:119)
	at pages.JourneyPortal.invokeMethod(JourneyPortal.groovy)
	at com.kms.katalon.core.main.CustomKeywordDelegatingMetaClass.invokeStaticMethod(CustomKeywordDelegatingMetaClass.java:50)
	at AddProductToCartMulitpleTimesAndVerifyTheProductsCountAfterRefresh.run(AddProductToCartMulitpleTimesAndVerifyTheProductsCountAfterRefresh:40)
	at com.kms.katalon.core.main.ScriptEngine.run(ScriptEngine.java:194)
	at com.kms.katalon.core.main.ScriptEngine.runScriptAsRawText(ScriptEngine.java:119)
	at com.kms.katalon.core.main.TestCaseExecutor.runScript(TestCaseExecutor.java:339)
	at com.kms.katalon.core.main.TestCaseExecutor.doExecute(TestCaseExecutor.java:330)
	at com.kms.katalon.core.main.TestCaseExecutor.processExecutionPhase(TestCaseExecutor.java:309)
	at com.kms.katalon.core.main.TestCaseExecutor.accessMainPhase(TestCaseExecutor.java:301)
	at com.kms.katalon.core.main.TestCaseExecutor.execute(TestCaseExecutor.java:235)
	at com.kms.katalon.core.main.TestSuiteExecutor.accessTestCaseMainPhase(TestSuiteExecutor.java:191)
	at com.kms.katalon.core.main.TestSuiteExecutor.accessTestSuiteMainPhase(TestSuiteExecutor.java:141)
	at com.kms.katalon.core.main.TestSuiteExecutor.execute(TestSuiteExecutor.java:90)
	at com.kms.katalon.core.main.TestCaseMain.startTestSuite(TestCaseMain.java:157)
	at com.kms.katalon.core.main.TestCaseMain$startTestSuite$0.call(Unknown Source)
	at TempTestSuite1610559105062.run(TempTestSuite1610559105062.groovy:39)]]></system-err>
      </testcase>
      <testcase name="Test Cases/JourneyPortal/clickingOnTheRightAndLeftIsNavigatingCorrctly" time="47.042" classname="Test Cases/JourneyPortal/clickingOnTheRightAndLeftIsNavigatingCorrctly" status="PASSED">
         <system-out><![CDATA[2021-01-13 12:56:03 - [TEST_CASE][PASSED] - Test Cases/JourneyPortal/clickingOnTheRightAndLeftIsNavigatingCorrctly: Test Cases/JourneyPortal/clickingOnTheRightAndLeftIsNavigatingCorrctly

2021-01-13 12:56:03 - [TEST_STEP][PASSED] - Start listener action : login: com.kms.katalon.core.webui.exception.WebElementNotFoundException: Web element with id: 'Object Repository/Login Credentials/Email' located by '//input[@name='email']' not found (Root cause: com.kms.katalon.core.exception.StepFailedException: com.kms.katalon.core.webui.exception.WebElementNotFoundException: Web element with id: 'Object Repository/Login Credentials/Email' located by '//input[@name='email']' not found
	at com.kms.katalon.core.webui.keyword.internal.WebUIKeywordMain.stepFailed(WebUIKeywordMain.groovy:64)
	at com.kms.katalon.core.webui.keyword.builtin.VerifyElementPresentKeyword$_verifyElementPresent_closure1.doCall(VerifyElementPresentKeyword.groovy:85)
	at com.kms.katalon.core.webui.keyword.builtin.VerifyElementPresentKeyword$_verifyElementPresent_closure1.call(VerifyElementPresentKeyword.groovy)
	at com.kms.katalon.core.webui.keyword.internal.WebUIKeywordMain.runKeyword(WebUIKeywordMain.groovy:20)
	at com.kms.katalon.core.webui.keyword.builtin.VerifyElementPresentKeyword.verifyElementPresent(VerifyElementPresentKeyword.groovy:92)
	at com.kms.katalon.core.webui.keyword.builtin.VerifyElementPresentKeyword.execute(VerifyElementPresentKeyword.groovy:68)
	at com.kms.katalon.core.keyword.internal.KeywordExecutor.executeKeywordForPlatform(KeywordExecutor.groovy:73)
	at com.kms.katalon.core.webui.keyword.WebUiBuiltInKeywords.verifyElementPresent(WebUiBuiltInKeywords.groovy:1445)
	at com.kms.katalon.core.webui.keyword.WebUiBuiltInKeywords$verifyElementPresent$2.call(Unknown Source)
	at login.LoginForAdminDevEnvironment.login(LoginForAdminDevEnvironment.groovy:18)
	at login.LoginForAdminDevEnvironment$login.call(Unknown Source)
	at Login.login(Login.groovy:37)
	at Login.invokeMethod(Login.groovy)
	at com.kms.katalon.core.context.internal.TestHooker.invokeMethod(TestHooker.java:111)
	at com.kms.katalon.core.context.internal.TestHooker.lambda$3(TestHooker.java:95)
	at com.kms.katalon.core.context.internal.TestHooker.invokeContextMethods(TestHooker.java:94)
	at com.kms.katalon.core.context.internal.TestListenerCollector.lambda$3(TestListenerCollector.java:88)
	at com.kms.katalon.core.context.internal.TestListenerCollector.handleListenerEvent(TestListenerCollector.java:85)
	at com.kms.katalon.core.context.internal.ExecutionEventManager.publicEvent(ExecutionEventManager.java:36)
	at com.kms.katalon.core.main.TestCaseExecutor.execute(TestCaseExecutor.java:221)
	at com.kms.katalon.core.main.TestSuiteExecutor.accessTestCaseMainPhase(TestSuiteExecutor.java:191)
	at com.kms.katalon.core.main.TestSuiteExecutor.accessTestSuiteMainPhase(TestSuiteExecutor.java:141)
	at com.kms.katalon.core.main.TestSuiteExecutor.execute(TestSuiteExecutor.java:90)
	at com.kms.katalon.core.main.TestCaseMain.startTestSuite(TestCaseMain.java:157)
	at com.kms.katalon.core.main.TestCaseMain$startTestSuite$0.call(Unknown Source)
	at TempTestSuite1610559105062.run(TempTestSuite1610559105062.groovy:39)
)

2021-01-13 12:56:03 - [TEST_STEP][PASSED] - Thread.sleep(3000): null

2021-01-13 12:56:06 - [TEST_STEP][PASSED] - url = getUrl(): Current window's url is: 'https://qualitlabs.dev.modist.co/products/502'

2021-01-13 12:56:06 - [MESSAGE][PASSED] - Current window's url is: 'https://qualitlabs.dev.modist.co/products/502'

2021-01-13 12:56:06 - [TEST_STEP][PASSED] - if (!(url.contains("dashboard"))): com.kms.katalon.core.webui.exception.WebElementNotFoundException: Web element with id: 'Object Repository/Login Credentials/Email' located by '//input[@name='email']' not found (Root cause: com.kms.katalon.core.exception.StepFailedException: com.kms.katalon.core.webui.exception.WebElementNotFoundException: Web element with id: 'Object Repository/Login Credentials/Email' located by '//input[@name='email']' not found
	at com.kms.katalon.core.webui.keyword.internal.WebUIKeywordMain.stepFailed(WebUIKeywordMain.groovy:64)
	at com.kms.katalon.core.webui.keyword.builtin.VerifyElementPresentKeyword$_verifyElementPresent_closure1.doCall(VerifyElementPresentKeyword.groovy:85)
	at com.kms.katalon.core.webui.keyword.builtin.VerifyElementPresentKeyword$_verifyElementPresent_closure1.call(VerifyElementPresentKeyword.groovy)
	at com.kms.katalon.core.webui.keyword.internal.WebUIKeywordMain.runKeyword(WebUIKeywordMain.groovy:20)
	at com.kms.katalon.core.webui.keyword.builtin.VerifyElementPresentKeyword.verifyElementPresent(VerifyElementPresentKeyword.groovy:92)
	at com.kms.katalon.core.webui.keyword.builtin.VerifyElementPresentKeyword.execute(VerifyElementPresentKeyword.groovy:68)
	at com.kms.katalon.core.keyword.internal.KeywordExecutor.executeKeywordForPlatform(KeywordExecutor.groovy:73)
	at com.kms.katalon.core.webui.keyword.WebUiBuiltInKeywords.verifyElementPresent(WebUiBuiltInKeywords.groovy:1445)
	at com.kms.katalon.core.webui.keyword.WebUiBuiltInKeywords$verifyElementPresent$2.call(Unknown Source)
	at login.LoginForAdminDevEnvironment.login(LoginForAdminDevEnvironment.groovy:18)
	at login.LoginForAdminDevEnvironment$login.call(Unknown Source)
	at Login.login(Login.groovy:37)
	at Login.invokeMethod(Login.groovy)
	at com.kms.katalon.core.context.internal.TestHooker.invokeMethod(TestHooker.java:111)
	at com.kms.katalon.core.context.internal.TestHooker.lambda$3(TestHooker.java:95)
	at com.kms.katalon.core.context.internal.TestHooker.invokeContextMethods(TestHooker.java:94)
	at com.kms.katalon.core.context.internal.TestListenerCollector.lambda$3(TestListenerCollector.java:88)
	at com.kms.katalon.core.context.internal.TestListenerCollector.handleListenerEvent(TestListenerCollector.java:85)
	at com.kms.katalon.core.context.internal.ExecutionEventManager.publicEvent(ExecutionEventManager.java:36)
	at com.kms.katalon.core.main.TestCaseExecutor.execute(TestCaseExecutor.java:221)
	at com.kms.katalon.core.main.TestSuiteExecutor.accessTestCaseMainPhase(TestSuiteExecutor.java:191)
	at com.kms.katalon.core.main.TestSuiteExecutor.accessTestSuiteMainPhase(TestSuiteExecutor.java:141)
	at com.kms.katalon.core.main.TestSuiteExecutor.execute(TestSuiteExecutor.java:90)
	at com.kms.katalon.core.main.TestCaseMain.startTestSuite(TestCaseMain.java:157)
	at com.kms.katalon.core.main.TestCaseMain$startTestSuite$0.call(Unknown Source)
	at TempTestSuite1610559105062.run(TempTestSuite1610559105062.groovy:39)
)

2021-01-13 12:56:06 - [TEST_STEP][PASSED] - navigateToUrl(Url): Navigate to 'https://dev-admin.modist.co/' successfully

2021-01-13 12:56:06 - [MESSAGE][PASSED] - Navigate to 'https://dev-admin.modist.co/' successfully

2021-01-13 12:56:06 - [TEST_STEP][PASSED] - loginPage.login(Email, Password): com.kms.katalon.core.webui.exception.WebElementNotFoundException: Web element with id: 'Object Repository/Login Credentials/Email' located by '//input[@name='email']' not found (Root cause: com.kms.katalon.core.exception.StepFailedException: com.kms.katalon.core.webui.exception.WebElementNotFoundException: Web element with id: 'Object Repository/Login Credentials/Email' located by '//input[@name='email']' not found
	at com.kms.katalon.core.webui.keyword.internal.WebUIKeywordMain.stepFailed(WebUIKeywordMain.groovy:64)
	at com.kms.katalon.core.webui.keyword.builtin.VerifyElementPresentKeyword$_verifyElementPresent_closure1.doCall(VerifyElementPresentKeyword.groovy:85)
	at com.kms.katalon.core.webui.keyword.builtin.VerifyElementPresentKeyword$_verifyElementPresent_closure1.call(VerifyElementPresentKeyword.groovy)
	at com.kms.katalon.core.webui.keyword.internal.WebUIKeywordMain.runKeyword(WebUIKeywordMain.groovy:20)
	at com.kms.katalon.core.webui.keyword.builtin.VerifyElementPresentKeyword.verifyElementPresent(VerifyElementPresentKeyword.groovy:92)
	at com.kms.katalon.core.webui.keyword.builtin.VerifyElementPresentKeyword.execute(VerifyElementPresentKeyword.groovy:68)
	at com.kms.katalon.core.keyword.internal.KeywordExecutor.executeKeywordForPlatform(KeywordExecutor.groovy:73)
	at com.kms.katalon.core.webui.keyword.WebUiBuiltInKeywords.verifyElementPresent(WebUiBuiltInKeywords.groovy:1445)
	at com.kms.katalon.core.webui.keyword.WebUiBuiltInKeywords$verifyElementPresent$2.call(Unknown Source)
	at login.LoginForAdminDevEnvironment.login(LoginForAdminDevEnvironment.groovy:18)
	at login.LoginForAdminDevEnvironment$login.call(Unknown Source)
	at Login.login(Login.groovy:37)
	at Login.invokeMethod(Login.groovy)
	at com.kms.katalon.core.context.internal.TestHooker.invokeMethod(TestHooker.java:111)
	at com.kms.katalon.core.context.internal.TestHooker.lambda$3(TestHooker.java:95)
	at com.kms.katalon.core.context.internal.TestHooker.invokeContextMethods(TestHooker.java:94)
	at com.kms.katalon.core.context.internal.TestListenerCollector.lambda$3(TestListenerCollector.java:88)
	at com.kms.katalon.core.context.internal.TestListenerCollector.handleListenerEvent(TestListenerCollector.java:85)
	at com.kms.katalon.core.context.internal.ExecutionEventManager.publicEvent(ExecutionEventManager.java:36)
	at com.kms.katalon.core.main.TestCaseExecutor.execute(TestCaseExecutor.java:221)
	at com.kms.katalon.core.main.TestSuiteExecutor.accessTestCaseMainPhase(TestSuiteExecutor.java:191)
	at com.kms.katalon.core.main.TestSuiteExecutor.accessTestSuiteMainPhase(TestSuiteExecutor.java:141)
	at com.kms.katalon.core.main.TestSuiteExecutor.execute(TestSuiteExecutor.java:90)
	at com.kms.katalon.core.main.TestCaseMain.startTestSuite(TestCaseMain.java:157)
	at com.kms.katalon.core.main.TestCaseMain$startTestSuite$0.call(Unknown Source)
	at TempTestSuite1610559105062.run(TempTestSuite1610559105062.groovy:39)
)

2021-01-13 12:56:11 - [MESSAGE][INFO] - Unable to find the element located by 'By.xpath: //input[@name='email']'. Please recheck the objects properties to make sure the desired element is located. 

2021-01-13 12:56:12 - [MESSAGE][WARNING] - com.kms.katalon.core.webui.exception.WebElementNotFoundException: Web element with id: 'Object Repository/Login Credentials/Email' located by '//input[@name='email']' not found (Root cause: com.kms.katalon.core.exception.StepFailedException: com.kms.katalon.core.webui.exception.WebElementNotFoundException: Web element with id: 'Object Repository/Login Credentials/Email' located by '//input[@name='email']' not found
	at com.kms.katalon.core.webui.keyword.internal.WebUIKeywordMain.stepFailed(WebUIKeywordMain.groovy:64)
	at com.kms.katalon.core.webui.keyword.builtin.VerifyElementPresentKeyword$_verifyElementPresent_closure1.doCall(VerifyElementPresentKeyword.groovy:85)
	at com.kms.katalon.core.webui.keyword.builtin.VerifyElementPresentKeyword$_verifyElementPresent_closure1.call(VerifyElementPresentKeyword.groovy)
	at com.kms.katalon.core.webui.keyword.internal.WebUIKeywordMain.runKeyword(WebUIKeywordMain.groovy:20)
	at com.kms.katalon.core.webui.keyword.builtin.VerifyElementPresentKeyword.verifyElementPresent(VerifyElementPresentKeyword.groovy:92)
	at com.kms.katalon.core.webui.keyword.builtin.VerifyElementPresentKeyword.execute(VerifyElementPresentKeyword.groovy:68)
	at com.kms.katalon.core.keyword.internal.KeywordExecutor.executeKeywordForPlatform(KeywordExecutor.groovy:73)
	at com.kms.katalon.core.webui.keyword.WebUiBuiltInKeywords.verifyElementPresent(WebUiBuiltInKeywords.groovy:1445)
	at com.kms.katalon.core.webui.keyword.WebUiBuiltInKeywords$verifyElementPresent$2.call(Unknown Source)
	at login.LoginForAdminDevEnvironment.login(LoginForAdminDevEnvironment.groovy:18)
	at login.LoginForAdminDevEnvironment$login.call(Unknown Source)
	at Login.login(Login.groovy:37)
	at Login.invokeMethod(Login.groovy)
	at com.kms.katalon.core.context.internal.TestHooker.invokeMethod(TestHooker.java:111)
	at com.kms.katalon.core.context.internal.TestHooker.lambda$3(TestHooker.java:95)
	at com.kms.katalon.core.context.internal.TestHooker.invokeContextMethods(TestHooker.java:94)
	at com.kms.katalon.core.context.internal.TestListenerCollector.lambda$3(TestListenerCollector.java:88)
	at com.kms.katalon.core.context.internal.TestListenerCollector.handleListenerEvent(TestListenerCollector.java:85)
	at com.kms.katalon.core.context.internal.ExecutionEventManager.publicEvent(ExecutionEventManager.java:36)
	at com.kms.katalon.core.main.TestCaseExecutor.execute(TestCaseExecutor.java:221)
	at com.kms.katalon.core.main.TestSuiteExecutor.accessTestCaseMainPhase(TestSuiteExecutor.java:191)
	at com.kms.katalon.core.main.TestSuiteExecutor.accessTestSuiteMainPhase(TestSuiteExecutor.java:141)
	at com.kms.katalon.core.main.TestSuiteExecutor.execute(TestSuiteExecutor.java:90)
	at com.kms.katalon.core.main.TestCaseMain.startTestSuite(TestCaseMain.java:157)
	at com.kms.katalon.core.main.TestCaseMain$startTestSuite$0.call(Unknown Source)
	at TempTestSuite1610559105062.run(TempTestSuite1610559105062.groovy:39)
)
[[ATTACHMENT|E:\\Modist\\ModistProject\\Reports\\20210113_123145\\AllTestCases\\20210113_123145\\1610560571942.png]]

2021-01-13 12:56:12 - [TEST_STEP][PASSED] - pages.Journey.clickOnJourneyTab(): pages.Journey.clickOnJourneyTab is PASSED

2021-01-13 12:56:12 - [MESSAGE][PASSED] - Object 'Object Repository/Journey/Journeytab' is present

2021-01-13 12:56:12 - [MESSAGE][PASSED] - Object 'Object Repository/Journey/Journeytab' is visible

2021-01-13 12:56:13 - [MESSAGE][PASSED] - Object 'Object Repository/Journey/Journeytab' is clickable

2021-01-13 12:56:13 - [MESSAGE][PASSED] - Object: 'Object Repository/Journey/Journeytab' is clicked on

2021-01-13 12:56:13 - [MESSAGE][PASSED] - pages.Journey.clickOnJourneyTab is PASSED

2021-01-13 12:56:13 - [TEST_STEP][PASSED] - journeyName = pages.Journey.getRandomJourneyName(): pages.Journey.getRandomJourneyName is PASSED

2021-01-13 12:56:14 - [MESSAGE][PASSED] - Object 'Object Repository/Journey/toGetJourneysCount' is present

2021-01-13 12:56:14 - [MESSAGE][PASSED] - Object 'Object Repository/Journey/toGetJourneysCount' is present

2021-01-13 12:56:14 - [MESSAGE][PASSED] - Text of object 'Object Repository/Journey/toPickrandomJourney(index)' is: 'journey 1'

2021-01-13 12:56:14 - [MESSAGE][PASSED] - pages.Journey.getRandomJourneyName is PASSED

2021-01-13 12:56:14 - [TEST_STEP][PASSED] - accessCode = pages.Journey.getExistingJourneyAccesscode(journeyName): pages.Journey.getExistingJourneyAccesscode is PASSED

2021-01-13 12:56:15 - [MESSAGE][PASSED] - Object 'Object Repository/Journey/journrySearchInput' is present

2021-01-13 12:56:15 - [MESSAGE][PASSED] - Object 'Object Repository/Journey/journrySearchInput' is visible

2021-01-13 12:56:15 - [MESSAGE][PASSED] - Object 'Object Repository/Journey/journrySearchInput' is clickable

2021-01-13 12:56:16 - [MESSAGE][PASSED] - Text of object 'Object Repository/Journey/journrySearchInput' is cleared

2021-01-13 12:56:16 - [MESSAGE][PASSED] - Keys '' sent to object: 'Object Repository/Journey/journrySearchInput'

2021-01-13 12:56:16 - [MESSAGE][PASSED] - Keys 'j' sent to object: 'Object Repository/Journey/journrySearchInput'

2021-01-13 12:56:17 - [MESSAGE][PASSED] - Keys 'o' sent to object: 'Object Repository/Journey/journrySearchInput'

2021-01-13 12:56:17 - [MESSAGE][PASSED] - Keys 'u' sent to object: 'Object Repository/Journey/journrySearchInput'

2021-01-13 12:56:18 - [MESSAGE][PASSED] - Keys 'r' sent to object: 'Object Repository/Journey/journrySearchInput'

2021-01-13 12:56:18 - [MESSAGE][PASSED] - Keys 'n' sent to object: 'Object Repository/Journey/journrySearchInput'

2021-01-13 12:56:19 - [MESSAGE][PASSED] - Keys 'e' sent to object: 'Object Repository/Journey/journrySearchInput'

2021-01-13 12:56:20 - [MESSAGE][PASSED] - Keys 'y' sent to object: 'Object Repository/Journey/journrySearchInput'

2021-01-13 12:56:20 - [MESSAGE][PASSED] - Keys ' ' sent to object: 'Object Repository/Journey/journrySearchInput'

2021-01-13 12:56:21 - [MESSAGE][PASSED] - Keys '1' sent to object: 'Object Repository/Journey/journrySearchInput'

2021-01-13 12:56:22 - [MESSAGE][PASSED] - Object 'Object Repository/Journey/journrySearchInput' is present

2021-01-13 12:56:22 - [MESSAGE][PASSED] - Object 'Object Repository/Journey/journrySearchInput' is visible

2021-01-13 12:56:22 - [MESSAGE][PASSED] - Object 'Object Repository/Journey/journrySearchInput' is clickable

2021-01-13 12:56:23 - [MESSAGE][PASSED] - Text of object 'Object Repository/Journey/journrySearchInput' is cleared

2021-01-13 12:56:23 - [MESSAGE][PASSED] - Keys '' sent to object: 'Object Repository/Journey/journrySearchInput'

2021-01-13 12:56:24 - [MESSAGE][PASSED] - Keys 'j' sent to object: 'Object Repository/Journey/journrySearchInput'

2021-01-13 12:56:25 - [MESSAGE][PASSED] - Keys 'o' sent to object: 'Object Repository/Journey/journrySearchInput'

2021-01-13 12:56:25 - [MESSAGE][PASSED] - Keys 'u' sent to object: 'Object Repository/Journey/journrySearchInput'

2021-01-13 12:56:27 - [MESSAGE][PASSED] - Keys 'r' sent to object: 'Object Repository/Journey/journrySearchInput'

2021-01-13 12:56:27 - [MESSAGE][PASSED] - Keys 'n' sent to object: 'Object Repository/Journey/journrySearchInput'

2021-01-13 12:56:28 - [MESSAGE][PASSED] - Keys 'e' sent to object: 'Object Repository/Journey/journrySearchInput'

2021-01-13 12:56:28 - [MESSAGE][PASSED] - Keys 'y' sent to object: 'Object Repository/Journey/journrySearchInput'

2021-01-13 12:56:29 - [MESSAGE][PASSED] - Keys ' ' sent to object: 'Object Repository/Journey/journrySearchInput'

2021-01-13 12:56:29 - [MESSAGE][PASSED] - Keys '1' sent to object: 'Object Repository/Journey/journrySearchInput'

2021-01-13 12:56:30 - [MESSAGE][PASSED] - Object 'Object Repository/Journey/clickVerifyingJourney(journeyName)' is present

2021-01-13 12:56:31 - [MESSAGE][PASSED] - Object 'Object Repository/Journey/clickVerifyingJourney(journeyName)' is visible

2021-01-13 12:56:31 - [MESSAGE][PASSED] - Object 'Object Repository/Journey/clickVerifyingJourney(journeyName)' is clickable

2021-01-13 12:56:31 - [MESSAGE][PASSED] - Object: 'Object Repository/Journey/clickVerifyingJourney(journeyName)' is clicked on

2021-01-13 12:56:32 - [MESSAGE][PASSED] - Scroll to object 'Object Repository/Journey/Current Access Codes/currentAccessCodeField' successfully

2021-01-13 12:56:33 - [MESSAGE][PASSED] - Object 'Object Repository/Journey/Current Access Codes/getAccessCodesCount' is present

2021-01-13 12:56:33 - [MESSAGE][PASSED] - Text of object 'Object Repository/Journey/Current Access Codes/getAccessCodeText(index)' is: 'access7'

2021-01-13 12:56:33 - [MESSAGE][PASSED] - pages.Journey.getExistingJourneyAccesscode is PASSED

2021-01-13 12:56:33 - [TEST_STEP][PASSED] - login.LoginForJourneyApplication.loginToJourneyApplication(): login.LoginForJourneyApplication.loginToJourneyApplication is PASSED

2021-01-13 12:56:34 - [MESSAGE][PASSED] - Navigate to 'https://qualitlabs.dev.modist.co/' successfully

2021-01-13 12:56:34 - [MESSAGE][PASSED] - login.LoginForJourneyApplication.loginToJourneyApplication is PASSED

2021-01-13 12:56:34 - [TEST_STEP][PASSED] - pages.Journey.enterAccessCodeInJourney(accessCode): pages.Journey.enterAccessCodeInJourney is PASSED

2021-01-13 12:56:34 - [MESSAGE][PASSED] - Object 'Object Repository/Journey/JourneyPortal/enterAccessCode' is present

2021-01-13 12:56:35 - [MESSAGE][PASSED] - Object 'Object Repository/Journey/JourneyPortal/enterAccessCode' is visible

2021-01-13 12:56:35 - [MESSAGE][PASSED] - Object 'Object Repository/Journey/JourneyPortal/enterAccessCode' is clickable

2021-01-13 12:56:35 - [MESSAGE][PASSED] - Text of object 'Object Repository/Journey/JourneyPortal/enterAccessCode' is cleared

2021-01-13 12:56:36 - [MESSAGE][PASSED] - Keys 'access7' sent to object: 'Object Repository/Journey/JourneyPortal/enterAccessCode'

2021-01-13 12:56:36 - [MESSAGE][PASSED] - pages.Journey.enterAccessCodeInJourney is PASSED

2021-01-13 12:56:36 - [TEST_STEP][PASSED] - pages.Journey.clickEnterButton(): pages.Journey.clickEnterButton is PASSED

2021-01-13 12:56:36 - [MESSAGE][PASSED] - Object 'Object Repository/Journey/JourneyPortal/EnterButton' is present

2021-01-13 12:56:36 - [MESSAGE][PASSED] - Object 'Object Repository/Journey/JourneyPortal/EnterButton' is visible

2021-01-13 12:56:37 - [MESSAGE][PASSED] - Object 'Object Repository/Journey/JourneyPortal/EnterButton' is clickable

2021-01-13 12:56:37 - [MESSAGE][PASSED] - Object: 'Object Repository/Journey/JourneyPortal/EnterButton' is clicked on

2021-01-13 12:56:37 - [MESSAGE][PASSED] - pages.Journey.clickEnterButton is PASSED

2021-01-13 12:56:37 - [TEST_STEP][PASSED] - pages.JourneyPortal.openExistingSection(): pages.JourneyPortal.openExistingSection is PASSED

2021-01-13 12:56:40 - [MESSAGE][PASSED] - Object 'Object Repository/Journey/JourneyPortal/Section/getSectionsCount' is present

2021-01-13 12:56:41 - [MESSAGE][PASSED] - Object 'Object Repository/Journey/JourneyPortal/Section/openSection(index)' is present

2021-01-13 12:56:41 - [MESSAGE][PASSED] - Object 'Object Repository/Journey/JourneyPortal/Section/openSection(index)' is visible

2021-01-13 12:56:41 - [MESSAGE][PASSED] - Object 'Object Repository/Journey/JourneyPortal/Section/openSection(index)' is clickable

2021-01-13 12:56:42 - [MESSAGE][PASSED] - Object: 'Object Repository/Journey/JourneyPortal/Section/openSection(index)' is clicked on

2021-01-13 12:56:42 - [MESSAGE][PASSED] - pages.JourneyPortal.openExistingSection is PASSED

2021-01-13 12:56:42 - [TEST_STEP][PASSED] - pages.JourneyPortal.openAnyProductInTheJourneyPortal(): pages.JourneyPortal.openAnyProductInTheJourneyPortal is PASSED

2021-01-13 12:56:43 - [MESSAGE][PASSED] - Object 'Object Repository/Journey/JourneyPortal/Product/toGetProductsCountInTheCart' is present

2021-01-13 12:56:44 - [MESSAGE][PASSED] - Scroll to object 'Object Repository/Journey/JourneyPortal/Product/openAnyProduct(index)' successfully

2021-01-13 12:56:44 - [MESSAGE][PASSED] - Object 'Object Repository/Journey/JourneyPortal/Product/openAnyProduct(index)' is present

2021-01-13 12:56:44 - [MESSAGE][PASSED] - Object 'Object Repository/Journey/JourneyPortal/Product/openAnyProduct(index)' is visible

2021-01-13 12:56:45 - [MESSAGE][PASSED] - Object 'Object Repository/Journey/JourneyPortal/Product/openAnyProduct(index)' is clickable

2021-01-13 12:56:45 - [MESSAGE][PASSED] - Object: 'Object Repository/Journey/JourneyPortal/Product/openAnyProduct(index)' is clicked on

2021-01-13 12:56:45 - [MESSAGE][PASSED] - pages.JourneyPortal.openAnyProductInTheJourneyPortal is PASSED

2021-01-13 12:56:45 - [TEST_STEP][PASSED] - pages.Product.clickNextSlide(): pages.Product.clickNextSlide is PASSED

2021-01-13 12:56:46 - [MESSAGE][PASSED] - Object 'Object Repository/journeyPortal/rightDirectionButton' is present

2021-01-13 12:56:47 - [MESSAGE][PASSED] - Object 'Object Repository/journeyPortal/rightDirectionButton' is visible

2021-01-13 12:56:47 - [MESSAGE][PASSED] - Object 'Object Repository/journeyPortal/rightDirectionButton' is clickable

2021-01-13 12:56:47 - [MESSAGE][PASSED] - Object: 'Object Repository/journeyPortal/rightDirectionButton' is clicked on

2021-01-13 12:56:48 - [MESSAGE][PASSED] - Actual object '29835' and expected object '29836' are not equal

2021-01-13 12:56:48 - [MESSAGE][PASSED] - pages.Product.clickNextSlide is PASSED

2021-01-13 12:56:48 - [TEST_STEP][PASSED] - pages.Product.clickPreviousSlide(): pages.Product.clickPreviousSlide is PASSED

2021-01-13 12:56:48 - [MESSAGE][PASSED] - Object 'Object Repository/journeyPortal/leftDirectionButton' is present

2021-01-13 12:56:49 - [MESSAGE][PASSED] - Object 'Object Repository/journeyPortal/leftDirectionButton' is visible

2021-01-13 12:56:49 - [MESSAGE][PASSED] - Object 'Object Repository/journeyPortal/leftDirectionButton' is clickable

2021-01-13 12:56:49 - [MESSAGE][PASSED] - Object: 'Object Repository/journeyPortal/leftDirectionButton' is clicked on

2021-01-13 12:56:50 - [MESSAGE][PASSED] - Actual object '29836' and expected object '29835' are not equal

2021-01-13 12:56:50 - [MESSAGE][PASSED] - pages.Product.clickPreviousSlide is PASSED]]></system-out>
         <system-err><![CDATA[]]></system-err>
      </testcase>
      <testcase name="Test Cases/JourneyPortal/loginToJourneyApplicationThroughAccessCodeAndVerifyTheDisplayPage" time="27.51" classname="Test Cases/JourneyPortal/loginToJourneyApplicationThroughAccessCodeAndVerifyTheDisplayPage" status="PASSED">
         <system-out><![CDATA[2021-01-13 12:56:50 - [TEST_CASE][PASSED] - Test Cases/JourneyPortal/loginToJourneyApplicationThroughAccessCodeAndVerifyTheDisplayPage: Test Cases/JourneyPortal/loginToJourneyApplicationThroughAccessCodeAndVerifyTheDisplayPage

2021-01-13 12:56:50 - [TEST_STEP][PASSED] - Start listener action : login: com.kms.katalon.core.webui.exception.WebElementNotFoundException: Web element with id: 'Object Repository/Login Credentials/Email' located by '//input[@name='email']' not found (Root cause: com.kms.katalon.core.exception.StepFailedException: com.kms.katalon.core.webui.exception.WebElementNotFoundException: Web element with id: 'Object Repository/Login Credentials/Email' located by '//input[@name='email']' not found
	at com.kms.katalon.core.webui.keyword.internal.WebUIKeywordMain.stepFailed(WebUIKeywordMain.groovy:64)
	at com.kms.katalon.core.webui.keyword.builtin.VerifyElementPresentKeyword$_verifyElementPresent_closure1.doCall(VerifyElementPresentKeyword.groovy:85)
	at com.kms.katalon.core.webui.keyword.builtin.VerifyElementPresentKeyword$_verifyElementPresent_closure1.call(VerifyElementPresentKeyword.groovy)
	at com.kms.katalon.core.webui.keyword.internal.WebUIKeywordMain.runKeyword(WebUIKeywordMain.groovy:20)
	at com.kms.katalon.core.webui.keyword.builtin.VerifyElementPresentKeyword.verifyElementPresent(VerifyElementPresentKeyword.groovy:92)
	at com.kms.katalon.core.webui.keyword.builtin.VerifyElementPresentKeyword.execute(VerifyElementPresentKeyword.groovy:68)
	at com.kms.katalon.core.keyword.internal.KeywordExecutor.executeKeywordForPlatform(KeywordExecutor.groovy:73)
	at com.kms.katalon.core.webui.keyword.WebUiBuiltInKeywords.verifyElementPresent(WebUiBuiltInKeywords.groovy:1445)
	at com.kms.katalon.core.webui.keyword.WebUiBuiltInKeywords$verifyElementPresent$2.call(Unknown Source)
	at login.LoginForAdminDevEnvironment.login(LoginForAdminDevEnvironment.groovy:18)
	at login.LoginForAdminDevEnvironment$login.call(Unknown Source)
	at Login.login(Login.groovy:37)
	at Login.invokeMethod(Login.groovy)
	at com.kms.katalon.core.context.internal.TestHooker.invokeMethod(TestHooker.java:111)
	at com.kms.katalon.core.context.internal.TestHooker.lambda$3(TestHooker.java:95)
	at com.kms.katalon.core.context.internal.TestHooker.invokeContextMethods(TestHooker.java:94)
	at com.kms.katalon.core.context.internal.TestListenerCollector.lambda$3(TestListenerCollector.java:88)
	at com.kms.katalon.core.context.internal.TestListenerCollector.handleListenerEvent(TestListenerCollector.java:85)
	at com.kms.katalon.core.context.internal.ExecutionEventManager.publicEvent(ExecutionEventManager.java:36)
	at com.kms.katalon.core.main.TestCaseExecutor.execute(TestCaseExecutor.java:221)
	at com.kms.katalon.core.main.TestSuiteExecutor.accessTestCaseMainPhase(TestSuiteExecutor.java:191)
	at com.kms.katalon.core.main.TestSuiteExecutor.accessTestSuiteMainPhase(TestSuiteExecutor.java:141)
	at com.kms.katalon.core.main.TestSuiteExecutor.execute(TestSuiteExecutor.java:90)
	at com.kms.katalon.core.main.TestCaseMain.startTestSuite(TestCaseMain.java:157)
	at com.kms.katalon.core.main.TestCaseMain$startTestSuite$0.call(Unknown Source)
	at TempTestSuite1610559105062.run(TempTestSuite1610559105062.groovy:39)
)

2021-01-13 12:56:50 - [TEST_STEP][PASSED] - Thread.sleep(3000): null

2021-01-13 12:56:53 - [TEST_STEP][PASSED] - url = getUrl(): Current window's url is: 'https://qualitlabs.dev.modist.co/products/574'

2021-01-13 12:56:53 - [MESSAGE][PASSED] - Current window's url is: 'https://qualitlabs.dev.modist.co/products/574'

2021-01-13 12:56:53 - [TEST_STEP][PASSED] - if (!(url.contains("dashboard"))): com.kms.katalon.core.webui.exception.WebElementNotFoundException: Web element with id: 'Object Repository/Login Credentials/Email' located by '//input[@name='email']' not found (Root cause: com.kms.katalon.core.exception.StepFailedException: com.kms.katalon.core.webui.exception.WebElementNotFoundException: Web element with id: 'Object Repository/Login Credentials/Email' located by '//input[@name='email']' not found
	at com.kms.katalon.core.webui.keyword.internal.WebUIKeywordMain.stepFailed(WebUIKeywordMain.groovy:64)
	at com.kms.katalon.core.webui.keyword.builtin.VerifyElementPresentKeyword$_verifyElementPresent_closure1.doCall(VerifyElementPresentKeyword.groovy:85)
	at com.kms.katalon.core.webui.keyword.builtin.VerifyElementPresentKeyword$_verifyElementPresent_closure1.call(VerifyElementPresentKeyword.groovy)
	at com.kms.katalon.core.webui.keyword.internal.WebUIKeywordMain.runKeyword(WebUIKeywordMain.groovy:20)
	at com.kms.katalon.core.webui.keyword.builtin.VerifyElementPresentKeyword.verifyElementPresent(VerifyElementPresentKeyword.groovy:92)
	at com.kms.katalon.core.webui.keyword.builtin.VerifyElementPresentKeyword.execute(VerifyElementPresentKeyword.groovy:68)
	at com.kms.katalon.core.keyword.internal.KeywordExecutor.executeKeywordForPlatform(KeywordExecutor.groovy:73)
	at com.kms.katalon.core.webui.keyword.WebUiBuiltInKeywords.verifyElementPresent(WebUiBuiltInKeywords.groovy:1445)
	at com.kms.katalon.core.webui.keyword.WebUiBuiltInKeywords$verifyElementPresent$2.call(Unknown Source)
	at login.LoginForAdminDevEnvironment.login(LoginForAdminDevEnvironment.groovy:18)
	at login.LoginForAdminDevEnvironment$login.call(Unknown Source)
	at Login.login(Login.groovy:37)
	at Login.invokeMethod(Login.groovy)
	at com.kms.katalon.core.context.internal.TestHooker.invokeMethod(TestHooker.java:111)
	at com.kms.katalon.core.context.internal.TestHooker.lambda$3(TestHooker.java:95)
	at com.kms.katalon.core.context.internal.TestHooker.invokeContextMethods(TestHooker.java:94)
	at com.kms.katalon.core.context.internal.TestListenerCollector.lambda$3(TestListenerCollector.java:88)
	at com.kms.katalon.core.context.internal.TestListenerCollector.handleListenerEvent(TestListenerCollector.java:85)
	at com.kms.katalon.core.context.internal.ExecutionEventManager.publicEvent(ExecutionEventManager.java:36)
	at com.kms.katalon.core.main.TestCaseExecutor.execute(TestCaseExecutor.java:221)
	at com.kms.katalon.core.main.TestSuiteExecutor.accessTestCaseMainPhase(TestSuiteExecutor.java:191)
	at com.kms.katalon.core.main.TestSuiteExecutor.accessTestSuiteMainPhase(TestSuiteExecutor.java:141)
	at com.kms.katalon.core.main.TestSuiteExecutor.execute(TestSuiteExecutor.java:90)
	at com.kms.katalon.core.main.TestCaseMain.startTestSuite(TestCaseMain.java:157)
	at com.kms.katalon.core.main.TestCaseMain$startTestSuite$0.call(Unknown Source)
	at TempTestSuite1610559105062.run(TempTestSuite1610559105062.groovy:39)
)

2021-01-13 12:56:53 - [TEST_STEP][PASSED] - navigateToUrl(Url): Navigate to 'https://dev-admin.modist.co/' successfully

2021-01-13 12:56:53 - [MESSAGE][PASSED] - Navigate to 'https://dev-admin.modist.co/' successfully

2021-01-13 12:56:53 - [TEST_STEP][PASSED] - loginPage.login(Email, Password): com.kms.katalon.core.webui.exception.WebElementNotFoundException: Web element with id: 'Object Repository/Login Credentials/Email' located by '//input[@name='email']' not found (Root cause: com.kms.katalon.core.exception.StepFailedException: com.kms.katalon.core.webui.exception.WebElementNotFoundException: Web element with id: 'Object Repository/Login Credentials/Email' located by '//input[@name='email']' not found
	at com.kms.katalon.core.webui.keyword.internal.WebUIKeywordMain.stepFailed(WebUIKeywordMain.groovy:64)
	at com.kms.katalon.core.webui.keyword.builtin.VerifyElementPresentKeyword$_verifyElementPresent_closure1.doCall(VerifyElementPresentKeyword.groovy:85)
	at com.kms.katalon.core.webui.keyword.builtin.VerifyElementPresentKeyword$_verifyElementPresent_closure1.call(VerifyElementPresentKeyword.groovy)
	at com.kms.katalon.core.webui.keyword.internal.WebUIKeywordMain.runKeyword(WebUIKeywordMain.groovy:20)
	at com.kms.katalon.core.webui.keyword.builtin.VerifyElementPresentKeyword.verifyElementPresent(VerifyElementPresentKeyword.groovy:92)
	at com.kms.katalon.core.webui.keyword.builtin.VerifyElementPresentKeyword.execute(VerifyElementPresentKeyword.groovy:68)
	at com.kms.katalon.core.keyword.internal.KeywordExecutor.executeKeywordForPlatform(KeywordExecutor.groovy:73)
	at com.kms.katalon.core.webui.keyword.WebUiBuiltInKeywords.verifyElementPresent(WebUiBuiltInKeywords.groovy:1445)
	at com.kms.katalon.core.webui.keyword.WebUiBuiltInKeywords$verifyElementPresent$2.call(Unknown Source)
	at login.LoginForAdminDevEnvironment.login(LoginForAdminDevEnvironment.groovy:18)
	at login.LoginForAdminDevEnvironment$login.call(Unknown Source)
	at Login.login(Login.groovy:37)
	at Login.invokeMethod(Login.groovy)
	at com.kms.katalon.core.context.internal.TestHooker.invokeMethod(TestHooker.java:111)
	at com.kms.katalon.core.context.internal.TestHooker.lambda$3(TestHooker.java:95)
	at com.kms.katalon.core.context.internal.TestHooker.invokeContextMethods(TestHooker.java:94)
	at com.kms.katalon.core.context.internal.TestListenerCollector.lambda$3(TestListenerCollector.java:88)
	at com.kms.katalon.core.context.internal.TestListenerCollector.handleListenerEvent(TestListenerCollector.java:85)
	at com.kms.katalon.core.context.internal.ExecutionEventManager.publicEvent(ExecutionEventManager.java:36)
	at com.kms.katalon.core.main.TestCaseExecutor.execute(TestCaseExecutor.java:221)
	at com.kms.katalon.core.main.TestSuiteExecutor.accessTestCaseMainPhase(TestSuiteExecutor.java:191)
	at com.kms.katalon.core.main.TestSuiteExecutor.accessTestSuiteMainPhase(TestSuiteExecutor.java:141)
	at com.kms.katalon.core.main.TestSuiteExecutor.execute(TestSuiteExecutor.java:90)
	at com.kms.katalon.core.main.TestCaseMain.startTestSuite(TestCaseMain.java:157)
	at com.kms.katalon.core.main.TestCaseMain$startTestSuite$0.call(Unknown Source)
	at TempTestSuite1610559105062.run(TempTestSuite1610559105062.groovy:39)
)

2021-01-13 12:56:58 - [MESSAGE][INFO] - Unable to find the element located by 'By.xpath: //input[@name='email']'. Please recheck the objects properties to make sure the desired element is located. 

2021-01-13 12:56:59 - [MESSAGE][WARNING] - com.kms.katalon.core.webui.exception.WebElementNotFoundException: Web element with id: 'Object Repository/Login Credentials/Email' located by '//input[@name='email']' not found (Root cause: com.kms.katalon.core.exception.StepFailedException: com.kms.katalon.core.webui.exception.WebElementNotFoundException: Web element with id: 'Object Repository/Login Credentials/Email' located by '//input[@name='email']' not found
	at com.kms.katalon.core.webui.keyword.internal.WebUIKeywordMain.stepFailed(WebUIKeywordMain.groovy:64)
	at com.kms.katalon.core.webui.keyword.builtin.VerifyElementPresentKeyword$_verifyElementPresent_closure1.doCall(VerifyElementPresentKeyword.groovy:85)
	at com.kms.katalon.core.webui.keyword.builtin.VerifyElementPresentKeyword$_verifyElementPresent_closure1.call(VerifyElementPresentKeyword.groovy)
	at com.kms.katalon.core.webui.keyword.internal.WebUIKeywordMain.runKeyword(WebUIKeywordMain.groovy:20)
	at com.kms.katalon.core.webui.keyword.builtin.VerifyElementPresentKeyword.verifyElementPresent(VerifyElementPresentKeyword.groovy:92)
	at com.kms.katalon.core.webui.keyword.builtin.VerifyElementPresentKeyword.execute(VerifyElementPresentKeyword.groovy:68)
	at com.kms.katalon.core.keyword.internal.KeywordExecutor.executeKeywordForPlatform(KeywordExecutor.groovy:73)
	at com.kms.katalon.core.webui.keyword.WebUiBuiltInKeywords.verifyElementPresent(WebUiBuiltInKeywords.groovy:1445)
	at com.kms.katalon.core.webui.keyword.WebUiBuiltInKeywords$verifyElementPresent$2.call(Unknown Source)
	at login.LoginForAdminDevEnvironment.login(LoginForAdminDevEnvironment.groovy:18)
	at login.LoginForAdminDevEnvironment$login.call(Unknown Source)
	at Login.login(Login.groovy:37)
	at Login.invokeMethod(Login.groovy)
	at com.kms.katalon.core.context.internal.TestHooker.invokeMethod(TestHooker.java:111)
	at com.kms.katalon.core.context.internal.TestHooker.lambda$3(TestHooker.java:95)
	at com.kms.katalon.core.context.internal.TestHooker.invokeContextMethods(TestHooker.java:94)
	at com.kms.katalon.core.context.internal.TestListenerCollector.lambda$3(TestListenerCollector.java:88)
	at com.kms.katalon.core.context.internal.TestListenerCollector.handleListenerEvent(TestListenerCollector.java:85)
	at com.kms.katalon.core.context.internal.ExecutionEventManager.publicEvent(ExecutionEventManager.java:36)
	at com.kms.katalon.core.main.TestCaseExecutor.execute(TestCaseExecutor.java:221)
	at com.kms.katalon.core.main.TestSuiteExecutor.accessTestCaseMainPhase(TestSuiteExecutor.java:191)
	at com.kms.katalon.core.main.TestSuiteExecutor.accessTestSuiteMainPhase(TestSuiteExecutor.java:141)
	at com.kms.katalon.core.main.TestSuiteExecutor.execute(TestSuiteExecutor.java:90)
	at com.kms.katalon.core.main.TestCaseMain.startTestSuite(TestCaseMain.java:157)
	at com.kms.katalon.core.main.TestCaseMain$startTestSuite$0.call(Unknown Source)
	at TempTestSuite1610559105062.run(TempTestSuite1610559105062.groovy:39)
)
[[ATTACHMENT|E:\\Modist\\ModistProject\\Reports\\20210113_123145\\AllTestCases\\20210113_123145\\1610560618996.png]]

2021-01-13 12:56:59 - [TEST_STEP][PASSED] - pages.Journey.clickOnJourneyTab(): pages.Journey.clickOnJourneyTab is PASSED

2021-01-13 12:56:59 - [MESSAGE][PASSED] - Object 'Object Repository/Journey/Journeytab' is present

2021-01-13 12:57:00 - [MESSAGE][PASSED] - Object 'Object Repository/Journey/Journeytab' is visible

2021-01-13 12:57:00 - [MESSAGE][PASSED] - Object 'Object Repository/Journey/Journeytab' is clickable

2021-01-13 12:57:00 - [MESSAGE][PASSED] - Object: 'Object Repository/Journey/Journeytab' is clicked on

2021-01-13 12:57:00 - [MESSAGE][PASSED] - pages.Journey.clickOnJourneyTab is PASSED

2021-01-13 12:57:00 - [TEST_STEP][PASSED] - journeyName = pages.Journey.getRandomJourneyName(): pages.Journey.getRandomJourneyName is PASSED

2021-01-13 12:57:01 - [MESSAGE][PASSED] - Object 'Object Repository/Journey/toGetJourneysCount' is present

2021-01-13 12:57:01 - [MESSAGE][PASSED] - Object 'Object Repository/Journey/toGetJourneysCount' is present

2021-01-13 12:57:02 - [MESSAGE][PASSED] - Text of object 'Object Repository/Journey/toPickrandomJourney(index)' is: 'KJO'

2021-01-13 12:57:02 - [MESSAGE][PASSED] - pages.Journey.getRandomJourneyName is PASSED

2021-01-13 12:57:02 - [TEST_STEP][PASSED] - accessCode = pages.Journey.getExistingJourneyAccesscode(journeyName): pages.Journey.getExistingJourneyAccesscode is PASSED

2021-01-13 12:57:02 - [MESSAGE][PASSED] - Object 'Object Repository/Journey/journrySearchInput' is present

2021-01-13 12:57:02 - [MESSAGE][PASSED] - Object 'Object Repository/Journey/journrySearchInput' is visible

2021-01-13 12:57:02 - [MESSAGE][PASSED] - Object 'Object Repository/Journey/journrySearchInput' is clickable

2021-01-13 12:57:03 - [MESSAGE][PASSED] - Text of object 'Object Repository/Journey/journrySearchInput' is cleared

2021-01-13 12:57:03 - [MESSAGE][PASSED] - Keys '' sent to object: 'Object Repository/Journey/journrySearchInput'

2021-01-13 12:57:03 - [MESSAGE][PASSED] - Keys 'K' sent to object: 'Object Repository/Journey/journrySearchInput'

2021-01-13 12:57:04 - [MESSAGE][PASSED] - Keys 'J' sent to object: 'Object Repository/Journey/journrySearchInput'

2021-01-13 12:57:04 - [MESSAGE][PASSED] - Keys 'O' sent to object: 'Object Repository/Journey/journrySearchInput'

2021-01-13 12:57:05 - [MESSAGE][PASSED] - Object 'Object Repository/Journey/journrySearchInput' is present

2021-01-13 12:57:05 - [MESSAGE][PASSED] - Object 'Object Repository/Journey/journrySearchInput' is visible

2021-01-13 12:57:05 - [MESSAGE][PASSED] - Object 'Object Repository/Journey/journrySearchInput' is clickable

2021-01-13 12:57:06 - [MESSAGE][PASSED] - Text of object 'Object Repository/Journey/journrySearchInput' is cleared

2021-01-13 12:57:07 - [MESSAGE][PASSED] - Keys '' sent to object: 'Object Repository/Journey/journrySearchInput'

2021-01-13 12:57:07 - [MESSAGE][PASSED] - Keys 'K' sent to object: 'Object Repository/Journey/journrySearchInput'

2021-01-13 12:57:08 - [MESSAGE][PASSED] - Keys 'J' sent to object: 'Object Repository/Journey/journrySearchInput'

2021-01-13 12:57:09 - [MESSAGE][PASSED] - Keys 'O' sent to object: 'Object Repository/Journey/journrySearchInput'

2021-01-13 12:57:09 - [MESSAGE][PASSED] - Object 'Object Repository/Journey/clickVerifyingJourney(journeyName)' is present

2021-01-13 12:57:09 - [MESSAGE][PASSED] - Object 'Object Repository/Journey/clickVerifyingJourney(journeyName)' is visible

2021-01-13 12:57:10 - [MESSAGE][PASSED] - Object 'Object Repository/Journey/clickVerifyingJourney(journeyName)' is clickable

2021-01-13 12:57:10 - [MESSAGE][PASSED] - Object: 'Object Repository/Journey/clickVerifyingJourney(journeyName)' is clicked on

2021-01-13 12:57:11 - [MESSAGE][PASSED] - Scroll to object 'Object Repository/Journey/Current Access Codes/currentAccessCodeField' successfully

2021-01-13 12:57:12 - [MESSAGE][PASSED] - Object 'Object Repository/Journey/Current Access Codes/getAccessCodesCount' is present

2021-01-13 12:57:13 - [MESSAGE][PASSED] - Text of object 'Object Repository/Journey/Current Access Codes/getAccessCodeText(index)' is: 'access9'

2021-01-13 12:57:13 - [MESSAGE][PASSED] - pages.Journey.getExistingJourneyAccesscode is PASSED

2021-01-13 12:57:13 - [TEST_STEP][PASSED] - login.LoginForJourneyApplication.loginToJourneyApplication(): login.LoginForJourneyApplication.loginToJourneyApplication is PASSED

2021-01-13 12:57:13 - [MESSAGE][PASSED] - Navigate to 'https://qualitlabs.dev.modist.co/' successfully

2021-01-13 12:57:13 - [MESSAGE][PASSED] - login.LoginForJourneyApplication.loginToJourneyApplication is PASSED

2021-01-13 12:57:13 - [TEST_STEP][PASSED] - pages.Journey.enterAccessCodeInJourney(accessCode): pages.Journey.enterAccessCodeInJourney is PASSED

2021-01-13 12:57:13 - [MESSAGE][PASSED] - Object 'Object Repository/Journey/JourneyPortal/enterAccessCode' is present

2021-01-13 12:57:14 - [MESSAGE][PASSED] - Object 'Object Repository/Journey/JourneyPortal/enterAccessCode' is visible

2021-01-13 12:57:14 - [MESSAGE][PASSED] - Object 'Object Repository/Journey/JourneyPortal/enterAccessCode' is clickable

2021-01-13 12:57:14 - [MESSAGE][PASSED] - Text of object 'Object Repository/Journey/JourneyPortal/enterAccessCode' is cleared

2021-01-13 12:57:15 - [MESSAGE][PASSED] - Keys 'access9' sent to object: 'Object Repository/Journey/JourneyPortal/enterAccessCode'

2021-01-13 12:57:15 - [MESSAGE][PASSED] - pages.Journey.enterAccessCodeInJourney is PASSED

2021-01-13 12:57:15 - [TEST_STEP][PASSED] - pages.Journey.clickEnterButton(): pages.Journey.clickEnterButton is PASSED

2021-01-13 12:57:15 - [MESSAGE][PASSED] - Object 'Object Repository/Journey/JourneyPortal/EnterButton' is present

2021-01-13 12:57:16 - [MESSAGE][PASSED] - Object 'Object Repository/Journey/JourneyPortal/EnterButton' is visible

2021-01-13 12:57:16 - [MESSAGE][PASSED] - Object 'Object Repository/Journey/JourneyPortal/EnterButton' is clickable

2021-01-13 12:57:16 - [MESSAGE][PASSED] - Object: 'Object Repository/Journey/JourneyPortal/EnterButton' is clicked on

2021-01-13 12:57:16 - [MESSAGE][PASSED] - pages.Journey.clickEnterButton is PASSED

2021-01-13 12:57:16 - [TEST_STEP][PASSED] - pages.Journey.sectionPageVerification(): pages.Journey.sectionPageVerification is PASSED

2021-01-13 12:57:17 - [MESSAGE][PASSED] - Object 'Object Repository/Journey/JourneyPortal/Section/sectionPage' is present

2021-01-13 12:57:17 - [MESSAGE][PASSED] - pages.Journey.sectionPageVerification is PASSED]]></system-out>
         <system-err><![CDATA[]]></system-err>
      </testcase>
      <testcase name="Test Cases/JourneyPortal/loginToJourneyApplicationThroughInvalidAccessCodeAndVerifyTheErrorMessage" time="58.382" classname="Test Cases/JourneyPortal/loginToJourneyApplicationThroughInvalidAccessCodeAndVerifyTheErrorMessage" status="FAILED">
         <failure type="FAILED" message="Test Cases/JourneyPortal/loginToJourneyApplicationThroughInvalidAccessCodeAndVerifyTheErrorMessage FAILED.
Reason:
com.kms.katalon.core.exception.StepFailedException: your have entered a valid access code
	at com.kms.katalon.core.util.KeywordUtil.markFailedAndStop(KeywordUtil.java:28)
	at com.kms.katalon.core.util.KeywordUtil$markFailedAndStop$0.call(Unknown Source)
	at verification.Verification.verifyElementPresent(Verification.groovy:31)
	at verification.Verification.verifyElementPresent(Verification.groovy)
	at pages.Journey.errorLoginCheck(Journey.groovy:158)
	at pages.Journey.invokeMethod(Journey.groovy)
	at com.kms.katalon.core.main.CustomKeywordDelegatingMetaClass.invokeStaticMethod(CustomKeywordDelegatingMetaClass.java:50)
	at loginToJourneyApplicationThroughInvalidAccessCodeAndVerifyTheErrorMessage.run(loginToJourneyApplicationThroughInvalidAccessCodeAndVerifyTheErrorMessage:32)
	at com.kms.katalon.core.main.ScriptEngine.run(ScriptEngine.java:194)
	at com.kms.katalon.core.main.ScriptEngine.runScriptAsRawText(ScriptEngine.java:119)
	at com.kms.katalon.core.main.TestCaseExecutor.runScript(TestCaseExecutor.java:339)
	at com.kms.katalon.core.main.TestCaseExecutor.doExecute(TestCaseExecutor.java:330)
	at com.kms.katalon.core.main.TestCaseExecutor.processExecutionPhase(TestCaseExecutor.java:309)
	at com.kms.katalon.core.main.TestCaseExecutor.accessMainPhase(TestCaseExecutor.java:301)
	at com.kms.katalon.core.main.TestCaseExecutor.execute(TestCaseExecutor.java:235)
	at com.kms.katalon.core.main.TestSuiteExecutor.accessTestCaseMainPhase(TestSuiteExecutor.java:191)
	at com.kms.katalon.core.main.TestSuiteExecutor.accessTestSuiteMainPhase(TestSuiteExecutor.java:141)
	at com.kms.katalon.core.main.TestSuiteExecutor.execute(TestSuiteExecutor.java:90)
	at com.kms.katalon.core.main.TestCaseMain.startTestSuite(TestCaseMain.java:157)
	at com.kms.katalon.core.main.TestCaseMain$startTestSuite$0.call(Unknown Source)
	at TempTestSuite1610559105062.run(TempTestSuite1610559105062.groovy:39)
"/>
         <system-out><![CDATA[2021-01-13 12:57:17 - [TEST_CASE][FAILED] - Test Cases/JourneyPortal/loginToJourneyApplicationThroughInvalidAccessCodeAndVerifyTheErrorMessage: Test Cases/JourneyPortal/loginToJourneyApplicationThroughInvalidAccessCodeAndVerifyTheErrorMessage FAILED.
Reason:
com.kms.katalon.core.exception.StepFailedException: your have entered a valid access code
	at com.kms.katalon.core.util.KeywordUtil.markFailedAndStop(KeywordUtil.java:28)
	at com.kms.katalon.core.util.KeywordUtil$markFailedAndStop$0.call(Unknown Source)
	at verification.Verification.verifyElementPresent(Verification.groovy:31)
	at verification.Verification.verifyElementPresent(Verification.groovy)
	at pages.Journey.errorLoginCheck(Journey.groovy:158)
	at pages.Journey.invokeMethod(Journey.groovy)
	at com.kms.katalon.core.main.CustomKeywordDelegatingMetaClass.invokeStaticMethod(CustomKeywordDelegatingMetaClass.java:50)
	at loginToJourneyApplicationThroughInvalidAccessCodeAndVerifyTheErrorMessage.run(loginToJourneyApplicationThroughInvalidAccessCodeAndVerifyTheErrorMessage:32)
	at com.kms.katalon.core.main.ScriptEngine.run(ScriptEngine.java:194)
	at com.kms.katalon.core.main.ScriptEngine.runScriptAsRawText(ScriptEngine.java:119)
	at com.kms.katalon.core.main.TestCaseExecutor.runScript(TestCaseExecutor.java:339)
	at com.kms.katalon.core.main.TestCaseExecutor.doExecute(TestCaseExecutor.java:330)
	at com.kms.katalon.core.main.TestCaseExecutor.processExecutionPhase(TestCaseExecutor.java:309)
	at com.kms.katalon.core.main.TestCaseExecutor.accessMainPhase(TestCaseExecutor.java:301)
	at com.kms.katalon.core.main.TestCaseExecutor.execute(TestCaseExecutor.java:235)
	at com.kms.katalon.core.main.TestSuiteExecutor.accessTestCaseMainPhase(TestSuiteExecutor.java:191)
	at com.kms.katalon.core.main.TestSuiteExecutor.accessTestSuiteMainPhase(TestSuiteExecutor.java:141)
	at com.kms.katalon.core.main.TestSuiteExecutor.execute(TestSuiteExecutor.java:90)
	at com.kms.katalon.core.main.TestCaseMain.startTestSuite(TestCaseMain.java:157)
	at com.kms.katalon.core.main.TestCaseMain$startTestSuite$0.call(Unknown Source)
	at TempTestSuite1610559105062.run(TempTestSuite1610559105062.groovy:39)


2021-01-13 12:57:17 - [TEST_STEP][PASSED] - Start listener action : login: com.kms.katalon.core.webui.exception.WebElementNotFoundException: Web element with id: 'Object Repository/Login Credentials/Email' located by '//input[@name='email']' not found (Root cause: com.kms.katalon.core.exception.StepFailedException: com.kms.katalon.core.webui.exception.WebElementNotFoundException: Web element with id: 'Object Repository/Login Credentials/Email' located by '//input[@name='email']' not found
	at com.kms.katalon.core.webui.keyword.internal.WebUIKeywordMain.stepFailed(WebUIKeywordMain.groovy:64)
	at com.kms.katalon.core.webui.keyword.builtin.VerifyElementPresentKeyword$_verifyElementPresent_closure1.doCall(VerifyElementPresentKeyword.groovy:85)
	at com.kms.katalon.core.webui.keyword.builtin.VerifyElementPresentKeyword$_verifyElementPresent_closure1.call(VerifyElementPresentKeyword.groovy)
	at com.kms.katalon.core.webui.keyword.internal.WebUIKeywordMain.runKeyword(WebUIKeywordMain.groovy:20)
	at com.kms.katalon.core.webui.keyword.builtin.VerifyElementPresentKeyword.verifyElementPresent(VerifyElementPresentKeyword.groovy:92)
	at com.kms.katalon.core.webui.keyword.builtin.VerifyElementPresentKeyword.execute(VerifyElementPresentKeyword.groovy:68)
	at com.kms.katalon.core.keyword.internal.KeywordExecutor.executeKeywordForPlatform(KeywordExecutor.groovy:73)
	at com.kms.katalon.core.webui.keyword.WebUiBuiltInKeywords.verifyElementPresent(WebUiBuiltInKeywords.groovy:1445)
	at com.kms.katalon.core.webui.keyword.WebUiBuiltInKeywords$verifyElementPresent$2.call(Unknown Source)
	at login.LoginForAdminDevEnvironment.login(LoginForAdminDevEnvironment.groovy:18)
	at login.LoginForAdminDevEnvironment$login.call(Unknown Source)
	at Login.login(Login.groovy:37)
	at Login.invokeMethod(Login.groovy)
	at com.kms.katalon.core.context.internal.TestHooker.invokeMethod(TestHooker.java:111)
	at com.kms.katalon.core.context.internal.TestHooker.lambda$3(TestHooker.java:95)
	at com.kms.katalon.core.context.internal.TestHooker.invokeContextMethods(TestHooker.java:94)
	at com.kms.katalon.core.context.internal.TestListenerCollector.lambda$3(TestListenerCollector.java:88)
	at com.kms.katalon.core.context.internal.TestListenerCollector.handleListenerEvent(TestListenerCollector.java:85)
	at com.kms.katalon.core.context.internal.ExecutionEventManager.publicEvent(ExecutionEventManager.java:36)
	at com.kms.katalon.core.main.TestCaseExecutor.execute(TestCaseExecutor.java:221)
	at com.kms.katalon.core.main.TestSuiteExecutor.accessTestCaseMainPhase(TestSuiteExecutor.java:191)
	at com.kms.katalon.core.main.TestSuiteExecutor.accessTestSuiteMainPhase(TestSuiteExecutor.java:141)
	at com.kms.katalon.core.main.TestSuiteExecutor.execute(TestSuiteExecutor.java:90)
	at com.kms.katalon.core.main.TestCaseMain.startTestSuite(TestCaseMain.java:157)
	at com.kms.katalon.core.main.TestCaseMain$startTestSuite$0.call(Unknown Source)
	at TempTestSuite1610559105062.run(TempTestSuite1610559105062.groovy:39)
)

2021-01-13 12:57:17 - [TEST_STEP][PASSED] - Thread.sleep(3000): null

2021-01-13 12:57:20 - [TEST_STEP][PASSED] - url = getUrl(): Current window's url is: 'https://qualitlabs.dev.modist.co/section/504'

2021-01-13 12:57:20 - [MESSAGE][PASSED] - Current window's url is: 'https://qualitlabs.dev.modist.co/section/504'

2021-01-13 12:57:20 - [TEST_STEP][PASSED] - if (!(url.contains("dashboard"))): com.kms.katalon.core.webui.exception.WebElementNotFoundException: Web element with id: 'Object Repository/Login Credentials/Email' located by '//input[@name='email']' not found (Root cause: com.kms.katalon.core.exception.StepFailedException: com.kms.katalon.core.webui.exception.WebElementNotFoundException: Web element with id: 'Object Repository/Login Credentials/Email' located by '//input[@name='email']' not found
	at com.kms.katalon.core.webui.keyword.internal.WebUIKeywordMain.stepFailed(WebUIKeywordMain.groovy:64)
	at com.kms.katalon.core.webui.keyword.builtin.VerifyElementPresentKeyword$_verifyElementPresent_closure1.doCall(VerifyElementPresentKeyword.groovy:85)
	at com.kms.katalon.core.webui.keyword.builtin.VerifyElementPresentKeyword$_verifyElementPresent_closure1.call(VerifyElementPresentKeyword.groovy)
	at com.kms.katalon.core.webui.keyword.internal.WebUIKeywordMain.runKeyword(WebUIKeywordMain.groovy:20)
	at com.kms.katalon.core.webui.keyword.builtin.VerifyElementPresentKeyword.verifyElementPresent(VerifyElementPresentKeyword.groovy:92)
	at com.kms.katalon.core.webui.keyword.builtin.VerifyElementPresentKeyword.execute(VerifyElementPresentKeyword.groovy:68)
	at com.kms.katalon.core.keyword.internal.KeywordExecutor.executeKeywordForPlatform(KeywordExecutor.groovy:73)
	at com.kms.katalon.core.webui.keyword.WebUiBuiltInKeywords.verifyElementPresent(WebUiBuiltInKeywords.groovy:1445)
	at com.kms.katalon.core.webui.keyword.WebUiBuiltInKeywords$verifyElementPresent$2.call(Unknown Source)
	at login.LoginForAdminDevEnvironment.login(LoginForAdminDevEnvironment.groovy:18)
	at login.LoginForAdminDevEnvironment$login.call(Unknown Source)
	at Login.login(Login.groovy:37)
	at Login.invokeMethod(Login.groovy)
	at com.kms.katalon.core.context.internal.TestHooker.invokeMethod(TestHooker.java:111)
	at com.kms.katalon.core.context.internal.TestHooker.lambda$3(TestHooker.java:95)
	at com.kms.katalon.core.context.internal.TestHooker.invokeContextMethods(TestHooker.java:94)
	at com.kms.katalon.core.context.internal.TestListenerCollector.lambda$3(TestListenerCollector.java:88)
	at com.kms.katalon.core.context.internal.TestListenerCollector.handleListenerEvent(TestListenerCollector.java:85)
	at com.kms.katalon.core.context.internal.ExecutionEventManager.publicEvent(ExecutionEventManager.java:36)
	at com.kms.katalon.core.main.TestCaseExecutor.execute(TestCaseExecutor.java:221)
	at com.kms.katalon.core.main.TestSuiteExecutor.accessTestCaseMainPhase(TestSuiteExecutor.java:191)
	at com.kms.katalon.core.main.TestSuiteExecutor.accessTestSuiteMainPhase(TestSuiteExecutor.java:141)
	at com.kms.katalon.core.main.TestSuiteExecutor.execute(TestSuiteExecutor.java:90)
	at com.kms.katalon.core.main.TestCaseMain.startTestSuite(TestCaseMain.java:157)
	at com.kms.katalon.core.main.TestCaseMain$startTestSuite$0.call(Unknown Source)
	at TempTestSuite1610559105062.run(TempTestSuite1610559105062.groovy:39)
)

2021-01-13 12:57:20 - [TEST_STEP][PASSED] - navigateToUrl(Url): Navigate to 'https://dev-admin.modist.co/' successfully

2021-01-13 12:57:21 - [MESSAGE][PASSED] - Navigate to 'https://dev-admin.modist.co/' successfully

2021-01-13 12:57:21 - [TEST_STEP][PASSED] - loginPage.login(Email, Password): com.kms.katalon.core.webui.exception.WebElementNotFoundException: Web element with id: 'Object Repository/Login Credentials/Email' located by '//input[@name='email']' not found (Root cause: com.kms.katalon.core.exception.StepFailedException: com.kms.katalon.core.webui.exception.WebElementNotFoundException: Web element with id: 'Object Repository/Login Credentials/Email' located by '//input[@name='email']' not found
	at com.kms.katalon.core.webui.keyword.internal.WebUIKeywordMain.stepFailed(WebUIKeywordMain.groovy:64)
	at com.kms.katalon.core.webui.keyword.builtin.VerifyElementPresentKeyword$_verifyElementPresent_closure1.doCall(VerifyElementPresentKeyword.groovy:85)
	at com.kms.katalon.core.webui.keyword.builtin.VerifyElementPresentKeyword$_verifyElementPresent_closure1.call(VerifyElementPresentKeyword.groovy)
	at com.kms.katalon.core.webui.keyword.internal.WebUIKeywordMain.runKeyword(WebUIKeywordMain.groovy:20)
	at com.kms.katalon.core.webui.keyword.builtin.VerifyElementPresentKeyword.verifyElementPresent(VerifyElementPresentKeyword.groovy:92)
	at com.kms.katalon.core.webui.keyword.builtin.VerifyElementPresentKeyword.execute(VerifyElementPresentKeyword.groovy:68)
	at com.kms.katalon.core.keyword.internal.KeywordExecutor.executeKeywordForPlatform(KeywordExecutor.groovy:73)
	at com.kms.katalon.core.webui.keyword.WebUiBuiltInKeywords.verifyElementPresent(WebUiBuiltInKeywords.groovy:1445)
	at com.kms.katalon.core.webui.keyword.WebUiBuiltInKeywords$verifyElementPresent$2.call(Unknown Source)
	at login.LoginForAdminDevEnvironment.login(LoginForAdminDevEnvironment.groovy:18)
	at login.LoginForAdminDevEnvironment$login.call(Unknown Source)
	at Login.login(Login.groovy:37)
	at Login.invokeMethod(Login.groovy)
	at com.kms.katalon.core.context.internal.TestHooker.invokeMethod(TestHooker.java:111)
	at com.kms.katalon.core.context.internal.TestHooker.lambda$3(TestHooker.java:95)
	at com.kms.katalon.core.context.internal.TestHooker.invokeContextMethods(TestHooker.java:94)
	at com.kms.katalon.core.context.internal.TestListenerCollector.lambda$3(TestListenerCollector.java:88)
	at com.kms.katalon.core.context.internal.TestListenerCollector.handleListenerEvent(TestListenerCollector.java:85)
	at com.kms.katalon.core.context.internal.ExecutionEventManager.publicEvent(ExecutionEventManager.java:36)
	at com.kms.katalon.core.main.TestCaseExecutor.execute(TestCaseExecutor.java:221)
	at com.kms.katalon.core.main.TestSuiteExecutor.accessTestCaseMainPhase(TestSuiteExecutor.java:191)
	at com.kms.katalon.core.main.TestSuiteExecutor.accessTestSuiteMainPhase(TestSuiteExecutor.java:141)
	at com.kms.katalon.core.main.TestSuiteExecutor.execute(TestSuiteExecutor.java:90)
	at com.kms.katalon.core.main.TestCaseMain.startTestSuite(TestCaseMain.java:157)
	at com.kms.katalon.core.main.TestCaseMain$startTestSuite$0.call(Unknown Source)
	at TempTestSuite1610559105062.run(TempTestSuite1610559105062.groovy:39)
)

2021-01-13 12:57:26 - [MESSAGE][INFO] - Unable to find the element located by 'By.xpath: //input[@name='email']'. Please recheck the objects properties to make sure the desired element is located. 

2021-01-13 12:57:26 - [MESSAGE][WARNING] - com.kms.katalon.core.webui.exception.WebElementNotFoundException: Web element with id: 'Object Repository/Login Credentials/Email' located by '//input[@name='email']' not found (Root cause: com.kms.katalon.core.exception.StepFailedException: com.kms.katalon.core.webui.exception.WebElementNotFoundException: Web element with id: 'Object Repository/Login Credentials/Email' located by '//input[@name='email']' not found
	at com.kms.katalon.core.webui.keyword.internal.WebUIKeywordMain.stepFailed(WebUIKeywordMain.groovy:64)
	at com.kms.katalon.core.webui.keyword.builtin.VerifyElementPresentKeyword$_verifyElementPresent_closure1.doCall(VerifyElementPresentKeyword.groovy:85)
	at com.kms.katalon.core.webui.keyword.builtin.VerifyElementPresentKeyword$_verifyElementPresent_closure1.call(VerifyElementPresentKeyword.groovy)
	at com.kms.katalon.core.webui.keyword.internal.WebUIKeywordMain.runKeyword(WebUIKeywordMain.groovy:20)
	at com.kms.katalon.core.webui.keyword.builtin.VerifyElementPresentKeyword.verifyElementPresent(VerifyElementPresentKeyword.groovy:92)
	at com.kms.katalon.core.webui.keyword.builtin.VerifyElementPresentKeyword.execute(VerifyElementPresentKeyword.groovy:68)
	at com.kms.katalon.core.keyword.internal.KeywordExecutor.executeKeywordForPlatform(KeywordExecutor.groovy:73)
	at com.kms.katalon.core.webui.keyword.WebUiBuiltInKeywords.verifyElementPresent(WebUiBuiltInKeywords.groovy:1445)
	at com.kms.katalon.core.webui.keyword.WebUiBuiltInKeywords$verifyElementPresent$2.call(Unknown Source)
	at login.LoginForAdminDevEnvironment.login(LoginForAdminDevEnvironment.groovy:18)
	at login.LoginForAdminDevEnvironment$login.call(Unknown Source)
	at Login.login(Login.groovy:37)
	at Login.invokeMethod(Login.groovy)
	at com.kms.katalon.core.context.internal.TestHooker.invokeMethod(TestHooker.java:111)
	at com.kms.katalon.core.context.internal.TestHooker.lambda$3(TestHooker.java:95)
	at com.kms.katalon.core.context.internal.TestHooker.invokeContextMethods(TestHooker.java:94)
	at com.kms.katalon.core.context.internal.TestListenerCollector.lambda$3(TestListenerCollector.java:88)
	at com.kms.katalon.core.context.internal.TestListenerCollector.handleListenerEvent(TestListenerCollector.java:85)
	at com.kms.katalon.core.context.internal.ExecutionEventManager.publicEvent(ExecutionEventManager.java:36)
	at com.kms.katalon.core.main.TestCaseExecutor.execute(TestCaseExecutor.java:221)
	at com.kms.katalon.core.main.TestSuiteExecutor.accessTestCaseMainPhase(TestSuiteExecutor.java:191)
	at com.kms.katalon.core.main.TestSuiteExecutor.accessTestSuiteMainPhase(TestSuiteExecutor.java:141)
	at com.kms.katalon.core.main.TestSuiteExecutor.execute(TestSuiteExecutor.java:90)
	at com.kms.katalon.core.main.TestCaseMain.startTestSuite(TestCaseMain.java:157)
	at com.kms.katalon.core.main.TestCaseMain$startTestSuite$0.call(Unknown Source)
	at TempTestSuite1610559105062.run(TempTestSuite1610559105062.groovy:39)
)
[[ATTACHMENT|E:\\Modist\\ModistProject\\Reports\\20210113_123145\\AllTestCases\\20210113_123145\\1610560646432.png]]

2021-01-13 12:57:26 - [TEST_STEP][PASSED] - pages.Journey.clickOnJourneyTab(): pages.Journey.clickOnJourneyTab is PASSED

2021-01-13 12:57:27 - [MESSAGE][PASSED] - Object 'Object Repository/Journey/Journeytab' is present

2021-01-13 12:57:27 - [MESSAGE][PASSED] - Object 'Object Repository/Journey/Journeytab' is visible

2021-01-13 12:57:27 - [MESSAGE][PASSED] - Object 'Object Repository/Journey/Journeytab' is clickable

2021-01-13 12:57:28 - [MESSAGE][PASSED] - Object: 'Object Repository/Journey/Journeytab' is clicked on

2021-01-13 12:57:28 - [MESSAGE][PASSED] - pages.Journey.clickOnJourneyTab is PASSED

2021-01-13 12:57:28 - [TEST_STEP][PASSED] - journeyName = pages.Journey.getRandomJourneyName(): pages.Journey.getRandomJourneyName is PASSED

2021-01-13 12:57:28 - [MESSAGE][PASSED] - Object 'Object Repository/Journey/toGetJourneysCount' is present

2021-01-13 12:57:28 - [MESSAGE][PASSED] - Object 'Object Repository/Journey/toGetJourneysCount' is present

2021-01-13 12:57:29 - [MESSAGE][PASSED] - Text of object 'Object Repository/Journey/toPickrandomJourney(index)' is: 'KJO'

2021-01-13 12:57:29 - [MESSAGE][PASSED] - pages.Journey.getRandomJourneyName is PASSED

2021-01-13 12:57:29 - [TEST_STEP][PASSED] - accessCode = pages.Journey.getExistingJourneyAccesscode(journeyName): pages.Journey.getExistingJourneyAccesscode is PASSED

2021-01-13 12:57:29 - [MESSAGE][PASSED] - Object 'Object Repository/Journey/journrySearchInput' is present

2021-01-13 12:57:29 - [MESSAGE][PASSED] - Object 'Object Repository/Journey/journrySearchInput' is visible

2021-01-13 12:57:30 - [MESSAGE][PASSED] - Object 'Object Repository/Journey/journrySearchInput' is clickable

2021-01-13 12:57:30 - [MESSAGE][PASSED] - Text of object 'Object Repository/Journey/journrySearchInput' is cleared

2021-01-13 12:57:30 - [MESSAGE][PASSED] - Keys '' sent to object: 'Object Repository/Journey/journrySearchInput'

2021-01-13 12:57:31 - [MESSAGE][PASSED] - Keys 'K' sent to object: 'Object Repository/Journey/journrySearchInput'

2021-01-13 12:57:31 - [MESSAGE][PASSED] - Keys 'J' sent to object: 'Object Repository/Journey/journrySearchInput'

2021-01-13 12:57:32 - [MESSAGE][PASSED] - Keys 'O' sent to object: 'Object Repository/Journey/journrySearchInput'

2021-01-13 12:57:32 - [MESSAGE][PASSED] - Object 'Object Repository/Journey/journrySearchInput' is present

2021-01-13 12:57:32 - [MESSAGE][PASSED] - Object 'Object Repository/Journey/journrySearchInput' is visible

2021-01-13 12:57:33 - [MESSAGE][PASSED] - Object 'Object Repository/Journey/journrySearchInput' is clickable

2021-01-13 12:57:33 - [MESSAGE][PASSED] - Text of object 'Object Repository/Journey/journrySearchInput' is cleared

2021-01-13 12:57:34 - [MESSAGE][PASSED] - Keys '' sent to object: 'Object Repository/Journey/journrySearchInput'

2021-01-13 12:57:35 - [MESSAGE][PASSED] - Keys 'K' sent to object: 'Object Repository/Journey/journrySearchInput'

2021-01-13 12:57:36 - [MESSAGE][PASSED] - Keys 'J' sent to object: 'Object Repository/Journey/journrySearchInput'

2021-01-13 12:57:36 - [MESSAGE][PASSED] - Keys 'O' sent to object: 'Object Repository/Journey/journrySearchInput'

2021-01-13 12:57:36 - [MESSAGE][PASSED] - Object 'Object Repository/Journey/clickVerifyingJourney(journeyName)' is present

2021-01-13 12:57:37 - [MESSAGE][PASSED] - Object 'Object Repository/Journey/clickVerifyingJourney(journeyName)' is visible

2021-01-13 12:57:37 - [MESSAGE][PASSED] - Object 'Object Repository/Journey/clickVerifyingJourney(journeyName)' is clickable

2021-01-13 12:57:38 - [MESSAGE][PASSED] - Object: 'Object Repository/Journey/clickVerifyingJourney(journeyName)' is clicked on

2021-01-13 12:57:38 - [MESSAGE][PASSED] - Scroll to object 'Object Repository/Journey/Current Access Codes/currentAccessCodeField' successfully

2021-01-13 12:57:39 - [MESSAGE][PASSED] - Object 'Object Repository/Journey/Current Access Codes/getAccessCodesCount' is present

2021-01-13 12:57:40 - [MESSAGE][PASSED] - Text of object 'Object Repository/Journey/Current Access Codes/getAccessCodeText(index)' is: 'access1'

2021-01-13 12:57:40 - [MESSAGE][PASSED] - pages.Journey.getExistingJourneyAccesscode is PASSED

2021-01-13 12:57:40 - [TEST_STEP][PASSED] - accessCode = accessCode + pages.Journey.getRandomCount(): pages.Journey.getRandomCount is PASSED

2021-01-13 12:57:40 - [MESSAGE][PASSED] - pages.Journey.getRandomCount is PASSED

2021-01-13 12:57:40 - [TEST_STEP][PASSED] - login.LoginForJourneyApplication.loginToJourneyApplication(): login.LoginForJourneyApplication.loginToJourneyApplication is PASSED

2021-01-13 12:57:40 - [MESSAGE][PASSED] - Navigate to 'https://qualitlabs.dev.modist.co/' successfully

2021-01-13 12:57:40 - [MESSAGE][PASSED] - login.LoginForJourneyApplication.loginToJourneyApplication is PASSED

2021-01-13 12:57:40 - [TEST_STEP][PASSED] - pages.Journey.enterAccessCodeInJourney(accessCode): pages.Journey.enterAccessCodeInJourney is PASSED

2021-01-13 12:57:40 - [MESSAGE][PASSED] - Object 'Object Repository/Journey/JourneyPortal/enterAccessCode' is present

2021-01-13 12:57:41 - [MESSAGE][PASSED] - Object 'Object Repository/Journey/JourneyPortal/enterAccessCode' is visible

2021-01-13 12:57:41 - [MESSAGE][PASSED] - Object 'Object Repository/Journey/JourneyPortal/enterAccessCode' is clickable

2021-01-13 12:57:42 - [MESSAGE][PASSED] - Text of object 'Object Repository/Journey/JourneyPortal/enterAccessCode' is cleared

2021-01-13 12:57:42 - [MESSAGE][PASSED] - Keys 'access12' sent to object: 'Object Repository/Journey/JourneyPortal/enterAccessCode'

2021-01-13 12:57:42 - [MESSAGE][PASSED] - pages.Journey.enterAccessCodeInJourney is PASSED

2021-01-13 12:57:42 - [TEST_STEP][PASSED] - pages.Journey.clickEnterButton(): pages.Journey.clickEnterButton is PASSED

2021-01-13 12:57:42 - [MESSAGE][PASSED] - Object 'Object Repository/Journey/JourneyPortal/EnterButton' is present

2021-01-13 12:57:43 - [MESSAGE][PASSED] - Object 'Object Repository/Journey/JourneyPortal/EnterButton' is visible

2021-01-13 12:57:43 - [MESSAGE][PASSED] - Object 'Object Repository/Journey/JourneyPortal/EnterButton' is clickable

2021-01-13 12:57:44 - [MESSAGE][PASSED] - Object: 'Object Repository/Journey/JourneyPortal/EnterButton' is clicked on

2021-01-13 12:57:44 - [MESSAGE][PASSED] - pages.Journey.clickEnterButton is PASSED

2021-01-13 12:57:44 - [TEST_STEP][FAILED] - pages.Journey.errorLoginCheck(): your have entered a valid access code

2021-01-13 12:58:15 - [MESSAGE][INFO] - Unable to find the element located by 'By.xpath: //div[text()='Your Access-Code is invalid, please check your code and try again.']'. Please recheck the objects properties to make sure the desired element is located. 

2021-01-13 12:58:15 - [MESSAGE][WARNING] - com.kms.katalon.core.webui.exception.WebElementNotFoundException: Web element with id: 'Object Repository/Journey/JourneyPortal/warningMessageForInvalidAccessCode' located by '//div[text()='Your Access-Code is invalid, please check your code and try again.']' not found (Root cause: com.kms.katalon.core.exception.StepFailedException: com.kms.katalon.core.webui.exception.WebElementNotFoundException: Web element with id: 'Object Repository/Journey/JourneyPortal/warningMessageForInvalidAccessCode' located by '//div[text()='Your Access-Code is invalid, please check your code and try again.']' not found
	at com.kms.katalon.core.webui.keyword.internal.WebUIKeywordMain.stepFailed(WebUIKeywordMain.groovy:64)
	at com.kms.katalon.core.webui.keyword.builtin.VerifyElementPresentKeyword$_verifyElementPresent_closure1.doCall(VerifyElementPresentKeyword.groovy:85)
	at com.kms.katalon.core.webui.keyword.builtin.VerifyElementPresentKeyword$_verifyElementPresent_closure1.call(VerifyElementPresentKeyword.groovy)
	at com.kms.katalon.core.webui.keyword.internal.WebUIKeywordMain.runKeyword(WebUIKeywordMain.groovy:20)
	at com.kms.katalon.core.webui.keyword.builtin.VerifyElementPresentKeyword.verifyElementPresent(VerifyElementPresentKeyword.groovy:92)
	at com.kms.katalon.core.webui.keyword.builtin.VerifyElementPresentKeyword.execute(VerifyElementPresentKeyword.groovy:68)
	at com.kms.katalon.core.keyword.internal.KeywordExecutor.executeKeywordForPlatform(KeywordExecutor.groovy:73)
	at com.kms.katalon.core.webui.keyword.WebUiBuiltInKeywords.verifyElementPresent(WebUiBuiltInKeywords.groovy:1445)
	at com.kms.katalon.core.webui.keyword.WebUiBuiltInKeywords$verifyElementPresent$2.call(Unknown Source)
	at verification.Verification.verifyElementPresent(Verification.groovy:29)
	at verification.Verification.verifyElementPresent(Verification.groovy)
	at pages.Journey.errorLoginCheck(Journey.groovy:158)
	at pages.Journey.invokeMethod(Journey.groovy)
	at com.kms.katalon.core.main.CustomKeywordDelegatingMetaClass.invokeStaticMethod(CustomKeywordDelegatingMetaClass.java:50)
	at loginToJourneyApplicationThroughInvalidAccessCodeAndVerifyTheErrorMessage.run(loginToJourneyApplicationThroughInvalidAccessCodeAndVerifyTheErrorMessage:32)
	at com.kms.katalon.core.main.ScriptEngine.run(ScriptEngine.java:194)
	at com.kms.katalon.core.main.ScriptEngine.runScriptAsRawText(ScriptEngine.java:119)
	at com.kms.katalon.core.main.TestCaseExecutor.runScript(TestCaseExecutor.java:339)
	at com.kms.katalon.core.main.TestCaseExecutor.doExecute(TestCaseExecutor.java:330)
	at com.kms.katalon.core.main.TestCaseExecutor.processExecutionPhase(TestCaseExecutor.java:309)
	at com.kms.katalon.core.main.TestCaseExecutor.accessMainPhase(TestCaseExecutor.java:301)
	at com.kms.katalon.core.main.TestCaseExecutor.execute(TestCaseExecutor.java:235)
	at com.kms.katalon.core.main.TestSuiteExecutor.accessTestCaseMainPhase(TestSuiteExecutor.java:191)
	at com.kms.katalon.core.main.TestSuiteExecutor.accessTestSuiteMainPhase(TestSuiteExecutor.java:141)
	at com.kms.katalon.core.main.TestSuiteExecutor.execute(TestSuiteExecutor.java:90)
	at com.kms.katalon.core.main.TestCaseMain.startTestSuite(TestCaseMain.java:157)
	at com.kms.katalon.core.main.TestCaseMain$startTestSuite$0.call(Unknown Source)
	at TempTestSuite1610559105062.run(TempTestSuite1610559105062.groovy:39)
)
[[ATTACHMENT|E:\\Modist\\ModistProject\\Reports\\20210113_123145\\AllTestCases\\20210113_123145\\1610560695149.png]]

2021-01-13 12:58:16 - [MESSAGE][PASSED] - Taking screenshot successfully
[[ATTACHMENT|E:\Modist\ModistProject\Reports\20210113_123145\AllTestCases\20210113_123145\1610560695794.png]]

2021-01-13 12:58:16 - [MESSAGE][FAILED] - your have entered a valid access code]]></system-out>
         <system-err><![CDATA[2021-01-13 12:57:17 - [TEST_CASE][FAILED] - Test Cases/JourneyPortal/loginToJourneyApplicationThroughInvalidAccessCodeAndVerifyTheErrorMessage: Test Cases/JourneyPortal/loginToJourneyApplicationThroughInvalidAccessCodeAndVerifyTheErrorMessage FAILED.
Reason:
com.kms.katalon.core.exception.StepFailedException: your have entered a valid access code
	at com.kms.katalon.core.util.KeywordUtil.markFailedAndStop(KeywordUtil.java:28)
	at com.kms.katalon.core.util.KeywordUtil$markFailedAndStop$0.call(Unknown Source)
	at verification.Verification.verifyElementPresent(Verification.groovy:31)
	at verification.Verification.verifyElementPresent(Verification.groovy)
	at pages.Journey.errorLoginCheck(Journey.groovy:158)
	at pages.Journey.invokeMethod(Journey.groovy)
	at com.kms.katalon.core.main.CustomKeywordDelegatingMetaClass.invokeStaticMethod(CustomKeywordDelegatingMetaClass.java:50)
	at loginToJourneyApplicationThroughInvalidAccessCodeAndVerifyTheErrorMessage.run(loginToJourneyApplicationThroughInvalidAccessCodeAndVerifyTheErrorMessage:32)
	at com.kms.katalon.core.main.ScriptEngine.run(ScriptEngine.java:194)
	at com.kms.katalon.core.main.ScriptEngine.runScriptAsRawText(ScriptEngine.java:119)
	at com.kms.katalon.core.main.TestCaseExecutor.runScript(TestCaseExecutor.java:339)
	at com.kms.katalon.core.main.TestCaseExecutor.doExecute(TestCaseExecutor.java:330)
	at com.kms.katalon.core.main.TestCaseExecutor.processExecutionPhase(TestCaseExecutor.java:309)
	at com.kms.katalon.core.main.TestCaseExecutor.accessMainPhase(TestCaseExecutor.java:301)
	at com.kms.katalon.core.main.TestCaseExecutor.execute(TestCaseExecutor.java:235)
	at com.kms.katalon.core.main.TestSuiteExecutor.accessTestCaseMainPhase(TestSuiteExecutor.java:191)
	at com.kms.katalon.core.main.TestSuiteExecutor.accessTestSuiteMainPhase(TestSuiteExecutor.java:141)
	at com.kms.katalon.core.main.TestSuiteExecutor.execute(TestSuiteExecutor.java:90)
	at com.kms.katalon.core.main.TestCaseMain.startTestSuite(TestCaseMain.java:157)
	at com.kms.katalon.core.main.TestCaseMain$startTestSuite$0.call(Unknown Source)
	at TempTestSuite1610559105062.run(TempTestSuite1610559105062.groovy:39)]]></system-err>
      </testcase>
      <testcase name="Test Cases/JourneyPortal/loginToJourneyApplicationWithEmptyAccessCode" time="27.594" classname="Test Cases/JourneyPortal/loginToJourneyApplicationWithEmptyAccessCode" status="PASSED">
         <system-out><![CDATA[2021-01-13 12:58:16 - [TEST_CASE][PASSED] - Test Cases/JourneyPortal/loginToJourneyApplicationWithEmptyAccessCode: Test Cases/JourneyPortal/loginToJourneyApplicationWithEmptyAccessCode

2021-01-13 12:58:16 - [TEST_STEP][PASSED] - Start listener action : login: com.kms.katalon.core.webui.exception.WebElementNotFoundException: Web element with id: 'Object Repository/Login Credentials/Email' located by '//input[@name='email']' not found (Root cause: com.kms.katalon.core.exception.StepFailedException: com.kms.katalon.core.webui.exception.WebElementNotFoundException: Web element with id: 'Object Repository/Login Credentials/Email' located by '//input[@name='email']' not found
	at com.kms.katalon.core.webui.keyword.internal.WebUIKeywordMain.stepFailed(WebUIKeywordMain.groovy:64)
	at com.kms.katalon.core.webui.keyword.builtin.VerifyElementPresentKeyword$_verifyElementPresent_closure1.doCall(VerifyElementPresentKeyword.groovy:85)
	at com.kms.katalon.core.webui.keyword.builtin.VerifyElementPresentKeyword$_verifyElementPresent_closure1.call(VerifyElementPresentKeyword.groovy)
	at com.kms.katalon.core.webui.keyword.internal.WebUIKeywordMain.runKeyword(WebUIKeywordMain.groovy:20)
	at com.kms.katalon.core.webui.keyword.builtin.VerifyElementPresentKeyword.verifyElementPresent(VerifyElementPresentKeyword.groovy:92)
	at com.kms.katalon.core.webui.keyword.builtin.VerifyElementPresentKeyword.execute(VerifyElementPresentKeyword.groovy:68)
	at com.kms.katalon.core.keyword.internal.KeywordExecutor.executeKeywordForPlatform(KeywordExecutor.groovy:73)
	at com.kms.katalon.core.webui.keyword.WebUiBuiltInKeywords.verifyElementPresent(WebUiBuiltInKeywords.groovy:1445)
	at com.kms.katalon.core.webui.keyword.WebUiBuiltInKeywords$verifyElementPresent$2.call(Unknown Source)
	at login.LoginForAdminDevEnvironment.login(LoginForAdminDevEnvironment.groovy:18)
	at login.LoginForAdminDevEnvironment$login.call(Unknown Source)
	at Login.login(Login.groovy:37)
	at Login.invokeMethod(Login.groovy)
	at com.kms.katalon.core.context.internal.TestHooker.invokeMethod(TestHooker.java:111)
	at com.kms.katalon.core.context.internal.TestHooker.lambda$3(TestHooker.java:95)
	at com.kms.katalon.core.context.internal.TestHooker.invokeContextMethods(TestHooker.java:94)
	at com.kms.katalon.core.context.internal.TestListenerCollector.lambda$3(TestListenerCollector.java:88)
	at com.kms.katalon.core.context.internal.TestListenerCollector.handleListenerEvent(TestListenerCollector.java:85)
	at com.kms.katalon.core.context.internal.ExecutionEventManager.publicEvent(ExecutionEventManager.java:36)
	at com.kms.katalon.core.main.TestCaseExecutor.execute(TestCaseExecutor.java:221)
	at com.kms.katalon.core.main.TestSuiteExecutor.accessTestCaseMainPhase(TestSuiteExecutor.java:191)
	at com.kms.katalon.core.main.TestSuiteExecutor.accessTestSuiteMainPhase(TestSuiteExecutor.java:141)
	at com.kms.katalon.core.main.TestSuiteExecutor.execute(TestSuiteExecutor.java:90)
	at com.kms.katalon.core.main.TestCaseMain.startTestSuite(TestCaseMain.java:157)
	at com.kms.katalon.core.main.TestCaseMain$startTestSuite$0.call(Unknown Source)
	at TempTestSuite1610559105062.run(TempTestSuite1610559105062.groovy:39)
)

2021-01-13 12:58:16 - [TEST_STEP][PASSED] - Thread.sleep(3000): null

2021-01-13 12:58:19 - [TEST_STEP][PASSED] - url = getUrl(): Current window's url is: 'https://qualitlabs.dev.modist.co/section/521'

2021-01-13 12:58:19 - [MESSAGE][PASSED] - Current window's url is: 'https://qualitlabs.dev.modist.co/section/521'

2021-01-13 12:58:19 - [TEST_STEP][PASSED] - if (!(url.contains("dashboard"))): com.kms.katalon.core.webui.exception.WebElementNotFoundException: Web element with id: 'Object Repository/Login Credentials/Email' located by '//input[@name='email']' not found (Root cause: com.kms.katalon.core.exception.StepFailedException: com.kms.katalon.core.webui.exception.WebElementNotFoundException: Web element with id: 'Object Repository/Login Credentials/Email' located by '//input[@name='email']' not found
	at com.kms.katalon.core.webui.keyword.internal.WebUIKeywordMain.stepFailed(WebUIKeywordMain.groovy:64)
	at com.kms.katalon.core.webui.keyword.builtin.VerifyElementPresentKeyword$_verifyElementPresent_closure1.doCall(VerifyElementPresentKeyword.groovy:85)
	at com.kms.katalon.core.webui.keyword.builtin.VerifyElementPresentKeyword$_verifyElementPresent_closure1.call(VerifyElementPresentKeyword.groovy)
	at com.kms.katalon.core.webui.keyword.internal.WebUIKeywordMain.runKeyword(WebUIKeywordMain.groovy:20)
	at com.kms.katalon.core.webui.keyword.builtin.VerifyElementPresentKeyword.verifyElementPresent(VerifyElementPresentKeyword.groovy:92)
	at com.kms.katalon.core.webui.keyword.builtin.VerifyElementPresentKeyword.execute(VerifyElementPresentKeyword.groovy:68)
	at com.kms.katalon.core.keyword.internal.KeywordExecutor.executeKeywordForPlatform(KeywordExecutor.groovy:73)
	at com.kms.katalon.core.webui.keyword.WebUiBuiltInKeywords.verifyElementPresent(WebUiBuiltInKeywords.groovy:1445)
	at com.kms.katalon.core.webui.keyword.WebUiBuiltInKeywords$verifyElementPresent$2.call(Unknown Source)
	at login.LoginForAdminDevEnvironment.login(LoginForAdminDevEnvironment.groovy:18)
	at login.LoginForAdminDevEnvironment$login.call(Unknown Source)
	at Login.login(Login.groovy:37)
	at Login.invokeMethod(Login.groovy)
	at com.kms.katalon.core.context.internal.TestHooker.invokeMethod(TestHooker.java:111)
	at com.kms.katalon.core.context.internal.TestHooker.lambda$3(TestHooker.java:95)
	at com.kms.katalon.core.context.internal.TestHooker.invokeContextMethods(TestHooker.java:94)
	at com.kms.katalon.core.context.internal.TestListenerCollector.lambda$3(TestListenerCollector.java:88)
	at com.kms.katalon.core.context.internal.TestListenerCollector.handleListenerEvent(TestListenerCollector.java:85)
	at com.kms.katalon.core.context.internal.ExecutionEventManager.publicEvent(ExecutionEventManager.java:36)
	at com.kms.katalon.core.main.TestCaseExecutor.execute(TestCaseExecutor.java:221)
	at com.kms.katalon.core.main.TestSuiteExecutor.accessTestCaseMainPhase(TestSuiteExecutor.java:191)
	at com.kms.katalon.core.main.TestSuiteExecutor.accessTestSuiteMainPhase(TestSuiteExecutor.java:141)
	at com.kms.katalon.core.main.TestSuiteExecutor.execute(TestSuiteExecutor.java:90)
	at com.kms.katalon.core.main.TestCaseMain.startTestSuite(TestCaseMain.java:157)
	at com.kms.katalon.core.main.TestCaseMain$startTestSuite$0.call(Unknown Source)
	at TempTestSuite1610559105062.run(TempTestSuite1610559105062.groovy:39)
)

2021-01-13 12:58:19 - [TEST_STEP][PASSED] - navigateToUrl(Url): Navigate to 'https://dev-admin.modist.co/' successfully

2021-01-13 12:58:19 - [MESSAGE][PASSED] - Navigate to 'https://dev-admin.modist.co/' successfully

2021-01-13 12:58:19 - [TEST_STEP][PASSED] - loginPage.login(Email, Password): com.kms.katalon.core.webui.exception.WebElementNotFoundException: Web element with id: 'Object Repository/Login Credentials/Email' located by '//input[@name='email']' not found (Root cause: com.kms.katalon.core.exception.StepFailedException: com.kms.katalon.core.webui.exception.WebElementNotFoundException: Web element with id: 'Object Repository/Login Credentials/Email' located by '//input[@name='email']' not found
	at com.kms.katalon.core.webui.keyword.internal.WebUIKeywordMain.stepFailed(WebUIKeywordMain.groovy:64)
	at com.kms.katalon.core.webui.keyword.builtin.VerifyElementPresentKeyword$_verifyElementPresent_closure1.doCall(VerifyElementPresentKeyword.groovy:85)
	at com.kms.katalon.core.webui.keyword.builtin.VerifyElementPresentKeyword$_verifyElementPresent_closure1.call(VerifyElementPresentKeyword.groovy)
	at com.kms.katalon.core.webui.keyword.internal.WebUIKeywordMain.runKeyword(WebUIKeywordMain.groovy:20)
	at com.kms.katalon.core.webui.keyword.builtin.VerifyElementPresentKeyword.verifyElementPresent(VerifyElementPresentKeyword.groovy:92)
	at com.kms.katalon.core.webui.keyword.builtin.VerifyElementPresentKeyword.execute(VerifyElementPresentKeyword.groovy:68)
	at com.kms.katalon.core.keyword.internal.KeywordExecutor.executeKeywordForPlatform(KeywordExecutor.groovy:73)
	at com.kms.katalon.core.webui.keyword.WebUiBuiltInKeywords.verifyElementPresent(WebUiBuiltInKeywords.groovy:1445)
	at com.kms.katalon.core.webui.keyword.WebUiBuiltInKeywords$verifyElementPresent$2.call(Unknown Source)
	at login.LoginForAdminDevEnvironment.login(LoginForAdminDevEnvironment.groovy:18)
	at login.LoginForAdminDevEnvironment$login.call(Unknown Source)
	at Login.login(Login.groovy:37)
	at Login.invokeMethod(Login.groovy)
	at com.kms.katalon.core.context.internal.TestHooker.invokeMethod(TestHooker.java:111)
	at com.kms.katalon.core.context.internal.TestHooker.lambda$3(TestHooker.java:95)
	at com.kms.katalon.core.context.internal.TestHooker.invokeContextMethods(TestHooker.java:94)
	at com.kms.katalon.core.context.internal.TestListenerCollector.lambda$3(TestListenerCollector.java:88)
	at com.kms.katalon.core.context.internal.TestListenerCollector.handleListenerEvent(TestListenerCollector.java:85)
	at com.kms.katalon.core.context.internal.ExecutionEventManager.publicEvent(ExecutionEventManager.java:36)
	at com.kms.katalon.core.main.TestCaseExecutor.execute(TestCaseExecutor.java:221)
	at com.kms.katalon.core.main.TestSuiteExecutor.accessTestCaseMainPhase(TestSuiteExecutor.java:191)
	at com.kms.katalon.core.main.TestSuiteExecutor.accessTestSuiteMainPhase(TestSuiteExecutor.java:141)
	at com.kms.katalon.core.main.TestSuiteExecutor.execute(TestSuiteExecutor.java:90)
	at com.kms.katalon.core.main.TestCaseMain.startTestSuite(TestCaseMain.java:157)
	at com.kms.katalon.core.main.TestCaseMain$startTestSuite$0.call(Unknown Source)
	at TempTestSuite1610559105062.run(TempTestSuite1610559105062.groovy:39)
)

2021-01-13 12:58:24 - [MESSAGE][INFO] - Unable to find the element located by 'By.xpath: //input[@name='email']'. Please recheck the objects properties to make sure the desired element is located. 

2021-01-13 12:58:24 - [MESSAGE][WARNING] - com.kms.katalon.core.webui.exception.WebElementNotFoundException: Web element with id: 'Object Repository/Login Credentials/Email' located by '//input[@name='email']' not found (Root cause: com.kms.katalon.core.exception.StepFailedException: com.kms.katalon.core.webui.exception.WebElementNotFoundException: Web element with id: 'Object Repository/Login Credentials/Email' located by '//input[@name='email']' not found
	at com.kms.katalon.core.webui.keyword.internal.WebUIKeywordMain.stepFailed(WebUIKeywordMain.groovy:64)
	at com.kms.katalon.core.webui.keyword.builtin.VerifyElementPresentKeyword$_verifyElementPresent_closure1.doCall(VerifyElementPresentKeyword.groovy:85)
	at com.kms.katalon.core.webui.keyword.builtin.VerifyElementPresentKeyword$_verifyElementPresent_closure1.call(VerifyElementPresentKeyword.groovy)
	at com.kms.katalon.core.webui.keyword.internal.WebUIKeywordMain.runKeyword(WebUIKeywordMain.groovy:20)
	at com.kms.katalon.core.webui.keyword.builtin.VerifyElementPresentKeyword.verifyElementPresent(VerifyElementPresentKeyword.groovy:92)
	at com.kms.katalon.core.webui.keyword.builtin.VerifyElementPresentKeyword.execute(VerifyElementPresentKeyword.groovy:68)
	at com.kms.katalon.core.keyword.internal.KeywordExecutor.executeKeywordForPlatform(KeywordExecutor.groovy:73)
	at com.kms.katalon.core.webui.keyword.WebUiBuiltInKeywords.verifyElementPresent(WebUiBuiltInKeywords.groovy:1445)
	at com.kms.katalon.core.webui.keyword.WebUiBuiltInKeywords$verifyElementPresent$2.call(Unknown Source)
	at login.LoginForAdminDevEnvironment.login(LoginForAdminDevEnvironment.groovy:18)
	at login.LoginForAdminDevEnvironment$login.call(Unknown Source)
	at Login.login(Login.groovy:37)
	at Login.invokeMethod(Login.groovy)
	at com.kms.katalon.core.context.internal.TestHooker.invokeMethod(TestHooker.java:111)
	at com.kms.katalon.core.context.internal.TestHooker.lambda$3(TestHooker.java:95)
	at com.kms.katalon.core.context.internal.TestHooker.invokeContextMethods(TestHooker.java:94)
	at com.kms.katalon.core.context.internal.TestListenerCollector.lambda$3(TestListenerCollector.java:88)
	at com.kms.katalon.core.context.internal.TestListenerCollector.handleListenerEvent(TestListenerCollector.java:85)
	at com.kms.katalon.core.context.internal.ExecutionEventManager.publicEvent(ExecutionEventManager.java:36)
	at com.kms.katalon.core.main.TestCaseExecutor.execute(TestCaseExecutor.java:221)
	at com.kms.katalon.core.main.TestSuiteExecutor.accessTestCaseMainPhase(TestSuiteExecutor.java:191)
	at com.kms.katalon.core.main.TestSuiteExecutor.accessTestSuiteMainPhase(TestSuiteExecutor.java:141)
	at com.kms.katalon.core.main.TestSuiteExecutor.execute(TestSuiteExecutor.java:90)
	at com.kms.katalon.core.main.TestCaseMain.startTestSuite(TestCaseMain.java:157)
	at com.kms.katalon.core.main.TestCaseMain$startTestSuite$0.call(Unknown Source)
	at TempTestSuite1610559105062.run(TempTestSuite1610559105062.groovy:39)
)
[[ATTACHMENT|E:\\Modist\\ModistProject\\Reports\\20210113_123145\\AllTestCases\\20210113_123145\\1610560704823.png]]

2021-01-13 12:58:25 - [TEST_STEP][PASSED] - pages.Journey.clickOnJourneyTab(): pages.Journey.clickOnJourneyTab is PASSED

2021-01-13 12:58:25 - [MESSAGE][PASSED] - Object 'Object Repository/Journey/Journeytab' is present

2021-01-13 12:58:25 - [MESSAGE][PASSED] - Object 'Object Repository/Journey/Journeytab' is visible

2021-01-13 12:58:25 - [MESSAGE][PASSED] - Object 'Object Repository/Journey/Journeytab' is clickable

2021-01-13 12:58:26 - [MESSAGE][PASSED] - Object: 'Object Repository/Journey/Journeytab' is clicked on

2021-01-13 12:58:26 - [MESSAGE][PASSED] - pages.Journey.clickOnJourneyTab is PASSED

2021-01-13 12:58:26 - [TEST_STEP][PASSED] - journeyName = pages.Journey.getRandomJourneyName(): pages.Journey.getRandomJourneyName is PASSED

2021-01-13 12:58:26 - [MESSAGE][PASSED] - Object 'Object Repository/Journey/toGetJourneysCount' is present

2021-01-13 12:58:26 - [MESSAGE][PASSED] - Object 'Object Repository/Journey/toGetJourneysCount' is present

2021-01-13 12:58:27 - [MESSAGE][PASSED] - Text of object 'Object Repository/Journey/toPickrandomJourney(index)' is: 'JO7'

2021-01-13 12:58:27 - [MESSAGE][PASSED] - pages.Journey.getRandomJourneyName is PASSED

2021-01-13 12:58:27 - [TEST_STEP][PASSED] - accessCode = pages.Journey.getExistingJourneyAccesscode(journeyName): pages.Journey.getExistingJourneyAccesscode is PASSED

2021-01-13 12:58:27 - [MESSAGE][PASSED] - Object 'Object Repository/Journey/journrySearchInput' is present

2021-01-13 12:58:28 - [MESSAGE][PASSED] - Object 'Object Repository/Journey/journrySearchInput' is visible

2021-01-13 12:58:28 - [MESSAGE][PASSED] - Object 'Object Repository/Journey/journrySearchInput' is clickable

2021-01-13 12:58:28 - [MESSAGE][PASSED] - Text of object 'Object Repository/Journey/journrySearchInput' is cleared

2021-01-13 12:58:28 - [MESSAGE][PASSED] - Keys '' sent to object: 'Object Repository/Journey/journrySearchInput'

2021-01-13 12:58:29 - [MESSAGE][PASSED] - Keys 'J' sent to object: 'Object Repository/Journey/journrySearchInput'

2021-01-13 12:58:29 - [MESSAGE][PASSED] - Keys 'O' sent to object: 'Object Repository/Journey/journrySearchInput'

2021-01-13 12:58:30 - [MESSAGE][PASSED] - Keys '7' sent to object: 'Object Repository/Journey/journrySearchInput'

2021-01-13 12:58:30 - [MESSAGE][PASSED] - Object 'Object Repository/Journey/journrySearchInput' is present

2021-01-13 12:58:32 - [MESSAGE][PASSED] - Object 'Object Repository/Journey/journrySearchInput' is visible

2021-01-13 12:58:32 - [MESSAGE][PASSED] - Object 'Object Repository/Journey/journrySearchInput' is clickable

2021-01-13 12:58:32 - [MESSAGE][PASSED] - Text of object 'Object Repository/Journey/journrySearchInput' is cleared

2021-01-13 12:58:33 - [MESSAGE][PASSED] - Keys '' sent to object: 'Object Repository/Journey/journrySearchInput'

2021-01-13 12:58:34 - [MESSAGE][PASSED] - Keys 'J' sent to object: 'Object Repository/Journey/journrySearchInput'

2021-01-13 12:58:35 - [MESSAGE][PASSED] - Keys 'O' sent to object: 'Object Repository/Journey/journrySearchInput'

2021-01-13 12:58:36 - [MESSAGE][PASSED] - Keys '7' sent to object: 'Object Repository/Journey/journrySearchInput'

2021-01-13 12:58:36 - [MESSAGE][PASSED] - Object 'Object Repository/Journey/clickVerifyingJourney(journeyName)' is present

2021-01-13 12:58:37 - [MESSAGE][PASSED] - Object 'Object Repository/Journey/clickVerifyingJourney(journeyName)' is visible

2021-01-13 12:58:38 - [MESSAGE][PASSED] - Object 'Object Repository/Journey/clickVerifyingJourney(journeyName)' is clickable

2021-01-13 12:58:38 - [MESSAGE][PASSED] - Object: 'Object Repository/Journey/clickVerifyingJourney(journeyName)' is clicked on

2021-01-13 12:58:38 - [MESSAGE][PASSED] - Scroll to object 'Object Repository/Journey/Current Access Codes/currentAccessCodeField' successfully

2021-01-13 12:58:40 - [MESSAGE][PASSED] - Object 'Object Repository/Journey/Current Access Codes/getAccessCodesCount' is present

2021-01-13 12:58:40 - [MESSAGE][PASSED] - Text of object 'Object Repository/Journey/Current Access Codes/getAccessCodeText(index)' is: 'access7'

2021-01-13 12:58:40 - [MESSAGE][PASSED] - pages.Journey.getExistingJourneyAccesscode is PASSED

2021-01-13 12:58:40 - [TEST_STEP][PASSED] - login.LoginForJourneyApplication.loginToJourneyApplication(): login.LoginForJourneyApplication.loginToJourneyApplication is PASSED

2021-01-13 12:58:41 - [MESSAGE][PASSED] - Navigate to 'https://qualitlabs.dev.modist.co/' successfully

2021-01-13 12:58:41 - [MESSAGE][PASSED] - login.LoginForJourneyApplication.loginToJourneyApplication is PASSED

2021-01-13 12:58:41 - [TEST_STEP][PASSED] - pages.Journey.clickEnterButton(): pages.Journey.clickEnterButton is PASSED

2021-01-13 12:58:41 - [MESSAGE][PASSED] - Object 'Object Repository/Journey/JourneyPortal/EnterButton' is present

2021-01-13 12:58:41 - [MESSAGE][PASSED] - Object 'Object Repository/Journey/JourneyPortal/EnterButton' is visible

2021-01-13 12:58:42 - [MESSAGE][PASSED] - Object 'Object Repository/Journey/JourneyPortal/EnterButton' is clickable

2021-01-13 12:58:42 - [MESSAGE][PASSED] - Object: 'Object Repository/Journey/JourneyPortal/EnterButton' is clicked on

2021-01-13 12:58:42 - [MESSAGE][PASSED] - pages.Journey.clickEnterButton is PASSED

2021-01-13 12:58:42 - [TEST_STEP][PASSED] - pages.Journey.errorLoginCheck(): pages.Journey.errorLoginCheck is PASSED

2021-01-13 12:58:43 - [MESSAGE][PASSED] - Object 'Object Repository/Journey/JourneyPortal/warningMessageForInvalidAccessCode' is present

2021-01-13 12:58:43 - [MESSAGE][PASSED] - pages.Journey.errorLoginCheck is PASSED]]></system-out>
         <system-err><![CDATA[]]></system-err>
      </testcase>
      <testcase name="Test Cases/JourneyPortal/verifyCartIfNoItemsAvailable" time="64.271" classname="Test Cases/JourneyPortal/verifyCartIfNoItemsAvailable" status="FAILED">
         <failure type="FAILED" message="Test Cases/JourneyPortal/verifyCartIfNoItemsAvailable FAILED.
Reason:
com.kms.katalon.core.exception.StepFailedException: you are not in cart page
	at com.kms.katalon.core.util.KeywordUtil.markFailedAndStop(KeywordUtil.java:28)
	at com.kms.katalon.core.util.KeywordUtil$markFailedAndStop$0.call(Unknown Source)
	at verification.Verification.verifyElementPresent(Verification.groovy:31)
	at verification.Verification.verifyElementPresent(Verification.groovy)
	at pages.JourneyPortal.verifyElementOnCartIfNoItems(JourneyPortal.groovy:60)
	at pages.JourneyPortal.invokeMethod(JourneyPortal.groovy)
	at com.kms.katalon.core.main.CustomKeywordDelegatingMetaClass.invokeStaticMethod(CustomKeywordDelegatingMetaClass.java:50)
	at verifyCartIfNoItemsAvailable.run(verifyCartIfNoItemsAvailable:32)
	at com.kms.katalon.core.main.ScriptEngine.run(ScriptEngine.java:194)
	at com.kms.katalon.core.main.ScriptEngine.runScriptAsRawText(ScriptEngine.java:119)
	at com.kms.katalon.core.main.TestCaseExecutor.runScript(TestCaseExecutor.java:339)
	at com.kms.katalon.core.main.TestCaseExecutor.doExecute(TestCaseExecutor.java:330)
	at com.kms.katalon.core.main.TestCaseExecutor.processExecutionPhase(TestCaseExecutor.java:309)
	at com.kms.katalon.core.main.TestCaseExecutor.accessMainPhase(TestCaseExecutor.java:301)
	at com.kms.katalon.core.main.TestCaseExecutor.execute(TestCaseExecutor.java:235)
	at com.kms.katalon.core.main.TestSuiteExecutor.accessTestCaseMainPhase(TestSuiteExecutor.java:191)
	at com.kms.katalon.core.main.TestSuiteExecutor.accessTestSuiteMainPhase(TestSuiteExecutor.java:141)
	at com.kms.katalon.core.main.TestSuiteExecutor.execute(TestSuiteExecutor.java:90)
	at com.kms.katalon.core.main.TestCaseMain.startTestSuite(TestCaseMain.java:157)
	at com.kms.katalon.core.main.TestCaseMain$startTestSuite$0.call(Unknown Source)
	at TempTestSuite1610559105062.run(TempTestSuite1610559105062.groovy:39)
"/>
         <system-out><![CDATA[2021-01-13 12:58:43 - [TEST_CASE][FAILED] - Test Cases/JourneyPortal/verifyCartIfNoItemsAvailable: Test Cases/JourneyPortal/verifyCartIfNoItemsAvailable FAILED.
Reason:
com.kms.katalon.core.exception.StepFailedException: you are not in cart page
	at com.kms.katalon.core.util.KeywordUtil.markFailedAndStop(KeywordUtil.java:28)
	at com.kms.katalon.core.util.KeywordUtil$markFailedAndStop$0.call(Unknown Source)
	at verification.Verification.verifyElementPresent(Verification.groovy:31)
	at verification.Verification.verifyElementPresent(Verification.groovy)
	at pages.JourneyPortal.verifyElementOnCartIfNoItems(JourneyPortal.groovy:60)
	at pages.JourneyPortal.invokeMethod(JourneyPortal.groovy)
	at com.kms.katalon.core.main.CustomKeywordDelegatingMetaClass.invokeStaticMethod(CustomKeywordDelegatingMetaClass.java:50)
	at verifyCartIfNoItemsAvailable.run(verifyCartIfNoItemsAvailable:32)
	at com.kms.katalon.core.main.ScriptEngine.run(ScriptEngine.java:194)
	at com.kms.katalon.core.main.ScriptEngine.runScriptAsRawText(ScriptEngine.java:119)
	at com.kms.katalon.core.main.TestCaseExecutor.runScript(TestCaseExecutor.java:339)
	at com.kms.katalon.core.main.TestCaseExecutor.doExecute(TestCaseExecutor.java:330)
	at com.kms.katalon.core.main.TestCaseExecutor.processExecutionPhase(TestCaseExecutor.java:309)
	at com.kms.katalon.core.main.TestCaseExecutor.accessMainPhase(TestCaseExecutor.java:301)
	at com.kms.katalon.core.main.TestCaseExecutor.execute(TestCaseExecutor.java:235)
	at com.kms.katalon.core.main.TestSuiteExecutor.accessTestCaseMainPhase(TestSuiteExecutor.java:191)
	at com.kms.katalon.core.main.TestSuiteExecutor.accessTestSuiteMainPhase(TestSuiteExecutor.java:141)
	at com.kms.katalon.core.main.TestSuiteExecutor.execute(TestSuiteExecutor.java:90)
	at com.kms.katalon.core.main.TestCaseMain.startTestSuite(TestCaseMain.java:157)
	at com.kms.katalon.core.main.TestCaseMain$startTestSuite$0.call(Unknown Source)
	at TempTestSuite1610559105062.run(TempTestSuite1610559105062.groovy:39)


2021-01-13 12:58:43 - [TEST_STEP][PASSED] - Start listener action : login: com.kms.katalon.core.webui.exception.WebElementNotFoundException: Web element with id: 'Object Repository/Login Credentials/Email' located by '//input[@name='email']' not found (Root cause: com.kms.katalon.core.exception.StepFailedException: com.kms.katalon.core.webui.exception.WebElementNotFoundException: Web element with id: 'Object Repository/Login Credentials/Email' located by '//input[@name='email']' not found
	at com.kms.katalon.core.webui.keyword.internal.WebUIKeywordMain.stepFailed(WebUIKeywordMain.groovy:64)
	at com.kms.katalon.core.webui.keyword.builtin.VerifyElementPresentKeyword$_verifyElementPresent_closure1.doCall(VerifyElementPresentKeyword.groovy:85)
	at com.kms.katalon.core.webui.keyword.builtin.VerifyElementPresentKeyword$_verifyElementPresent_closure1.call(VerifyElementPresentKeyword.groovy)
	at com.kms.katalon.core.webui.keyword.internal.WebUIKeywordMain.runKeyword(WebUIKeywordMain.groovy:20)
	at com.kms.katalon.core.webui.keyword.builtin.VerifyElementPresentKeyword.verifyElementPresent(VerifyElementPresentKeyword.groovy:92)
	at com.kms.katalon.core.webui.keyword.builtin.VerifyElementPresentKeyword.execute(VerifyElementPresentKeyword.groovy:68)
	at com.kms.katalon.core.keyword.internal.KeywordExecutor.executeKeywordForPlatform(KeywordExecutor.groovy:73)
	at com.kms.katalon.core.webui.keyword.WebUiBuiltInKeywords.verifyElementPresent(WebUiBuiltInKeywords.groovy:1445)
	at com.kms.katalon.core.webui.keyword.WebUiBuiltInKeywords$verifyElementPresent$2.call(Unknown Source)
	at login.LoginForAdminDevEnvironment.login(LoginForAdminDevEnvironment.groovy:18)
	at login.LoginForAdminDevEnvironment$login.call(Unknown Source)
	at Login.login(Login.groovy:37)
	at Login.invokeMethod(Login.groovy)
	at com.kms.katalon.core.context.internal.TestHooker.invokeMethod(TestHooker.java:111)
	at com.kms.katalon.core.context.internal.TestHooker.lambda$3(TestHooker.java:95)
	at com.kms.katalon.core.context.internal.TestHooker.invokeContextMethods(TestHooker.java:94)
	at com.kms.katalon.core.context.internal.TestListenerCollector.lambda$3(TestListenerCollector.java:88)
	at com.kms.katalon.core.context.internal.TestListenerCollector.handleListenerEvent(TestListenerCollector.java:85)
	at com.kms.katalon.core.context.internal.ExecutionEventManager.publicEvent(ExecutionEventManager.java:36)
	at com.kms.katalon.core.main.TestCaseExecutor.execute(TestCaseExecutor.java:221)
	at com.kms.katalon.core.main.TestSuiteExecutor.accessTestCaseMainPhase(TestSuiteExecutor.java:191)
	at com.kms.katalon.core.main.TestSuiteExecutor.accessTestSuiteMainPhase(TestSuiteExecutor.java:141)
	at com.kms.katalon.core.main.TestSuiteExecutor.execute(TestSuiteExecutor.java:90)
	at com.kms.katalon.core.main.TestCaseMain.startTestSuite(TestCaseMain.java:157)
	at com.kms.katalon.core.main.TestCaseMain$startTestSuite$0.call(Unknown Source)
	at TempTestSuite1610559105062.run(TempTestSuite1610559105062.groovy:39)
)

2021-01-13 12:58:43 - [TEST_STEP][PASSED] - Thread.sleep(3000): null

2021-01-13 12:58:46 - [TEST_STEP][PASSED] - url = getUrl(): Current window's url is: 'https://qualitlabs.dev.modist.co/'

2021-01-13 12:58:46 - [MESSAGE][PASSED] - Current window's url is: 'https://qualitlabs.dev.modist.co/'

2021-01-13 12:58:46 - [TEST_STEP][PASSED] - if (!(url.contains("dashboard"))): com.kms.katalon.core.webui.exception.WebElementNotFoundException: Web element with id: 'Object Repository/Login Credentials/Email' located by '//input[@name='email']' not found (Root cause: com.kms.katalon.core.exception.StepFailedException: com.kms.katalon.core.webui.exception.WebElementNotFoundException: Web element with id: 'Object Repository/Login Credentials/Email' located by '//input[@name='email']' not found
	at com.kms.katalon.core.webui.keyword.internal.WebUIKeywordMain.stepFailed(WebUIKeywordMain.groovy:64)
	at com.kms.katalon.core.webui.keyword.builtin.VerifyElementPresentKeyword$_verifyElementPresent_closure1.doCall(VerifyElementPresentKeyword.groovy:85)
	at com.kms.katalon.core.webui.keyword.builtin.VerifyElementPresentKeyword$_verifyElementPresent_closure1.call(VerifyElementPresentKeyword.groovy)
	at com.kms.katalon.core.webui.keyword.internal.WebUIKeywordMain.runKeyword(WebUIKeywordMain.groovy:20)
	at com.kms.katalon.core.webui.keyword.builtin.VerifyElementPresentKeyword.verifyElementPresent(VerifyElementPresentKeyword.groovy:92)
	at com.kms.katalon.core.webui.keyword.builtin.VerifyElementPresentKeyword.execute(VerifyElementPresentKeyword.groovy:68)
	at com.kms.katalon.core.keyword.internal.KeywordExecutor.executeKeywordForPlatform(KeywordExecutor.groovy:73)
	at com.kms.katalon.core.webui.keyword.WebUiBuiltInKeywords.verifyElementPresent(WebUiBuiltInKeywords.groovy:1445)
	at com.kms.katalon.core.webui.keyword.WebUiBuiltInKeywords$verifyElementPresent$2.call(Unknown Source)
	at login.LoginForAdminDevEnvironment.login(LoginForAdminDevEnvironment.groovy:18)
	at login.LoginForAdminDevEnvironment$login.call(Unknown Source)
	at Login.login(Login.groovy:37)
	at Login.invokeMethod(Login.groovy)
	at com.kms.katalon.core.context.internal.TestHooker.invokeMethod(TestHooker.java:111)
	at com.kms.katalon.core.context.internal.TestHooker.lambda$3(TestHooker.java:95)
	at com.kms.katalon.core.context.internal.TestHooker.invokeContextMethods(TestHooker.java:94)
	at com.kms.katalon.core.context.internal.TestListenerCollector.lambda$3(TestListenerCollector.java:88)
	at com.kms.katalon.core.context.internal.TestListenerCollector.handleListenerEvent(TestListenerCollector.java:85)
	at com.kms.katalon.core.context.internal.ExecutionEventManager.publicEvent(ExecutionEventManager.java:36)
	at com.kms.katalon.core.main.TestCaseExecutor.execute(TestCaseExecutor.java:221)
	at com.kms.katalon.core.main.TestSuiteExecutor.accessTestCaseMainPhase(TestSuiteExecutor.java:191)
	at com.kms.katalon.core.main.TestSuiteExecutor.accessTestSuiteMainPhase(TestSuiteExecutor.java:141)
	at com.kms.katalon.core.main.TestSuiteExecutor.execute(TestSuiteExecutor.java:90)
	at com.kms.katalon.core.main.TestCaseMain.startTestSuite(TestCaseMain.java:157)
	at com.kms.katalon.core.main.TestCaseMain$startTestSuite$0.call(Unknown Source)
	at TempTestSuite1610559105062.run(TempTestSuite1610559105062.groovy:39)
)

2021-01-13 12:58:46 - [TEST_STEP][PASSED] - navigateToUrl(Url): Navigate to 'https://dev-admin.modist.co/' successfully

2021-01-13 12:58:47 - [MESSAGE][PASSED] - Navigate to 'https://dev-admin.modist.co/' successfully

2021-01-13 12:58:47 - [TEST_STEP][PASSED] - loginPage.login(Email, Password): com.kms.katalon.core.webui.exception.WebElementNotFoundException: Web element with id: 'Object Repository/Login Credentials/Email' located by '//input[@name='email']' not found (Root cause: com.kms.katalon.core.exception.StepFailedException: com.kms.katalon.core.webui.exception.WebElementNotFoundException: Web element with id: 'Object Repository/Login Credentials/Email' located by '//input[@name='email']' not found
	at com.kms.katalon.core.webui.keyword.internal.WebUIKeywordMain.stepFailed(WebUIKeywordMain.groovy:64)
	at com.kms.katalon.core.webui.keyword.builtin.VerifyElementPresentKeyword$_verifyElementPresent_closure1.doCall(VerifyElementPresentKeyword.groovy:85)
	at com.kms.katalon.core.webui.keyword.builtin.VerifyElementPresentKeyword$_verifyElementPresent_closure1.call(VerifyElementPresentKeyword.groovy)
	at com.kms.katalon.core.webui.keyword.internal.WebUIKeywordMain.runKeyword(WebUIKeywordMain.groovy:20)
	at com.kms.katalon.core.webui.keyword.builtin.VerifyElementPresentKeyword.verifyElementPresent(VerifyElementPresentKeyword.groovy:92)
	at com.kms.katalon.core.webui.keyword.builtin.VerifyElementPresentKeyword.execute(VerifyElementPresentKeyword.groovy:68)
	at com.kms.katalon.core.keyword.internal.KeywordExecutor.executeKeywordForPlatform(KeywordExecutor.groovy:73)
	at com.kms.katalon.core.webui.keyword.WebUiBuiltInKeywords.verifyElementPresent(WebUiBuiltInKeywords.groovy:1445)
	at com.kms.katalon.core.webui.keyword.WebUiBuiltInKeywords$verifyElementPresent$2.call(Unknown Source)
	at login.LoginForAdminDevEnvironment.login(LoginForAdminDevEnvironment.groovy:18)
	at login.LoginForAdminDevEnvironment$login.call(Unknown Source)
	at Login.login(Login.groovy:37)
	at Login.invokeMethod(Login.groovy)
	at com.kms.katalon.core.context.internal.TestHooker.invokeMethod(TestHooker.java:111)
	at com.kms.katalon.core.context.internal.TestHooker.lambda$3(TestHooker.java:95)
	at com.kms.katalon.core.context.internal.TestHooker.invokeContextMethods(TestHooker.java:94)
	at com.kms.katalon.core.context.internal.TestListenerCollector.lambda$3(TestListenerCollector.java:88)
	at com.kms.katalon.core.context.internal.TestListenerCollector.handleListenerEvent(TestListenerCollector.java:85)
	at com.kms.katalon.core.context.internal.ExecutionEventManager.publicEvent(ExecutionEventManager.java:36)
	at com.kms.katalon.core.main.TestCaseExecutor.execute(TestCaseExecutor.java:221)
	at com.kms.katalon.core.main.TestSuiteExecutor.accessTestCaseMainPhase(TestSuiteExecutor.java:191)
	at com.kms.katalon.core.main.TestSuiteExecutor.accessTestSuiteMainPhase(TestSuiteExecutor.java:141)
	at com.kms.katalon.core.main.TestSuiteExecutor.execute(TestSuiteExecutor.java:90)
	at com.kms.katalon.core.main.TestCaseMain.startTestSuite(TestCaseMain.java:157)
	at com.kms.katalon.core.main.TestCaseMain$startTestSuite$0.call(Unknown Source)
	at TempTestSuite1610559105062.run(TempTestSuite1610559105062.groovy:39)
)

2021-01-13 12:58:52 - [MESSAGE][INFO] - Unable to find the element located by 'By.xpath: //input[@name='email']'. Please recheck the objects properties to make sure the desired element is located. 

2021-01-13 12:58:52 - [MESSAGE][WARNING] - com.kms.katalon.core.webui.exception.WebElementNotFoundException: Web element with id: 'Object Repository/Login Credentials/Email' located by '//input[@name='email']' not found (Root cause: com.kms.katalon.core.exception.StepFailedException: com.kms.katalon.core.webui.exception.WebElementNotFoundException: Web element with id: 'Object Repository/Login Credentials/Email' located by '//input[@name='email']' not found
	at com.kms.katalon.core.webui.keyword.internal.WebUIKeywordMain.stepFailed(WebUIKeywordMain.groovy:64)
	at com.kms.katalon.core.webui.keyword.builtin.VerifyElementPresentKeyword$_verifyElementPresent_closure1.doCall(VerifyElementPresentKeyword.groovy:85)
	at com.kms.katalon.core.webui.keyword.builtin.VerifyElementPresentKeyword$_verifyElementPresent_closure1.call(VerifyElementPresentKeyword.groovy)
	at com.kms.katalon.core.webui.keyword.internal.WebUIKeywordMain.runKeyword(WebUIKeywordMain.groovy:20)
	at com.kms.katalon.core.webui.keyword.builtin.VerifyElementPresentKeyword.verifyElementPresent(VerifyElementPresentKeyword.groovy:92)
	at com.kms.katalon.core.webui.keyword.builtin.VerifyElementPresentKeyword.execute(VerifyElementPresentKeyword.groovy:68)
	at com.kms.katalon.core.keyword.internal.KeywordExecutor.executeKeywordForPlatform(KeywordExecutor.groovy:73)
	at com.kms.katalon.core.webui.keyword.WebUiBuiltInKeywords.verifyElementPresent(WebUiBuiltInKeywords.groovy:1445)
	at com.kms.katalon.core.webui.keyword.WebUiBuiltInKeywords$verifyElementPresent$2.call(Unknown Source)
	at login.LoginForAdminDevEnvironment.login(LoginForAdminDevEnvironment.groovy:18)
	at login.LoginForAdminDevEnvironment$login.call(Unknown Source)
	at Login.login(Login.groovy:37)
	at Login.invokeMethod(Login.groovy)
	at com.kms.katalon.core.context.internal.TestHooker.invokeMethod(TestHooker.java:111)
	at com.kms.katalon.core.context.internal.TestHooker.lambda$3(TestHooker.java:95)
	at com.kms.katalon.core.context.internal.TestHooker.invokeContextMethods(TestHooker.java:94)
	at com.kms.katalon.core.context.internal.TestListenerCollector.lambda$3(TestListenerCollector.java:88)
	at com.kms.katalon.core.context.internal.TestListenerCollector.handleListenerEvent(TestListenerCollector.java:85)
	at com.kms.katalon.core.context.internal.ExecutionEventManager.publicEvent(ExecutionEventManager.java:36)
	at com.kms.katalon.core.main.TestCaseExecutor.execute(TestCaseExecutor.java:221)
	at com.kms.katalon.core.main.TestSuiteExecutor.accessTestCaseMainPhase(TestSuiteExecutor.java:191)
	at com.kms.katalon.core.main.TestSuiteExecutor.accessTestSuiteMainPhase(TestSuiteExecutor.java:141)
	at com.kms.katalon.core.main.TestSuiteExecutor.execute(TestSuiteExecutor.java:90)
	at com.kms.katalon.core.main.TestCaseMain.startTestSuite(TestCaseMain.java:157)
	at com.kms.katalon.core.main.TestCaseMain$startTestSuite$0.call(Unknown Source)
	at TempTestSuite1610559105062.run(TempTestSuite1610559105062.groovy:39)
)
[[ATTACHMENT|E:\\Modist\\ModistProject\\Reports\\20210113_123145\\AllTestCases\\20210113_123145\\1610560732590.png]]

2021-01-13 12:58:52 - [TEST_STEP][PASSED] - pages.Journey.clickOnJourneyTab(): pages.Journey.clickOnJourneyTab is PASSED

2021-01-13 12:58:53 - [MESSAGE][PASSED] - Object 'Object Repository/Journey/Journeytab' is present

2021-01-13 12:58:53 - [MESSAGE][PASSED] - Object 'Object Repository/Journey/Journeytab' is visible

2021-01-13 12:58:53 - [MESSAGE][PASSED] - Object 'Object Repository/Journey/Journeytab' is clickable

2021-01-13 12:58:54 - [MESSAGE][PASSED] - Object: 'Object Repository/Journey/Journeytab' is clicked on

2021-01-13 12:58:54 - [MESSAGE][PASSED] - pages.Journey.clickOnJourneyTab is PASSED

2021-01-13 12:58:54 - [TEST_STEP][PASSED] - journeyName = pages.Journey.getRandomJourneyName(): pages.Journey.getRandomJourneyName is PASSED

2021-01-13 12:58:54 - [MESSAGE][PASSED] - Object 'Object Repository/Journey/toGetJourneysCount' is present

2021-01-13 12:58:54 - [MESSAGE][PASSED] - Object 'Object Repository/Journey/toGetJourneysCount' is present

2021-01-13 12:58:55 - [MESSAGE][PASSED] - Text of object 'Object Repository/Journey/toPickrandomJourney(index)' is: 'DEMOJ'

2021-01-13 12:58:55 - [MESSAGE][PASSED] - pages.Journey.getRandomJourneyName is PASSED

2021-01-13 12:58:55 - [TEST_STEP][PASSED] - accessCode = pages.Journey.getExistingJourneyAccesscode(journeyName): pages.Journey.getExistingJourneyAccesscode is PASSED

2021-01-13 12:58:55 - [MESSAGE][PASSED] - Object 'Object Repository/Journey/journrySearchInput' is present

2021-01-13 12:58:55 - [MESSAGE][PASSED] - Object 'Object Repository/Journey/journrySearchInput' is visible

2021-01-13 12:58:56 - [MESSAGE][PASSED] - Object 'Object Repository/Journey/journrySearchInput' is clickable

2021-01-13 12:58:56 - [MESSAGE][PASSED] - Text of object 'Object Repository/Journey/journrySearchInput' is cleared

2021-01-13 12:58:56 - [MESSAGE][PASSED] - Keys '' sent to object: 'Object Repository/Journey/journrySearchInput'

2021-01-13 12:58:56 - [MESSAGE][PASSED] - Keys 'D' sent to object: 'Object Repository/Journey/journrySearchInput'

2021-01-13 12:58:57 - [MESSAGE][PASSED] - Keys 'E' sent to object: 'Object Repository/Journey/journrySearchInput'

2021-01-13 12:58:59 - [MESSAGE][PASSED] - Keys 'M' sent to object: 'Object Repository/Journey/journrySearchInput'

2021-01-13 12:58:59 - [MESSAGE][PASSED] - Keys 'O' sent to object: 'Object Repository/Journey/journrySearchInput'

2021-01-13 12:59:00 - [MESSAGE][PASSED] - Keys 'J' sent to object: 'Object Repository/Journey/journrySearchInput'

2021-01-13 12:59:00 - [MESSAGE][PASSED] - Object 'Object Repository/Journey/journrySearchInput' is present

2021-01-13 12:59:01 - [MESSAGE][PASSED] - Object 'Object Repository/Journey/journrySearchInput' is visible

2021-01-13 12:59:01 - [MESSAGE][PASSED] - Object 'Object Repository/Journey/journrySearchInput' is clickable

2021-01-13 12:59:02 - [MESSAGE][PASSED] - Text of object 'Object Repository/Journey/journrySearchInput' is cleared

2021-01-13 12:59:03 - [MESSAGE][PASSED] - Keys '' sent to object: 'Object Repository/Journey/journrySearchInput'

2021-01-13 12:59:03 - [MESSAGE][PASSED] - Keys 'D' sent to object: 'Object Repository/Journey/journrySearchInput'

2021-01-13 12:59:04 - [MESSAGE][PASSED] - Keys 'E' sent to object: 'Object Repository/Journey/journrySearchInput'

2021-01-13 12:59:04 - [MESSAGE][PASSED] - Keys 'M' sent to object: 'Object Repository/Journey/journrySearchInput'

2021-01-13 12:59:05 - [MESSAGE][PASSED] - Keys 'O' sent to object: 'Object Repository/Journey/journrySearchInput'

2021-01-13 12:59:05 - [MESSAGE][PASSED] - Keys 'J' sent to object: 'Object Repository/Journey/journrySearchInput'

2021-01-13 12:59:06 - [MESSAGE][PASSED] - Object 'Object Repository/Journey/clickVerifyingJourney(journeyName)' is present

2021-01-13 12:59:07 - [MESSAGE][PASSED] - Object 'Object Repository/Journey/clickVerifyingJourney(journeyName)' is visible

2021-01-13 12:59:07 - [MESSAGE][PASSED] - Object 'Object Repository/Journey/clickVerifyingJourney(journeyName)' is clickable

2021-01-13 12:59:08 - [MESSAGE][PASSED] - Object: 'Object Repository/Journey/clickVerifyingJourney(journeyName)' is clicked on

2021-01-13 12:59:08 - [MESSAGE][PASSED] - Scroll to object 'Object Repository/Journey/Current Access Codes/currentAccessCodeField' successfully

2021-01-13 12:59:09 - [MESSAGE][PASSED] - Object 'Object Repository/Journey/Current Access Codes/getAccessCodesCount' is present

2021-01-13 12:59:10 - [MESSAGE][PASSED] - Text of object 'Object Repository/Journey/Current Access Codes/getAccessCodeText(index)' is: 'access15'

2021-01-13 12:59:10 - [MESSAGE][PASSED] - pages.Journey.getExistingJourneyAccesscode is PASSED

2021-01-13 12:59:10 - [TEST_STEP][PASSED] - login.LoginForJourneyApplication.loginToJourneyApplication(): login.LoginForJourneyApplication.loginToJourneyApplication is PASSED

2021-01-13 12:59:10 - [MESSAGE][PASSED] - Navigate to 'https://qualitlabs.dev.modist.co/' successfully

2021-01-13 12:59:10 - [MESSAGE][PASSED] - login.LoginForJourneyApplication.loginToJourneyApplication is PASSED

2021-01-13 12:59:10 - [TEST_STEP][PASSED] - pages.Journey.enterAccessCodeInJourney(accessCode): pages.Journey.enterAccessCodeInJourney is PASSED

2021-01-13 12:59:10 - [MESSAGE][PASSED] - Object 'Object Repository/Journey/JourneyPortal/enterAccessCode' is present

2021-01-13 12:59:11 - [MESSAGE][PASSED] - Object 'Object Repository/Journey/JourneyPortal/enterAccessCode' is visible

2021-01-13 12:59:11 - [MESSAGE][PASSED] - Object 'Object Repository/Journey/JourneyPortal/enterAccessCode' is clickable

2021-01-13 12:59:12 - [MESSAGE][PASSED] - Text of object 'Object Repository/Journey/JourneyPortal/enterAccessCode' is cleared

2021-01-13 12:59:12 - [MESSAGE][PASSED] - Keys 'access15' sent to object: 'Object Repository/Journey/JourneyPortal/enterAccessCode'

2021-01-13 12:59:12 - [MESSAGE][PASSED] - pages.Journey.enterAccessCodeInJourney is PASSED

2021-01-13 12:59:12 - [TEST_STEP][PASSED] - pages.Journey.clickEnterButton(): pages.Journey.clickEnterButton is PASSED

2021-01-13 12:59:13 - [MESSAGE][PASSED] - Object 'Object Repository/Journey/JourneyPortal/EnterButton' is present

2021-01-13 12:59:13 - [MESSAGE][PASSED] - Object 'Object Repository/Journey/JourneyPortal/EnterButton' is visible

2021-01-13 12:59:13 - [MESSAGE][PASSED] - Object 'Object Repository/Journey/JourneyPortal/EnterButton' is clickable

2021-01-13 12:59:14 - [MESSAGE][PASSED] - Object: 'Object Repository/Journey/JourneyPortal/EnterButton' is clicked on

2021-01-13 12:59:14 - [MESSAGE][PASSED] - pages.Journey.clickEnterButton is PASSED

2021-01-13 12:59:14 - [TEST_STEP][PASSED] - pages.JourneyPortal.clickOnCart(): pages.JourneyPortal.clickOnCart is PASSED

2021-01-13 12:59:15 - [MESSAGE][PASSED] - Object 'Object Repository/Journey/JourneyPortal/Product/Cart' is present

2021-01-13 12:59:15 - [MESSAGE][PASSED] - Object 'Object Repository/Journey/JourneyPortal/Product/Cart' is visible

2021-01-13 12:59:15 - [MESSAGE][PASSED] - Object 'Object Repository/Journey/JourneyPortal/Product/Cart' is clickable

2021-01-13 12:59:16 - [MESSAGE][PASSED] - Object: 'Object Repository/Journey/JourneyPortal/Product/Cart' is clicked on

2021-01-13 12:59:16 - [MESSAGE][PASSED] - pages.JourneyPortal.clickOnCart is PASSED

2021-01-13 12:59:16 - [TEST_STEP][FAILED] - pages.JourneyPortal.verifyElementOnCartIfNoItems(): you are not in cart page

2021-01-13 12:59:47 - [MESSAGE][INFO] - Unable to find the element located by 'By.xpath: //p[text()='There are no items in your cart.']'. Please recheck the objects properties to make sure the desired element is located. 

2021-01-13 12:59:47 - [MESSAGE][WARNING] - com.kms.katalon.core.webui.exception.WebElementNotFoundException: Web element with id: 'Object Repository/Journey/JourneyPortal/Product/verifyNoItemsInTheCart' located by '//p[text()='There are no items in your cart.']' not found (Root cause: com.kms.katalon.core.exception.StepFailedException: com.kms.katalon.core.webui.exception.WebElementNotFoundException: Web element with id: 'Object Repository/Journey/JourneyPortal/Product/verifyNoItemsInTheCart' located by '//p[text()='There are no items in your cart.']' not found
	at com.kms.katalon.core.webui.keyword.internal.WebUIKeywordMain.stepFailed(WebUIKeywordMain.groovy:64)
	at com.kms.katalon.core.webui.keyword.builtin.VerifyElementPresentKeyword$_verifyElementPresent_closure1.doCall(VerifyElementPresentKeyword.groovy:85)
	at com.kms.katalon.core.webui.keyword.builtin.VerifyElementPresentKeyword$_verifyElementPresent_closure1.call(VerifyElementPresentKeyword.groovy)
	at com.kms.katalon.core.webui.keyword.internal.WebUIKeywordMain.runKeyword(WebUIKeywordMain.groovy:20)
	at com.kms.katalon.core.webui.keyword.builtin.VerifyElementPresentKeyword.verifyElementPresent(VerifyElementPresentKeyword.groovy:92)
	at com.kms.katalon.core.webui.keyword.builtin.VerifyElementPresentKeyword.execute(VerifyElementPresentKeyword.groovy:68)
	at com.kms.katalon.core.keyword.internal.KeywordExecutor.executeKeywordForPlatform(KeywordExecutor.groovy:73)
	at com.kms.katalon.core.webui.keyword.WebUiBuiltInKeywords.verifyElementPresent(WebUiBuiltInKeywords.groovy:1445)
	at com.kms.katalon.core.webui.keyword.WebUiBuiltInKeywords$verifyElementPresent$2.call(Unknown Source)
	at verification.Verification.verifyElementPresent(Verification.groovy:29)
	at verification.Verification.verifyElementPresent(Verification.groovy)
	at pages.JourneyPortal.verifyElementOnCartIfNoItems(JourneyPortal.groovy:60)
	at pages.JourneyPortal.invokeMethod(JourneyPortal.groovy)
	at com.kms.katalon.core.main.CustomKeywordDelegatingMetaClass.invokeStaticMethod(CustomKeywordDelegatingMetaClass.java:50)
	at verifyCartIfNoItemsAvailable.run(verifyCartIfNoItemsAvailable:32)
	at com.kms.katalon.core.main.ScriptEngine.run(ScriptEngine.java:194)
	at com.kms.katalon.core.main.ScriptEngine.runScriptAsRawText(ScriptEngine.java:119)
	at com.kms.katalon.core.main.TestCaseExecutor.runScript(TestCaseExecutor.java:339)
	at com.kms.katalon.core.main.TestCaseExecutor.doExecute(TestCaseExecutor.java:330)
	at com.kms.katalon.core.main.TestCaseExecutor.processExecutionPhase(TestCaseExecutor.java:309)
	at com.kms.katalon.core.main.TestCaseExecutor.accessMainPhase(TestCaseExecutor.java:301)
	at com.kms.katalon.core.main.TestCaseExecutor.execute(TestCaseExecutor.java:235)
	at com.kms.katalon.core.main.TestSuiteExecutor.accessTestCaseMainPhase(TestSuiteExecutor.java:191)
	at com.kms.katalon.core.main.TestSuiteExecutor.accessTestSuiteMainPhase(TestSuiteExecutor.java:141)
	at com.kms.katalon.core.main.TestSuiteExecutor.execute(TestSuiteExecutor.java:90)
	at com.kms.katalon.core.main.TestCaseMain.startTestSuite(TestCaseMain.java:157)
	at com.kms.katalon.core.main.TestCaseMain$startTestSuite$0.call(Unknown Source)
	at TempTestSuite1610559105062.run(TempTestSuite1610559105062.groovy:39)
)
[[ATTACHMENT|E:\\Modist\\ModistProject\\Reports\\20210113_123145\\AllTestCases\\20210113_123145\\1610560787408.png]]

2021-01-13 12:59:48 - [MESSAGE][PASSED] - Taking screenshot successfully
[[ATTACHMENT|E:\Modist\ModistProject\Reports\20210113_123145\AllTestCases\20210113_123145\1610560787857.png]]

2021-01-13 12:59:48 - [MESSAGE][FAILED] - you are not in cart page]]></system-out>
         <system-err><![CDATA[2021-01-13 12:58:43 - [TEST_CASE][FAILED] - Test Cases/JourneyPortal/verifyCartIfNoItemsAvailable: Test Cases/JourneyPortal/verifyCartIfNoItemsAvailable FAILED.
Reason:
com.kms.katalon.core.exception.StepFailedException: you are not in cart page
	at com.kms.katalon.core.util.KeywordUtil.markFailedAndStop(KeywordUtil.java:28)
	at com.kms.katalon.core.util.KeywordUtil$markFailedAndStop$0.call(Unknown Source)
	at verification.Verification.verifyElementPresent(Verification.groovy:31)
	at verification.Verification.verifyElementPresent(Verification.groovy)
	at pages.JourneyPortal.verifyElementOnCartIfNoItems(JourneyPortal.groovy:60)
	at pages.JourneyPortal.invokeMethod(JourneyPortal.groovy)
	at com.kms.katalon.core.main.CustomKeywordDelegatingMetaClass.invokeStaticMethod(CustomKeywordDelegatingMetaClass.java:50)
	at verifyCartIfNoItemsAvailable.run(verifyCartIfNoItemsAvailable:32)
	at com.kms.katalon.core.main.ScriptEngine.run(ScriptEngine.java:194)
	at com.kms.katalon.core.main.ScriptEngine.runScriptAsRawText(ScriptEngine.java:119)
	at com.kms.katalon.core.main.TestCaseExecutor.runScript(TestCaseExecutor.java:339)
	at com.kms.katalon.core.main.TestCaseExecutor.doExecute(TestCaseExecutor.java:330)
	at com.kms.katalon.core.main.TestCaseExecutor.processExecutionPhase(TestCaseExecutor.java:309)
	at com.kms.katalon.core.main.TestCaseExecutor.accessMainPhase(TestCaseExecutor.java:301)
	at com.kms.katalon.core.main.TestCaseExecutor.execute(TestCaseExecutor.java:235)
	at com.kms.katalon.core.main.TestSuiteExecutor.accessTestCaseMainPhase(TestSuiteExecutor.java:191)
	at com.kms.katalon.core.main.TestSuiteExecutor.accessTestSuiteMainPhase(TestSuiteExecutor.java:141)
	at com.kms.katalon.core.main.TestSuiteExecutor.execute(TestSuiteExecutor.java:90)
	at com.kms.katalon.core.main.TestCaseMain.startTestSuite(TestCaseMain.java:157)
	at com.kms.katalon.core.main.TestCaseMain$startTestSuite$0.call(Unknown Source)
	at TempTestSuite1610559105062.run(TempTestSuite1610559105062.groovy:39)]]></system-err>
      </testcase>
      <testcase name="Test Cases/JourneyPortal/verifyClickingOnBackButtonNavigatesBackToSectionPage" time="37.299" classname="Test Cases/JourneyPortal/verifyClickingOnBackButtonNavigatesBackToSectionPage" status="PASSED">
         <system-out><![CDATA[2021-01-13 12:59:48 - [TEST_CASE][PASSED] - Test Cases/JourneyPortal/verifyClickingOnBackButtonNavigatesBackToSectionPage: Test Cases/JourneyPortal/verifyClickingOnBackButtonNavigatesBackToSectionPage

2021-01-13 12:59:48 - [TEST_STEP][PASSED] - Start listener action : login: com.kms.katalon.core.webui.exception.WebElementNotFoundException: Web element with id: 'Object Repository/Login Credentials/Email' located by '//input[@name='email']' not found (Root cause: com.kms.katalon.core.exception.StepFailedException: com.kms.katalon.core.webui.exception.WebElementNotFoundException: Web element with id: 'Object Repository/Login Credentials/Email' located by '//input[@name='email']' not found
	at com.kms.katalon.core.webui.keyword.internal.WebUIKeywordMain.stepFailed(WebUIKeywordMain.groovy:64)
	at com.kms.katalon.core.webui.keyword.builtin.VerifyElementPresentKeyword$_verifyElementPresent_closure1.doCall(VerifyElementPresentKeyword.groovy:85)
	at com.kms.katalon.core.webui.keyword.builtin.VerifyElementPresentKeyword$_verifyElementPresent_closure1.call(VerifyElementPresentKeyword.groovy)
	at com.kms.katalon.core.webui.keyword.internal.WebUIKeywordMain.runKeyword(WebUIKeywordMain.groovy:20)
	at com.kms.katalon.core.webui.keyword.builtin.VerifyElementPresentKeyword.verifyElementPresent(VerifyElementPresentKeyword.groovy:92)
	at com.kms.katalon.core.webui.keyword.builtin.VerifyElementPresentKeyword.execute(VerifyElementPresentKeyword.groovy:68)
	at com.kms.katalon.core.keyword.internal.KeywordExecutor.executeKeywordForPlatform(KeywordExecutor.groovy:73)
	at com.kms.katalon.core.webui.keyword.WebUiBuiltInKeywords.verifyElementPresent(WebUiBuiltInKeywords.groovy:1445)
	at com.kms.katalon.core.webui.keyword.WebUiBuiltInKeywords$verifyElementPresent$2.call(Unknown Source)
	at login.LoginForAdminDevEnvironment.login(LoginForAdminDevEnvironment.groovy:18)
	at login.LoginForAdminDevEnvironment$login.call(Unknown Source)
	at Login.login(Login.groovy:37)
	at Login.invokeMethod(Login.groovy)
	at com.kms.katalon.core.context.internal.TestHooker.invokeMethod(TestHooker.java:111)
	at com.kms.katalon.core.context.internal.TestHooker.lambda$3(TestHooker.java:95)
	at com.kms.katalon.core.context.internal.TestHooker.invokeContextMethods(TestHooker.java:94)
	at com.kms.katalon.core.context.internal.TestListenerCollector.lambda$3(TestListenerCollector.java:88)
	at com.kms.katalon.core.context.internal.TestListenerCollector.handleListenerEvent(TestListenerCollector.java:85)
	at com.kms.katalon.core.context.internal.ExecutionEventManager.publicEvent(ExecutionEventManager.java:36)
	at com.kms.katalon.core.main.TestCaseExecutor.execute(TestCaseExecutor.java:221)
	at com.kms.katalon.core.main.TestSuiteExecutor.accessTestCaseMainPhase(TestSuiteExecutor.java:191)
	at com.kms.katalon.core.main.TestSuiteExecutor.accessTestSuiteMainPhase(TestSuiteExecutor.java:141)
	at com.kms.katalon.core.main.TestSuiteExecutor.execute(TestSuiteExecutor.java:90)
	at com.kms.katalon.core.main.TestCaseMain.startTestSuite(TestCaseMain.java:157)
	at com.kms.katalon.core.main.TestCaseMain$startTestSuite$0.call(Unknown Source)
	at TempTestSuite1610559105062.run(TempTestSuite1610559105062.groovy:39)
)

2021-01-13 12:59:48 - [TEST_STEP][PASSED] - Thread.sleep(3000): null

2021-01-13 12:59:51 - [TEST_STEP][PASSED] - url = getUrl(): Current window's url is: 'https://qualitlabs.dev.modist.co/section/521'

2021-01-13 12:59:51 - [MESSAGE][PASSED] - Current window's url is: 'https://qualitlabs.dev.modist.co/section/521'

2021-01-13 12:59:51 - [TEST_STEP][PASSED] - if (!(url.contains("dashboard"))): com.kms.katalon.core.webui.exception.WebElementNotFoundException: Web element with id: 'Object Repository/Login Credentials/Email' located by '//input[@name='email']' not found (Root cause: com.kms.katalon.core.exception.StepFailedException: com.kms.katalon.core.webui.exception.WebElementNotFoundException: Web element with id: 'Object Repository/Login Credentials/Email' located by '//input[@name='email']' not found
	at com.kms.katalon.core.webui.keyword.internal.WebUIKeywordMain.stepFailed(WebUIKeywordMain.groovy:64)
	at com.kms.katalon.core.webui.keyword.builtin.VerifyElementPresentKeyword$_verifyElementPresent_closure1.doCall(VerifyElementPresentKeyword.groovy:85)
	at com.kms.katalon.core.webui.keyword.builtin.VerifyElementPresentKeyword$_verifyElementPresent_closure1.call(VerifyElementPresentKeyword.groovy)
	at com.kms.katalon.core.webui.keyword.internal.WebUIKeywordMain.runKeyword(WebUIKeywordMain.groovy:20)
	at com.kms.katalon.core.webui.keyword.builtin.VerifyElementPresentKeyword.verifyElementPresent(VerifyElementPresentKeyword.groovy:92)
	at com.kms.katalon.core.webui.keyword.builtin.VerifyElementPresentKeyword.execute(VerifyElementPresentKeyword.groovy:68)
	at com.kms.katalon.core.keyword.internal.KeywordExecutor.executeKeywordForPlatform(KeywordExecutor.groovy:73)
	at com.kms.katalon.core.webui.keyword.WebUiBuiltInKeywords.verifyElementPresent(WebUiBuiltInKeywords.groovy:1445)
	at com.kms.katalon.core.webui.keyword.WebUiBuiltInKeywords$verifyElementPresent$2.call(Unknown Source)
	at login.LoginForAdminDevEnvironment.login(LoginForAdminDevEnvironment.groovy:18)
	at login.LoginForAdminDevEnvironment$login.call(Unknown Source)
	at Login.login(Login.groovy:37)
	at Login.invokeMethod(Login.groovy)
	at com.kms.katalon.core.context.internal.TestHooker.invokeMethod(TestHooker.java:111)
	at com.kms.katalon.core.context.internal.TestHooker.lambda$3(TestHooker.java:95)
	at com.kms.katalon.core.context.internal.TestHooker.invokeContextMethods(TestHooker.java:94)
	at com.kms.katalon.core.context.internal.TestListenerCollector.lambda$3(TestListenerCollector.java:88)
	at com.kms.katalon.core.context.internal.TestListenerCollector.handleListenerEvent(TestListenerCollector.java:85)
	at com.kms.katalon.core.context.internal.ExecutionEventManager.publicEvent(ExecutionEventManager.java:36)
	at com.kms.katalon.core.main.TestCaseExecutor.execute(TestCaseExecutor.java:221)
	at com.kms.katalon.core.main.TestSuiteExecutor.accessTestCaseMainPhase(TestSuiteExecutor.java:191)
	at com.kms.katalon.core.main.TestSuiteExecutor.accessTestSuiteMainPhase(TestSuiteExecutor.java:141)
	at com.kms.katalon.core.main.TestSuiteExecutor.execute(TestSuiteExecutor.java:90)
	at com.kms.katalon.core.main.TestCaseMain.startTestSuite(TestCaseMain.java:157)
	at com.kms.katalon.core.main.TestCaseMain$startTestSuite$0.call(Unknown Source)
	at TempTestSuite1610559105062.run(TempTestSuite1610559105062.groovy:39)
)

2021-01-13 12:59:51 - [TEST_STEP][PASSED] - navigateToUrl(Url): Navigate to 'https://dev-admin.modist.co/' successfully

2021-01-13 12:59:51 - [MESSAGE][PASSED] - Navigate to 'https://dev-admin.modist.co/' successfully

2021-01-13 12:59:51 - [TEST_STEP][PASSED] - loginPage.login(Email, Password): com.kms.katalon.core.webui.exception.WebElementNotFoundException: Web element with id: 'Object Repository/Login Credentials/Email' located by '//input[@name='email']' not found (Root cause: com.kms.katalon.core.exception.StepFailedException: com.kms.katalon.core.webui.exception.WebElementNotFoundException: Web element with id: 'Object Repository/Login Credentials/Email' located by '//input[@name='email']' not found
	at com.kms.katalon.core.webui.keyword.internal.WebUIKeywordMain.stepFailed(WebUIKeywordMain.groovy:64)
	at com.kms.katalon.core.webui.keyword.builtin.VerifyElementPresentKeyword$_verifyElementPresent_closure1.doCall(VerifyElementPresentKeyword.groovy:85)
	at com.kms.katalon.core.webui.keyword.builtin.VerifyElementPresentKeyword$_verifyElementPresent_closure1.call(VerifyElementPresentKeyword.groovy)
	at com.kms.katalon.core.webui.keyword.internal.WebUIKeywordMain.runKeyword(WebUIKeywordMain.groovy:20)
	at com.kms.katalon.core.webui.keyword.builtin.VerifyElementPresentKeyword.verifyElementPresent(VerifyElementPresentKeyword.groovy:92)
	at com.kms.katalon.core.webui.keyword.builtin.VerifyElementPresentKeyword.execute(VerifyElementPresentKeyword.groovy:68)
	at com.kms.katalon.core.keyword.internal.KeywordExecutor.executeKeywordForPlatform(KeywordExecutor.groovy:73)
	at com.kms.katalon.core.webui.keyword.WebUiBuiltInKeywords.verifyElementPresent(WebUiBuiltInKeywords.groovy:1445)
	at com.kms.katalon.core.webui.keyword.WebUiBuiltInKeywords$verifyElementPresent$2.call(Unknown Source)
	at login.LoginForAdminDevEnvironment.login(LoginForAdminDevEnvironment.groovy:18)
	at login.LoginForAdminDevEnvironment$login.call(Unknown Source)
	at Login.login(Login.groovy:37)
	at Login.invokeMethod(Login.groovy)
	at com.kms.katalon.core.context.internal.TestHooker.invokeMethod(TestHooker.java:111)
	at com.kms.katalon.core.context.internal.TestHooker.lambda$3(TestHooker.java:95)
	at com.kms.katalon.core.context.internal.TestHooker.invokeContextMethods(TestHooker.java:94)
	at com.kms.katalon.core.context.internal.TestListenerCollector.lambda$3(TestListenerCollector.java:88)
	at com.kms.katalon.core.context.internal.TestListenerCollector.handleListenerEvent(TestListenerCollector.java:85)
	at com.kms.katalon.core.context.internal.ExecutionEventManager.publicEvent(ExecutionEventManager.java:36)
	at com.kms.katalon.core.main.TestCaseExecutor.execute(TestCaseExecutor.java:221)
	at com.kms.katalon.core.main.TestSuiteExecutor.accessTestCaseMainPhase(TestSuiteExecutor.java:191)
	at com.kms.katalon.core.main.TestSuiteExecutor.accessTestSuiteMainPhase(TestSuiteExecutor.java:141)
	at com.kms.katalon.core.main.TestSuiteExecutor.execute(TestSuiteExecutor.java:90)
	at com.kms.katalon.core.main.TestCaseMain.startTestSuite(TestCaseMain.java:157)
	at com.kms.katalon.core.main.TestCaseMain$startTestSuite$0.call(Unknown Source)
	at TempTestSuite1610559105062.run(TempTestSuite1610559105062.groovy:39)
)

2021-01-13 12:59:56 - [MESSAGE][INFO] - Unable to find the element located by 'By.xpath: //input[@name='email']'. Please recheck the objects properties to make sure the desired element is located. 

2021-01-13 12:59:56 - [MESSAGE][WARNING] - com.kms.katalon.core.webui.exception.WebElementNotFoundException: Web element with id: 'Object Repository/Login Credentials/Email' located by '//input[@name='email']' not found (Root cause: com.kms.katalon.core.exception.StepFailedException: com.kms.katalon.core.webui.exception.WebElementNotFoundException: Web element with id: 'Object Repository/Login Credentials/Email' located by '//input[@name='email']' not found
	at com.kms.katalon.core.webui.keyword.internal.WebUIKeywordMain.stepFailed(WebUIKeywordMain.groovy:64)
	at com.kms.katalon.core.webui.keyword.builtin.VerifyElementPresentKeyword$_verifyElementPresent_closure1.doCall(VerifyElementPresentKeyword.groovy:85)
	at com.kms.katalon.core.webui.keyword.builtin.VerifyElementPresentKeyword$_verifyElementPresent_closure1.call(VerifyElementPresentKeyword.groovy)
	at com.kms.katalon.core.webui.keyword.internal.WebUIKeywordMain.runKeyword(WebUIKeywordMain.groovy:20)
	at com.kms.katalon.core.webui.keyword.builtin.VerifyElementPresentKeyword.verifyElementPresent(VerifyElementPresentKeyword.groovy:92)
	at com.kms.katalon.core.webui.keyword.builtin.VerifyElementPresentKeyword.execute(VerifyElementPresentKeyword.groovy:68)
	at com.kms.katalon.core.keyword.internal.KeywordExecutor.executeKeywordForPlatform(KeywordExecutor.groovy:73)
	at com.kms.katalon.core.webui.keyword.WebUiBuiltInKeywords.verifyElementPresent(WebUiBuiltInKeywords.groovy:1445)
	at com.kms.katalon.core.webui.keyword.WebUiBuiltInKeywords$verifyElementPresent$2.call(Unknown Source)
	at login.LoginForAdminDevEnvironment.login(LoginForAdminDevEnvironment.groovy:18)
	at login.LoginForAdminDevEnvironment$login.call(Unknown Source)
	at Login.login(Login.groovy:37)
	at Login.invokeMethod(Login.groovy)
	at com.kms.katalon.core.context.internal.TestHooker.invokeMethod(TestHooker.java:111)
	at com.kms.katalon.core.context.internal.TestHooker.lambda$3(TestHooker.java:95)
	at com.kms.katalon.core.context.internal.TestHooker.invokeContextMethods(TestHooker.java:94)
	at com.kms.katalon.core.context.internal.TestListenerCollector.lambda$3(TestListenerCollector.java:88)
	at com.kms.katalon.core.context.internal.TestListenerCollector.handleListenerEvent(TestListenerCollector.java:85)
	at com.kms.katalon.core.context.internal.ExecutionEventManager.publicEvent(ExecutionEventManager.java:36)
	at com.kms.katalon.core.main.TestCaseExecutor.execute(TestCaseExecutor.java:221)
	at com.kms.katalon.core.main.TestSuiteExecutor.accessTestCaseMainPhase(TestSuiteExecutor.java:191)
	at com.kms.katalon.core.main.TestSuiteExecutor.accessTestSuiteMainPhase(TestSuiteExecutor.java:141)
	at com.kms.katalon.core.main.TestSuiteExecutor.execute(TestSuiteExecutor.java:90)
	at com.kms.katalon.core.main.TestCaseMain.startTestSuite(TestCaseMain.java:157)
	at com.kms.katalon.core.main.TestCaseMain$startTestSuite$0.call(Unknown Source)
	at TempTestSuite1610559105062.run(TempTestSuite1610559105062.groovy:39)
)
[[ATTACHMENT|E:\\Modist\\ModistProject\\Reports\\20210113_123145\\AllTestCases\\20210113_123145\\1610560796767.png]]

2021-01-13 12:59:56 - [TEST_STEP][PASSED] - pages.Journey.clickOnJourneyTab(): pages.Journey.clickOnJourneyTab is PASSED

2021-01-13 12:59:57 - [MESSAGE][PASSED] - Object 'Object Repository/Journey/Journeytab' is present

2021-01-13 12:59:57 - [MESSAGE][PASSED] - Object 'Object Repository/Journey/Journeytab' is visible

2021-01-13 12:59:57 - [MESSAGE][PASSED] - Object 'Object Repository/Journey/Journeytab' is clickable

2021-01-13 12:59:58 - [MESSAGE][PASSED] - Object: 'Object Repository/Journey/Journeytab' is clicked on

2021-01-13 12:59:58 - [MESSAGE][PASSED] - pages.Journey.clickOnJourneyTab is PASSED

2021-01-13 12:59:58 - [TEST_STEP][PASSED] - journeyName = pages.Journey.getRandomJourneyName(): pages.Journey.getRandomJourneyName is PASSED

2021-01-13 12:59:58 - [MESSAGE][PASSED] - Object 'Object Repository/Journey/toGetJourneysCount' is present

2021-01-13 12:59:58 - [MESSAGE][PASSED] - Object 'Object Repository/Journey/toGetJourneysCount' is present

2021-01-13 12:59:59 - [MESSAGE][PASSED] - Text of object 'Object Repository/Journey/toPickrandomJourney(index)' is: 'DEMOJ'

2021-01-13 12:59:59 - [MESSAGE][PASSED] - pages.Journey.getRandomJourneyName is PASSED

2021-01-13 12:59:59 - [TEST_STEP][PASSED] - accessCode = pages.Journey.getExistingJourneyAccesscode(journeyName): pages.Journey.getExistingJourneyAccesscode is PASSED

2021-01-13 12:59:59 - [MESSAGE][PASSED] - Object 'Object Repository/Journey/journrySearchInput' is present

2021-01-13 12:59:59 - [MESSAGE][PASSED] - Object 'Object Repository/Journey/journrySearchInput' is visible

2021-01-13 13:00:00 - [MESSAGE][PASSED] - Object 'Object Repository/Journey/journrySearchInput' is clickable

2021-01-13 13:00:00 - [MESSAGE][PASSED] - Text of object 'Object Repository/Journey/journrySearchInput' is cleared

2021-01-13 13:00:00 - [MESSAGE][PASSED] - Keys '' sent to object: 'Object Repository/Journey/journrySearchInput'

2021-01-13 13:00:01 - [MESSAGE][PASSED] - Keys 'D' sent to object: 'Object Repository/Journey/journrySearchInput'

2021-01-13 13:00:01 - [MESSAGE][PASSED] - Keys 'E' sent to object: 'Object Repository/Journey/journrySearchInput'

2021-01-13 13:00:02 - [MESSAGE][PASSED] - Keys 'M' sent to object: 'Object Repository/Journey/journrySearchInput'

2021-01-13 13:00:02 - [MESSAGE][PASSED] - Keys 'O' sent to object: 'Object Repository/Journey/journrySearchInput'

2021-01-13 13:00:03 - [MESSAGE][PASSED] - Keys 'J' sent to object: 'Object Repository/Journey/journrySearchInput'

2021-01-13 13:00:04 - [MESSAGE][PASSED] - Object 'Object Repository/Journey/journrySearchInput' is present

2021-01-13 13:00:05 - [MESSAGE][PASSED] - Object 'Object Repository/Journey/journrySearchInput' is visible

2021-01-13 13:00:05 - [MESSAGE][PASSED] - Object 'Object Repository/Journey/journrySearchInput' is clickable

2021-01-13 13:00:05 - [MESSAGE][PASSED] - Text of object 'Object Repository/Journey/journrySearchInput' is cleared

2021-01-13 13:00:06 - [MESSAGE][PASSED] - Keys '' sent to object: 'Object Repository/Journey/journrySearchInput'

2021-01-13 13:00:07 - [MESSAGE][PASSED] - Keys 'D' sent to object: 'Object Repository/Journey/journrySearchInput'

2021-01-13 13:00:07 - [MESSAGE][PASSED] - Keys 'E' sent to object: 'Object Repository/Journey/journrySearchInput'

2021-01-13 13:00:08 - [MESSAGE][PASSED] - Keys 'M' sent to object: 'Object Repository/Journey/journrySearchInput'

2021-01-13 13:00:08 - [MESSAGE][PASSED] - Keys 'O' sent to object: 'Object Repository/Journey/journrySearchInput'

2021-01-13 13:00:09 - [MESSAGE][PASSED] - Keys 'J' sent to object: 'Object Repository/Journey/journrySearchInput'

2021-01-13 13:00:10 - [MESSAGE][PASSED] - Object 'Object Repository/Journey/clickVerifyingJourney(journeyName)' is present

2021-01-13 13:00:11 - [MESSAGE][PASSED] - Object 'Object Repository/Journey/clickVerifyingJourney(journeyName)' is visible

2021-01-13 13:00:11 - [MESSAGE][PASSED] - Object 'Object Repository/Journey/clickVerifyingJourney(journeyName)' is clickable

2021-01-13 13:00:11 - [MESSAGE][PASSED] - Object: 'Object Repository/Journey/clickVerifyingJourney(journeyName)' is clicked on

2021-01-13 13:00:12 - [MESSAGE][PASSED] - Scroll to object 'Object Repository/Journey/Current Access Codes/currentAccessCodeField' successfully

2021-01-13 13:00:13 - [MESSAGE][PASSED] - Object 'Object Repository/Journey/Current Access Codes/getAccessCodesCount' is present

2021-01-13 13:00:13 - [MESSAGE][PASSED] - Text of object 'Object Repository/Journey/Current Access Codes/getAccessCodeText(index)' is: 'access12'

2021-01-13 13:00:13 - [MESSAGE][PASSED] - pages.Journey.getExistingJourneyAccesscode is PASSED

2021-01-13 13:00:13 - [TEST_STEP][PASSED] - login.LoginForJourneyApplication.loginToJourneyApplication(): login.LoginForJourneyApplication.loginToJourneyApplication is PASSED

2021-01-13 13:00:13 - [MESSAGE][PASSED] - Navigate to 'https://qualitlabs.dev.modist.co/' successfully

2021-01-13 13:00:13 - [MESSAGE][PASSED] - login.LoginForJourneyApplication.loginToJourneyApplication is PASSED

2021-01-13 13:00:13 - [TEST_STEP][PASSED] - pages.Journey.enterAccessCodeInJourney(accessCode): pages.Journey.enterAccessCodeInJourney is PASSED

2021-01-13 13:00:14 - [MESSAGE][PASSED] - Object 'Object Repository/Journey/JourneyPortal/enterAccessCode' is present

2021-01-13 13:00:15 - [MESSAGE][PASSED] - Object 'Object Repository/Journey/JourneyPortal/enterAccessCode' is visible

2021-01-13 13:00:15 - [MESSAGE][PASSED] - Object 'Object Repository/Journey/JourneyPortal/enterAccessCode' is clickable

2021-01-13 13:00:15 - [MESSAGE][PASSED] - Text of object 'Object Repository/Journey/JourneyPortal/enterAccessCode' is cleared

2021-01-13 13:00:16 - [MESSAGE][PASSED] - Keys 'access12' sent to object: 'Object Repository/Journey/JourneyPortal/enterAccessCode'

2021-01-13 13:00:16 - [MESSAGE][PASSED] - pages.Journey.enterAccessCodeInJourney is PASSED

2021-01-13 13:00:16 - [TEST_STEP][PASSED] - pages.Journey.clickEnterButton(): pages.Journey.clickEnterButton is PASSED

2021-01-13 13:00:16 - [MESSAGE][PASSED] - Object 'Object Repository/Journey/JourneyPortal/EnterButton' is present

2021-01-13 13:00:16 - [MESSAGE][PASSED] - Object 'Object Repository/Journey/JourneyPortal/EnterButton' is visible

2021-01-13 13:00:17 - [MESSAGE][PASSED] - Object 'Object Repository/Journey/JourneyPortal/EnterButton' is clickable

2021-01-13 13:00:17 - [MESSAGE][PASSED] - Object: 'Object Repository/Journey/JourneyPortal/EnterButton' is clicked on

2021-01-13 13:00:17 - [MESSAGE][PASSED] - pages.Journey.clickEnterButton is PASSED

2021-01-13 13:00:17 - [TEST_STEP][PASSED] - pages.JourneyPortal.openExistingSection(): pages.JourneyPortal.openExistingSection is PASSED

2021-01-13 13:00:20 - [MESSAGE][PASSED] - Object 'Object Repository/Journey/JourneyPortal/Section/getSectionsCount' is present

2021-01-13 13:00:21 - [MESSAGE][PASSED] - Object 'Object Repository/Journey/JourneyPortal/Section/openSection(index)' is present

2021-01-13 13:00:21 - [MESSAGE][PASSED] - Object 'Object Repository/Journey/JourneyPortal/Section/openSection(index)' is visible

2021-01-13 13:00:21 - [MESSAGE][PASSED] - Object 'Object Repository/Journey/JourneyPortal/Section/openSection(index)' is clickable

2021-01-13 13:00:22 - [MESSAGE][PASSED] - Object: 'Object Repository/Journey/JourneyPortal/Section/openSection(index)' is clicked on

2021-01-13 13:00:22 - [MESSAGE][PASSED] - pages.JourneyPortal.openExistingSection is PASSED

2021-01-13 13:00:22 - [TEST_STEP][PASSED] - pages.JourneyPortal.clickBackButton(): pages.JourneyPortal.clickBackButton is PASSED

2021-01-13 13:00:23 - [MESSAGE][PASSED] - Object 'Object Repository/Journey/JourneyPortal/Product/bakcButton' is present

2021-01-13 13:00:23 - [MESSAGE][PASSED] - Object 'Object Repository/Journey/JourneyPortal/Product/bakcButton' is visible

2021-01-13 13:00:23 - [MESSAGE][PASSED] - Object 'Object Repository/Journey/JourneyPortal/Product/bakcButton' is clickable

2021-01-13 13:00:24 - [MESSAGE][PASSED] - Object: 'Object Repository/Journey/JourneyPortal/Product/bakcButton' is clicked on

2021-01-13 13:00:24 - [MESSAGE][PASSED] - pages.JourneyPortal.clickBackButton is PASSED

2021-01-13 13:00:24 - [TEST_STEP][PASSED] - pages.Journey.sectionPageVerification(): pages.Journey.sectionPageVerification is PASSED

2021-01-13 13:00:25 - [MESSAGE][PASSED] - Object 'Object Repository/Journey/JourneyPortal/Section/sectionPage' is present

2021-01-13 13:00:25 - [MESSAGE][PASSED] - pages.Journey.sectionPageVerification is PASSED]]></system-out>
         <system-err><![CDATA[]]></system-err>
      </testcase>
      <testcase name="Test Cases/JourneyPortal/verifyCloseButtonInJourneyPortalProductPopup" time="37.133" classname="Test Cases/JourneyPortal/verifyCloseButtonInJourneyPortalProductPopup" status="PASSED">
         <system-out><![CDATA[2021-01-13 13:00:25 - [TEST_CASE][PASSED] - Test Cases/JourneyPortal/verifyCloseButtonInJourneyPortalProductPopup: Test Cases/JourneyPortal/verifyCloseButtonInJourneyPortalProductPopup

2021-01-13 13:00:25 - [TEST_STEP][PASSED] - Start listener action : login: com.kms.katalon.core.webui.exception.WebElementNotFoundException: Web element with id: 'Object Repository/Login Credentials/Email' located by '//input[@name='email']' not found (Root cause: com.kms.katalon.core.exception.StepFailedException: com.kms.katalon.core.webui.exception.WebElementNotFoundException: Web element with id: 'Object Repository/Login Credentials/Email' located by '//input[@name='email']' not found
	at com.kms.katalon.core.webui.keyword.internal.WebUIKeywordMain.stepFailed(WebUIKeywordMain.groovy:64)
	at com.kms.katalon.core.webui.keyword.builtin.VerifyElementPresentKeyword$_verifyElementPresent_closure1.doCall(VerifyElementPresentKeyword.groovy:85)
	at com.kms.katalon.core.webui.keyword.builtin.VerifyElementPresentKeyword$_verifyElementPresent_closure1.call(VerifyElementPresentKeyword.groovy)
	at com.kms.katalon.core.webui.keyword.internal.WebUIKeywordMain.runKeyword(WebUIKeywordMain.groovy:20)
	at com.kms.katalon.core.webui.keyword.builtin.VerifyElementPresentKeyword.verifyElementPresent(VerifyElementPresentKeyword.groovy:92)
	at com.kms.katalon.core.webui.keyword.builtin.VerifyElementPresentKeyword.execute(VerifyElementPresentKeyword.groovy:68)
	at com.kms.katalon.core.keyword.internal.KeywordExecutor.executeKeywordForPlatform(KeywordExecutor.groovy:73)
	at com.kms.katalon.core.webui.keyword.WebUiBuiltInKeywords.verifyElementPresent(WebUiBuiltInKeywords.groovy:1445)
	at com.kms.katalon.core.webui.keyword.WebUiBuiltInKeywords$verifyElementPresent$2.call(Unknown Source)
	at login.LoginForAdminDevEnvironment.login(LoginForAdminDevEnvironment.groovy:18)
	at login.LoginForAdminDevEnvironment$login.call(Unknown Source)
	at Login.login(Login.groovy:37)
	at Login.invokeMethod(Login.groovy)
	at com.kms.katalon.core.context.internal.TestHooker.invokeMethod(TestHooker.java:111)
	at com.kms.katalon.core.context.internal.TestHooker.lambda$3(TestHooker.java:95)
	at com.kms.katalon.core.context.internal.TestHooker.invokeContextMethods(TestHooker.java:94)
	at com.kms.katalon.core.context.internal.TestListenerCollector.lambda$3(TestListenerCollector.java:88)
	at com.kms.katalon.core.context.internal.TestListenerCollector.handleListenerEvent(TestListenerCollector.java:85)
	at com.kms.katalon.core.context.internal.ExecutionEventManager.publicEvent(ExecutionEventManager.java:36)
	at com.kms.katalon.core.main.TestCaseExecutor.execute(TestCaseExecutor.java:221)
	at com.kms.katalon.core.main.TestSuiteExecutor.accessTestCaseMainPhase(TestSuiteExecutor.java:191)
	at com.kms.katalon.core.main.TestSuiteExecutor.accessTestSuiteMainPhase(TestSuiteExecutor.java:141)
	at com.kms.katalon.core.main.TestSuiteExecutor.execute(TestSuiteExecutor.java:90)
	at com.kms.katalon.core.main.TestCaseMain.startTestSuite(TestCaseMain.java:157)
	at com.kms.katalon.core.main.TestCaseMain$startTestSuite$0.call(Unknown Source)
	at TempTestSuite1610559105062.run(TempTestSuite1610559105062.groovy:39)
)

2021-01-13 13:00:25 - [TEST_STEP][PASSED] - Thread.sleep(3000): null

2021-01-13 13:00:28 - [TEST_STEP][PASSED] - url = getUrl(): Current window's url is: 'https://qualitlabs.dev.modist.co/section/521'

2021-01-13 13:00:28 - [MESSAGE][PASSED] - Current window's url is: 'https://qualitlabs.dev.modist.co/section/521'

2021-01-13 13:00:28 - [TEST_STEP][PASSED] - if (!(url.contains("dashboard"))): com.kms.katalon.core.webui.exception.WebElementNotFoundException: Web element with id: 'Object Repository/Login Credentials/Email' located by '//input[@name='email']' not found (Root cause: com.kms.katalon.core.exception.StepFailedException: com.kms.katalon.core.webui.exception.WebElementNotFoundException: Web element with id: 'Object Repository/Login Credentials/Email' located by '//input[@name='email']' not found
	at com.kms.katalon.core.webui.keyword.internal.WebUIKeywordMain.stepFailed(WebUIKeywordMain.groovy:64)
	at com.kms.katalon.core.webui.keyword.builtin.VerifyElementPresentKeyword$_verifyElementPresent_closure1.doCall(VerifyElementPresentKeyword.groovy:85)
	at com.kms.katalon.core.webui.keyword.builtin.VerifyElementPresentKeyword$_verifyElementPresent_closure1.call(VerifyElementPresentKeyword.groovy)
	at com.kms.katalon.core.webui.keyword.internal.WebUIKeywordMain.runKeyword(WebUIKeywordMain.groovy:20)
	at com.kms.katalon.core.webui.keyword.builtin.VerifyElementPresentKeyword.verifyElementPresent(VerifyElementPresentKeyword.groovy:92)
	at com.kms.katalon.core.webui.keyword.builtin.VerifyElementPresentKeyword.execute(VerifyElementPresentKeyword.groovy:68)
	at com.kms.katalon.core.keyword.internal.KeywordExecutor.executeKeywordForPlatform(KeywordExecutor.groovy:73)
	at com.kms.katalon.core.webui.keyword.WebUiBuiltInKeywords.verifyElementPresent(WebUiBuiltInKeywords.groovy:1445)
	at com.kms.katalon.core.webui.keyword.WebUiBuiltInKeywords$verifyElementPresent$2.call(Unknown Source)
	at login.LoginForAdminDevEnvironment.login(LoginForAdminDevEnvironment.groovy:18)
	at login.LoginForAdminDevEnvironment$login.call(Unknown Source)
	at Login.login(Login.groovy:37)
	at Login.invokeMethod(Login.groovy)
	at com.kms.katalon.core.context.internal.TestHooker.invokeMethod(TestHooker.java:111)
	at com.kms.katalon.core.context.internal.TestHooker.lambda$3(TestHooker.java:95)
	at com.kms.katalon.core.context.internal.TestHooker.invokeContextMethods(TestHooker.java:94)
	at com.kms.katalon.core.context.internal.TestListenerCollector.lambda$3(TestListenerCollector.java:88)
	at com.kms.katalon.core.context.internal.TestListenerCollector.handleListenerEvent(TestListenerCollector.java:85)
	at com.kms.katalon.core.context.internal.ExecutionEventManager.publicEvent(ExecutionEventManager.java:36)
	at com.kms.katalon.core.main.TestCaseExecutor.execute(TestCaseExecutor.java:221)
	at com.kms.katalon.core.main.TestSuiteExecutor.accessTestCaseMainPhase(TestSuiteExecutor.java:191)
	at com.kms.katalon.core.main.TestSuiteExecutor.accessTestSuiteMainPhase(TestSuiteExecutor.java:141)
	at com.kms.katalon.core.main.TestSuiteExecutor.execute(TestSuiteExecutor.java:90)
	at com.kms.katalon.core.main.TestCaseMain.startTestSuite(TestCaseMain.java:157)
	at com.kms.katalon.core.main.TestCaseMain$startTestSuite$0.call(Unknown Source)
	at TempTestSuite1610559105062.run(TempTestSuite1610559105062.groovy:39)
)

2021-01-13 13:00:28 - [TEST_STEP][PASSED] - navigateToUrl(Url): Navigate to 'https://dev-admin.modist.co/' successfully

2021-01-13 13:00:28 - [MESSAGE][PASSED] - Navigate to 'https://dev-admin.modist.co/' successfully

2021-01-13 13:00:28 - [TEST_STEP][PASSED] - loginPage.login(Email, Password): com.kms.katalon.core.webui.exception.WebElementNotFoundException: Web element with id: 'Object Repository/Login Credentials/Email' located by '//input[@name='email']' not found (Root cause: com.kms.katalon.core.exception.StepFailedException: com.kms.katalon.core.webui.exception.WebElementNotFoundException: Web element with id: 'Object Repository/Login Credentials/Email' located by '//input[@name='email']' not found
	at com.kms.katalon.core.webui.keyword.internal.WebUIKeywordMain.stepFailed(WebUIKeywordMain.groovy:64)
	at com.kms.katalon.core.webui.keyword.builtin.VerifyElementPresentKeyword$_verifyElementPresent_closure1.doCall(VerifyElementPresentKeyword.groovy:85)
	at com.kms.katalon.core.webui.keyword.builtin.VerifyElementPresentKeyword$_verifyElementPresent_closure1.call(VerifyElementPresentKeyword.groovy)
	at com.kms.katalon.core.webui.keyword.internal.WebUIKeywordMain.runKeyword(WebUIKeywordMain.groovy:20)
	at com.kms.katalon.core.webui.keyword.builtin.VerifyElementPresentKeyword.verifyElementPresent(VerifyElementPresentKeyword.groovy:92)
	at com.kms.katalon.core.webui.keyword.builtin.VerifyElementPresentKeyword.execute(VerifyElementPresentKeyword.groovy:68)
	at com.kms.katalon.core.keyword.internal.KeywordExecutor.executeKeywordForPlatform(KeywordExecutor.groovy:73)
	at com.kms.katalon.core.webui.keyword.WebUiBuiltInKeywords.verifyElementPresent(WebUiBuiltInKeywords.groovy:1445)
	at com.kms.katalon.core.webui.keyword.WebUiBuiltInKeywords$verifyElementPresent$2.call(Unknown Source)
	at login.LoginForAdminDevEnvironment.login(LoginForAdminDevEnvironment.groovy:18)
	at login.LoginForAdminDevEnvironment$login.call(Unknown Source)
	at Login.login(Login.groovy:37)
	at Login.invokeMethod(Login.groovy)
	at com.kms.katalon.core.context.internal.TestHooker.invokeMethod(TestHooker.java:111)
	at com.kms.katalon.core.context.internal.TestHooker.lambda$3(TestHooker.java:95)
	at com.kms.katalon.core.context.internal.TestHooker.invokeContextMethods(TestHooker.java:94)
	at com.kms.katalon.core.context.internal.TestListenerCollector.lambda$3(TestListenerCollector.java:88)
	at com.kms.katalon.core.context.internal.TestListenerCollector.handleListenerEvent(TestListenerCollector.java:85)
	at com.kms.katalon.core.context.internal.ExecutionEventManager.publicEvent(ExecutionEventManager.java:36)
	at com.kms.katalon.core.main.TestCaseExecutor.execute(TestCaseExecutor.java:221)
	at com.kms.katalon.core.main.TestSuiteExecutor.accessTestCaseMainPhase(TestSuiteExecutor.java:191)
	at com.kms.katalon.core.main.TestSuiteExecutor.accessTestSuiteMainPhase(TestSuiteExecutor.java:141)
	at com.kms.katalon.core.main.TestSuiteExecutor.execute(TestSuiteExecutor.java:90)
	at com.kms.katalon.core.main.TestCaseMain.startTestSuite(TestCaseMain.java:157)
	at com.kms.katalon.core.main.TestCaseMain$startTestSuite$0.call(Unknown Source)
	at TempTestSuite1610559105062.run(TempTestSuite1610559105062.groovy:39)
)

2021-01-13 13:00:34 - [MESSAGE][INFO] - Unable to find the element located by 'By.xpath: //input[@name='email']'. Please recheck the objects properties to make sure the desired element is located. 

2021-01-13 13:00:34 - [MESSAGE][WARNING] - com.kms.katalon.core.webui.exception.WebElementNotFoundException: Web element with id: 'Object Repository/Login Credentials/Email' located by '//input[@name='email']' not found (Root cause: com.kms.katalon.core.exception.StepFailedException: com.kms.katalon.core.webui.exception.WebElementNotFoundException: Web element with id: 'Object Repository/Login Credentials/Email' located by '//input[@name='email']' not found
	at com.kms.katalon.core.webui.keyword.internal.WebUIKeywordMain.stepFailed(WebUIKeywordMain.groovy:64)
	at com.kms.katalon.core.webui.keyword.builtin.VerifyElementPresentKeyword$_verifyElementPresent_closure1.doCall(VerifyElementPresentKeyword.groovy:85)
	at com.kms.katalon.core.webui.keyword.builtin.VerifyElementPresentKeyword$_verifyElementPresent_closure1.call(VerifyElementPresentKeyword.groovy)
	at com.kms.katalon.core.webui.keyword.internal.WebUIKeywordMain.runKeyword(WebUIKeywordMain.groovy:20)
	at com.kms.katalon.core.webui.keyword.builtin.VerifyElementPresentKeyword.verifyElementPresent(VerifyElementPresentKeyword.groovy:92)
	at com.kms.katalon.core.webui.keyword.builtin.VerifyElementPresentKeyword.execute(VerifyElementPresentKeyword.groovy:68)
	at com.kms.katalon.core.keyword.internal.KeywordExecutor.executeKeywordForPlatform(KeywordExecutor.groovy:73)
	at com.kms.katalon.core.webui.keyword.WebUiBuiltInKeywords.verifyElementPresent(WebUiBuiltInKeywords.groovy:1445)
	at com.kms.katalon.core.webui.keyword.WebUiBuiltInKeywords$verifyElementPresent$2.call(Unknown Source)
	at login.LoginForAdminDevEnvironment.login(LoginForAdminDevEnvironment.groovy:18)
	at login.LoginForAdminDevEnvironment$login.call(Unknown Source)
	at Login.login(Login.groovy:37)
	at Login.invokeMethod(Login.groovy)
	at com.kms.katalon.core.context.internal.TestHooker.invokeMethod(TestHooker.java:111)
	at com.kms.katalon.core.context.internal.TestHooker.lambda$3(TestHooker.java:95)
	at com.kms.katalon.core.context.internal.TestHooker.invokeContextMethods(TestHooker.java:94)
	at com.kms.katalon.core.context.internal.TestListenerCollector.lambda$3(TestListenerCollector.java:88)
	at com.kms.katalon.core.context.internal.TestListenerCollector.handleListenerEvent(TestListenerCollector.java:85)
	at com.kms.katalon.core.context.internal.ExecutionEventManager.publicEvent(ExecutionEventManager.java:36)
	at com.kms.katalon.core.main.TestCaseExecutor.execute(TestCaseExecutor.java:221)
	at com.kms.katalon.core.main.TestSuiteExecutor.accessTestCaseMainPhase(TestSuiteExecutor.java:191)
	at com.kms.katalon.core.main.TestSuiteExecutor.accessTestSuiteMainPhase(TestSuiteExecutor.java:141)
	at com.kms.katalon.core.main.TestSuiteExecutor.execute(TestSuiteExecutor.java:90)
	at com.kms.katalon.core.main.TestCaseMain.startTestSuite(TestCaseMain.java:157)
	at com.kms.katalon.core.main.TestCaseMain$startTestSuite$0.call(Unknown Source)
	at TempTestSuite1610559105062.run(TempTestSuite1610559105062.groovy:39)
)
[[ATTACHMENT|E:\\Modist\\ModistProject\\Reports\\20210113_123145\\AllTestCases\\20210113_123145\\1610560834003.png]]

2021-01-13 13:00:34 - [TEST_STEP][PASSED] - pages.Journey.clickOnJourneyTab(): pages.Journey.clickOnJourneyTab is PASSED

2021-01-13 13:00:34 - [MESSAGE][PASSED] - Object 'Object Repository/Journey/Journeytab' is present

2021-01-13 13:00:35 - [MESSAGE][PASSED] - Object 'Object Repository/Journey/Journeytab' is visible

2021-01-13 13:00:35 - [MESSAGE][PASSED] - Object 'Object Repository/Journey/Journeytab' is clickable

2021-01-13 13:00:35 - [MESSAGE][PASSED] - Object: 'Object Repository/Journey/Journeytab' is clicked on

2021-01-13 13:00:35 - [MESSAGE][PASSED] - pages.Journey.clickOnJourneyTab is PASSED

2021-01-13 13:00:35 - [TEST_STEP][PASSED] - journeyName = pages.Journey.getRandomJourneyName(): pages.Journey.getRandomJourneyName is PASSED

2021-01-13 13:00:36 - [MESSAGE][PASSED] - Object 'Object Repository/Journey/toGetJourneysCount' is present

2021-01-13 13:00:36 - [MESSAGE][PASSED] - Object 'Object Repository/Journey/toGetJourneysCount' is present

2021-01-13 13:00:37 - [MESSAGE][PASSED] - Text of object 'Object Repository/Journey/toPickrandomJourney(index)' is: 'KJO'

2021-01-13 13:00:37 - [MESSAGE][PASSED] - pages.Journey.getRandomJourneyName is PASSED

2021-01-13 13:00:37 - [TEST_STEP][PASSED] - accessCode = pages.Journey.getExistingJourneyAccesscode(journeyName): pages.Journey.getExistingJourneyAccesscode is PASSED

2021-01-13 13:00:37 - [MESSAGE][PASSED] - Object 'Object Repository/Journey/journrySearchInput' is present

2021-01-13 13:00:37 - [MESSAGE][PASSED] - Object 'Object Repository/Journey/journrySearchInput' is visible

2021-01-13 13:00:37 - [MESSAGE][PASSED] - Object 'Object Repository/Journey/journrySearchInput' is clickable

2021-01-13 13:00:38 - [MESSAGE][PASSED] - Text of object 'Object Repository/Journey/journrySearchInput' is cleared

2021-01-13 13:00:38 - [MESSAGE][PASSED] - Keys '' sent to object: 'Object Repository/Journey/journrySearchInput'

2021-01-13 13:00:38 - [MESSAGE][PASSED] - Keys 'K' sent to object: 'Object Repository/Journey/journrySearchInput'

2021-01-13 13:00:39 - [MESSAGE][PASSED] - Keys 'J' sent to object: 'Object Repository/Journey/journrySearchInput'

2021-01-13 13:00:40 - [MESSAGE][PASSED] - Keys 'O' sent to object: 'Object Repository/Journey/journrySearchInput'

2021-01-13 13:00:40 - [MESSAGE][PASSED] - Object 'Object Repository/Journey/journrySearchInput' is present

2021-01-13 13:00:40 - [MESSAGE][PASSED] - Object 'Object Repository/Journey/journrySearchInput' is visible

2021-01-13 13:00:41 - [MESSAGE][PASSED] - Object 'Object Repository/Journey/journrySearchInput' is clickable

2021-01-13 13:00:41 - [MESSAGE][PASSED] - Text of object 'Object Repository/Journey/journrySearchInput' is cleared

2021-01-13 13:00:42 - [MESSAGE][PASSED] - Keys '' sent to object: 'Object Repository/Journey/journrySearchInput'

2021-01-13 13:00:43 - [MESSAGE][PASSED] - Keys 'K' sent to object: 'Object Repository/Journey/journrySearchInput'

2021-01-13 13:00:44 - [MESSAGE][PASSED] - Keys 'J' sent to object: 'Object Repository/Journey/journrySearchInput'

2021-01-13 13:00:44 - [MESSAGE][PASSED] - Keys 'O' sent to object: 'Object Repository/Journey/journrySearchInput'

2021-01-13 13:00:45 - [MESSAGE][PASSED] - Object 'Object Repository/Journey/clickVerifyingJourney(journeyName)' is present

2021-01-13 13:00:45 - [MESSAGE][PASSED] - Object 'Object Repository/Journey/clickVerifyingJourney(journeyName)' is visible

2021-01-13 13:00:45 - [MESSAGE][PASSED] - Object 'Object Repository/Journey/clickVerifyingJourney(journeyName)' is clickable

2021-01-13 13:00:46 - [MESSAGE][PASSED] - Object: 'Object Repository/Journey/clickVerifyingJourney(journeyName)' is clicked on

2021-01-13 13:00:46 - [MESSAGE][PASSED] - Scroll to object 'Object Repository/Journey/Current Access Codes/currentAccessCodeField' successfully

2021-01-13 13:00:48 - [MESSAGE][PASSED] - Object 'Object Repository/Journey/Current Access Codes/getAccessCodesCount' is present

2021-01-13 13:00:48 - [MESSAGE][PASSED] - Text of object 'Object Repository/Journey/Current Access Codes/getAccessCodeText(index)' is: 'access9'

2021-01-13 13:00:48 - [MESSAGE][PASSED] - pages.Journey.getExistingJourneyAccesscode is PASSED

2021-01-13 13:00:48 - [TEST_STEP][PASSED] - login.LoginForJourneyApplication.loginToJourneyApplication(): login.LoginForJourneyApplication.loginToJourneyApplication is PASSED

2021-01-13 13:00:49 - [MESSAGE][PASSED] - Navigate to 'https://qualitlabs.dev.modist.co/' successfully

2021-01-13 13:00:49 - [MESSAGE][PASSED] - login.LoginForJourneyApplication.loginToJourneyApplication is PASSED

2021-01-13 13:00:49 - [TEST_STEP][PASSED] - pages.Journey.enterAccessCodeInJourney(accessCode): pages.Journey.enterAccessCodeInJourney is PASSED

2021-01-13 13:00:49 - [MESSAGE][PASSED] - Object 'Object Repository/Journey/JourneyPortal/enterAccessCode' is present

2021-01-13 13:00:49 - [MESSAGE][PASSED] - Object 'Object Repository/Journey/JourneyPortal/enterAccessCode' is visible

2021-01-13 13:00:50 - [MESSAGE][PASSED] - Object 'Object Repository/Journey/JourneyPortal/enterAccessCode' is clickable

2021-01-13 13:00:50 - [MESSAGE][PASSED] - Text of object 'Object Repository/Journey/JourneyPortal/enterAccessCode' is cleared

2021-01-13 13:00:50 - [MESSAGE][PASSED] - Keys 'access9' sent to object: 'Object Repository/Journey/JourneyPortal/enterAccessCode'

2021-01-13 13:00:50 - [MESSAGE][PASSED] - pages.Journey.enterAccessCodeInJourney is PASSED

2021-01-13 13:00:50 - [TEST_STEP][PASSED] - pages.Journey.clickEnterButton(): pages.Journey.clickEnterButton is PASSED

2021-01-13 13:00:51 - [MESSAGE][PASSED] - Object 'Object Repository/Journey/JourneyPortal/EnterButton' is present

2021-01-13 13:00:51 - [MESSAGE][PASSED] - Object 'Object Repository/Journey/JourneyPortal/EnterButton' is visible

2021-01-13 13:00:51 - [MESSAGE][PASSED] - Object 'Object Repository/Journey/JourneyPortal/EnterButton' is clickable

2021-01-13 13:00:52 - [MESSAGE][PASSED] - Object: 'Object Repository/Journey/JourneyPortal/EnterButton' is clicked on

2021-01-13 13:00:52 - [MESSAGE][PASSED] - pages.Journey.clickEnterButton is PASSED

2021-01-13 13:00:52 - [TEST_STEP][PASSED] - pages.JourneyPortal.openExistingSection(): pages.JourneyPortal.openExistingSection is PASSED

2021-01-13 13:00:54 - [MESSAGE][PASSED] - Object 'Object Repository/Journey/JourneyPortal/Section/getSectionsCount' is present

2021-01-13 13:00:55 - [MESSAGE][PASSED] - Object 'Object Repository/Journey/JourneyPortal/Section/openSection(index)' is present

2021-01-13 13:00:55 - [MESSAGE][PASSED] - Object 'Object Repository/Journey/JourneyPortal/Section/openSection(index)' is visible

2021-01-13 13:00:55 - [MESSAGE][PASSED] - Object 'Object Repository/Journey/JourneyPortal/Section/openSection(index)' is clickable

2021-01-13 13:00:56 - [MESSAGE][PASSED] - Object: 'Object Repository/Journey/JourneyPortal/Section/openSection(index)' is clicked on

2021-01-13 13:00:56 - [MESSAGE][PASSED] - pages.JourneyPortal.openExistingSection is PASSED

2021-01-13 13:00:56 - [TEST_STEP][PASSED] - pages.JourneyPortal.openAnyProductInTheJourneyPortal(): pages.JourneyPortal.openAnyProductInTheJourneyPortal is PASSED

2021-01-13 13:00:57 - [MESSAGE][PASSED] - Object 'Object Repository/Journey/JourneyPortal/Product/toGetProductsCountInTheCart' is present

2021-01-13 13:00:58 - [MESSAGE][PASSED] - Scroll to object 'Object Repository/Journey/JourneyPortal/Product/openAnyProduct(index)' successfully

2021-01-13 13:00:58 - [MESSAGE][PASSED] - Object 'Object Repository/Journey/JourneyPortal/Product/openAnyProduct(index)' is present

2021-01-13 13:00:58 - [MESSAGE][PASSED] - Object 'Object Repository/Journey/JourneyPortal/Product/openAnyProduct(index)' is visible

2021-01-13 13:00:59 - [MESSAGE][PASSED] - Object 'Object Repository/Journey/JourneyPortal/Product/openAnyProduct(index)' is clickable

2021-01-13 13:00:59 - [MESSAGE][PASSED] - Object: 'Object Repository/Journey/JourneyPortal/Product/openAnyProduct(index)' is clicked on

2021-01-13 13:00:59 - [MESSAGE][PASSED] - pages.JourneyPortal.openAnyProductInTheJourneyPortal is PASSED

2021-01-13 13:00:59 - [TEST_STEP][PASSED] - pages.JourneyPortal.verifyCloseButton(): pages.JourneyPortal.verifyCloseButton is PASSED

2021-01-13 13:01:00 - [MESSAGE][PASSED] - Object 'Object Repository/Journey/JourneyPortal/Product/closeButton' is present

2021-01-13 13:01:00 - [MESSAGE][PASSED] - pages.JourneyPortal.verifyCloseButton is PASSED

2021-01-13 13:01:00 - [TEST_STEP][PASSED] - pages.JourneyPortal.clickCloseButtonOnJourneyPortalProductPopup(): pages.JourneyPortal.clickCloseButtonOnJourneyPortalProductPopup is PASSED

2021-01-13 13:01:00 - [MESSAGE][PASSED] - Object 'Object Repository/Journey/JourneyPortal/Product/closeButton' is present

2021-01-13 13:01:01 - [MESSAGE][PASSED] - Object 'Object Repository/Journey/JourneyPortal/Product/closeButton' is visible

2021-01-13 13:01:01 - [MESSAGE][PASSED] - Object 'Object Repository/Journey/JourneyPortal/Product/closeButton' is clickable

2021-01-13 13:01:02 - [MESSAGE][PASSED] - Object: 'Object Repository/Journey/JourneyPortal/Product/closeButton' is clicked on

2021-01-13 13:01:02 - [MESSAGE][PASSED] - pages.JourneyPortal.clickCloseButtonOnJourneyPortalProductPopup is PASSED

2021-01-13 13:01:02 - [TEST_STEP][PASSED] - pages.JourneyPortal.productPageCheck(): pages.JourneyPortal.productPageCheck is PASSED

2021-01-13 13:01:02 - [MESSAGE][PASSED] - Object 'Object Repository/Journey/JourneyPortal/Product/productPage' is present

2021-01-13 13:01:02 - [MESSAGE][PASSED] - pages.JourneyPortal.productPageCheck is PASSED]]></system-out>
         <system-err><![CDATA[]]></system-err>
      </testcase>
      <testcase name="Test Cases/JourneyPortal/verifyElementsInJourneyPotalProductPopup" time="39.779" classname="Test Cases/JourneyPortal/verifyElementsInJourneyPotalProductPopup" status="PASSED">
         <system-out><![CDATA[2021-01-13 13:01:02 - [TEST_CASE][PASSED] - Test Cases/JourneyPortal/verifyElementsInJourneyPotalProductPopup: Test Cases/JourneyPortal/verifyElementsInJourneyPotalProductPopup

2021-01-13 13:01:02 - [TEST_STEP][PASSED] - Start listener action : login: com.kms.katalon.core.webui.exception.WebElementNotFoundException: Web element with id: 'Object Repository/Login Credentials/Email' located by '//input[@name='email']' not found (Root cause: com.kms.katalon.core.exception.StepFailedException: com.kms.katalon.core.webui.exception.WebElementNotFoundException: Web element with id: 'Object Repository/Login Credentials/Email' located by '//input[@name='email']' not found
	at com.kms.katalon.core.webui.keyword.internal.WebUIKeywordMain.stepFailed(WebUIKeywordMain.groovy:64)
	at com.kms.katalon.core.webui.keyword.builtin.VerifyElementPresentKeyword$_verifyElementPresent_closure1.doCall(VerifyElementPresentKeyword.groovy:85)
	at com.kms.katalon.core.webui.keyword.builtin.VerifyElementPresentKeyword$_verifyElementPresent_closure1.call(VerifyElementPresentKeyword.groovy)
	at com.kms.katalon.core.webui.keyword.internal.WebUIKeywordMain.runKeyword(WebUIKeywordMain.groovy:20)
	at com.kms.katalon.core.webui.keyword.builtin.VerifyElementPresentKeyword.verifyElementPresent(VerifyElementPresentKeyword.groovy:92)
	at com.kms.katalon.core.webui.keyword.builtin.VerifyElementPresentKeyword.execute(VerifyElementPresentKeyword.groovy:68)
	at com.kms.katalon.core.keyword.internal.KeywordExecutor.executeKeywordForPlatform(KeywordExecutor.groovy:73)
	at com.kms.katalon.core.webui.keyword.WebUiBuiltInKeywords.verifyElementPresent(WebUiBuiltInKeywords.groovy:1445)
	at com.kms.katalon.core.webui.keyword.WebUiBuiltInKeywords$verifyElementPresent$2.call(Unknown Source)
	at login.LoginForAdminDevEnvironment.login(LoginForAdminDevEnvironment.groovy:18)
	at login.LoginForAdminDevEnvironment$login.call(Unknown Source)
	at Login.login(Login.groovy:37)
	at Login.invokeMethod(Login.groovy)
	at com.kms.katalon.core.context.internal.TestHooker.invokeMethod(TestHooker.java:111)
	at com.kms.katalon.core.context.internal.TestHooker.lambda$3(TestHooker.java:95)
	at com.kms.katalon.core.context.internal.TestHooker.invokeContextMethods(TestHooker.java:94)
	at com.kms.katalon.core.context.internal.TestListenerCollector.lambda$3(TestListenerCollector.java:88)
	at com.kms.katalon.core.context.internal.TestListenerCollector.handleListenerEvent(TestListenerCollector.java:85)
	at com.kms.katalon.core.context.internal.ExecutionEventManager.publicEvent(ExecutionEventManager.java:36)
	at com.kms.katalon.core.main.TestCaseExecutor.execute(TestCaseExecutor.java:221)
	at com.kms.katalon.core.main.TestSuiteExecutor.accessTestCaseMainPhase(TestSuiteExecutor.java:191)
	at com.kms.katalon.core.main.TestSuiteExecutor.accessTestSuiteMainPhase(TestSuiteExecutor.java:141)
	at com.kms.katalon.core.main.TestSuiteExecutor.execute(TestSuiteExecutor.java:90)
	at com.kms.katalon.core.main.TestCaseMain.startTestSuite(TestCaseMain.java:157)
	at com.kms.katalon.core.main.TestCaseMain$startTestSuite$0.call(Unknown Source)
	at TempTestSuite1610559105062.run(TempTestSuite1610559105062.groovy:39)
)

2021-01-13 13:01:02 - [TEST_STEP][PASSED] - Thread.sleep(3000): null

2021-01-13 13:01:05 - [TEST_STEP][PASSED] - url = getUrl(): Current window's url is: 'https://qualitlabs.dev.modist.co/products/515'

2021-01-13 13:01:05 - [MESSAGE][PASSED] - Current window's url is: 'https://qualitlabs.dev.modist.co/products/515'

2021-01-13 13:01:05 - [TEST_STEP][PASSED] - if (!(url.contains("dashboard"))): com.kms.katalon.core.webui.exception.WebElementNotFoundException: Web element with id: 'Object Repository/Login Credentials/Email' located by '//input[@name='email']' not found (Root cause: com.kms.katalon.core.exception.StepFailedException: com.kms.katalon.core.webui.exception.WebElementNotFoundException: Web element with id: 'Object Repository/Login Credentials/Email' located by '//input[@name='email']' not found
	at com.kms.katalon.core.webui.keyword.internal.WebUIKeywordMain.stepFailed(WebUIKeywordMain.groovy:64)
	at com.kms.katalon.core.webui.keyword.builtin.VerifyElementPresentKeyword$_verifyElementPresent_closure1.doCall(VerifyElementPresentKeyword.groovy:85)
	at com.kms.katalon.core.webui.keyword.builtin.VerifyElementPresentKeyword$_verifyElementPresent_closure1.call(VerifyElementPresentKeyword.groovy)
	at com.kms.katalon.core.webui.keyword.internal.WebUIKeywordMain.runKeyword(WebUIKeywordMain.groovy:20)
	at com.kms.katalon.core.webui.keyword.builtin.VerifyElementPresentKeyword.verifyElementPresent(VerifyElementPresentKeyword.groovy:92)
	at com.kms.katalon.core.webui.keyword.builtin.VerifyElementPresentKeyword.execute(VerifyElementPresentKeyword.groovy:68)
	at com.kms.katalon.core.keyword.internal.KeywordExecutor.executeKeywordForPlatform(KeywordExecutor.groovy:73)
	at com.kms.katalon.core.webui.keyword.WebUiBuiltInKeywords.verifyElementPresent(WebUiBuiltInKeywords.groovy:1445)
	at com.kms.katalon.core.webui.keyword.WebUiBuiltInKeywords$verifyElementPresent$2.call(Unknown Source)
	at login.LoginForAdminDevEnvironment.login(LoginForAdminDevEnvironment.groovy:18)
	at login.LoginForAdminDevEnvironment$login.call(Unknown Source)
	at Login.login(Login.groovy:37)
	at Login.invokeMethod(Login.groovy)
	at com.kms.katalon.core.context.internal.TestHooker.invokeMethod(TestHooker.java:111)
	at com.kms.katalon.core.context.internal.TestHooker.lambda$3(TestHooker.java:95)
	at com.kms.katalon.core.context.internal.TestHooker.invokeContextMethods(TestHooker.java:94)
	at com.kms.katalon.core.context.internal.TestListenerCollector.lambda$3(TestListenerCollector.java:88)
	at com.kms.katalon.core.context.internal.TestListenerCollector.handleListenerEvent(TestListenerCollector.java:85)
	at com.kms.katalon.core.context.internal.ExecutionEventManager.publicEvent(ExecutionEventManager.java:36)
	at com.kms.katalon.core.main.TestCaseExecutor.execute(TestCaseExecutor.java:221)
	at com.kms.katalon.core.main.TestSuiteExecutor.accessTestCaseMainPhase(TestSuiteExecutor.java:191)
	at com.kms.katalon.core.main.TestSuiteExecutor.accessTestSuiteMainPhase(TestSuiteExecutor.java:141)
	at com.kms.katalon.core.main.TestSuiteExecutor.execute(TestSuiteExecutor.java:90)
	at com.kms.katalon.core.main.TestCaseMain.startTestSuite(TestCaseMain.java:157)
	at com.kms.katalon.core.main.TestCaseMain$startTestSuite$0.call(Unknown Source)
	at TempTestSuite1610559105062.run(TempTestSuite1610559105062.groovy:39)
)

2021-01-13 13:01:05 - [TEST_STEP][PASSED] - navigateToUrl(Url): Navigate to 'https://dev-admin.modist.co/' successfully

2021-01-13 13:01:06 - [MESSAGE][PASSED] - Navigate to 'https://dev-admin.modist.co/' successfully

2021-01-13 13:01:06 - [TEST_STEP][PASSED] - loginPage.login(Email, Password): com.kms.katalon.core.webui.exception.WebElementNotFoundException: Web element with id: 'Object Repository/Login Credentials/Email' located by '//input[@name='email']' not found (Root cause: com.kms.katalon.core.exception.StepFailedException: com.kms.katalon.core.webui.exception.WebElementNotFoundException: Web element with id: 'Object Repository/Login Credentials/Email' located by '//input[@name='email']' not found
	at com.kms.katalon.core.webui.keyword.internal.WebUIKeywordMain.stepFailed(WebUIKeywordMain.groovy:64)
	at com.kms.katalon.core.webui.keyword.builtin.VerifyElementPresentKeyword$_verifyElementPresent_closure1.doCall(VerifyElementPresentKeyword.groovy:85)
	at com.kms.katalon.core.webui.keyword.builtin.VerifyElementPresentKeyword$_verifyElementPresent_closure1.call(VerifyElementPresentKeyword.groovy)
	at com.kms.katalon.core.webui.keyword.internal.WebUIKeywordMain.runKeyword(WebUIKeywordMain.groovy:20)
	at com.kms.katalon.core.webui.keyword.builtin.VerifyElementPresentKeyword.verifyElementPresent(VerifyElementPresentKeyword.groovy:92)
	at com.kms.katalon.core.webui.keyword.builtin.VerifyElementPresentKeyword.execute(VerifyElementPresentKeyword.groovy:68)
	at com.kms.katalon.core.keyword.internal.KeywordExecutor.executeKeywordForPlatform(KeywordExecutor.groovy:73)
	at com.kms.katalon.core.webui.keyword.WebUiBuiltInKeywords.verifyElementPresent(WebUiBuiltInKeywords.groovy:1445)
	at com.kms.katalon.core.webui.keyword.WebUiBuiltInKeywords$verifyElementPresent$2.call(Unknown Source)
	at login.LoginForAdminDevEnvironment.login(LoginForAdminDevEnvironment.groovy:18)
	at login.LoginForAdminDevEnvironment$login.call(Unknown Source)
	at Login.login(Login.groovy:37)
	at Login.invokeMethod(Login.groovy)
	at com.kms.katalon.core.context.internal.TestHooker.invokeMethod(TestHooker.java:111)
	at com.kms.katalon.core.context.internal.TestHooker.lambda$3(TestHooker.java:95)
	at com.kms.katalon.core.context.internal.TestHooker.invokeContextMethods(TestHooker.java:94)
	at com.kms.katalon.core.context.internal.TestListenerCollector.lambda$3(TestListenerCollector.java:88)
	at com.kms.katalon.core.context.internal.TestListenerCollector.handleListenerEvent(TestListenerCollector.java:85)
	at com.kms.katalon.core.context.internal.ExecutionEventManager.publicEvent(ExecutionEventManager.java:36)
	at com.kms.katalon.core.main.TestCaseExecutor.execute(TestCaseExecutor.java:221)
	at com.kms.katalon.core.main.TestSuiteExecutor.accessTestCaseMainPhase(TestSuiteExecutor.java:191)
	at com.kms.katalon.core.main.TestSuiteExecutor.accessTestSuiteMainPhase(TestSuiteExecutor.java:141)
	at com.kms.katalon.core.main.TestSuiteExecutor.execute(TestSuiteExecutor.java:90)
	at com.kms.katalon.core.main.TestCaseMain.startTestSuite(TestCaseMain.java:157)
	at com.kms.katalon.core.main.TestCaseMain$startTestSuite$0.call(Unknown Source)
	at TempTestSuite1610559105062.run(TempTestSuite1610559105062.groovy:39)
)

2021-01-13 13:01:11 - [MESSAGE][INFO] - Unable to find the element located by 'By.xpath: //input[@name='email']'. Please recheck the objects properties to make sure the desired element is located. 

2021-01-13 13:01:11 - [MESSAGE][WARNING] - com.kms.katalon.core.webui.exception.WebElementNotFoundException: Web element with id: 'Object Repository/Login Credentials/Email' located by '//input[@name='email']' not found (Root cause: com.kms.katalon.core.exception.StepFailedException: com.kms.katalon.core.webui.exception.WebElementNotFoundException: Web element with id: 'Object Repository/Login Credentials/Email' located by '//input[@name='email']' not found
	at com.kms.katalon.core.webui.keyword.internal.WebUIKeywordMain.stepFailed(WebUIKeywordMain.groovy:64)
	at com.kms.katalon.core.webui.keyword.builtin.VerifyElementPresentKeyword$_verifyElementPresent_closure1.doCall(VerifyElementPresentKeyword.groovy:85)
	at com.kms.katalon.core.webui.keyword.builtin.VerifyElementPresentKeyword$_verifyElementPresent_closure1.call(VerifyElementPresentKeyword.groovy)
	at com.kms.katalon.core.webui.keyword.internal.WebUIKeywordMain.runKeyword(WebUIKeywordMain.groovy:20)
	at com.kms.katalon.core.webui.keyword.builtin.VerifyElementPresentKeyword.verifyElementPresent(VerifyElementPresentKeyword.groovy:92)
	at com.kms.katalon.core.webui.keyword.builtin.VerifyElementPresentKeyword.execute(VerifyElementPresentKeyword.groovy:68)
	at com.kms.katalon.core.keyword.internal.KeywordExecutor.executeKeywordForPlatform(KeywordExecutor.groovy:73)
	at com.kms.katalon.core.webui.keyword.WebUiBuiltInKeywords.verifyElementPresent(WebUiBuiltInKeywords.groovy:1445)
	at com.kms.katalon.core.webui.keyword.WebUiBuiltInKeywords$verifyElementPresent$2.call(Unknown Source)
	at login.LoginForAdminDevEnvironment.login(LoginForAdminDevEnvironment.groovy:18)
	at login.LoginForAdminDevEnvironment$login.call(Unknown Source)
	at Login.login(Login.groovy:37)
	at Login.invokeMethod(Login.groovy)
	at com.kms.katalon.core.context.internal.TestHooker.invokeMethod(TestHooker.java:111)
	at com.kms.katalon.core.context.internal.TestHooker.lambda$3(TestHooker.java:95)
	at com.kms.katalon.core.context.internal.TestHooker.invokeContextMethods(TestHooker.java:94)
	at com.kms.katalon.core.context.internal.TestListenerCollector.lambda$3(TestListenerCollector.java:88)
	at com.kms.katalon.core.context.internal.TestListenerCollector.handleListenerEvent(TestListenerCollector.java:85)
	at com.kms.katalon.core.context.internal.ExecutionEventManager.publicEvent(ExecutionEventManager.java:36)
	at com.kms.katalon.core.main.TestCaseExecutor.execute(TestCaseExecutor.java:221)
	at com.kms.katalon.core.main.TestSuiteExecutor.accessTestCaseMainPhase(TestSuiteExecutor.java:191)
	at com.kms.katalon.core.main.TestSuiteExecutor.accessTestSuiteMainPhase(TestSuiteExecutor.java:141)
	at com.kms.katalon.core.main.TestSuiteExecutor.execute(TestSuiteExecutor.java:90)
	at com.kms.katalon.core.main.TestCaseMain.startTestSuite(TestCaseMain.java:157)
	at com.kms.katalon.core.main.TestCaseMain$startTestSuite$0.call(Unknown Source)
	at TempTestSuite1610559105062.run(TempTestSuite1610559105062.groovy:39)
)
[[ATTACHMENT|E:\\Modist\\ModistProject\\Reports\\20210113_123145\\AllTestCases\\20210113_123145\\1610560871590.png]]

2021-01-13 13:01:12 - [TEST_STEP][PASSED] - pages.Journey.clickOnJourneyTab(): pages.Journey.clickOnJourneyTab is PASSED

2021-01-13 13:01:12 - [MESSAGE][PASSED] - Object 'Object Repository/Journey/Journeytab' is present

2021-01-13 13:01:12 - [MESSAGE][PASSED] - Object 'Object Repository/Journey/Journeytab' is visible

2021-01-13 13:01:12 - [MESSAGE][PASSED] - Object 'Object Repository/Journey/Journeytab' is clickable

2021-01-13 13:01:13 - [MESSAGE][PASSED] - Object: 'Object Repository/Journey/Journeytab' is clicked on

2021-01-13 13:01:13 - [MESSAGE][PASSED] - pages.Journey.clickOnJourneyTab is PASSED

2021-01-13 13:01:13 - [TEST_STEP][PASSED] - journeyName = pages.Journey.getRandomJourneyName(): pages.Journey.getRandomJourneyName is PASSED

2021-01-13 13:01:13 - [MESSAGE][PASSED] - Object 'Object Repository/Journey/toGetJourneysCount' is present

2021-01-13 13:01:14 - [MESSAGE][PASSED] - Object 'Object Repository/Journey/toGetJourneysCount' is present

2021-01-13 13:01:14 - [MESSAGE][PASSED] - Text of object 'Object Repository/Journey/toPickrandomJourney(index)' is: 'JO8'

2021-01-13 13:01:14 - [MESSAGE][PASSED] - pages.Journey.getRandomJourneyName is PASSED

2021-01-13 13:01:14 - [TEST_STEP][PASSED] - accessCode = pages.Journey.getExistingJourneyAccesscode(journeyName): pages.Journey.getExistingJourneyAccesscode is PASSED

2021-01-13 13:01:15 - [MESSAGE][PASSED] - Object 'Object Repository/Journey/journrySearchInput' is present

2021-01-13 13:01:15 - [MESSAGE][PASSED] - Object 'Object Repository/Journey/journrySearchInput' is visible

2021-01-13 13:01:15 - [MESSAGE][PASSED] - Object 'Object Repository/Journey/journrySearchInput' is clickable

2021-01-13 13:01:15 - [MESSAGE][PASSED] - Text of object 'Object Repository/Journey/journrySearchInput' is cleared

2021-01-13 13:01:16 - [MESSAGE][PASSED] - Keys '' sent to object: 'Object Repository/Journey/journrySearchInput'

2021-01-13 13:01:16 - [MESSAGE][PASSED] - Keys 'J' sent to object: 'Object Repository/Journey/journrySearchInput'

2021-01-13 13:01:17 - [MESSAGE][PASSED] - Keys 'O' sent to object: 'Object Repository/Journey/journrySearchInput'

2021-01-13 13:01:17 - [MESSAGE][PASSED] - Keys '8' sent to object: 'Object Repository/Journey/journrySearchInput'

2021-01-13 13:01:18 - [MESSAGE][PASSED] - Object 'Object Repository/Journey/journrySearchInput' is present

2021-01-13 13:01:18 - [MESSAGE][PASSED] - Object 'Object Repository/Journey/journrySearchInput' is visible

2021-01-13 13:01:19 - [MESSAGE][PASSED] - Object 'Object Repository/Journey/journrySearchInput' is clickable

2021-01-13 13:01:19 - [MESSAGE][PASSED] - Text of object 'Object Repository/Journey/journrySearchInput' is cleared

2021-01-13 13:01:20 - [MESSAGE][PASSED] - Keys '' sent to object: 'Object Repository/Journey/journrySearchInput'

2021-01-13 13:01:21 - [MESSAGE][PASSED] - Keys 'J' sent to object: 'Object Repository/Journey/journrySearchInput'

2021-01-13 13:01:22 - [MESSAGE][PASSED] - Keys 'O' sent to object: 'Object Repository/Journey/journrySearchInput'

2021-01-13 13:01:23 - [MESSAGE][PASSED] - Keys '8' sent to object: 'Object Repository/Journey/journrySearchInput'

2021-01-13 13:01:23 - [MESSAGE][PASSED] - Object 'Object Repository/Journey/clickVerifyingJourney(journeyName)' is present

2021-01-13 13:01:24 - [MESSAGE][PASSED] - Object 'Object Repository/Journey/clickVerifyingJourney(journeyName)' is visible

2021-01-13 13:01:25 - [MESSAGE][PASSED] - Object 'Object Repository/Journey/clickVerifyingJourney(journeyName)' is clickable

2021-01-13 13:01:25 - [MESSAGE][PASSED] - Object: 'Object Repository/Journey/clickVerifyingJourney(journeyName)' is clicked on

2021-01-13 13:01:26 - [MESSAGE][PASSED] - Scroll to object 'Object Repository/Journey/Current Access Codes/currentAccessCodeField' successfully

2021-01-13 13:01:27 - [MESSAGE][PASSED] - Object 'Object Repository/Journey/Current Access Codes/getAccessCodesCount' is present

2021-01-13 13:01:28 - [MESSAGE][PASSED] - Text of object 'Object Repository/Journey/Current Access Codes/getAccessCodeText(index)' is: 'asdf'

2021-01-13 13:01:28 - [MESSAGE][PASSED] - pages.Journey.getExistingJourneyAccesscode is PASSED

2021-01-13 13:01:28 - [TEST_STEP][PASSED] - login.LoginForJourneyApplication.loginToJourneyApplication(): login.LoginForJourneyApplication.loginToJourneyApplication is PASSED

2021-01-13 13:01:28 - [MESSAGE][PASSED] - Navigate to 'https://qualitlabs.dev.modist.co/' successfully

2021-01-13 13:01:28 - [MESSAGE][PASSED] - login.LoginForJourneyApplication.loginToJourneyApplication is PASSED

2021-01-13 13:01:28 - [TEST_STEP][PASSED] - pages.Journey.enterAccessCodeInJourney(accessCode): pages.Journey.enterAccessCodeInJourney is PASSED

2021-01-13 13:01:28 - [MESSAGE][PASSED] - Object 'Object Repository/Journey/JourneyPortal/enterAccessCode' is present

2021-01-13 13:01:29 - [MESSAGE][PASSED] - Object 'Object Repository/Journey/JourneyPortal/enterAccessCode' is visible

2021-01-13 13:01:29 - [MESSAGE][PASSED] - Object 'Object Repository/Journey/JourneyPortal/enterAccessCode' is clickable

2021-01-13 13:01:30 - [MESSAGE][PASSED] - Text of object 'Object Repository/Journey/JourneyPortal/enterAccessCode' is cleared

2021-01-13 13:01:30 - [MESSAGE][PASSED] - Keys 'asdf' sent to object: 'Object Repository/Journey/JourneyPortal/enterAccessCode'

2021-01-13 13:01:30 - [MESSAGE][PASSED] - pages.Journey.enterAccessCodeInJourney is PASSED

2021-01-13 13:01:30 - [TEST_STEP][PASSED] - pages.Journey.clickEnterButton(): pages.Journey.clickEnterButton is PASSED

2021-01-13 13:01:30 - [MESSAGE][PASSED] - Object 'Object Repository/Journey/JourneyPortal/EnterButton' is present

2021-01-13 13:01:31 - [MESSAGE][PASSED] - Object 'Object Repository/Journey/JourneyPortal/EnterButton' is visible

2021-01-13 13:01:31 - [MESSAGE][PASSED] - Object 'Object Repository/Journey/JourneyPortal/EnterButton' is clickable

2021-01-13 13:01:31 - [MESSAGE][PASSED] - Object: 'Object Repository/Journey/JourneyPortal/EnterButton' is clicked on

2021-01-13 13:01:31 - [MESSAGE][PASSED] - pages.Journey.clickEnterButton is PASSED

2021-01-13 13:01:31 - [TEST_STEP][PASSED] - pages.JourneyPortal.openExistingSection(): pages.JourneyPortal.openExistingSection is PASSED

2021-01-13 13:01:34 - [MESSAGE][PASSED] - Object 'Object Repository/Journey/JourneyPortal/Section/getSectionsCount' is present

2021-01-13 13:01:35 - [MESSAGE][PASSED] - Object 'Object Repository/Journey/JourneyPortal/Section/openSection(index)' is present

2021-01-13 13:01:35 - [MESSAGE][PASSED] - Object 'Object Repository/Journey/JourneyPortal/Section/openSection(index)' is visible

2021-01-13 13:01:36 - [MESSAGE][PASSED] - Object 'Object Repository/Journey/JourneyPortal/Section/openSection(index)' is clickable

2021-01-13 13:01:36 - [MESSAGE][PASSED] - Object: 'Object Repository/Journey/JourneyPortal/Section/openSection(index)' is clicked on

2021-01-13 13:01:36 - [MESSAGE][PASSED] - pages.JourneyPortal.openExistingSection is PASSED

2021-01-13 13:01:36 - [TEST_STEP][PASSED] - pages.JourneyPortal.openAnyProductInTheJourneyPortal(): pages.JourneyPortal.openAnyProductInTheJourneyPortal is PASSED

2021-01-13 13:01:37 - [MESSAGE][PASSED] - Object 'Object Repository/Journey/JourneyPortal/Product/toGetProductsCountInTheCart' is present

2021-01-13 13:01:38 - [MESSAGE][PASSED] - Scroll to object 'Object Repository/Journey/JourneyPortal/Product/openAnyProduct(index)' successfully

2021-01-13 13:01:38 - [MESSAGE][PASSED] - Object 'Object Repository/Journey/JourneyPortal/Product/openAnyProduct(index)' is present

2021-01-13 13:01:39 - [MESSAGE][PASSED] - Object 'Object Repository/Journey/JourneyPortal/Product/openAnyProduct(index)' is visible

2021-01-13 13:01:39 - [MESSAGE][PASSED] - Object 'Object Repository/Journey/JourneyPortal/Product/openAnyProduct(index)' is clickable

2021-01-13 13:01:40 - [MESSAGE][PASSED] - Object: 'Object Repository/Journey/JourneyPortal/Product/openAnyProduct(index)' is clicked on

2021-01-13 13:01:40 - [MESSAGE][PASSED] - pages.JourneyPortal.openAnyProductInTheJourneyPortal is PASSED

2021-01-13 13:01:40 - [TEST_STEP][PASSED] - pages.JourneyPortal.verifyElementsInProductPopupInJourneyPortal(): pages.JourneyPortal.verifyElementsInProductPopupInJourneyPortal is PASSED

2021-01-13 13:01:40 - [MESSAGE][PASSED] - Object 'Object Repository/Journey/JourneyPortal/Product/productPrice' is present

2021-01-13 13:01:41 - [MESSAGE][PASSED] - Object 'Object Repository/Journey/JourneyPortal/Product/productTitle' is present

2021-01-13 13:01:41 - [MESSAGE][PASSED] - Object 'Object Repository/Journey/JourneyPortal/Product/imageInTheProduct' is present

2021-01-13 13:01:41 - [MESSAGE][PASSED] - Object 'Object Repository/Journey/JourneyPortal/Product/AddToCart' is present

2021-01-13 13:01:42 - [MESSAGE][PASSED] - Object 'Object Repository/Journey/JourneyPortal/Product/favouriteIcon' is present

2021-01-13 13:01:42 - [MESSAGE][PASSED] - pages.JourneyPortal.verifyElementsInProductPopupInJourneyPortal is PASSED]]></system-out>
         <system-err><![CDATA[]]></system-err>
      </testcase>
      <testcase name="Test Cases/JourneyPortal/verifyFixedBackGroundInJourneyPortal" time="77.214" classname="Test Cases/JourneyPortal/verifyFixedBackGroundInJourneyPortal" status="FAILED">
         <failure type="FAILED" message="Test Cases/JourneyPortal/verifyFixedBackGroundInJourneyPortal FAILED.
Reason:
com.kms.katalon.core.exception.StepFailedException: you are in ScrollingBackGround
	at com.kms.katalon.core.util.KeywordUtil.markFailedAndStop(KeywordUtil.java:28)
	at com.kms.katalon.core.util.KeywordUtil$markFailedAndStop$0.call(Unknown Source)
	at verification.Verification.verifyElementPresent(Verification.groovy:31)
	at verification.Verification.verifyElementPresent(Verification.groovy)
	at pages.JourneyPortal.verifyFixedBackGroundCheck(JourneyPortal.groovy:33)
	at pages.JourneyPortal.invokeMethod(JourneyPortal.groovy)
	at com.kms.katalon.core.main.CustomKeywordDelegatingMetaClass.invokeStaticMethod(CustomKeywordDelegatingMetaClass.java:50)
	at verifyFixedBackGroundInJourneyPortal.run(verifyFixedBackGroundInJourneyPortal:34)
	at com.kms.katalon.core.main.ScriptEngine.run(ScriptEngine.java:194)
	at com.kms.katalon.core.main.ScriptEngine.runScriptAsRawText(ScriptEngine.java:119)
	at com.kms.katalon.core.main.TestCaseExecutor.runScript(TestCaseExecutor.java:339)
	at com.kms.katalon.core.main.TestCaseExecutor.doExecute(TestCaseExecutor.java:330)
	at com.kms.katalon.core.main.TestCaseExecutor.processExecutionPhase(TestCaseExecutor.java:309)
	at com.kms.katalon.core.main.TestCaseExecutor.accessMainPhase(TestCaseExecutor.java:301)
	at com.kms.katalon.core.main.TestCaseExecutor.execute(TestCaseExecutor.java:235)
	at com.kms.katalon.core.main.TestSuiteExecutor.accessTestCaseMainPhase(TestSuiteExecutor.java:191)
	at com.kms.katalon.core.main.TestSuiteExecutor.accessTestSuiteMainPhase(TestSuiteExecutor.java:141)
	at com.kms.katalon.core.main.TestSuiteExecutor.execute(TestSuiteExecutor.java:90)
	at com.kms.katalon.core.main.TestCaseMain.startTestSuite(TestCaseMain.java:157)
	at com.kms.katalon.core.main.TestCaseMain$startTestSuite$0.call(Unknown Source)
	at TempTestSuite1610559105062.run(TempTestSuite1610559105062.groovy:39)
"/>
         <system-out><![CDATA[2021-01-13 13:01:42 - [TEST_CASE][FAILED] - Test Cases/JourneyPortal/verifyFixedBackGroundInJourneyPortal: Test Cases/JourneyPortal/verifyFixedBackGroundInJourneyPortal FAILED.
Reason:
com.kms.katalon.core.exception.StepFailedException: you are in ScrollingBackGround
	at com.kms.katalon.core.util.KeywordUtil.markFailedAndStop(KeywordUtil.java:28)
	at com.kms.katalon.core.util.KeywordUtil$markFailedAndStop$0.call(Unknown Source)
	at verification.Verification.verifyElementPresent(Verification.groovy:31)
	at verification.Verification.verifyElementPresent(Verification.groovy)
	at pages.JourneyPortal.verifyFixedBackGroundCheck(JourneyPortal.groovy:33)
	at pages.JourneyPortal.invokeMethod(JourneyPortal.groovy)
	at com.kms.katalon.core.main.CustomKeywordDelegatingMetaClass.invokeStaticMethod(CustomKeywordDelegatingMetaClass.java:50)
	at verifyFixedBackGroundInJourneyPortal.run(verifyFixedBackGroundInJourneyPortal:34)
	at com.kms.katalon.core.main.ScriptEngine.run(ScriptEngine.java:194)
	at com.kms.katalon.core.main.ScriptEngine.runScriptAsRawText(ScriptEngine.java:119)
	at com.kms.katalon.core.main.TestCaseExecutor.runScript(TestCaseExecutor.java:339)
	at com.kms.katalon.core.main.TestCaseExecutor.doExecute(TestCaseExecutor.java:330)
	at com.kms.katalon.core.main.TestCaseExecutor.processExecutionPhase(TestCaseExecutor.java:309)
	at com.kms.katalon.core.main.TestCaseExecutor.accessMainPhase(TestCaseExecutor.java:301)
	at com.kms.katalon.core.main.TestCaseExecutor.execute(TestCaseExecutor.java:235)
	at com.kms.katalon.core.main.TestSuiteExecutor.accessTestCaseMainPhase(TestSuiteExecutor.java:191)
	at com.kms.katalon.core.main.TestSuiteExecutor.accessTestSuiteMainPhase(TestSuiteExecutor.java:141)
	at com.kms.katalon.core.main.TestSuiteExecutor.execute(TestSuiteExecutor.java:90)
	at com.kms.katalon.core.main.TestCaseMain.startTestSuite(TestCaseMain.java:157)
	at com.kms.katalon.core.main.TestCaseMain$startTestSuite$0.call(Unknown Source)
	at TempTestSuite1610559105062.run(TempTestSuite1610559105062.groovy:39)


2021-01-13 13:01:42 - [TEST_STEP][PASSED] - Start listener action : login: com.kms.katalon.core.webui.exception.WebElementNotFoundException: Web element with id: 'Object Repository/Login Credentials/Email' located by '//input[@name='email']' not found (Root cause: com.kms.katalon.core.exception.StepFailedException: com.kms.katalon.core.webui.exception.WebElementNotFoundException: Web element with id: 'Object Repository/Login Credentials/Email' located by '//input[@name='email']' not found
	at com.kms.katalon.core.webui.keyword.internal.WebUIKeywordMain.stepFailed(WebUIKeywordMain.groovy:64)
	at com.kms.katalon.core.webui.keyword.builtin.VerifyElementPresentKeyword$_verifyElementPresent_closure1.doCall(VerifyElementPresentKeyword.groovy:85)
	at com.kms.katalon.core.webui.keyword.builtin.VerifyElementPresentKeyword$_verifyElementPresent_closure1.call(VerifyElementPresentKeyword.groovy)
	at com.kms.katalon.core.webui.keyword.internal.WebUIKeywordMain.runKeyword(WebUIKeywordMain.groovy:20)
	at com.kms.katalon.core.webui.keyword.builtin.VerifyElementPresentKeyword.verifyElementPresent(VerifyElementPresentKeyword.groovy:92)
	at com.kms.katalon.core.webui.keyword.builtin.VerifyElementPresentKeyword.execute(VerifyElementPresentKeyword.groovy:68)
	at com.kms.katalon.core.keyword.internal.KeywordExecutor.executeKeywordForPlatform(KeywordExecutor.groovy:73)
	at com.kms.katalon.core.webui.keyword.WebUiBuiltInKeywords.verifyElementPresent(WebUiBuiltInKeywords.groovy:1445)
	at com.kms.katalon.core.webui.keyword.WebUiBuiltInKeywords$verifyElementPresent$2.call(Unknown Source)
	at login.LoginForAdminDevEnvironment.login(LoginForAdminDevEnvironment.groovy:18)
	at login.LoginForAdminDevEnvironment$login.call(Unknown Source)
	at Login.login(Login.groovy:37)
	at Login.invokeMethod(Login.groovy)
	at com.kms.katalon.core.context.internal.TestHooker.invokeMethod(TestHooker.java:111)
	at com.kms.katalon.core.context.internal.TestHooker.lambda$3(TestHooker.java:95)
	at com.kms.katalon.core.context.internal.TestHooker.invokeContextMethods(TestHooker.java:94)
	at com.kms.katalon.core.context.internal.TestListenerCollector.lambda$3(TestListenerCollector.java:88)
	at com.kms.katalon.core.context.internal.TestListenerCollector.handleListenerEvent(TestListenerCollector.java:85)
	at com.kms.katalon.core.context.internal.ExecutionEventManager.publicEvent(ExecutionEventManager.java:36)
	at com.kms.katalon.core.main.TestCaseExecutor.execute(TestCaseExecutor.java:221)
	at com.kms.katalon.core.main.TestSuiteExecutor.accessTestCaseMainPhase(TestSuiteExecutor.java:191)
	at com.kms.katalon.core.main.TestSuiteExecutor.accessTestSuiteMainPhase(TestSuiteExecutor.java:141)
	at com.kms.katalon.core.main.TestSuiteExecutor.execute(TestSuiteExecutor.java:90)
	at com.kms.katalon.core.main.TestCaseMain.startTestSuite(TestCaseMain.java:157)
	at com.kms.katalon.core.main.TestCaseMain$startTestSuite$0.call(Unknown Source)
	at TempTestSuite1610559105062.run(TempTestSuite1610559105062.groovy:39)
)

2021-01-13 13:01:42 - [TEST_STEP][PASSED] - Thread.sleep(3000): null

2021-01-13 13:01:45 - [TEST_STEP][PASSED] - url = getUrl(): Current window's url is: 'https://qualitlabs.dev.modist.co/products/512'

2021-01-13 13:01:45 - [MESSAGE][PASSED] - Current window's url is: 'https://qualitlabs.dev.modist.co/products/512'

2021-01-13 13:01:45 - [TEST_STEP][PASSED] - if (!(url.contains("dashboard"))): com.kms.katalon.core.webui.exception.WebElementNotFoundException: Web element with id: 'Object Repository/Login Credentials/Email' located by '//input[@name='email']' not found (Root cause: com.kms.katalon.core.exception.StepFailedException: com.kms.katalon.core.webui.exception.WebElementNotFoundException: Web element with id: 'Object Repository/Login Credentials/Email' located by '//input[@name='email']' not found
	at com.kms.katalon.core.webui.keyword.internal.WebUIKeywordMain.stepFailed(WebUIKeywordMain.groovy:64)
	at com.kms.katalon.core.webui.keyword.builtin.VerifyElementPresentKeyword$_verifyElementPresent_closure1.doCall(VerifyElementPresentKeyword.groovy:85)
	at com.kms.katalon.core.webui.keyword.builtin.VerifyElementPresentKeyword$_verifyElementPresent_closure1.call(VerifyElementPresentKeyword.groovy)
	at com.kms.katalon.core.webui.keyword.internal.WebUIKeywordMain.runKeyword(WebUIKeywordMain.groovy:20)
	at com.kms.katalon.core.webui.keyword.builtin.VerifyElementPresentKeyword.verifyElementPresent(VerifyElementPresentKeyword.groovy:92)
	at com.kms.katalon.core.webui.keyword.builtin.VerifyElementPresentKeyword.execute(VerifyElementPresentKeyword.groovy:68)
	at com.kms.katalon.core.keyword.internal.KeywordExecutor.executeKeywordForPlatform(KeywordExecutor.groovy:73)
	at com.kms.katalon.core.webui.keyword.WebUiBuiltInKeywords.verifyElementPresent(WebUiBuiltInKeywords.groovy:1445)
	at com.kms.katalon.core.webui.keyword.WebUiBuiltInKeywords$verifyElementPresent$2.call(Unknown Source)
	at login.LoginForAdminDevEnvironment.login(LoginForAdminDevEnvironment.groovy:18)
	at login.LoginForAdminDevEnvironment$login.call(Unknown Source)
	at Login.login(Login.groovy:37)
	at Login.invokeMethod(Login.groovy)
	at com.kms.katalon.core.context.internal.TestHooker.invokeMethod(TestHooker.java:111)
	at com.kms.katalon.core.context.internal.TestHooker.lambda$3(TestHooker.java:95)
	at com.kms.katalon.core.context.internal.TestHooker.invokeContextMethods(TestHooker.java:94)
	at com.kms.katalon.core.context.internal.TestListenerCollector.lambda$3(TestListenerCollector.java:88)
	at com.kms.katalon.core.context.internal.TestListenerCollector.handleListenerEvent(TestListenerCollector.java:85)
	at com.kms.katalon.core.context.internal.ExecutionEventManager.publicEvent(ExecutionEventManager.java:36)
	at com.kms.katalon.core.main.TestCaseExecutor.execute(TestCaseExecutor.java:221)
	at com.kms.katalon.core.main.TestSuiteExecutor.accessTestCaseMainPhase(TestSuiteExecutor.java:191)
	at com.kms.katalon.core.main.TestSuiteExecutor.accessTestSuiteMainPhase(TestSuiteExecutor.java:141)
	at com.kms.katalon.core.main.TestSuiteExecutor.execute(TestSuiteExecutor.java:90)
	at com.kms.katalon.core.main.TestCaseMain.startTestSuite(TestCaseMain.java:157)
	at com.kms.katalon.core.main.TestCaseMain$startTestSuite$0.call(Unknown Source)
	at TempTestSuite1610559105062.run(TempTestSuite1610559105062.groovy:39)
)

2021-01-13 13:01:45 - [TEST_STEP][PASSED] - navigateToUrl(Url): Navigate to 'https://dev-admin.modist.co/' successfully

2021-01-13 13:01:46 - [MESSAGE][PASSED] - Navigate to 'https://dev-admin.modist.co/' successfully

2021-01-13 13:01:46 - [TEST_STEP][PASSED] - loginPage.login(Email, Password): com.kms.katalon.core.webui.exception.WebElementNotFoundException: Web element with id: 'Object Repository/Login Credentials/Email' located by '//input[@name='email']' not found (Root cause: com.kms.katalon.core.exception.StepFailedException: com.kms.katalon.core.webui.exception.WebElementNotFoundException: Web element with id: 'Object Repository/Login Credentials/Email' located by '//input[@name='email']' not found
	at com.kms.katalon.core.webui.keyword.internal.WebUIKeywordMain.stepFailed(WebUIKeywordMain.groovy:64)
	at com.kms.katalon.core.webui.keyword.builtin.VerifyElementPresentKeyword$_verifyElementPresent_closure1.doCall(VerifyElementPresentKeyword.groovy:85)
	at com.kms.katalon.core.webui.keyword.builtin.VerifyElementPresentKeyword$_verifyElementPresent_closure1.call(VerifyElementPresentKeyword.groovy)
	at com.kms.katalon.core.webui.keyword.internal.WebUIKeywordMain.runKeyword(WebUIKeywordMain.groovy:20)
	at com.kms.katalon.core.webui.keyword.builtin.VerifyElementPresentKeyword.verifyElementPresent(VerifyElementPresentKeyword.groovy:92)
	at com.kms.katalon.core.webui.keyword.builtin.VerifyElementPresentKeyword.execute(VerifyElementPresentKeyword.groovy:68)
	at com.kms.katalon.core.keyword.internal.KeywordExecutor.executeKeywordForPlatform(KeywordExecutor.groovy:73)
	at com.kms.katalon.core.webui.keyword.WebUiBuiltInKeywords.verifyElementPresent(WebUiBuiltInKeywords.groovy:1445)
	at com.kms.katalon.core.webui.keyword.WebUiBuiltInKeywords$verifyElementPresent$2.call(Unknown Source)
	at login.LoginForAdminDevEnvironment.login(LoginForAdminDevEnvironment.groovy:18)
	at login.LoginForAdminDevEnvironment$login.call(Unknown Source)
	at Login.login(Login.groovy:37)
	at Login.invokeMethod(Login.groovy)
	at com.kms.katalon.core.context.internal.TestHooker.invokeMethod(TestHooker.java:111)
	at com.kms.katalon.core.context.internal.TestHooker.lambda$3(TestHooker.java:95)
	at com.kms.katalon.core.context.internal.TestHooker.invokeContextMethods(TestHooker.java:94)
	at com.kms.katalon.core.context.internal.TestListenerCollector.lambda$3(TestListenerCollector.java:88)
	at com.kms.katalon.core.context.internal.TestListenerCollector.handleListenerEvent(TestListenerCollector.java:85)
	at com.kms.katalon.core.context.internal.ExecutionEventManager.publicEvent(ExecutionEventManager.java:36)
	at com.kms.katalon.core.main.TestCaseExecutor.execute(TestCaseExecutor.java:221)
	at com.kms.katalon.core.main.TestSuiteExecutor.accessTestCaseMainPhase(TestSuiteExecutor.java:191)
	at com.kms.katalon.core.main.TestSuiteExecutor.accessTestSuiteMainPhase(TestSuiteExecutor.java:141)
	at com.kms.katalon.core.main.TestSuiteExecutor.execute(TestSuiteExecutor.java:90)
	at com.kms.katalon.core.main.TestCaseMain.startTestSuite(TestCaseMain.java:157)
	at com.kms.katalon.core.main.TestCaseMain$startTestSuite$0.call(Unknown Source)
	at TempTestSuite1610559105062.run(TempTestSuite1610559105062.groovy:39)
)

2021-01-13 13:01:51 - [MESSAGE][INFO] - Unable to find the element located by 'By.xpath: //input[@name='email']'. Please recheck the objects properties to make sure the desired element is located. 

2021-01-13 13:01:51 - [MESSAGE][WARNING] - com.kms.katalon.core.webui.exception.WebElementNotFoundException: Web element with id: 'Object Repository/Login Credentials/Email' located by '//input[@name='email']' not found (Root cause: com.kms.katalon.core.exception.StepFailedException: com.kms.katalon.core.webui.exception.WebElementNotFoundException: Web element with id: 'Object Repository/Login Credentials/Email' located by '//input[@name='email']' not found
	at com.kms.katalon.core.webui.keyword.internal.WebUIKeywordMain.stepFailed(WebUIKeywordMain.groovy:64)
	at com.kms.katalon.core.webui.keyword.builtin.VerifyElementPresentKeyword$_verifyElementPresent_closure1.doCall(VerifyElementPresentKeyword.groovy:85)
	at com.kms.katalon.core.webui.keyword.builtin.VerifyElementPresentKeyword$_verifyElementPresent_closure1.call(VerifyElementPresentKeyword.groovy)
	at com.kms.katalon.core.webui.keyword.internal.WebUIKeywordMain.runKeyword(WebUIKeywordMain.groovy:20)
	at com.kms.katalon.core.webui.keyword.builtin.VerifyElementPresentKeyword.verifyElementPresent(VerifyElementPresentKeyword.groovy:92)
	at com.kms.katalon.core.webui.keyword.builtin.VerifyElementPresentKeyword.execute(VerifyElementPresentKeyword.groovy:68)
	at com.kms.katalon.core.keyword.internal.KeywordExecutor.executeKeywordForPlatform(KeywordExecutor.groovy:73)
	at com.kms.katalon.core.webui.keyword.WebUiBuiltInKeywords.verifyElementPresent(WebUiBuiltInKeywords.groovy:1445)
	at com.kms.katalon.core.webui.keyword.WebUiBuiltInKeywords$verifyElementPresent$2.call(Unknown Source)
	at login.LoginForAdminDevEnvironment.login(LoginForAdminDevEnvironment.groovy:18)
	at login.LoginForAdminDevEnvironment$login.call(Unknown Source)
	at Login.login(Login.groovy:37)
	at Login.invokeMethod(Login.groovy)
	at com.kms.katalon.core.context.internal.TestHooker.invokeMethod(TestHooker.java:111)
	at com.kms.katalon.core.context.internal.TestHooker.lambda$3(TestHooker.java:95)
	at com.kms.katalon.core.context.internal.TestHooker.invokeContextMethods(TestHooker.java:94)
	at com.kms.katalon.core.context.internal.TestListenerCollector.lambda$3(TestListenerCollector.java:88)
	at com.kms.katalon.core.context.internal.TestListenerCollector.handleListenerEvent(TestListenerCollector.java:85)
	at com.kms.katalon.core.context.internal.ExecutionEventManager.publicEvent(ExecutionEventManager.java:36)
	at com.kms.katalon.core.main.TestCaseExecutor.execute(TestCaseExecutor.java:221)
	at com.kms.katalon.core.main.TestSuiteExecutor.accessTestCaseMainPhase(TestSuiteExecutor.java:191)
	at com.kms.katalon.core.main.TestSuiteExecutor.accessTestSuiteMainPhase(TestSuiteExecutor.java:141)
	at com.kms.katalon.core.main.TestSuiteExecutor.execute(TestSuiteExecutor.java:90)
	at com.kms.katalon.core.main.TestCaseMain.startTestSuite(TestCaseMain.java:157)
	at com.kms.katalon.core.main.TestCaseMain$startTestSuite$0.call(Unknown Source)
	at TempTestSuite1610559105062.run(TempTestSuite1610559105062.groovy:39)
)
[[ATTACHMENT|E:\\Modist\\ModistProject\\Reports\\20210113_123145\\AllTestCases\\20210113_123145\\1610560911252.png]]

2021-01-13 13:01:51 - [TEST_STEP][PASSED] - pages.Journey.clickOnJourneyTab(): pages.Journey.clickOnJourneyTab is PASSED

2021-01-13 13:01:51 - [MESSAGE][PASSED] - Object 'Object Repository/Journey/Journeytab' is present

2021-01-13 13:01:52 - [MESSAGE][PASSED] - Object 'Object Repository/Journey/Journeytab' is visible

2021-01-13 13:01:52 - [MESSAGE][PASSED] - Object 'Object Repository/Journey/Journeytab' is clickable

2021-01-13 13:01:53 - [MESSAGE][PASSED] - Object: 'Object Repository/Journey/Journeytab' is clicked on

2021-01-13 13:01:53 - [MESSAGE][PASSED] - pages.Journey.clickOnJourneyTab is PASSED

2021-01-13 13:01:53 - [TEST_STEP][PASSED] - journeyName = pages.Journey.getRandomJourneyName(): pages.Journey.getRandomJourneyName is PASSED

2021-01-13 13:01:53 - [MESSAGE][PASSED] - Object 'Object Repository/Journey/toGetJourneysCount' is present

2021-01-13 13:01:53 - [MESSAGE][PASSED] - Object 'Object Repository/Journey/toGetJourneysCount' is present

2021-01-13 13:01:54 - [MESSAGE][PASSED] - Text of object 'Object Repository/Journey/toPickrandomJourney(index)' is: 'JO6'

2021-01-13 13:01:54 - [MESSAGE][PASSED] - pages.Journey.getRandomJourneyName is PASSED

2021-01-13 13:01:54 - [TEST_STEP][PASSED] - accessCode = pages.Journey.getExistingJourneyAccesscode(journeyName): pages.Journey.getExistingJourneyAccesscode is PASSED

2021-01-13 13:01:54 - [MESSAGE][PASSED] - Object 'Object Repository/Journey/journrySearchInput' is present

2021-01-13 13:01:54 - [MESSAGE][PASSED] - Object 'Object Repository/Journey/journrySearchInput' is visible

2021-01-13 13:01:55 - [MESSAGE][PASSED] - Object 'Object Repository/Journey/journrySearchInput' is clickable

2021-01-13 13:01:55 - [MESSAGE][PASSED] - Text of object 'Object Repository/Journey/journrySearchInput' is cleared

2021-01-13 13:01:55 - [MESSAGE][PASSED] - Keys '' sent to object: 'Object Repository/Journey/journrySearchInput'

2021-01-13 13:01:56 - [MESSAGE][PASSED] - Keys 'J' sent to object: 'Object Repository/Journey/journrySearchInput'

2021-01-13 13:01:57 - [MESSAGE][PASSED] - Keys 'O' sent to object: 'Object Repository/Journey/journrySearchInput'

2021-01-13 13:01:57 - [MESSAGE][PASSED] - Keys '6' sent to object: 'Object Repository/Journey/journrySearchInput'

2021-01-13 13:01:58 - [MESSAGE][PASSED] - Object 'Object Repository/Journey/journrySearchInput' is present

2021-01-13 13:01:58 - [MESSAGE][PASSED] - Object 'Object Repository/Journey/journrySearchInput' is visible

2021-01-13 13:01:59 - [MESSAGE][PASSED] - Object 'Object Repository/Journey/journrySearchInput' is clickable

2021-01-13 13:02:00 - [MESSAGE][PASSED] - Text of object 'Object Repository/Journey/journrySearchInput' is cleared

2021-01-13 13:02:01 - [MESSAGE][PASSED] - Keys '' sent to object: 'Object Repository/Journey/journrySearchInput'

2021-01-13 13:02:01 - [MESSAGE][PASSED] - Keys 'J' sent to object: 'Object Repository/Journey/journrySearchInput'

2021-01-13 13:02:02 - [MESSAGE][PASSED] - Keys 'O' sent to object: 'Object Repository/Journey/journrySearchInput'

2021-01-13 13:02:03 - [MESSAGE][PASSED] - Keys '6' sent to object: 'Object Repository/Journey/journrySearchInput'

2021-01-13 13:02:04 - [MESSAGE][PASSED] - Object 'Object Repository/Journey/clickVerifyingJourney(journeyName)' is present

2021-01-13 13:02:04 - [MESSAGE][PASSED] - Object 'Object Repository/Journey/clickVerifyingJourney(journeyName)' is visible

2021-01-13 13:02:05 - [MESSAGE][PASSED] - Object 'Object Repository/Journey/clickVerifyingJourney(journeyName)' is clickable

2021-01-13 13:02:06 - [MESSAGE][PASSED] - Object: 'Object Repository/Journey/clickVerifyingJourney(journeyName)' is clicked on

2021-01-13 13:02:06 - [MESSAGE][PASSED] - Scroll to object 'Object Repository/Journey/Current Access Codes/currentAccessCodeField' successfully

2021-01-13 13:02:07 - [MESSAGE][PASSED] - Object 'Object Repository/Journey/Current Access Codes/getAccessCodesCount' is present

2021-01-13 13:02:08 - [MESSAGE][PASSED] - Text of object 'Object Repository/Journey/Current Access Codes/getAccessCodeText(index)' is: 'qwerty'

2021-01-13 13:02:08 - [MESSAGE][PASSED] - pages.Journey.getExistingJourneyAccesscode is PASSED

2021-01-13 13:02:08 - [TEST_STEP][PASSED] - pages.Journey.typeOfBackGroundToFixed(): pages.Journey.typeOfBackGroundToFixed is PASSED

2021-01-13 13:02:08 - [MESSAGE][PASSED] - Scroll to object 'Object Repository/Journey/typeField/clickOnType' successfully

2021-01-13 13:02:08 - [MESSAGE][PASSED] - Object 'Object Repository/Journey/typeField/clickOnType' is present

2021-01-13 13:02:09 - [MESSAGE][PASSED] - Object 'Object Repository/Journey/typeField/clickOnType' is visible

2021-01-13 13:02:09 - [MESSAGE][PASSED] - Object 'Object Repository/Journey/typeField/clickOnType' is clickable

2021-01-13 13:02:09 - [MESSAGE][PASSED] - Object: 'Object Repository/Journey/typeField/clickOnType' is clicked on

2021-01-13 13:02:10 - [MESSAGE][PASSED] - Object 'Object Repository/Journey/typeField/FixedBackGround' is present

2021-01-13 13:02:10 - [MESSAGE][PASSED] - Object 'Object Repository/Journey/typeField/FixedBackGround' is visible

2021-01-13 13:02:10 - [MESSAGE][PASSED] - Object 'Object Repository/Journey/typeField/FixedBackGround' is clickable

2021-01-13 13:02:11 - [MESSAGE][PASSED] - Object: 'Object Repository/Journey/typeField/FixedBackGround' is clicked on

2021-01-13 13:02:11 - [MESSAGE][PASSED] - Object 'Object Repository/CommonButtons/saveButton' is present

2021-01-13 13:02:12 - [MESSAGE][PASSED] - Object 'Object Repository/CommonButtons/saveButton' is visible

2021-01-13 13:02:12 - [MESSAGE][PASSED] - Object 'Object Repository/CommonButtons/saveButton' is clickable

2021-01-13 13:02:12 - [MESSAGE][PASSED] - Object: 'Object Repository/CommonButtons/saveButton' is clicked on

2021-01-13 13:02:12 - [MESSAGE][PASSED] - pages.Journey.typeOfBackGroundToFixed is PASSED

2021-01-13 13:02:12 - [TEST_STEP][PASSED] - login.LoginForJourneyApplication.loginToJourneyApplication(): login.LoginForJourneyApplication.loginToJourneyApplication is PASSED

2021-01-13 13:02:13 - [MESSAGE][PASSED] - Navigate to 'https://qualitlabs.dev.modist.co/' successfully

2021-01-13 13:02:13 - [MESSAGE][PASSED] - login.LoginForJourneyApplication.loginToJourneyApplication is PASSED

2021-01-13 13:02:13 - [TEST_STEP][PASSED] - pages.Journey.enterAccessCodeInJourney(accessCode): pages.Journey.enterAccessCodeInJourney is PASSED

2021-01-13 13:02:13 - [MESSAGE][PASSED] - Object 'Object Repository/Journey/JourneyPortal/enterAccessCode' is present

2021-01-13 13:02:14 - [MESSAGE][PASSED] - Object 'Object Repository/Journey/JourneyPortal/enterAccessCode' is visible

2021-01-13 13:02:14 - [MESSAGE][PASSED] - Object 'Object Repository/Journey/JourneyPortal/enterAccessCode' is clickable

2021-01-13 13:02:14 - [MESSAGE][PASSED] - Text of object 'Object Repository/Journey/JourneyPortal/enterAccessCode' is cleared

2021-01-13 13:02:15 - [MESSAGE][PASSED] - Keys 'qwerty' sent to object: 'Object Repository/Journey/JourneyPortal/enterAccessCode'

2021-01-13 13:02:15 - [MESSAGE][PASSED] - pages.Journey.enterAccessCodeInJourney is PASSED

2021-01-13 13:02:15 - [TEST_STEP][PASSED] - pages.Journey.clickEnterButton(): pages.Journey.clickEnterButton is PASSED

2021-01-13 13:02:15 - [MESSAGE][PASSED] - Object 'Object Repository/Journey/JourneyPortal/EnterButton' is present

2021-01-13 13:02:15 - [MESSAGE][PASSED] - Object 'Object Repository/Journey/JourneyPortal/EnterButton' is visible

2021-01-13 13:02:16 - [MESSAGE][PASSED] - Object 'Object Repository/Journey/JourneyPortal/EnterButton' is clickable

2021-01-13 13:02:16 - [MESSAGE][PASSED] - Object: 'Object Repository/Journey/JourneyPortal/EnterButton' is clicked on

2021-01-13 13:02:16 - [MESSAGE][PASSED] - pages.Journey.clickEnterButton is PASSED

2021-01-13 13:02:16 - [TEST_STEP][PASSED] - pages.JourneyPortal.openExistingSection(): pages.JourneyPortal.openExistingSection is PASSED

2021-01-13 13:02:19 - [MESSAGE][PASSED] - Object 'Object Repository/Journey/JourneyPortal/Section/getSectionsCount' is present

2021-01-13 13:02:20 - [MESSAGE][PASSED] - Object 'Object Repository/Journey/JourneyPortal/Section/openSection(index)' is present

2021-01-13 13:02:20 - [MESSAGE][PASSED] - Object 'Object Repository/Journey/JourneyPortal/Section/openSection(index)' is visible

2021-01-13 13:02:20 - [MESSAGE][PASSED] - Object 'Object Repository/Journey/JourneyPortal/Section/openSection(index)' is clickable

2021-01-13 13:02:21 - [MESSAGE][PASSED] - Object: 'Object Repository/Journey/JourneyPortal/Section/openSection(index)' is clicked on

2021-01-13 13:02:21 - [MESSAGE][PASSED] - pages.JourneyPortal.openExistingSection is PASSED

2021-01-13 13:02:21 - [TEST_STEP][FAILED] - pages.JourneyPortal.verifyFixedBackGroundCheck(): you are in ScrollingBackGround

2021-01-13 13:02:26 - [MESSAGE][INFO] - Unable to find the element located by 'By.xpath: //div[@class='endless-aisle-asset-grid']'. Please recheck the objects properties to make sure the desired element is located. 

2021-01-13 13:02:26 - [MESSAGE][WARNING] - Object 'Object Repository/Journey/JourneyPortal/fixedAndScrollingDetect' is not present after 4 second(s)

2021-01-13 13:02:57 - [MESSAGE][INFO] - Unable to find the element located by 'By.xpath: //div[@class='endless-aisle-asset-grid']'. Please recheck the objects properties to make sure the desired element is located. 

2021-01-13 13:02:58 - [MESSAGE][WARNING] - com.kms.katalon.core.webui.exception.WebElementNotFoundException: Web element with id: 'Object Repository/Journey/JourneyPortal/fixedAndScrollingDetect' located by '//div[@class='endless-aisle-asset-grid']' not found (Root cause: com.kms.katalon.core.exception.StepFailedException: com.kms.katalon.core.webui.exception.WebElementNotFoundException: Web element with id: 'Object Repository/Journey/JourneyPortal/fixedAndScrollingDetect' located by '//div[@class='endless-aisle-asset-grid']' not found
	at com.kms.katalon.core.webui.keyword.internal.WebUIKeywordMain.stepFailed(WebUIKeywordMain.groovy:64)
	at com.kms.katalon.core.webui.keyword.builtin.VerifyElementPresentKeyword$_verifyElementPresent_closure1.doCall(VerifyElementPresentKeyword.groovy:85)
	at com.kms.katalon.core.webui.keyword.builtin.VerifyElementPresentKeyword$_verifyElementPresent_closure1.call(VerifyElementPresentKeyword.groovy)
	at com.kms.katalon.core.webui.keyword.internal.WebUIKeywordMain.runKeyword(WebUIKeywordMain.groovy:20)
	at com.kms.katalon.core.webui.keyword.builtin.VerifyElementPresentKeyword.verifyElementPresent(VerifyElementPresentKeyword.groovy:92)
	at com.kms.katalon.core.webui.keyword.builtin.VerifyElementPresentKeyword.execute(VerifyElementPresentKeyword.groovy:68)
	at com.kms.katalon.core.keyword.internal.KeywordExecutor.executeKeywordForPlatform(KeywordExecutor.groovy:73)
	at com.kms.katalon.core.webui.keyword.WebUiBuiltInKeywords.verifyElementPresent(WebUiBuiltInKeywords.groovy:1445)
	at com.kms.katalon.core.webui.keyword.WebUiBuiltInKeywords$verifyElementPresent$2.call(Unknown Source)
	at verification.Verification.verifyElementPresent(Verification.groovy:29)
	at verification.Verification.verifyElementPresent(Verification.groovy)
	at pages.JourneyPortal.verifyFixedBackGroundCheck(JourneyPortal.groovy:33)
	at pages.JourneyPortal.invokeMethod(JourneyPortal.groovy)
	at com.kms.katalon.core.main.CustomKeywordDelegatingMetaClass.invokeStaticMethod(CustomKeywordDelegatingMetaClass.java:50)
	at verifyFixedBackGroundInJourneyPortal.run(verifyFixedBackGroundInJourneyPortal:34)
	at com.kms.katalon.core.main.ScriptEngine.run(ScriptEngine.java:194)
	at com.kms.katalon.core.main.ScriptEngine.runScriptAsRawText(ScriptEngine.java:119)
	at com.kms.katalon.core.main.TestCaseExecutor.runScript(TestCaseExecutor.java:339)
	at com.kms.katalon.core.main.TestCaseExecutor.doExecute(TestCaseExecutor.java:330)
	at com.kms.katalon.core.main.TestCaseExecutor.processExecutionPhase(TestCaseExecutor.java:309)
	at com.kms.katalon.core.main.TestCaseExecutor.accessMainPhase(TestCaseExecutor.java:301)
	at com.kms.katalon.core.main.TestCaseExecutor.execute(TestCaseExecutor.java:235)
	at com.kms.katalon.core.main.TestSuiteExecutor.accessTestCaseMainPhase(TestSuiteExecutor.java:191)
	at com.kms.katalon.core.main.TestSuiteExecutor.accessTestSuiteMainPhase(TestSuiteExecutor.java:141)
	at com.kms.katalon.core.main.TestSuiteExecutor.execute(TestSuiteExecutor.java:90)
	at com.kms.katalon.core.main.TestCaseMain.startTestSuite(TestCaseMain.java:157)
	at com.kms.katalon.core.main.TestCaseMain$startTestSuite$0.call(Unknown Source)
	at TempTestSuite1610559105062.run(TempTestSuite1610559105062.groovy:39)
)
[[ATTACHMENT|E:\\Modist\\ModistProject\\Reports\\20210113_123145\\AllTestCases\\20210113_123145\\1610560978000.png]]

2021-01-13 13:02:59 - [MESSAGE][PASSED] - Taking screenshot successfully
[[ATTACHMENT|E:\Modist\ModistProject\Reports\20210113_123145\AllTestCases\20210113_123145\1610560978871.png]]

2021-01-13 13:02:59 - [MESSAGE][FAILED] - you are in ScrollingBackGround]]></system-out>
         <system-err><![CDATA[2021-01-13 13:01:42 - [TEST_CASE][FAILED] - Test Cases/JourneyPortal/verifyFixedBackGroundInJourneyPortal: Test Cases/JourneyPortal/verifyFixedBackGroundInJourneyPortal FAILED.
Reason:
com.kms.katalon.core.exception.StepFailedException: you are in ScrollingBackGround
	at com.kms.katalon.core.util.KeywordUtil.markFailedAndStop(KeywordUtil.java:28)
	at com.kms.katalon.core.util.KeywordUtil$markFailedAndStop$0.call(Unknown Source)
	at verification.Verification.verifyElementPresent(Verification.groovy:31)
	at verification.Verification.verifyElementPresent(Verification.groovy)
	at pages.JourneyPortal.verifyFixedBackGroundCheck(JourneyPortal.groovy:33)
	at pages.JourneyPortal.invokeMethod(JourneyPortal.groovy)
	at com.kms.katalon.core.main.CustomKeywordDelegatingMetaClass.invokeStaticMethod(CustomKeywordDelegatingMetaClass.java:50)
	at verifyFixedBackGroundInJourneyPortal.run(verifyFixedBackGroundInJourneyPortal:34)
	at com.kms.katalon.core.main.ScriptEngine.run(ScriptEngine.java:194)
	at com.kms.katalon.core.main.ScriptEngine.runScriptAsRawText(ScriptEngine.java:119)
	at com.kms.katalon.core.main.TestCaseExecutor.runScript(TestCaseExecutor.java:339)
	at com.kms.katalon.core.main.TestCaseExecutor.doExecute(TestCaseExecutor.java:330)
	at com.kms.katalon.core.main.TestCaseExecutor.processExecutionPhase(TestCaseExecutor.java:309)
	at com.kms.katalon.core.main.TestCaseExecutor.accessMainPhase(TestCaseExecutor.java:301)
	at com.kms.katalon.core.main.TestCaseExecutor.execute(TestCaseExecutor.java:235)
	at com.kms.katalon.core.main.TestSuiteExecutor.accessTestCaseMainPhase(TestSuiteExecutor.java:191)
	at com.kms.katalon.core.main.TestSuiteExecutor.accessTestSuiteMainPhase(TestSuiteExecutor.java:141)
	at com.kms.katalon.core.main.TestSuiteExecutor.execute(TestSuiteExecutor.java:90)
	at com.kms.katalon.core.main.TestCaseMain.startTestSuite(TestCaseMain.java:157)
	at com.kms.katalon.core.main.TestCaseMain$startTestSuite$0.call(Unknown Source)
	at TempTestSuite1610559105062.run(TempTestSuite1610559105062.groovy:39)]]></system-err>
      </testcase>
      <testcase name="Test Cases/JourneyPortal/verifyProductsAndBackButtonIsPresentAfterClickingSection" time="40.759" classname="Test Cases/JourneyPortal/verifyProductsAndBackButtonIsPresentAfterClickingSection" status="PASSED">
         <system-out><![CDATA[2021-01-13 13:02:59 - [TEST_CASE][PASSED] - Test Cases/JourneyPortal/verifyProductsAndBackButtonIsPresentAfterClickingSection: Test Cases/JourneyPortal/verifyProductsAndBackButtonIsPresentAfterClickingSection

2021-01-13 13:02:59 - [TEST_STEP][PASSED] - Start listener action : login: com.kms.katalon.core.webui.exception.WebElementNotFoundException: Web element with id: 'Object Repository/Login Credentials/Email' located by '//input[@name='email']' not found (Root cause: com.kms.katalon.core.exception.StepFailedException: com.kms.katalon.core.webui.exception.WebElementNotFoundException: Web element with id: 'Object Repository/Login Credentials/Email' located by '//input[@name='email']' not found
	at com.kms.katalon.core.webui.keyword.internal.WebUIKeywordMain.stepFailed(WebUIKeywordMain.groovy:64)
	at com.kms.katalon.core.webui.keyword.builtin.VerifyElementPresentKeyword$_verifyElementPresent_closure1.doCall(VerifyElementPresentKeyword.groovy:85)
	at com.kms.katalon.core.webui.keyword.builtin.VerifyElementPresentKeyword$_verifyElementPresent_closure1.call(VerifyElementPresentKeyword.groovy)
	at com.kms.katalon.core.webui.keyword.internal.WebUIKeywordMain.runKeyword(WebUIKeywordMain.groovy:20)
	at com.kms.katalon.core.webui.keyword.builtin.VerifyElementPresentKeyword.verifyElementPresent(VerifyElementPresentKeyword.groovy:92)
	at com.kms.katalon.core.webui.keyword.builtin.VerifyElementPresentKeyword.execute(VerifyElementPresentKeyword.groovy:68)
	at com.kms.katalon.core.keyword.internal.KeywordExecutor.executeKeywordForPlatform(KeywordExecutor.groovy:73)
	at com.kms.katalon.core.webui.keyword.WebUiBuiltInKeywords.verifyElementPresent(WebUiBuiltInKeywords.groovy:1445)
	at com.kms.katalon.core.webui.keyword.WebUiBuiltInKeywords$verifyElementPresent$2.call(Unknown Source)
	at login.LoginForAdminDevEnvironment.login(LoginForAdminDevEnvironment.groovy:18)
	at login.LoginForAdminDevEnvironment$login.call(Unknown Source)
	at Login.login(Login.groovy:37)
	at Login.invokeMethod(Login.groovy)
	at com.kms.katalon.core.context.internal.TestHooker.invokeMethod(TestHooker.java:111)
	at com.kms.katalon.core.context.internal.TestHooker.lambda$3(TestHooker.java:95)
	at com.kms.katalon.core.context.internal.TestHooker.invokeContextMethods(TestHooker.java:94)
	at com.kms.katalon.core.context.internal.TestListenerCollector.lambda$3(TestListenerCollector.java:88)
	at com.kms.katalon.core.context.internal.TestListenerCollector.handleListenerEvent(TestListenerCollector.java:85)
	at com.kms.katalon.core.context.internal.ExecutionEventManager.publicEvent(ExecutionEventManager.java:36)
	at com.kms.katalon.core.main.TestCaseExecutor.execute(TestCaseExecutor.java:221)
	at com.kms.katalon.core.main.TestSuiteExecutor.accessTestCaseMainPhase(TestSuiteExecutor.java:191)
	at com.kms.katalon.core.main.TestSuiteExecutor.accessTestSuiteMainPhase(TestSuiteExecutor.java:141)
	at com.kms.katalon.core.main.TestSuiteExecutor.execute(TestSuiteExecutor.java:90)
	at com.kms.katalon.core.main.TestCaseMain.startTestSuite(TestCaseMain.java:157)
	at com.kms.katalon.core.main.TestCaseMain$startTestSuite$0.call(Unknown Source)
	at TempTestSuite1610559105062.run(TempTestSuite1610559105062.groovy:39)
)

2021-01-13 13:02:59 - [TEST_STEP][PASSED] - Thread.sleep(3000): null

2021-01-13 13:03:02 - [TEST_STEP][PASSED] - url = getUrl(): Current window's url is: 'https://qualitlabs.dev.modist.co/products/495'

2021-01-13 13:03:02 - [MESSAGE][PASSED] - Current window's url is: 'https://qualitlabs.dev.modist.co/products/495'

2021-01-13 13:03:02 - [TEST_STEP][PASSED] - if (!(url.contains("dashboard"))): com.kms.katalon.core.webui.exception.WebElementNotFoundException: Web element with id: 'Object Repository/Login Credentials/Email' located by '//input[@name='email']' not found (Root cause: com.kms.katalon.core.exception.StepFailedException: com.kms.katalon.core.webui.exception.WebElementNotFoundException: Web element with id: 'Object Repository/Login Credentials/Email' located by '//input[@name='email']' not found
	at com.kms.katalon.core.webui.keyword.internal.WebUIKeywordMain.stepFailed(WebUIKeywordMain.groovy:64)
	at com.kms.katalon.core.webui.keyword.builtin.VerifyElementPresentKeyword$_verifyElementPresent_closure1.doCall(VerifyElementPresentKeyword.groovy:85)
	at com.kms.katalon.core.webui.keyword.builtin.VerifyElementPresentKeyword$_verifyElementPresent_closure1.call(VerifyElementPresentKeyword.groovy)
	at com.kms.katalon.core.webui.keyword.internal.WebUIKeywordMain.runKeyword(WebUIKeywordMain.groovy:20)
	at com.kms.katalon.core.webui.keyword.builtin.VerifyElementPresentKeyword.verifyElementPresent(VerifyElementPresentKeyword.groovy:92)
	at com.kms.katalon.core.webui.keyword.builtin.VerifyElementPresentKeyword.execute(VerifyElementPresentKeyword.groovy:68)
	at com.kms.katalon.core.keyword.internal.KeywordExecutor.executeKeywordForPlatform(KeywordExecutor.groovy:73)
	at com.kms.katalon.core.webui.keyword.WebUiBuiltInKeywords.verifyElementPresent(WebUiBuiltInKeywords.groovy:1445)
	at com.kms.katalon.core.webui.keyword.WebUiBuiltInKeywords$verifyElementPresent$2.call(Unknown Source)
	at login.LoginForAdminDevEnvironment.login(LoginForAdminDevEnvironment.groovy:18)
	at login.LoginForAdminDevEnvironment$login.call(Unknown Source)
	at Login.login(Login.groovy:37)
	at Login.invokeMethod(Login.groovy)
	at com.kms.katalon.core.context.internal.TestHooker.invokeMethod(TestHooker.java:111)
	at com.kms.katalon.core.context.internal.TestHooker.lambda$3(TestHooker.java:95)
	at com.kms.katalon.core.context.internal.TestHooker.invokeContextMethods(TestHooker.java:94)
	at com.kms.katalon.core.context.internal.TestListenerCollector.lambda$3(TestListenerCollector.java:88)
	at com.kms.katalon.core.context.internal.TestListenerCollector.handleListenerEvent(TestListenerCollector.java:85)
	at com.kms.katalon.core.context.internal.ExecutionEventManager.publicEvent(ExecutionEventManager.java:36)
	at com.kms.katalon.core.main.TestCaseExecutor.execute(TestCaseExecutor.java:221)
	at com.kms.katalon.core.main.TestSuiteExecutor.accessTestCaseMainPhase(TestSuiteExecutor.java:191)
	at com.kms.katalon.core.main.TestSuiteExecutor.accessTestSuiteMainPhase(TestSuiteExecutor.java:141)
	at com.kms.katalon.core.main.TestSuiteExecutor.execute(TestSuiteExecutor.java:90)
	at com.kms.katalon.core.main.TestCaseMain.startTestSuite(TestCaseMain.java:157)
	at com.kms.katalon.core.main.TestCaseMain$startTestSuite$0.call(Unknown Source)
	at TempTestSuite1610559105062.run(TempTestSuite1610559105062.groovy:39)
)

2021-01-13 13:03:02 - [TEST_STEP][PASSED] - navigateToUrl(Url): Navigate to 'https://dev-admin.modist.co/' successfully

2021-01-13 13:03:03 - [MESSAGE][PASSED] - Navigate to 'https://dev-admin.modist.co/' successfully

2021-01-13 13:03:03 - [TEST_STEP][PASSED] - loginPage.login(Email, Password): com.kms.katalon.core.webui.exception.WebElementNotFoundException: Web element with id: 'Object Repository/Login Credentials/Email' located by '//input[@name='email']' not found (Root cause: com.kms.katalon.core.exception.StepFailedException: com.kms.katalon.core.webui.exception.WebElementNotFoundException: Web element with id: 'Object Repository/Login Credentials/Email' located by '//input[@name='email']' not found
	at com.kms.katalon.core.webui.keyword.internal.WebUIKeywordMain.stepFailed(WebUIKeywordMain.groovy:64)
	at com.kms.katalon.core.webui.keyword.builtin.VerifyElementPresentKeyword$_verifyElementPresent_closure1.doCall(VerifyElementPresentKeyword.groovy:85)
	at com.kms.katalon.core.webui.keyword.builtin.VerifyElementPresentKeyword$_verifyElementPresent_closure1.call(VerifyElementPresentKeyword.groovy)
	at com.kms.katalon.core.webui.keyword.internal.WebUIKeywordMain.runKeyword(WebUIKeywordMain.groovy:20)
	at com.kms.katalon.core.webui.keyword.builtin.VerifyElementPresentKeyword.verifyElementPresent(VerifyElementPresentKeyword.groovy:92)
	at com.kms.katalon.core.webui.keyword.builtin.VerifyElementPresentKeyword.execute(VerifyElementPresentKeyword.groovy:68)
	at com.kms.katalon.core.keyword.internal.KeywordExecutor.executeKeywordForPlatform(KeywordExecutor.groovy:73)
	at com.kms.katalon.core.webui.keyword.WebUiBuiltInKeywords.verifyElementPresent(WebUiBuiltInKeywords.groovy:1445)
	at com.kms.katalon.core.webui.keyword.WebUiBuiltInKeywords$verifyElementPresent$2.call(Unknown Source)
	at login.LoginForAdminDevEnvironment.login(LoginForAdminDevEnvironment.groovy:18)
	at login.LoginForAdminDevEnvironment$login.call(Unknown Source)
	at Login.login(Login.groovy:37)
	at Login.invokeMethod(Login.groovy)
	at com.kms.katalon.core.context.internal.TestHooker.invokeMethod(TestHooker.java:111)
	at com.kms.katalon.core.context.internal.TestHooker.lambda$3(TestHooker.java:95)
	at com.kms.katalon.core.context.internal.TestHooker.invokeContextMethods(TestHooker.java:94)
	at com.kms.katalon.core.context.internal.TestListenerCollector.lambda$3(TestListenerCollector.java:88)
	at com.kms.katalon.core.context.internal.TestListenerCollector.handleListenerEvent(TestListenerCollector.java:85)
	at com.kms.katalon.core.context.internal.ExecutionEventManager.publicEvent(ExecutionEventManager.java:36)
	at com.kms.katalon.core.main.TestCaseExecutor.execute(TestCaseExecutor.java:221)
	at com.kms.katalon.core.main.TestSuiteExecutor.accessTestCaseMainPhase(TestSuiteExecutor.java:191)
	at com.kms.katalon.core.main.TestSuiteExecutor.accessTestSuiteMainPhase(TestSuiteExecutor.java:141)
	at com.kms.katalon.core.main.TestSuiteExecutor.execute(TestSuiteExecutor.java:90)
	at com.kms.katalon.core.main.TestCaseMain.startTestSuite(TestCaseMain.java:157)
	at com.kms.katalon.core.main.TestCaseMain$startTestSuite$0.call(Unknown Source)
	at TempTestSuite1610559105062.run(TempTestSuite1610559105062.groovy:39)
)

2021-01-13 13:03:08 - [MESSAGE][INFO] - Unable to find the element located by 'By.xpath: //input[@name='email']'. Please recheck the objects properties to make sure the desired element is located. 

2021-01-13 13:03:08 - [MESSAGE][WARNING] - com.kms.katalon.core.webui.exception.WebElementNotFoundException: Web element with id: 'Object Repository/Login Credentials/Email' located by '//input[@name='email']' not found (Root cause: com.kms.katalon.core.exception.StepFailedException: com.kms.katalon.core.webui.exception.WebElementNotFoundException: Web element with id: 'Object Repository/Login Credentials/Email' located by '//input[@name='email']' not found
	at com.kms.katalon.core.webui.keyword.internal.WebUIKeywordMain.stepFailed(WebUIKeywordMain.groovy:64)
	at com.kms.katalon.core.webui.keyword.builtin.VerifyElementPresentKeyword$_verifyElementPresent_closure1.doCall(VerifyElementPresentKeyword.groovy:85)
	at com.kms.katalon.core.webui.keyword.builtin.VerifyElementPresentKeyword$_verifyElementPresent_closure1.call(VerifyElementPresentKeyword.groovy)
	at com.kms.katalon.core.webui.keyword.internal.WebUIKeywordMain.runKeyword(WebUIKeywordMain.groovy:20)
	at com.kms.katalon.core.webui.keyword.builtin.VerifyElementPresentKeyword.verifyElementPresent(VerifyElementPresentKeyword.groovy:92)
	at com.kms.katalon.core.webui.keyword.builtin.VerifyElementPresentKeyword.execute(VerifyElementPresentKeyword.groovy:68)
	at com.kms.katalon.core.keyword.internal.KeywordExecutor.executeKeywordForPlatform(KeywordExecutor.groovy:73)
	at com.kms.katalon.core.webui.keyword.WebUiBuiltInKeywords.verifyElementPresent(WebUiBuiltInKeywords.groovy:1445)
	at com.kms.katalon.core.webui.keyword.WebUiBuiltInKeywords$verifyElementPresent$2.call(Unknown Source)
	at login.LoginForAdminDevEnvironment.login(LoginForAdminDevEnvironment.groovy:18)
	at login.LoginForAdminDevEnvironment$login.call(Unknown Source)
	at Login.login(Login.groovy:37)
	at Login.invokeMethod(Login.groovy)
	at com.kms.katalon.core.context.internal.TestHooker.invokeMethod(TestHooker.java:111)
	at com.kms.katalon.core.context.internal.TestHooker.lambda$3(TestHooker.java:95)
	at com.kms.katalon.core.context.internal.TestHooker.invokeContextMethods(TestHooker.java:94)
	at com.kms.katalon.core.context.internal.TestListenerCollector.lambda$3(TestListenerCollector.java:88)
	at com.kms.katalon.core.context.internal.TestListenerCollector.handleListenerEvent(TestListenerCollector.java:85)
	at com.kms.katalon.core.context.internal.ExecutionEventManager.publicEvent(ExecutionEventManager.java:36)
	at com.kms.katalon.core.main.TestCaseExecutor.execute(TestCaseExecutor.java:221)
	at com.kms.katalon.core.main.TestSuiteExecutor.accessTestCaseMainPhase(TestSuiteExecutor.java:191)
	at com.kms.katalon.core.main.TestSuiteExecutor.accessTestSuiteMainPhase(TestSuiteExecutor.java:141)
	at com.kms.katalon.core.main.TestSuiteExecutor.execute(TestSuiteExecutor.java:90)
	at com.kms.katalon.core.main.TestCaseMain.startTestSuite(TestCaseMain.java:157)
	at com.kms.katalon.core.main.TestCaseMain$startTestSuite$0.call(Unknown Source)
	at TempTestSuite1610559105062.run(TempTestSuite1610559105062.groovy:39)
)
[[ATTACHMENT|E:\\Modist\\ModistProject\\Reports\\20210113_123145\\AllTestCases\\20210113_123145\\1610560988290.png]]

2021-01-13 13:03:08 - [TEST_STEP][PASSED] - pages.Journey.clickOnJourneyTab(): pages.Journey.clickOnJourneyTab is PASSED

2021-01-13 13:03:08 - [MESSAGE][PASSED] - Object 'Object Repository/Journey/Journeytab' is present

2021-01-13 13:03:09 - [MESSAGE][PASSED] - Object 'Object Repository/Journey/Journeytab' is visible

2021-01-13 13:03:09 - [MESSAGE][PASSED] - Object 'Object Repository/Journey/Journeytab' is clickable

2021-01-13 13:03:09 - [MESSAGE][PASSED] - Object: 'Object Repository/Journey/Journeytab' is clicked on

2021-01-13 13:03:09 - [MESSAGE][PASSED] - pages.Journey.clickOnJourneyTab is PASSED

2021-01-13 13:03:09 - [TEST_STEP][PASSED] - journeyName = pages.Journey.getRandomJourneyName(): pages.Journey.getRandomJourneyName is PASSED

2021-01-13 13:03:10 - [MESSAGE][PASSED] - Object 'Object Repository/Journey/toGetJourneysCount' is present

2021-01-13 13:03:10 - [MESSAGE][PASSED] - Object 'Object Repository/Journey/toGetJourneysCount' is present

2021-01-13 13:03:10 - [MESSAGE][PASSED] - Text of object 'Object Repository/Journey/toPickrandomJourney(index)' is: 'journey 1'

2021-01-13 13:03:10 - [MESSAGE][PASSED] - pages.Journey.getRandomJourneyName is PASSED

2021-01-13 13:03:10 - [TEST_STEP][PASSED] - accessCode = pages.Journey.getExistingJourneyAccesscode(journeyName): pages.Journey.getExistingJourneyAccesscode is PASSED

2021-01-13 13:03:11 - [MESSAGE][PASSED] - Object 'Object Repository/Journey/journrySearchInput' is present

2021-01-13 13:03:11 - [MESSAGE][PASSED] - Object 'Object Repository/Journey/journrySearchInput' is visible

2021-01-13 13:03:11 - [MESSAGE][PASSED] - Object 'Object Repository/Journey/journrySearchInput' is clickable

2021-01-13 13:03:11 - [MESSAGE][PASSED] - Text of object 'Object Repository/Journey/journrySearchInput' is cleared

2021-01-13 13:03:12 - [MESSAGE][PASSED] - Keys '' sent to object: 'Object Repository/Journey/journrySearchInput'

2021-01-13 13:03:12 - [MESSAGE][PASSED] - Keys 'j' sent to object: 'Object Repository/Journey/journrySearchInput'

2021-01-13 13:03:13 - [MESSAGE][PASSED] - Keys 'o' sent to object: 'Object Repository/Journey/journrySearchInput'

2021-01-13 13:03:13 - [MESSAGE][PASSED] - Keys 'u' sent to object: 'Object Repository/Journey/journrySearchInput'

2021-01-13 13:03:14 - [MESSAGE][PASSED] - Keys 'r' sent to object: 'Object Repository/Journey/journrySearchInput'

2021-01-13 13:03:15 - [MESSAGE][PASSED] - Keys 'n' sent to object: 'Object Repository/Journey/journrySearchInput'

2021-01-13 13:03:15 - [MESSAGE][PASSED] - Keys 'e' sent to object: 'Object Repository/Journey/journrySearchInput'

2021-01-13 13:03:16 - [MESSAGE][PASSED] - Keys 'y' sent to object: 'Object Repository/Journey/journrySearchInput'

2021-01-13 13:03:16 - [MESSAGE][PASSED] - Keys ' ' sent to object: 'Object Repository/Journey/journrySearchInput'

2021-01-13 13:03:17 - [MESSAGE][PASSED] - Keys '1' sent to object: 'Object Repository/Journey/journrySearchInput'

2021-01-13 13:03:18 - [MESSAGE][PASSED] - Object 'Object Repository/Journey/journrySearchInput' is present

2021-01-13 13:03:18 - [MESSAGE][PASSED] - Object 'Object Repository/Journey/journrySearchInput' is visible

2021-01-13 13:03:19 - [MESSAGE][PASSED] - Object 'Object Repository/Journey/journrySearchInput' is clickable

2021-01-13 13:03:19 - [MESSAGE][PASSED] - Text of object 'Object Repository/Journey/journrySearchInput' is cleared

2021-01-13 13:03:20 - [MESSAGE][PASSED] - Keys '' sent to object: 'Object Repository/Journey/journrySearchInput'

2021-01-13 13:03:20 - [MESSAGE][PASSED] - Keys 'j' sent to object: 'Object Repository/Journey/journrySearchInput'

2021-01-13 13:03:21 - [MESSAGE][PASSED] - Keys 'o' sent to object: 'Object Repository/Journey/journrySearchInput'

2021-01-13 13:03:22 - [MESSAGE][PASSED] - Keys 'u' sent to object: 'Object Repository/Journey/journrySearchInput'

2021-01-13 13:03:23 - [MESSAGE][PASSED] - Keys 'r' sent to object: 'Object Repository/Journey/journrySearchInput'

2021-01-13 13:03:23 - [MESSAGE][PASSED] - Keys 'n' sent to object: 'Object Repository/Journey/journrySearchInput'

2021-01-13 13:03:24 - [MESSAGE][PASSED] - Keys 'e' sent to object: 'Object Repository/Journey/journrySearchInput'

2021-01-13 13:03:24 - [MESSAGE][PASSED] - Keys 'y' sent to object: 'Object Repository/Journey/journrySearchInput'

2021-01-13 13:03:25 - [MESSAGE][PASSED] - Keys ' ' sent to object: 'Object Repository/Journey/journrySearchInput'

2021-01-13 13:03:26 - [MESSAGE][PASSED] - Keys '1' sent to object: 'Object Repository/Journey/journrySearchInput'

2021-01-13 13:03:27 - [MESSAGE][PASSED] - Object 'Object Repository/Journey/clickVerifyingJourney(journeyName)' is present

2021-01-13 13:03:27 - [MESSAGE][PASSED] - Object 'Object Repository/Journey/clickVerifyingJourney(journeyName)' is visible

2021-01-13 13:03:28 - [MESSAGE][PASSED] - Object 'Object Repository/Journey/clickVerifyingJourney(journeyName)' is clickable

2021-01-13 13:03:28 - [MESSAGE][PASSED] - Object: 'Object Repository/Journey/clickVerifyingJourney(journeyName)' is clicked on

2021-01-13 13:03:29 - [MESSAGE][PASSED] - Scroll to object 'Object Repository/Journey/Current Access Codes/currentAccessCodeField' successfully

2021-01-13 13:03:30 - [MESSAGE][PASSED] - Object 'Object Repository/Journey/Current Access Codes/getAccessCodesCount' is present

2021-01-13 13:03:30 - [MESSAGE][PASSED] - Text of object 'Object Repository/Journey/Current Access Codes/getAccessCodeText(index)' is: 'access7'

2021-01-13 13:03:30 - [MESSAGE][PASSED] - pages.Journey.getExistingJourneyAccesscode is PASSED

2021-01-13 13:03:30 - [TEST_STEP][PASSED] - login.LoginForJourneyApplication.loginToJourneyApplication(): login.LoginForJourneyApplication.loginToJourneyApplication is PASSED

2021-01-13 13:03:30 - [MESSAGE][PASSED] - Navigate to 'https://qualitlabs.dev.modist.co/' successfully

2021-01-13 13:03:30 - [MESSAGE][PASSED] - login.LoginForJourneyApplication.loginToJourneyApplication is PASSED

2021-01-13 13:03:30 - [TEST_STEP][PASSED] - pages.Journey.enterAccessCodeInJourney(accessCode): pages.Journey.enterAccessCodeInJourney is PASSED

2021-01-13 13:03:31 - [MESSAGE][PASSED] - Object 'Object Repository/Journey/JourneyPortal/enterAccessCode' is present

2021-01-13 13:03:32 - [MESSAGE][PASSED] - Object 'Object Repository/Journey/JourneyPortal/enterAccessCode' is visible

2021-01-13 13:03:32 - [MESSAGE][PASSED] - Object 'Object Repository/Journey/JourneyPortal/enterAccessCode' is clickable

2021-01-13 13:03:32 - [MESSAGE][PASSED] - Text of object 'Object Repository/Journey/JourneyPortal/enterAccessCode' is cleared

2021-01-13 13:03:33 - [MESSAGE][PASSED] - Keys 'access7' sent to object: 'Object Repository/Journey/JourneyPortal/enterAccessCode'

2021-01-13 13:03:33 - [MESSAGE][PASSED] - pages.Journey.enterAccessCodeInJourney is PASSED

2021-01-13 13:03:33 - [TEST_STEP][PASSED] - pages.Journey.clickEnterButton(): pages.Journey.clickEnterButton is PASSED

2021-01-13 13:03:33 - [MESSAGE][PASSED] - Object 'Object Repository/Journey/JourneyPortal/EnterButton' is present

2021-01-13 13:03:33 - [MESSAGE][PASSED] - Object 'Object Repository/Journey/JourneyPortal/EnterButton' is visible

2021-01-13 13:03:34 - [MESSAGE][PASSED] - Object 'Object Repository/Journey/JourneyPortal/EnterButton' is clickable

2021-01-13 13:03:34 - [MESSAGE][PASSED] - Object: 'Object Repository/Journey/JourneyPortal/EnterButton' is clicked on

2021-01-13 13:03:34 - [MESSAGE][PASSED] - pages.Journey.clickEnterButton is PASSED

2021-01-13 13:03:34 - [TEST_STEP][PASSED] - pages.JourneyPortal.openExistingSection(): pages.JourneyPortal.openExistingSection is PASSED

2021-01-13 13:03:37 - [MESSAGE][PASSED] - Object 'Object Repository/Journey/JourneyPortal/Section/getSectionsCount' is present

2021-01-13 13:03:37 - [MESSAGE][PASSED] - Object 'Object Repository/Journey/JourneyPortal/Section/openSection(index)' is present

2021-01-13 13:03:38 - [MESSAGE][PASSED] - Object 'Object Repository/Journey/JourneyPortal/Section/openSection(index)' is visible

2021-01-13 13:03:38 - [MESSAGE][PASSED] - Object 'Object Repository/Journey/JourneyPortal/Section/openSection(index)' is clickable

2021-01-13 13:03:38 - [MESSAGE][PASSED] - Object: 'Object Repository/Journey/JourneyPortal/Section/openSection(index)' is clicked on

2021-01-13 13:03:38 - [MESSAGE][PASSED] - pages.JourneyPortal.openExistingSection is PASSED

2021-01-13 13:03:38 - [TEST_STEP][PASSED] - pages.JourneyPortal.verifyBackButtonAfterEnteringInToSection(): pages.JourneyPortal.verifyBackButtonAfterEnteringInToSection is PASSED

2021-01-13 13:03:39 - [MESSAGE][PASSED] - Object 'Object Repository/Journey/JourneyPortal/Product/bakcButton' is present

2021-01-13 13:03:39 - [MESSAGE][PASSED] - pages.JourneyPortal.verifyBackButtonAfterEnteringInToSection is PASSED

2021-01-13 13:03:39 - [TEST_STEP][PASSED] - pages.JourneyPortal.productPageCheck(): pages.JourneyPortal.productPageCheck is PASSED

2021-01-13 13:03:40 - [MESSAGE][PASSED] - Object 'Object Repository/Journey/JourneyPortal/Product/productPage' is present

2021-01-13 13:03:40 - [MESSAGE][PASSED] - pages.JourneyPortal.productPageCheck is PASSED]]></system-out>
         <system-err><![CDATA[]]></system-err>
      </testcase>
      <testcase name="Test Cases/JourneyPortal/verifyScrollingBackGroundInJourneyPortal" time="47.23" classname="Test Cases/JourneyPortal/verifyScrollingBackGroundInJourneyPortal" status="PASSED">
         <system-out><![CDATA[2021-01-13 13:03:40 - [TEST_CASE][PASSED] - Test Cases/JourneyPortal/verifyScrollingBackGroundInJourneyPortal: Test Cases/JourneyPortal/verifyScrollingBackGroundInJourneyPortal

2021-01-13 13:03:40 - [TEST_STEP][PASSED] - Start listener action : login: com.kms.katalon.core.webui.exception.WebElementNotFoundException: Web element with id: 'Object Repository/Login Credentials/Email' located by '//input[@name='email']' not found (Root cause: com.kms.katalon.core.exception.StepFailedException: com.kms.katalon.core.webui.exception.WebElementNotFoundException: Web element with id: 'Object Repository/Login Credentials/Email' located by '//input[@name='email']' not found
	at com.kms.katalon.core.webui.keyword.internal.WebUIKeywordMain.stepFailed(WebUIKeywordMain.groovy:64)
	at com.kms.katalon.core.webui.keyword.builtin.VerifyElementPresentKeyword$_verifyElementPresent_closure1.doCall(VerifyElementPresentKeyword.groovy:85)
	at com.kms.katalon.core.webui.keyword.builtin.VerifyElementPresentKeyword$_verifyElementPresent_closure1.call(VerifyElementPresentKeyword.groovy)
	at com.kms.katalon.core.webui.keyword.internal.WebUIKeywordMain.runKeyword(WebUIKeywordMain.groovy:20)
	at com.kms.katalon.core.webui.keyword.builtin.VerifyElementPresentKeyword.verifyElementPresent(VerifyElementPresentKeyword.groovy:92)
	at com.kms.katalon.core.webui.keyword.builtin.VerifyElementPresentKeyword.execute(VerifyElementPresentKeyword.groovy:68)
	at com.kms.katalon.core.keyword.internal.KeywordExecutor.executeKeywordForPlatform(KeywordExecutor.groovy:73)
	at com.kms.katalon.core.webui.keyword.WebUiBuiltInKeywords.verifyElementPresent(WebUiBuiltInKeywords.groovy:1445)
	at com.kms.katalon.core.webui.keyword.WebUiBuiltInKeywords$verifyElementPresent$2.call(Unknown Source)
	at login.LoginForAdminDevEnvironment.login(LoginForAdminDevEnvironment.groovy:18)
	at login.LoginForAdminDevEnvironment$login.call(Unknown Source)
	at Login.login(Login.groovy:37)
	at Login.invokeMethod(Login.groovy)
	at com.kms.katalon.core.context.internal.TestHooker.invokeMethod(TestHooker.java:111)
	at com.kms.katalon.core.context.internal.TestHooker.lambda$3(TestHooker.java:95)
	at com.kms.katalon.core.context.internal.TestHooker.invokeContextMethods(TestHooker.java:94)
	at com.kms.katalon.core.context.internal.TestListenerCollector.lambda$3(TestListenerCollector.java:88)
	at com.kms.katalon.core.context.internal.TestListenerCollector.handleListenerEvent(TestListenerCollector.java:85)
	at com.kms.katalon.core.context.internal.ExecutionEventManager.publicEvent(ExecutionEventManager.java:36)
	at com.kms.katalon.core.main.TestCaseExecutor.execute(TestCaseExecutor.java:221)
	at com.kms.katalon.core.main.TestSuiteExecutor.accessTestCaseMainPhase(TestSuiteExecutor.java:191)
	at com.kms.katalon.core.main.TestSuiteExecutor.accessTestSuiteMainPhase(TestSuiteExecutor.java:141)
	at com.kms.katalon.core.main.TestSuiteExecutor.execute(TestSuiteExecutor.java:90)
	at com.kms.katalon.core.main.TestCaseMain.startTestSuite(TestCaseMain.java:157)
	at com.kms.katalon.core.main.TestCaseMain$startTestSuite$0.call(Unknown Source)
	at TempTestSuite1610559105062.run(TempTestSuite1610559105062.groovy:39)
)

2021-01-13 13:03:40 - [TEST_STEP][PASSED] - Thread.sleep(3000): null

2021-01-13 13:03:43 - [TEST_STEP][PASSED] - url = getUrl(): Current window's url is: 'https://qualitlabs.dev.modist.co/products/574'

2021-01-13 13:03:43 - [MESSAGE][PASSED] - Current window's url is: 'https://qualitlabs.dev.modist.co/products/574'

2021-01-13 13:03:43 - [TEST_STEP][PASSED] - if (!(url.contains("dashboard"))): com.kms.katalon.core.webui.exception.WebElementNotFoundException: Web element with id: 'Object Repository/Login Credentials/Email' located by '//input[@name='email']' not found (Root cause: com.kms.katalon.core.exception.StepFailedException: com.kms.katalon.core.webui.exception.WebElementNotFoundException: Web element with id: 'Object Repository/Login Credentials/Email' located by '//input[@name='email']' not found
	at com.kms.katalon.core.webui.keyword.internal.WebUIKeywordMain.stepFailed(WebUIKeywordMain.groovy:64)
	at com.kms.katalon.core.webui.keyword.builtin.VerifyElementPresentKeyword$_verifyElementPresent_closure1.doCall(VerifyElementPresentKeyword.groovy:85)
	at com.kms.katalon.core.webui.keyword.builtin.VerifyElementPresentKeyword$_verifyElementPresent_closure1.call(VerifyElementPresentKeyword.groovy)
	at com.kms.katalon.core.webui.keyword.internal.WebUIKeywordMain.runKeyword(WebUIKeywordMain.groovy:20)
	at com.kms.katalon.core.webui.keyword.builtin.VerifyElementPresentKeyword.verifyElementPresent(VerifyElementPresentKeyword.groovy:92)
	at com.kms.katalon.core.webui.keyword.builtin.VerifyElementPresentKeyword.execute(VerifyElementPresentKeyword.groovy:68)
	at com.kms.katalon.core.keyword.internal.KeywordExecutor.executeKeywordForPlatform(KeywordExecutor.groovy:73)
	at com.kms.katalon.core.webui.keyword.WebUiBuiltInKeywords.verifyElementPresent(WebUiBuiltInKeywords.groovy:1445)
	at com.kms.katalon.core.webui.keyword.WebUiBuiltInKeywords$verifyElementPresent$2.call(Unknown Source)
	at login.LoginForAdminDevEnvironment.login(LoginForAdminDevEnvironment.groovy:18)
	at login.LoginForAdminDevEnvironment$login.call(Unknown Source)
	at Login.login(Login.groovy:37)
	at Login.invokeMethod(Login.groovy)
	at com.kms.katalon.core.context.internal.TestHooker.invokeMethod(TestHooker.java:111)
	at com.kms.katalon.core.context.internal.TestHooker.lambda$3(TestHooker.java:95)
	at com.kms.katalon.core.context.internal.TestHooker.invokeContextMethods(TestHooker.java:94)
	at com.kms.katalon.core.context.internal.TestListenerCollector.lambda$3(TestListenerCollector.java:88)
	at com.kms.katalon.core.context.internal.TestListenerCollector.handleListenerEvent(TestListenerCollector.java:85)
	at com.kms.katalon.core.context.internal.ExecutionEventManager.publicEvent(ExecutionEventManager.java:36)
	at com.kms.katalon.core.main.TestCaseExecutor.execute(TestCaseExecutor.java:221)
	at com.kms.katalon.core.main.TestSuiteExecutor.accessTestCaseMainPhase(TestSuiteExecutor.java:191)
	at com.kms.katalon.core.main.TestSuiteExecutor.accessTestSuiteMainPhase(TestSuiteExecutor.java:141)
	at com.kms.katalon.core.main.TestSuiteExecutor.execute(TestSuiteExecutor.java:90)
	at com.kms.katalon.core.main.TestCaseMain.startTestSuite(TestCaseMain.java:157)
	at com.kms.katalon.core.main.TestCaseMain$startTestSuite$0.call(Unknown Source)
	at TempTestSuite1610559105062.run(TempTestSuite1610559105062.groovy:39)
)

2021-01-13 13:03:43 - [TEST_STEP][PASSED] - navigateToUrl(Url): Navigate to 'https://dev-admin.modist.co/' successfully

2021-01-13 13:03:43 - [MESSAGE][PASSED] - Navigate to 'https://dev-admin.modist.co/' successfully

2021-01-13 13:03:43 - [TEST_STEP][PASSED] - loginPage.login(Email, Password): com.kms.katalon.core.webui.exception.WebElementNotFoundException: Web element with id: 'Object Repository/Login Credentials/Email' located by '//input[@name='email']' not found (Root cause: com.kms.katalon.core.exception.StepFailedException: com.kms.katalon.core.webui.exception.WebElementNotFoundException: Web element with id: 'Object Repository/Login Credentials/Email' located by '//input[@name='email']' not found
	at com.kms.katalon.core.webui.keyword.internal.WebUIKeywordMain.stepFailed(WebUIKeywordMain.groovy:64)
	at com.kms.katalon.core.webui.keyword.builtin.VerifyElementPresentKeyword$_verifyElementPresent_closure1.doCall(VerifyElementPresentKeyword.groovy:85)
	at com.kms.katalon.core.webui.keyword.builtin.VerifyElementPresentKeyword$_verifyElementPresent_closure1.call(VerifyElementPresentKeyword.groovy)
	at com.kms.katalon.core.webui.keyword.internal.WebUIKeywordMain.runKeyword(WebUIKeywordMain.groovy:20)
	at com.kms.katalon.core.webui.keyword.builtin.VerifyElementPresentKeyword.verifyElementPresent(VerifyElementPresentKeyword.groovy:92)
	at com.kms.katalon.core.webui.keyword.builtin.VerifyElementPresentKeyword.execute(VerifyElementPresentKeyword.groovy:68)
	at com.kms.katalon.core.keyword.internal.KeywordExecutor.executeKeywordForPlatform(KeywordExecutor.groovy:73)
	at com.kms.katalon.core.webui.keyword.WebUiBuiltInKeywords.verifyElementPresent(WebUiBuiltInKeywords.groovy:1445)
	at com.kms.katalon.core.webui.keyword.WebUiBuiltInKeywords$verifyElementPresent$2.call(Unknown Source)
	at login.LoginForAdminDevEnvironment.login(LoginForAdminDevEnvironment.groovy:18)
	at login.LoginForAdminDevEnvironment$login.call(Unknown Source)
	at Login.login(Login.groovy:37)
	at Login.invokeMethod(Login.groovy)
	at com.kms.katalon.core.context.internal.TestHooker.invokeMethod(TestHooker.java:111)
	at com.kms.katalon.core.context.internal.TestHooker.lambda$3(TestHooker.java:95)
	at com.kms.katalon.core.context.internal.TestHooker.invokeContextMethods(TestHooker.java:94)
	at com.kms.katalon.core.context.internal.TestListenerCollector.lambda$3(TestListenerCollector.java:88)
	at com.kms.katalon.core.context.internal.TestListenerCollector.handleListenerEvent(TestListenerCollector.java:85)
	at com.kms.katalon.core.context.internal.ExecutionEventManager.publicEvent(ExecutionEventManager.java:36)
	at com.kms.katalon.core.main.TestCaseExecutor.execute(TestCaseExecutor.java:221)
	at com.kms.katalon.core.main.TestSuiteExecutor.accessTestCaseMainPhase(TestSuiteExecutor.java:191)
	at com.kms.katalon.core.main.TestSuiteExecutor.accessTestSuiteMainPhase(TestSuiteExecutor.java:141)
	at com.kms.katalon.core.main.TestSuiteExecutor.execute(TestSuiteExecutor.java:90)
	at com.kms.katalon.core.main.TestCaseMain.startTestSuite(TestCaseMain.java:157)
	at com.kms.katalon.core.main.TestCaseMain$startTestSuite$0.call(Unknown Source)
	at TempTestSuite1610559105062.run(TempTestSuite1610559105062.groovy:39)
)

2021-01-13 13:03:49 - [MESSAGE][INFO] - Unable to find the element located by 'By.xpath: //input[@name='email']'. Please recheck the objects properties to make sure the desired element is located. 

2021-01-13 13:03:49 - [MESSAGE][WARNING] - com.kms.katalon.core.webui.exception.WebElementNotFoundException: Web element with id: 'Object Repository/Login Credentials/Email' located by '//input[@name='email']' not found (Root cause: com.kms.katalon.core.exception.StepFailedException: com.kms.katalon.core.webui.exception.WebElementNotFoundException: Web element with id: 'Object Repository/Login Credentials/Email' located by '//input[@name='email']' not found
	at com.kms.katalon.core.webui.keyword.internal.WebUIKeywordMain.stepFailed(WebUIKeywordMain.groovy:64)
	at com.kms.katalon.core.webui.keyword.builtin.VerifyElementPresentKeyword$_verifyElementPresent_closure1.doCall(VerifyElementPresentKeyword.groovy:85)
	at com.kms.katalon.core.webui.keyword.builtin.VerifyElementPresentKeyword$_verifyElementPresent_closure1.call(VerifyElementPresentKeyword.groovy)
	at com.kms.katalon.core.webui.keyword.internal.WebUIKeywordMain.runKeyword(WebUIKeywordMain.groovy:20)
	at com.kms.katalon.core.webui.keyword.builtin.VerifyElementPresentKeyword.verifyElementPresent(VerifyElementPresentKeyword.groovy:92)
	at com.kms.katalon.core.webui.keyword.builtin.VerifyElementPresentKeyword.execute(VerifyElementPresentKeyword.groovy:68)
	at com.kms.katalon.core.keyword.internal.KeywordExecutor.executeKeywordForPlatform(KeywordExecutor.groovy:73)
	at com.kms.katalon.core.webui.keyword.WebUiBuiltInKeywords.verifyElementPresent(WebUiBuiltInKeywords.groovy:1445)
	at com.kms.katalon.core.webui.keyword.WebUiBuiltInKeywords$verifyElementPresent$2.call(Unknown Source)
	at login.LoginForAdminDevEnvironment.login(LoginForAdminDevEnvironment.groovy:18)
	at login.LoginForAdminDevEnvironment$login.call(Unknown Source)
	at Login.login(Login.groovy:37)
	at Login.invokeMethod(Login.groovy)
	at com.kms.katalon.core.context.internal.TestHooker.invokeMethod(TestHooker.java:111)
	at com.kms.katalon.core.context.internal.TestHooker.lambda$3(TestHooker.java:95)
	at com.kms.katalon.core.context.internal.TestHooker.invokeContextMethods(TestHooker.java:94)
	at com.kms.katalon.core.context.internal.TestListenerCollector.lambda$3(TestListenerCollector.java:88)
	at com.kms.katalon.core.context.internal.TestListenerCollector.handleListenerEvent(TestListenerCollector.java:85)
	at com.kms.katalon.core.context.internal.ExecutionEventManager.publicEvent(ExecutionEventManager.java:36)
	at com.kms.katalon.core.main.TestCaseExecutor.execute(TestCaseExecutor.java:221)
	at com.kms.katalon.core.main.TestSuiteExecutor.accessTestCaseMainPhase(TestSuiteExecutor.java:191)
	at com.kms.katalon.core.main.TestSuiteExecutor.accessTestSuiteMainPhase(TestSuiteExecutor.java:141)
	at com.kms.katalon.core.main.TestSuiteExecutor.execute(TestSuiteExecutor.java:90)
	at com.kms.katalon.core.main.TestCaseMain.startTestSuite(TestCaseMain.java:157)
	at com.kms.katalon.core.main.TestCaseMain$startTestSuite$0.call(Unknown Source)
	at TempTestSuite1610559105062.run(TempTestSuite1610559105062.groovy:39)
)
[[ATTACHMENT|E:\\Modist\\ModistProject\\Reports\\20210113_123145\\AllTestCases\\20210113_123145\\1610561029084.png]]

2021-01-13 13:03:49 - [TEST_STEP][PASSED] - pages.Journey.clickOnJourneyTab(): pages.Journey.clickOnJourneyTab is PASSED

2021-01-13 13:03:49 - [MESSAGE][PASSED] - Object 'Object Repository/Journey/Journeytab' is present

2021-01-13 13:03:49 - [MESSAGE][PASSED] - Object 'Object Repository/Journey/Journeytab' is visible

2021-01-13 13:03:50 - [MESSAGE][PASSED] - Object 'Object Repository/Journey/Journeytab' is clickable

2021-01-13 13:03:50 - [MESSAGE][PASSED] - Object: 'Object Repository/Journey/Journeytab' is clicked on

2021-01-13 13:03:50 - [MESSAGE][PASSED] - pages.Journey.clickOnJourneyTab is PASSED

2021-01-13 13:03:50 - [TEST_STEP][PASSED] - journeyName = pages.Journey.getRandomJourneyName(): pages.Journey.getRandomJourneyName is PASSED

2021-01-13 13:03:50 - [MESSAGE][PASSED] - Object 'Object Repository/Journey/toGetJourneysCount' is present

2021-01-13 13:03:51 - [MESSAGE][PASSED] - Object 'Object Repository/Journey/toGetJourneysCount' is present

2021-01-13 13:03:51 - [MESSAGE][PASSED] - Text of object 'Object Repository/Journey/toPickrandomJourney(index)' is: 'jai journey 1'

2021-01-13 13:03:51 - [MESSAGE][PASSED] - pages.Journey.getRandomJourneyName is PASSED

2021-01-13 13:03:51 - [TEST_STEP][PASSED] - accessCode = pages.Journey.getExistingJourneyAccesscode(journeyName): pages.Journey.getExistingJourneyAccesscode is PASSED

2021-01-13 13:03:52 - [MESSAGE][PASSED] - Object 'Object Repository/Journey/journrySearchInput' is present

2021-01-13 13:03:52 - [MESSAGE][PASSED] - Object 'Object Repository/Journey/journrySearchInput' is visible

2021-01-13 13:03:52 - [MESSAGE][PASSED] - Object 'Object Repository/Journey/journrySearchInput' is clickable

2021-01-13 13:03:52 - [MESSAGE][PASSED] - Text of object 'Object Repository/Journey/journrySearchInput' is cleared

2021-01-13 13:03:53 - [MESSAGE][PASSED] - Keys '' sent to object: 'Object Repository/Journey/journrySearchInput'

2021-01-13 13:03:53 - [MESSAGE][PASSED] - Keys 'j' sent to object: 'Object Repository/Journey/journrySearchInput'

2021-01-13 13:03:53 - [MESSAGE][PASSED] - Keys 'a' sent to object: 'Object Repository/Journey/journrySearchInput'

2021-01-13 13:03:55 - [MESSAGE][PASSED] - Keys 'i' sent to object: 'Object Repository/Journey/journrySearchInput'

2021-01-13 13:03:55 - [MESSAGE][PASSED] - Keys ' ' sent to object: 'Object Repository/Journey/journrySearchInput'

2021-01-13 13:03:56 - [MESSAGE][PASSED] - Keys 'j' sent to object: 'Object Repository/Journey/journrySearchInput'

2021-01-13 13:03:56 - [MESSAGE][PASSED] - Keys 'o' sent to object: 'Object Repository/Journey/journrySearchInput'

2021-01-13 13:03:57 - [MESSAGE][PASSED] - Keys 'u' sent to object: 'Object Repository/Journey/journrySearchInput'

2021-01-13 13:03:57 - [MESSAGE][PASSED] - Keys 'r' sent to object: 'Object Repository/Journey/journrySearchInput'

2021-01-13 13:03:58 - [MESSAGE][PASSED] - Keys 'n' sent to object: 'Object Repository/Journey/journrySearchInput'

2021-01-13 13:03:58 - [MESSAGE][PASSED] - Keys 'e' sent to object: 'Object Repository/Journey/journrySearchInput'

2021-01-13 13:03:59 - [MESSAGE][PASSED] - Keys 'y' sent to object: 'Object Repository/Journey/journrySearchInput'

2021-01-13 13:03:59 - [MESSAGE][PASSED] - Keys ' ' sent to object: 'Object Repository/Journey/journrySearchInput'

2021-01-13 13:04:00 - [MESSAGE][PASSED] - Keys '1' sent to object: 'Object Repository/Journey/journrySearchInput'

2021-01-13 13:04:00 - [MESSAGE][PASSED] - Object 'Object Repository/Journey/journrySearchInput' is present

2021-01-13 13:04:01 - [MESSAGE][PASSED] - Object 'Object Repository/Journey/journrySearchInput' is visible

2021-01-13 13:04:01 - [MESSAGE][PASSED] - Object 'Object Repository/Journey/journrySearchInput' is clickable

2021-01-13 13:04:01 - [MESSAGE][PASSED] - Text of object 'Object Repository/Journey/journrySearchInput' is cleared

2021-01-13 13:04:02 - [MESSAGE][PASSED] - Keys '' sent to object: 'Object Repository/Journey/journrySearchInput'

2021-01-13 13:04:03 - [MESSAGE][PASSED] - Keys 'j' sent to object: 'Object Repository/Journey/journrySearchInput'

2021-01-13 13:04:03 - [MESSAGE][PASSED] - Keys 'a' sent to object: 'Object Repository/Journey/journrySearchInput'

2021-01-13 13:04:04 - [MESSAGE][PASSED] - Keys 'i' sent to object: 'Object Repository/Journey/journrySearchInput'

2021-01-13 13:04:05 - [MESSAGE][PASSED] - Keys ' ' sent to object: 'Object Repository/Journey/journrySearchInput'

2021-01-13 13:04:05 - [MESSAGE][PASSED] - Keys 'j' sent to object: 'Object Repository/Journey/journrySearchInput'

2021-01-13 13:04:06 - [MESSAGE][PASSED] - Keys 'o' sent to object: 'Object Repository/Journey/journrySearchInput'

2021-01-13 13:04:06 - [MESSAGE][PASSED] - Keys 'u' sent to object: 'Object Repository/Journey/journrySearchInput'

2021-01-13 13:04:07 - [MESSAGE][PASSED] - Keys 'r' sent to object: 'Object Repository/Journey/journrySearchInput'

2021-01-13 13:04:07 - [MESSAGE][PASSED] - Keys 'n' sent to object: 'Object Repository/Journey/journrySearchInput'

2021-01-13 13:04:08 - [MESSAGE][PASSED] - Keys 'e' sent to object: 'Object Repository/Journey/journrySearchInput'

2021-01-13 13:04:08 - [MESSAGE][PASSED] - Keys 'y' sent to object: 'Object Repository/Journey/journrySearchInput'

2021-01-13 13:04:09 - [MESSAGE][PASSED] - Keys ' ' sent to object: 'Object Repository/Journey/journrySearchInput'

2021-01-13 13:04:09 - [MESSAGE][PASSED] - Keys '1' sent to object: 'Object Repository/Journey/journrySearchInput'

2021-01-13 13:04:09 - [MESSAGE][PASSED] - Object 'Object Repository/Journey/clickVerifyingJourney(journeyName)' is present

2021-01-13 13:04:10 - [MESSAGE][PASSED] - Object 'Object Repository/Journey/clickVerifyingJourney(journeyName)' is visible

2021-01-13 13:04:10 - [MESSAGE][PASSED] - Object 'Object Repository/Journey/clickVerifyingJourney(journeyName)' is clickable

2021-01-13 13:04:10 - [MESSAGE][PASSED] - Object: 'Object Repository/Journey/clickVerifyingJourney(journeyName)' is clicked on

2021-01-13 13:04:11 - [MESSAGE][PASSED] - Scroll to object 'Object Repository/Journey/Current Access Codes/currentAccessCodeField' successfully

2021-01-13 13:04:12 - [MESSAGE][PASSED] - Object 'Object Repository/Journey/Current Access Codes/getAccessCodesCount' is present

2021-01-13 13:04:13 - [MESSAGE][PASSED] - Text of object 'Object Repository/Journey/Current Access Codes/getAccessCodeText(index)' is: 'jp1'

2021-01-13 13:04:13 - [MESSAGE][PASSED] - pages.Journey.getExistingJourneyAccesscode is PASSED

2021-01-13 13:04:13 - [TEST_STEP][PASSED] - pages.Journey.typeOfBackGroundToScrollingBackground(): pages.Journey.typeOfBackGroundToScrollingBackground is PASSED

2021-01-13 13:04:13 - [MESSAGE][PASSED] - Scroll to object 'Object Repository/Journey/typeField/clickOnType' successfully

2021-01-13 13:04:13 - [MESSAGE][PASSED] - Object 'Object Repository/Journey/typeField/clickOnType' is present

2021-01-13 13:04:14 - [MESSAGE][PASSED] - Object 'Object Repository/Journey/typeField/clickOnType' is visible

2021-01-13 13:04:14 - [MESSAGE][PASSED] - Object 'Object Repository/Journey/typeField/clickOnType' is clickable

2021-01-13 13:04:14 - [MESSAGE][PASSED] - Object: 'Object Repository/Journey/typeField/clickOnType' is clicked on

2021-01-13 13:04:15 - [MESSAGE][PASSED] - Object 'Object Repository/Journey/typeField/ScrollingBackGround' is present

2021-01-13 13:04:15 - [MESSAGE][PASSED] - Object 'Object Repository/Journey/typeField/ScrollingBackGround' is visible

2021-01-13 13:04:15 - [MESSAGE][PASSED] - Object 'Object Repository/Journey/typeField/ScrollingBackGround' is clickable

2021-01-13 13:04:16 - [MESSAGE][PASSED] - Object: 'Object Repository/Journey/typeField/ScrollingBackGround' is clicked on

2021-01-13 13:04:16 - [MESSAGE][PASSED] - Object 'Object Repository/CommonButtons/saveButton' is present

2021-01-13 13:04:16 - [MESSAGE][PASSED] - Object 'Object Repository/CommonButtons/saveButton' is visible

2021-01-13 13:04:17 - [MESSAGE][PASSED] - Object 'Object Repository/CommonButtons/saveButton' is clickable

2021-01-13 13:04:17 - [MESSAGE][PASSED] - Object: 'Object Repository/CommonButtons/saveButton' is clicked on

2021-01-13 13:04:17 - [MESSAGE][PASSED] - pages.Journey.typeOfBackGroundToScrollingBackground is PASSED

2021-01-13 13:04:17 - [TEST_STEP][PASSED] - login.LoginForJourneyApplication.loginToJourneyApplication(): login.LoginForJourneyApplication.loginToJourneyApplication is PASSED

2021-01-13 13:04:18 - [MESSAGE][PASSED] - Navigate to 'https://qualitlabs.dev.modist.co/' successfully

2021-01-13 13:04:18 - [MESSAGE][PASSED] - login.LoginForJourneyApplication.loginToJourneyApplication is PASSED

2021-01-13 13:04:18 - [TEST_STEP][PASSED] - pages.Journey.enterAccessCodeInJourney(accessCode): pages.Journey.enterAccessCodeInJourney is PASSED

2021-01-13 13:04:18 - [MESSAGE][PASSED] - Object 'Object Repository/Journey/JourneyPortal/enterAccessCode' is present

2021-01-13 13:04:19 - [MESSAGE][PASSED] - Object 'Object Repository/Journey/JourneyPortal/enterAccessCode' is visible

2021-01-13 13:04:19 - [MESSAGE][PASSED] - Object 'Object Repository/Journey/JourneyPortal/enterAccessCode' is clickable

2021-01-13 13:04:19 - [MESSAGE][PASSED] - Text of object 'Object Repository/Journey/JourneyPortal/enterAccessCode' is cleared

2021-01-13 13:04:20 - [MESSAGE][PASSED] - Keys 'jp1' sent to object: 'Object Repository/Journey/JourneyPortal/enterAccessCode'

2021-01-13 13:04:20 - [MESSAGE][PASSED] - pages.Journey.enterAccessCodeInJourney is PASSED

2021-01-13 13:04:20 - [TEST_STEP][PASSED] - pages.Journey.clickEnterButton(): pages.Journey.clickEnterButton is PASSED

2021-01-13 13:04:20 - [MESSAGE][PASSED] - Object 'Object Repository/Journey/JourneyPortal/EnterButton' is present

2021-01-13 13:04:20 - [MESSAGE][PASSED] - Object 'Object Repository/Journey/JourneyPortal/EnterButton' is visible

2021-01-13 13:04:21 - [MESSAGE][PASSED] - Object 'Object Repository/Journey/JourneyPortal/EnterButton' is clickable

2021-01-13 13:04:21 - [MESSAGE][PASSED] - Object: 'Object Repository/Journey/JourneyPortal/EnterButton' is clicked on

2021-01-13 13:04:21 - [MESSAGE][PASSED] - pages.Journey.clickEnterButton is PASSED

2021-01-13 13:04:21 - [TEST_STEP][PASSED] - pages.JourneyPortal.openExistingSection(): pages.JourneyPortal.openExistingSection is PASSED

2021-01-13 13:04:24 - [MESSAGE][PASSED] - Object 'Object Repository/Journey/JourneyPortal/Section/getSectionsCount' is present

2021-01-13 13:04:25 - [MESSAGE][PASSED] - Object 'Object Repository/Journey/JourneyPortal/Section/openSection(index)' is present

2021-01-13 13:04:26 - [MESSAGE][PASSED] - Object 'Object Repository/Journey/JourneyPortal/Section/openSection(index)' is visible

2021-01-13 13:04:26 - [MESSAGE][PASSED] - Object 'Object Repository/Journey/JourneyPortal/Section/openSection(index)' is clickable

2021-01-13 13:04:26 - [MESSAGE][PASSED] - Object: 'Object Repository/Journey/JourneyPortal/Section/openSection(index)' is clicked on

2021-01-13 13:04:26 - [MESSAGE][PASSED] - pages.JourneyPortal.openExistingSection is PASSED

2021-01-13 13:04:26 - [TEST_STEP][PASSED] - pages.JourneyPortal.verifyScrollingBackGroundCheck(): pages.JourneyPortal.verifyScrollingBackGroundCheck is PASSED

2021-01-13 13:04:27 - [MESSAGE][PASSED] - Web element with id: 'Object Repository/Journey/JourneyPortal/fixedAndScrollingDetect' located by 'By.xpath: //div[@class='endless-aisle-asset-grid']' is not present after '30' second(s)

2021-01-13 13:04:27 - [MESSAGE][PASSED] - pages.JourneyPortal.verifyScrollingBackGroundCheck is PASSED]]></system-out>
         <system-err><![CDATA[]]></system-err>
      </testcase>
      <testcase name="Test Cases/JourneyPortal/verifySectionInformation" time="38.496" classname="Test Cases/JourneyPortal/verifySectionInformation" status="PASSED">
         <system-out><![CDATA[2021-01-13 13:04:27 - [TEST_CASE][PASSED] - Test Cases/JourneyPortal/verifySectionInformation: Test Cases/JourneyPortal/verifySectionInformation

2021-01-13 13:04:27 - [TEST_STEP][PASSED] - Start listener action : login: com.kms.katalon.core.webui.exception.WebElementNotFoundException: Web element with id: 'Object Repository/Login Credentials/Email' located by '//input[@name='email']' not found (Root cause: com.kms.katalon.core.exception.StepFailedException: com.kms.katalon.core.webui.exception.WebElementNotFoundException: Web element with id: 'Object Repository/Login Credentials/Email' located by '//input[@name='email']' not found
	at com.kms.katalon.core.webui.keyword.internal.WebUIKeywordMain.stepFailed(WebUIKeywordMain.groovy:64)
	at com.kms.katalon.core.webui.keyword.builtin.VerifyElementPresentKeyword$_verifyElementPresent_closure1.doCall(VerifyElementPresentKeyword.groovy:85)
	at com.kms.katalon.core.webui.keyword.builtin.VerifyElementPresentKeyword$_verifyElementPresent_closure1.call(VerifyElementPresentKeyword.groovy)
	at com.kms.katalon.core.webui.keyword.internal.WebUIKeywordMain.runKeyword(WebUIKeywordMain.groovy:20)
	at com.kms.katalon.core.webui.keyword.builtin.VerifyElementPresentKeyword.verifyElementPresent(VerifyElementPresentKeyword.groovy:92)
	at com.kms.katalon.core.webui.keyword.builtin.VerifyElementPresentKeyword.execute(VerifyElementPresentKeyword.groovy:68)
	at com.kms.katalon.core.keyword.internal.KeywordExecutor.executeKeywordForPlatform(KeywordExecutor.groovy:73)
	at com.kms.katalon.core.webui.keyword.WebUiBuiltInKeywords.verifyElementPresent(WebUiBuiltInKeywords.groovy:1445)
	at com.kms.katalon.core.webui.keyword.WebUiBuiltInKeywords$verifyElementPresent$2.call(Unknown Source)
	at login.LoginForAdminDevEnvironment.login(LoginForAdminDevEnvironment.groovy:18)
	at login.LoginForAdminDevEnvironment$login.call(Unknown Source)
	at Login.login(Login.groovy:37)
	at Login.invokeMethod(Login.groovy)
	at com.kms.katalon.core.context.internal.TestHooker.invokeMethod(TestHooker.java:111)
	at com.kms.katalon.core.context.internal.TestHooker.lambda$3(TestHooker.java:95)
	at com.kms.katalon.core.context.internal.TestHooker.invokeContextMethods(TestHooker.java:94)
	at com.kms.katalon.core.context.internal.TestListenerCollector.lambda$3(TestListenerCollector.java:88)
	at com.kms.katalon.core.context.internal.TestListenerCollector.handleListenerEvent(TestListenerCollector.java:85)
	at com.kms.katalon.core.context.internal.ExecutionEventManager.publicEvent(ExecutionEventManager.java:36)
	at com.kms.katalon.core.main.TestCaseExecutor.execute(TestCaseExecutor.java:221)
	at com.kms.katalon.core.main.TestSuiteExecutor.accessTestCaseMainPhase(TestSuiteExecutor.java:191)
	at com.kms.katalon.core.main.TestSuiteExecutor.accessTestSuiteMainPhase(TestSuiteExecutor.java:141)
	at com.kms.katalon.core.main.TestSuiteExecutor.execute(TestSuiteExecutor.java:90)
	at com.kms.katalon.core.main.TestCaseMain.startTestSuite(TestCaseMain.java:157)
	at com.kms.katalon.core.main.TestCaseMain$startTestSuite$0.call(Unknown Source)
	at TempTestSuite1610559105062.run(TempTestSuite1610559105062.groovy:39)
)

2021-01-13 13:04:27 - [TEST_STEP][PASSED] - Thread.sleep(3000): null

2021-01-13 13:04:30 - [TEST_STEP][PASSED] - url = getUrl(): Current window's url is: 'https://qualitlabs.dev.modist.co/products/464'

2021-01-13 13:04:30 - [MESSAGE][PASSED] - Current window's url is: 'https://qualitlabs.dev.modist.co/products/464'

2021-01-13 13:04:30 - [TEST_STEP][PASSED] - if (!(url.contains("dashboard"))): com.kms.katalon.core.webui.exception.WebElementNotFoundException: Web element with id: 'Object Repository/Login Credentials/Email' located by '//input[@name='email']' not found (Root cause: com.kms.katalon.core.exception.StepFailedException: com.kms.katalon.core.webui.exception.WebElementNotFoundException: Web element with id: 'Object Repository/Login Credentials/Email' located by '//input[@name='email']' not found
	at com.kms.katalon.core.webui.keyword.internal.WebUIKeywordMain.stepFailed(WebUIKeywordMain.groovy:64)
	at com.kms.katalon.core.webui.keyword.builtin.VerifyElementPresentKeyword$_verifyElementPresent_closure1.doCall(VerifyElementPresentKeyword.groovy:85)
	at com.kms.katalon.core.webui.keyword.builtin.VerifyElementPresentKeyword$_verifyElementPresent_closure1.call(VerifyElementPresentKeyword.groovy)
	at com.kms.katalon.core.webui.keyword.internal.WebUIKeywordMain.runKeyword(WebUIKeywordMain.groovy:20)
	at com.kms.katalon.core.webui.keyword.builtin.VerifyElementPresentKeyword.verifyElementPresent(VerifyElementPresentKeyword.groovy:92)
	at com.kms.katalon.core.webui.keyword.builtin.VerifyElementPresentKeyword.execute(VerifyElementPresentKeyword.groovy:68)
	at com.kms.katalon.core.keyword.internal.KeywordExecutor.executeKeywordForPlatform(KeywordExecutor.groovy:73)
	at com.kms.katalon.core.webui.keyword.WebUiBuiltInKeywords.verifyElementPresent(WebUiBuiltInKeywords.groovy:1445)
	at com.kms.katalon.core.webui.keyword.WebUiBuiltInKeywords$verifyElementPresent$2.call(Unknown Source)
	at login.LoginForAdminDevEnvironment.login(LoginForAdminDevEnvironment.groovy:18)
	at login.LoginForAdminDevEnvironment$login.call(Unknown Source)
	at Login.login(Login.groovy:37)
	at Login.invokeMethod(Login.groovy)
	at com.kms.katalon.core.context.internal.TestHooker.invokeMethod(TestHooker.java:111)
	at com.kms.katalon.core.context.internal.TestHooker.lambda$3(TestHooker.java:95)
	at com.kms.katalon.core.context.internal.TestHooker.invokeContextMethods(TestHooker.java:94)
	at com.kms.katalon.core.context.internal.TestListenerCollector.lambda$3(TestListenerCollector.java:88)
	at com.kms.katalon.core.context.internal.TestListenerCollector.handleListenerEvent(TestListenerCollector.java:85)
	at com.kms.katalon.core.context.internal.ExecutionEventManager.publicEvent(ExecutionEventManager.java:36)
	at com.kms.katalon.core.main.TestCaseExecutor.execute(TestCaseExecutor.java:221)
	at com.kms.katalon.core.main.TestSuiteExecutor.accessTestCaseMainPhase(TestSuiteExecutor.java:191)
	at com.kms.katalon.core.main.TestSuiteExecutor.accessTestSuiteMainPhase(TestSuiteExecutor.java:141)
	at com.kms.katalon.core.main.TestSuiteExecutor.execute(TestSuiteExecutor.java:90)
	at com.kms.katalon.core.main.TestCaseMain.startTestSuite(TestCaseMain.java:157)
	at com.kms.katalon.core.main.TestCaseMain$startTestSuite$0.call(Unknown Source)
	at TempTestSuite1610559105062.run(TempTestSuite1610559105062.groovy:39)
)

2021-01-13 13:04:30 - [TEST_STEP][PASSED] - navigateToUrl(Url): Navigate to 'https://dev-admin.modist.co/' successfully

2021-01-13 13:04:30 - [MESSAGE][PASSED] - Navigate to 'https://dev-admin.modist.co/' successfully

2021-01-13 13:04:30 - [TEST_STEP][PASSED] - loginPage.login(Email, Password): com.kms.katalon.core.webui.exception.WebElementNotFoundException: Web element with id: 'Object Repository/Login Credentials/Email' located by '//input[@name='email']' not found (Root cause: com.kms.katalon.core.exception.StepFailedException: com.kms.katalon.core.webui.exception.WebElementNotFoundException: Web element with id: 'Object Repository/Login Credentials/Email' located by '//input[@name='email']' not found
	at com.kms.katalon.core.webui.keyword.internal.WebUIKeywordMain.stepFailed(WebUIKeywordMain.groovy:64)
	at com.kms.katalon.core.webui.keyword.builtin.VerifyElementPresentKeyword$_verifyElementPresent_closure1.doCall(VerifyElementPresentKeyword.groovy:85)
	at com.kms.katalon.core.webui.keyword.builtin.VerifyElementPresentKeyword$_verifyElementPresent_closure1.call(VerifyElementPresentKeyword.groovy)
	at com.kms.katalon.core.webui.keyword.internal.WebUIKeywordMain.runKeyword(WebUIKeywordMain.groovy:20)
	at com.kms.katalon.core.webui.keyword.builtin.VerifyElementPresentKeyword.verifyElementPresent(VerifyElementPresentKeyword.groovy:92)
	at com.kms.katalon.core.webui.keyword.builtin.VerifyElementPresentKeyword.execute(VerifyElementPresentKeyword.groovy:68)
	at com.kms.katalon.core.keyword.internal.KeywordExecutor.executeKeywordForPlatform(KeywordExecutor.groovy:73)
	at com.kms.katalon.core.webui.keyword.WebUiBuiltInKeywords.verifyElementPresent(WebUiBuiltInKeywords.groovy:1445)
	at com.kms.katalon.core.webui.keyword.WebUiBuiltInKeywords$verifyElementPresent$2.call(Unknown Source)
	at login.LoginForAdminDevEnvironment.login(LoginForAdminDevEnvironment.groovy:18)
	at login.LoginForAdminDevEnvironment$login.call(Unknown Source)
	at Login.login(Login.groovy:37)
	at Login.invokeMethod(Login.groovy)
	at com.kms.katalon.core.context.internal.TestHooker.invokeMethod(TestHooker.java:111)
	at com.kms.katalon.core.context.internal.TestHooker.lambda$3(TestHooker.java:95)
	at com.kms.katalon.core.context.internal.TestHooker.invokeContextMethods(TestHooker.java:94)
	at com.kms.katalon.core.context.internal.TestListenerCollector.lambda$3(TestListenerCollector.java:88)
	at com.kms.katalon.core.context.internal.TestListenerCollector.handleListenerEvent(TestListenerCollector.java:85)
	at com.kms.katalon.core.context.internal.ExecutionEventManager.publicEvent(ExecutionEventManager.java:36)
	at com.kms.katalon.core.main.TestCaseExecutor.execute(TestCaseExecutor.java:221)
	at com.kms.katalon.core.main.TestSuiteExecutor.accessTestCaseMainPhase(TestSuiteExecutor.java:191)
	at com.kms.katalon.core.main.TestSuiteExecutor.accessTestSuiteMainPhase(TestSuiteExecutor.java:141)
	at com.kms.katalon.core.main.TestSuiteExecutor.execute(TestSuiteExecutor.java:90)
	at com.kms.katalon.core.main.TestCaseMain.startTestSuite(TestCaseMain.java:157)
	at com.kms.katalon.core.main.TestCaseMain$startTestSuite$0.call(Unknown Source)
	at TempTestSuite1610559105062.run(TempTestSuite1610559105062.groovy:39)
)

2021-01-13 13:04:36 - [MESSAGE][INFO] - Unable to find the element located by 'By.xpath: //input[@name='email']'. Please recheck the objects properties to make sure the desired element is located. 

2021-01-13 13:04:36 - [MESSAGE][WARNING] - com.kms.katalon.core.webui.exception.WebElementNotFoundException: Web element with id: 'Object Repository/Login Credentials/Email' located by '//input[@name='email']' not found (Root cause: com.kms.katalon.core.exception.StepFailedException: com.kms.katalon.core.webui.exception.WebElementNotFoundException: Web element with id: 'Object Repository/Login Credentials/Email' located by '//input[@name='email']' not found
	at com.kms.katalon.core.webui.keyword.internal.WebUIKeywordMain.stepFailed(WebUIKeywordMain.groovy:64)
	at com.kms.katalon.core.webui.keyword.builtin.VerifyElementPresentKeyword$_verifyElementPresent_closure1.doCall(VerifyElementPresentKeyword.groovy:85)
	at com.kms.katalon.core.webui.keyword.builtin.VerifyElementPresentKeyword$_verifyElementPresent_closure1.call(VerifyElementPresentKeyword.groovy)
	at com.kms.katalon.core.webui.keyword.internal.WebUIKeywordMain.runKeyword(WebUIKeywordMain.groovy:20)
	at com.kms.katalon.core.webui.keyword.builtin.VerifyElementPresentKeyword.verifyElementPresent(VerifyElementPresentKeyword.groovy:92)
	at com.kms.katalon.core.webui.keyword.builtin.VerifyElementPresentKeyword.execute(VerifyElementPresentKeyword.groovy:68)
	at com.kms.katalon.core.keyword.internal.KeywordExecutor.executeKeywordForPlatform(KeywordExecutor.groovy:73)
	at com.kms.katalon.core.webui.keyword.WebUiBuiltInKeywords.verifyElementPresent(WebUiBuiltInKeywords.groovy:1445)
	at com.kms.katalon.core.webui.keyword.WebUiBuiltInKeywords$verifyElementPresent$2.call(Unknown Source)
	at login.LoginForAdminDevEnvironment.login(LoginForAdminDevEnvironment.groovy:18)
	at login.LoginForAdminDevEnvironment$login.call(Unknown Source)
	at Login.login(Login.groovy:37)
	at Login.invokeMethod(Login.groovy)
	at com.kms.katalon.core.context.internal.TestHooker.invokeMethod(TestHooker.java:111)
	at com.kms.katalon.core.context.internal.TestHooker.lambda$3(TestHooker.java:95)
	at com.kms.katalon.core.context.internal.TestHooker.invokeContextMethods(TestHooker.java:94)
	at com.kms.katalon.core.context.internal.TestListenerCollector.lambda$3(TestListenerCollector.java:88)
	at com.kms.katalon.core.context.internal.TestListenerCollector.handleListenerEvent(TestListenerCollector.java:85)
	at com.kms.katalon.core.context.internal.ExecutionEventManager.publicEvent(ExecutionEventManager.java:36)
	at com.kms.katalon.core.main.TestCaseExecutor.execute(TestCaseExecutor.java:221)
	at com.kms.katalon.core.main.TestSuiteExecutor.accessTestCaseMainPhase(TestSuiteExecutor.java:191)
	at com.kms.katalon.core.main.TestSuiteExecutor.accessTestSuiteMainPhase(TestSuiteExecutor.java:141)
	at com.kms.katalon.core.main.TestSuiteExecutor.execute(TestSuiteExecutor.java:90)
	at com.kms.katalon.core.main.TestCaseMain.startTestSuite(TestCaseMain.java:157)
	at com.kms.katalon.core.main.TestCaseMain$startTestSuite$0.call(Unknown Source)
	at TempTestSuite1610559105062.run(TempTestSuite1610559105062.groovy:39)
)
[[ATTACHMENT|E:\\Modist\\ModistProject\\Reports\\20210113_123145\\AllTestCases\\20210113_123145\\1610561076139.png]]

2021-01-13 13:04:36 - [TEST_STEP][PASSED] - pages.Journey.clickOnJourneyTab(): pages.Journey.clickOnJourneyTab is PASSED

2021-01-13 13:04:36 - [MESSAGE][PASSED] - Object 'Object Repository/Journey/Journeytab' is present

2021-01-13 13:04:37 - [MESSAGE][PASSED] - Object 'Object Repository/Journey/Journeytab' is visible

2021-01-13 13:04:37 - [MESSAGE][PASSED] - Object 'Object Repository/Journey/Journeytab' is clickable

2021-01-13 13:04:37 - [MESSAGE][PASSED] - Object: 'Object Repository/Journey/Journeytab' is clicked on

2021-01-13 13:04:37 - [MESSAGE][PASSED] - pages.Journey.clickOnJourneyTab is PASSED

2021-01-13 13:04:37 - [TEST_STEP][PASSED] - journeyName = pages.Journey.getRandomJourneyName(): pages.Journey.getRandomJourneyName is PASSED

2021-01-13 13:04:38 - [MESSAGE][PASSED] - Object 'Object Repository/Journey/toGetJourneysCount' is present

2021-01-13 13:04:38 - [MESSAGE][PASSED] - Object 'Object Repository/Journey/toGetJourneysCount' is present

2021-01-13 13:04:39 - [MESSAGE][PASSED] - Text of object 'Object Repository/Journey/toPickrandomJourney(index)' is: 'journey 1'

2021-01-13 13:04:39 - [MESSAGE][PASSED] - pages.Journey.getRandomJourneyName is PASSED

2021-01-13 13:04:39 - [TEST_STEP][PASSED] - accessCode = pages.Journey.getExistingJourneyAccesscode(journeyName): pages.Journey.getExistingJourneyAccesscode is PASSED

2021-01-13 13:04:39 - [MESSAGE][PASSED] - Object 'Object Repository/Journey/journrySearchInput' is present

2021-01-13 13:04:39 - [MESSAGE][PASSED] - Object 'Object Repository/Journey/journrySearchInput' is visible

2021-01-13 13:04:39 - [MESSAGE][PASSED] - Object 'Object Repository/Journey/journrySearchInput' is clickable

2021-01-13 13:04:40 - [MESSAGE][PASSED] - Text of object 'Object Repository/Journey/journrySearchInput' is cleared

2021-01-13 13:04:40 - [MESSAGE][PASSED] - Keys '' sent to object: 'Object Repository/Journey/journrySearchInput'

2021-01-13 13:04:40 - [MESSAGE][PASSED] - Keys 'j' sent to object: 'Object Repository/Journey/journrySearchInput'

2021-01-13 13:04:41 - [MESSAGE][PASSED] - Keys 'o' sent to object: 'Object Repository/Journey/journrySearchInput'

2021-01-13 13:04:41 - [MESSAGE][PASSED] - Keys 'u' sent to object: 'Object Repository/Journey/journrySearchInput'

2021-01-13 13:04:42 - [MESSAGE][PASSED] - Keys 'r' sent to object: 'Object Repository/Journey/journrySearchInput'

2021-01-13 13:04:43 - [MESSAGE][PASSED] - Keys 'n' sent to object: 'Object Repository/Journey/journrySearchInput'

2021-01-13 13:04:43 - [MESSAGE][PASSED] - Keys 'e' sent to object: 'Object Repository/Journey/journrySearchInput'

2021-01-13 13:04:44 - [MESSAGE][PASSED] - Keys 'y' sent to object: 'Object Repository/Journey/journrySearchInput'

2021-01-13 13:04:44 - [MESSAGE][PASSED] - Keys ' ' sent to object: 'Object Repository/Journey/journrySearchInput'

2021-01-13 13:04:45 - [MESSAGE][PASSED] - Keys '1' sent to object: 'Object Repository/Journey/journrySearchInput'

2021-01-13 13:04:46 - [MESSAGE][PASSED] - Object 'Object Repository/Journey/journrySearchInput' is present

2021-01-13 13:04:46 - [MESSAGE][PASSED] - Object 'Object Repository/Journey/journrySearchInput' is visible

2021-01-13 13:04:47 - [MESSAGE][PASSED] - Object 'Object Repository/Journey/journrySearchInput' is clickable

2021-01-13 13:04:47 - [MESSAGE][PASSED] - Text of object 'Object Repository/Journey/journrySearchInput' is cleared

2021-01-13 13:04:47 - [MESSAGE][PASSED] - Keys '' sent to object: 'Object Repository/Journey/journrySearchInput'

2021-01-13 13:04:48 - [MESSAGE][PASSED] - Keys 'j' sent to object: 'Object Repository/Journey/journrySearchInput'

2021-01-13 13:04:49 - [MESSAGE][PASSED] - Keys 'o' sent to object: 'Object Repository/Journey/journrySearchInput'

2021-01-13 13:04:49 - [MESSAGE][PASSED] - Keys 'u' sent to object: 'Object Repository/Journey/journrySearchInput'

2021-01-13 13:04:51 - [MESSAGE][PASSED] - Keys 'r' sent to object: 'Object Repository/Journey/journrySearchInput'

2021-01-13 13:04:51 - [MESSAGE][PASSED] - Keys 'n' sent to object: 'Object Repository/Journey/journrySearchInput'

2021-01-13 13:04:52 - [MESSAGE][PASSED] - Keys 'e' sent to object: 'Object Repository/Journey/journrySearchInput'

2021-01-13 13:04:52 - [MESSAGE][PASSED] - Keys 'y' sent to object: 'Object Repository/Journey/journrySearchInput'

2021-01-13 13:04:53 - [MESSAGE][PASSED] - Keys ' ' sent to object: 'Object Repository/Journey/journrySearchInput'

2021-01-13 13:04:53 - [MESSAGE][PASSED] - Keys '1' sent to object: 'Object Repository/Journey/journrySearchInput'

2021-01-13 13:04:54 - [MESSAGE][PASSED] - Object 'Object Repository/Journey/clickVerifyingJourney(journeyName)' is present

2021-01-13 13:04:55 - [MESSAGE][PASSED] - Object 'Object Repository/Journey/clickVerifyingJourney(journeyName)' is visible

2021-01-13 13:04:55 - [MESSAGE][PASSED] - Object 'Object Repository/Journey/clickVerifyingJourney(journeyName)' is clickable

2021-01-13 13:04:56 - [MESSAGE][PASSED] - Object: 'Object Repository/Journey/clickVerifyingJourney(journeyName)' is clicked on

2021-01-13 13:04:57 - [MESSAGE][PASSED] - Scroll to object 'Object Repository/Journey/Current Access Codes/currentAccessCodeField' successfully

2021-01-13 13:04:57 - [MESSAGE][PASSED] - Object 'Object Repository/Journey/Current Access Codes/getAccessCodesCount' is present

2021-01-13 13:04:58 - [MESSAGE][PASSED] - Text of object 'Object Repository/Journey/Current Access Codes/getAccessCodeText(index)' is: 'access15'

2021-01-13 13:04:58 - [MESSAGE][PASSED] - pages.Journey.getExistingJourneyAccesscode is PASSED

2021-01-13 13:04:58 - [TEST_STEP][PASSED] - login.LoginForJourneyApplication.loginToJourneyApplication(): login.LoginForJourneyApplication.loginToJourneyApplication is PASSED

2021-01-13 13:04:58 - [MESSAGE][PASSED] - Navigate to 'https://qualitlabs.dev.modist.co/' successfully

2021-01-13 13:04:58 - [MESSAGE][PASSED] - login.LoginForJourneyApplication.loginToJourneyApplication is PASSED

2021-01-13 13:04:58 - [TEST_STEP][PASSED] - pages.Journey.enterAccessCodeInJourney(accessCode): pages.Journey.enterAccessCodeInJourney is PASSED

2021-01-13 13:04:59 - [MESSAGE][PASSED] - Object 'Object Repository/Journey/JourneyPortal/enterAccessCode' is present

2021-01-13 13:04:59 - [MESSAGE][PASSED] - Object 'Object Repository/Journey/JourneyPortal/enterAccessCode' is visible

2021-01-13 13:05:00 - [MESSAGE][PASSED] - Object 'Object Repository/Journey/JourneyPortal/enterAccessCode' is clickable

2021-01-13 13:05:00 - [MESSAGE][PASSED] - Text of object 'Object Repository/Journey/JourneyPortal/enterAccessCode' is cleared

2021-01-13 13:05:00 - [MESSAGE][PASSED] - Keys 'access15' sent to object: 'Object Repository/Journey/JourneyPortal/enterAccessCode'

2021-01-13 13:05:00 - [MESSAGE][PASSED] - pages.Journey.enterAccessCodeInJourney is PASSED

2021-01-13 13:05:00 - [TEST_STEP][PASSED] - pages.Journey.clickEnterButton(): pages.Journey.clickEnterButton is PASSED

2021-01-13 13:05:01 - [MESSAGE][PASSED] - Object 'Object Repository/Journey/JourneyPortal/EnterButton' is present

2021-01-13 13:05:01 - [MESSAGE][PASSED] - Object 'Object Repository/Journey/JourneyPortal/EnterButton' is visible

2021-01-13 13:05:01 - [MESSAGE][PASSED] - Object 'Object Repository/Journey/JourneyPortal/EnterButton' is clickable

2021-01-13 13:05:02 - [MESSAGE][PASSED] - Object: 'Object Repository/Journey/JourneyPortal/EnterButton' is clicked on

2021-01-13 13:05:02 - [MESSAGE][PASSED] - pages.Journey.clickEnterButton is PASSED

2021-01-13 13:05:02 - [TEST_STEP][PASSED] - pages.JourneyPortal.verifyingSectionProperties(): pages.JourneyPortal.verifyingSectionProperties is PASSED

2021-01-13 13:05:05 - [MESSAGE][PASSED] - Object 'Object Repository/Journey/JourneyPortal/Section/sectionTitle' is present

2021-01-13 13:05:05 - [MESSAGE][PASSED] - Object 'Object Repository/Journey/JourneyPortal/Section/sectionImage' is present

2021-01-13 13:05:05 - [MESSAGE][PASSED] - Object 'Object Repository/Journey/JourneyPortal/Section/sectionSubTitle' is present

2021-01-13 13:05:05 - [MESSAGE][PASSED] - pages.JourneyPortal.verifyingSectionProperties is PASSED]]></system-out>
         <system-err><![CDATA[]]></system-err>
      </testcase>
      <testcase name="Test Cases/JourneyPortal/verifyTheFullScreenViewInProductPage" time="66.129" classname="Test Cases/JourneyPortal/verifyTheFullScreenViewInProductPage" status="FAILED">
         <failure type="FAILED" message="Test Cases/JourneyPortal/verifyTheFullScreenViewInProductPage FAILED.
Reason:
com.kms.katalon.core.exception.StepFailedException: you are not in full screen view
	at com.kms.katalon.core.util.KeywordUtil.markFailedAndStop(KeywordUtil.java:28)
	at com.kms.katalon.core.util.KeywordUtil$markFailedAndStop$0.call(Unknown Source)
	at verification.Verification.verifyElementPresent(Verification.groovy:31)
	at verification.Verification.verifyElementPresent(Verification.groovy)
	at pages.JourneyPortal.verifyTheFullScreenView(JourneyPortal.groovy:70)
	at pages.JourneyPortal.invokeMethod(JourneyPortal.groovy)
	at com.kms.katalon.core.main.CustomKeywordDelegatingMetaClass.invokeStaticMethod(CustomKeywordDelegatingMetaClass.java:50)
	at verifyTheFullScreenViewInProductPage.run(verifyTheFullScreenViewInProductPage:36)
	at com.kms.katalon.core.main.ScriptEngine.run(ScriptEngine.java:194)
	at com.kms.katalon.core.main.ScriptEngine.runScriptAsRawText(ScriptEngine.java:119)
	at com.kms.katalon.core.main.TestCaseExecutor.runScript(TestCaseExecutor.java:339)
	at com.kms.katalon.core.main.TestCaseExecutor.doExecute(TestCaseExecutor.java:330)
	at com.kms.katalon.core.main.TestCaseExecutor.processExecutionPhase(TestCaseExecutor.java:309)
	at com.kms.katalon.core.main.TestCaseExecutor.accessMainPhase(TestCaseExecutor.java:301)
	at com.kms.katalon.core.main.TestCaseExecutor.execute(TestCaseExecutor.java:235)
	at com.kms.katalon.core.main.TestSuiteExecutor.accessTestCaseMainPhase(TestSuiteExecutor.java:191)
	at com.kms.katalon.core.main.TestSuiteExecutor.accessTestSuiteMainPhase(TestSuiteExecutor.java:141)
	at com.kms.katalon.core.main.TestSuiteExecutor.execute(TestSuiteExecutor.java:90)
	at com.kms.katalon.core.main.TestCaseMain.startTestSuite(TestCaseMain.java:157)
	at com.kms.katalon.core.main.TestCaseMain$startTestSuite$0.call(Unknown Source)
	at TempTestSuite1610559105062.run(TempTestSuite1610559105062.groovy:39)
"/>
         <system-out><![CDATA[2021-01-13 13:05:06 - [TEST_CASE][FAILED] - Test Cases/JourneyPortal/verifyTheFullScreenViewInProductPage: Test Cases/JourneyPortal/verifyTheFullScreenViewInProductPage FAILED.
Reason:
com.kms.katalon.core.exception.StepFailedException: you are not in full screen view
	at com.kms.katalon.core.util.KeywordUtil.markFailedAndStop(KeywordUtil.java:28)
	at com.kms.katalon.core.util.KeywordUtil$markFailedAndStop$0.call(Unknown Source)
	at verification.Verification.verifyElementPresent(Verification.groovy:31)
	at verification.Verification.verifyElementPresent(Verification.groovy)
	at pages.JourneyPortal.verifyTheFullScreenView(JourneyPortal.groovy:70)
	at pages.JourneyPortal.invokeMethod(JourneyPortal.groovy)
	at com.kms.katalon.core.main.CustomKeywordDelegatingMetaClass.invokeStaticMethod(CustomKeywordDelegatingMetaClass.java:50)
	at verifyTheFullScreenViewInProductPage.run(verifyTheFullScreenViewInProductPage:36)
	at com.kms.katalon.core.main.ScriptEngine.run(ScriptEngine.java:194)
	at com.kms.katalon.core.main.ScriptEngine.runScriptAsRawText(ScriptEngine.java:119)
	at com.kms.katalon.core.main.TestCaseExecutor.runScript(TestCaseExecutor.java:339)
	at com.kms.katalon.core.main.TestCaseExecutor.doExecute(TestCaseExecutor.java:330)
	at com.kms.katalon.core.main.TestCaseExecutor.processExecutionPhase(TestCaseExecutor.java:309)
	at com.kms.katalon.core.main.TestCaseExecutor.accessMainPhase(TestCaseExecutor.java:301)
	at com.kms.katalon.core.main.TestCaseExecutor.execute(TestCaseExecutor.java:235)
	at com.kms.katalon.core.main.TestSuiteExecutor.accessTestCaseMainPhase(TestSuiteExecutor.java:191)
	at com.kms.katalon.core.main.TestSuiteExecutor.accessTestSuiteMainPhase(TestSuiteExecutor.java:141)
	at com.kms.katalon.core.main.TestSuiteExecutor.execute(TestSuiteExecutor.java:90)
	at com.kms.katalon.core.main.TestCaseMain.startTestSuite(TestCaseMain.java:157)
	at com.kms.katalon.core.main.TestCaseMain$startTestSuite$0.call(Unknown Source)
	at TempTestSuite1610559105062.run(TempTestSuite1610559105062.groovy:39)


2021-01-13 13:05:06 - [TEST_STEP][PASSED] - Start listener action : login: com.kms.katalon.core.webui.exception.WebElementNotFoundException: Web element with id: 'Object Repository/Login Credentials/Email' located by '//input[@name='email']' not found (Root cause: com.kms.katalon.core.exception.StepFailedException: com.kms.katalon.core.webui.exception.WebElementNotFoundException: Web element with id: 'Object Repository/Login Credentials/Email' located by '//input[@name='email']' not found
	at com.kms.katalon.core.webui.keyword.internal.WebUIKeywordMain.stepFailed(WebUIKeywordMain.groovy:64)
	at com.kms.katalon.core.webui.keyword.builtin.VerifyElementPresentKeyword$_verifyElementPresent_closure1.doCall(VerifyElementPresentKeyword.groovy:85)
	at com.kms.katalon.core.webui.keyword.builtin.VerifyElementPresentKeyword$_verifyElementPresent_closure1.call(VerifyElementPresentKeyword.groovy)
	at com.kms.katalon.core.webui.keyword.internal.WebUIKeywordMain.runKeyword(WebUIKeywordMain.groovy:20)
	at com.kms.katalon.core.webui.keyword.builtin.VerifyElementPresentKeyword.verifyElementPresent(VerifyElementPresentKeyword.groovy:92)
	at com.kms.katalon.core.webui.keyword.builtin.VerifyElementPresentKeyword.execute(VerifyElementPresentKeyword.groovy:68)
	at com.kms.katalon.core.keyword.internal.KeywordExecutor.executeKeywordForPlatform(KeywordExecutor.groovy:73)
	at com.kms.katalon.core.webui.keyword.WebUiBuiltInKeywords.verifyElementPresent(WebUiBuiltInKeywords.groovy:1445)
	at com.kms.katalon.core.webui.keyword.WebUiBuiltInKeywords$verifyElementPresent$2.call(Unknown Source)
	at login.LoginForAdminDevEnvironment.login(LoginForAdminDevEnvironment.groovy:18)
	at login.LoginForAdminDevEnvironment$login.call(Unknown Source)
	at Login.login(Login.groovy:37)
	at Login.invokeMethod(Login.groovy)
	at com.kms.katalon.core.context.internal.TestHooker.invokeMethod(TestHooker.java:111)
	at com.kms.katalon.core.context.internal.TestHooker.lambda$3(TestHooker.java:95)
	at com.kms.katalon.core.context.internal.TestHooker.invokeContextMethods(TestHooker.java:94)
	at com.kms.katalon.core.context.internal.TestListenerCollector.lambda$3(TestListenerCollector.java:88)
	at com.kms.katalon.core.context.internal.TestListenerCollector.handleListenerEvent(TestListenerCollector.java:85)
	at com.kms.katalon.core.context.internal.ExecutionEventManager.publicEvent(ExecutionEventManager.java:36)
	at com.kms.katalon.core.main.TestCaseExecutor.execute(TestCaseExecutor.java:221)
	at com.kms.katalon.core.main.TestSuiteExecutor.accessTestCaseMainPhase(TestSuiteExecutor.java:191)
	at com.kms.katalon.core.main.TestSuiteExecutor.accessTestSuiteMainPhase(TestSuiteExecutor.java:141)
	at com.kms.katalon.core.main.TestSuiteExecutor.execute(TestSuiteExecutor.java:90)
	at com.kms.katalon.core.main.TestCaseMain.startTestSuite(TestCaseMain.java:157)
	at com.kms.katalon.core.main.TestCaseMain$startTestSuite$0.call(Unknown Source)
	at TempTestSuite1610559105062.run(TempTestSuite1610559105062.groovy:39)
)

2021-01-13 13:05:06 - [TEST_STEP][PASSED] - Thread.sleep(3000): null

2021-01-13 13:05:09 - [TEST_STEP][PASSED] - url = getUrl(): Current window's url is: 'https://qualitlabs.dev.modist.co/section/521'

2021-01-13 13:05:09 - [MESSAGE][PASSED] - Current window's url is: 'https://qualitlabs.dev.modist.co/section/521'

2021-01-13 13:05:09 - [TEST_STEP][PASSED] - if (!(url.contains("dashboard"))): com.kms.katalon.core.webui.exception.WebElementNotFoundException: Web element with id: 'Object Repository/Login Credentials/Email' located by '//input[@name='email']' not found (Root cause: com.kms.katalon.core.exception.StepFailedException: com.kms.katalon.core.webui.exception.WebElementNotFoundException: Web element with id: 'Object Repository/Login Credentials/Email' located by '//input[@name='email']' not found
	at com.kms.katalon.core.webui.keyword.internal.WebUIKeywordMain.stepFailed(WebUIKeywordMain.groovy:64)
	at com.kms.katalon.core.webui.keyword.builtin.VerifyElementPresentKeyword$_verifyElementPresent_closure1.doCall(VerifyElementPresentKeyword.groovy:85)
	at com.kms.katalon.core.webui.keyword.builtin.VerifyElementPresentKeyword$_verifyElementPresent_closure1.call(VerifyElementPresentKeyword.groovy)
	at com.kms.katalon.core.webui.keyword.internal.WebUIKeywordMain.runKeyword(WebUIKeywordMain.groovy:20)
	at com.kms.katalon.core.webui.keyword.builtin.VerifyElementPresentKeyword.verifyElementPresent(VerifyElementPresentKeyword.groovy:92)
	at com.kms.katalon.core.webui.keyword.builtin.VerifyElementPresentKeyword.execute(VerifyElementPresentKeyword.groovy:68)
	at com.kms.katalon.core.keyword.internal.KeywordExecutor.executeKeywordForPlatform(KeywordExecutor.groovy:73)
	at com.kms.katalon.core.webui.keyword.WebUiBuiltInKeywords.verifyElementPresent(WebUiBuiltInKeywords.groovy:1445)
	at com.kms.katalon.core.webui.keyword.WebUiBuiltInKeywords$verifyElementPresent$2.call(Unknown Source)
	at login.LoginForAdminDevEnvironment.login(LoginForAdminDevEnvironment.groovy:18)
	at login.LoginForAdminDevEnvironment$login.call(Unknown Source)
	at Login.login(Login.groovy:37)
	at Login.invokeMethod(Login.groovy)
	at com.kms.katalon.core.context.internal.TestHooker.invokeMethod(TestHooker.java:111)
	at com.kms.katalon.core.context.internal.TestHooker.lambda$3(TestHooker.java:95)
	at com.kms.katalon.core.context.internal.TestHooker.invokeContextMethods(TestHooker.java:94)
	at com.kms.katalon.core.context.internal.TestListenerCollector.lambda$3(TestListenerCollector.java:88)
	at com.kms.katalon.core.context.internal.TestListenerCollector.handleListenerEvent(TestListenerCollector.java:85)
	at com.kms.katalon.core.context.internal.ExecutionEventManager.publicEvent(ExecutionEventManager.java:36)
	at com.kms.katalon.core.main.TestCaseExecutor.execute(TestCaseExecutor.java:221)
	at com.kms.katalon.core.main.TestSuiteExecutor.accessTestCaseMainPhase(TestSuiteExecutor.java:191)
	at com.kms.katalon.core.main.TestSuiteExecutor.accessTestSuiteMainPhase(TestSuiteExecutor.java:141)
	at com.kms.katalon.core.main.TestSuiteExecutor.execute(TestSuiteExecutor.java:90)
	at com.kms.katalon.core.main.TestCaseMain.startTestSuite(TestCaseMain.java:157)
	at com.kms.katalon.core.main.TestCaseMain$startTestSuite$0.call(Unknown Source)
	at TempTestSuite1610559105062.run(TempTestSuite1610559105062.groovy:39)
)

2021-01-13 13:05:09 - [TEST_STEP][PASSED] - navigateToUrl(Url): Navigate to 'https://dev-admin.modist.co/' successfully

2021-01-13 13:05:09 - [MESSAGE][PASSED] - Navigate to 'https://dev-admin.modist.co/' successfully

2021-01-13 13:05:09 - [TEST_STEP][PASSED] - loginPage.login(Email, Password): com.kms.katalon.core.webui.exception.WebElementNotFoundException: Web element with id: 'Object Repository/Login Credentials/Email' located by '//input[@name='email']' not found (Root cause: com.kms.katalon.core.exception.StepFailedException: com.kms.katalon.core.webui.exception.WebElementNotFoundException: Web element with id: 'Object Repository/Login Credentials/Email' located by '//input[@name='email']' not found
	at com.kms.katalon.core.webui.keyword.internal.WebUIKeywordMain.stepFailed(WebUIKeywordMain.groovy:64)
	at com.kms.katalon.core.webui.keyword.builtin.VerifyElementPresentKeyword$_verifyElementPresent_closure1.doCall(VerifyElementPresentKeyword.groovy:85)
	at com.kms.katalon.core.webui.keyword.builtin.VerifyElementPresentKeyword$_verifyElementPresent_closure1.call(VerifyElementPresentKeyword.groovy)
	at com.kms.katalon.core.webui.keyword.internal.WebUIKeywordMain.runKeyword(WebUIKeywordMain.groovy:20)
	at com.kms.katalon.core.webui.keyword.builtin.VerifyElementPresentKeyword.verifyElementPresent(VerifyElementPresentKeyword.groovy:92)
	at com.kms.katalon.core.webui.keyword.builtin.VerifyElementPresentKeyword.execute(VerifyElementPresentKeyword.groovy:68)
	at com.kms.katalon.core.keyword.internal.KeywordExecutor.executeKeywordForPlatform(KeywordExecutor.groovy:73)
	at com.kms.katalon.core.webui.keyword.WebUiBuiltInKeywords.verifyElementPresent(WebUiBuiltInKeywords.groovy:1445)
	at com.kms.katalon.core.webui.keyword.WebUiBuiltInKeywords$verifyElementPresent$2.call(Unknown Source)
	at login.LoginForAdminDevEnvironment.login(LoginForAdminDevEnvironment.groovy:18)
	at login.LoginForAdminDevEnvironment$login.call(Unknown Source)
	at Login.login(Login.groovy:37)
	at Login.invokeMethod(Login.groovy)
	at com.kms.katalon.core.context.internal.TestHooker.invokeMethod(TestHooker.java:111)
	at com.kms.katalon.core.context.internal.TestHooker.lambda$3(TestHooker.java:95)
	at com.kms.katalon.core.context.internal.TestHooker.invokeContextMethods(TestHooker.java:94)
	at com.kms.katalon.core.context.internal.TestListenerCollector.lambda$3(TestListenerCollector.java:88)
	at com.kms.katalon.core.context.internal.TestListenerCollector.handleListenerEvent(TestListenerCollector.java:85)
	at com.kms.katalon.core.context.internal.ExecutionEventManager.publicEvent(ExecutionEventManager.java:36)
	at com.kms.katalon.core.main.TestCaseExecutor.execute(TestCaseExecutor.java:221)
	at com.kms.katalon.core.main.TestSuiteExecutor.accessTestCaseMainPhase(TestSuiteExecutor.java:191)
	at com.kms.katalon.core.main.TestSuiteExecutor.accessTestSuiteMainPhase(TestSuiteExecutor.java:141)
	at com.kms.katalon.core.main.TestSuiteExecutor.execute(TestSuiteExecutor.java:90)
	at com.kms.katalon.core.main.TestCaseMain.startTestSuite(TestCaseMain.java:157)
	at com.kms.katalon.core.main.TestCaseMain$startTestSuite$0.call(Unknown Source)
	at TempTestSuite1610559105062.run(TempTestSuite1610559105062.groovy:39)
)

2021-01-13 13:05:14 - [MESSAGE][INFO] - Unable to find the element located by 'By.xpath: //input[@name='email']'. Please recheck the objects properties to make sure the desired element is located. 

2021-01-13 13:05:14 - [MESSAGE][WARNING] - com.kms.katalon.core.webui.exception.WebElementNotFoundException: Web element with id: 'Object Repository/Login Credentials/Email' located by '//input[@name='email']' not found (Root cause: com.kms.katalon.core.exception.StepFailedException: com.kms.katalon.core.webui.exception.WebElementNotFoundException: Web element with id: 'Object Repository/Login Credentials/Email' located by '//input[@name='email']' not found
	at com.kms.katalon.core.webui.keyword.internal.WebUIKeywordMain.stepFailed(WebUIKeywordMain.groovy:64)
	at com.kms.katalon.core.webui.keyword.builtin.VerifyElementPresentKeyword$_verifyElementPresent_closure1.doCall(VerifyElementPresentKeyword.groovy:85)
	at com.kms.katalon.core.webui.keyword.builtin.VerifyElementPresentKeyword$_verifyElementPresent_closure1.call(VerifyElementPresentKeyword.groovy)
	at com.kms.katalon.core.webui.keyword.internal.WebUIKeywordMain.runKeyword(WebUIKeywordMain.groovy:20)
	at com.kms.katalon.core.webui.keyword.builtin.VerifyElementPresentKeyword.verifyElementPresent(VerifyElementPresentKeyword.groovy:92)
	at com.kms.katalon.core.webui.keyword.builtin.VerifyElementPresentKeyword.execute(VerifyElementPresentKeyword.groovy:68)
	at com.kms.katalon.core.keyword.internal.KeywordExecutor.executeKeywordForPlatform(KeywordExecutor.groovy:73)
	at com.kms.katalon.core.webui.keyword.WebUiBuiltInKeywords.verifyElementPresent(WebUiBuiltInKeywords.groovy:1445)
	at com.kms.katalon.core.webui.keyword.WebUiBuiltInKeywords$verifyElementPresent$2.call(Unknown Source)
	at login.LoginForAdminDevEnvironment.login(LoginForAdminDevEnvironment.groovy:18)
	at login.LoginForAdminDevEnvironment$login.call(Unknown Source)
	at Login.login(Login.groovy:37)
	at Login.invokeMethod(Login.groovy)
	at com.kms.katalon.core.context.internal.TestHooker.invokeMethod(TestHooker.java:111)
	at com.kms.katalon.core.context.internal.TestHooker.lambda$3(TestHooker.java:95)
	at com.kms.katalon.core.context.internal.TestHooker.invokeContextMethods(TestHooker.java:94)
	at com.kms.katalon.core.context.internal.TestListenerCollector.lambda$3(TestListenerCollector.java:88)
	at com.kms.katalon.core.context.internal.TestListenerCollector.handleListenerEvent(TestListenerCollector.java:85)
	at com.kms.katalon.core.context.internal.ExecutionEventManager.publicEvent(ExecutionEventManager.java:36)
	at com.kms.katalon.core.main.TestCaseExecutor.execute(TestCaseExecutor.java:221)
	at com.kms.katalon.core.main.TestSuiteExecutor.accessTestCaseMainPhase(TestSuiteExecutor.java:191)
	at com.kms.katalon.core.main.TestSuiteExecutor.accessTestSuiteMainPhase(TestSuiteExecutor.java:141)
	at com.kms.katalon.core.main.TestSuiteExecutor.execute(TestSuiteExecutor.java:90)
	at com.kms.katalon.core.main.TestCaseMain.startTestSuite(TestCaseMain.java:157)
	at com.kms.katalon.core.main.TestCaseMain$startTestSuite$0.call(Unknown Source)
	at TempTestSuite1610559105062.run(TempTestSuite1610559105062.groovy:39)
)
[[ATTACHMENT|E:\\Modist\\ModistProject\\Reports\\20210113_123145\\AllTestCases\\20210113_123145\\1610561114750.png]]

2021-01-13 13:05:14 - [TEST_STEP][PASSED] - pages.Journey.clickOnJourneyTab(): pages.Journey.clickOnJourneyTab is PASSED

2021-01-13 13:05:15 - [MESSAGE][PASSED] - Object 'Object Repository/Journey/Journeytab' is present

2021-01-13 13:05:15 - [MESSAGE][PASSED] - Object 'Object Repository/Journey/Journeytab' is visible

2021-01-13 13:05:15 - [MESSAGE][PASSED] - Object 'Object Repository/Journey/Journeytab' is clickable

2021-01-13 13:05:16 - [MESSAGE][PASSED] - Object: 'Object Repository/Journey/Journeytab' is clicked on

2021-01-13 13:05:16 - [MESSAGE][PASSED] - pages.Journey.clickOnJourneyTab is PASSED

2021-01-13 13:05:16 - [TEST_STEP][PASSED] - journeyName = pages.Journey.getRandomJourneyName(): pages.Journey.getRandomJourneyName is PASSED

2021-01-13 13:05:16 - [MESSAGE][PASSED] - Object 'Object Repository/Journey/toGetJourneysCount' is present

2021-01-13 13:05:16 - [MESSAGE][PASSED] - Object 'Object Repository/Journey/toGetJourneysCount' is present

2021-01-13 13:05:17 - [MESSAGE][PASSED] - Text of object 'Object Repository/Journey/toPickrandomJourney(index)' is: 'KJO'

2021-01-13 13:05:17 - [MESSAGE][PASSED] - pages.Journey.getRandomJourneyName is PASSED

2021-01-13 13:05:17 - [TEST_STEP][PASSED] - accessCode = pages.Journey.getExistingJourneyAccesscode(journeyName): pages.Journey.getExistingJourneyAccesscode is PASSED

2021-01-13 13:05:17 - [MESSAGE][PASSED] - Object 'Object Repository/Journey/journrySearchInput' is present

2021-01-13 13:05:17 - [MESSAGE][PASSED] - Object 'Object Repository/Journey/journrySearchInput' is visible

2021-01-13 13:05:18 - [MESSAGE][PASSED] - Object 'Object Repository/Journey/journrySearchInput' is clickable

2021-01-13 13:05:18 - [MESSAGE][PASSED] - Text of object 'Object Repository/Journey/journrySearchInput' is cleared

2021-01-13 13:05:18 - [MESSAGE][PASSED] - Keys '' sent to object: 'Object Repository/Journey/journrySearchInput'

2021-01-13 13:05:19 - [MESSAGE][PASSED] - Keys 'K' sent to object: 'Object Repository/Journey/journrySearchInput'

2021-01-13 13:05:19 - [MESSAGE][PASSED] - Keys 'J' sent to object: 'Object Repository/Journey/journrySearchInput'

2021-01-13 13:05:20 - [MESSAGE][PASSED] - Keys 'O' sent to object: 'Object Repository/Journey/journrySearchInput'

2021-01-13 13:05:20 - [MESSAGE][PASSED] - Object 'Object Repository/Journey/journrySearchInput' is present

2021-01-13 13:05:20 - [MESSAGE][PASSED] - Object 'Object Repository/Journey/journrySearchInput' is visible

2021-01-13 13:05:21 - [MESSAGE][PASSED] - Object 'Object Repository/Journey/journrySearchInput' is clickable

2021-01-13 13:05:21 - [MESSAGE][PASSED] - Text of object 'Object Repository/Journey/journrySearchInput' is cleared

2021-01-13 13:05:22 - [MESSAGE][PASSED] - Keys '' sent to object: 'Object Repository/Journey/journrySearchInput'

2021-01-13 13:05:23 - [MESSAGE][PASSED] - Keys 'K' sent to object: 'Object Repository/Journey/journrySearchInput'

2021-01-13 13:05:23 - [MESSAGE][PASSED] - Keys 'J' sent to object: 'Object Repository/Journey/journrySearchInput'

2021-01-13 13:05:24 - [MESSAGE][PASSED] - Keys 'O' sent to object: 'Object Repository/Journey/journrySearchInput'

2021-01-13 13:05:24 - [MESSAGE][PASSED] - Object 'Object Repository/Journey/clickVerifyingJourney(journeyName)' is present

2021-01-13 13:05:25 - [MESSAGE][PASSED] - Object 'Object Repository/Journey/clickVerifyingJourney(journeyName)' is visible

2021-01-13 13:05:25 - [MESSAGE][PASSED] - Object 'Object Repository/Journey/clickVerifyingJourney(journeyName)' is clickable

2021-01-13 13:05:26 - [MESSAGE][PASSED] - Object: 'Object Repository/Journey/clickVerifyingJourney(journeyName)' is clicked on

2021-01-13 13:05:26 - [MESSAGE][PASSED] - Scroll to object 'Object Repository/Journey/Current Access Codes/currentAccessCodeField' successfully

2021-01-13 13:05:27 - [MESSAGE][PASSED] - Object 'Object Repository/Journey/Current Access Codes/getAccessCodesCount' is present

2021-01-13 13:05:28 - [MESSAGE][PASSED] - Text of object 'Object Repository/Journey/Current Access Codes/getAccessCodeText(index)' is: 'access1'

2021-01-13 13:05:28 - [MESSAGE][PASSED] - pages.Journey.getExistingJourneyAccesscode is PASSED

2021-01-13 13:05:28 - [TEST_STEP][PASSED] - login.LoginForJourneyApplication.loginToJourneyApplication(): login.LoginForJourneyApplication.loginToJourneyApplication is PASSED

2021-01-13 13:05:28 - [MESSAGE][PASSED] - Navigate to 'https://qualitlabs.dev.modist.co/' successfully

2021-01-13 13:05:28 - [MESSAGE][PASSED] - login.LoginForJourneyApplication.loginToJourneyApplication is PASSED

2021-01-13 13:05:28 - [TEST_STEP][PASSED] - pages.Journey.enterAccessCodeInJourney(accessCode): pages.Journey.enterAccessCodeInJourney is PASSED

2021-01-13 13:05:28 - [MESSAGE][PASSED] - Object 'Object Repository/Journey/JourneyPortal/enterAccessCode' is present

2021-01-13 13:05:29 - [MESSAGE][PASSED] - Object 'Object Repository/Journey/JourneyPortal/enterAccessCode' is visible

2021-01-13 13:05:29 - [MESSAGE][PASSED] - Object 'Object Repository/Journey/JourneyPortal/enterAccessCode' is clickable

2021-01-13 13:05:30 - [MESSAGE][PASSED] - Text of object 'Object Repository/Journey/JourneyPortal/enterAccessCode' is cleared

2021-01-13 13:05:30 - [MESSAGE][PASSED] - Keys 'access1' sent to object: 'Object Repository/Journey/JourneyPortal/enterAccessCode'

2021-01-13 13:05:30 - [MESSAGE][PASSED] - pages.Journey.enterAccessCodeInJourney is PASSED

2021-01-13 13:05:30 - [TEST_STEP][PASSED] - pages.Journey.clickEnterButton(): pages.Journey.clickEnterButton is PASSED

2021-01-13 13:05:30 - [MESSAGE][PASSED] - Object 'Object Repository/Journey/JourneyPortal/EnterButton' is present

2021-01-13 13:05:31 - [MESSAGE][PASSED] - Object 'Object Repository/Journey/JourneyPortal/EnterButton' is visible

2021-01-13 13:05:31 - [MESSAGE][PASSED] - Object 'Object Repository/Journey/JourneyPortal/EnterButton' is clickable

2021-01-13 13:05:32 - [MESSAGE][PASSED] - Object: 'Object Repository/Journey/JourneyPortal/EnterButton' is clicked on

2021-01-13 13:05:32 - [MESSAGE][PASSED] - pages.Journey.clickEnterButton is PASSED

2021-01-13 13:05:32 - [TEST_STEP][PASSED] - pages.JourneyPortal.openExistingSection(): pages.JourneyPortal.openExistingSection is PASSED

2021-01-13 13:05:35 - [MESSAGE][PASSED] - Object 'Object Repository/Journey/JourneyPortal/Section/getSectionsCount' is present

2021-01-13 13:05:35 - [MESSAGE][PASSED] - Object 'Object Repository/Journey/JourneyPortal/Section/openSection(index)' is present

2021-01-13 13:05:36 - [MESSAGE][PASSED] - Object 'Object Repository/Journey/JourneyPortal/Section/openSection(index)' is visible

2021-01-13 13:05:36 - [MESSAGE][PASSED] - Object 'Object Repository/Journey/JourneyPortal/Section/openSection(index)' is clickable

2021-01-13 13:05:36 - [MESSAGE][PASSED] - Object: 'Object Repository/Journey/JourneyPortal/Section/openSection(index)' is clicked on

2021-01-13 13:05:36 - [MESSAGE][PASSED] - pages.JourneyPortal.openExistingSection is PASSED

2021-01-13 13:05:36 - [TEST_STEP][PASSED] - pages.JourneyPortal.productPageCheck(): pages.JourneyPortal.productPageCheck is PASSED

2021-01-13 13:05:37 - [MESSAGE][PASSED] - Object 'Object Repository/Journey/JourneyPortal/Product/productPage' is present

2021-01-13 13:05:37 - [MESSAGE][PASSED] - pages.JourneyPortal.productPageCheck is PASSED

2021-01-13 13:05:37 - [TEST_STEP][PASSED] - pages.JourneyPortal.clickFullScreenIcon(): pages.JourneyPortal.clickFullScreenIcon is PASSED

2021-01-13 13:05:38 - [MESSAGE][PASSED] - Object 'Object Repository/Journey/JourneyPortal/Section/FullScreenIcon' is present

2021-01-13 13:05:38 - [MESSAGE][PASSED] - Object 'Object Repository/Journey/JourneyPortal/Section/FullScreenIcon' is visible

2021-01-13 13:05:38 - [MESSAGE][PASSED] - Object 'Object Repository/Journey/JourneyPortal/Section/FullScreenIcon' is clickable

2021-01-13 13:05:39 - [MESSAGE][PASSED] - Object: 'Object Repository/Journey/JourneyPortal/Section/FullScreenIcon' is clicked on

2021-01-13 13:05:39 - [MESSAGE][PASSED] - pages.JourneyPortal.clickFullScreenIcon is PASSED

2021-01-13 13:05:39 - [TEST_STEP][FAILED] - pages.JourneyPortal.verifyTheFullScreenView(): you are not in full screen view

2021-01-13 13:06:10 - [MESSAGE][INFO] - Unable to find the element located by 'By.xpath: //div[@class='fullscreen fullscreen-enabled']'. Please recheck the objects properties to make sure the desired element is located. 

2021-01-13 13:06:11 - [MESSAGE][WARNING] - com.kms.katalon.core.webui.exception.WebElementNotFoundException: Web element with id: 'Object Repository/Journey/JourneyPortal/Section/verifyFullScreenView' located by '//div[@class='fullscreen fullscreen-enabled']' not found (Root cause: com.kms.katalon.core.exception.StepFailedException: com.kms.katalon.core.webui.exception.WebElementNotFoundException: Web element with id: 'Object Repository/Journey/JourneyPortal/Section/verifyFullScreenView' located by '//div[@class='fullscreen fullscreen-enabled']' not found
	at com.kms.katalon.core.webui.keyword.internal.WebUIKeywordMain.stepFailed(WebUIKeywordMain.groovy:64)
	at com.kms.katalon.core.webui.keyword.builtin.VerifyElementPresentKeyword$_verifyElementPresent_closure1.doCall(VerifyElementPresentKeyword.groovy:85)
	at com.kms.katalon.core.webui.keyword.builtin.VerifyElementPresentKeyword$_verifyElementPresent_closure1.call(VerifyElementPresentKeyword.groovy)
	at com.kms.katalon.core.webui.keyword.internal.WebUIKeywordMain.runKeyword(WebUIKeywordMain.groovy:20)
	at com.kms.katalon.core.webui.keyword.builtin.VerifyElementPresentKeyword.verifyElementPresent(VerifyElementPresentKeyword.groovy:92)
	at com.kms.katalon.core.webui.keyword.builtin.VerifyElementPresentKeyword.execute(VerifyElementPresentKeyword.groovy:68)
	at com.kms.katalon.core.keyword.internal.KeywordExecutor.executeKeywordForPlatform(KeywordExecutor.groovy:73)
	at com.kms.katalon.core.webui.keyword.WebUiBuiltInKeywords.verifyElementPresent(WebUiBuiltInKeywords.groovy:1445)
	at com.kms.katalon.core.webui.keyword.WebUiBuiltInKeywords$verifyElementPresent$2.call(Unknown Source)
	at verification.Verification.verifyElementPresent(Verification.groovy:29)
	at verification.Verification.verifyElementPresent(Verification.groovy)
	at pages.JourneyPortal.verifyTheFullScreenView(JourneyPortal.groovy:70)
	at pages.JourneyPortal.invokeMethod(JourneyPortal.groovy)
	at com.kms.katalon.core.main.CustomKeywordDelegatingMetaClass.invokeStaticMethod(CustomKeywordDelegatingMetaClass.java:50)
	at verifyTheFullScreenViewInProductPage.run(verifyTheFullScreenViewInProductPage:36)
	at com.kms.katalon.core.main.ScriptEngine.run(ScriptEngine.java:194)
	at com.kms.katalon.core.main.ScriptEngine.runScriptAsRawText(ScriptEngine.java:119)
	at com.kms.katalon.core.main.TestCaseExecutor.runScript(TestCaseExecutor.java:339)
	at com.kms.katalon.core.main.TestCaseExecutor.doExecute(TestCaseExecutor.java:330)
	at com.kms.katalon.core.main.TestCaseExecutor.processExecutionPhase(TestCaseExecutor.java:309)
	at com.kms.katalon.core.main.TestCaseExecutor.accessMainPhase(TestCaseExecutor.java:301)
	at com.kms.katalon.core.main.TestCaseExecutor.execute(TestCaseExecutor.java:235)
	at com.kms.katalon.core.main.TestSuiteExecutor.accessTestCaseMainPhase(TestSuiteExecutor.java:191)
	at com.kms.katalon.core.main.TestSuiteExecutor.accessTestSuiteMainPhase(TestSuiteExecutor.java:141)
	at com.kms.katalon.core.main.TestSuiteExecutor.execute(TestSuiteExecutor.java:90)
	at com.kms.katalon.core.main.TestCaseMain.startTestSuite(TestCaseMain.java:157)
	at com.kms.katalon.core.main.TestCaseMain$startTestSuite$0.call(Unknown Source)
	at TempTestSuite1610559105062.run(TempTestSuite1610559105062.groovy:39)
)
[[ATTACHMENT|E:\\Modist\\ModistProject\\Reports\\20210113_123145\\AllTestCases\\20210113_123145\\1610561170275.png]]

2021-01-13 13:06:12 - [MESSAGE][PASSED] - Taking screenshot successfully
[[ATTACHMENT|E:\Modist\ModistProject\Reports\20210113_123145\AllTestCases\20210113_123145\1610561171585.png]]

2021-01-13 13:06:12 - [MESSAGE][FAILED] - you are not in full screen view]]></system-out>
         <system-err><![CDATA[2021-01-13 13:05:06 - [TEST_CASE][FAILED] - Test Cases/JourneyPortal/verifyTheFullScreenViewInProductPage: Test Cases/JourneyPortal/verifyTheFullScreenViewInProductPage FAILED.
Reason:
com.kms.katalon.core.exception.StepFailedException: you are not in full screen view
	at com.kms.katalon.core.util.KeywordUtil.markFailedAndStop(KeywordUtil.java:28)
	at com.kms.katalon.core.util.KeywordUtil$markFailedAndStop$0.call(Unknown Source)
	at verification.Verification.verifyElementPresent(Verification.groovy:31)
	at verification.Verification.verifyElementPresent(Verification.groovy)
	at pages.JourneyPortal.verifyTheFullScreenView(JourneyPortal.groovy:70)
	at pages.JourneyPortal.invokeMethod(JourneyPortal.groovy)
	at com.kms.katalon.core.main.CustomKeywordDelegatingMetaClass.invokeStaticMethod(CustomKeywordDelegatingMetaClass.java:50)
	at verifyTheFullScreenViewInProductPage.run(verifyTheFullScreenViewInProductPage:36)
	at com.kms.katalon.core.main.ScriptEngine.run(ScriptEngine.java:194)
	at com.kms.katalon.core.main.ScriptEngine.runScriptAsRawText(ScriptEngine.java:119)
	at com.kms.katalon.core.main.TestCaseExecutor.runScript(TestCaseExecutor.java:339)
	at com.kms.katalon.core.main.TestCaseExecutor.doExecute(TestCaseExecutor.java:330)
	at com.kms.katalon.core.main.TestCaseExecutor.processExecutionPhase(TestCaseExecutor.java:309)
	at com.kms.katalon.core.main.TestCaseExecutor.accessMainPhase(TestCaseExecutor.java:301)
	at com.kms.katalon.core.main.TestCaseExecutor.execute(TestCaseExecutor.java:235)
	at com.kms.katalon.core.main.TestSuiteExecutor.accessTestCaseMainPhase(TestSuiteExecutor.java:191)
	at com.kms.katalon.core.main.TestSuiteExecutor.accessTestSuiteMainPhase(TestSuiteExecutor.java:141)
	at com.kms.katalon.core.main.TestSuiteExecutor.execute(TestSuiteExecutor.java:90)
	at com.kms.katalon.core.main.TestCaseMain.startTestSuite(TestCaseMain.java:157)
	at com.kms.katalon.core.main.TestCaseMain$startTestSuite$0.call(Unknown Source)
	at TempTestSuite1610559105062.run(TempTestSuite1610559105062.groovy:39)]]></system-err>
      </testcase>
      <testcase name="Test Cases/JourneyPortal/verifyTheFullScreenViewInSectionPage" time="30.856" classname="Test Cases/JourneyPortal/verifyTheFullScreenViewInSectionPage" status="PASSED">
         <system-out><![CDATA[2021-01-13 13:06:12 - [TEST_CASE][PASSED] - Test Cases/JourneyPortal/verifyTheFullScreenViewInSectionPage: Test Cases/JourneyPortal/verifyTheFullScreenViewInSectionPage

2021-01-13 13:06:12 - [TEST_STEP][PASSED] - Start listener action : login: com.kms.katalon.core.webui.exception.WebElementNotFoundException: Web element with id: 'Object Repository/Login Credentials/Email' located by '//input[@name='email']' not found (Root cause: com.kms.katalon.core.exception.StepFailedException: com.kms.katalon.core.webui.exception.WebElementNotFoundException: Web element with id: 'Object Repository/Login Credentials/Email' located by '//input[@name='email']' not found
	at com.kms.katalon.core.webui.keyword.internal.WebUIKeywordMain.stepFailed(WebUIKeywordMain.groovy:64)
	at com.kms.katalon.core.webui.keyword.builtin.VerifyElementPresentKeyword$_verifyElementPresent_closure1.doCall(VerifyElementPresentKeyword.groovy:85)
	at com.kms.katalon.core.webui.keyword.builtin.VerifyElementPresentKeyword$_verifyElementPresent_closure1.call(VerifyElementPresentKeyword.groovy)
	at com.kms.katalon.core.webui.keyword.internal.WebUIKeywordMain.runKeyword(WebUIKeywordMain.groovy:20)
	at com.kms.katalon.core.webui.keyword.builtin.VerifyElementPresentKeyword.verifyElementPresent(VerifyElementPresentKeyword.groovy:92)
	at com.kms.katalon.core.webui.keyword.builtin.VerifyElementPresentKeyword.execute(VerifyElementPresentKeyword.groovy:68)
	at com.kms.katalon.core.keyword.internal.KeywordExecutor.executeKeywordForPlatform(KeywordExecutor.groovy:73)
	at com.kms.katalon.core.webui.keyword.WebUiBuiltInKeywords.verifyElementPresent(WebUiBuiltInKeywords.groovy:1445)
	at com.kms.katalon.core.webui.keyword.WebUiBuiltInKeywords$verifyElementPresent$2.call(Unknown Source)
	at login.LoginForAdminDevEnvironment.login(LoginForAdminDevEnvironment.groovy:18)
	at login.LoginForAdminDevEnvironment$login.call(Unknown Source)
	at Login.login(Login.groovy:37)
	at Login.invokeMethod(Login.groovy)
	at com.kms.katalon.core.context.internal.TestHooker.invokeMethod(TestHooker.java:111)
	at com.kms.katalon.core.context.internal.TestHooker.lambda$3(TestHooker.java:95)
	at com.kms.katalon.core.context.internal.TestHooker.invokeContextMethods(TestHooker.java:94)
	at com.kms.katalon.core.context.internal.TestListenerCollector.lambda$3(TestListenerCollector.java:88)
	at com.kms.katalon.core.context.internal.TestListenerCollector.handleListenerEvent(TestListenerCollector.java:85)
	at com.kms.katalon.core.context.internal.ExecutionEventManager.publicEvent(ExecutionEventManager.java:36)
	at com.kms.katalon.core.main.TestCaseExecutor.execute(TestCaseExecutor.java:221)
	at com.kms.katalon.core.main.TestSuiteExecutor.accessTestCaseMainPhase(TestSuiteExecutor.java:191)
	at com.kms.katalon.core.main.TestSuiteExecutor.accessTestSuiteMainPhase(TestSuiteExecutor.java:141)
	at com.kms.katalon.core.main.TestSuiteExecutor.execute(TestSuiteExecutor.java:90)
	at com.kms.katalon.core.main.TestCaseMain.startTestSuite(TestCaseMain.java:157)
	at com.kms.katalon.core.main.TestCaseMain$startTestSuite$0.call(Unknown Source)
	at TempTestSuite1610559105062.run(TempTestSuite1610559105062.groovy:39)
)

2021-01-13 13:06:12 - [TEST_STEP][PASSED] - Thread.sleep(3000): null

2021-01-13 13:06:15 - [TEST_STEP][PASSED] - url = getUrl(): Current window's url is: 'https://qualitlabs.dev.modist.co/products/515'

2021-01-13 13:06:15 - [MESSAGE][PASSED] - Current window's url is: 'https://qualitlabs.dev.modist.co/products/515'

2021-01-13 13:06:15 - [TEST_STEP][PASSED] - if (!(url.contains("dashboard"))): com.kms.katalon.core.webui.exception.WebElementNotFoundException: Web element with id: 'Object Repository/Login Credentials/Email' located by '//input[@name='email']' not found (Root cause: com.kms.katalon.core.exception.StepFailedException: com.kms.katalon.core.webui.exception.WebElementNotFoundException: Web element with id: 'Object Repository/Login Credentials/Email' located by '//input[@name='email']' not found
	at com.kms.katalon.core.webui.keyword.internal.WebUIKeywordMain.stepFailed(WebUIKeywordMain.groovy:64)
	at com.kms.katalon.core.webui.keyword.builtin.VerifyElementPresentKeyword$_verifyElementPresent_closure1.doCall(VerifyElementPresentKeyword.groovy:85)
	at com.kms.katalon.core.webui.keyword.builtin.VerifyElementPresentKeyword$_verifyElementPresent_closure1.call(VerifyElementPresentKeyword.groovy)
	at com.kms.katalon.core.webui.keyword.internal.WebUIKeywordMain.runKeyword(WebUIKeywordMain.groovy:20)
	at com.kms.katalon.core.webui.keyword.builtin.VerifyElementPresentKeyword.verifyElementPresent(VerifyElementPresentKeyword.groovy:92)
	at com.kms.katalon.core.webui.keyword.builtin.VerifyElementPresentKeyword.execute(VerifyElementPresentKeyword.groovy:68)
	at com.kms.katalon.core.keyword.internal.KeywordExecutor.executeKeywordForPlatform(KeywordExecutor.groovy:73)
	at com.kms.katalon.core.webui.keyword.WebUiBuiltInKeywords.verifyElementPresent(WebUiBuiltInKeywords.groovy:1445)
	at com.kms.katalon.core.webui.keyword.WebUiBuiltInKeywords$verifyElementPresent$2.call(Unknown Source)
	at login.LoginForAdminDevEnvironment.login(LoginForAdminDevEnvironment.groovy:18)
	at login.LoginForAdminDevEnvironment$login.call(Unknown Source)
	at Login.login(Login.groovy:37)
	at Login.invokeMethod(Login.groovy)
	at com.kms.katalon.core.context.internal.TestHooker.invokeMethod(TestHooker.java:111)
	at com.kms.katalon.core.context.internal.TestHooker.lambda$3(TestHooker.java:95)
	at com.kms.katalon.core.context.internal.TestHooker.invokeContextMethods(TestHooker.java:94)
	at com.kms.katalon.core.context.internal.TestListenerCollector.lambda$3(TestListenerCollector.java:88)
	at com.kms.katalon.core.context.internal.TestListenerCollector.handleListenerEvent(TestListenerCollector.java:85)
	at com.kms.katalon.core.context.internal.ExecutionEventManager.publicEvent(ExecutionEventManager.java:36)
	at com.kms.katalon.core.main.TestCaseExecutor.execute(TestCaseExecutor.java:221)
	at com.kms.katalon.core.main.TestSuiteExecutor.accessTestCaseMainPhase(TestSuiteExecutor.java:191)
	at com.kms.katalon.core.main.TestSuiteExecutor.accessTestSuiteMainPhase(TestSuiteExecutor.java:141)
	at com.kms.katalon.core.main.TestSuiteExecutor.execute(TestSuiteExecutor.java:90)
	at com.kms.katalon.core.main.TestCaseMain.startTestSuite(TestCaseMain.java:157)
	at com.kms.katalon.core.main.TestCaseMain$startTestSuite$0.call(Unknown Source)
	at TempTestSuite1610559105062.run(TempTestSuite1610559105062.groovy:39)
)

2021-01-13 13:06:15 - [TEST_STEP][PASSED] - navigateToUrl(Url): Navigate to 'https://dev-admin.modist.co/' successfully

2021-01-13 13:06:15 - [MESSAGE][PASSED] - Navigate to 'https://dev-admin.modist.co/' successfully

2021-01-13 13:06:15 - [TEST_STEP][PASSED] - loginPage.login(Email, Password): com.kms.katalon.core.webui.exception.WebElementNotFoundException: Web element with id: 'Object Repository/Login Credentials/Email' located by '//input[@name='email']' not found (Root cause: com.kms.katalon.core.exception.StepFailedException: com.kms.katalon.core.webui.exception.WebElementNotFoundException: Web element with id: 'Object Repository/Login Credentials/Email' located by '//input[@name='email']' not found
	at com.kms.katalon.core.webui.keyword.internal.WebUIKeywordMain.stepFailed(WebUIKeywordMain.groovy:64)
	at com.kms.katalon.core.webui.keyword.builtin.VerifyElementPresentKeyword$_verifyElementPresent_closure1.doCall(VerifyElementPresentKeyword.groovy:85)
	at com.kms.katalon.core.webui.keyword.builtin.VerifyElementPresentKeyword$_verifyElementPresent_closure1.call(VerifyElementPresentKeyword.groovy)
	at com.kms.katalon.core.webui.keyword.internal.WebUIKeywordMain.runKeyword(WebUIKeywordMain.groovy:20)
	at com.kms.katalon.core.webui.keyword.builtin.VerifyElementPresentKeyword.verifyElementPresent(VerifyElementPresentKeyword.groovy:92)
	at com.kms.katalon.core.webui.keyword.builtin.VerifyElementPresentKeyword.execute(VerifyElementPresentKeyword.groovy:68)
	at com.kms.katalon.core.keyword.internal.KeywordExecutor.executeKeywordForPlatform(KeywordExecutor.groovy:73)
	at com.kms.katalon.core.webui.keyword.WebUiBuiltInKeywords.verifyElementPresent(WebUiBuiltInKeywords.groovy:1445)
	at com.kms.katalon.core.webui.keyword.WebUiBuiltInKeywords$verifyElementPresent$2.call(Unknown Source)
	at login.LoginForAdminDevEnvironment.login(LoginForAdminDevEnvironment.groovy:18)
	at login.LoginForAdminDevEnvironment$login.call(Unknown Source)
	at Login.login(Login.groovy:37)
	at Login.invokeMethod(Login.groovy)
	at com.kms.katalon.core.context.internal.TestHooker.invokeMethod(TestHooker.java:111)
	at com.kms.katalon.core.context.internal.TestHooker.lambda$3(TestHooker.java:95)
	at com.kms.katalon.core.context.internal.TestHooker.invokeContextMethods(TestHooker.java:94)
	at com.kms.katalon.core.context.internal.TestListenerCollector.lambda$3(TestListenerCollector.java:88)
	at com.kms.katalon.core.context.internal.TestListenerCollector.handleListenerEvent(TestListenerCollector.java:85)
	at com.kms.katalon.core.context.internal.ExecutionEventManager.publicEvent(ExecutionEventManager.java:36)
	at com.kms.katalon.core.main.TestCaseExecutor.execute(TestCaseExecutor.java:221)
	at com.kms.katalon.core.main.TestSuiteExecutor.accessTestCaseMainPhase(TestSuiteExecutor.java:191)
	at com.kms.katalon.core.main.TestSuiteExecutor.accessTestSuiteMainPhase(TestSuiteExecutor.java:141)
	at com.kms.katalon.core.main.TestSuiteExecutor.execute(TestSuiteExecutor.java:90)
	at com.kms.katalon.core.main.TestCaseMain.startTestSuite(TestCaseMain.java:157)
	at com.kms.katalon.core.main.TestCaseMain$startTestSuite$0.call(Unknown Source)
	at TempTestSuite1610559105062.run(TempTestSuite1610559105062.groovy:39)
)

2021-01-13 13:06:20 - [MESSAGE][INFO] - Unable to find the element located by 'By.xpath: //input[@name='email']'. Please recheck the objects properties to make sure the desired element is located. 

2021-01-13 13:06:21 - [MESSAGE][WARNING] - com.kms.katalon.core.webui.exception.WebElementNotFoundException: Web element with id: 'Object Repository/Login Credentials/Email' located by '//input[@name='email']' not found (Root cause: com.kms.katalon.core.exception.StepFailedException: com.kms.katalon.core.webui.exception.WebElementNotFoundException: Web element with id: 'Object Repository/Login Credentials/Email' located by '//input[@name='email']' not found
	at com.kms.katalon.core.webui.keyword.internal.WebUIKeywordMain.stepFailed(WebUIKeywordMain.groovy:64)
	at com.kms.katalon.core.webui.keyword.builtin.VerifyElementPresentKeyword$_verifyElementPresent_closure1.doCall(VerifyElementPresentKeyword.groovy:85)
	at com.kms.katalon.core.webui.keyword.builtin.VerifyElementPresentKeyword$_verifyElementPresent_closure1.call(VerifyElementPresentKeyword.groovy)
	at com.kms.katalon.core.webui.keyword.internal.WebUIKeywordMain.runKeyword(WebUIKeywordMain.groovy:20)
	at com.kms.katalon.core.webui.keyword.builtin.VerifyElementPresentKeyword.verifyElementPresent(VerifyElementPresentKeyword.groovy:92)
	at com.kms.katalon.core.webui.keyword.builtin.VerifyElementPresentKeyword.execute(VerifyElementPresentKeyword.groovy:68)
	at com.kms.katalon.core.keyword.internal.KeywordExecutor.executeKeywordForPlatform(KeywordExecutor.groovy:73)
	at com.kms.katalon.core.webui.keyword.WebUiBuiltInKeywords.verifyElementPresent(WebUiBuiltInKeywords.groovy:1445)
	at com.kms.katalon.core.webui.keyword.WebUiBuiltInKeywords$verifyElementPresent$2.call(Unknown Source)
	at login.LoginForAdminDevEnvironment.login(LoginForAdminDevEnvironment.groovy:18)
	at login.LoginForAdminDevEnvironment$login.call(Unknown Source)
	at Login.login(Login.groovy:37)
	at Login.invokeMethod(Login.groovy)
	at com.kms.katalon.core.context.internal.TestHooker.invokeMethod(TestHooker.java:111)
	at com.kms.katalon.core.context.internal.TestHooker.lambda$3(TestHooker.java:95)
	at com.kms.katalon.core.context.internal.TestHooker.invokeContextMethods(TestHooker.java:94)
	at com.kms.katalon.core.context.internal.TestListenerCollector.lambda$3(TestListenerCollector.java:88)
	at com.kms.katalon.core.context.internal.TestListenerCollector.handleListenerEvent(TestListenerCollector.java:85)
	at com.kms.katalon.core.context.internal.ExecutionEventManager.publicEvent(ExecutionEventManager.java:36)
	at com.kms.katalon.core.main.TestCaseExecutor.execute(TestCaseExecutor.java:221)
	at com.kms.katalon.core.main.TestSuiteExecutor.accessTestCaseMainPhase(TestSuiteExecutor.java:191)
	at com.kms.katalon.core.main.TestSuiteExecutor.accessTestSuiteMainPhase(TestSuiteExecutor.java:141)
	at com.kms.katalon.core.main.TestSuiteExecutor.execute(TestSuiteExecutor.java:90)
	at com.kms.katalon.core.main.TestCaseMain.startTestSuite(TestCaseMain.java:157)
	at com.kms.katalon.core.main.TestCaseMain$startTestSuite$0.call(Unknown Source)
	at TempTestSuite1610559105062.run(TempTestSuite1610559105062.groovy:39)
)
[[ATTACHMENT|E:\\Modist\\ModistProject\\Reports\\20210113_123145\\AllTestCases\\20210113_123145\\1610561180975.png]]

2021-01-13 13:06:21 - [TEST_STEP][PASSED] - pages.Journey.clickOnJourneyTab(): pages.Journey.clickOnJourneyTab is PASSED

2021-01-13 13:06:21 - [MESSAGE][PASSED] - Object 'Object Repository/Journey/Journeytab' is present

2021-01-13 13:06:21 - [MESSAGE][PASSED] - Object 'Object Repository/Journey/Journeytab' is visible

2021-01-13 13:06:22 - [MESSAGE][PASSED] - Object 'Object Repository/Journey/Journeytab' is clickable

2021-01-13 13:06:22 - [MESSAGE][PASSED] - Object: 'Object Repository/Journey/Journeytab' is clicked on

2021-01-13 13:06:22 - [MESSAGE][PASSED] - pages.Journey.clickOnJourneyTab is PASSED

2021-01-13 13:06:22 - [TEST_STEP][PASSED] - journeyName = pages.Journey.getRandomJourneyName(): pages.Journey.getRandomJourneyName is PASSED

2021-01-13 13:06:23 - [MESSAGE][PASSED] - Object 'Object Repository/Journey/toGetJourneysCount' is present

2021-01-13 13:06:23 - [MESSAGE][PASSED] - Object 'Object Repository/Journey/toGetJourneysCount' is present

2021-01-13 13:06:23 - [MESSAGE][PASSED] - Text of object 'Object Repository/Journey/toPickrandomJourney(index)' is: 'JO7'

2021-01-13 13:06:23 - [MESSAGE][PASSED] - pages.Journey.getRandomJourneyName is PASSED

2021-01-13 13:06:23 - [TEST_STEP][PASSED] - accessCode = pages.Journey.getExistingJourneyAccesscode(journeyName): pages.Journey.getExistingJourneyAccesscode is PASSED

2021-01-13 13:06:24 - [MESSAGE][PASSED] - Object 'Object Repository/Journey/journrySearchInput' is present

2021-01-13 13:06:24 - [MESSAGE][PASSED] - Object 'Object Repository/Journey/journrySearchInput' is visible

2021-01-13 13:06:24 - [MESSAGE][PASSED] - Object 'Object Repository/Journey/journrySearchInput' is clickable

2021-01-13 13:06:24 - [MESSAGE][PASSED] - Text of object 'Object Repository/Journey/journrySearchInput' is cleared

2021-01-13 13:06:25 - [MESSAGE][PASSED] - Keys '' sent to object: 'Object Repository/Journey/journrySearchInput'

2021-01-13 13:06:25 - [MESSAGE][PASSED] - Keys 'J' sent to object: 'Object Repository/Journey/journrySearchInput'

2021-01-13 13:06:26 - [MESSAGE][PASSED] - Keys 'O' sent to object: 'Object Repository/Journey/journrySearchInput'

2021-01-13 13:06:27 - [MESSAGE][PASSED] - Keys '7' sent to object: 'Object Repository/Journey/journrySearchInput'

2021-01-13 13:06:27 - [MESSAGE][PASSED] - Object 'Object Repository/Journey/journrySearchInput' is present

2021-01-13 13:06:28 - [MESSAGE][PASSED] - Object 'Object Repository/Journey/journrySearchInput' is visible

2021-01-13 13:06:28 - [MESSAGE][PASSED] - Object 'Object Repository/Journey/journrySearchInput' is clickable

2021-01-13 13:06:29 - [MESSAGE][PASSED] - Text of object 'Object Repository/Journey/journrySearchInput' is cleared

2021-01-13 13:06:30 - [MESSAGE][PASSED] - Keys '' sent to object: 'Object Repository/Journey/journrySearchInput'

2021-01-13 13:06:30 - [MESSAGE][PASSED] - Keys 'J' sent to object: 'Object Repository/Journey/journrySearchInput'

2021-01-13 13:06:31 - [MESSAGE][PASSED] - Keys 'O' sent to object: 'Object Repository/Journey/journrySearchInput'

2021-01-13 13:06:32 - [MESSAGE][PASSED] - Keys '7' sent to object: 'Object Repository/Journey/journrySearchInput'

2021-01-13 13:06:33 - [MESSAGE][PASSED] - Object 'Object Repository/Journey/clickVerifyingJourney(journeyName)' is present

2021-01-13 13:06:33 - [MESSAGE][PASSED] - Object 'Object Repository/Journey/clickVerifyingJourney(journeyName)' is visible

2021-01-13 13:06:34 - [MESSAGE][PASSED] - Object 'Object Repository/Journey/clickVerifyingJourney(journeyName)' is clickable

2021-01-13 13:06:34 - [MESSAGE][PASSED] - Object: 'Object Repository/Journey/clickVerifyingJourney(journeyName)' is clicked on

2021-01-13 13:06:34 - [MESSAGE][PASSED] - Scroll to object 'Object Repository/Journey/Current Access Codes/currentAccessCodeField' successfully

2021-01-13 13:06:35 - [MESSAGE][PASSED] - Object 'Object Repository/Journey/Current Access Codes/getAccessCodesCount' is present

2021-01-13 13:06:36 - [MESSAGE][PASSED] - Text of object 'Object Repository/Journey/Current Access Codes/getAccessCodeText(index)' is: 'access14'

2021-01-13 13:06:36 - [MESSAGE][PASSED] - pages.Journey.getExistingJourneyAccesscode is PASSED

2021-01-13 13:06:36 - [TEST_STEP][PASSED] - login.LoginForJourneyApplication.loginToJourneyApplication(): login.LoginForJourneyApplication.loginToJourneyApplication is PASSED

2021-01-13 13:06:36 - [MESSAGE][PASSED] - Navigate to 'https://qualitlabs.dev.modist.co/' successfully

2021-01-13 13:06:36 - [MESSAGE][PASSED] - login.LoginForJourneyApplication.loginToJourneyApplication is PASSED

2021-01-13 13:06:36 - [TEST_STEP][PASSED] - pages.Journey.enterAccessCodeInJourney(accessCode): pages.Journey.enterAccessCodeInJourney is PASSED

2021-01-13 13:06:37 - [MESSAGE][PASSED] - Object 'Object Repository/Journey/JourneyPortal/enterAccessCode' is present

2021-01-13 13:06:37 - [MESSAGE][PASSED] - Object 'Object Repository/Journey/JourneyPortal/enterAccessCode' is visible

2021-01-13 13:06:37 - [MESSAGE][PASSED] - Object 'Object Repository/Journey/JourneyPortal/enterAccessCode' is clickable

2021-01-13 13:06:38 - [MESSAGE][PASSED] - Text of object 'Object Repository/Journey/JourneyPortal/enterAccessCode' is cleared

2021-01-13 13:06:38 - [MESSAGE][PASSED] - Keys 'access14' sent to object: 'Object Repository/Journey/JourneyPortal/enterAccessCode'

2021-01-13 13:06:38 - [MESSAGE][PASSED] - pages.Journey.enterAccessCodeInJourney is PASSED

2021-01-13 13:06:38 - [TEST_STEP][PASSED] - pages.Journey.clickEnterButton(): pages.Journey.clickEnterButton is PASSED

2021-01-13 13:06:39 - [MESSAGE][PASSED] - Object 'Object Repository/Journey/JourneyPortal/EnterButton' is present

2021-01-13 13:06:39 - [MESSAGE][PASSED] - Object 'Object Repository/Journey/JourneyPortal/EnterButton' is visible

2021-01-13 13:06:39 - [MESSAGE][PASSED] - Object 'Object Repository/Journey/JourneyPortal/EnterButton' is clickable

2021-01-13 13:06:40 - [MESSAGE][PASSED] - Object: 'Object Repository/Journey/JourneyPortal/EnterButton' is clicked on

2021-01-13 13:06:40 - [MESSAGE][PASSED] - pages.Journey.clickEnterButton is PASSED

2021-01-13 13:06:40 - [TEST_STEP][PASSED] - pages.Journey.sectionPageVerification(): pages.Journey.sectionPageVerification is PASSED

2021-01-13 13:06:40 - [MESSAGE][PASSED] - Object 'Object Repository/Journey/JourneyPortal/Section/sectionPage' is present

2021-01-13 13:06:40 - [MESSAGE][PASSED] - pages.Journey.sectionPageVerification is PASSED

2021-01-13 13:06:40 - [TEST_STEP][PASSED] - pages.JourneyPortal.clickFullScreenIcon(): pages.JourneyPortal.clickFullScreenIcon is PASSED

2021-01-13 13:06:41 - [MESSAGE][PASSED] - Object 'Object Repository/Journey/JourneyPortal/Section/FullScreenIcon' is present

2021-01-13 13:06:41 - [MESSAGE][PASSED] - Object 'Object Repository/Journey/JourneyPortal/Section/FullScreenIcon' is visible

2021-01-13 13:06:41 - [MESSAGE][PASSED] - Object 'Object Repository/Journey/JourneyPortal/Section/FullScreenIcon' is clickable

2021-01-13 13:06:42 - [MESSAGE][PASSED] - Object: 'Object Repository/Journey/JourneyPortal/Section/FullScreenIcon' is clicked on

2021-01-13 13:06:42 - [MESSAGE][PASSED] - pages.JourneyPortal.clickFullScreenIcon is PASSED

2021-01-13 13:06:42 - [TEST_STEP][PASSED] - pages.JourneyPortal.verifyTheFullScreenView(): pages.JourneyPortal.verifyTheFullScreenView is PASSED

2021-01-13 13:06:42 - [MESSAGE][PASSED] - Object 'Object Repository/Journey/JourneyPortal/Section/verifyFullScreenView' is present

2021-01-13 13:06:42 - [MESSAGE][PASSED] - pages.JourneyPortal.verifyTheFullScreenView is PASSED]]></system-out>
         <system-err><![CDATA[]]></system-err>
      </testcase>
      <system-out><![CDATA[2021-01-13 12:31:47 - [TEST_SUITE][FAILED] - AllTestCases: Test Cases/Admin/Asset/deleteAssetAndVerify FAILED.
Reason:
com.kms.katalon.core.exception.StepFailedException: Unable to click on object 'Object Repository/Asset/Asset/delIcon'
	at com.kms.katalon.core.webui.keyword.internal.WebUIKeywordMain.stepFailed(WebUIKeywordMain.groovy:64)
	at com.kms.katalon.core.webui.keyword.internal.WebUIKeywordMain.runKeyword(WebUIKeywordMain.groovy:26)
	at com.kms.katalon.core.webui.keyword.builtin.ClickKeyword.click(ClickKeyword.groovy:76)
	at com.kms.katalon.core.webui.keyword.builtin.ClickKeyword.execute(ClickKeyword.groovy:43)
	at com.kms.katalon.core.keyword.internal.KeywordExecutor.executeKeywordForPlatform(KeywordExecutor.groovy:73)
	at com.kms.katalon.core.webui.keyword.WebUiBuiltInKeywords.click(WebUiBuiltInKeywords.groovy:617)
	at com.kms.katalon.core.webui.keyword.WebUiBuiltInKeywords$click$8.call(Unknown Source)
	at webAction.WebAction.click(WebAction.groovy:25)
	at webAction.WebAction$click$1.call(Unknown Source)
	at pages.Asset.deleteAsset(Asset.groovy:109)
	at pages.Asset.invokeMethod(Asset.groovy)
	at com.kms.katalon.core.main.CustomKeywordDelegatingMetaClass.invokeStaticMethod(CustomKeywordDelegatingMetaClass.java:50)
	at deleteAssetAndVerify.run(deleteAssetAndVerify:24)
	at com.kms.katalon.core.main.ScriptEngine.run(ScriptEngine.java:194)
	at com.kms.katalon.core.main.ScriptEngine.runScriptAsRawText(ScriptEngine.java:119)
	at com.kms.katalon.core.main.TestCaseExecutor.runScript(TestCaseExecutor.java:339)
	at com.kms.katalon.core.main.TestCaseExecutor.doExecute(TestCaseExecutor.java:330)
	at com.kms.katalon.core.main.TestCaseExecutor.processExecutionPhase(TestCaseExecutor.java:309)
	at com.kms.katalon.core.main.TestCaseExecutor.accessMainPhase(TestCaseExecutor.java:301)
	at com.kms.katalon.core.main.TestCaseExecutor.execute(TestCaseExecutor.java:235)
	at com.kms.katalon.core.main.TestSuiteExecutor.accessTestCaseMainPhase(TestSuiteExecutor.java:191)
	at com.kms.katalon.core.main.TestSuiteExecutor.accessTestSuiteMainPhase(TestSuiteExecutor.java:141)
	at com.kms.katalon.core.main.TestSuiteExecutor.execute(TestSuiteExecutor.java:90)
	at com.kms.katalon.core.main.TestCaseMain.startTestSuite(TestCaseMain.java:157)
	at com.kms.katalon.core.main.TestCaseMain$startTestSuite$0.call(Unknown Source)
	at TempTestSuite1610559105062.run(TempTestSuite1610559105062.groovy:39)
Caused by: org.openqa.selenium.ElementNotInteractableException: Element <div class="context-action"> could not be scrolled into view
Build info: version: '3.141.59', revision: 'e82be7d358', time: '2018-11-14T08:25:53'
System info: host: 'DESKTOP-H3LAPEO', ip: '192.168.43.128', os.name: 'Windows 10', os.arch: 'amd64', os.version: '10.0', java.version: '1.8.0_181'
Driver info: com.kms.katalon.core.webui.driver.firefox.CGeckoDriver
Capabilities {acceptInsecureCerts: true, browserName: firefox, browserVersion: 84.0.2, javascriptEnabled: true, moz:accessibilityChecks: false, moz:buildID: 20210105180113, moz:geckodriverVersion: 0.28.0, moz:headless: false, moz:processID: 9288, moz:profile: C:\Users\Lenovo\AppData\Loc..., moz:shutdownTimeout: 60000, moz:useNonSpecCompliantPointerOrigin: false, moz:webdriverClick: true, pageLoadStrategy: normal, platform: WINDOWS, platformName: WINDOWS, platformVersion: 10.0, proxy: Proxy(direct), rotatable: false, setWindowRect: true, strictFileInteractability: false, timeouts: {implicit: 0, pageLoad: 300000, script: 30000}, unhandledPromptBehavior: dismiss and notify}
Session ID: 72b3dbc8-f250-4d27-a972-4442f8861e22
	at org.openqa.selenium.remote.http.W3CHttpResponseCodec.createException(W3CHttpResponseCodec.java:187)
	at org.openqa.selenium.remote.http.W3CHttpResponseCodec.decode(W3CHttpResponseCodec.java:122)
	at org.openqa.selenium.remote.http.W3CHttpResponseCodec.decode(W3CHttpResponseCodec.java:49)
	at org.openqa.selenium.remote.HttpCommandExecutor.execute(HttpCommandExecutor.java:158)
	at org.openqa.selenium.remote.service.DriverCommandExecutor.execute(DriverCommandExecutor.java:83)
	at org.openqa.selenium.remote.RemoteWebDriver.execute(RemoteWebDriver.java:552)
	at com.kms.katalon.selenium.driver.CFirefoxDriver.execute(CFirefoxDriver.java:27)
	at org.openqa.selenium.remote.RemoteWebElement.execute(RemoteWebElement.java:285)
	at org.openqa.selenium.remote.RemoteWebElement.click(RemoteWebElement.java:84)
	at org.openqa.selenium.support.events.EventFiringWebDriver$EventFiringWebElement.lambda$new$0(EventFiringWebDriver.java:404)
	at com.sun.proxy.$Proxy12.click(Unknown Source)
	at org.openqa.selenium.support.events.EventFiringWebDriver$EventFiringWebElement.click(EventFiringWebDriver.java:417)
	at com.kms.katalon.core.webui.keyword.builtin.ClickKeyword$_click_closure1.doCall(ClickKeyword.groovy:69)
	at com.kms.katalon.core.webui.keyword.builtin.ClickKeyword$_click_closure1.call(ClickKeyword.groovy)
	at com.kms.katalon.core.webui.keyword.internal.WebUIKeywordMain.runKeyword(WebUIKeywordMain.groovy:20)
	... 24 more]]></system-out>
      <system-err><![CDATA[2021-01-13 12:31:47 - [TEST_SUITE][FAILED] - AllTestCases: Test Cases/Admin/Asset/deleteAssetAndVerify FAILED.
Reason:
com.kms.katalon.core.exception.StepFailedException: Unable to click on object 'Object Repository/Asset/Asset/delIcon'
	at com.kms.katalon.core.webui.keyword.internal.WebUIKeywordMain.stepFailed(WebUIKeywordMain.groovy:64)
	at com.kms.katalon.core.webui.keyword.internal.WebUIKeywordMain.runKeyword(WebUIKeywordMain.groovy:26)
	at com.kms.katalon.core.webui.keyword.builtin.ClickKeyword.click(ClickKeyword.groovy:76)
	at com.kms.katalon.core.webui.keyword.builtin.ClickKeyword.execute(ClickKeyword.groovy:43)
	at com.kms.katalon.core.keyword.internal.KeywordExecutor.executeKeywordForPlatform(KeywordExecutor.groovy:73)
	at com.kms.katalon.core.webui.keyword.WebUiBuiltInKeywords.click(WebUiBuiltInKeywords.groovy:617)
	at com.kms.katalon.core.webui.keyword.WebUiBuiltInKeywords$click$8.call(Unknown Source)
	at webAction.WebAction.click(WebAction.groovy:25)
	at webAction.WebAction$click$1.call(Unknown Source)
	at pages.Asset.deleteAsset(Asset.groovy:109)
	at pages.Asset.invokeMethod(Asset.groovy)
	at com.kms.katalon.core.main.CustomKeywordDelegatingMetaClass.invokeStaticMethod(CustomKeywordDelegatingMetaClass.java:50)
	at deleteAssetAndVerify.run(deleteAssetAndVerify:24)
	at com.kms.katalon.core.main.ScriptEngine.run(ScriptEngine.java:194)
	at com.kms.katalon.core.main.ScriptEngine.runScriptAsRawText(ScriptEngine.java:119)
	at com.kms.katalon.core.main.TestCaseExecutor.runScript(TestCaseExecutor.java:339)
	at com.kms.katalon.core.main.TestCaseExecutor.doExecute(TestCaseExecutor.java:330)
	at com.kms.katalon.core.main.TestCaseExecutor.processExecutionPhase(TestCaseExecutor.java:309)
	at com.kms.katalon.core.main.TestCaseExecutor.accessMainPhase(TestCaseExecutor.java:301)
	at com.kms.katalon.core.main.TestCaseExecutor.execute(TestCaseExecutor.java:235)
	at com.kms.katalon.core.main.TestSuiteExecutor.accessTestCaseMainPhase(TestSuiteExecutor.java:191)
	at com.kms.katalon.core.main.TestSuiteExecutor.accessTestSuiteMainPhase(TestSuiteExecutor.java:141)
	at com.kms.katalon.core.main.TestSuiteExecutor.execute(TestSuiteExecutor.java:90)
	at com.kms.katalon.core.main.TestCaseMain.startTestSuite(TestCaseMain.java:157)
	at com.kms.katalon.core.main.TestCaseMain$startTestSuite$0.call(Unknown Source)
	at TempTestSuite1610559105062.run(TempTestSuite1610559105062.groovy:39)
Caused by: org.openqa.selenium.ElementNotInteractableException: Element <div class="context-action"> could not be scrolled into view
Build info: version: '3.141.59', revision: 'e82be7d358', time: '2018-11-14T08:25:53'
System info: host: 'DESKTOP-H3LAPEO', ip: '192.168.43.128', os.name: 'Windows 10', os.arch: 'amd64', os.version: '10.0', java.version: '1.8.0_181'
Driver info: com.kms.katalon.core.webui.driver.firefox.CGeckoDriver
Capabilities {acceptInsecureCerts: true, browserName: firefox, browserVersion: 84.0.2, javascriptEnabled: true, moz:accessibilityChecks: false, moz:buildID: 20210105180113, moz:geckodriverVersion: 0.28.0, moz:headless: false, moz:processID: 9288, moz:profile: C:\Users\Lenovo\AppData\Loc..., moz:shutdownTimeout: 60000, moz:useNonSpecCompliantPointerOrigin: false, moz:webdriverClick: true, pageLoadStrategy: normal, platform: WINDOWS, platformName: WINDOWS, platformVersion: 10.0, proxy: Proxy(direct), rotatable: false, setWindowRect: true, strictFileInteractability: false, timeouts: {implicit: 0, pageLoad: 300000, script: 30000}, unhandledPromptBehavior: dismiss and notify}
Session ID: 72b3dbc8-f250-4d27-a972-4442f8861e22
	at org.openqa.selenium.remote.http.W3CHttpResponseCodec.createException(W3CHttpResponseCodec.java:187)
	at org.openqa.selenium.remote.http.W3CHttpResponseCodec.decode(W3CHttpResponseCodec.java:122)
	at org.openqa.selenium.remote.http.W3CHttpResponseCodec.decode(W3CHttpResponseCodec.java:49)
	at org.openqa.selenium.remote.HttpCommandExecutor.execute(HttpCommandExecutor.java:158)
	at org.openqa.selenium.remote.service.DriverCommandExecutor.execute(DriverCommandExecutor.java:83)
	at org.openqa.selenium.remote.RemoteWebDriver.execute(RemoteWebDriver.java:552)
	at com.kms.katalon.selenium.driver.CFirefoxDriver.execute(CFirefoxDriver.java:27)
	at org.openqa.selenium.remote.RemoteWebElement.execute(RemoteWebElement.java:285)
	at org.openqa.selenium.remote.RemoteWebElement.click(RemoteWebElement.java:84)
	at org.openqa.selenium.support.events.EventFiringWebDriver$EventFiringWebElement.lambda$new$0(EventFiringWebDriver.java:404)
	at com.sun.proxy.$Proxy12.click(Unknown Source)
	at org.openqa.selenium.support.events.EventFiringWebDriver$EventFiringWebElement.click(EventFiringWebDriver.java:417)
	at com.kms.katalon.core.webui.keyword.builtin.ClickKeyword$_click_closure1.doCall(ClickKeyword.groovy:69)
	at com.kms.katalon.core.webui.keyword.builtin.ClickKeyword$_click_closure1.call(ClickKeyword.groovy)
	at com.kms.katalon.core.webui.keyword.internal.WebUIKeywordMain.runKeyword(WebUIKeywordMain.groovy:20)
	... 24 more]]></system-err>
   </testsuite>
</testsuites>
