<?xml version="1.0" encoding="UTF-8"?>
<testsuites name="AssetSource" time="158.997" tests="7" failures="0" skips="0" errors="0">
   <testsuite name="AssetSource" tests="7" failures="0" errors="0" time="158.997" skips="0" timestamp="2021-01-12 11:25:06" hostname="akhil - DESKTOP-3UFIQIO" id="Test Suites/AssetSource">
      <properties>
         <property name="deviceName" value=""/>
         <property name="devicePlatform" value=""/>
         <property name="logFolder" value="C:\\Modist\\ModistProject\\Reports\\20210112_112502\\AssetSource\\20210112_112502"/>
         <property name="logFiles" value="C:\\Modist\\ModistProject\\Reports\\20210112_112502\\AssetSource\\20210112_112502\\execution0.log"/>
         <property name="attachments" value=""/>
         <property name="hostName" value="akhil - DESKTOP-3UFIQIO"/>
         <property name="os" value="Windows 10 64bit"/>
         <property name="katalonVersion" value="7.8.1.208"/>
         <property name="browser" value="Chrome 87.0.4280.88"/>
         <property name="hostAddress" value="192.168.43.196"/>
         <property name="sessionId" value="8bf349aa1a43029bc09b8b763123fda2"/>
         <property name="seleniumVersion" value="3.141.59"/>
         <property name="proxyInformation" value="ProxyInformation { proxyOption=NO_PROXY, proxyServerType=HTTP, username=, password=********, proxyServerAddress=, proxyServerPort=0, executionList=&quot;&quot;, isApplyToDesiredCapabilities=true }"/>
         <property name="platform" value="Windows 10"/>
      </properties>
      <testcase name="Test Cases/Admin/AssetSource/Add An AssetSource" time="18.17" classname="Test Cases/Admin/AssetSource/Add An AssetSource" status="PASSED">
         <system-out><![CDATA[2021-01-12 11:25:39 - [TEST_CASE][PASSED] - Test Cases/Admin/AssetSource/Add An AssetSource: Test Cases/Admin/AssetSource/Add An AssetSource

2021-01-12 11:25:40 - [TEST_STEP][PASSED] - sourcename = pages.Assetsource.addAssetSource(): pages.Assetsource.addAssetSource is PASSED

2021-01-12 11:25:40 - [MESSAGE][PASSED] - Object 'Object Repository/AssetSoure/Asset Source Tab' is present

2021-01-12 11:25:41 - [MESSAGE][PASSED] - Object 'Object Repository/AssetSoure/Asset Source Tab' is visible

2021-01-12 11:25:41 - [MESSAGE][PASSED] - Object 'Object Repository/AssetSoure/Asset Source Tab' is clickable

2021-01-12 11:25:42 - [MESSAGE][PASSED] - Object: 'Object Repository/AssetSoure/Asset Source Tab' is clicked on

2021-01-12 11:25:42 - [MESSAGE][PASSED] - Object 'Object Repository/AssetSoure/Add Asset Source Button' is present

2021-01-12 11:25:43 - [MESSAGE][PASSED] - Object 'Object Repository/AssetSoure/Add Asset Source Button' is present

2021-01-12 11:25:44 - [MESSAGE][PASSED] - Object 'Object Repository/AssetSoure/Add Asset Source Button' is visible

2021-01-12 11:25:44 - [MESSAGE][PASSED] - Object 'Object Repository/AssetSoure/Add Asset Source Button' is clickable

2021-01-12 11:25:44 - [MESSAGE][PASSED] - Object: 'Object Repository/AssetSoure/Add Asset Source Button' is clicked on

2021-01-12 11:25:44 - [MESSAGE][PASSED] - Wait for page load successfully

2021-01-12 11:25:45 - [MESSAGE][PASSED] - Object 'Object Repository/AssetSoure/Source' is present

2021-01-12 11:25:45 - [MESSAGE][PASSED] - Object 'Object Repository/AssetSoure/Source' is visible

2021-01-12 11:25:45 - [MESSAGE][PASSED] - Object 'Object Repository/AssetSoure/Source' is clickable

2021-01-12 11:25:46 - [MESSAGE][PASSED] - Text of object 'Object Repository/AssetSoure/Source' is cleared

2021-01-12 11:25:46 - [MESSAGE][PASSED] - Keys 'RandomAsset777' sent to object: 'Object Repository/AssetSoure/Source'

2021-01-12 11:25:47 - [MESSAGE][PASSED] - Object 'Object Repository/AssetSoure/Asset Source button on popup' is present

2021-01-12 11:25:47 - [MESSAGE][PASSED] - Object 'Object Repository/AssetSoure/Asset Source button on popup' is visible

2021-01-12 11:25:47 - [MESSAGE][PASSED] - Object 'Object Repository/AssetSoure/Asset Source button on popup' is clickable

2021-01-12 11:25:48 - [MESSAGE][PASSED] - Object: 'Object Repository/AssetSoure/Asset Source button on popup' is clicked on

2021-01-12 11:25:48 - [MESSAGE][PASSED] - pages.Assetsource.addAssetSource is PASSED

2021-01-12 11:25:48 - [TEST_STEP][PASSED] - pages.Assetsource.verifyAssetSourceAdded(sourcename): pages.Assetsource.verifyAssetSourceAdded is PASSED

2021-01-12 11:25:48 - [MESSAGE][PASSED] - Object 'Object Repository/AssetSoure/Search' is present

2021-01-12 11:25:48 - [MESSAGE][PASSED] - Object 'Object Repository/AssetSoure/Search' is visible

2021-01-12 11:25:49 - [MESSAGE][PASSED] - Object 'Object Repository/AssetSoure/Search' is clickable

2021-01-12 11:25:49 - [MESSAGE][PASSED] - Text of object 'Object Repository/AssetSoure/Search' is cleared

2021-01-12 11:25:51 - [MESSAGE][PASSED] - Keys 'RandomAsset777' sent to object: 'Object Repository/AssetSoure/Search'

2021-01-12 11:25:52 - [MESSAGE][PASSED] - Object 'Object Repository/AssetSoure/AssetSourceName' is present

2021-01-12 11:25:52 - [MESSAGE][PASSED] - pages.Assetsource.verifyAssetSourceAdded is PASSED

2021-01-12 11:25:52 - [TEST_STEP][PASSED] - println(sourcename): null]]></system-out>
         <system-err><![CDATA[]]></system-err>
      </testcase>
      <testcase name="Test Cases/Admin/AssetSource/Delete An AssetSource" time="24.792" classname="Test Cases/Admin/AssetSource/Delete An AssetSource" status="PASSED">
         <system-out><![CDATA[2021-01-12 11:25:57 - [TEST_CASE][PASSED] - Test Cases/Admin/AssetSource/Delete An AssetSource: Test Cases/Admin/AssetSource/Delete An AssetSource

2021-01-12 11:25:57 - [TEST_STEP][PASSED] - sourcename = pages.Assetsource.addAssetSource(): pages.Assetsource.addAssetSource is PASSED

2021-01-12 11:25:58 - [MESSAGE][PASSED] - Object 'Object Repository/AssetSoure/Asset Source Tab' is present

2021-01-12 11:25:58 - [MESSAGE][PASSED] - Object 'Object Repository/AssetSoure/Asset Source Tab' is visible

2021-01-12 11:25:58 - [MESSAGE][PASSED] - Object 'Object Repository/AssetSoure/Asset Source Tab' is clickable

2021-01-12 11:25:59 - [MESSAGE][PASSED] - Object: 'Object Repository/AssetSoure/Asset Source Tab' is clicked on

2021-01-12 11:25:59 - [MESSAGE][PASSED] - Object 'Object Repository/AssetSoure/Add Asset Source Button' is present

2021-01-12 11:26:00 - [MESSAGE][PASSED] - Object 'Object Repository/AssetSoure/Add Asset Source Button' is present

2021-01-12 11:26:00 - [MESSAGE][PASSED] - Object 'Object Repository/AssetSoure/Add Asset Source Button' is visible

2021-01-12 11:26:00 - [MESSAGE][PASSED] - Object 'Object Repository/AssetSoure/Add Asset Source Button' is clickable

2021-01-12 11:26:01 - [MESSAGE][PASSED] - Object: 'Object Repository/AssetSoure/Add Asset Source Button' is clicked on

2021-01-12 11:26:01 - [MESSAGE][PASSED] - Wait for page load successfully

2021-01-12 11:26:01 - [MESSAGE][PASSED] - Object 'Object Repository/AssetSoure/Source' is present

2021-01-12 11:26:02 - [MESSAGE][PASSED] - Object 'Object Repository/AssetSoure/Source' is visible

2021-01-12 11:26:02 - [MESSAGE][PASSED] - Object 'Object Repository/AssetSoure/Source' is clickable

2021-01-12 11:26:03 - [MESSAGE][PASSED] - Text of object 'Object Repository/AssetSoure/Source' is cleared

2021-01-12 11:26:03 - [MESSAGE][PASSED] - Keys 'RandomAsset465' sent to object: 'Object Repository/AssetSoure/Source'

2021-01-12 11:26:04 - [MESSAGE][PASSED] - Object 'Object Repository/AssetSoure/Asset Source button on popup' is present

2021-01-12 11:26:04 - [MESSAGE][PASSED] - Object 'Object Repository/AssetSoure/Asset Source button on popup' is visible

2021-01-12 11:26:04 - [MESSAGE][PASSED] - Object 'Object Repository/AssetSoure/Asset Source button on popup' is clickable

2021-01-12 11:26:05 - [MESSAGE][PASSED] - Object: 'Object Repository/AssetSoure/Asset Source button on popup' is clicked on

2021-01-12 11:26:05 - [MESSAGE][PASSED] - pages.Assetsource.addAssetSource is PASSED

2021-01-12 11:26:05 - [TEST_STEP][PASSED] - println(sourcename): null

2021-01-12 11:26:05 - [TEST_STEP][PASSED] - pages.Assetsource.deleteAnAssetSource(sourcename): pages.Assetsource.deleteAnAssetSource is PASSED

2021-01-12 11:26:05 - [MESSAGE][PASSED] - Object 'Object Repository/AssetSoure/Search' is present

2021-01-12 11:26:06 - [MESSAGE][PASSED] - Object 'Object Repository/AssetSoure/Search' is visible

2021-01-12 11:26:06 - [MESSAGE][PASSED] - Object 'Object Repository/AssetSoure/Search' is clickable

2021-01-12 11:26:07 - [MESSAGE][PASSED] - Text of object 'Object Repository/AssetSoure/Search' is cleared

2021-01-12 11:26:07 - [MESSAGE][PASSED] - Keys 'RandomAsset465' sent to object: 'Object Repository/AssetSoure/Search'

2021-01-12 11:26:08 - [MESSAGE][PASSED] - Scroll to object 'Object Repository/AssetSoure/AssetSourceName' successfully

2021-01-12 11:26:10 - [MESSAGE][PASSED] - Object 'Object Repository/AssetSoure/AssetSourceName' is present

2021-01-12 11:26:11 - [MESSAGE][PASSED] - Object 'Object Repository/AssetSoure/AssetSourceName' is visible

2021-01-12 11:26:11 - [MESSAGE][PASSED] - Object 'Object Repository/AssetSoure/AssetSourceName' is clickable

2021-01-12 11:26:12 - [MESSAGE][PASSED] - Object: 'Object Repository/AssetSoure/AssetSourceName' is clicked on

2021-01-12 11:26:12 - [MESSAGE][PASSED] - Object 'Object Repository/AssetSoure/AssetSourceEdit(save button)' is present

2021-01-12 11:26:13 - [MESSAGE][PASSED] - Object 'Object Repository/AssetSoure/Delete Button' is present

2021-01-12 11:26:13 - [MESSAGE][PASSED] - Object 'Object Repository/AssetSoure/Delete Button' is visible

2021-01-12 11:26:14 - [MESSAGE][PASSED] - Object 'Object Repository/AssetSoure/Delete Button' is clickable

2021-01-12 11:26:14 - [MESSAGE][PASSED] - Object: 'Object Repository/AssetSoure/Delete Button' is clicked on

2021-01-12 11:26:14 - [MESSAGE][PASSED] - pages.Assetsource.deleteAnAssetSource is PASSED

2021-01-12 11:26:14 - [TEST_STEP][PASSED] - pages.Assetsource.verifyAssetSourceDeleted(sourcename): pages.Assetsource.verifyAssetSourceDeleted is PASSED

2021-01-12 11:26:15 - [MESSAGE][PASSED] - Object 'Object Repository/AssetSoure/Search' is present

2021-01-12 11:26:15 - [MESSAGE][PASSED] - Object 'Object Repository/AssetSoure/Search' is visible

2021-01-12 11:26:16 - [MESSAGE][PASSED] - Object 'Object Repository/AssetSoure/Search' is clickable

2021-01-12 11:26:16 - [MESSAGE][PASSED] - Text of object 'Object Repository/AssetSoure/Search' is cleared

2021-01-12 11:26:16 - [MESSAGE][PASSED] - Keys 'RandomAsset465' sent to object: 'Object Repository/AssetSoure/Search'

2021-01-12 11:26:17 - [MESSAGE][PASSED] - Web element with id: 'Object Repository/AssetSoure/AssetSourceName' located by 'By.xpath: //div[text()='RandomAsset465']' is not present after '30' second(s)

2021-01-12 11:26:17 - [MESSAGE][PASSED] - pages.Assetsource.verifyAssetSourceDeleted is PASSED]]></system-out>
         <system-err><![CDATA[]]></system-err>
      </testcase>
      <testcase name="Test Cases/Admin/AssetSource/Edit An AssetSource" time="25.529" classname="Test Cases/Admin/AssetSource/Edit An AssetSource" status="PASSED">
         <system-out><![CDATA[2021-01-12 11:26:22 - [TEST_CASE][PASSED] - Test Cases/Admin/AssetSource/Edit An AssetSource: Test Cases/Admin/AssetSource/Edit An AssetSource

2021-01-12 11:26:22 - [TEST_STEP][PASSED] - sourcename = pages.Assetsource.addAssetSource(): pages.Assetsource.addAssetSource is PASSED

2021-01-12 11:26:23 - [MESSAGE][PASSED] - Object 'Object Repository/AssetSoure/Asset Source Tab' is present

2021-01-12 11:26:23 - [MESSAGE][PASSED] - Object 'Object Repository/AssetSoure/Asset Source Tab' is visible

2021-01-12 11:26:23 - [MESSAGE][PASSED] - Object 'Object Repository/AssetSoure/Asset Source Tab' is clickable

2021-01-12 11:26:24 - [MESSAGE][PASSED] - Object: 'Object Repository/AssetSoure/Asset Source Tab' is clicked on

2021-01-12 11:26:24 - [MESSAGE][PASSED] - Object 'Object Repository/AssetSoure/Add Asset Source Button' is present

2021-01-12 11:26:25 - [MESSAGE][PASSED] - Object 'Object Repository/AssetSoure/Add Asset Source Button' is present

2021-01-12 11:26:25 - [MESSAGE][PASSED] - Object 'Object Repository/AssetSoure/Add Asset Source Button' is visible

2021-01-12 11:26:25 - [MESSAGE][PASSED] - Object 'Object Repository/AssetSoure/Add Asset Source Button' is clickable

2021-01-12 11:26:26 - [MESSAGE][PASSED] - Object: 'Object Repository/AssetSoure/Add Asset Source Button' is clicked on

2021-01-12 11:26:26 - [MESSAGE][PASSED] - Wait for page load successfully

2021-01-12 11:26:26 - [MESSAGE][PASSED] - Object 'Object Repository/AssetSoure/Source' is present

2021-01-12 11:26:27 - [MESSAGE][PASSED] - Object 'Object Repository/AssetSoure/Source' is visible

2021-01-12 11:26:27 - [MESSAGE][PASSED] - Object 'Object Repository/AssetSoure/Source' is clickable

2021-01-12 11:26:27 - [MESSAGE][PASSED] - Text of object 'Object Repository/AssetSoure/Source' is cleared

2021-01-12 11:26:28 - [MESSAGE][PASSED] - Keys 'RandomAsset355' sent to object: 'Object Repository/AssetSoure/Source'

2021-01-12 11:26:28 - [MESSAGE][PASSED] - Object 'Object Repository/AssetSoure/Asset Source button on popup' is present

2021-01-12 11:26:29 - [MESSAGE][PASSED] - Object 'Object Repository/AssetSoure/Asset Source button on popup' is visible

2021-01-12 11:26:29 - [MESSAGE][PASSED] - Object 'Object Repository/AssetSoure/Asset Source button on popup' is clickable

2021-01-12 11:26:29 - [MESSAGE][PASSED] - Object: 'Object Repository/AssetSoure/Asset Source button on popup' is clicked on

2021-01-12 11:26:29 - [MESSAGE][PASSED] - pages.Assetsource.addAssetSource is PASSED

2021-01-12 11:26:29 - [TEST_STEP][PASSED] - println(sourcename): null

2021-01-12 11:26:29 - [TEST_STEP][PASSED] - pages.Assetsource.editAnAssetSource(sourcename): pages.Assetsource.editAnAssetSource is PASSED

2021-01-12 11:26:30 - [MESSAGE][PASSED] - Object 'Object Repository/AssetSoure/Search' is present

2021-01-12 11:26:31 - [MESSAGE][PASSED] - Object 'Object Repository/AssetSoure/Search' is visible

2021-01-12 11:26:31 - [MESSAGE][PASSED] - Object 'Object Repository/AssetSoure/Search' is clickable

2021-01-12 11:26:31 - [MESSAGE][PASSED] - Text of object 'Object Repository/AssetSoure/Search' is cleared

2021-01-12 11:26:32 - [MESSAGE][PASSED] - Keys 'RandomAsset355' sent to object: 'Object Repository/AssetSoure/Search'

2021-01-12 11:26:33 - [MESSAGE][PASSED] - Scroll to object 'Object Repository/AssetSoure/AssetSourceName' successfully

2021-01-12 11:26:34 - [MESSAGE][PASSED] - Object 'Object Repository/AssetSoure/AssetSourceName' is present

2021-01-12 11:26:35 - [MESSAGE][PASSED] - Object 'Object Repository/AssetSoure/AssetSourceName' is visible

2021-01-12 11:26:36 - [MESSAGE][PASSED] - Object 'Object Repository/AssetSoure/AssetSourceName' is clickable

2021-01-12 11:26:37 - [MESSAGE][PASSED] - Object: 'Object Repository/AssetSoure/AssetSourceName' is clicked on

2021-01-12 11:26:37 - [MESSAGE][PASSED] - Object 'Object Repository/AssetSoure/AssetSourceEdit(save button)' is present

2021-01-12 11:26:38 - [MESSAGE][PASSED] - Text of object 'Object Repository/AssetSoure/AssetSourceEdit(Source)' is cleared

2021-01-12 11:26:38 - [MESSAGE][PASSED] - Object 'Object Repository/AssetSoure/AssetSourceEdit(Source)' is present

2021-01-12 11:26:38 - [MESSAGE][PASSED] - Object 'Object Repository/AssetSoure/AssetSourceEdit(Source)' is visible

2021-01-12 11:26:39 - [MESSAGE][PASSED] - Object 'Object Repository/AssetSoure/AssetSourceEdit(Source)' is clickable

2021-01-12 11:26:39 - [MESSAGE][PASSED] - Text of object 'Object Repository/AssetSoure/AssetSourceEdit(Source)' is cleared

2021-01-12 11:26:39 - [MESSAGE][PASSED] - Keys 'editedsourcesname0' sent to object: 'Object Repository/AssetSoure/AssetSourceEdit(Source)'

2021-01-12 11:26:40 - [MESSAGE][PASSED] - Object 'Object Repository/AssetSoure/AssetSourceEdit(save button)' is present

2021-01-12 11:26:40 - [MESSAGE][PASSED] - Object 'Object Repository/AssetSoure/AssetSourceEdit(save button)' is visible

2021-01-12 11:26:40 - [MESSAGE][PASSED] - Object 'Object Repository/AssetSoure/AssetSourceEdit(save button)' is clickable

2021-01-12 11:26:41 - [MESSAGE][PASSED] - Object: 'Object Repository/AssetSoure/AssetSourceEdit(save button)' is clicked on

2021-01-12 11:26:41 - [MESSAGE][PASSED] - Object 'Object Repository/AssetSoure/Close Button' is present

2021-01-12 11:26:42 - [MESSAGE][PASSED] - Object 'Object Repository/AssetSoure/Close Button' is visible

2021-01-12 11:26:42 - [MESSAGE][PASSED] - Object 'Object Repository/AssetSoure/Close Button' is clickable

2021-01-12 11:26:42 - [MESSAGE][PASSED] - Object: 'Object Repository/AssetSoure/Close Button' is clicked on

2021-01-12 11:26:42 - [MESSAGE][PASSED] - pages.Assetsource.editAnAssetSource is PASSED]]></system-out>
         <system-err><![CDATA[]]></system-err>
      </testcase>
      <testcase name="Test Cases/Admin/AssetSource/Verify Asset Source tab by clicking it" time="7.059" classname="Test Cases/Admin/AssetSource/Verify Asset Source tab by clicking it" status="PASSED">
         <system-out><![CDATA[2021-01-12 11:26:47 - [TEST_CASE][PASSED] - Test Cases/Admin/AssetSource/Verify Asset Source tab by clicking it: Test Cases/Admin/AssetSource/Verify Asset Source tab by clicking it

2021-01-12 11:26:48 - [TEST_STEP][PASSED] - pages.Assetsource.navigateToAssetSourceDetailsTab(): pages.Assetsource.navigateToAssetSourceDetailsTab is PASSED

2021-01-12 11:26:48 - [MESSAGE][PASSED] - Object 'Object Repository/AssetSoure/Asset Source Tab' is present

2021-01-12 11:26:49 - [MESSAGE][PASSED] - Object 'Object Repository/AssetSoure/Asset Source Tab' is visible

2021-01-12 11:26:49 - [MESSAGE][PASSED] - Object 'Object Repository/AssetSoure/Asset Source Tab' is clickable

2021-01-12 11:26:49 - [MESSAGE][PASSED] - Object: 'Object Repository/AssetSoure/Asset Source Tab' is clicked on

2021-01-12 11:26:49 - [MESSAGE][PASSED] - Object 'Object Repository/AssetSoure/Add Asset Source Button' is present

2021-01-12 11:26:49 - [MESSAGE][PASSED] - pages.Assetsource.navigateToAssetSourceDetailsTab is PASSED]]></system-out>
         <system-err><![CDATA[]]></system-err>
      </testcase>
      <testcase name="Test Cases/Admin/AssetSource/Verify by clicking on any asset source in the Asset source tab details page" time="17.808" classname="Test Cases/Admin/AssetSource/Verify by clicking on any asset source in the Asset source tab details page" status="PASSED">
         <system-out><![CDATA[2021-01-12 11:26:54 - [TEST_CASE][PASSED] - Test Cases/Admin/AssetSource/Verify by clicking on any asset source in the Asset source tab details page: Test Cases/Admin/AssetSource/Verify by clicking on any asset source in the Asset source tab details page

2021-01-12 11:26:55 - [TEST_STEP][PASSED] - sourcename = pages.Assetsource.addAssetSource(): pages.Assetsource.addAssetSource is PASSED

2021-01-12 11:26:55 - [MESSAGE][PASSED] - Object 'Object Repository/AssetSoure/Asset Source Tab' is present

2021-01-12 11:26:56 - [MESSAGE][PASSED] - Object 'Object Repository/AssetSoure/Asset Source Tab' is visible

2021-01-12 11:26:56 - [MESSAGE][PASSED] - Object 'Object Repository/AssetSoure/Asset Source Tab' is clickable

2021-01-12 11:26:56 - [MESSAGE][PASSED] - Object: 'Object Repository/AssetSoure/Asset Source Tab' is clicked on

2021-01-12 11:26:57 - [MESSAGE][PASSED] - Object 'Object Repository/AssetSoure/Add Asset Source Button' is present

2021-01-12 11:26:57 - [MESSAGE][PASSED] - Object 'Object Repository/AssetSoure/Add Asset Source Button' is present

2021-01-12 11:26:57 - [MESSAGE][PASSED] - Object 'Object Repository/AssetSoure/Add Asset Source Button' is visible

2021-01-12 11:26:58 - [MESSAGE][PASSED] - Object 'Object Repository/AssetSoure/Add Asset Source Button' is clickable

2021-01-12 11:26:58 - [MESSAGE][PASSED] - Object: 'Object Repository/AssetSoure/Add Asset Source Button' is clicked on

2021-01-12 11:26:58 - [MESSAGE][PASSED] - Wait for page load successfully

2021-01-12 11:26:59 - [MESSAGE][PASSED] - Object 'Object Repository/AssetSoure/Source' is present

2021-01-12 11:26:59 - [MESSAGE][PASSED] - Object 'Object Repository/AssetSoure/Source' is visible

2021-01-12 11:26:59 - [MESSAGE][PASSED] - Object 'Object Repository/AssetSoure/Source' is clickable

2021-01-12 11:27:00 - [MESSAGE][PASSED] - Text of object 'Object Repository/AssetSoure/Source' is cleared

2021-01-12 11:27:00 - [MESSAGE][PASSED] - Keys 'RandomAsset504' sent to object: 'Object Repository/AssetSoure/Source'

2021-01-12 11:27:01 - [MESSAGE][PASSED] - Object 'Object Repository/AssetSoure/Asset Source button on popup' is present

2021-01-12 11:27:01 - [MESSAGE][PASSED] - Object 'Object Repository/AssetSoure/Asset Source button on popup' is visible

2021-01-12 11:27:01 - [MESSAGE][PASSED] - Object 'Object Repository/AssetSoure/Asset Source button on popup' is clickable

2021-01-12 11:27:02 - [MESSAGE][PASSED] - Object: 'Object Repository/AssetSoure/Asset Source button on popup' is clicked on

2021-01-12 11:27:02 - [MESSAGE][PASSED] - pages.Assetsource.addAssetSource is PASSED

2021-01-12 11:27:02 - [TEST_STEP][PASSED] - println(sourcename): null

2021-01-12 11:27:02 - [TEST_STEP][PASSED] - pages.Assetsource.openAnyExistingAssetSource(sourcename): pages.Assetsource.openAnyExistingAssetSource is PASSED

2021-01-12 11:27:02 - [MESSAGE][PASSED] - Object 'Object Repository/AssetSoure/Search' is present

2021-01-12 11:27:03 - [MESSAGE][PASSED] - Object 'Object Repository/AssetSoure/Search' is visible

2021-01-12 11:27:03 - [MESSAGE][PASSED] - Object 'Object Repository/AssetSoure/Search' is clickable

2021-01-12 11:27:03 - [MESSAGE][PASSED] - Text of object 'Object Repository/AssetSoure/Search' is cleared

2021-01-12 11:27:04 - [MESSAGE][PASSED] - Keys 'RandomAsset504' sent to object: 'Object Repository/AssetSoure/Search'

2021-01-12 11:27:05 - [MESSAGE][PASSED] - Scroll to object 'Object Repository/AssetSoure/AssetSourceName' successfully

2021-01-12 11:27:06 - [MESSAGE][PASSED] - Object 'Object Repository/AssetSoure/AssetSourceName' is present

2021-01-12 11:27:06 - [MESSAGE][PASSED] - Object 'Object Repository/AssetSoure/AssetSourceName' is visible

2021-01-12 11:27:06 - [MESSAGE][PASSED] - Object 'Object Repository/AssetSoure/AssetSourceName' is clickable

2021-01-12 11:27:07 - [MESSAGE][PASSED] - Object: 'Object Repository/AssetSoure/AssetSourceName' is clicked on

2021-01-12 11:27:07 - [MESSAGE][PASSED] - Object 'Object Repository/AssetSoure/AssetSourceEdit(save button)' is present

2021-01-12 11:27:07 - [MESSAGE][PASSED] - pages.Assetsource.openAnyExistingAssetSource is PASSED]]></system-out>
         <system-err><![CDATA[]]></system-err>
      </testcase>
      <testcase name="Test Cases/Admin/AssetSource/Verify Cancel button functionality in the Add Asset Source popup" time="11.42" classname="Test Cases/Admin/AssetSource/Verify Cancel button functionality in the Add Asset Source popup" status="PASSED">
         <system-out><![CDATA[2021-01-12 11:27:12 - [TEST_CASE][PASSED] - Test Cases/Admin/AssetSource/Verify Cancel button functionality in the Add Asset Source popup: Test Cases/Admin/AssetSource/Verify Cancel button functionality in the Add Asset Source popup

2021-01-12 11:27:13 - [TEST_STEP][PASSED] - pages.Assetsource.navigateToAssetSourceDetailsTab(): pages.Assetsource.navigateToAssetSourceDetailsTab is PASSED

2021-01-12 11:27:13 - [MESSAGE][PASSED] - Object 'Object Repository/AssetSoure/Asset Source Tab' is present

2021-01-12 11:27:13 - [MESSAGE][PASSED] - Object 'Object Repository/AssetSoure/Asset Source Tab' is visible

2021-01-12 11:27:14 - [MESSAGE][PASSED] - Object 'Object Repository/AssetSoure/Asset Source Tab' is clickable

2021-01-12 11:27:14 - [MESSAGE][PASSED] - Object: 'Object Repository/AssetSoure/Asset Source Tab' is clicked on

2021-01-12 11:27:15 - [MESSAGE][PASSED] - Object 'Object Repository/AssetSoure/Add Asset Source Button' is present

2021-01-12 11:27:15 - [MESSAGE][PASSED] - pages.Assetsource.navigateToAssetSourceDetailsTab is PASSED

2021-01-12 11:27:15 - [TEST_STEP][PASSED] - pages.Assetsource.clickAddAssetSource(): pages.Assetsource.clickAddAssetSource is PASSED

2021-01-12 11:27:15 - [MESSAGE][PASSED] - Object 'Object Repository/AssetSoure/Add Asset Source Button' is present

2021-01-12 11:27:16 - [MESSAGE][PASSED] - Object 'Object Repository/AssetSoure/Add Asset Source Button' is visible

2021-01-12 11:27:16 - [MESSAGE][PASSED] - Object 'Object Repository/AssetSoure/Add Asset Source Button' is clickable

2021-01-12 11:27:16 - [MESSAGE][PASSED] - Object: 'Object Repository/AssetSoure/Add Asset Source Button' is clicked on

2021-01-12 11:27:16 - [MESSAGE][PASSED] - Wait for page load successfully

2021-01-12 11:27:16 - [MESSAGE][PASSED] - pages.Assetsource.clickAddAssetSource is PASSED

2021-01-12 11:27:16 - [TEST_STEP][PASSED] - pages.Assetsource.cancelAssetSourcePopup(): pages.Assetsource.cancelAssetSourcePopup is PASSED

2021-01-12 11:27:17 - [MESSAGE][PASSED] - Object 'Object Repository/AssetSoure/Cancel Button' is present

2021-01-12 11:27:18 - [MESSAGE][PASSED] - Object 'Object Repository/AssetSoure/Cancel Button' is visible

2021-01-12 11:27:18 - [MESSAGE][PASSED] - Object 'Object Repository/AssetSoure/Cancel Button' is clickable

2021-01-12 11:27:18 - [MESSAGE][PASSED] - Object: 'Object Repository/AssetSoure/Cancel Button' is clicked on

2021-01-12 11:27:19 - [MESSAGE][PASSED] - Object 'Object Repository/AssetSoure/Search' is present

2021-01-12 11:27:19 - [MESSAGE][PASSED] - pages.Assetsource.cancelAssetSourcePopup is PASSED]]></system-out>
         <system-err><![CDATA[]]></system-err>
      </testcase>
      <testcase name="Test Cases/Admin/AssetSource/Verify Close button functionality in the Asset Source edit page" time="20.876" classname="Test Cases/Admin/AssetSource/Verify Close button functionality in the Asset Source edit page" status="PASSED">
         <system-out><![CDATA[2021-01-12 11:27:24 - [TEST_CASE][PASSED] - Test Cases/Admin/AssetSource/Verify Close button functionality in the Asset Source edit page: Test Cases/Admin/AssetSource/Verify Close button functionality in the Asset Source edit page

2021-01-12 11:27:24 - [TEST_STEP][PASSED] - sourcename = pages.Assetsource.addAssetSource(): pages.Assetsource.addAssetSource is PASSED

2021-01-12 11:27:25 - [MESSAGE][PASSED] - Object 'Object Repository/AssetSoure/Asset Source Tab' is present

2021-01-12 11:27:25 - [MESSAGE][PASSED] - Object 'Object Repository/AssetSoure/Asset Source Tab' is visible

2021-01-12 11:27:25 - [MESSAGE][PASSED] - Object 'Object Repository/AssetSoure/Asset Source Tab' is clickable

2021-01-12 11:27:26 - [MESSAGE][PASSED] - Object: 'Object Repository/AssetSoure/Asset Source Tab' is clicked on

2021-01-12 11:27:26 - [MESSAGE][PASSED] - Object 'Object Repository/AssetSoure/Add Asset Source Button' is present

2021-01-12 11:27:26 - [MESSAGE][PASSED] - Object 'Object Repository/AssetSoure/Add Asset Source Button' is present

2021-01-12 11:27:26 - [MESSAGE][PASSED] - Object 'Object Repository/AssetSoure/Add Asset Source Button' is visible

2021-01-12 11:27:27 - [MESSAGE][PASSED] - Object 'Object Repository/AssetSoure/Add Asset Source Button' is clickable

2021-01-12 11:27:27 - [MESSAGE][PASSED] - Object: 'Object Repository/AssetSoure/Add Asset Source Button' is clicked on

2021-01-12 11:27:27 - [MESSAGE][PASSED] - Wait for page load successfully

2021-01-12 11:27:28 - [MESSAGE][PASSED] - Object 'Object Repository/AssetSoure/Source' is present

2021-01-12 11:27:28 - [MESSAGE][PASSED] - Object 'Object Repository/AssetSoure/Source' is visible

2021-01-12 11:27:28 - [MESSAGE][PASSED] - Object 'Object Repository/AssetSoure/Source' is clickable

2021-01-12 11:27:29 - [MESSAGE][PASSED] - Text of object 'Object Repository/AssetSoure/Source' is cleared

2021-01-12 11:27:29 - [MESSAGE][PASSED] - Keys 'RandomAsset717' sent to object: 'Object Repository/AssetSoure/Source'

2021-01-12 11:27:30 - [MESSAGE][PASSED] - Object 'Object Repository/AssetSoure/Asset Source button on popup' is present

2021-01-12 11:27:30 - [MESSAGE][PASSED] - Object 'Object Repository/AssetSoure/Asset Source button on popup' is visible

2021-01-12 11:27:30 - [MESSAGE][PASSED] - Object 'Object Repository/AssetSoure/Asset Source button on popup' is clickable

2021-01-12 11:27:31 - [MESSAGE][PASSED] - Object: 'Object Repository/AssetSoure/Asset Source button on popup' is clicked on

2021-01-12 11:27:31 - [MESSAGE][PASSED] - pages.Assetsource.addAssetSource is PASSED

2021-01-12 11:27:31 - [TEST_STEP][PASSED] - println(sourcename): null

2021-01-12 11:27:31 - [TEST_STEP][PASSED] - pages.Assetsource.openAnyExistingAssetSource(sourcename): pages.Assetsource.openAnyExistingAssetSource is PASSED

2021-01-12 11:27:31 - [MESSAGE][PASSED] - Object 'Object Repository/AssetSoure/Search' is present

2021-01-12 11:27:32 - [MESSAGE][PASSED] - Object 'Object Repository/AssetSoure/Search' is visible

2021-01-12 11:27:32 - [MESSAGE][PASSED] - Object 'Object Repository/AssetSoure/Search' is clickable

2021-01-12 11:27:33 - [MESSAGE][PASSED] - Text of object 'Object Repository/AssetSoure/Search' is cleared

2021-01-12 11:27:33 - [MESSAGE][PASSED] - Keys 'RandomAsset717' sent to object: 'Object Repository/AssetSoure/Search'

2021-01-12 11:27:35 - [MESSAGE][PASSED] - Scroll to object 'Object Repository/AssetSoure/AssetSourceName' successfully

2021-01-12 11:27:35 - [MESSAGE][PASSED] - Object 'Object Repository/AssetSoure/AssetSourceName' is present

2021-01-12 11:27:35 - [MESSAGE][PASSED] - Object 'Object Repository/AssetSoure/AssetSourceName' is visible

2021-01-12 11:27:36 - [MESSAGE][PASSED] - Object 'Object Repository/AssetSoure/AssetSourceName' is clickable

2021-01-12 11:27:36 - [MESSAGE][PASSED] - Object: 'Object Repository/AssetSoure/AssetSourceName' is clicked on

2021-01-12 11:27:37 - [MESSAGE][PASSED] - Object 'Object Repository/AssetSoure/AssetSourceEdit(save button)' is present

2021-01-12 11:27:37 - [MESSAGE][PASSED] - pages.Assetsource.openAnyExistingAssetSource is PASSED

2021-01-12 11:27:37 - [TEST_STEP][PASSED] - pages.Assetsource.closeAssetSourceEditpage(): pages.Assetsource.closeAssetSourceEditpage is PASSED

2021-01-12 11:27:37 - [MESSAGE][PASSED] - Object 'Object Repository/AssetSoure/Close Button' is present

2021-01-12 11:27:38 - [MESSAGE][PASSED] - Object 'Object Repository/AssetSoure/Close Button' is visible

2021-01-12 11:27:38 - [MESSAGE][PASSED] - Object 'Object Repository/AssetSoure/Close Button' is clickable

2021-01-12 11:27:39 - [MESSAGE][PASSED] - Object: 'Object Repository/AssetSoure/Close Button' is clicked on

2021-01-12 11:27:40 - [MESSAGE][PASSED] - Object 'Object Repository/AssetSoure/Search' is present

2021-01-12 11:27:40 - [MESSAGE][PASSED] - pages.Assetsource.closeAssetSourceEditpage is PASSED]]></system-out>
         <system-err><![CDATA[]]></system-err>
      </testcase>
      <system-out><![CDATA[2021-01-12 11:25:06 - [TEST_SUITE][INCOMPLETE] - AssetSource: null]]></system-out>
      <system-err><![CDATA[2021-01-12 11:25:06 - [TEST_SUITE][INCOMPLETE] - AssetSource: null]]></system-err>
   </testsuite>
</testsuites>
