<?xml version="1.0" encoding="UTF-8"?>
<testsuites name="dashboardVerification" time="46.44" tests="2" failures="0" errors="0">
   <testsuite name="dashboardVerification" tests="2" failures="0" errors="0" time="46.44" timestamp="2021-01-11 23:36:34" hostname="Lenovo - DESKTOP-H3LAPEO" id="Test Suites/dashboardVerification">
      <properties>
         <property name="deviceName" value=""/>
         <property name="devicePlatform" value=""/>
         <property name="logFolder" value="E:\\Modist Project\\ModistProject\\Reports\\20210111_233632\\dashboardVerification\\20210111_233632"/>
         <property name="logFiles" value="E:\\Modist Project\\ModistProject\\Reports\\20210111_233632\\dashboardVerification\\20210111_233632\\execution0.log"/>
         <property name="attachments" value=""/>
         <property name="hostName" value="Lenovo - DESKTOP-H3LAPEO"/>
         <property name="os" value="Windows 10 64bit"/>
         <property name="katalonVersion" value="7.7.0.205"/>
         <property name="browser" value="Chrome 87.0.4280.141"/>
         <property name="hostAddress" value="192.168.43.128"/>
         <property name="sessionId" value="7f099626c08295283d3ba4e126002e27"/>
         <property name="seleniumVersion" value="3.141.59"/>
         <property name="proxyInformation" value="ProxyInformation { proxyOption=NO_PROXY, proxyServerType=HTTP, username=, password=********, proxyServerAddress=, proxyServerPort=0, executionList=&quot;&quot;, isApplyToDesiredCapabilities=true }"/>
         <property name="platform" value="Windows 10"/>
      </properties>
      <testcase name="Test Cases/Admin/dashboard/Verify Headers" time="7.702" classname="Test Cases/Admin/dashboard/Verify Headers" status="PASSED">
         <system-out><![CDATA[2021-01-11 23:37:02 - [TEST_CASE][PASSED] - Test Cases/Admin/dashboard/Verify Headers: Test Cases/Admin/dashboard/Verify Headers

2021-01-11 23:37:02 - [TEST_STEP][PASSED] - common.uploading.getHeaders(): common.uploading.getHeaders is PASSED

2021-01-11 23:37:04 - [MESSAGE][PASSED] - Text of object 'Object Repository/CommonButtons/getHeaders' is: 'Journey'

2021-01-11 23:37:05 - [MESSAGE][PASSED] - Text of object 'Object Repository/CommonButtons/getHeaders' is: 'Tenant'

2021-01-11 23:37:05 - [MESSAGE][PASSED] - Text of object 'Object Repository/CommonButtons/getHeaders' is: 'User'

2021-01-11 23:37:07 - [MESSAGE][PASSED] - Text of object 'Object Repository/CommonButtons/getHeaders' is: 'Brand'

2021-01-11 23:37:08 - [MESSAGE][PASSED] - Text of object 'Object Repository/CommonButtons/getHeaders' is: 'Section'

2021-01-11 23:37:08 - [MESSAGE][PASSED] - Text of object 'Object Repository/CommonButtons/getHeaders' is: 'Asset'

2021-01-11 23:37:09 - [MESSAGE][PASSED] - Text of object 'Object Repository/CommonButtons/getHeaders' is: 'Product'

2021-01-11 23:37:09 - [MESSAGE][PASSED] - Text of object 'Object Repository/CommonButtons/getHeaders' is: 'Asset Source'

2021-01-11 23:37:09 - [MESSAGE][PASSED] - Text of object 'Object Repository/CommonButtons/getHeaders' is: 'Tags'

2021-01-11 23:37:09 - [MESSAGE][PASSED] - common.uploading.getHeaders is PASSED]]></system-out>
         <system-err><![CDATA[]]></system-err>
      </testcase>
      <testcase name="Test Cases/Admin/dashboard/verifyUrlAfterLogin" time="10.525" classname="Test Cases/Admin/dashboard/verifyUrlAfterLogin" status="PASSED">
         <system-out><![CDATA[2021-01-11 23:37:09 - [TEST_CASE][PASSED] - Test Cases/Admin/dashboard/verifyUrlAfterLogin: Test Cases/Admin/dashboard/verifyUrlAfterLogin

2021-01-11 23:37:10 - [TEST_STEP][PASSED] - verification.Verification.getUrlAndVerify("dashboard", "you are not in a dashboard page"): verification.Verification.getUrlAndVerify is PASSED

2021-01-11 23:37:20 - [MESSAGE][PASSED] - Delayed 10 second(s)

2021-01-11 23:37:20 - [MESSAGE][PASSED] - Current window's url is: 'https://dev-admin.modist.co/dashboard'

2021-01-11 23:37:20 - [MESSAGE][PASSED] - verification.Verification.getUrlAndVerify is PASSED]]></system-out>
         <system-err><![CDATA[]]></system-err>
      </testcase>
      <system-out><![CDATA[2021-01-11 23:36:34 - [TEST_SUITE][PASSED] - dashboardVerification: Test Cases/Admin/dashboard/verifyUrlAfterLogin]]></system-out>
      <system-err><![CDATA[]]></system-err>
   </testsuite>
</testsuites>
