<?xml version="1.0" encoding="UTF-8"?>
<testsuites name="Journey" time="348.214" tests="5" failures="1" skips="0" errors="0">
   <testsuite name="Journey" tests="5" failures="1" errors="0" time="348.214" skips="0" timestamp="2021-01-12 11:28:47" hostname="akhil - DESKTOP-3UFIQIO" id="Test Suites/Journey">
      <properties>
         <property name="deviceName" value=""/>
         <property name="devicePlatform" value=""/>
         <property name="logFolder" value="C:\\Modist\\ModistProject\\Reports\\20210112_112830\\Journey\\20210112_112830"/>
         <property name="logFiles" value="C:\\Modist\\ModistProject\\Reports\\20210112_112830\\Journey\\20210112_112830\\execution0.log"/>
         <property name="attachments" value="C:\\Modist\\ModistProject\\Reports\\20210112_112830\\Journey\\20210112_112830\\1610431318766.png"/>
         <property name="hostName" value="akhil - DESKTOP-3UFIQIO"/>
         <property name="os" value="Windows 10 64bit"/>
         <property name="katalonVersion" value="7.8.1.208"/>
         <property name="browser" value="Chrome 87.0.4280.88"/>
         <property name="hostAddress" value="192.168.43.196"/>
         <property name="sessionId" value="ba59a8643832b3176471348a895d71ef"/>
         <property name="seleniumVersion" value="3.141.59"/>
         <property name="proxyInformation" value="ProxyInformation { proxyOption=NO_PROXY, proxyServerType=HTTP, username=, password=********, proxyServerAddress=, proxyServerPort=0, executionList=&quot;&quot;, isApplyToDesiredCapabilities=true }"/>
         <property name="platform" value="Windows 10"/>
      </properties>
      <testcase name="Test Cases/Admin/Journey/addJournyAndVerifyItisAdded" time="24.531" classname="Test Cases/Admin/Journey/addJournyAndVerifyItisAdded" status="PASSED">
         <system-out><![CDATA[2021-01-12 11:29:17 - [TEST_CASE][PASSED] - Test Cases/Admin/Journey/addJournyAndVerifyItisAdded: Test Cases/Admin/Journey/addJournyAndVerifyItisAdded

2021-01-12 11:29:18 - [TEST_STEP][PASSED] - pages.Journey.clickOnJourneyTab(): pages.Journey.clickOnJourneyTab is PASSED

2021-01-12 11:29:19 - [MESSAGE][PASSED] - Object 'Object Repository/Journey/Journeytab' is present

2021-01-12 11:29:19 - [MESSAGE][PASSED] - Object 'Object Repository/Journey/Journeytab' is visible

2021-01-12 11:29:20 - [MESSAGE][PASSED] - Object 'Object Repository/Journey/Journeytab' is clickable

2021-01-12 11:29:21 - [MESSAGE][PASSED] - Object: 'Object Repository/Journey/Journeytab' is clicked on

2021-01-12 11:29:21 - [MESSAGE][PASSED] - pages.Journey.clickOnJourneyTab is PASSED

2021-01-12 11:29:21 - [TEST_STEP][PASSED] - journeyName = pages.Journey.addJourney(): pages.Journey.addJourney is PASSED

2021-01-12 11:29:21 - [MESSAGE][PASSED] - Object 'Object Repository/Journey/Add Journey/AddJourneyButton' is present

2021-01-12 11:29:21 - [MESSAGE][PASSED] - Object 'Object Repository/Journey/Add Journey/AddJourneyButton' is visible

2021-01-12 11:29:22 - [MESSAGE][PASSED] - Object 'Object Repository/Journey/Add Journey/AddJourneyButton' is clickable

2021-01-12 11:29:22 - [MESSAGE][PASSED] - Object: 'Object Repository/Journey/Add Journey/AddJourneyButton' is clicked on

2021-01-12 11:29:23 - [MESSAGE][PASSED] - Object 'Object Repository/Journey/Add Journey/journeyName' is present

2021-01-12 11:29:23 - [MESSAGE][PASSED] - Object 'Object Repository/Journey/Add Journey/journeyName' is visible

2021-01-12 11:29:23 - [MESSAGE][PASSED] - Object 'Object Repository/Journey/Add Journey/journeyName' is clickable

2021-01-12 11:29:23 - [MESSAGE][PASSED] - Text of object 'Object Repository/Journey/Add Journey/journeyName' is cleared

2021-01-12 11:29:24 - [MESSAGE][PASSED] - Keys 'journeyName547' sent to object: 'Object Repository/Journey/Add Journey/journeyName'

2021-01-12 11:29:24 - [MESSAGE][PASSED] - Object 'Object Repository/Journey/Add Journey/addJourneyInAddJourneyPopUp' is present

2021-01-12 11:29:25 - [MESSAGE][PASSED] - Object 'Object Repository/Journey/Add Journey/addJourneyInAddJourneyPopUp' is visible

2021-01-12 11:29:25 - [MESSAGE][PASSED] - Object 'Object Repository/Journey/Add Journey/addJourneyInAddJourneyPopUp' is clickable

2021-01-12 11:29:25 - [MESSAGE][PASSED] - Object: 'Object Repository/Journey/Add Journey/addJourneyInAddJourneyPopUp' is clicked on

2021-01-12 11:29:25 - [MESSAGE][PASSED] - pages.Journey.addJourney is PASSED

2021-01-12 11:29:25 - [TEST_STEP][PASSED] - pages.Journey.verifyJourneyAdded(journeyName): pages.Journey.verifyJourneyAdded is PASSED

2021-01-12 11:29:26 - [MESSAGE][PASSED] - Object 'Object Repository/Journey/journrySearchInput' is present

2021-01-12 11:29:26 - [MESSAGE][PASSED] - Object 'Object Repository/Journey/journrySearchInput' is visible

2021-01-12 11:29:27 - [MESSAGE][PASSED] - Object 'Object Repository/Journey/journrySearchInput' is clickable

2021-01-12 11:29:27 - [MESSAGE][PASSED] - Text of object 'Object Repository/Journey/journrySearchInput' is cleared

2021-01-12 11:29:28 - [MESSAGE][PASSED] - Keys 'journeyName547' sent to object: 'Object Repository/Journey/journrySearchInput'

2021-01-12 11:29:34 - [MESSAGE][PASSED] - Object 'Object Repository/Journey/JourneyName(journeyName)' is present

2021-01-12 11:29:36 - [MESSAGE][PASSED] - Object 'Object Repository/Journey/JourneyName(journeyName)' is present

2021-01-12 11:29:36 - [MESSAGE][PASSED] - pages.Journey.verifyJourneyAdded is PASSED]]></system-out>
         <system-err><![CDATA[]]></system-err>
      </testcase>
      <testcase name="Test Cases/Admin/Journey/deleteJourneyAndVerify" time="142.705" classname="Test Cases/Admin/Journey/deleteJourneyAndVerify" status="FAILED">
         <failure type="FAILED" message="Test Cases/Admin/Journey/deleteJourneyAndVerify FAILED.
Reason:
com.kms.katalon.core.exception.StepFailedException: Unable to click on object 'Object Repository/Journey/journeyNameCheckBox(name)'
	at com.kms.katalon.core.webui.keyword.internal.WebUIKeywordMain.stepFailed(WebUIKeywordMain.groovy:64)
	at com.kms.katalon.core.webui.keyword.internal.WebUIKeywordMain.runKeyword(WebUIKeywordMain.groovy:26)
	at com.kms.katalon.core.webui.keyword.builtin.ClickKeyword.click(ClickKeyword.groovy:76)
	at com.kms.katalon.core.webui.keyword.builtin.ClickKeyword.execute(ClickKeyword.groovy:43)
	at com.kms.katalon.core.keyword.internal.KeywordExecutor.executeKeywordForPlatform(KeywordExecutor.groovy:73)
	at com.kms.katalon.core.webui.keyword.WebUiBuiltInKeywords.click(WebUiBuiltInKeywords.groovy:617)
	at com.kms.katalon.core.webui.keyword.WebUiBuiltInKeywords$click$7.call(Unknown Source)
	at webAction.WebAction.click(WebAction.groovy:25)
	at webAction.WebAction$click$1.call(Unknown Source)
	at pages.Journey.deleteJourney(Journey.groovy:59)
	at pages.Journey.invokeMethod(Journey.groovy)
	at com.kms.katalon.core.main.CustomKeywordDelegatingMetaClass.invokeStaticMethod(CustomKeywordDelegatingMetaClass.java:50)
	at deleteJourneyAndVerify.run(deleteJourneyAndVerify:22)
	at com.kms.katalon.core.main.ScriptEngine.run(ScriptEngine.java:194)
	at com.kms.katalon.core.main.ScriptEngine.runScriptAsRawText(ScriptEngine.java:119)
	at com.kms.katalon.core.main.TestCaseExecutor.runScript(TestCaseExecutor.java:393)
	at com.kms.katalon.core.main.TestCaseExecutor.doExecute(TestCaseExecutor.java:384)
	at com.kms.katalon.core.main.TestCaseExecutor.processExecutionPhase(TestCaseExecutor.java:363)
	at com.kms.katalon.core.main.TestCaseExecutor.accessMainPhase(TestCaseExecutor.java:355)
	at com.kms.katalon.core.main.TestCaseExecutor.execute(TestCaseExecutor.java:251)
	at com.kms.katalon.core.main.TestSuiteExecutor.accessTestCaseMainPhase(TestSuiteExecutor.java:203)
	at com.kms.katalon.core.main.TestSuiteExecutor.accessTestSuiteMainPhase(TestSuiteExecutor.java:152)
	at com.kms.katalon.core.main.TestSuiteExecutor.execute(TestSuiteExecutor.java:95)
	at com.kms.katalon.core.main.TestCaseMain.startTestSuite(TestCaseMain.java:157)
	at com.kms.katalon.core.main.TestCaseMain$startTestSuite$0.call(Unknown Source)
	at TempTestSuite1610431110753.run(TempTestSuite1610431110753.groovy:39)
Caused by: com.kms.katalon.core.webui.exception.WebElementNotFoundException: Web element with id: 'Object Repository/Journey/journeyNameCheckBox(name)' located by '//div[text()='journeyName961']/../..//input' not found
	at com.kms.katalon.core.webui.common.WebUiCommonHelper.findWebElement(WebUiCommonHelper.java:1369)
	at com.kms.katalon.core.webui.keyword.internal.WebUIAbstractKeyword.findWebElement(WebUIAbstractKeyword.groovy:27)
	at com.kms.katalon.core.webui.keyword.internal.WebUIAbstractKeyword.findWebElement(WebUIAbstractKeyword.groovy:26)
	at com.kms.katalon.core.webui.keyword.builtin.ClickKeyword$_click_closure1.doCall(ClickKeyword.groovy:67)
	at com.kms.katalon.core.webui.keyword.builtin.ClickKeyword$_click_closure1.call(ClickKeyword.groovy)
	at com.kms.katalon.core.webui.keyword.internal.WebUIKeywordMain.runKeyword(WebUIKeywordMain.groovy:20)
	... 24 more
"/>
         <system-out><![CDATA[2021-01-12 11:29:41 - [TEST_CASE][FAILED] - Test Cases/Admin/Journey/deleteJourneyAndVerify: Test Cases/Admin/Journey/deleteJourneyAndVerify FAILED.
Reason:
com.kms.katalon.core.exception.StepFailedException: Unable to click on object 'Object Repository/Journey/journeyNameCheckBox(name)'
	at com.kms.katalon.core.webui.keyword.internal.WebUIKeywordMain.stepFailed(WebUIKeywordMain.groovy:64)
	at com.kms.katalon.core.webui.keyword.internal.WebUIKeywordMain.runKeyword(WebUIKeywordMain.groovy:26)
	at com.kms.katalon.core.webui.keyword.builtin.ClickKeyword.click(ClickKeyword.groovy:76)
	at com.kms.katalon.core.webui.keyword.builtin.ClickKeyword.execute(ClickKeyword.groovy:43)
	at com.kms.katalon.core.keyword.internal.KeywordExecutor.executeKeywordForPlatform(KeywordExecutor.groovy:73)
	at com.kms.katalon.core.webui.keyword.WebUiBuiltInKeywords.click(WebUiBuiltInKeywords.groovy:617)
	at com.kms.katalon.core.webui.keyword.WebUiBuiltInKeywords$click$7.call(Unknown Source)
	at webAction.WebAction.click(WebAction.groovy:25)
	at webAction.WebAction$click$1.call(Unknown Source)
	at pages.Journey.deleteJourney(Journey.groovy:59)
	at pages.Journey.invokeMethod(Journey.groovy)
	at com.kms.katalon.core.main.CustomKeywordDelegatingMetaClass.invokeStaticMethod(CustomKeywordDelegatingMetaClass.java:50)
	at deleteJourneyAndVerify.run(deleteJourneyAndVerify:22)
	at com.kms.katalon.core.main.ScriptEngine.run(ScriptEngine.java:194)
	at com.kms.katalon.core.main.ScriptEngine.runScriptAsRawText(ScriptEngine.java:119)
	at com.kms.katalon.core.main.TestCaseExecutor.runScript(TestCaseExecutor.java:393)
	at com.kms.katalon.core.main.TestCaseExecutor.doExecute(TestCaseExecutor.java:384)
	at com.kms.katalon.core.main.TestCaseExecutor.processExecutionPhase(TestCaseExecutor.java:363)
	at com.kms.katalon.core.main.TestCaseExecutor.accessMainPhase(TestCaseExecutor.java:355)
	at com.kms.katalon.core.main.TestCaseExecutor.execute(TestCaseExecutor.java:251)
	at com.kms.katalon.core.main.TestSuiteExecutor.accessTestCaseMainPhase(TestSuiteExecutor.java:203)
	at com.kms.katalon.core.main.TestSuiteExecutor.accessTestSuiteMainPhase(TestSuiteExecutor.java:152)
	at com.kms.katalon.core.main.TestSuiteExecutor.execute(TestSuiteExecutor.java:95)
	at com.kms.katalon.core.main.TestCaseMain.startTestSuite(TestCaseMain.java:157)
	at com.kms.katalon.core.main.TestCaseMain$startTestSuite$0.call(Unknown Source)
	at TempTestSuite1610431110753.run(TempTestSuite1610431110753.groovy:39)
Caused by: com.kms.katalon.core.webui.exception.WebElementNotFoundException: Web element with id: 'Object Repository/Journey/journeyNameCheckBox(name)' located by '//div[text()='journeyName961']/../..//input' not found
	at com.kms.katalon.core.webui.common.WebUiCommonHelper.findWebElement(WebUiCommonHelper.java:1369)
	at com.kms.katalon.core.webui.keyword.internal.WebUIAbstractKeyword.findWebElement(WebUIAbstractKeyword.groovy:27)
	at com.kms.katalon.core.webui.keyword.internal.WebUIAbstractKeyword.findWebElement(WebUIAbstractKeyword.groovy:26)
	at com.kms.katalon.core.webui.keyword.builtin.ClickKeyword$_click_closure1.doCall(ClickKeyword.groovy:67)
	at com.kms.katalon.core.webui.keyword.builtin.ClickKeyword$_click_closure1.call(ClickKeyword.groovy)
	at com.kms.katalon.core.webui.keyword.internal.WebUIKeywordMain.runKeyword(WebUIKeywordMain.groovy:20)
	... 24 more


2021-01-12 11:29:42 - [TEST_STEP][PASSED] - pages.Journey.clickOnJourneyTab(): pages.Journey.clickOnJourneyTab is PASSED

2021-01-12 11:29:42 - [MESSAGE][PASSED] - Object 'Object Repository/Journey/Journeytab' is present

2021-01-12 11:29:43 - [MESSAGE][PASSED] - Object 'Object Repository/Journey/Journeytab' is visible

2021-01-12 11:29:43 - [MESSAGE][PASSED] - Object 'Object Repository/Journey/Journeytab' is clickable

2021-01-12 11:29:44 - [MESSAGE][PASSED] - Object: 'Object Repository/Journey/Journeytab' is clicked on

2021-01-12 11:29:44 - [MESSAGE][PASSED] - pages.Journey.clickOnJourneyTab is PASSED

2021-01-12 11:29:44 - [TEST_STEP][PASSED] - journeyName = pages.Journey.addJourney(): pages.Journey.addJourney is PASSED

2021-01-12 11:29:44 - [MESSAGE][PASSED] - Object 'Object Repository/Journey/Add Journey/AddJourneyButton' is present

2021-01-12 11:29:44 - [MESSAGE][PASSED] - Object 'Object Repository/Journey/Add Journey/AddJourneyButton' is visible

2021-01-12 11:29:45 - [MESSAGE][PASSED] - Object 'Object Repository/Journey/Add Journey/AddJourneyButton' is clickable

2021-01-12 11:29:45 - [MESSAGE][PASSED] - Object: 'Object Repository/Journey/Add Journey/AddJourneyButton' is clicked on

2021-01-12 11:29:46 - [MESSAGE][PASSED] - Object 'Object Repository/Journey/Add Journey/journeyName' is present

2021-01-12 11:29:46 - [MESSAGE][PASSED] - Object 'Object Repository/Journey/Add Journey/journeyName' is visible

2021-01-12 11:29:46 - [MESSAGE][PASSED] - Object 'Object Repository/Journey/Add Journey/journeyName' is clickable

2021-01-12 11:29:47 - [MESSAGE][PASSED] - Text of object 'Object Repository/Journey/Add Journey/journeyName' is cleared

2021-01-12 11:29:48 - [MESSAGE][PASSED] - Keys 'journeyName961' sent to object: 'Object Repository/Journey/Add Journey/journeyName'

2021-01-12 11:29:48 - [MESSAGE][PASSED] - Object 'Object Repository/Journey/Add Journey/addJourneyInAddJourneyPopUp' is present

2021-01-12 11:29:48 - [MESSAGE][PASSED] - Object 'Object Repository/Journey/Add Journey/addJourneyInAddJourneyPopUp' is visible

2021-01-12 11:29:48 - [MESSAGE][PASSED] - Object 'Object Repository/Journey/Add Journey/addJourneyInAddJourneyPopUp' is clickable

2021-01-12 11:29:49 - [MESSAGE][PASSED] - Object: 'Object Repository/Journey/Add Journey/addJourneyInAddJourneyPopUp' is clicked on

2021-01-12 11:29:49 - [MESSAGE][PASSED] - pages.Journey.addJourney is PASSED

2021-01-12 11:29:49 - [TEST_STEP][FAILED] - pages.Journey.deleteJourney(journeyName): Unable to click on object 'Object Repository/Journey/journeyNameCheckBox(name)'

2021-01-12 11:29:50 - [MESSAGE][PASSED] - Object 'Object Repository/Journey/journrySearchInput' is present

2021-01-12 11:29:50 - [MESSAGE][PASSED] - Object 'Object Repository/Journey/journrySearchInput' is visible

2021-01-12 11:29:50 - [MESSAGE][PASSED] - Object 'Object Repository/Journey/journrySearchInput' is clickable

2021-01-12 11:29:51 - [MESSAGE][PASSED] - Text of object 'Object Repository/Journey/journrySearchInput' is cleared

2021-01-12 11:29:52 - [MESSAGE][PASSED] - Keys 'journeyName961' sent to object: 'Object Repository/Journey/journrySearchInput'

2021-01-12 11:29:53 - [MESSAGE][PASSED] - Object 'Object Repository/Journey/JourneyName(journeyName)' is present

2021-01-12 11:30:24 - [MESSAGE][INFO] - Unable to find the element located by 'By.xpath: //div[text()='journeyName961']/../..//input'. Please recheck the objects properties to make sure the desired element is located. 

2021-01-12 11:30:24 - [MESSAGE][WARNING] - [SELF-HEALING] Failed to find element with id 'Object Repository/Journey/journeyNameCheckBox(name)'. Try using Self-healing.

2021-01-12 11:30:24 - [MESSAGE][WARNING] - [SELF-HEALING] Cannot find elements when the XPath is null.

2021-01-12 11:30:24 - [MESSAGE][WARNING] - [SELF-HEALING] Cannot find elements when the selector is null

2021-01-12 11:30:24 - [MESSAGE][WARNING] - Object 'Object Repository/Journey/journeyNameCheckBox(name)' is not present after 30 second(s)

2021-01-12 11:30:55 - [MESSAGE][INFO] - Unable to find the element located by 'By.xpath: //div[text()='journeyName961']/../..//input'. Please recheck the objects properties to make sure the desired element is located. 

2021-01-12 11:30:55 - [MESSAGE][WARNING] - [SELF-HEALING] Failed to find element with id 'Object Repository/Journey/journeyNameCheckBox(name)'. Try using Self-healing.

2021-01-12 11:30:55 - [MESSAGE][WARNING] - [SELF-HEALING] Cannot find elements when the XPath is null.

2021-01-12 11:30:55 - [MESSAGE][WARNING] - [SELF-HEALING] Cannot find elements when the selector is null

2021-01-12 11:30:55 - [MESSAGE][WARNING] - Web element with id: 'Object Repository/Journey/journeyNameCheckBox(name)' located by '//div[text()='journeyName961']/../..//input' not found

2021-01-12 11:31:26 - [MESSAGE][INFO] - Unable to find the element located by 'By.xpath: //div[text()='journeyName961']/../..//input'. Please recheck the objects properties to make sure the desired element is located. 

2021-01-12 11:31:26 - [MESSAGE][WARNING] - [SELF-HEALING] Failed to find element with id 'Object Repository/Journey/journeyNameCheckBox(name)'. Try using Self-healing.

2021-01-12 11:31:26 - [MESSAGE][WARNING] - [SELF-HEALING] Cannot find elements when the XPath is null.

2021-01-12 11:31:26 - [MESSAGE][WARNING] - [SELF-HEALING] Cannot find elements when the selector is null

2021-01-12 11:31:26 - [MESSAGE][WARNING] - Web element with id: 'Object Repository/Journey/journeyNameCheckBox(name)' located by '//div[text()='journeyName961']/../..//input' not found

2021-01-12 11:31:58 - [MESSAGE][INFO] - Unable to find the element located by 'By.xpath: //div[text()='journeyName961']/../..//input'. Please recheck the objects properties to make sure the desired element is located. 

2021-01-12 11:31:58 - [MESSAGE][WARNING] - [SELF-HEALING] Failed to find element with id 'Object Repository/Journey/journeyNameCheckBox(name)'. Try using Self-healing.

2021-01-12 11:31:58 - [MESSAGE][WARNING] - [SELF-HEALING] Cannot find elements when the XPath is null.

2021-01-12 11:31:58 - [MESSAGE][WARNING] - [SELF-HEALING] Cannot find elements when the selector is null

2021-01-12 11:31:59 - [MESSAGE][FAILED] - Unable to click on object 'Object Repository/Journey/journeyNameCheckBox(name)' (Root cause: com.kms.katalon.core.exception.StepFailedException: Unable to click on object 'Object Repository/Journey/journeyNameCheckBox(name)'
	at com.kms.katalon.core.webui.keyword.internal.WebUIKeywordMain.stepFailed(WebUIKeywordMain.groovy:64)
	at com.kms.katalon.core.webui.keyword.internal.WebUIKeywordMain.runKeyword(WebUIKeywordMain.groovy:26)
	at com.kms.katalon.core.webui.keyword.builtin.ClickKeyword.click(ClickKeyword.groovy:76)
	at com.kms.katalon.core.webui.keyword.builtin.ClickKeyword.execute(ClickKeyword.groovy:43)
	at com.kms.katalon.core.keyword.internal.KeywordExecutor.executeKeywordForPlatform(KeywordExecutor.groovy:73)
	at com.kms.katalon.core.webui.keyword.WebUiBuiltInKeywords.click(WebUiBuiltInKeywords.groovy:617)
	at com.kms.katalon.core.webui.keyword.WebUiBuiltInKeywords$click$7.call(Unknown Source)
	at webAction.WebAction.click(WebAction.groovy:25)
	at webAction.WebAction$click$1.call(Unknown Source)
	at pages.Journey.deleteJourney(Journey.groovy:59)
	at pages.Journey.invokeMethod(Journey.groovy)
	at com.kms.katalon.core.main.CustomKeywordDelegatingMetaClass.invokeStaticMethod(CustomKeywordDelegatingMetaClass.java:50)
	at deleteJourneyAndVerify.run(deleteJourneyAndVerify:22)
	at com.kms.katalon.core.main.ScriptEngine.run(ScriptEngine.java:194)
	at com.kms.katalon.core.main.ScriptEngine.runScriptAsRawText(ScriptEngine.java:119)
	at com.kms.katalon.core.main.TestCaseExecutor.runScript(TestCaseExecutor.java:393)
	at com.kms.katalon.core.main.TestCaseExecutor.doExecute(TestCaseExecutor.java:384)
	at com.kms.katalon.core.main.TestCaseExecutor.processExecutionPhase(TestCaseExecutor.java:363)
	at com.kms.katalon.core.main.TestCaseExecutor.accessMainPhase(TestCaseExecutor.java:355)
	at com.kms.katalon.core.main.TestCaseExecutor.execute(TestCaseExecutor.java:251)
	at com.kms.katalon.core.main.TestSuiteExecutor.accessTestCaseMainPhase(TestSuiteExecutor.java:203)
	at com.kms.katalon.core.main.TestSuiteExecutor.accessTestSuiteMainPhase(TestSuiteExecutor.java:152)
	at com.kms.katalon.core.main.TestSuiteExecutor.execute(TestSuiteExecutor.java:95)
	at com.kms.katalon.core.main.TestCaseMain.startTestSuite(TestCaseMain.java:157)
	at com.kms.katalon.core.main.TestCaseMain$startTestSuite$0.call(Unknown Source)
	at TempTestSuite1610431110753.run(TempTestSuite1610431110753.groovy:39)
Caused by: com.kms.katalon.core.webui.exception.WebElementNotFoundException: Web element with id: 'Object Repository/Journey/journeyNameCheckBox(name)' located by '//div[text()='journeyName961']/../..//input' not found
	at com.kms.katalon.core.webui.common.WebUiCommonHelper.findWebElement(WebUiCommonHelper.java:1369)
	at com.kms.katalon.core.webui.keyword.internal.WebUIAbstractKeyword.findWebElement(WebUIAbstractKeyword.groovy:27)
	at com.kms.katalon.core.webui.keyword.internal.WebUIAbstractKeyword.findWebElement(WebUIAbstractKeyword.groovy:26)
	at com.kms.katalon.core.webui.keyword.builtin.ClickKeyword$_click_closure1.doCall(ClickKeyword.groovy:67)
	at com.kms.katalon.core.webui.keyword.builtin.ClickKeyword$_click_closure1.call(ClickKeyword.groovy)
	at com.kms.katalon.core.webui.keyword.internal.WebUIKeywordMain.runKeyword(WebUIKeywordMain.groovy:20)
	at com.kms.katalon.core.webui.keyword.builtin.ClickKeyword.click(ClickKeyword.groovy:76)
	at com.kms.katalon.core.webui.keyword.builtin.ClickKeyword.execute(ClickKeyword.groovy:43)
	at com.kms.katalon.core.keyword.internal.KeywordExecutor.executeKeywordForPlatform(KeywordExecutor.groovy:73)
	at com.kms.katalon.core.webui.keyword.WebUiBuiltInKeywords.click(WebUiBuiltInKeywords.groovy:617)
	at com.kms.katalon.core.webui.keyword.WebUiBuiltInKeywords$click$7.call(Unknown Source)
	at webAction.WebAction.click(WebAction.groovy:25)
	at webAction.WebAction$click$1.call(Unknown Source)
	at pages.Journey.deleteJourney(Journey.groovy:59)
	at pages.Journey.invokeMethod(Journey.groovy)
	at com.kms.katalon.core.main.CustomKeywordDelegatingMetaClass.invokeStaticMethod(CustomKeywordDelegatingMetaClass.java:50)
	at Script1609411216955.run(Script1609411216955.groovy:22)
	... 13 more
)
[[ATTACHMENT|C:\\Modist\\ModistProject\\Reports\\20210112_112830\\Journey\\20210112_112830\\1610431318766.png]]

2021-01-12 11:31:59 - [MESSAGE][FAILED] - Unable to click on object 'Object Repository/Journey/journeyNameCheckBox(name)']]></system-out>
         <system-err><![CDATA[2021-01-12 11:29:41 - [TEST_CASE][FAILED] - Test Cases/Admin/Journey/deleteJourneyAndVerify: Test Cases/Admin/Journey/deleteJourneyAndVerify FAILED.
Reason:
com.kms.katalon.core.exception.StepFailedException: Unable to click on object 'Object Repository/Journey/journeyNameCheckBox(name)'
	at com.kms.katalon.core.webui.keyword.internal.WebUIKeywordMain.stepFailed(WebUIKeywordMain.groovy:64)
	at com.kms.katalon.core.webui.keyword.internal.WebUIKeywordMain.runKeyword(WebUIKeywordMain.groovy:26)
	at com.kms.katalon.core.webui.keyword.builtin.ClickKeyword.click(ClickKeyword.groovy:76)
	at com.kms.katalon.core.webui.keyword.builtin.ClickKeyword.execute(ClickKeyword.groovy:43)
	at com.kms.katalon.core.keyword.internal.KeywordExecutor.executeKeywordForPlatform(KeywordExecutor.groovy:73)
	at com.kms.katalon.core.webui.keyword.WebUiBuiltInKeywords.click(WebUiBuiltInKeywords.groovy:617)
	at com.kms.katalon.core.webui.keyword.WebUiBuiltInKeywords$click$7.call(Unknown Source)
	at webAction.WebAction.click(WebAction.groovy:25)
	at webAction.WebAction$click$1.call(Unknown Source)
	at pages.Journey.deleteJourney(Journey.groovy:59)
	at pages.Journey.invokeMethod(Journey.groovy)
	at com.kms.katalon.core.main.CustomKeywordDelegatingMetaClass.invokeStaticMethod(CustomKeywordDelegatingMetaClass.java:50)
	at deleteJourneyAndVerify.run(deleteJourneyAndVerify:22)
	at com.kms.katalon.core.main.ScriptEngine.run(ScriptEngine.java:194)
	at com.kms.katalon.core.main.ScriptEngine.runScriptAsRawText(ScriptEngine.java:119)
	at com.kms.katalon.core.main.TestCaseExecutor.runScript(TestCaseExecutor.java:393)
	at com.kms.katalon.core.main.TestCaseExecutor.doExecute(TestCaseExecutor.java:384)
	at com.kms.katalon.core.main.TestCaseExecutor.processExecutionPhase(TestCaseExecutor.java:363)
	at com.kms.katalon.core.main.TestCaseExecutor.accessMainPhase(TestCaseExecutor.java:355)
	at com.kms.katalon.core.main.TestCaseExecutor.execute(TestCaseExecutor.java:251)
	at com.kms.katalon.core.main.TestSuiteExecutor.accessTestCaseMainPhase(TestSuiteExecutor.java:203)
	at com.kms.katalon.core.main.TestSuiteExecutor.accessTestSuiteMainPhase(TestSuiteExecutor.java:152)
	at com.kms.katalon.core.main.TestSuiteExecutor.execute(TestSuiteExecutor.java:95)
	at com.kms.katalon.core.main.TestCaseMain.startTestSuite(TestCaseMain.java:157)
	at com.kms.katalon.core.main.TestCaseMain$startTestSuite$0.call(Unknown Source)
	at TempTestSuite1610431110753.run(TempTestSuite1610431110753.groovy:39)
Caused by: com.kms.katalon.core.webui.exception.WebElementNotFoundException: Web element with id: 'Object Repository/Journey/journeyNameCheckBox(name)' located by '//div[text()='journeyName961']/../..//input' not found
	at com.kms.katalon.core.webui.common.WebUiCommonHelper.findWebElement(WebUiCommonHelper.java:1369)
	at com.kms.katalon.core.webui.keyword.internal.WebUIAbstractKeyword.findWebElement(WebUIAbstractKeyword.groovy:27)
	at com.kms.katalon.core.webui.keyword.internal.WebUIAbstractKeyword.findWebElement(WebUIAbstractKeyword.groovy:26)
	at com.kms.katalon.core.webui.keyword.builtin.ClickKeyword$_click_closure1.doCall(ClickKeyword.groovy:67)
	at com.kms.katalon.core.webui.keyword.builtin.ClickKeyword$_click_closure1.call(ClickKeyword.groovy)
	at com.kms.katalon.core.webui.keyword.internal.WebUIKeywordMain.runKeyword(WebUIKeywordMain.groovy:20)
	... 24 more]]></system-err>
      </testcase>
      <testcase name="Test Cases/Admin/Journey/cloneJourneyAndVerifyisitCloned" time="36.938" classname="Test Cases/Admin/Journey/cloneJourneyAndVerifyisitCloned" status="PASSED">
         <system-out><![CDATA[2021-01-12 11:32:04 - [TEST_CASE][PASSED] - Test Cases/Admin/Journey/cloneJourneyAndVerifyisitCloned: Test Cases/Admin/Journey/cloneJourneyAndVerifyisitCloned

2021-01-12 11:32:05 - [TEST_STEP][PASSED] - pages.Journey.clickOnJourneyTab(): pages.Journey.clickOnJourneyTab is PASSED

2021-01-12 11:32:05 - [MESSAGE][PASSED] - Object 'Object Repository/Journey/Journeytab' is present

2021-01-12 11:32:05 - [MESSAGE][PASSED] - Object 'Object Repository/Journey/Journeytab' is visible

2021-01-12 11:32:06 - [MESSAGE][PASSED] - Object 'Object Repository/Journey/Journeytab' is clickable

2021-01-12 11:32:06 - [MESSAGE][PASSED] - Object: 'Object Repository/Journey/Journeytab' is clicked on

2021-01-12 11:32:06 - [MESSAGE][PASSED] - pages.Journey.clickOnJourneyTab is PASSED

2021-01-12 11:32:06 - [TEST_STEP][PASSED] - journeyName = pages.Journey.addJourney(): pages.Journey.addJourney is PASSED

2021-01-12 11:32:08 - [MESSAGE][PASSED] - Object 'Object Repository/Journey/Add Journey/AddJourneyButton' is present

2021-01-12 11:32:10 - [MESSAGE][PASSED] - Object 'Object Repository/Journey/Add Journey/AddJourneyButton' is visible

2021-01-12 11:32:12 - [MESSAGE][PASSED] - Object 'Object Repository/Journey/Add Journey/AddJourneyButton' is clickable

2021-01-12 11:32:13 - [MESSAGE][PASSED] - Object: 'Object Repository/Journey/Add Journey/AddJourneyButton' is clicked on

2021-01-12 11:32:13 - [MESSAGE][PASSED] - Object 'Object Repository/Journey/Add Journey/journeyName' is present

2021-01-12 11:32:13 - [MESSAGE][PASSED] - Object 'Object Repository/Journey/Add Journey/journeyName' is visible

2021-01-12 11:32:14 - [MESSAGE][PASSED] - Object 'Object Repository/Journey/Add Journey/journeyName' is clickable

2021-01-12 11:32:14 - [MESSAGE][PASSED] - Text of object 'Object Repository/Journey/Add Journey/journeyName' is cleared

2021-01-12 11:32:15 - [MESSAGE][PASSED] - Keys 'journeyName150' sent to object: 'Object Repository/Journey/Add Journey/journeyName'

2021-01-12 11:32:15 - [MESSAGE][PASSED] - Object 'Object Repository/Journey/Add Journey/addJourneyInAddJourneyPopUp' is present

2021-01-12 11:32:16 - [MESSAGE][PASSED] - Object 'Object Repository/Journey/Add Journey/addJourneyInAddJourneyPopUp' is visible

2021-01-12 11:32:16 - [MESSAGE][PASSED] - Object 'Object Repository/Journey/Add Journey/addJourneyInAddJourneyPopUp' is clickable

2021-01-12 11:32:16 - [MESSAGE][PASSED] - Object: 'Object Repository/Journey/Add Journey/addJourneyInAddJourneyPopUp' is clicked on

2021-01-12 11:32:16 - [MESSAGE][PASSED] - pages.Journey.addJourney is PASSED

2021-01-12 11:32:16 - [TEST_STEP][PASSED] - pages.Journey.cloneJourney(journeyName): pages.Journey.cloneJourney is PASSED

2021-01-12 11:32:17 - [MESSAGE][PASSED] - Object 'Object Repository/Journey/journrySearchInput' is present

2021-01-12 11:32:18 - [MESSAGE][PASSED] - Object 'Object Repository/Journey/journrySearchInput' is visible

2021-01-12 11:32:19 - [MESSAGE][PASSED] - Object 'Object Repository/Journey/journrySearchInput' is clickable

2021-01-12 11:32:19 - [MESSAGE][PASSED] - Text of object 'Object Repository/Journey/journrySearchInput' is cleared

2021-01-12 11:32:20 - [MESSAGE][PASSED] - Keys 'journeyName150' sent to object: 'Object Repository/Journey/journrySearchInput'

2021-01-12 11:32:25 - [MESSAGE][PASSED] - Object 'Object Repository/Journey/JourneyName(journeyName)' is present

2021-01-12 11:32:25 - [MESSAGE][PASSED] - Object 'Object Repository/Journey/journey cloning/threedots(journeyName)' is present

2021-01-12 11:32:26 - [MESSAGE][PASSED] - Object 'Object Repository/Journey/journey cloning/threedots(journeyName)' is visible

2021-01-12 11:32:26 - [MESSAGE][PASSED] - Object 'Object Repository/Journey/journey cloning/threedots(journeyName)' is present

2021-01-12 11:32:26 - [MESSAGE][PASSED] - Object 'Object Repository/Journey/journey cloning/threedots(journeyName)' is visible

2021-01-12 11:32:27 - [MESSAGE][PASSED] - Object 'Object Repository/Journey/journey cloning/threedots(journeyName)' is clickable

2021-01-12 11:32:27 - [MESSAGE][PASSED] - Object: 'Object Repository/Journey/journey cloning/threedots(journeyName)' is clicked on

2021-01-12 11:32:28 - [MESSAGE][PASSED] - Object 'Object Repository/Journey/journey cloning/cloneButton' is present

2021-01-12 11:32:28 - [MESSAGE][PASSED] - Object 'Object Repository/Journey/journey cloning/cloneButton' is visible

2021-01-12 11:32:29 - [MESSAGE][PASSED] - Object 'Object Repository/Journey/journey cloning/cloneButton' is clickable

2021-01-12 11:32:29 - [MESSAGE][PASSED] - Object: 'Object Repository/Journey/journey cloning/cloneButton' is clicked on

2021-01-12 11:32:29 - [MESSAGE][PASSED] - pages.Journey.cloneJourney is PASSED

2021-01-12 11:32:29 - [TEST_STEP][PASSED] - pages.Journey.verifyJourneyCloned(journeyName): pages.Journey.verifyJourneyCloned is PASSED

2021-01-12 11:32:29 - [MESSAGE][PASSED] - Object 'Object Repository/Journey/journrySearchInput' is present

2021-01-12 11:32:30 - [MESSAGE][PASSED] - Object 'Object Repository/Journey/journrySearchInput' is visible

2021-01-12 11:32:30 - [MESSAGE][PASSED] - Object 'Object Repository/Journey/journrySearchInput' is clickable

2021-01-12 11:32:30 - [MESSAGE][PASSED] - Text of object 'Object Repository/Journey/journrySearchInput' is cleared

2021-01-12 11:32:31 - [MESSAGE][PASSED] - Keys 'journeyName150 (duplicate)' sent to object: 'Object Repository/Journey/journrySearchInput'

2021-01-12 11:32:33 - [MESSAGE][PASSED] - Object 'Object Repository/Journey/JourneyName(journeyName)' is present

2021-01-12 11:32:35 - [MESSAGE][PASSED] - Object 'Object Repository/Journey/journey cloning/clonedJourney(journeyName)' is present

2021-01-12 11:32:36 - [MESSAGE][PASSED] - Object 'Object Repository/Journey/journey cloning/clonedJourney(journeyName)' is present

2021-01-12 11:32:36 - [MESSAGE][PASSED] - pages.Journey.verifyJourneyCloned is PASSED]]></system-out>
         <system-err><![CDATA[]]></system-err>
      </testcase>
      <testcase name="Test Cases/Admin/Journey/createAccessCodeForJourneyAndVerifyIsTheCodeSuccessfullyCreated" time="43.202" classname="Test Cases/Admin/Journey/createAccessCodeForJourneyAndVerifyIsTheCodeSuccessfullyCreated" status="PASSED">
         <system-out><![CDATA[2021-01-12 11:32:41 - [TEST_CASE][PASSED] - Test Cases/Admin/Journey/createAccessCodeForJourneyAndVerifyIsTheCodeSuccessfullyCreated: Test Cases/Admin/Journey/createAccessCodeForJourneyAndVerifyIsTheCodeSuccessfullyCreated

2021-01-12 11:32:42 - [TEST_STEP][PASSED] - pages.Journey.clickOnJourneyTab(): pages.Journey.clickOnJourneyTab is PASSED

2021-01-12 11:32:42 - [MESSAGE][PASSED] - Object 'Object Repository/Journey/Journeytab' is present

2021-01-12 11:32:42 - [MESSAGE][PASSED] - Object 'Object Repository/Journey/Journeytab' is visible

2021-01-12 11:32:43 - [MESSAGE][PASSED] - Object 'Object Repository/Journey/Journeytab' is clickable

2021-01-12 11:32:43 - [MESSAGE][PASSED] - Object: 'Object Repository/Journey/Journeytab' is clicked on

2021-01-12 11:32:43 - [MESSAGE][PASSED] - pages.Journey.clickOnJourneyTab is PASSED

2021-01-12 11:32:43 - [TEST_STEP][PASSED] - journeyName = pages.Journey.getRandomJourneyName(): pages.Journey.getRandomJourneyName is PASSED

2021-01-12 11:32:43 - [MESSAGE][PASSED] - Object 'Object Repository/Journey/toGetJourneysCount' is present

2021-01-12 11:32:44 - [MESSAGE][PASSED] - Object 'Object Repository/Journey/toGetJourneysCount' is present

2021-01-12 11:32:45 - [MESSAGE][PASSED] - Text of object 'Object Repository/Journey/toPickrandomJourney(index)' is: 'journeyName150 (duplicate)'

2021-01-12 11:32:45 - [MESSAGE][PASSED] - pages.Journey.getRandomJourneyName is PASSED

2021-01-12 11:32:45 - [TEST_STEP][PASSED] - accessCode = pages.Journey.getRandomAccessCode(): pages.Journey.getRandomAccessCode is PASSED

2021-01-12 11:32:45 - [MESSAGE][PASSED] - pages.Journey.getRandomAccessCode is PASSED

2021-01-12 11:32:45 - [TEST_STEP][PASSED] - useLimit = pages.Journey.getRandomCount(): pages.Journey.getRandomCount is PASSED

2021-01-12 11:32:45 - [MESSAGE][PASSED] - pages.Journey.getRandomCount is PASSED

2021-01-12 11:32:45 - [TEST_STEP][PASSED] - accessCode = pages.Journey.createAccessCodeInJourney(journeyName, accessCode, useLimit): pages.Journey.createAccessCodeInJourney is PASSED

2021-01-12 11:32:45 - [MESSAGE][PASSED] - Object 'Object Repository/Journey/journrySearchInput' is present

2021-01-12 11:32:45 - [MESSAGE][PASSED] - Object 'Object Repository/Journey/journrySearchInput' is visible

2021-01-12 11:32:46 - [MESSAGE][PASSED] - Object 'Object Repository/Journey/journrySearchInput' is clickable

2021-01-12 11:32:46 - [MESSAGE][PASSED] - Text of object 'Object Repository/Journey/journrySearchInput' is cleared

2021-01-12 11:32:47 - [MESSAGE][PASSED] - Keys 'journeyName150 (duplicate)' sent to object: 'Object Repository/Journey/journrySearchInput'

2021-01-12 11:32:51 - [MESSAGE][PASSED] - Object 'Object Repository/Journey/JourneyName(journeyName)' is present

2021-01-12 11:32:54 - [MESSAGE][PASSED] - Object 'Object Repository/Journey/clickVerifyingJourney(journeyName)' is present

2021-01-12 11:32:54 - [MESSAGE][PASSED] - Object 'Object Repository/Journey/clickVerifyingJourney(journeyName)' is visible

2021-01-12 11:32:55 - [MESSAGE][PASSED] - Object 'Object Repository/Journey/clickVerifyingJourney(journeyName)' is clickable

2021-01-12 11:32:55 - [MESSAGE][PASSED] - Object: 'Object Repository/Journey/clickVerifyingJourney(journeyName)' is clicked on

2021-01-12 11:32:56 - [MESSAGE][PASSED] - Scroll to object 'Object Repository/Journey/Current Access Codes/currentAccessCodeField' successfully

2021-01-12 11:32:57 - [MESSAGE][PASSED] - Object 'Object Repository/Journey/Current Access Codes/plusButton' is present

2021-01-12 11:32:57 - [MESSAGE][PASSED] - Object 'Object Repository/Journey/Current Access Codes/plusButton' is visible

2021-01-12 11:32:57 - [MESSAGE][PASSED] - Object 'Object Repository/Journey/Current Access Codes/plusButton' is clickable

2021-01-12 11:32:58 - [MESSAGE][PASSED] - Object: 'Object Repository/Journey/Current Access Codes/plusButton' is clicked on

2021-01-12 11:32:58 - [MESSAGE][PASSED] - Object 'Object Repository/Journey/Current Access Codes/accessCode' is present

2021-01-12 11:32:58 - [MESSAGE][PASSED] - Object 'Object Repository/Journey/Current Access Codes/accessCode' is visible

2021-01-12 11:32:59 - [MESSAGE][PASSED] - Object 'Object Repository/Journey/Current Access Codes/accessCode' is clickable

2021-01-12 11:32:59 - [MESSAGE][PASSED] - Text of object 'Object Repository/Journey/Current Access Codes/accessCode' is cleared

2021-01-12 11:33:00 - [MESSAGE][PASSED] - Keys 'access11' sent to object: 'Object Repository/Journey/Current Access Codes/accessCode'

2021-01-12 11:33:00 - [MESSAGE][PASSED] - Keys '8' sent to object: 'Object Repository/Journey/Current Access Codes/codeUsageCount'

2021-01-12 11:33:01 - [MESSAGE][PASSED] - Object 'Object Repository/Journey/Current Access Codes/getCodeButton' is present

2021-01-12 11:33:01 - [MESSAGE][PASSED] - Object 'Object Repository/Journey/Current Access Codes/getCodeButton' is visible

2021-01-12 11:33:01 - [MESSAGE][PASSED] - Object 'Object Repository/Journey/Current Access Codes/getCodeButton' is clickable

2021-01-12 11:33:02 - [MESSAGE][PASSED] - Object: 'Object Repository/Journey/Current Access Codes/getCodeButton' is clicked on

2021-01-12 11:33:02 - [MESSAGE][PASSED] - Object 'Object Repository/CommonButtons/Close' is present

2021-01-12 11:33:03 - [MESSAGE][PASSED] - Object 'Object Repository/CommonButtons/Close' is visible

2021-01-12 11:33:03 - [MESSAGE][PASSED] - Object 'Object Repository/CommonButtons/Close' is clickable

2021-01-12 11:33:04 - [MESSAGE][PASSED] - Object: 'Object Repository/CommonButtons/Close' is clicked on

2021-01-12 11:33:04 - [MESSAGE][PASSED] - pages.Journey.createAccessCodeInJourney is PASSED

2021-01-12 11:33:04 - [TEST_STEP][PASSED] - pages.Journey.verifyTheCreatedAccessCode(journeyName, accessCode): pages.Journey.verifyTheCreatedAccessCode is PASSED

2021-01-12 11:33:04 - [MESSAGE][PASSED] - Object 'Object Repository/Journey/journrySearchInput' is present

2021-01-12 11:33:05 - [MESSAGE][PASSED] - Object 'Object Repository/Journey/journrySearchInput' is visible

2021-01-12 11:33:05 - [MESSAGE][PASSED] - Object 'Object Repository/Journey/journrySearchInput' is clickable

2021-01-12 11:33:06 - [MESSAGE][PASSED] - Text of object 'Object Repository/Journey/journrySearchInput' is cleared

2021-01-12 11:33:06 - [MESSAGE][PASSED] - Keys 'journeyName150 (duplicate)' sent to object: 'Object Repository/Journey/journrySearchInput'

2021-01-12 11:33:08 - [MESSAGE][PASSED] - Object 'Object Repository/Journey/JourneyName(journeyName)' is present

2021-01-12 11:33:12 - [MESSAGE][PASSED] - Object 'Object Repository/Journey/clickVerifyingJourney(journeyName)' is present

2021-01-12 11:33:12 - [MESSAGE][PASSED] - Object 'Object Repository/Journey/clickVerifyingJourney(journeyName)' is visible

2021-01-12 11:33:13 - [MESSAGE][PASSED] - Object 'Object Repository/Journey/clickVerifyingJourney(journeyName)' is clickable

2021-01-12 11:33:16 - [MESSAGE][PASSED] - Object: 'Object Repository/Journey/clickVerifyingJourney(journeyName)' is clicked on

2021-01-12 11:33:16 - [MESSAGE][PASSED] - Scroll to object 'Object Repository/Journey/Current Access Codes/currentAccessCodeField' successfully

2021-01-12 11:33:17 - [MESSAGE][PASSED] - Object 'Object Repository/Journey/Current Access Codes/currentAccessCodeField' is present

2021-01-12 11:33:18 - [MESSAGE][PASSED] - Object 'Object Repository/Journey/Current Access Codes/verify(code)' is present

2021-01-12 11:33:18 - [MESSAGE][PASSED] - Object 'Object Repository/CommonButtons/Close' is present

2021-01-12 11:33:18 - [MESSAGE][PASSED] - Object 'Object Repository/CommonButtons/Close' is visible

2021-01-12 11:33:19 - [MESSAGE][PASSED] - Object 'Object Repository/CommonButtons/Close' is clickable

2021-01-12 11:33:19 - [MESSAGE][PASSED] - Object: 'Object Repository/CommonButtons/Close' is clicked on

2021-01-12 11:33:19 - [MESSAGE][PASSED] - pages.Journey.verifyTheCreatedAccessCode is PASSED]]></system-out>
         <system-err><![CDATA[]]></system-err>
      </testcase>
      <testcase name="Test Cases/Admin/Journey/createMultipleAccessCodesWithSameName" time="70.65" classname="Test Cases/Admin/Journey/createMultipleAccessCodesWithSameName" status="PASSED">
         <system-out><![CDATA[2021-01-12 11:33:24 - [TEST_CASE][PASSED] - Test Cases/Admin/Journey/createMultipleAccessCodesWithSameName: Test Cases/Admin/Journey/createMultipleAccessCodesWithSameName

2021-01-12 11:33:25 - [TEST_STEP][PASSED] - pages.Journey.clickOnJourneyTab(): pages.Journey.clickOnJourneyTab is PASSED

2021-01-12 11:33:25 - [MESSAGE][PASSED] - Object 'Object Repository/Journey/Journeytab' is present

2021-01-12 11:33:26 - [MESSAGE][PASSED] - Object 'Object Repository/Journey/Journeytab' is visible

2021-01-12 11:33:26 - [MESSAGE][PASSED] - Object 'Object Repository/Journey/Journeytab' is clickable

2021-01-12 11:33:26 - [MESSAGE][PASSED] - Object: 'Object Repository/Journey/Journeytab' is clicked on

2021-01-12 11:33:26 - [MESSAGE][PASSED] - pages.Journey.clickOnJourneyTab is PASSED

2021-01-12 11:33:26 - [TEST_STEP][PASSED] - journeyName = pages.Journey.getRandomJourneyName(): pages.Journey.getRandomJourneyName is PASSED

2021-01-12 11:33:27 - [MESSAGE][PASSED] - Object 'Object Repository/Journey/toGetJourneysCount' is present

2021-01-12 11:33:27 - [MESSAGE][PASSED] - Object 'Object Repository/Journey/toGetJourneysCount' is present

2021-01-12 11:33:28 - [MESSAGE][PASSED] - Text of object 'Object Repository/Journey/toPickrandomJourney(index)' is: 'KJO'

2021-01-12 11:33:28 - [MESSAGE][PASSED] - pages.Journey.getRandomJourneyName is PASSED

2021-01-12 11:33:28 - [TEST_STEP][PASSED] - accessCode = pages.Journey.getRandomAccessCode(): pages.Journey.getRandomAccessCode is PASSED

2021-01-12 11:33:28 - [MESSAGE][PASSED] - pages.Journey.getRandomAccessCode is PASSED

2021-01-12 11:33:28 - [TEST_STEP][PASSED] - useLimit = pages.Journey.getRandomCount(): pages.Journey.getRandomCount is PASSED

2021-01-12 11:33:28 - [MESSAGE][PASSED] - pages.Journey.getRandomCount is PASSED

2021-01-12 11:33:28 - [TEST_STEP][PASSED] - accessCode = pages.Journey.createAccessCodeInJourney(journeyName, accessCode, useLimit): pages.Journey.createAccessCodeInJourney is PASSED

2021-01-12 11:33:28 - [MESSAGE][PASSED] - Object 'Object Repository/Journey/journrySearchInput' is present

2021-01-12 11:33:29 - [MESSAGE][PASSED] - Object 'Object Repository/Journey/journrySearchInput' is visible

2021-01-12 11:33:29 - [MESSAGE][PASSED] - Object 'Object Repository/Journey/journrySearchInput' is clickable

2021-01-12 11:33:29 - [MESSAGE][PASSED] - Text of object 'Object Repository/Journey/journrySearchInput' is cleared

2021-01-12 11:33:30 - [MESSAGE][PASSED] - Keys 'KJO' sent to object: 'Object Repository/Journey/journrySearchInput'

2021-01-12 11:33:30 - [MESSAGE][PASSED] - Object 'Object Repository/Journey/JourneyName(journeyName)' is present

2021-01-12 11:33:31 - [MESSAGE][PASSED] - Object 'Object Repository/Journey/clickVerifyingJourney(journeyName)' is present

2021-01-12 11:33:32 - [MESSAGE][PASSED] - Object 'Object Repository/Journey/clickVerifyingJourney(journeyName)' is visible

2021-01-12 11:33:32 - [MESSAGE][PASSED] - Object 'Object Repository/Journey/clickVerifyingJourney(journeyName)' is clickable

2021-01-12 11:33:32 - [MESSAGE][PASSED] - Object: 'Object Repository/Journey/clickVerifyingJourney(journeyName)' is clicked on

2021-01-12 11:33:33 - [MESSAGE][PASSED] - Scroll to object 'Object Repository/Journey/Current Access Codes/currentAccessCodeField' successfully

2021-01-12 11:33:34 - [MESSAGE][PASSED] - Object 'Object Repository/Journey/Current Access Codes/plusButton' is present

2021-01-12 11:33:35 - [MESSAGE][PASSED] - Object 'Object Repository/Journey/Current Access Codes/plusButton' is visible

2021-01-12 11:33:35 - [MESSAGE][PASSED] - Object 'Object Repository/Journey/Current Access Codes/plusButton' is clickable

2021-01-12 11:33:36 - [MESSAGE][PASSED] - Object: 'Object Repository/Journey/Current Access Codes/plusButton' is clicked on

2021-01-12 11:33:36 - [MESSAGE][PASSED] - Object 'Object Repository/Journey/Current Access Codes/accessCode' is present

2021-01-12 11:33:37 - [MESSAGE][PASSED] - Object 'Object Repository/Journey/Current Access Codes/accessCode' is visible

2021-01-12 11:33:37 - [MESSAGE][PASSED] - Object 'Object Repository/Journey/Current Access Codes/accessCode' is clickable

2021-01-12 11:33:37 - [MESSAGE][PASSED] - Text of object 'Object Repository/Journey/Current Access Codes/accessCode' is cleared

2021-01-12 11:33:38 - [MESSAGE][PASSED] - Keys 'access9' sent to object: 'Object Repository/Journey/Current Access Codes/accessCode'

2021-01-12 11:33:38 - [MESSAGE][PASSED] - Keys '0' sent to object: 'Object Repository/Journey/Current Access Codes/codeUsageCount'

2021-01-12 11:33:39 - [MESSAGE][PASSED] - Object 'Object Repository/Journey/Current Access Codes/getCodeButton' is present

2021-01-12 11:33:39 - [MESSAGE][PASSED] - Object 'Object Repository/Journey/Current Access Codes/getCodeButton' is visible

2021-01-12 11:33:39 - [MESSAGE][PASSED] - Object 'Object Repository/Journey/Current Access Codes/getCodeButton' is clickable

2021-01-12 11:33:40 - [MESSAGE][PASSED] - Object: 'Object Repository/Journey/Current Access Codes/getCodeButton' is clicked on

2021-01-12 11:33:40 - [MESSAGE][PASSED] - Object 'Object Repository/CommonButtons/Close' is present

2021-01-12 11:33:41 - [MESSAGE][PASSED] - Object 'Object Repository/CommonButtons/Close' is visible

2021-01-12 11:33:41 - [MESSAGE][PASSED] - Object 'Object Repository/CommonButtons/Close' is clickable

2021-01-12 11:33:42 - [MESSAGE][PASSED] - Object: 'Object Repository/CommonButtons/Close' is clicked on

2021-01-12 11:33:42 - [MESSAGE][PASSED] - pages.Journey.createAccessCodeInJourney is PASSED

2021-01-12 11:33:42 - [TEST_STEP][PASSED] - pages.Journey.verifyTheCreatedAccessCode(journeyName, accessCode): pages.Journey.verifyTheCreatedAccessCode is PASSED

2021-01-12 11:33:42 - [MESSAGE][PASSED] - Object 'Object Repository/Journey/journrySearchInput' is present

2021-01-12 11:33:43 - [MESSAGE][PASSED] - Object 'Object Repository/Journey/journrySearchInput' is visible

2021-01-12 11:33:43 - [MESSAGE][PASSED] - Object 'Object Repository/Journey/journrySearchInput' is clickable

2021-01-12 11:33:44 - [MESSAGE][PASSED] - Text of object 'Object Repository/Journey/journrySearchInput' is cleared

2021-01-12 11:33:44 - [MESSAGE][PASSED] - Keys 'KJO' sent to object: 'Object Repository/Journey/journrySearchInput'

2021-01-12 11:33:45 - [MESSAGE][PASSED] - Object 'Object Repository/Journey/JourneyName(journeyName)' is present

2021-01-12 11:33:46 - [MESSAGE][PASSED] - Object 'Object Repository/Journey/clickVerifyingJourney(journeyName)' is present

2021-01-12 11:33:46 - [MESSAGE][PASSED] - Object 'Object Repository/Journey/clickVerifyingJourney(journeyName)' is visible

2021-01-12 11:33:47 - [MESSAGE][PASSED] - Object 'Object Repository/Journey/clickVerifyingJourney(journeyName)' is clickable

2021-01-12 11:33:47 - [MESSAGE][PASSED] - Object: 'Object Repository/Journey/clickVerifyingJourney(journeyName)' is clicked on

2021-01-12 11:33:47 - [MESSAGE][PASSED] - Scroll to object 'Object Repository/Journey/Current Access Codes/currentAccessCodeField' successfully

2021-01-12 11:33:48 - [MESSAGE][PASSED] - Object 'Object Repository/Journey/Current Access Codes/currentAccessCodeField' is present

2021-01-12 11:33:49 - [MESSAGE][PASSED] - Object 'Object Repository/Journey/Current Access Codes/verify(code)' is present

2021-01-12 11:33:49 - [MESSAGE][PASSED] - Object 'Object Repository/CommonButtons/Close' is present

2021-01-12 11:33:50 - [MESSAGE][PASSED] - Object 'Object Repository/CommonButtons/Close' is visible

2021-01-12 11:33:51 - [MESSAGE][PASSED] - Object 'Object Repository/CommonButtons/Close' is clickable

2021-01-12 11:33:54 - [MESSAGE][PASSED] - Object: 'Object Repository/CommonButtons/Close' is clicked on

2021-01-12 11:33:54 - [MESSAGE][PASSED] - pages.Journey.verifyTheCreatedAccessCode is PASSED

2021-01-12 11:33:54 - [TEST_STEP][PASSED] - journeyName1 = pages.Journey.getRandomJourneyName(): pages.Journey.getRandomJourneyName is PASSED

2021-01-12 11:33:55 - [MESSAGE][PASSED] - Object 'Object Repository/Journey/toGetJourneysCount' is present

2021-01-12 11:33:57 - [MESSAGE][PASSED] - Object 'Object Repository/Journey/toGetJourneysCount' is present

2021-01-12 11:34:01 - [MESSAGE][PASSED] - Text of object 'Object Repository/Journey/toPickrandomJourney(index)' is: 'JO3'

2021-01-12 11:34:01 - [MESSAGE][PASSED] - pages.Journey.getRandomJourneyName is PASSED

2021-01-12 11:34:01 - [TEST_STEP][PASSED] - accessCode = pages.Journey.createAccessCodeInJourney(journeyName1, accessCode, useLimit): pages.Journey.createAccessCodeInJourney is PASSED

2021-01-12 11:34:03 - [MESSAGE][PASSED] - Object 'Object Repository/Journey/journrySearchInput' is present

2021-01-12 11:34:05 - [MESSAGE][PASSED] - Object 'Object Repository/Journey/journrySearchInput' is visible

2021-01-12 11:34:07 - [MESSAGE][PASSED] - Object 'Object Repository/Journey/journrySearchInput' is clickable

2021-01-12 11:34:08 - [MESSAGE][PASSED] - Text of object 'Object Repository/Journey/journrySearchInput' is cleared

2021-01-12 11:34:09 - [MESSAGE][PASSED] - Keys 'JO3' sent to object: 'Object Repository/Journey/journrySearchInput'

2021-01-12 11:34:09 - [MESSAGE][PASSED] - Object 'Object Repository/Journey/JourneyName(journeyName)' is present

2021-01-12 11:34:10 - [MESSAGE][PASSED] - Object 'Object Repository/Journey/clickVerifyingJourney(journeyName)' is present

2021-01-12 11:34:11 - [MESSAGE][PASSED] - Object 'Object Repository/Journey/clickVerifyingJourney(journeyName)' is visible

2021-01-12 11:34:11 - [MESSAGE][PASSED] - Object 'Object Repository/Journey/clickVerifyingJourney(journeyName)' is clickable

2021-01-12 11:34:12 - [MESSAGE][PASSED] - Object: 'Object Repository/Journey/clickVerifyingJourney(journeyName)' is clicked on

2021-01-12 11:34:12 - [MESSAGE][PASSED] - Scroll to object 'Object Repository/Journey/Current Access Codes/currentAccessCodeField' successfully

2021-01-12 11:34:13 - [MESSAGE][PASSED] - Object 'Object Repository/Journey/Current Access Codes/plusButton' is present

2021-01-12 11:34:14 - [MESSAGE][PASSED] - Object 'Object Repository/Journey/Current Access Codes/plusButton' is visible

2021-01-12 11:34:14 - [MESSAGE][PASSED] - Object 'Object Repository/Journey/Current Access Codes/plusButton' is clickable

2021-01-12 11:34:15 - [MESSAGE][PASSED] - Object: 'Object Repository/Journey/Current Access Codes/plusButton' is clicked on

2021-01-12 11:34:15 - [MESSAGE][PASSED] - Object 'Object Repository/Journey/Current Access Codes/accessCode' is present

2021-01-12 11:34:16 - [MESSAGE][PASSED] - Object 'Object Repository/Journey/Current Access Codes/accessCode' is visible

2021-01-12 11:34:16 - [MESSAGE][PASSED] - Object 'Object Repository/Journey/Current Access Codes/accessCode' is clickable

2021-01-12 11:34:16 - [MESSAGE][PASSED] - Text of object 'Object Repository/Journey/Current Access Codes/accessCode' is cleared

2021-01-12 11:34:17 - [MESSAGE][PASSED] - Keys 'access9' sent to object: 'Object Repository/Journey/Current Access Codes/accessCode'

2021-01-12 11:34:17 - [MESSAGE][PASSED] - Keys '0' sent to object: 'Object Repository/Journey/Current Access Codes/codeUsageCount'

2021-01-12 11:34:18 - [MESSAGE][PASSED] - Object 'Object Repository/Journey/Current Access Codes/getCodeButton' is present

2021-01-12 11:34:18 - [MESSAGE][PASSED] - Object 'Object Repository/Journey/Current Access Codes/getCodeButton' is visible

2021-01-12 11:34:18 - [MESSAGE][PASSED] - Object 'Object Repository/Journey/Current Access Codes/getCodeButton' is clickable

2021-01-12 11:34:19 - [MESSAGE][PASSED] - Object: 'Object Repository/Journey/Current Access Codes/getCodeButton' is clicked on

2021-01-12 11:34:19 - [MESSAGE][PASSED] - Object 'Object Repository/CommonButtons/Close' is present

2021-01-12 11:34:20 - [MESSAGE][PASSED] - Object 'Object Repository/CommonButtons/Close' is visible

2021-01-12 11:34:20 - [MESSAGE][PASSED] - Object 'Object Repository/CommonButtons/Close' is clickable

2021-01-12 11:34:20 - [MESSAGE][PASSED] - Object: 'Object Repository/CommonButtons/Close' is clicked on

2021-01-12 11:34:20 - [MESSAGE][PASSED] - pages.Journey.createAccessCodeInJourney is PASSED

2021-01-12 11:34:20 - [TEST_STEP][PASSED] - pages.Journey.verifyTheCreatedAccessCode(journeyName1, accessCode): pages.Journey.verifyTheCreatedAccessCode is PASSED

2021-01-12 11:34:21 - [MESSAGE][PASSED] - Object 'Object Repository/Journey/journrySearchInput' is present

2021-01-12 11:34:22 - [MESSAGE][PASSED] - Object 'Object Repository/Journey/journrySearchInput' is visible

2021-01-12 11:34:22 - [MESSAGE][PASSED] - Object 'Object Repository/Journey/journrySearchInput' is clickable

2021-01-12 11:34:22 - [MESSAGE][PASSED] - Text of object 'Object Repository/Journey/journrySearchInput' is cleared

2021-01-12 11:34:23 - [MESSAGE][PASSED] - Keys 'JO3' sent to object: 'Object Repository/Journey/journrySearchInput'

2021-01-12 11:34:23 - [MESSAGE][PASSED] - Object 'Object Repository/Journey/JourneyName(journeyName)' is present

2021-01-12 11:34:25 - [MESSAGE][PASSED] - Object 'Object Repository/Journey/clickVerifyingJourney(journeyName)' is present

2021-01-12 11:34:25 - [MESSAGE][PASSED] - Object 'Object Repository/Journey/clickVerifyingJourney(journeyName)' is visible

2021-01-12 11:34:26 - [MESSAGE][PASSED] - Object 'Object Repository/Journey/clickVerifyingJourney(journeyName)' is clickable

2021-01-12 11:34:26 - [MESSAGE][PASSED] - Object: 'Object Repository/Journey/clickVerifyingJourney(journeyName)' is clicked on

2021-01-12 11:34:27 - [MESSAGE][PASSED] - Scroll to object 'Object Repository/Journey/Current Access Codes/currentAccessCodeField' successfully

2021-01-12 11:34:27 - [MESSAGE][PASSED] - Object 'Object Repository/Journey/Current Access Codes/currentAccessCodeField' is present

2021-01-12 11:34:27 - [MESSAGE][PASSED] - Object 'Object Repository/Journey/Current Access Codes/verify(code)' is present

2021-01-12 11:34:28 - [MESSAGE][PASSED] - Object 'Object Repository/CommonButtons/Close' is present

2021-01-12 11:34:29 - [MESSAGE][PASSED] - Object 'Object Repository/CommonButtons/Close' is visible

2021-01-12 11:34:29 - [MESSAGE][PASSED] - Object 'Object Repository/CommonButtons/Close' is clickable

2021-01-12 11:34:30 - [MESSAGE][PASSED] - Object: 'Object Repository/CommonButtons/Close' is clicked on

2021-01-12 11:34:30 - [MESSAGE][PASSED] - pages.Journey.verifyTheCreatedAccessCode is PASSED]]></system-out>
         <system-err><![CDATA[]]></system-err>
      </testcase>
      <system-out><![CDATA[2021-01-12 11:28:47 - [TEST_SUITE][INCOMPLETE] - Journey: null]]></system-out>
      <system-err><![CDATA[2021-01-12 11:28:47 - [TEST_SUITE][INCOMPLETE] - Journey: null]]></system-err>
   </testsuite>
</testsuites>
