<?xml version="1.0" encoding="UTF-8"?>
<testsuites name="AllTestCases" time="1977.869" tests="65" failures="6" errors="1">
   <testsuite name="AllTestCases" tests="65" failures="6" errors="1" time="1977.869" timestamp="2021-01-13 13:13:46" hostname="Lenovo - DESKTOP-H3LAPEO" id="Test Suites/AllTestCases">
      <properties>
         <property name="deviceName" value=""/>
         <property name="devicePlatform" value=""/>
         <property name="logFolder" value="E:\\Modist\\ModistProject\\Reports\\20210113_131343\\AllTestCases\\20210113_131343"/>
         <property name="logFiles" value="E:\\Modist\\ModistProject\\Reports\\20210113_131343\\AllTestCases\\20210113_131343\\execution0.log"/>
         <property name="attachments" value="E:\\Modist\\ModistProject\\Reports\\20210113_131343\\AllTestCases\\20210113_131343\\1610561859843.png, E:\\Modist\\ModistProject\\Reports\\20210113_131343\\AllTestCases\\20210113_131343\\1610561894530.png, E:\\Modist\\ModistProject\\Reports\\20210113_131343\\AllTestCases\\20210113_131343\\1610562006014.png, E:\\Modist\\ModistProject\\Reports\\20210113_131343\\AllTestCases\\20210113_131343\\1610562616035.png, E:\\Modist\\ModistProject\\Reports\\20210113_131343\\AllTestCases\\20210113_131343\\1610562642690.png, E:\\Modist\\ModistProject\\Reports\\20210113_131343\\AllTestCases\\20210113_131343\\1610562768243.png, E:\Modist\ModistProject\Reports\20210113_131343\AllTestCases\20210113_131343\1610562768851.png, E:\\Modist\\ModistProject\\Reports\\20210113_131343\\AllTestCases\\20210113_131343\\1610562925522.png, E:\\Modist\\ModistProject\\Reports\\20210113_131343\\AllTestCases\\20210113_131343\\1610562990130.png, E:\\Modist\\ModistProject\\Reports\\20210113_131343\\AllTestCases\\20210113_131343\\1610563031571.png, E:\\Modist\\ModistProject\\Reports\\20210113_131343\\AllTestCases\\20210113_131343\\1610563061571.png, E:\\Modist\\ModistProject\\Reports\\20210113_131343\\AllTestCases\\20210113_131343\\1610563112561.png, E:\Modist\ModistProject\Reports\20210113_131343\AllTestCases\20210113_131343\1610563114302.png, E:\\Modist\\ModistProject\\Reports\\20210113_131343\\AllTestCases\\20210113_131343\\1610563124353.png, E:\\Modist\\ModistProject\\Reports\\20210113_131343\\AllTestCases\\20210113_131343\\1610563152135.png, E:\\Modist\\ModistProject\\Reports\\20210113_131343\\AllTestCases\\20210113_131343\\1610563209005.png, E:\Modist\ModistProject\Reports\20210113_131343\AllTestCases\20210113_131343\1610563209851.png, E:\\Modist\\ModistProject\\Reports\\20210113_131343\\AllTestCases\\20210113_131343\\1610563219256.png, E:\\Modist\\ModistProject\\Reports\\20210113_131343\\AllTestCases\\20210113_131343\\1610563254745.png, E:\\Modist\\ModistProject\\Reports\\20210113_131343\\AllTestCases\\20210113_131343\\1610563300130.png, E:\\Modist\\ModistProject\\Reports\\20210113_131343\\AllTestCases\\20210113_131343\\1610563338808.png, E:\\Modist\\ModistProject\\Reports\\20210113_131343\\AllTestCases\\20210113_131343\\1610563386762.png, E:\\Modist\\ModistProject\\Reports\\20210113_131343\\AllTestCases\\20210113_131343\\1610563420696.png, E:\\Modist\\ModistProject\\Reports\\20210113_131343\\AllTestCases\\20210113_131343\\1610563465857.png, E:\\Modist\\ModistProject\\Reports\\20210113_131343\\AllTestCases\\20210113_131343\\1610563497854.png, E:\\Modist\\ModistProject\\Reports\\20210113_131343\\AllTestCases\\20210113_131343\\1610563564401.png, E:\Modist\ModistProject\Reports\20210113_131343\AllTestCases\20210113_131343\1610563565519.png, E:\\Modist\\ModistProject\\Reports\\20210113_131343\\AllTestCases\\20210113_131343\\1610563575021.png"/>
         <property name="hostName" value="Lenovo - DESKTOP-H3LAPEO"/>
         <property name="os" value="Windows 10 64bit"/>
         <property name="katalonVersion" value="7.7.0.205"/>
         <property name="browser" value="Chrome 87.0.4280.141"/>
         <property name="hostAddress" value="192.168.43.128"/>
         <property name="sessionId" value="5faaeacf31942f79376d8209678fe5b6"/>
         <property name="seleniumVersion" value="3.141.59"/>
         <property name="proxyInformation" value="ProxyInformation { proxyOption=NO_PROXY, proxyServerType=HTTP, username=, password=********, proxyServerAddress=, proxyServerPort=0, executionList=&quot;&quot;, isApplyToDesiredCapabilities=true }"/>
         <property name="platform" value="Windows 10"/>
      </properties>
      <testcase name="Test Cases/Admin/Asset/addAssetAndVerify" time="31.271" classname="Test Cases/Admin/Asset/addAssetAndVerify" status="PASSED">
         <system-out><![CDATA[2021-01-13 13:14:20 - [TEST_CASE][PASSED] - Test Cases/Admin/Asset/addAssetAndVerify: Test Cases/Admin/Asset/addAssetAndVerify

2021-01-13 13:14:20 - [TEST_STEP][PASSED] - Start listener action : login: null

2021-01-13 13:14:20 - [TEST_STEP][PASSED] - Thread.sleep(3000): null

2021-01-13 13:14:23 - [TEST_STEP][PASSED] - url = getUrl(): Current window's url is: 'https://dev-admin.modist.co/dashboard'

2021-01-13 13:14:23 - [MESSAGE][PASSED] - Current window's url is: 'https://dev-admin.modist.co/dashboard'

2021-01-13 13:14:23 - [TEST_STEP][PASSED] - if (!(url.contains("dashboard"))): null

2021-01-13 13:14:23 - [TEST_STEP][PASSED] - pages.Asset.clickAssetTab(): pages.Asset.clickAssetTab is PASSED

2021-01-13 13:14:24 - [MESSAGE][PASSED] - Object 'Object Repository/Asset/Asset/AssetPageElements/assetTab' is present

2021-01-13 13:14:24 - [MESSAGE][PASSED] - Object 'Object Repository/Asset/Asset/AssetPageElements/assetTab' is visible

2021-01-13 13:14:24 - [MESSAGE][PASSED] - Object 'Object Repository/Asset/Asset/AssetPageElements/assetTab' is clickable

2021-01-13 13:14:25 - [MESSAGE][PASSED] - Object: 'Object Repository/Asset/Asset/AssetPageElements/assetTab' is clicked on

2021-01-13 13:14:25 - [MESSAGE][PASSED] - pages.Asset.clickAssetTab is PASSED

2021-01-13 13:14:25 - [TEST_STEP][PASSED] - assetName = pages.Asset.addAsset(): pages.Asset.addAsset is PASSED

2021-01-13 13:14:25 - [MESSAGE][PASSED] - Object 'Object Repository/Asset/Asset/AssetPageElements/AddAssetButton' is present

2021-01-13 13:14:25 - [MESSAGE][PASSED] - Object 'Object Repository/Asset/Asset/AssetPageElements/AddAssetButton' is visible

2021-01-13 13:14:26 - [MESSAGE][PASSED] - Object 'Object Repository/Asset/Asset/AssetPageElements/AddAssetButton' is clickable

2021-01-13 13:14:26 - [MESSAGE][PASSED] - Object: 'Object Repository/Asset/Asset/AssetPageElements/AddAssetButton' is clicked on

2021-01-13 13:14:27 - [MESSAGE][PASSED] - Object 'Object Repository/Asset/Asset/addAsset/Author' is present

2021-01-13 13:14:27 - [MESSAGE][PASSED] - Object 'Object Repository/Asset/Asset/addAsset/Author' is visible

2021-01-13 13:14:27 - [MESSAGE][PASSED] - Object 'Object Repository/Asset/Asset/addAsset/Author' is clickable

2021-01-13 13:14:28 - [MESSAGE][PASSED] - Text of object 'Object Repository/Asset/Asset/addAsset/Author' is cleared

2021-01-13 13:14:28 - [MESSAGE][PASSED] - Keys 'Author78' sent to object: 'Object Repository/Asset/Asset/addAsset/Author'

2021-01-13 13:14:28 - [MESSAGE][PASSED] - File 'E:\Modist\ModistProject\bike4.jpg' sent to object: 'Object Repository/Asset/Asset/addAsset/chooseFile'

2021-01-13 13:14:31 - [MESSAGE][PASSED] - Object 'Object Repository/Asset/Asset/addAsset/clickTenant' is present

2021-01-13 13:14:31 - [MESSAGE][PASSED] - Object 'Object Repository/Asset/Asset/addAsset/clickTenant' is visible

2021-01-13 13:14:31 - [MESSAGE][PASSED] - Object 'Object Repository/Asset/Asset/addAsset/clickTenant' is clickable

2021-01-13 13:14:32 - [MESSAGE][PASSED] - Object: 'Object Repository/Asset/Asset/addAsset/clickTenant' is clicked on

2021-01-13 13:14:32 - [MESSAGE][PASSED] - Object 'Object Repository/Asset/Asset/addAsset/selectTenent' is present

2021-01-13 13:14:32 - [MESSAGE][PASSED] - Object 'Object Repository/Asset/Asset/addAsset/selectTenent' is visible

2021-01-13 13:14:33 - [MESSAGE][PASSED] - Object 'Object Repository/Asset/Asset/addAsset/selectTenent' is clickable

2021-01-13 13:14:33 - [MESSAGE][PASSED] - Object: 'Object Repository/Asset/Asset/addAsset/selectTenent' is clicked on

2021-01-13 13:14:33 - [MESSAGE][PASSED] - Object 'Object Repository/Asset/Asset/addAsset/addAssetButtonInAddAssetPopup' is present

2021-01-13 13:14:34 - [MESSAGE][PASSED] - Object 'Object Repository/Asset/Asset/addAsset/addAssetButtonInAddAssetPopup' is visible

2021-01-13 13:14:34 - [MESSAGE][PASSED] - Object 'Object Repository/Asset/Asset/addAsset/addAssetButtonInAddAssetPopup' is clickable

2021-01-13 13:14:34 - [MESSAGE][PASSED] - Object: 'Object Repository/Asset/Asset/addAsset/addAssetButtonInAddAssetPopup' is clicked on

2021-01-13 13:14:42 - [MESSAGE][PASSED] - Web element with id: 'Object Repository/Asset/Asset/uploadStatusIcon' located by 'By.xpath: //div[@class='upload-progress-wrapper']' is not present after '10' second(s)

2021-01-13 13:14:42 - [MESSAGE][PASSED] - pages.Asset.addAsset is PASSED

2021-01-13 13:14:42 - [TEST_STEP][PASSED] - pages.Asset.VerifyAssetIsPresent(assetName): pages.Asset.VerifyAssetIsPresent is PASSED

2021-01-13 13:14:43 - [MESSAGE][PASSED] - Object 'Object Repository/Asset/Asset/AssetPageElements/search' is present

2021-01-13 13:14:43 - [MESSAGE][PASSED] - Object 'Object Repository/Asset/Asset/AssetPageElements/search' is visible

2021-01-13 13:14:43 - [MESSAGE][PASSED] - Object 'Object Repository/Asset/Asset/AssetPageElements/search' is clickable

2021-01-13 13:14:44 - [MESSAGE][PASSED] - Text of object 'Object Repository/Asset/Asset/AssetPageElements/search' is cleared

2021-01-13 13:14:44 - [MESSAGE][PASSED] - Keys '' sent to object: 'Object Repository/Asset/Asset/AssetPageElements/search'

2021-01-13 13:14:44 - [MESSAGE][PASSED] - Keys 'A' sent to object: 'Object Repository/Asset/Asset/AssetPageElements/search'

2021-01-13 13:14:45 - [MESSAGE][PASSED] - Keys 'u' sent to object: 'Object Repository/Asset/Asset/AssetPageElements/search'

2021-01-13 13:14:45 - [MESSAGE][PASSED] - Keys 't' sent to object: 'Object Repository/Asset/Asset/AssetPageElements/search'

2021-01-13 13:14:46 - [MESSAGE][PASSED] - Keys 'h' sent to object: 'Object Repository/Asset/Asset/AssetPageElements/search'

2021-01-13 13:14:48 - [MESSAGE][PASSED] - Keys 'o' sent to object: 'Object Repository/Asset/Asset/AssetPageElements/search'

2021-01-13 13:14:48 - [MESSAGE][PASSED] - Keys 'r' sent to object: 'Object Repository/Asset/Asset/AssetPageElements/search'

2021-01-13 13:14:49 - [MESSAGE][PASSED] - Keys '7' sent to object: 'Object Repository/Asset/Asset/AssetPageElements/search'

2021-01-13 13:14:51 - [MESSAGE][PASSED] - Keys '8' sent to object: 'Object Repository/Asset/Asset/AssetPageElements/search'

2021-01-13 13:14:51 - [MESSAGE][PASSED] - Object 'Object Repository/Asset/Asset/assetname(assetName)' is present

2021-01-13 13:14:51 - [MESSAGE][PASSED] - pages.Asset.VerifyAssetIsPresent is PASSED]]></system-out>
         <system-err><![CDATA[]]></system-err>
      </testcase>
      <testcase name="Test Cases/Admin/Asset/deleteAssetAndVerify" time="27.183" classname="Test Cases/Admin/Asset/deleteAssetAndVerify" status="PASSED">
         <system-out><![CDATA[2021-01-13 13:14:51 - [TEST_CASE][PASSED] - Test Cases/Admin/Asset/deleteAssetAndVerify: Test Cases/Admin/Asset/deleteAssetAndVerify

2021-01-13 13:14:51 - [TEST_STEP][PASSED] - Start listener action : login: null

2021-01-13 13:14:51 - [TEST_STEP][PASSED] - Thread.sleep(3000): null

2021-01-13 13:14:54 - [TEST_STEP][PASSED] - url = getUrl(): Current window's url is: 'https://dev-admin.modist.co/dashboard'

2021-01-13 13:14:54 - [MESSAGE][PASSED] - Current window's url is: 'https://dev-admin.modist.co/dashboard'

2021-01-13 13:14:54 - [TEST_STEP][PASSED] - if (!(url.contains("dashboard"))): null

2021-01-13 13:14:54 - [TEST_STEP][PASSED] - pages.Asset.clickAssetTab(): pages.Asset.clickAssetTab is PASSED

2021-01-13 13:14:55 - [MESSAGE][PASSED] - Object 'Object Repository/Asset/Asset/AssetPageElements/assetTab' is present

2021-01-13 13:14:55 - [MESSAGE][PASSED] - Object 'Object Repository/Asset/Asset/AssetPageElements/assetTab' is visible

2021-01-13 13:14:55 - [MESSAGE][PASSED] - Object 'Object Repository/Asset/Asset/AssetPageElements/assetTab' is clickable

2021-01-13 13:14:56 - [MESSAGE][PASSED] - Object: 'Object Repository/Asset/Asset/AssetPageElements/assetTab' is clicked on

2021-01-13 13:14:56 - [MESSAGE][PASSED] - pages.Asset.clickAssetTab is PASSED

2021-01-13 13:14:56 - [TEST_STEP][PASSED] - assetName = pages.Asset.getRandomAssetName(): pages.Asset.getRandomAssetName is PASSED

2021-01-13 13:14:56 - [MESSAGE][PASSED] - Wait for page load successfully

2021-01-13 13:14:56 - [MESSAGE][PASSED] - Object 'Object Repository/Asset/Asset/AssetCount' is present

2021-01-13 13:14:57 - [MESSAGE][PASSED] - Text of object 'Object Repository/Asset/Asset/randomAsset(index)' is: 'Author78'

2021-01-13 13:14:57 - [MESSAGE][PASSED] - pages.Asset.getRandomAssetName is PASSED

2021-01-13 13:14:57 - [TEST_STEP][PASSED] - pages.Asset.deleteAsset(assetName): pages.Asset.deleteAsset is PASSED

2021-01-13 13:14:57 - [MESSAGE][PASSED] - Object 'Object Repository/Asset/Asset/AssetPageElements/search' is present

2021-01-13 13:14:57 - [MESSAGE][PASSED] - Object 'Object Repository/Asset/Asset/AssetPageElements/search' is visible

2021-01-13 13:14:58 - [MESSAGE][PASSED] - Object 'Object Repository/Asset/Asset/AssetPageElements/search' is clickable

2021-01-13 13:14:58 - [MESSAGE][PASSED] - Text of object 'Object Repository/Asset/Asset/AssetPageElements/search' is cleared

2021-01-13 13:14:58 - [MESSAGE][PASSED] - Keys '' sent to object: 'Object Repository/Asset/Asset/AssetPageElements/search'

2021-01-13 13:14:59 - [MESSAGE][PASSED] - Keys 'A' sent to object: 'Object Repository/Asset/Asset/AssetPageElements/search'

2021-01-13 13:14:59 - [MESSAGE][PASSED] - Keys 'u' sent to object: 'Object Repository/Asset/Asset/AssetPageElements/search'

2021-01-13 13:15:00 - [MESSAGE][PASSED] - Keys 't' sent to object: 'Object Repository/Asset/Asset/AssetPageElements/search'

2021-01-13 13:15:01 - [MESSAGE][PASSED] - Keys 'h' sent to object: 'Object Repository/Asset/Asset/AssetPageElements/search'

2021-01-13 13:15:02 - [MESSAGE][PASSED] - Keys 'o' sent to object: 'Object Repository/Asset/Asset/AssetPageElements/search'

2021-01-13 13:15:04 - [MESSAGE][PASSED] - Keys 'r' sent to object: 'Object Repository/Asset/Asset/AssetPageElements/search'

2021-01-13 13:15:04 - [MESSAGE][PASSED] - Keys '7' sent to object: 'Object Repository/Asset/Asset/AssetPageElements/search'

2021-01-13 13:15:05 - [MESSAGE][PASSED] - Keys '8' sent to object: 'Object Repository/Asset/Asset/AssetPageElements/search'

2021-01-13 13:15:06 - [MESSAGE][PASSED] - Object 'Object Repository/Asset/Asset/delAssetCheckbox(assetName)' is present

2021-01-13 13:15:06 - [MESSAGE][PASSED] - Object 'Object Repository/Asset/Asset/delAssetCheckbox(assetName)' is visible

2021-01-13 13:15:07 - [MESSAGE][PASSED] - Object 'Object Repository/Asset/Asset/delAssetCheckbox(assetName)' is clickable

2021-01-13 13:15:07 - [MESSAGE][PASSED] - Object: 'Object Repository/Asset/Asset/delAssetCheckbox(assetName)' is clicked on

2021-01-13 13:15:08 - [MESSAGE][PASSED] - Object 'Object Repository/Asset/Asset/delIcon' is present

2021-01-13 13:15:08 - [MESSAGE][PASSED] - Object 'Object Repository/Asset/Asset/delIcon' is visible

2021-01-13 13:15:08 - [MESSAGE][PASSED] - Object 'Object Repository/Asset/Asset/delIcon' is clickable

2021-01-13 13:15:09 - [MESSAGE][PASSED] - Object: 'Object Repository/Asset/Asset/delIcon' is clicked on

2021-01-13 13:15:09 - [MESSAGE][PASSED] - Alert accepted

2021-01-13 13:15:09 - [MESSAGE][PASSED] - pages.Asset.deleteAsset is PASSED

2021-01-13 13:15:09 - [TEST_STEP][PASSED] - pages.Asset.VerifyAssetNotPresent(assetName): pages.Asset.VerifyAssetNotPresent is PASSED

2021-01-13 13:15:09 - [MESSAGE][PASSED] - Object 'Object Repository/Asset/Asset/AssetPageElements/search' is present

2021-01-13 13:15:10 - [MESSAGE][PASSED] - Object 'Object Repository/Asset/Asset/AssetPageElements/search' is visible

2021-01-13 13:15:11 - [MESSAGE][PASSED] - Object 'Object Repository/Asset/Asset/AssetPageElements/search' is clickable

2021-01-13 13:15:11 - [MESSAGE][PASSED] - Text of object 'Object Repository/Asset/Asset/AssetPageElements/search' is cleared

2021-01-13 13:15:11 - [MESSAGE][PASSED] - Keys '' sent to object: 'Object Repository/Asset/Asset/AssetPageElements/search'

2021-01-13 13:15:12 - [MESSAGE][PASSED] - Keys 'A' sent to object: 'Object Repository/Asset/Asset/AssetPageElements/search'

2021-01-13 13:15:12 - [MESSAGE][PASSED] - Keys 'u' sent to object: 'Object Repository/Asset/Asset/AssetPageElements/search'

2021-01-13 13:15:13 - [MESSAGE][PASSED] - Keys 't' sent to object: 'Object Repository/Asset/Asset/AssetPageElements/search'

2021-01-13 13:15:14 - [MESSAGE][PASSED] - Keys 'h' sent to object: 'Object Repository/Asset/Asset/AssetPageElements/search'

2021-01-13 13:15:14 - [MESSAGE][PASSED] - Keys 'o' sent to object: 'Object Repository/Asset/Asset/AssetPageElements/search'

2021-01-13 13:15:16 - [MESSAGE][PASSED] - Keys 'r' sent to object: 'Object Repository/Asset/Asset/AssetPageElements/search'

2021-01-13 13:15:16 - [MESSAGE][PASSED] - Keys '7' sent to object: 'Object Repository/Asset/Asset/AssetPageElements/search'

2021-01-13 13:15:17 - [MESSAGE][PASSED] - Keys '8' sent to object: 'Object Repository/Asset/Asset/AssetPageElements/search'

2021-01-13 13:15:18 - [MESSAGE][PASSED] - Web element with id: 'Object Repository/Asset/Asset/assetname(assetName)' located by 'By.xpath: //div[text()='Author78']' is not present after '30' second(s)

2021-01-13 13:15:18 - [MESSAGE][PASSED] - pages.Asset.VerifyAssetNotPresent is PASSED]]></system-out>
         <system-err><![CDATA[]]></system-err>
      </testcase>
      <testcase name="Test Cases/Admin/Asset/editSourceInAssetEditPageAndVerify" time="40.063" classname="Test Cases/Admin/Asset/editSourceInAssetEditPageAndVerify" status="PASSED">
         <system-out><![CDATA[2021-01-13 13:15:18 - [TEST_CASE][PASSED] - Test Cases/Admin/Asset/editSourceInAssetEditPageAndVerify: Test Cases/Admin/Asset/editSourceInAssetEditPageAndVerify

2021-01-13 13:15:18 - [TEST_STEP][PASSED] - Start listener action : login: null

2021-01-13 13:15:18 - [TEST_STEP][PASSED] - Thread.sleep(3000): null

2021-01-13 13:15:21 - [TEST_STEP][PASSED] - url = getUrl(): Current window's url is: 'https://dev-admin.modist.co/dashboard'

2021-01-13 13:15:21 - [MESSAGE][PASSED] - Current window's url is: 'https://dev-admin.modist.co/dashboard'

2021-01-13 13:15:21 - [TEST_STEP][PASSED] - if (!(url.contains("dashboard"))): null

2021-01-13 13:15:22 - [TEST_STEP][PASSED] - pages.Asset.clickAssetTab(): pages.Asset.clickAssetTab is PASSED

2021-01-13 13:15:22 - [MESSAGE][PASSED] - Object 'Object Repository/Asset/Asset/AssetPageElements/assetTab' is present

2021-01-13 13:15:22 - [MESSAGE][PASSED] - Object 'Object Repository/Asset/Asset/AssetPageElements/assetTab' is visible

2021-01-13 13:15:22 - [MESSAGE][PASSED] - Object 'Object Repository/Asset/Asset/AssetPageElements/assetTab' is clickable

2021-01-13 13:15:23 - [MESSAGE][PASSED] - Object: 'Object Repository/Asset/Asset/AssetPageElements/assetTab' is clicked on

2021-01-13 13:15:23 - [MESSAGE][PASSED] - pages.Asset.clickAssetTab is PASSED

2021-01-13 13:15:23 - [TEST_STEP][PASSED] - assetDetails = pages.Asset.editSourceInAssetEditPage(): pages.Asset.editSourceInAssetEditPage is PASSED

2021-01-13 13:15:23 - [MESSAGE][PASSED] - Wait for page load successfully

2021-01-13 13:15:23 - [MESSAGE][PASSED] - Object 'Object Repository/Asset/Asset/AssetCount' is present

2021-01-13 13:15:24 - [MESSAGE][PASSED] - Text of object 'Object Repository/Asset/Asset/randomAsset(index)' is: 'Author721'

2021-01-13 13:15:24 - [MESSAGE][PASSED] - Object 'Object Repository/Asset/Asset/AssetPageElements/search' is present

2021-01-13 13:15:24 - [MESSAGE][PASSED] - Object 'Object Repository/Asset/Asset/AssetPageElements/search' is visible

2021-01-13 13:15:25 - [MESSAGE][PASSED] - Object 'Object Repository/Asset/Asset/AssetPageElements/search' is clickable

2021-01-13 13:15:25 - [MESSAGE][PASSED] - Text of object 'Object Repository/Asset/Asset/AssetPageElements/search' is cleared

2021-01-13 13:15:25 - [MESSAGE][PASSED] - Keys '' sent to object: 'Object Repository/Asset/Asset/AssetPageElements/search'

2021-01-13 13:15:26 - [MESSAGE][PASSED] - Keys 'A' sent to object: 'Object Repository/Asset/Asset/AssetPageElements/search'

2021-01-13 13:15:26 - [MESSAGE][PASSED] - Keys 'u' sent to object: 'Object Repository/Asset/Asset/AssetPageElements/search'

2021-01-13 13:15:27 - [MESSAGE][PASSED] - Keys 't' sent to object: 'Object Repository/Asset/Asset/AssetPageElements/search'

2021-01-13 13:15:28 - [MESSAGE][PASSED] - Keys 'h' sent to object: 'Object Repository/Asset/Asset/AssetPageElements/search'

2021-01-13 13:15:29 - [MESSAGE][PASSED] - Keys 'o' sent to object: 'Object Repository/Asset/Asset/AssetPageElements/search'

2021-01-13 13:15:30 - [MESSAGE][PASSED] - Keys 'r' sent to object: 'Object Repository/Asset/Asset/AssetPageElements/search'

2021-01-13 13:15:30 - [MESSAGE][PASSED] - Keys '7' sent to object: 'Object Repository/Asset/Asset/AssetPageElements/search'

2021-01-13 13:15:32 - [MESSAGE][PASSED] - Keys '2' sent to object: 'Object Repository/Asset/Asset/AssetPageElements/search'

2021-01-13 13:15:33 - [MESSAGE][PASSED] - Keys '1' sent to object: 'Object Repository/Asset/Asset/AssetPageElements/search'

2021-01-13 13:15:33 - [MESSAGE][PASSED] - Object 'Object Repository/Asset/Asset/assetname(assetName)' is present

2021-01-13 13:15:34 - [MESSAGE][PASSED] - Object 'Object Repository/Asset/Asset/assetname(assetName)' is visible

2021-01-13 13:15:35 - [MESSAGE][PASSED] - Object 'Object Repository/Asset/Asset/assetname(assetName)' is clickable

2021-01-13 13:15:35 - [MESSAGE][PASSED] - Object: 'Object Repository/Asset/Asset/assetname(assetName)' is clicked on

2021-01-13 13:15:35 - [MESSAGE][PASSED] - Scroll to object 'Object Repository/Asset/Asset/assetEditpage/sourceDropdown' successfully

2021-01-13 13:15:36 - [MESSAGE][PASSED] - Object 'Object Repository/Asset/Asset/assetEditpage/sourceDropdown' is present

2021-01-13 13:15:36 - [MESSAGE][PASSED] - Object 'Object Repository/Asset/Asset/assetEditpage/sourceDropdown' is visible

2021-01-13 13:15:37 - [MESSAGE][PASSED] - Object 'Object Repository/Asset/Asset/assetEditpage/sourceDropdown' is clickable

2021-01-13 13:15:37 - [MESSAGE][PASSED] - Object: 'Object Repository/Asset/Asset/assetEditpage/sourceDropdown' is clicked on

2021-01-13 13:15:38 - [MESSAGE][PASSED] - Object 'Object Repository/Asset/Asset/assetEditpage/sourceCount' is present

2021-01-13 13:15:39 - [MESSAGE][PASSED] - Object 'Object Repository/Asset/Asset/assetEditpage/randomSource(index)' is present

2021-01-13 13:15:39 - [MESSAGE][PASSED] - Object 'Object Repository/Asset/Asset/assetEditpage/randomSource(index)' is visible

2021-01-13 13:15:39 - [MESSAGE][PASSED] - Object 'Object Repository/Asset/Asset/assetEditpage/randomSource(index)' is clickable

2021-01-13 13:15:39 - [MESSAGE][PASSED] - Object: 'Object Repository/Asset/Asset/assetEditpage/randomSource(index)' is clicked on

2021-01-13 13:15:40 - [MESSAGE][PASSED] - Text of object 'Object Repository/Asset/Asset/assetEditpage/randomSource(index)' is: 's1'

2021-01-13 13:15:40 - [MESSAGE][PASSED] - Object 'Object Repository/Asset/Asset/assetEditpage/Save' is present

2021-01-13 13:15:41 - [MESSAGE][PASSED] - Object 'Object Repository/Asset/Asset/assetEditpage/Save' is visible

2021-01-13 13:15:41 - [MESSAGE][PASSED] - Object 'Object Repository/Asset/Asset/assetEditpage/Save' is clickable

2021-01-13 13:15:41 - [MESSAGE][PASSED] - Object: 'Object Repository/Asset/Asset/assetEditpage/Save' is clicked on

2021-01-13 13:15:42 - [MESSAGE][PASSED] - Object 'Object Repository/Asset/Asset/assetEditpage/close' is present

2021-01-13 13:15:42 - [MESSAGE][PASSED] - Object 'Object Repository/Asset/Asset/assetEditpage/close' is visible

2021-01-13 13:15:43 - [MESSAGE][PASSED] - Object 'Object Repository/Asset/Asset/assetEditpage/close' is clickable

2021-01-13 13:15:43 - [MESSAGE][PASSED] - Object: 'Object Repository/Asset/Asset/assetEditpage/close' is clicked on

2021-01-13 13:15:43 - [MESSAGE][PASSED] - pages.Asset.editSourceInAssetEditPage is PASSED

2021-01-13 13:15:43 - [TEST_STEP][PASSED] - assetName = assetName: null

2021-01-13 13:15:43 - [TEST_STEP][PASSED] - sourceName = sourceName: null

2021-01-13 13:15:43 - [TEST_STEP][PASSED] - pages.Asset.verifySourceInEditAssetPage(assetName, sourceName): pages.Asset.verifySourceInEditAssetPage is PASSED

2021-01-13 13:15:44 - [MESSAGE][PASSED] - Object 'Object Repository/Asset/Asset/AssetPageElements/search' is present

2021-01-13 13:15:44 - [MESSAGE][PASSED] - Object 'Object Repository/Asset/Asset/AssetPageElements/search' is visible

2021-01-13 13:15:44 - [MESSAGE][PASSED] - Object 'Object Repository/Asset/Asset/AssetPageElements/search' is clickable

2021-01-13 13:15:45 - [MESSAGE][PASSED] - Text of object 'Object Repository/Asset/Asset/AssetPageElements/search' is cleared

2021-01-13 13:15:45 - [MESSAGE][PASSED] - Keys '' sent to object: 'Object Repository/Asset/Asset/AssetPageElements/search'

2021-01-13 13:15:45 - [MESSAGE][PASSED] - Keys 'A' sent to object: 'Object Repository/Asset/Asset/AssetPageElements/search'

2021-01-13 13:15:48 - [MESSAGE][PASSED] - Keys 'u' sent to object: 'Object Repository/Asset/Asset/AssetPageElements/search'

2021-01-13 13:15:48 - [MESSAGE][PASSED] - Keys 't' sent to object: 'Object Repository/Asset/Asset/AssetPageElements/search'

2021-01-13 13:15:49 - [MESSAGE][PASSED] - Keys 'h' sent to object: 'Object Repository/Asset/Asset/AssetPageElements/search'

2021-01-13 13:15:50 - [MESSAGE][PASSED] - Keys 'o' sent to object: 'Object Repository/Asset/Asset/AssetPageElements/search'

2021-01-13 13:15:51 - [MESSAGE][PASSED] - Keys 'r' sent to object: 'Object Repository/Asset/Asset/AssetPageElements/search'

2021-01-13 13:15:52 - [MESSAGE][PASSED] - Keys '7' sent to object: 'Object Repository/Asset/Asset/AssetPageElements/search'

2021-01-13 13:15:53 - [MESSAGE][PASSED] - Keys '2' sent to object: 'Object Repository/Asset/Asset/AssetPageElements/search'

2021-01-13 13:15:53 - [MESSAGE][PASSED] - Keys '1' sent to object: 'Object Repository/Asset/Asset/AssetPageElements/search'

2021-01-13 13:15:54 - [MESSAGE][PASSED] - Object 'Object Repository/Asset/Asset/anyAsset(assetName)' is present

2021-01-13 13:15:54 - [MESSAGE][PASSED] - Object 'Object Repository/Asset/Asset/anyAsset(assetName)' is visible

2021-01-13 13:15:55 - [MESSAGE][PASSED] - Object 'Object Repository/Asset/Asset/anyAsset(assetName)' is clickable

2021-01-13 13:15:55 - [MESSAGE][PASSED] - Object: 'Object Repository/Asset/Asset/anyAsset(assetName)' is clicked on

2021-01-13 13:15:57 - [MESSAGE][PASSED] - Scroll to object 'Object Repository/Asset/Asset/assetEditpage/sourceName(sourceName)' successfully

2021-01-13 13:15:57 - [MESSAGE][PASSED] - Object 'Object Repository/Asset/Asset/assetEditpage/sourceName(sourceName)' is present

2021-01-13 13:15:57 - [MESSAGE][PASSED] - Object 'Object Repository/Asset/Asset/assetEditpage/close' is present

2021-01-13 13:15:58 - [MESSAGE][PASSED] - Object 'Object Repository/Asset/Asset/assetEditpage/close' is visible

2021-01-13 13:15:58 - [MESSAGE][PASSED] - Object 'Object Repository/Asset/Asset/assetEditpage/close' is clickable

2021-01-13 13:15:58 - [MESSAGE][PASSED] - Object: 'Object Repository/Asset/Asset/assetEditpage/close' is clicked on

2021-01-13 13:15:58 - [MESSAGE][PASSED] - pages.Asset.verifySourceInEditAssetPage is PASSED]]></system-out>
         <system-err><![CDATA[]]></system-err>
      </testcase>
      <testcase name="Test Cases/Admin/Asset/functionalityOfCancelButtonInAddAssetPopup" time="16.951" classname="Test Cases/Admin/Asset/functionalityOfCancelButtonInAddAssetPopup" status="PASSED">
         <system-out><![CDATA[2021-01-13 13:15:58 - [TEST_CASE][PASSED] - Test Cases/Admin/Asset/functionalityOfCancelButtonInAddAssetPopup: Test Cases/Admin/Asset/functionalityOfCancelButtonInAddAssetPopup

2021-01-13 13:15:58 - [TEST_STEP][PASSED] - Start listener action : login: null

2021-01-13 13:15:58 - [TEST_STEP][PASSED] - Thread.sleep(3000): null

2021-01-13 13:16:01 - [TEST_STEP][PASSED] - url = getUrl(): Current window's url is: 'https://dev-admin.modist.co/dashboard'

2021-01-13 13:16:01 - [MESSAGE][PASSED] - Current window's url is: 'https://dev-admin.modist.co/dashboard'

2021-01-13 13:16:01 - [TEST_STEP][PASSED] - if (!(url.contains("dashboard"))): null

2021-01-13 13:16:02 - [TEST_STEP][PASSED] - pages.Asset.clickAssetTab(): pages.Asset.clickAssetTab is PASSED

2021-01-13 13:16:02 - [MESSAGE][PASSED] - Object 'Object Repository/Asset/Asset/AssetPageElements/assetTab' is present

2021-01-13 13:16:02 - [MESSAGE][PASSED] - Object 'Object Repository/Asset/Asset/AssetPageElements/assetTab' is visible

2021-01-13 13:16:02 - [MESSAGE][PASSED] - Object 'Object Repository/Asset/Asset/AssetPageElements/assetTab' is clickable

2021-01-13 13:16:03 - [MESSAGE][PASSED] - Object: 'Object Repository/Asset/Asset/AssetPageElements/assetTab' is clicked on

2021-01-13 13:16:03 - [MESSAGE][PASSED] - pages.Asset.clickAssetTab is PASSED

2021-01-13 13:16:03 - [TEST_STEP][PASSED] - assetName = pages.Asset.cancelButtonInAddAssetPopup(): pages.Asset.cancelButtonInAddAssetPopup is PASSED

2021-01-13 13:16:03 - [MESSAGE][PASSED] - Object 'Object Repository/Asset/Asset/AssetPageElements/AddAssetButton' is present

2021-01-13 13:16:03 - [MESSAGE][PASSED] - Object 'Object Repository/Asset/Asset/AssetPageElements/AddAssetButton' is visible

2021-01-13 13:16:04 - [MESSAGE][PASSED] - Object 'Object Repository/Asset/Asset/AssetPageElements/AddAssetButton' is clickable

2021-01-13 13:16:04 - [MESSAGE][PASSED] - Object: 'Object Repository/Asset/Asset/AssetPageElements/AddAssetButton' is clicked on

2021-01-13 13:16:05 - [MESSAGE][PASSED] - Object 'Object Repository/Asset/Asset/addAsset/Author' is present

2021-01-13 13:16:05 - [MESSAGE][PASSED] - Object 'Object Repository/Asset/Asset/addAsset/Author' is visible

2021-01-13 13:16:06 - [MESSAGE][PASSED] - Object 'Object Repository/Asset/Asset/addAsset/Author' is clickable

2021-01-13 13:16:06 - [MESSAGE][PASSED] - Text of object 'Object Repository/Asset/Asset/addAsset/Author' is cleared

2021-01-13 13:16:06 - [MESSAGE][PASSED] - Keys 'Author215' sent to object: 'Object Repository/Asset/Asset/addAsset/Author'

2021-01-13 13:16:07 - [MESSAGE][PASSED] - Object 'Object Repository/Asset/Asset/addAsset/cancelButton' is present

2021-01-13 13:16:07 - [MESSAGE][PASSED] - Object 'Object Repository/Asset/Asset/addAsset/cancelButton' is visible

2021-01-13 13:16:07 - [MESSAGE][PASSED] - Object 'Object Repository/Asset/Asset/addAsset/cancelButton' is clickable

2021-01-13 13:16:08 - [MESSAGE][PASSED] - Object: 'Object Repository/Asset/Asset/addAsset/cancelButton' is clicked on

2021-01-13 13:16:08 - [MESSAGE][PASSED] - pages.Asset.cancelButtonInAddAssetPopup is PASSED

2021-01-13 13:16:08 - [TEST_STEP][PASSED] - pages.Asset.VerifyAssetNotPresent(assetName): pages.Asset.VerifyAssetNotPresent is PASSED

2021-01-13 13:16:08 - [MESSAGE][PASSED] - Object 'Object Repository/Asset/Asset/AssetPageElements/search' is present

2021-01-13 13:16:08 - [MESSAGE][PASSED] - Object 'Object Repository/Asset/Asset/AssetPageElements/search' is visible

2021-01-13 13:16:09 - [MESSAGE][PASSED] - Object 'Object Repository/Asset/Asset/AssetPageElements/search' is clickable

2021-01-13 13:16:09 - [MESSAGE][PASSED] - Text of object 'Object Repository/Asset/Asset/AssetPageElements/search' is cleared

2021-01-13 13:16:09 - [MESSAGE][PASSED] - Keys '' sent to object: 'Object Repository/Asset/Asset/AssetPageElements/search'

2021-01-13 13:16:10 - [MESSAGE][PASSED] - Keys 'A' sent to object: 'Object Repository/Asset/Asset/AssetPageElements/search'

2021-01-13 13:16:10 - [MESSAGE][PASSED] - Keys 'u' sent to object: 'Object Repository/Asset/Asset/AssetPageElements/search'

2021-01-13 13:16:11 - [MESSAGE][PASSED] - Keys 't' sent to object: 'Object Repository/Asset/Asset/AssetPageElements/search'

2021-01-13 13:16:12 - [MESSAGE][PASSED] - Keys 'h' sent to object: 'Object Repository/Asset/Asset/AssetPageElements/search'

2021-01-13 13:16:13 - [MESSAGE][PASSED] - Keys 'o' sent to object: 'Object Repository/Asset/Asset/AssetPageElements/search'

2021-01-13 13:16:13 - [MESSAGE][PASSED] - Keys 'r' sent to object: 'Object Repository/Asset/Asset/AssetPageElements/search'

2021-01-13 13:16:14 - [MESSAGE][PASSED] - Keys '2' sent to object: 'Object Repository/Asset/Asset/AssetPageElements/search'

2021-01-13 13:16:14 - [MESSAGE][PASSED] - Keys '1' sent to object: 'Object Repository/Asset/Asset/AssetPageElements/search'

2021-01-13 13:16:15 - [MESSAGE][PASSED] - Keys '5' sent to object: 'Object Repository/Asset/Asset/AssetPageElements/search'

2021-01-13 13:16:15 - [MESSAGE][PASSED] - Web element with id: 'Object Repository/Asset/Asset/assetname(assetName)' located by 'By.xpath: //div[text()='Author215']' is not present after '30' second(s)

2021-01-13 13:16:15 - [MESSAGE][PASSED] - pages.Asset.VerifyAssetNotPresent is PASSED]]></system-out>
         <system-err><![CDATA[]]></system-err>
      </testcase>
      <testcase name="Test Cases/Admin/Asset/functionalityOfCloseButtonandVerify" time="27.696" classname="Test Cases/Admin/Asset/functionalityOfCloseButtonandVerify" status="PASSED">
         <system-out><![CDATA[2021-01-13 13:16:15 - [TEST_CASE][PASSED] - Test Cases/Admin/Asset/functionalityOfCloseButtonandVerify: Test Cases/Admin/Asset/functionalityOfCloseButtonandVerify

2021-01-13 13:16:15 - [TEST_STEP][PASSED] - Start listener action : login: null

2021-01-13 13:16:15 - [TEST_STEP][PASSED] - Thread.sleep(3000): null

2021-01-13 13:16:18 - [TEST_STEP][PASSED] - url = getUrl(): Current window's url is: 'https://dev-admin.modist.co/dashboard'

2021-01-13 13:16:18 - [MESSAGE][PASSED] - Current window's url is: 'https://dev-admin.modist.co/dashboard'

2021-01-13 13:16:18 - [TEST_STEP][PASSED] - if (!(url.contains("dashboard"))): null

2021-01-13 13:16:19 - [TEST_STEP][PASSED] - pages.Asset.clickAssetTab(): pages.Asset.clickAssetTab is PASSED

2021-01-13 13:16:19 - [MESSAGE][PASSED] - Object 'Object Repository/Asset/Asset/AssetPageElements/assetTab' is present

2021-01-13 13:16:19 - [MESSAGE][PASSED] - Object 'Object Repository/Asset/Asset/AssetPageElements/assetTab' is visible

2021-01-13 13:16:19 - [MESSAGE][PASSED] - Object 'Object Repository/Asset/Asset/AssetPageElements/assetTab' is clickable

2021-01-13 13:16:20 - [MESSAGE][PASSED] - Object: 'Object Repository/Asset/Asset/AssetPageElements/assetTab' is clicked on

2021-01-13 13:16:20 - [MESSAGE][PASSED] - pages.Asset.clickAssetTab is PASSED

2021-01-13 13:16:20 - [TEST_STEP][PASSED] - pages.Asset.closeButtonInAssetEditPage(): pages.Asset.closeButtonInAssetEditPage is PASSED

2021-01-13 13:16:20 - [MESSAGE][PASSED] - Wait for page load successfully

2021-01-13 13:16:20 - [MESSAGE][PASSED] - Object 'Object Repository/Asset/Asset/AssetCount' is present

2021-01-13 13:16:21 - [MESSAGE][PASSED] - Text of object 'Object Repository/Asset/Asset/randomAsset(index)' is: 'Author258'

2021-01-13 13:16:21 - [MESSAGE][PASSED] - Object 'Object Repository/Asset/Asset/AssetPageElements/search' is present

2021-01-13 13:16:22 - [MESSAGE][PASSED] - Object 'Object Repository/Asset/Asset/AssetPageElements/search' is visible

2021-01-13 13:16:22 - [MESSAGE][PASSED] - Object 'Object Repository/Asset/Asset/AssetPageElements/search' is clickable

2021-01-13 13:16:22 - [MESSAGE][PASSED] - Text of object 'Object Repository/Asset/Asset/AssetPageElements/search' is cleared

2021-01-13 13:16:22 - [MESSAGE][PASSED] - Keys '' sent to object: 'Object Repository/Asset/Asset/AssetPageElements/search'

2021-01-13 13:16:23 - [MESSAGE][PASSED] - Keys 'A' sent to object: 'Object Repository/Asset/Asset/AssetPageElements/search'

2021-01-13 13:16:23 - [MESSAGE][PASSED] - Keys 'u' sent to object: 'Object Repository/Asset/Asset/AssetPageElements/search'

2021-01-13 13:16:24 - [MESSAGE][PASSED] - Keys 't' sent to object: 'Object Repository/Asset/Asset/AssetPageElements/search'

2021-01-13 13:16:24 - [MESSAGE][PASSED] - Keys 'h' sent to object: 'Object Repository/Asset/Asset/AssetPageElements/search'

2021-01-13 13:16:25 - [MESSAGE][PASSED] - Keys 'o' sent to object: 'Object Repository/Asset/Asset/AssetPageElements/search'

2021-01-13 13:16:27 - [MESSAGE][PASSED] - Keys 'r' sent to object: 'Object Repository/Asset/Asset/AssetPageElements/search'

2021-01-13 13:16:27 - [MESSAGE][PASSED] - Keys '2' sent to object: 'Object Repository/Asset/Asset/AssetPageElements/search'

2021-01-13 13:16:28 - [MESSAGE][PASSED] - Keys '5' sent to object: 'Object Repository/Asset/Asset/AssetPageElements/search'

2021-01-13 13:16:28 - [MESSAGE][PASSED] - Keys '8' sent to object: 'Object Repository/Asset/Asset/AssetPageElements/search'

2021-01-13 13:16:30 - [MESSAGE][PASSED] - Object 'Object Repository/Asset/Asset/assetname(assetName)' is present

2021-01-13 13:16:30 - [MESSAGE][PASSED] - Object 'Object Repository/Asset/Asset/assetname(assetName)' is visible

2021-01-13 13:16:30 - [MESSAGE][PASSED] - Object 'Object Repository/Asset/Asset/assetname(assetName)' is clickable

2021-01-13 13:16:31 - [MESSAGE][PASSED] - Object: 'Object Repository/Asset/Asset/assetname(assetName)' is clicked on

2021-01-13 13:16:31 - [MESSAGE][PASSED] - Object 'Object Repository/Asset/Asset/assetEditpage/close' is present

2021-01-13 13:16:32 - [MESSAGE][PASSED] - Object 'Object Repository/Asset/Asset/assetEditpage/close' is visible

2021-01-13 13:16:33 - [MESSAGE][PASSED] - Object 'Object Repository/Asset/Asset/assetEditpage/close' is clickable

2021-01-13 13:16:33 - [MESSAGE][PASSED] - Object: 'Object Repository/Asset/Asset/assetEditpage/close' is clicked on

2021-01-13 13:16:33 - [MESSAGE][PASSED] - pages.Asset.closeButtonInAssetEditPage is PASSED

2021-01-13 13:16:33 - [TEST_STEP][PASSED] - verification.Verification.getUrlAndVerify("dashboard", "cancel button is not working"): verification.Verification.getUrlAndVerify is PASSED

2021-01-13 13:16:43 - [MESSAGE][PASSED] - Delayed 10 second(s)

2021-01-13 13:16:43 - [MESSAGE][PASSED] - Current window's url is: 'https://dev-admin.modist.co/dashboard'

2021-01-13 13:16:43 - [MESSAGE][PASSED] - verification.Verification.getUrlAndVerify is PASSED]]></system-out>
         <system-err><![CDATA[]]></system-err>
      </testcase>
      <testcase name="Test Cases/Admin/Asset/functionalityOfSearcBoxWithInvalidDetails" time="15.471" classname="Test Cases/Admin/Asset/functionalityOfSearcBoxWithInvalidDetails" status="PASSED">
         <system-out><![CDATA[2021-01-13 13:16:43 - [TEST_CASE][PASSED] - Test Cases/Admin/Asset/functionalityOfSearcBoxWithInvalidDetails: Test Cases/Admin/Asset/functionalityOfSearcBoxWithInvalidDetails

2021-01-13 13:16:43 - [TEST_STEP][PASSED] - Start listener action : login: null

2021-01-13 13:16:43 - [TEST_STEP][PASSED] - Thread.sleep(3000): null

2021-01-13 13:16:46 - [TEST_STEP][PASSED] - url = getUrl(): Current window's url is: 'https://dev-admin.modist.co/dashboard'

2021-01-13 13:16:46 - [MESSAGE][PASSED] - Current window's url is: 'https://dev-admin.modist.co/dashboard'

2021-01-13 13:16:46 - [TEST_STEP][PASSED] - if (!(url.contains("dashboard"))): null

2021-01-13 13:16:46 - [TEST_STEP][PASSED] - pages.Asset.clickAssetTab(): pages.Asset.clickAssetTab is PASSED

2021-01-13 13:16:47 - [MESSAGE][PASSED] - Object 'Object Repository/Asset/Asset/AssetPageElements/assetTab' is present

2021-01-13 13:16:47 - [MESSAGE][PASSED] - Object 'Object Repository/Asset/Asset/AssetPageElements/assetTab' is visible

2021-01-13 13:16:47 - [MESSAGE][PASSED] - Object 'Object Repository/Asset/Asset/AssetPageElements/assetTab' is clickable

2021-01-13 13:16:48 - [MESSAGE][PASSED] - Object: 'Object Repository/Asset/Asset/AssetPageElements/assetTab' is clicked on

2021-01-13 13:16:48 - [MESSAGE][PASSED] - pages.Asset.clickAssetTab is PASSED

2021-01-13 13:16:48 - [TEST_STEP][PASSED] - assetName = pages.Asset.getRandomAssetName(): pages.Asset.getRandomAssetName is PASSED

2021-01-13 13:16:48 - [MESSAGE][PASSED] - Wait for page load successfully

2021-01-13 13:16:48 - [MESSAGE][PASSED] - Object 'Object Repository/Asset/Asset/AssetCount' is present

2021-01-13 13:16:48 - [MESSAGE][PASSED] - Text of object 'Object Repository/Asset/Asset/randomAsset(index)' is: 'Author873'

2021-01-13 13:16:48 - [MESSAGE][PASSED] - pages.Asset.getRandomAssetName is PASSED

2021-01-13 13:16:48 - [TEST_STEP][PASSED] - assetName = assetName + "1": null

2021-01-13 13:16:48 - [TEST_STEP][PASSED] - pages.Asset.VerifyAssetNotPresent(assetName): pages.Asset.VerifyAssetNotPresent is PASSED

2021-01-13 13:16:49 - [MESSAGE][PASSED] - Object 'Object Repository/Asset/Asset/AssetPageElements/search' is present

2021-01-13 13:16:49 - [MESSAGE][PASSED] - Object 'Object Repository/Asset/Asset/AssetPageElements/search' is visible

2021-01-13 13:16:49 - [MESSAGE][PASSED] - Object 'Object Repository/Asset/Asset/AssetPageElements/search' is clickable

2021-01-13 13:16:50 - [MESSAGE][PASSED] - Text of object 'Object Repository/Asset/Asset/AssetPageElements/search' is cleared

2021-01-13 13:16:50 - [MESSAGE][PASSED] - Keys '' sent to object: 'Object Repository/Asset/Asset/AssetPageElements/search'

2021-01-13 13:16:50 - [MESSAGE][PASSED] - Keys 'A' sent to object: 'Object Repository/Asset/Asset/AssetPageElements/search'

2021-01-13 13:16:51 - [MESSAGE][PASSED] - Keys 'u' sent to object: 'Object Repository/Asset/Asset/AssetPageElements/search'

2021-01-13 13:16:53 - [MESSAGE][PASSED] - Keys 't' sent to object: 'Object Repository/Asset/Asset/AssetPageElements/search'

2021-01-13 13:16:53 - [MESSAGE][PASSED] - Keys 'h' sent to object: 'Object Repository/Asset/Asset/AssetPageElements/search'

2021-01-13 13:16:54 - [MESSAGE][PASSED] - Keys 'o' sent to object: 'Object Repository/Asset/Asset/AssetPageElements/search'

2021-01-13 13:16:55 - [MESSAGE][PASSED] - Keys 'r' sent to object: 'Object Repository/Asset/Asset/AssetPageElements/search'

2021-01-13 13:16:56 - [MESSAGE][PASSED] - Keys '8' sent to object: 'Object Repository/Asset/Asset/AssetPageElements/search'

2021-01-13 13:16:56 - [MESSAGE][PASSED] - Keys '7' sent to object: 'Object Repository/Asset/Asset/AssetPageElements/search'

2021-01-13 13:16:57 - [MESSAGE][PASSED] - Keys '3' sent to object: 'Object Repository/Asset/Asset/AssetPageElements/search'

2021-01-13 13:16:58 - [MESSAGE][PASSED] - Keys '1' sent to object: 'Object Repository/Asset/Asset/AssetPageElements/search'

2021-01-13 13:16:58 - [MESSAGE][PASSED] - Web element with id: 'Object Repository/Asset/Asset/assetname(assetName)' located by 'By.xpath: //div[text()='Author8731']' is not present after '30' second(s)

2021-01-13 13:16:58 - [MESSAGE][PASSED] - pages.Asset.VerifyAssetNotPresent is PASSED]]></system-out>
         <system-err><![CDATA[]]></system-err>
      </testcase>
      <testcase name="Test Cases/Admin/Asset/functionalityOfSearchBoxwithValidDetails" time="16.146" classname="Test Cases/Admin/Asset/functionalityOfSearchBoxwithValidDetails" status="PASSED">
         <system-out><![CDATA[2021-01-13 13:16:58 - [TEST_CASE][PASSED] - Test Cases/Admin/Asset/functionalityOfSearchBoxwithValidDetails: Test Cases/Admin/Asset/functionalityOfSearchBoxwithValidDetails

2021-01-13 13:16:58 - [TEST_STEP][PASSED] - Start listener action : login: null

2021-01-13 13:16:58 - [TEST_STEP][PASSED] - Thread.sleep(3000): null

2021-01-13 13:17:01 - [TEST_STEP][PASSED] - url = getUrl(): Current window's url is: 'https://dev-admin.modist.co/dashboard'

2021-01-13 13:17:01 - [MESSAGE][PASSED] - Current window's url is: 'https://dev-admin.modist.co/dashboard'

2021-01-13 13:17:01 - [TEST_STEP][PASSED] - if (!(url.contains("dashboard"))): null

2021-01-13 13:17:02 - [TEST_STEP][PASSED] - pages.Asset.clickAssetTab(): pages.Asset.clickAssetTab is PASSED

2021-01-13 13:17:02 - [MESSAGE][PASSED] - Object 'Object Repository/Asset/Asset/AssetPageElements/assetTab' is present

2021-01-13 13:17:02 - [MESSAGE][PASSED] - Object 'Object Repository/Asset/Asset/AssetPageElements/assetTab' is visible

2021-01-13 13:17:03 - [MESSAGE][PASSED] - Object 'Object Repository/Asset/Asset/AssetPageElements/assetTab' is clickable

2021-01-13 13:17:03 - [MESSAGE][PASSED] - Object: 'Object Repository/Asset/Asset/AssetPageElements/assetTab' is clicked on

2021-01-13 13:17:03 - [MESSAGE][PASSED] - pages.Asset.clickAssetTab is PASSED

2021-01-13 13:17:03 - [TEST_STEP][PASSED] - assetName = pages.Asset.getRandomAssetName(): pages.Asset.getRandomAssetName is PASSED

2021-01-13 13:17:03 - [MESSAGE][PASSED] - Wait for page load successfully

2021-01-13 13:17:03 - [MESSAGE][PASSED] - Object 'Object Repository/Asset/Asset/AssetCount' is present

2021-01-13 13:17:04 - [MESSAGE][PASSED] - Text of object 'Object Repository/Asset/Asset/randomAsset(index)' is: 'Author873'

2021-01-13 13:17:04 - [MESSAGE][PASSED] - pages.Asset.getRandomAssetName is PASSED

2021-01-13 13:17:04 - [TEST_STEP][PASSED] - pages.Asset.VerifyAssetIsPresent(assetName): pages.Asset.VerifyAssetIsPresent is PASSED

2021-01-13 13:17:04 - [MESSAGE][PASSED] - Object 'Object Repository/Asset/Asset/AssetPageElements/search' is present

2021-01-13 13:17:05 - [MESSAGE][PASSED] - Object 'Object Repository/Asset/Asset/AssetPageElements/search' is visible

2021-01-13 13:17:05 - [MESSAGE][PASSED] - Object 'Object Repository/Asset/Asset/AssetPageElements/search' is clickable

2021-01-13 13:17:05 - [MESSAGE][PASSED] - Text of object 'Object Repository/Asset/Asset/AssetPageElements/search' is cleared

2021-01-13 13:17:05 - [MESSAGE][PASSED] - Keys '' sent to object: 'Object Repository/Asset/Asset/AssetPageElements/search'

2021-01-13 13:17:06 - [MESSAGE][PASSED] - Keys 'A' sent to object: 'Object Repository/Asset/Asset/AssetPageElements/search'

2021-01-13 13:17:06 - [MESSAGE][PASSED] - Keys 'u' sent to object: 'Object Repository/Asset/Asset/AssetPageElements/search'

2021-01-13 13:17:07 - [MESSAGE][PASSED] - Keys 't' sent to object: 'Object Repository/Asset/Asset/AssetPageElements/search'

2021-01-13 13:17:09 - [MESSAGE][PASSED] - Keys 'h' sent to object: 'Object Repository/Asset/Asset/AssetPageElements/search'

2021-01-13 13:17:10 - [MESSAGE][PASSED] - Keys 'o' sent to object: 'Object Repository/Asset/Asset/AssetPageElements/search'

2021-01-13 13:17:10 - [MESSAGE][PASSED] - Keys 'r' sent to object: 'Object Repository/Asset/Asset/AssetPageElements/search'

2021-01-13 13:17:11 - [MESSAGE][PASSED] - Keys '8' sent to object: 'Object Repository/Asset/Asset/AssetPageElements/search'

2021-01-13 13:17:12 - [MESSAGE][PASSED] - Keys '7' sent to object: 'Object Repository/Asset/Asset/AssetPageElements/search'

2021-01-13 13:17:13 - [MESSAGE][PASSED] - Keys '3' sent to object: 'Object Repository/Asset/Asset/AssetPageElements/search'

2021-01-13 13:17:15 - [MESSAGE][PASSED] - Object 'Object Repository/Asset/Asset/assetname(assetName)' is present

2021-01-13 13:17:15 - [MESSAGE][PASSED] - pages.Asset.VerifyAssetIsPresent is PASSED]]></system-out>
         <system-err><![CDATA[]]></system-err>
      </testcase>
      <testcase name="Test Cases/Admin/Asset/openAnyAssetAndVerifyUrl" time="15.949" classname="Test Cases/Admin/Asset/openAnyAssetAndVerifyUrl" status="PASSED">
         <system-out><![CDATA[2021-01-13 13:17:15 - [TEST_CASE][PASSED] - Test Cases/Admin/Asset/openAnyAssetAndVerifyUrl: Test Cases/Admin/Asset/openAnyAssetAndVerifyUrl

2021-01-13 13:17:15 - [TEST_STEP][PASSED] - Start listener action : login: null

2021-01-13 13:17:15 - [TEST_STEP][PASSED] - Thread.sleep(3000): null

2021-01-13 13:17:18 - [TEST_STEP][PASSED] - url = getUrl(): Current window's url is: 'https://dev-admin.modist.co/dashboard'

2021-01-13 13:17:18 - [MESSAGE][PASSED] - Current window's url is: 'https://dev-admin.modist.co/dashboard'

2021-01-13 13:17:18 - [TEST_STEP][PASSED] - if (!(url.contains("dashboard"))): null

2021-01-13 13:17:18 - [TEST_STEP][PASSED] - pages.Asset.clickAssetTab(): pages.Asset.clickAssetTab is PASSED

2021-01-13 13:17:18 - [MESSAGE][PASSED] - Object 'Object Repository/Asset/Asset/AssetPageElements/assetTab' is present

2021-01-13 13:17:18 - [MESSAGE][PASSED] - Object 'Object Repository/Asset/Asset/AssetPageElements/assetTab' is visible

2021-01-13 13:17:19 - [MESSAGE][PASSED] - Object 'Object Repository/Asset/Asset/AssetPageElements/assetTab' is clickable

2021-01-13 13:17:19 - [MESSAGE][PASSED] - Object: 'Object Repository/Asset/Asset/AssetPageElements/assetTab' is clicked on

2021-01-13 13:17:19 - [MESSAGE][PASSED] - pages.Asset.clickAssetTab is PASSED

2021-01-13 13:17:19 - [TEST_STEP][PASSED] - assetName = pages.Asset.getRandomAssetName(): pages.Asset.getRandomAssetName is PASSED

2021-01-13 13:17:19 - [MESSAGE][PASSED] - Wait for page load successfully

2021-01-13 13:17:19 - [MESSAGE][PASSED] - Object 'Object Repository/Asset/Asset/AssetCount' is present

2021-01-13 13:17:20 - [MESSAGE][PASSED] - Text of object 'Object Repository/Asset/Asset/randomAsset(index)' is: 'Author873'

2021-01-13 13:17:20 - [MESSAGE][PASSED] - pages.Asset.getRandomAssetName is PASSED

2021-01-13 13:17:20 - [TEST_STEP][PASSED] - pages.Asset.verifyUrlOfassetEditPage(assetName): pages.Asset.verifyUrlOfassetEditPage is PASSED

2021-01-13 13:17:20 - [MESSAGE][PASSED] - Object 'Object Repository/Asset/Asset/AssetPageElements/search' is present

2021-01-13 13:17:21 - [MESSAGE][PASSED] - Object 'Object Repository/Asset/Asset/AssetPageElements/search' is visible

2021-01-13 13:17:21 - [MESSAGE][PASSED] - Object 'Object Repository/Asset/Asset/AssetPageElements/search' is clickable

2021-01-13 13:17:21 - [MESSAGE][PASSED] - Text of object 'Object Repository/Asset/Asset/AssetPageElements/search' is cleared

2021-01-13 13:17:22 - [MESSAGE][PASSED] - Keys '' sent to object: 'Object Repository/Asset/Asset/AssetPageElements/search'

2021-01-13 13:17:22 - [MESSAGE][PASSED] - Keys 'A' sent to object: 'Object Repository/Asset/Asset/AssetPageElements/search'

2021-01-13 13:17:22 - [MESSAGE][PASSED] - Keys 'u' sent to object: 'Object Repository/Asset/Asset/AssetPageElements/search'

2021-01-13 13:17:23 - [MESSAGE][PASSED] - Keys 't' sent to object: 'Object Repository/Asset/Asset/AssetPageElements/search'

2021-01-13 13:17:24 - [MESSAGE][PASSED] - Keys 'h' sent to object: 'Object Repository/Asset/Asset/AssetPageElements/search'

2021-01-13 13:17:24 - [MESSAGE][PASSED] - Keys 'o' sent to object: 'Object Repository/Asset/Asset/AssetPageElements/search'

2021-01-13 13:17:26 - [MESSAGE][PASSED] - Keys 'r' sent to object: 'Object Repository/Asset/Asset/AssetPageElements/search'

2021-01-13 13:17:27 - [MESSAGE][PASSED] - Keys '8' sent to object: 'Object Repository/Asset/Asset/AssetPageElements/search'

2021-01-13 13:17:27 - [MESSAGE][PASSED] - Keys '7' sent to object: 'Object Repository/Asset/Asset/AssetPageElements/search'

2021-01-13 13:17:29 - [MESSAGE][PASSED] - Keys '3' sent to object: 'Object Repository/Asset/Asset/AssetPageElements/search'

2021-01-13 13:17:29 - [MESSAGE][PASSED] - Object 'Object Repository/Asset/Asset/assetname(assetName)' is present

2021-01-13 13:17:30 - [MESSAGE][PASSED] - Object 'Object Repository/Asset/Asset/assetname(assetName)' is visible

2021-01-13 13:17:30 - [MESSAGE][PASSED] - Object 'Object Repository/Asset/Asset/assetname(assetName)' is clickable

2021-01-13 13:17:31 - [MESSAGE][PASSED] - Object: 'Object Repository/Asset/Asset/assetname(assetName)' is clicked on

2021-01-13 13:17:31 - [MESSAGE][PASSED] - Current window's url is: 'https://dev-admin.modist.co/asset/34070'

2021-01-13 13:17:31 - [MESSAGE][PASSED] - pages.Asset.verifyUrlOfassetEditPage is PASSED]]></system-out>
         <system-err><![CDATA[]]></system-err>
      </testcase>
      <testcase name="Test Cases/Admin/Asset/VerifyAssetPage" time="13.107" classname="Test Cases/Admin/Asset/VerifyAssetPage" status="PASSED">
         <system-out><![CDATA[2021-01-13 13:17:31 - [TEST_CASE][PASSED] - Test Cases/Admin/Asset/VerifyAssetPage: Test Cases/Admin/Asset/VerifyAssetPage

2021-01-13 13:17:31 - [TEST_STEP][PASSED] - Start listener action : login: com.kms.katalon.core.webui.exception.WebElementNotFoundException: Web element with id: 'Object Repository/Login Credentials/Email' located by '//input[@name='email']' not found (Root cause: com.kms.katalon.core.exception.StepFailedException: com.kms.katalon.core.webui.exception.WebElementNotFoundException: Web element with id: 'Object Repository/Login Credentials/Email' located by '//input[@name='email']' not found
	at com.kms.katalon.core.webui.keyword.internal.WebUIKeywordMain.stepFailed(WebUIKeywordMain.groovy:64)
	at com.kms.katalon.core.webui.keyword.builtin.VerifyElementPresentKeyword$_verifyElementPresent_closure1.doCall(VerifyElementPresentKeyword.groovy:85)
	at com.kms.katalon.core.webui.keyword.builtin.VerifyElementPresentKeyword$_verifyElementPresent_closure1.call(VerifyElementPresentKeyword.groovy)
	at com.kms.katalon.core.webui.keyword.internal.WebUIKeywordMain.runKeyword(WebUIKeywordMain.groovy:20)
	at com.kms.katalon.core.webui.keyword.builtin.VerifyElementPresentKeyword.verifyElementPresent(VerifyElementPresentKeyword.groovy:92)
	at com.kms.katalon.core.webui.keyword.builtin.VerifyElementPresentKeyword.execute(VerifyElementPresentKeyword.groovy:68)
	at com.kms.katalon.core.keyword.internal.KeywordExecutor.executeKeywordForPlatform(KeywordExecutor.groovy:73)
	at com.kms.katalon.core.webui.keyword.WebUiBuiltInKeywords.verifyElementPresent(WebUiBuiltInKeywords.groovy:1445)
	at com.kms.katalon.core.webui.keyword.WebUiBuiltInKeywords$verifyElementPresent$2.call(Unknown Source)
	at login.LoginForAdminDevEnvironment.login(LoginForAdminDevEnvironment.groovy:18)
	at login.LoginForAdminDevEnvironment$login.call(Unknown Source)
	at Login.login(Login.groovy:37)
	at Login.invokeMethod(Login.groovy)
	at com.kms.katalon.core.context.internal.TestHooker.invokeMethod(TestHooker.java:111)
	at com.kms.katalon.core.context.internal.TestHooker.lambda$3(TestHooker.java:95)
	at com.kms.katalon.core.context.internal.TestHooker.invokeContextMethods(TestHooker.java:94)
	at com.kms.katalon.core.context.internal.TestListenerCollector.lambda$3(TestListenerCollector.java:88)
	at com.kms.katalon.core.context.internal.TestListenerCollector.handleListenerEvent(TestListenerCollector.java:85)
	at com.kms.katalon.core.context.internal.ExecutionEventManager.publicEvent(ExecutionEventManager.java:36)
	at com.kms.katalon.core.main.TestCaseExecutor.execute(TestCaseExecutor.java:221)
	at com.kms.katalon.core.main.TestSuiteExecutor.accessTestCaseMainPhase(TestSuiteExecutor.java:191)
	at com.kms.katalon.core.main.TestSuiteExecutor.accessTestSuiteMainPhase(TestSuiteExecutor.java:141)
	at com.kms.katalon.core.main.TestSuiteExecutor.execute(TestSuiteExecutor.java:90)
	at com.kms.katalon.core.main.TestCaseMain.startTestSuite(TestCaseMain.java:157)
	at com.kms.katalon.core.main.TestCaseMain$startTestSuite$0.call(Unknown Source)
	at TempTestSuite1610561623229.run(TempTestSuite1610561623229.groovy:39)
)

2021-01-13 13:17:31 - [TEST_STEP][PASSED] - Thread.sleep(3000): null

2021-01-13 13:17:34 - [TEST_STEP][PASSED] - url = getUrl(): Current window's url is: 'https://dev-admin.modist.co/asset/34070'

2021-01-13 13:17:34 - [MESSAGE][PASSED] - Current window's url is: 'https://dev-admin.modist.co/asset/34070'

2021-01-13 13:17:34 - [TEST_STEP][PASSED] - if (!(url.contains("dashboard"))): com.kms.katalon.core.webui.exception.WebElementNotFoundException: Web element with id: 'Object Repository/Login Credentials/Email' located by '//input[@name='email']' not found (Root cause: com.kms.katalon.core.exception.StepFailedException: com.kms.katalon.core.webui.exception.WebElementNotFoundException: Web element with id: 'Object Repository/Login Credentials/Email' located by '//input[@name='email']' not found
	at com.kms.katalon.core.webui.keyword.internal.WebUIKeywordMain.stepFailed(WebUIKeywordMain.groovy:64)
	at com.kms.katalon.core.webui.keyword.builtin.VerifyElementPresentKeyword$_verifyElementPresent_closure1.doCall(VerifyElementPresentKeyword.groovy:85)
	at com.kms.katalon.core.webui.keyword.builtin.VerifyElementPresentKeyword$_verifyElementPresent_closure1.call(VerifyElementPresentKeyword.groovy)
	at com.kms.katalon.core.webui.keyword.internal.WebUIKeywordMain.runKeyword(WebUIKeywordMain.groovy:20)
	at com.kms.katalon.core.webui.keyword.builtin.VerifyElementPresentKeyword.verifyElementPresent(VerifyElementPresentKeyword.groovy:92)
	at com.kms.katalon.core.webui.keyword.builtin.VerifyElementPresentKeyword.execute(VerifyElementPresentKeyword.groovy:68)
	at com.kms.katalon.core.keyword.internal.KeywordExecutor.executeKeywordForPlatform(KeywordExecutor.groovy:73)
	at com.kms.katalon.core.webui.keyword.WebUiBuiltInKeywords.verifyElementPresent(WebUiBuiltInKeywords.groovy:1445)
	at com.kms.katalon.core.webui.keyword.WebUiBuiltInKeywords$verifyElementPresent$2.call(Unknown Source)
	at login.LoginForAdminDevEnvironment.login(LoginForAdminDevEnvironment.groovy:18)
	at login.LoginForAdminDevEnvironment$login.call(Unknown Source)
	at Login.login(Login.groovy:37)
	at Login.invokeMethod(Login.groovy)
	at com.kms.katalon.core.context.internal.TestHooker.invokeMethod(TestHooker.java:111)
	at com.kms.katalon.core.context.internal.TestHooker.lambda$3(TestHooker.java:95)
	at com.kms.katalon.core.context.internal.TestHooker.invokeContextMethods(TestHooker.java:94)
	at com.kms.katalon.core.context.internal.TestListenerCollector.lambda$3(TestListenerCollector.java:88)
	at com.kms.katalon.core.context.internal.TestListenerCollector.handleListenerEvent(TestListenerCollector.java:85)
	at com.kms.katalon.core.context.internal.ExecutionEventManager.publicEvent(ExecutionEventManager.java:36)
	at com.kms.katalon.core.main.TestCaseExecutor.execute(TestCaseExecutor.java:221)
	at com.kms.katalon.core.main.TestSuiteExecutor.accessTestCaseMainPhase(TestSuiteExecutor.java:191)
	at com.kms.katalon.core.main.TestSuiteExecutor.accessTestSuiteMainPhase(TestSuiteExecutor.java:141)
	at com.kms.katalon.core.main.TestSuiteExecutor.execute(TestSuiteExecutor.java:90)
	at com.kms.katalon.core.main.TestCaseMain.startTestSuite(TestCaseMain.java:157)
	at com.kms.katalon.core.main.TestCaseMain$startTestSuite$0.call(Unknown Source)
	at TempTestSuite1610561623229.run(TempTestSuite1610561623229.groovy:39)
)

2021-01-13 13:17:34 - [TEST_STEP][PASSED] - navigateToUrl(Url): Navigate to 'https://dev-admin.modist.co/' successfully

2021-01-13 13:17:34 - [MESSAGE][PASSED] - Navigate to 'https://dev-admin.modist.co/' successfully

2021-01-13 13:17:34 - [TEST_STEP][PASSED] - loginPage.login(Email, Password): com.kms.katalon.core.webui.exception.WebElementNotFoundException: Web element with id: 'Object Repository/Login Credentials/Email' located by '//input[@name='email']' not found (Root cause: com.kms.katalon.core.exception.StepFailedException: com.kms.katalon.core.webui.exception.WebElementNotFoundException: Web element with id: 'Object Repository/Login Credentials/Email' located by '//input[@name='email']' not found
	at com.kms.katalon.core.webui.keyword.internal.WebUIKeywordMain.stepFailed(WebUIKeywordMain.groovy:64)
	at com.kms.katalon.core.webui.keyword.builtin.VerifyElementPresentKeyword$_verifyElementPresent_closure1.doCall(VerifyElementPresentKeyword.groovy:85)
	at com.kms.katalon.core.webui.keyword.builtin.VerifyElementPresentKeyword$_verifyElementPresent_closure1.call(VerifyElementPresentKeyword.groovy)
	at com.kms.katalon.core.webui.keyword.internal.WebUIKeywordMain.runKeyword(WebUIKeywordMain.groovy:20)
	at com.kms.katalon.core.webui.keyword.builtin.VerifyElementPresentKeyword.verifyElementPresent(VerifyElementPresentKeyword.groovy:92)
	at com.kms.katalon.core.webui.keyword.builtin.VerifyElementPresentKeyword.execute(VerifyElementPresentKeyword.groovy:68)
	at com.kms.katalon.core.keyword.internal.KeywordExecutor.executeKeywordForPlatform(KeywordExecutor.groovy:73)
	at com.kms.katalon.core.webui.keyword.WebUiBuiltInKeywords.verifyElementPresent(WebUiBuiltInKeywords.groovy:1445)
	at com.kms.katalon.core.webui.keyword.WebUiBuiltInKeywords$verifyElementPresent$2.call(Unknown Source)
	at login.LoginForAdminDevEnvironment.login(LoginForAdminDevEnvironment.groovy:18)
	at login.LoginForAdminDevEnvironment$login.call(Unknown Source)
	at Login.login(Login.groovy:37)
	at Login.invokeMethod(Login.groovy)
	at com.kms.katalon.core.context.internal.TestHooker.invokeMethod(TestHooker.java:111)
	at com.kms.katalon.core.context.internal.TestHooker.lambda$3(TestHooker.java:95)
	at com.kms.katalon.core.context.internal.TestHooker.invokeContextMethods(TestHooker.java:94)
	at com.kms.katalon.core.context.internal.TestListenerCollector.lambda$3(TestListenerCollector.java:88)
	at com.kms.katalon.core.context.internal.TestListenerCollector.handleListenerEvent(TestListenerCollector.java:85)
	at com.kms.katalon.core.context.internal.ExecutionEventManager.publicEvent(ExecutionEventManager.java:36)
	at com.kms.katalon.core.main.TestCaseExecutor.execute(TestCaseExecutor.java:221)
	at com.kms.katalon.core.main.TestSuiteExecutor.accessTestCaseMainPhase(TestSuiteExecutor.java:191)
	at com.kms.katalon.core.main.TestSuiteExecutor.accessTestSuiteMainPhase(TestSuiteExecutor.java:141)
	at com.kms.katalon.core.main.TestSuiteExecutor.execute(TestSuiteExecutor.java:90)
	at com.kms.katalon.core.main.TestCaseMain.startTestSuite(TestCaseMain.java:157)
	at com.kms.katalon.core.main.TestCaseMain$startTestSuite$0.call(Unknown Source)
	at TempTestSuite1610561623229.run(TempTestSuite1610561623229.groovy:39)
)

2021-01-13 13:17:39 - [MESSAGE][INFO] - Unable to find the element located by 'By.xpath: //input[@name='email']'. Please recheck the objects properties to make sure the desired element is located. 

2021-01-13 13:17:40 - [MESSAGE][WARNING] - com.kms.katalon.core.webui.exception.WebElementNotFoundException: Web element with id: 'Object Repository/Login Credentials/Email' located by '//input[@name='email']' not found (Root cause: com.kms.katalon.core.exception.StepFailedException: com.kms.katalon.core.webui.exception.WebElementNotFoundException: Web element with id: 'Object Repository/Login Credentials/Email' located by '//input[@name='email']' not found
	at com.kms.katalon.core.webui.keyword.internal.WebUIKeywordMain.stepFailed(WebUIKeywordMain.groovy:64)
	at com.kms.katalon.core.webui.keyword.builtin.VerifyElementPresentKeyword$_verifyElementPresent_closure1.doCall(VerifyElementPresentKeyword.groovy:85)
	at com.kms.katalon.core.webui.keyword.builtin.VerifyElementPresentKeyword$_verifyElementPresent_closure1.call(VerifyElementPresentKeyword.groovy)
	at com.kms.katalon.core.webui.keyword.internal.WebUIKeywordMain.runKeyword(WebUIKeywordMain.groovy:20)
	at com.kms.katalon.core.webui.keyword.builtin.VerifyElementPresentKeyword.verifyElementPresent(VerifyElementPresentKeyword.groovy:92)
	at com.kms.katalon.core.webui.keyword.builtin.VerifyElementPresentKeyword.execute(VerifyElementPresentKeyword.groovy:68)
	at com.kms.katalon.core.keyword.internal.KeywordExecutor.executeKeywordForPlatform(KeywordExecutor.groovy:73)
	at com.kms.katalon.core.webui.keyword.WebUiBuiltInKeywords.verifyElementPresent(WebUiBuiltInKeywords.groovy:1445)
	at com.kms.katalon.core.webui.keyword.WebUiBuiltInKeywords$verifyElementPresent$2.call(Unknown Source)
	at login.LoginForAdminDevEnvironment.login(LoginForAdminDevEnvironment.groovy:18)
	at login.LoginForAdminDevEnvironment$login.call(Unknown Source)
	at Login.login(Login.groovy:37)
	at Login.invokeMethod(Login.groovy)
	at com.kms.katalon.core.context.internal.TestHooker.invokeMethod(TestHooker.java:111)
	at com.kms.katalon.core.context.internal.TestHooker.lambda$3(TestHooker.java:95)
	at com.kms.katalon.core.context.internal.TestHooker.invokeContextMethods(TestHooker.java:94)
	at com.kms.katalon.core.context.internal.TestListenerCollector.lambda$3(TestListenerCollector.java:88)
	at com.kms.katalon.core.context.internal.TestListenerCollector.handleListenerEvent(TestListenerCollector.java:85)
	at com.kms.katalon.core.context.internal.ExecutionEventManager.publicEvent(ExecutionEventManager.java:36)
	at com.kms.katalon.core.main.TestCaseExecutor.execute(TestCaseExecutor.java:221)
	at com.kms.katalon.core.main.TestSuiteExecutor.accessTestCaseMainPhase(TestSuiteExecutor.java:191)
	at com.kms.katalon.core.main.TestSuiteExecutor.accessTestSuiteMainPhase(TestSuiteExecutor.java:141)
	at com.kms.katalon.core.main.TestSuiteExecutor.execute(TestSuiteExecutor.java:90)
	at com.kms.katalon.core.main.TestCaseMain.startTestSuite(TestCaseMain.java:157)
	at com.kms.katalon.core.main.TestCaseMain$startTestSuite$0.call(Unknown Source)
	at TempTestSuite1610561623229.run(TempTestSuite1610561623229.groovy:39)
)
[[ATTACHMENT|E:\\Modist\\ModistProject\\Reports\\20210113_131343\\AllTestCases\\20210113_131343\\1610561859843.png]]

2021-01-13 13:17:40 - [TEST_STEP][PASSED] - pages.Asset.clickAssetTab(): pages.Asset.clickAssetTab is PASSED

2021-01-13 13:17:40 - [MESSAGE][PASSED] - Object 'Object Repository/Asset/Asset/AssetPageElements/assetTab' is present

2021-01-13 13:17:41 - [MESSAGE][PASSED] - Object 'Object Repository/Asset/Asset/AssetPageElements/assetTab' is visible

2021-01-13 13:17:41 - [MESSAGE][PASSED] - Object 'Object Repository/Asset/Asset/AssetPageElements/assetTab' is clickable

2021-01-13 13:17:41 - [MESSAGE][PASSED] - Object: 'Object Repository/Asset/Asset/AssetPageElements/assetTab' is clicked on

2021-01-13 13:17:41 - [MESSAGE][PASSED] - pages.Asset.clickAssetTab is PASSED

2021-01-13 13:17:41 - [TEST_STEP][PASSED] - pages.Asset.verifyAssetPage(): pages.Asset.verifyAssetPage is PASSED

2021-01-13 13:17:42 - [MESSAGE][PASSED] - Object 'Object Repository/Asset/Asset/AssetPageElements/AddAssetButton' is present

2021-01-13 13:17:42 - [MESSAGE][PASSED] - Object 'Object Repository/Asset/Asset/AssetPageElements/filterByName' is present

2021-01-13 13:17:42 - [MESSAGE][PASSED] - Object 'Object Repository/Asset/Asset/AssetPageElements/sourceTab' is present

2021-01-13 13:17:43 - [MESSAGE][PASSED] - Object 'Object Repository/Asset/Asset/AssetPageElements/created' is present

2021-01-13 13:17:43 - [MESSAGE][PASSED] - Object 'Object Repository/Asset/Asset/AssetPageElements/updated' is present

2021-01-13 13:17:43 - [MESSAGE][PASSED] - Object 'Object Repository/Asset/Asset/AssetPageElements/Autor' is present

2021-01-13 13:17:44 - [MESSAGE][PASSED] - Object 'Object Repository/Asset/Asset/AssetPageElements/content' is present

2021-01-13 13:17:44 - [MESSAGE][PASSED] - pages.Asset.verifyAssetPage is PASSED]]></system-out>
         <system-err><![CDATA[]]></system-err>
      </testcase>
      <testcase name="Test Cases/Admin/Asset/verifyElementsInAddAssetPopUp" time="11.104" classname="Test Cases/Admin/Asset/verifyElementsInAddAssetPopUp" status="PASSED">
         <system-out><![CDATA[2021-01-13 13:17:44 - [TEST_CASE][PASSED] - Test Cases/Admin/Asset/verifyElementsInAddAssetPopUp: Test Cases/Admin/Asset/verifyElementsInAddAssetPopUp

2021-01-13 13:17:44 - [TEST_STEP][PASSED] - Start listener action : login: null

2021-01-13 13:17:44 - [TEST_STEP][PASSED] - Thread.sleep(3000): null

2021-01-13 13:17:47 - [TEST_STEP][PASSED] - url = getUrl(): Current window's url is: 'https://dev-admin.modist.co/dashboard'

2021-01-13 13:17:47 - [MESSAGE][PASSED] - Current window's url is: 'https://dev-admin.modist.co/dashboard'

2021-01-13 13:17:47 - [TEST_STEP][PASSED] - if (!(url.contains("dashboard"))): null

2021-01-13 13:17:47 - [TEST_STEP][PASSED] - pages.Asset.clickAssetTab(): pages.Asset.clickAssetTab is PASSED

2021-01-13 13:17:47 - [MESSAGE][PASSED] - Object 'Object Repository/Asset/Asset/AssetPageElements/assetTab' is present

2021-01-13 13:17:48 - [MESSAGE][PASSED] - Object 'Object Repository/Asset/Asset/AssetPageElements/assetTab' is visible

2021-01-13 13:17:48 - [MESSAGE][PASSED] - Object 'Object Repository/Asset/Asset/AssetPageElements/assetTab' is clickable

2021-01-13 13:17:48 - [MESSAGE][PASSED] - Object: 'Object Repository/Asset/Asset/AssetPageElements/assetTab' is clicked on

2021-01-13 13:17:48 - [MESSAGE][PASSED] - pages.Asset.clickAssetTab is PASSED

2021-01-13 13:17:48 - [TEST_STEP][PASSED] - pages.Asset.verifyAddAssetPopUp(): pages.Asset.verifyAddAssetPopUp is PASSED

2021-01-13 13:17:48 - [MESSAGE][PASSED] - Object 'Object Repository/Asset/Asset/AssetPageElements/assetTab' is present

2021-01-13 13:17:49 - [MESSAGE][PASSED] - Object 'Object Repository/Asset/Asset/AssetPageElements/assetTab' is visible

2021-01-13 13:17:49 - [MESSAGE][PASSED] - Object 'Object Repository/Asset/Asset/AssetPageElements/assetTab' is clickable

2021-01-13 13:17:49 - [MESSAGE][PASSED] - Object: 'Object Repository/Asset/Asset/AssetPageElements/assetTab' is clicked on

2021-01-13 13:17:50 - [MESSAGE][PASSED] - Object 'Object Repository/Asset/Asset/AssetPageElements/AddAssetButton' is present

2021-01-13 13:17:50 - [MESSAGE][PASSED] - Object 'Object Repository/Asset/Asset/AssetPageElements/AddAssetButton' is visible

2021-01-13 13:17:50 - [MESSAGE][PASSED] - Object 'Object Repository/Asset/Asset/AssetPageElements/AddAssetButton' is clickable

2021-01-13 13:17:51 - [MESSAGE][PASSED] - Object: 'Object Repository/Asset/Asset/AssetPageElements/AddAssetButton' is clicked on

2021-01-13 13:17:51 - [MESSAGE][PASSED] - Object 'Object Repository/Asset/Asset/AddAssetPopEle/Author' is present

2021-01-13 13:17:52 - [MESSAGE][PASSED] - Object 'Object Repository/Asset/Asset/AddAssetPopEle/Quote' is present

2021-01-13 13:17:52 - [MESSAGE][PASSED] - Object 'Object Repository/Asset/Asset/AddAssetPopEle/AssetUrl' is present

2021-01-13 13:17:52 - [MESSAGE][PASSED] - Object 'Object Repository/Asset/Asset/AddAssetPopEle/UploadPhoto' is present

2021-01-13 13:17:53 - [MESSAGE][PASSED] - Object 'Object Repository/Asset/Asset/AddAssetPopEle/Tenant' is present

2021-01-13 13:17:53 - [MESSAGE][PASSED] - Object 'Object Repository/Asset/Asset/AddAssetPopEle/Cancel' is present

2021-01-13 13:17:53 - [MESSAGE][PASSED] - Object 'Object Repository/Asset/Asset/AddAssetPopEle/AddAsset' is present

2021-01-13 13:17:54 - [MESSAGE][PASSED] - Object 'Object Repository/Asset/Asset/AddAssetPopEle/Cancel' is present

2021-01-13 13:17:54 - [MESSAGE][PASSED] - Object 'Object Repository/Asset/Asset/AddAssetPopEle/Cancel' is visible

2021-01-13 13:17:54 - [MESSAGE][PASSED] - Object 'Object Repository/Asset/Asset/AddAssetPopEle/Cancel' is clickable

2021-01-13 13:17:55 - [MESSAGE][PASSED] - Object: 'Object Repository/Asset/Asset/AddAssetPopEle/Cancel' is clicked on

2021-01-13 13:17:55 - [MESSAGE][PASSED] - pages.Asset.verifyAddAssetPopUp is PASSED]]></system-out>
         <system-err><![CDATA[]]></system-err>
      </testcase>
      <testcase name="Test Cases/Admin/Asset/VerifyElementsInAssetEditPage" time="10.629" classname="Test Cases/Admin/Asset/VerifyElementsInAssetEditPage" status="PASSED">
         <system-out><![CDATA[2021-01-13 13:17:55 - [TEST_CASE][PASSED] - Test Cases/Admin/Asset/VerifyElementsInAssetEditPage: Test Cases/Admin/Asset/VerifyElementsInAssetEditPage

2021-01-13 13:17:55 - [TEST_STEP][PASSED] - Start listener action : login: null

2021-01-13 13:17:55 - [TEST_STEP][PASSED] - Thread.sleep(3000): null

2021-01-13 13:17:58 - [TEST_STEP][PASSED] - url = getUrl(): Current window's url is: 'https://dev-admin.modist.co/dashboard'

2021-01-13 13:17:58 - [MESSAGE][PASSED] - Current window's url is: 'https://dev-admin.modist.co/dashboard'

2021-01-13 13:17:58 - [TEST_STEP][PASSED] - if (!(url.contains("dashboard"))): null

2021-01-13 13:17:58 - [TEST_STEP][PASSED] - pages.Asset.clickAssetTab(): pages.Asset.clickAssetTab is PASSED

2021-01-13 13:17:58 - [MESSAGE][PASSED] - Object 'Object Repository/Asset/Asset/AssetPageElements/assetTab' is present

2021-01-13 13:17:59 - [MESSAGE][PASSED] - Object 'Object Repository/Asset/Asset/AssetPageElements/assetTab' is visible

2021-01-13 13:17:59 - [MESSAGE][PASSED] - Object 'Object Repository/Asset/Asset/AssetPageElements/assetTab' is clickable

2021-01-13 13:17:59 - [MESSAGE][PASSED] - Object: 'Object Repository/Asset/Asset/AssetPageElements/assetTab' is clicked on

2021-01-13 13:17:59 - [MESSAGE][PASSED] - pages.Asset.clickAssetTab is PASSED

2021-01-13 13:17:59 - [TEST_STEP][PASSED] - pages.Asset.verifyAssetEditPage(): pages.Asset.verifyAssetEditPage is PASSED

2021-01-13 13:17:59 - [MESSAGE][PASSED] - Wait for page load successfully

2021-01-13 13:18:00 - [MESSAGE][PASSED] - Object 'Object Repository/Asset/Asset/AssetCount' is present

2021-01-13 13:18:00 - [MESSAGE][PASSED] - Text of object 'Object Repository/Asset/Asset/randomAsset(index)' is: 'fds'

2021-01-13 13:18:00 - [MESSAGE][PASSED] - Object 'Object Repository/Asset/Asset/anyAsset(assetName)' is present

2021-01-13 13:18:01 - [MESSAGE][PASSED] - Object 'Object Repository/Asset/Asset/anyAsset(assetName)' is visible

2021-01-13 13:18:01 - [MESSAGE][PASSED] - Object 'Object Repository/Asset/Asset/anyAsset(assetName)' is clickable

2021-01-13 13:18:01 - [MESSAGE][PASSED] - Object: 'Object Repository/Asset/Asset/anyAsset(assetName)' is clicked on

2021-01-13 13:18:02 - [MESSAGE][PASSED] - Object 'Object Repository/Asset/Asset/assetEditPageElements/AssetEdit' is present

2021-01-13 13:18:03 - [MESSAGE][PASSED] - Object 'Object Repository/Asset/Asset/assetEditPageElements/Content' is present

2021-01-13 13:18:03 - [MESSAGE][PASSED] - Object 'Object Repository/Asset/Asset/assetEditPageElements/Photo' is present

2021-01-13 13:18:03 - [MESSAGE][PASSED] - Object 'Object Repository/Asset/Asset/assetEditPageElements/Tags' is present

2021-01-13 13:18:04 - [MESSAGE][PASSED] - Object 'Object Repository/Asset/Asset/assetEditPageElements/Source' is present

2021-01-13 13:18:04 - [MESSAGE][PASSED] - Object 'Object Repository/Asset/Asset/assetEditPageElements/Tenant' is present

2021-01-13 13:18:04 - [MESSAGE][PASSED] - Object 'Object Repository/Asset/Asset/assetEditPageElements/Public' is present

2021-01-13 13:18:05 - [MESSAGE][PASSED] - Object 'Object Repository/Asset/Asset/assetEditPageElements/Author' is present

2021-01-13 13:18:05 - [MESSAGE][PASSED] - Object 'Object Repository/Asset/Asset/assetEditPageElements/Created' is present

2021-01-13 13:18:05 - [MESSAGE][PASSED] - Object 'Object Repository/Asset/Asset/assetEditPageElements/Updated' is present

2021-01-13 13:18:05 - [MESSAGE][PASSED] - pages.Asset.verifyAssetEditPage is PASSED]]></system-out>
         <system-err><![CDATA[]]></system-err>
      </testcase>
      <testcase name="Test Cases/Admin/AssetSource/Add An AssetSource" time="26.433" classname="Test Cases/Admin/AssetSource/Add An AssetSource" status="PASSED">
         <system-out><![CDATA[2021-01-13 13:18:05 - [TEST_CASE][PASSED] - Test Cases/Admin/AssetSource/Add An AssetSource: Test Cases/Admin/AssetSource/Add An AssetSource

2021-01-13 13:18:05 - [TEST_STEP][PASSED] - Start listener action : login: com.kms.katalon.core.webui.exception.WebElementNotFoundException: Web element with id: 'Object Repository/Login Credentials/Email' located by '//input[@name='email']' not found (Root cause: com.kms.katalon.core.exception.StepFailedException: com.kms.katalon.core.webui.exception.WebElementNotFoundException: Web element with id: 'Object Repository/Login Credentials/Email' located by '//input[@name='email']' not found
	at com.kms.katalon.core.webui.keyword.internal.WebUIKeywordMain.stepFailed(WebUIKeywordMain.groovy:64)
	at com.kms.katalon.core.webui.keyword.builtin.VerifyElementPresentKeyword$_verifyElementPresent_closure1.doCall(VerifyElementPresentKeyword.groovy:85)
	at com.kms.katalon.core.webui.keyword.builtin.VerifyElementPresentKeyword$_verifyElementPresent_closure1.call(VerifyElementPresentKeyword.groovy)
	at com.kms.katalon.core.webui.keyword.internal.WebUIKeywordMain.runKeyword(WebUIKeywordMain.groovy:20)
	at com.kms.katalon.core.webui.keyword.builtin.VerifyElementPresentKeyword.verifyElementPresent(VerifyElementPresentKeyword.groovy:92)
	at com.kms.katalon.core.webui.keyword.builtin.VerifyElementPresentKeyword.execute(VerifyElementPresentKeyword.groovy:68)
	at com.kms.katalon.core.keyword.internal.KeywordExecutor.executeKeywordForPlatform(KeywordExecutor.groovy:73)
	at com.kms.katalon.core.webui.keyword.WebUiBuiltInKeywords.verifyElementPresent(WebUiBuiltInKeywords.groovy:1445)
	at com.kms.katalon.core.webui.keyword.WebUiBuiltInKeywords$verifyElementPresent$2.call(Unknown Source)
	at login.LoginForAdminDevEnvironment.login(LoginForAdminDevEnvironment.groovy:18)
	at login.LoginForAdminDevEnvironment$login.call(Unknown Source)
	at Login.login(Login.groovy:37)
	at Login.invokeMethod(Login.groovy)
	at com.kms.katalon.core.context.internal.TestHooker.invokeMethod(TestHooker.java:111)
	at com.kms.katalon.core.context.internal.TestHooker.lambda$3(TestHooker.java:95)
	at com.kms.katalon.core.context.internal.TestHooker.invokeContextMethods(TestHooker.java:94)
	at com.kms.katalon.core.context.internal.TestListenerCollector.lambda$3(TestListenerCollector.java:88)
	at com.kms.katalon.core.context.internal.TestListenerCollector.handleListenerEvent(TestListenerCollector.java:85)
	at com.kms.katalon.core.context.internal.ExecutionEventManager.publicEvent(ExecutionEventManager.java:36)
	at com.kms.katalon.core.main.TestCaseExecutor.execute(TestCaseExecutor.java:221)
	at com.kms.katalon.core.main.TestSuiteExecutor.accessTestCaseMainPhase(TestSuiteExecutor.java:191)
	at com.kms.katalon.core.main.TestSuiteExecutor.accessTestSuiteMainPhase(TestSuiteExecutor.java:141)
	at com.kms.katalon.core.main.TestSuiteExecutor.execute(TestSuiteExecutor.java:90)
	at com.kms.katalon.core.main.TestCaseMain.startTestSuite(TestCaseMain.java:157)
	at com.kms.katalon.core.main.TestCaseMain$startTestSuite$0.call(Unknown Source)
	at TempTestSuite1610561623229.run(TempTestSuite1610561623229.groovy:39)
)

2021-01-13 13:18:05 - [TEST_STEP][PASSED] - Thread.sleep(3000): null

2021-01-13 13:18:08 - [TEST_STEP][PASSED] - url = getUrl(): Current window's url is: 'https://dev-admin.modist.co/asset/34067'

2021-01-13 13:18:08 - [MESSAGE][PASSED] - Current window's url is: 'https://dev-admin.modist.co/asset/34067'

2021-01-13 13:18:08 - [TEST_STEP][PASSED] - if (!(url.contains("dashboard"))): com.kms.katalon.core.webui.exception.WebElementNotFoundException: Web element with id: 'Object Repository/Login Credentials/Email' located by '//input[@name='email']' not found (Root cause: com.kms.katalon.core.exception.StepFailedException: com.kms.katalon.core.webui.exception.WebElementNotFoundException: Web element with id: 'Object Repository/Login Credentials/Email' located by '//input[@name='email']' not found
	at com.kms.katalon.core.webui.keyword.internal.WebUIKeywordMain.stepFailed(WebUIKeywordMain.groovy:64)
	at com.kms.katalon.core.webui.keyword.builtin.VerifyElementPresentKeyword$_verifyElementPresent_closure1.doCall(VerifyElementPresentKeyword.groovy:85)
	at com.kms.katalon.core.webui.keyword.builtin.VerifyElementPresentKeyword$_verifyElementPresent_closure1.call(VerifyElementPresentKeyword.groovy)
	at com.kms.katalon.core.webui.keyword.internal.WebUIKeywordMain.runKeyword(WebUIKeywordMain.groovy:20)
	at com.kms.katalon.core.webui.keyword.builtin.VerifyElementPresentKeyword.verifyElementPresent(VerifyElementPresentKeyword.groovy:92)
	at com.kms.katalon.core.webui.keyword.builtin.VerifyElementPresentKeyword.execute(VerifyElementPresentKeyword.groovy:68)
	at com.kms.katalon.core.keyword.internal.KeywordExecutor.executeKeywordForPlatform(KeywordExecutor.groovy:73)
	at com.kms.katalon.core.webui.keyword.WebUiBuiltInKeywords.verifyElementPresent(WebUiBuiltInKeywords.groovy:1445)
	at com.kms.katalon.core.webui.keyword.WebUiBuiltInKeywords$verifyElementPresent$2.call(Unknown Source)
	at login.LoginForAdminDevEnvironment.login(LoginForAdminDevEnvironment.groovy:18)
	at login.LoginForAdminDevEnvironment$login.call(Unknown Source)
	at Login.login(Login.groovy:37)
	at Login.invokeMethod(Login.groovy)
	at com.kms.katalon.core.context.internal.TestHooker.invokeMethod(TestHooker.java:111)
	at com.kms.katalon.core.context.internal.TestHooker.lambda$3(TestHooker.java:95)
	at com.kms.katalon.core.context.internal.TestHooker.invokeContextMethods(TestHooker.java:94)
	at com.kms.katalon.core.context.internal.TestListenerCollector.lambda$3(TestListenerCollector.java:88)
	at com.kms.katalon.core.context.internal.TestListenerCollector.handleListenerEvent(TestListenerCollector.java:85)
	at com.kms.katalon.core.context.internal.ExecutionEventManager.publicEvent(ExecutionEventManager.java:36)
	at com.kms.katalon.core.main.TestCaseExecutor.execute(TestCaseExecutor.java:221)
	at com.kms.katalon.core.main.TestSuiteExecutor.accessTestCaseMainPhase(TestSuiteExecutor.java:191)
	at com.kms.katalon.core.main.TestSuiteExecutor.accessTestSuiteMainPhase(TestSuiteExecutor.java:141)
	at com.kms.katalon.core.main.TestSuiteExecutor.execute(TestSuiteExecutor.java:90)
	at com.kms.katalon.core.main.TestCaseMain.startTestSuite(TestCaseMain.java:157)
	at com.kms.katalon.core.main.TestCaseMain$startTestSuite$0.call(Unknown Source)
	at TempTestSuite1610561623229.run(TempTestSuite1610561623229.groovy:39)
)

2021-01-13 13:18:08 - [TEST_STEP][PASSED] - navigateToUrl(Url): Navigate to 'https://dev-admin.modist.co/' successfully

2021-01-13 13:18:09 - [MESSAGE][PASSED] - Navigate to 'https://dev-admin.modist.co/' successfully

2021-01-13 13:18:09 - [TEST_STEP][PASSED] - loginPage.login(Email, Password): com.kms.katalon.core.webui.exception.WebElementNotFoundException: Web element with id: 'Object Repository/Login Credentials/Email' located by '//input[@name='email']' not found (Root cause: com.kms.katalon.core.exception.StepFailedException: com.kms.katalon.core.webui.exception.WebElementNotFoundException: Web element with id: 'Object Repository/Login Credentials/Email' located by '//input[@name='email']' not found
	at com.kms.katalon.core.webui.keyword.internal.WebUIKeywordMain.stepFailed(WebUIKeywordMain.groovy:64)
	at com.kms.katalon.core.webui.keyword.builtin.VerifyElementPresentKeyword$_verifyElementPresent_closure1.doCall(VerifyElementPresentKeyword.groovy:85)
	at com.kms.katalon.core.webui.keyword.builtin.VerifyElementPresentKeyword$_verifyElementPresent_closure1.call(VerifyElementPresentKeyword.groovy)
	at com.kms.katalon.core.webui.keyword.internal.WebUIKeywordMain.runKeyword(WebUIKeywordMain.groovy:20)
	at com.kms.katalon.core.webui.keyword.builtin.VerifyElementPresentKeyword.verifyElementPresent(VerifyElementPresentKeyword.groovy:92)
	at com.kms.katalon.core.webui.keyword.builtin.VerifyElementPresentKeyword.execute(VerifyElementPresentKeyword.groovy:68)
	at com.kms.katalon.core.keyword.internal.KeywordExecutor.executeKeywordForPlatform(KeywordExecutor.groovy:73)
	at com.kms.katalon.core.webui.keyword.WebUiBuiltInKeywords.verifyElementPresent(WebUiBuiltInKeywords.groovy:1445)
	at com.kms.katalon.core.webui.keyword.WebUiBuiltInKeywords$verifyElementPresent$2.call(Unknown Source)
	at login.LoginForAdminDevEnvironment.login(LoginForAdminDevEnvironment.groovy:18)
	at login.LoginForAdminDevEnvironment$login.call(Unknown Source)
	at Login.login(Login.groovy:37)
	at Login.invokeMethod(Login.groovy)
	at com.kms.katalon.core.context.internal.TestHooker.invokeMethod(TestHooker.java:111)
	at com.kms.katalon.core.context.internal.TestHooker.lambda$3(TestHooker.java:95)
	at com.kms.katalon.core.context.internal.TestHooker.invokeContextMethods(TestHooker.java:94)
	at com.kms.katalon.core.context.internal.TestListenerCollector.lambda$3(TestListenerCollector.java:88)
	at com.kms.katalon.core.context.internal.TestListenerCollector.handleListenerEvent(TestListenerCollector.java:85)
	at com.kms.katalon.core.context.internal.ExecutionEventManager.publicEvent(ExecutionEventManager.java:36)
	at com.kms.katalon.core.main.TestCaseExecutor.execute(TestCaseExecutor.java:221)
	at com.kms.katalon.core.main.TestSuiteExecutor.accessTestCaseMainPhase(TestSuiteExecutor.java:191)
	at com.kms.katalon.core.main.TestSuiteExecutor.accessTestSuiteMainPhase(TestSuiteExecutor.java:141)
	at com.kms.katalon.core.main.TestSuiteExecutor.execute(TestSuiteExecutor.java:90)
	at com.kms.katalon.core.main.TestCaseMain.startTestSuite(TestCaseMain.java:157)
	at com.kms.katalon.core.main.TestCaseMain$startTestSuite$0.call(Unknown Source)
	at TempTestSuite1610561623229.run(TempTestSuite1610561623229.groovy:39)
)

2021-01-13 13:18:14 - [MESSAGE][INFO] - Unable to find the element located by 'By.xpath: //input[@name='email']'. Please recheck the objects properties to make sure the desired element is located. 

2021-01-13 13:18:14 - [MESSAGE][WARNING] - com.kms.katalon.core.webui.exception.WebElementNotFoundException: Web element with id: 'Object Repository/Login Credentials/Email' located by '//input[@name='email']' not found (Root cause: com.kms.katalon.core.exception.StepFailedException: com.kms.katalon.core.webui.exception.WebElementNotFoundException: Web element with id: 'Object Repository/Login Credentials/Email' located by '//input[@name='email']' not found
	at com.kms.katalon.core.webui.keyword.internal.WebUIKeywordMain.stepFailed(WebUIKeywordMain.groovy:64)
	at com.kms.katalon.core.webui.keyword.builtin.VerifyElementPresentKeyword$_verifyElementPresent_closure1.doCall(VerifyElementPresentKeyword.groovy:85)
	at com.kms.katalon.core.webui.keyword.builtin.VerifyElementPresentKeyword$_verifyElementPresent_closure1.call(VerifyElementPresentKeyword.groovy)
	at com.kms.katalon.core.webui.keyword.internal.WebUIKeywordMain.runKeyword(WebUIKeywordMain.groovy:20)
	at com.kms.katalon.core.webui.keyword.builtin.VerifyElementPresentKeyword.verifyElementPresent(VerifyElementPresentKeyword.groovy:92)
	at com.kms.katalon.core.webui.keyword.builtin.VerifyElementPresentKeyword.execute(VerifyElementPresentKeyword.groovy:68)
	at com.kms.katalon.core.keyword.internal.KeywordExecutor.executeKeywordForPlatform(KeywordExecutor.groovy:73)
	at com.kms.katalon.core.webui.keyword.WebUiBuiltInKeywords.verifyElementPresent(WebUiBuiltInKeywords.groovy:1445)
	at com.kms.katalon.core.webui.keyword.WebUiBuiltInKeywords$verifyElementPresent$2.call(Unknown Source)
	at login.LoginForAdminDevEnvironment.login(LoginForAdminDevEnvironment.groovy:18)
	at login.LoginForAdminDevEnvironment$login.call(Unknown Source)
	at Login.login(Login.groovy:37)
	at Login.invokeMethod(Login.groovy)
	at com.kms.katalon.core.context.internal.TestHooker.invokeMethod(TestHooker.java:111)
	at com.kms.katalon.core.context.internal.TestHooker.lambda$3(TestHooker.java:95)
	at com.kms.katalon.core.context.internal.TestHooker.invokeContextMethods(TestHooker.java:94)
	at com.kms.katalon.core.context.internal.TestListenerCollector.lambda$3(TestListenerCollector.java:88)
	at com.kms.katalon.core.context.internal.TestListenerCollector.handleListenerEvent(TestListenerCollector.java:85)
	at com.kms.katalon.core.context.internal.ExecutionEventManager.publicEvent(ExecutionEventManager.java:36)
	at com.kms.katalon.core.main.TestCaseExecutor.execute(TestCaseExecutor.java:221)
	at com.kms.katalon.core.main.TestSuiteExecutor.accessTestCaseMainPhase(TestSuiteExecutor.java:191)
	at com.kms.katalon.core.main.TestSuiteExecutor.accessTestSuiteMainPhase(TestSuiteExecutor.java:141)
	at com.kms.katalon.core.main.TestSuiteExecutor.execute(TestSuiteExecutor.java:90)
	at com.kms.katalon.core.main.TestCaseMain.startTestSuite(TestCaseMain.java:157)
	at com.kms.katalon.core.main.TestCaseMain$startTestSuite$0.call(Unknown Source)
	at TempTestSuite1610561623229.run(TempTestSuite1610561623229.groovy:39)
)
[[ATTACHMENT|E:\\Modist\\ModistProject\\Reports\\20210113_131343\\AllTestCases\\20210113_131343\\1610561894530.png]]

2021-01-13 13:18:15 - [TEST_STEP][PASSED] - sourcename = pages.Assetsource.addAssetSource(): pages.Assetsource.addAssetSource is PASSED

2021-01-13 13:18:15 - [MESSAGE][PASSED] - Object 'Object Repository/AssetSource/Asset Source Tab' is present

2021-01-13 13:18:15 - [MESSAGE][PASSED] - Object 'Object Repository/AssetSource/Asset Source Tab' is visible

2021-01-13 13:18:16 - [MESSAGE][PASSED] - Object 'Object Repository/AssetSource/Asset Source Tab' is clickable

2021-01-13 13:18:16 - [MESSAGE][PASSED] - Object: 'Object Repository/AssetSource/Asset Source Tab' is clicked on

2021-01-13 13:18:17 - [MESSAGE][PASSED] - Object 'Object Repository/AssetSource/Add Asset Source Button' is present

2021-01-13 13:18:17 - [MESSAGE][PASSED] - Object 'Object Repository/AssetSource/Add Asset Source Button' is present

2021-01-13 13:18:17 - [MESSAGE][PASSED] - Object 'Object Repository/AssetSource/Add Asset Source Button' is visible

2021-01-13 13:18:18 - [MESSAGE][PASSED] - Object 'Object Repository/AssetSource/Add Asset Source Button' is clickable

2021-01-13 13:18:18 - [MESSAGE][PASSED] - Object: 'Object Repository/AssetSource/Add Asset Source Button' is clicked on

2021-01-13 13:18:18 - [MESSAGE][PASSED] - Wait for page load successfully

2021-01-13 13:18:19 - [MESSAGE][PASSED] - Object 'Object Repository/AssetSource/Source' is present

2021-01-13 13:18:19 - [MESSAGE][PASSED] - Object 'Object Repository/AssetSource/Source' is visible

2021-01-13 13:18:20 - [MESSAGE][PASSED] - Object 'Object Repository/AssetSource/Source' is clickable

2021-01-13 13:18:20 - [MESSAGE][PASSED] - Text of object 'Object Repository/AssetSource/Source' is cleared

2021-01-13 13:18:20 - [MESSAGE][PASSED] - Keys 'RandomAsset20' sent to object: 'Object Repository/AssetSource/Source'

2021-01-13 13:18:21 - [MESSAGE][PASSED] - Object 'Object Repository/AssetSource/Asset Source button on popup' is present

2021-01-13 13:18:21 - [MESSAGE][PASSED] - Object 'Object Repository/AssetSource/Asset Source button on popup' is visible

2021-01-13 13:18:21 - [MESSAGE][PASSED] - Object 'Object Repository/AssetSource/Asset Source button on popup' is clickable

2021-01-13 13:18:22 - [MESSAGE][PASSED] - Object: 'Object Repository/AssetSource/Asset Source button on popup' is clicked on

2021-01-13 13:18:22 - [MESSAGE][PASSED] - pages.Assetsource.addAssetSource is PASSED

2021-01-13 13:18:22 - [TEST_STEP][PASSED] - pages.Assetsource.verifyAssetSourceAdded(sourcename): pages.Assetsource.verifyAssetSourceAdded is PASSED

2021-01-13 13:18:22 - [MESSAGE][PASSED] - Object 'Object Repository/AssetSource/Search' is present

2021-01-13 13:18:22 - [MESSAGE][PASSED] - Object 'Object Repository/AssetSource/Search' is visible

2021-01-13 13:18:23 - [MESSAGE][PASSED] - Object 'Object Repository/AssetSource/Search' is clickable

2021-01-13 13:18:23 - [MESSAGE][PASSED] - Text of object 'Object Repository/AssetSource/Search' is cleared

2021-01-13 13:18:24 - [MESSAGE][PASSED] - Keys '' sent to object: 'Object Repository/AssetSource/Search'

2021-01-13 13:18:24 - [MESSAGE][PASSED] - Keys 'R' sent to object: 'Object Repository/AssetSource/Search'

2021-01-13 13:18:24 - [MESSAGE][PASSED] - Keys 'a' sent to object: 'Object Repository/AssetSource/Search'

2021-01-13 13:18:26 - [MESSAGE][PASSED] - Keys 'n' sent to object: 'Object Repository/AssetSource/Search'

2021-01-13 13:18:27 - [MESSAGE][PASSED] - Keys 'd' sent to object: 'Object Repository/AssetSource/Search'

2021-01-13 13:18:27 - [MESSAGE][PASSED] - Keys 'o' sent to object: 'Object Repository/AssetSource/Search'

2021-01-13 13:18:27 - [MESSAGE][PASSED] - Keys 'm' sent to object: 'Object Repository/AssetSource/Search'

2021-01-13 13:18:28 - [MESSAGE][PASSED] - Keys 'A' sent to object: 'Object Repository/AssetSource/Search'

2021-01-13 13:18:28 - [MESSAGE][PASSED] - Keys 's' sent to object: 'Object Repository/AssetSource/Search'

2021-01-13 13:18:29 - [MESSAGE][PASSED] - Keys 's' sent to object: 'Object Repository/AssetSource/Search'

2021-01-13 13:18:29 - [MESSAGE][PASSED] - Keys 'e' sent to object: 'Object Repository/AssetSource/Search'

2021-01-13 13:18:29 - [MESSAGE][PASSED] - Keys 't' sent to object: 'Object Repository/AssetSource/Search'

2021-01-13 13:18:30 - [MESSAGE][PASSED] - Keys '2' sent to object: 'Object Repository/AssetSource/Search'

2021-01-13 13:18:30 - [MESSAGE][PASSED] - Keys '0' sent to object: 'Object Repository/AssetSource/Search'

2021-01-13 13:18:32 - [MESSAGE][PASSED] - Object 'Object Repository/AssetSource/AssetSourceName' is present

2021-01-13 13:18:32 - [MESSAGE][PASSED] - pages.Assetsource.verifyAssetSourceAdded is PASSED

2021-01-13 13:18:32 - [TEST_STEP][PASSED] - println(sourcename): null]]></system-out>
         <system-err><![CDATA[]]></system-err>
      </testcase>
      <testcase name="Test Cases/Admin/AssetSource/Delete An AssetSource" time="32.352" classname="Test Cases/Admin/AssetSource/Delete An AssetSource" status="PASSED">
         <system-out><![CDATA[2021-01-13 13:18:32 - [TEST_CASE][PASSED] - Test Cases/Admin/AssetSource/Delete An AssetSource: Test Cases/Admin/AssetSource/Delete An AssetSource

2021-01-13 13:18:32 - [TEST_STEP][PASSED] - Start listener action : login: null

2021-01-13 13:18:32 - [TEST_STEP][PASSED] - Thread.sleep(3000): null

2021-01-13 13:18:35 - [TEST_STEP][PASSED] - url = getUrl(): Current window's url is: 'https://dev-admin.modist.co/dashboard'

2021-01-13 13:18:35 - [MESSAGE][PASSED] - Current window's url is: 'https://dev-admin.modist.co/dashboard'

2021-01-13 13:18:35 - [TEST_STEP][PASSED] - if (!(url.contains("dashboard"))): null

2021-01-13 13:18:35 - [TEST_STEP][PASSED] - sourcename = pages.Assetsource.addAssetSource(): pages.Assetsource.addAssetSource is PASSED

2021-01-13 13:18:35 - [MESSAGE][PASSED] - Object 'Object Repository/AssetSource/Asset Source Tab' is present

2021-01-13 13:18:36 - [MESSAGE][PASSED] - Object 'Object Repository/AssetSource/Asset Source Tab' is visible

2021-01-13 13:18:36 - [MESSAGE][PASSED] - Object 'Object Repository/AssetSource/Asset Source Tab' is clickable

2021-01-13 13:18:36 - [MESSAGE][PASSED] - Object: 'Object Repository/AssetSource/Asset Source Tab' is clicked on

2021-01-13 13:18:37 - [MESSAGE][PASSED] - Object 'Object Repository/AssetSource/Add Asset Source Button' is present

2021-01-13 13:18:37 - [MESSAGE][PASSED] - Object 'Object Repository/AssetSource/Add Asset Source Button' is present

2021-01-13 13:18:37 - [MESSAGE][PASSED] - Object 'Object Repository/AssetSource/Add Asset Source Button' is visible

2021-01-13 13:18:38 - [MESSAGE][PASSED] - Object 'Object Repository/AssetSource/Add Asset Source Button' is clickable

2021-01-13 13:18:38 - [MESSAGE][PASSED] - Object: 'Object Repository/AssetSource/Add Asset Source Button' is clicked on

2021-01-13 13:18:38 - [MESSAGE][PASSED] - Wait for page load successfully

2021-01-13 13:18:38 - [MESSAGE][PASSED] - Object 'Object Repository/AssetSource/Source' is present

2021-01-13 13:18:39 - [MESSAGE][PASSED] - Object 'Object Repository/AssetSource/Source' is visible

2021-01-13 13:18:39 - [MESSAGE][PASSED] - Object 'Object Repository/AssetSource/Source' is clickable

2021-01-13 13:18:40 - [MESSAGE][PASSED] - Text of object 'Object Repository/AssetSource/Source' is cleared

2021-01-13 13:18:40 - [MESSAGE][PASSED] - Keys 'RandomAsset357' sent to object: 'Object Repository/AssetSource/Source'

2021-01-13 13:18:40 - [MESSAGE][PASSED] - Object 'Object Repository/AssetSource/Asset Source button on popup' is present

2021-01-13 13:18:41 - [MESSAGE][PASSED] - Object 'Object Repository/AssetSource/Asset Source button on popup' is visible

2021-01-13 13:18:41 - [MESSAGE][PASSED] - Object 'Object Repository/AssetSource/Asset Source button on popup' is clickable

2021-01-13 13:18:41 - [MESSAGE][PASSED] - Object: 'Object Repository/AssetSource/Asset Source button on popup' is clicked on

2021-01-13 13:18:41 - [MESSAGE][PASSED] - pages.Assetsource.addAssetSource is PASSED

2021-01-13 13:18:41 - [TEST_STEP][PASSED] - println(sourcename): null

2021-01-13 13:18:41 - [TEST_STEP][PASSED] - pages.Assetsource.deleteAnAssetSource(sourcename): pages.Assetsource.deleteAnAssetSource is PASSED

2021-01-13 13:18:42 - [MESSAGE][PASSED] - Object 'Object Repository/AssetSource/Search' is present

2021-01-13 13:18:42 - [MESSAGE][PASSED] - Object 'Object Repository/AssetSource/Search' is visible

2021-01-13 13:18:43 - [MESSAGE][PASSED] - Object 'Object Repository/AssetSource/Search' is clickable

2021-01-13 13:18:43 - [MESSAGE][PASSED] - Text of object 'Object Repository/AssetSource/Search' is cleared

2021-01-13 13:18:43 - [MESSAGE][PASSED] - Keys '' sent to object: 'Object Repository/AssetSource/Search'

2021-01-13 13:18:44 - [MESSAGE][PASSED] - Keys 'R' sent to object: 'Object Repository/AssetSource/Search'

2021-01-13 13:18:44 - [MESSAGE][PASSED] - Keys 'a' sent to object: 'Object Repository/AssetSource/Search'

2021-01-13 13:18:44 - [MESSAGE][PASSED] - Keys 'n' sent to object: 'Object Repository/AssetSource/Search'

2021-01-13 13:18:46 - [MESSAGE][PASSED] - Keys 'd' sent to object: 'Object Repository/AssetSource/Search'

2021-01-13 13:18:46 - [MESSAGE][PASSED] - Keys 'o' sent to object: 'Object Repository/AssetSource/Search'

2021-01-13 13:18:47 - [MESSAGE][PASSED] - Keys 'm' sent to object: 'Object Repository/AssetSource/Search'

2021-01-13 13:18:47 - [MESSAGE][PASSED] - Keys 'A' sent to object: 'Object Repository/AssetSource/Search'

2021-01-13 13:18:47 - [MESSAGE][PASSED] - Keys 's' sent to object: 'Object Repository/AssetSource/Search'

2021-01-13 13:18:48 - [MESSAGE][PASSED] - Keys 's' sent to object: 'Object Repository/AssetSource/Search'

2021-01-13 13:18:48 - [MESSAGE][PASSED] - Keys 'e' sent to object: 'Object Repository/AssetSource/Search'

2021-01-13 13:18:48 - [MESSAGE][PASSED] - Keys 't' sent to object: 'Object Repository/AssetSource/Search'

2021-01-13 13:18:49 - [MESSAGE][PASSED] - Keys '3' sent to object: 'Object Repository/AssetSource/Search'

2021-01-13 13:18:49 - [MESSAGE][PASSED] - Keys '5' sent to object: 'Object Repository/AssetSource/Search'

2021-01-13 13:18:50 - [MESSAGE][PASSED] - Keys '7' sent to object: 'Object Repository/AssetSource/Search'

2021-01-13 13:18:51 - [MESSAGE][PASSED] - Scroll to object 'Object Repository/AssetSource/AssetSourceName' successfully

2021-01-13 13:18:51 - [MESSAGE][PASSED] - Object 'Object Repository/AssetSource/AssetSourceName' is present

2021-01-13 13:18:52 - [MESSAGE][PASSED] - Object 'Object Repository/AssetSource/AssetSourceName' is visible

2021-01-13 13:18:52 - [MESSAGE][PASSED] - Object 'Object Repository/AssetSource/AssetSourceName' is clickable

2021-01-13 13:18:53 - [MESSAGE][PASSED] - Object: 'Object Repository/AssetSource/AssetSourceName' is clicked on

2021-01-13 13:18:53 - [MESSAGE][PASSED] - Object 'Object Repository/AssetSource/AssetSourceEdit(save button)' is present

2021-01-13 13:18:54 - [MESSAGE][PASSED] - Object 'Object Repository/AssetSource/Delete Button' is present

2021-01-13 13:18:54 - [MESSAGE][PASSED] - Object 'Object Repository/AssetSource/Delete Button' is visible

2021-01-13 13:18:55 - [MESSAGE][PASSED] - Object 'Object Repository/AssetSource/Delete Button' is clickable

2021-01-13 13:18:55 - [MESSAGE][PASSED] - Object: 'Object Repository/AssetSource/Delete Button' is clicked on

2021-01-13 13:18:55 - [MESSAGE][PASSED] - pages.Assetsource.deleteAnAssetSource is PASSED

2021-01-13 13:18:55 - [TEST_STEP][PASSED] - pages.Assetsource.verifyAssetSourceDeleted(sourcename): pages.Assetsource.verifyAssetSourceDeleted is PASSED

2021-01-13 13:18:56 - [MESSAGE][PASSED] - Object 'Object Repository/AssetSource/Search' is present

2021-01-13 13:18:56 - [MESSAGE][PASSED] - Object 'Object Repository/AssetSource/Search' is visible

2021-01-13 13:18:57 - [MESSAGE][PASSED] - Object 'Object Repository/AssetSource/Search' is clickable

2021-01-13 13:18:57 - [MESSAGE][PASSED] - Text of object 'Object Repository/AssetSource/Search' is cleared

2021-01-13 13:18:57 - [MESSAGE][PASSED] - Keys '' sent to object: 'Object Repository/AssetSource/Search'

2021-01-13 13:18:58 - [MESSAGE][PASSED] - Keys 'R' sent to object: 'Object Repository/AssetSource/Search'

2021-01-13 13:18:58 - [MESSAGE][PASSED] - Keys 'a' sent to object: 'Object Repository/AssetSource/Search'

2021-01-13 13:18:59 - [MESSAGE][PASSED] - Keys 'n' sent to object: 'Object Repository/AssetSource/Search'

2021-01-13 13:19:00 - [MESSAGE][PASSED] - Keys 'd' sent to object: 'Object Repository/AssetSource/Search'

2021-01-13 13:19:00 - [MESSAGE][PASSED] - Keys 'o' sent to object: 'Object Repository/AssetSource/Search'

2021-01-13 13:19:00 - [MESSAGE][PASSED] - Keys 'm' sent to object: 'Object Repository/AssetSource/Search'

2021-01-13 13:19:01 - [MESSAGE][PASSED] - Keys 'A' sent to object: 'Object Repository/AssetSource/Search'

2021-01-13 13:19:01 - [MESSAGE][PASSED] - Keys 's' sent to object: 'Object Repository/AssetSource/Search'

2021-01-13 13:19:01 - [MESSAGE][PASSED] - Keys 's' sent to object: 'Object Repository/AssetSource/Search'

2021-01-13 13:19:02 - [MESSAGE][PASSED] - Keys 'e' sent to object: 'Object Repository/AssetSource/Search'

2021-01-13 13:19:02 - [MESSAGE][PASSED] - Keys 't' sent to object: 'Object Repository/AssetSource/Search'

2021-01-13 13:19:03 - [MESSAGE][PASSED] - Keys '3' sent to object: 'Object Repository/AssetSource/Search'

2021-01-13 13:19:03 - [MESSAGE][PASSED] - Keys '5' sent to object: 'Object Repository/AssetSource/Search'

2021-01-13 13:19:04 - [MESSAGE][PASSED] - Keys '7' sent to object: 'Object Repository/AssetSource/Search'

2021-01-13 13:19:04 - [MESSAGE][PASSED] - Web element with id: 'Object Repository/AssetSource/AssetSourceName' located by 'By.xpath: //div[text()='RandomAsset357']' is not present after '30' second(s)

2021-01-13 13:19:04 - [MESSAGE][PASSED] - pages.Assetsource.verifyAssetSourceDeleted is PASSED]]></system-out>
         <system-err><![CDATA[]]></system-err>
      </testcase>
      <testcase name="Test Cases/Admin/AssetSource/Edit An AssetSource" time="26.498" classname="Test Cases/Admin/AssetSource/Edit An AssetSource" status="PASSED">
         <system-out><![CDATA[2021-01-13 13:19:04 - [TEST_CASE][PASSED] - Test Cases/Admin/AssetSource/Edit An AssetSource: Test Cases/Admin/AssetSource/Edit An AssetSource

2021-01-13 13:19:04 - [TEST_STEP][PASSED] - Start listener action : login: null

2021-01-13 13:19:04 - [TEST_STEP][PASSED] - Thread.sleep(3000): null

2021-01-13 13:19:07 - [TEST_STEP][PASSED] - url = getUrl(): Current window's url is: 'https://dev-admin.modist.co/dashboard'

2021-01-13 13:19:07 - [MESSAGE][PASSED] - Current window's url is: 'https://dev-admin.modist.co/dashboard'

2021-01-13 13:19:07 - [TEST_STEP][PASSED] - if (!(url.contains("dashboard"))): null

2021-01-13 13:19:07 - [TEST_STEP][PASSED] - sourcename = pages.Assetsource.addAssetSource(): pages.Assetsource.addAssetSource is PASSED

2021-01-13 13:19:08 - [MESSAGE][PASSED] - Object 'Object Repository/AssetSource/Asset Source Tab' is present

2021-01-13 13:19:08 - [MESSAGE][PASSED] - Object 'Object Repository/AssetSource/Asset Source Tab' is visible

2021-01-13 13:19:08 - [MESSAGE][PASSED] - Object 'Object Repository/AssetSource/Asset Source Tab' is clickable

2021-01-13 13:19:09 - [MESSAGE][PASSED] - Object: 'Object Repository/AssetSource/Asset Source Tab' is clicked on

2021-01-13 13:19:09 - [MESSAGE][PASSED] - Object 'Object Repository/AssetSource/Add Asset Source Button' is present

2021-01-13 13:19:09 - [MESSAGE][PASSED] - Object 'Object Repository/AssetSource/Add Asset Source Button' is present

2021-01-13 13:19:10 - [MESSAGE][PASSED] - Object 'Object Repository/AssetSource/Add Asset Source Button' is visible

2021-01-13 13:19:10 - [MESSAGE][PASSED] - Object 'Object Repository/AssetSource/Add Asset Source Button' is clickable

2021-01-13 13:19:10 - [MESSAGE][PASSED] - Object: 'Object Repository/AssetSource/Add Asset Source Button' is clicked on

2021-01-13 13:19:10 - [MESSAGE][PASSED] - Wait for page load successfully

2021-01-13 13:19:11 - [MESSAGE][PASSED] - Object 'Object Repository/AssetSource/Source' is present

2021-01-13 13:19:11 - [MESSAGE][PASSED] - Object 'Object Repository/AssetSource/Source' is visible

2021-01-13 13:19:12 - [MESSAGE][PASSED] - Object 'Object Repository/AssetSource/Source' is clickable

2021-01-13 13:19:12 - [MESSAGE][PASSED] - Text of object 'Object Repository/AssetSource/Source' is cleared

2021-01-13 13:19:12 - [MESSAGE][PASSED] - Keys 'RandomAsset872' sent to object: 'Object Repository/AssetSource/Source'

2021-01-13 13:19:13 - [MESSAGE][PASSED] - Object 'Object Repository/AssetSource/Asset Source button on popup' is present

2021-01-13 13:19:13 - [MESSAGE][PASSED] - Object 'Object Repository/AssetSource/Asset Source button on popup' is visible

2021-01-13 13:19:13 - [MESSAGE][PASSED] - Object 'Object Repository/AssetSource/Asset Source button on popup' is clickable

2021-01-13 13:19:14 - [MESSAGE][PASSED] - Object: 'Object Repository/AssetSource/Asset Source button on popup' is clicked on

2021-01-13 13:19:14 - [MESSAGE][PASSED] - pages.Assetsource.addAssetSource is PASSED

2021-01-13 13:19:14 - [TEST_STEP][PASSED] - println(sourcename): null

2021-01-13 13:19:14 - [TEST_STEP][PASSED] - pages.Assetsource.editAnAssetSource(sourcename): pages.Assetsource.editAnAssetSource is PASSED

2021-01-13 13:19:14 - [MESSAGE][PASSED] - Object 'Object Repository/AssetSource/Search' is present

2021-01-13 13:19:15 - [MESSAGE][PASSED] - Object 'Object Repository/AssetSource/Search' is visible

2021-01-13 13:19:15 - [MESSAGE][PASSED] - Object 'Object Repository/AssetSource/Search' is clickable

2021-01-13 13:19:16 - [MESSAGE][PASSED] - Text of object 'Object Repository/AssetSource/Search' is cleared

2021-01-13 13:19:16 - [MESSAGE][PASSED] - Keys '' sent to object: 'Object Repository/AssetSource/Search'

2021-01-13 13:19:16 - [MESSAGE][PASSED] - Keys 'R' sent to object: 'Object Repository/AssetSource/Search'

2021-01-13 13:19:17 - [MESSAGE][PASSED] - Keys 'a' sent to object: 'Object Repository/AssetSource/Search'

2021-01-13 13:19:17 - [MESSAGE][PASSED] - Keys 'n' sent to object: 'Object Repository/AssetSource/Search'

2021-01-13 13:19:18 - [MESSAGE][PASSED] - Keys 'd' sent to object: 'Object Repository/AssetSource/Search'

2021-01-13 13:19:19 - [MESSAGE][PASSED] - Keys 'o' sent to object: 'Object Repository/AssetSource/Search'

2021-01-13 13:19:19 - [MESSAGE][PASSED] - Keys 'm' sent to object: 'Object Repository/AssetSource/Search'

2021-01-13 13:19:19 - [MESSAGE][PASSED] - Keys 'A' sent to object: 'Object Repository/AssetSource/Search'

2021-01-13 13:19:20 - [MESSAGE][PASSED] - Keys 's' sent to object: 'Object Repository/AssetSource/Search'

2021-01-13 13:19:20 - [MESSAGE][PASSED] - Keys 's' sent to object: 'Object Repository/AssetSource/Search'

2021-01-13 13:19:21 - [MESSAGE][PASSED] - Keys 'e' sent to object: 'Object Repository/AssetSource/Search'

2021-01-13 13:19:21 - [MESSAGE][PASSED] - Keys 't' sent to object: 'Object Repository/AssetSource/Search'

2021-01-13 13:19:21 - [MESSAGE][PASSED] - Keys '8' sent to object: 'Object Repository/AssetSource/Search'

2021-01-13 13:19:22 - [MESSAGE][PASSED] - Keys '7' sent to object: 'Object Repository/AssetSource/Search'

2021-01-13 13:19:23 - [MESSAGE][PASSED] - Keys '2' sent to object: 'Object Repository/AssetSource/Search'

2021-01-13 13:19:23 - [MESSAGE][PASSED] - Scroll to object 'Object Repository/AssetSource/AssetSourceName' successfully

2021-01-13 13:19:24 - [MESSAGE][PASSED] - Object 'Object Repository/AssetSource/AssetSourceName' is present

2021-01-13 13:19:24 - [MESSAGE][PASSED] - Object 'Object Repository/AssetSource/AssetSourceName' is visible

2021-01-13 13:19:24 - [MESSAGE][PASSED] - Object 'Object Repository/AssetSource/AssetSourceName' is clickable

2021-01-13 13:19:25 - [MESSAGE][PASSED] - Object: 'Object Repository/AssetSource/AssetSourceName' is clicked on

2021-01-13 13:19:25 - [MESSAGE][PASSED] - Object 'Object Repository/AssetSource/AssetSourceEdit(save button)' is present

2021-01-13 13:19:26 - [MESSAGE][PASSED] - Text of object 'Object Repository/AssetSource/AssetSourceEdit(Source)' is cleared

2021-01-13 13:19:26 - [MESSAGE][PASSED] - Object 'Object Repository/AssetSource/AssetSourceEdit(Source)' is present

2021-01-13 13:19:27 - [MESSAGE][PASSED] - Object 'Object Repository/AssetSource/AssetSourceEdit(Source)' is visible

2021-01-13 13:19:27 - [MESSAGE][PASSED] - Object 'Object Repository/AssetSource/AssetSourceEdit(Source)' is clickable

2021-01-13 13:19:27 - [MESSAGE][PASSED] - Text of object 'Object Repository/AssetSource/AssetSourceEdit(Source)' is cleared

2021-01-13 13:19:28 - [MESSAGE][PASSED] - Keys 'editedsourcesname9' sent to object: 'Object Repository/AssetSource/AssetSourceEdit(Source)'

2021-01-13 13:19:28 - [MESSAGE][PASSED] - Object 'Object Repository/AssetSource/AssetSourceEdit(save button)' is present

2021-01-13 13:19:28 - [MESSAGE][PASSED] - Object 'Object Repository/AssetSource/AssetSourceEdit(save button)' is visible

2021-01-13 13:19:29 - [MESSAGE][PASSED] - Object 'Object Repository/AssetSource/AssetSourceEdit(save button)' is clickable

2021-01-13 13:19:29 - [MESSAGE][PASSED] - Object: 'Object Repository/AssetSource/AssetSourceEdit(save button)' is clicked on

2021-01-13 13:19:29 - [MESSAGE][PASSED] - Object 'Object Repository/AssetSource/Close Button' is present

2021-01-13 13:19:30 - [MESSAGE][PASSED] - Object 'Object Repository/AssetSource/Close Button' is visible

2021-01-13 13:19:30 - [MESSAGE][PASSED] - Object 'Object Repository/AssetSource/Close Button' is clickable

2021-01-13 13:19:31 - [MESSAGE][PASSED] - Object: 'Object Repository/AssetSource/Close Button' is clicked on

2021-01-13 13:19:31 - [MESSAGE][PASSED] - pages.Assetsource.editAnAssetSource is PASSED]]></system-out>
         <system-err><![CDATA[]]></system-err>
      </testcase>
      <testcase name="Test Cases/Admin/AssetSource/Verify Asset Source tab by clicking it" time="4.815" classname="Test Cases/Admin/AssetSource/Verify Asset Source tab by clicking it" status="PASSED">
         <system-out><![CDATA[2021-01-13 13:19:31 - [TEST_CASE][PASSED] - Test Cases/Admin/AssetSource/Verify Asset Source tab by clicking it: Test Cases/Admin/AssetSource/Verify Asset Source tab by clicking it

2021-01-13 13:19:31 - [TEST_STEP][PASSED] - Start listener action : login: null

2021-01-13 13:19:31 - [TEST_STEP][PASSED] - Thread.sleep(3000): null

2021-01-13 13:19:34 - [TEST_STEP][PASSED] - url = getUrl(): Current window's url is: 'https://dev-admin.modist.co/dashboard'

2021-01-13 13:19:34 - [MESSAGE][PASSED] - Current window's url is: 'https://dev-admin.modist.co/dashboard'

2021-01-13 13:19:34 - [TEST_STEP][PASSED] - if (!(url.contains("dashboard"))): null

2021-01-13 13:19:34 - [TEST_STEP][PASSED] - pages.Assetsource.navigateToAssetSourceDetailsTab(): pages.Assetsource.navigateToAssetSourceDetailsTab is PASSED

2021-01-13 13:19:34 - [MESSAGE][PASSED] - Object 'Object Repository/AssetSource/Asset Source Tab' is present

2021-01-13 13:19:35 - [MESSAGE][PASSED] - Object 'Object Repository/AssetSource/Asset Source Tab' is visible

2021-01-13 13:19:35 - [MESSAGE][PASSED] - Object 'Object Repository/AssetSource/Asset Source Tab' is clickable

2021-01-13 13:19:35 - [MESSAGE][PASSED] - Object: 'Object Repository/AssetSource/Asset Source Tab' is clicked on

2021-01-13 13:19:35 - [MESSAGE][PASSED] - Object 'Object Repository/AssetSource/Add Asset Source Button' is present

2021-01-13 13:19:35 - [MESSAGE][PASSED] - pages.Assetsource.navigateToAssetSourceDetailsTab is PASSED]]></system-out>
         <system-err><![CDATA[]]></system-err>
      </testcase>
      <testcase name="Test Cases/Admin/AssetSource/Verify by clicking on any asset source in the Asset source tab details page" time="21.385" classname="Test Cases/Admin/AssetSource/Verify by clicking on any asset source in the Asset source tab details page" status="PASSED">
         <system-out><![CDATA[2021-01-13 13:19:35 - [TEST_CASE][PASSED] - Test Cases/Admin/AssetSource/Verify by clicking on any asset source in the Asset source tab details page: Test Cases/Admin/AssetSource/Verify by clicking on any asset source in the Asset source tab details page

2021-01-13 13:19:36 - [TEST_STEP][PASSED] - Start listener action : login: null

2021-01-13 13:19:36 - [TEST_STEP][PASSED] - Thread.sleep(3000): null

2021-01-13 13:19:39 - [TEST_STEP][PASSED] - url = getUrl(): Current window's url is: 'https://dev-admin.modist.co/dashboard'

2021-01-13 13:19:39 - [MESSAGE][PASSED] - Current window's url is: 'https://dev-admin.modist.co/dashboard'

2021-01-13 13:19:39 - [TEST_STEP][PASSED] - if (!(url.contains("dashboard"))): null

2021-01-13 13:19:39 - [TEST_STEP][PASSED] - sourcename = pages.Assetsource.addAssetSource(): pages.Assetsource.addAssetSource is PASSED

2021-01-13 13:19:39 - [MESSAGE][PASSED] - Object 'Object Repository/AssetSource/Asset Source Tab' is present

2021-01-13 13:19:39 - [MESSAGE][PASSED] - Object 'Object Repository/AssetSource/Asset Source Tab' is visible

2021-01-13 13:19:40 - [MESSAGE][PASSED] - Object 'Object Repository/AssetSource/Asset Source Tab' is clickable

2021-01-13 13:19:40 - [MESSAGE][PASSED] - Object: 'Object Repository/AssetSource/Asset Source Tab' is clicked on

2021-01-13 13:19:40 - [MESSAGE][PASSED] - Object 'Object Repository/AssetSource/Add Asset Source Button' is present

2021-01-13 13:19:41 - [MESSAGE][PASSED] - Object 'Object Repository/AssetSource/Add Asset Source Button' is present

2021-01-13 13:19:41 - [MESSAGE][PASSED] - Object 'Object Repository/AssetSource/Add Asset Source Button' is visible

2021-01-13 13:19:41 - [MESSAGE][PASSED] - Object 'Object Repository/AssetSource/Add Asset Source Button' is clickable

2021-01-13 13:19:42 - [MESSAGE][PASSED] - Object: 'Object Repository/AssetSource/Add Asset Source Button' is clicked on

2021-01-13 13:19:42 - [MESSAGE][PASSED] - Wait for page load successfully

2021-01-13 13:19:42 - [MESSAGE][PASSED] - Object 'Object Repository/AssetSource/Source' is present

2021-01-13 13:19:42 - [MESSAGE][PASSED] - Object 'Object Repository/AssetSource/Source' is visible

2021-01-13 13:19:43 - [MESSAGE][PASSED] - Object 'Object Repository/AssetSource/Source' is clickable

2021-01-13 13:19:43 - [MESSAGE][PASSED] - Text of object 'Object Repository/AssetSource/Source' is cleared

2021-01-13 13:19:43 - [MESSAGE][PASSED] - Keys 'RandomAsset152' sent to object: 'Object Repository/AssetSource/Source'

2021-01-13 13:19:44 - [MESSAGE][PASSED] - Object 'Object Repository/AssetSource/Asset Source button on popup' is present

2021-01-13 13:19:44 - [MESSAGE][PASSED] - Object 'Object Repository/AssetSource/Asset Source button on popup' is visible

2021-01-13 13:19:44 - [MESSAGE][PASSED] - Object 'Object Repository/AssetSource/Asset Source button on popup' is clickable

2021-01-13 13:19:45 - [MESSAGE][PASSED] - Object: 'Object Repository/AssetSource/Asset Source button on popup' is clicked on

2021-01-13 13:19:45 - [MESSAGE][PASSED] - pages.Assetsource.addAssetSource is PASSED

2021-01-13 13:19:45 - [TEST_STEP][PASSED] - println(sourcename): null

2021-01-13 13:19:45 - [TEST_STEP][PASSED] - pages.Assetsource.openAnyExistingAssetSource(sourcename): pages.Assetsource.openAnyExistingAssetSource is PASSED

2021-01-13 13:19:45 - [MESSAGE][PASSED] - Object 'Object Repository/AssetSource/Search' is present

2021-01-13 13:19:46 - [MESSAGE][PASSED] - Object 'Object Repository/AssetSource/Search' is visible

2021-01-13 13:19:46 - [MESSAGE][PASSED] - Object 'Object Repository/AssetSource/Search' is clickable

2021-01-13 13:19:47 - [MESSAGE][PASSED] - Text of object 'Object Repository/AssetSource/Search' is cleared

2021-01-13 13:19:47 - [MESSAGE][PASSED] - Keys '' sent to object: 'Object Repository/AssetSource/Search'

2021-01-13 13:19:47 - [MESSAGE][PASSED] - Keys 'R' sent to object: 'Object Repository/AssetSource/Search'

2021-01-13 13:19:48 - [MESSAGE][PASSED] - Keys 'a' sent to object: 'Object Repository/AssetSource/Search'

2021-01-13 13:19:48 - [MESSAGE][PASSED] - Keys 'n' sent to object: 'Object Repository/AssetSource/Search'

2021-01-13 13:19:49 - [MESSAGE][PASSED] - Keys 'd' sent to object: 'Object Repository/AssetSource/Search'

2021-01-13 13:19:49 - [MESSAGE][PASSED] - Keys 'o' sent to object: 'Object Repository/AssetSource/Search'

2021-01-13 13:19:50 - [MESSAGE][PASSED] - Keys 'm' sent to object: 'Object Repository/AssetSource/Search'

2021-01-13 13:19:50 - [MESSAGE][PASSED] - Keys 'A' sent to object: 'Object Repository/AssetSource/Search'

2021-01-13 13:19:51 - [MESSAGE][PASSED] - Keys 's' sent to object: 'Object Repository/AssetSource/Search'

2021-01-13 13:19:51 - [MESSAGE][PASSED] - Keys 's' sent to object: 'Object Repository/AssetSource/Search'

2021-01-13 13:19:51 - [MESSAGE][PASSED] - Keys 'e' sent to object: 'Object Repository/AssetSource/Search'

2021-01-13 13:19:52 - [MESSAGE][PASSED] - Keys 't' sent to object: 'Object Repository/AssetSource/Search'

2021-01-13 13:19:52 - [MESSAGE][PASSED] - Keys '1' sent to object: 'Object Repository/AssetSource/Search'

2021-01-13 13:19:52 - [MESSAGE][PASSED] - Keys '5' sent to object: 'Object Repository/AssetSource/Search'

2021-01-13 13:19:54 - [MESSAGE][PASSED] - Keys '2' sent to object: 'Object Repository/AssetSource/Search'

2021-01-13 13:19:54 - [MESSAGE][PASSED] - Scroll to object 'Object Repository/AssetSource/AssetSourceName' successfully

2021-01-13 13:19:54 - [MESSAGE][PASSED] - Object 'Object Repository/AssetSource/AssetSourceName' is present

2021-01-13 13:19:55 - [MESSAGE][PASSED] - Object 'Object Repository/AssetSource/AssetSourceName' is visible

2021-01-13 13:19:56 - [MESSAGE][PASSED] - Object 'Object Repository/AssetSource/AssetSourceName' is clickable

2021-01-13 13:19:56 - [MESSAGE][PASSED] - Object: 'Object Repository/AssetSource/AssetSourceName' is clicked on

2021-01-13 13:19:57 - [MESSAGE][PASSED] - Object 'Object Repository/AssetSource/AssetSourceEdit(save button)' is present

2021-01-13 13:19:57 - [MESSAGE][PASSED] - pages.Assetsource.openAnyExistingAssetSource is PASSED]]></system-out>
         <system-err><![CDATA[]]></system-err>
      </testcase>
      <testcase name="Test Cases/Admin/AssetSource/Verify Cancel button functionality in the Add Asset Source popup" time="14.474" classname="Test Cases/Admin/AssetSource/Verify Cancel button functionality in the Add Asset Source popup" status="PASSED">
         <system-out><![CDATA[2021-01-13 13:19:57 - [TEST_CASE][PASSED] - Test Cases/Admin/AssetSource/Verify Cancel button functionality in the Add Asset Source popup: Test Cases/Admin/AssetSource/Verify Cancel button functionality in the Add Asset Source popup

2021-01-13 13:19:57 - [TEST_STEP][PASSED] - Start listener action : login: com.kms.katalon.core.webui.exception.WebElementNotFoundException: Web element with id: 'Object Repository/Login Credentials/Email' located by '//input[@name='email']' not found (Root cause: com.kms.katalon.core.exception.StepFailedException: com.kms.katalon.core.webui.exception.WebElementNotFoundException: Web element with id: 'Object Repository/Login Credentials/Email' located by '//input[@name='email']' not found
	at com.kms.katalon.core.webui.keyword.internal.WebUIKeywordMain.stepFailed(WebUIKeywordMain.groovy:64)
	at com.kms.katalon.core.webui.keyword.builtin.VerifyElementPresentKeyword$_verifyElementPresent_closure1.doCall(VerifyElementPresentKeyword.groovy:85)
	at com.kms.katalon.core.webui.keyword.builtin.VerifyElementPresentKeyword$_verifyElementPresent_closure1.call(VerifyElementPresentKeyword.groovy)
	at com.kms.katalon.core.webui.keyword.internal.WebUIKeywordMain.runKeyword(WebUIKeywordMain.groovy:20)
	at com.kms.katalon.core.webui.keyword.builtin.VerifyElementPresentKeyword.verifyElementPresent(VerifyElementPresentKeyword.groovy:92)
	at com.kms.katalon.core.webui.keyword.builtin.VerifyElementPresentKeyword.execute(VerifyElementPresentKeyword.groovy:68)
	at com.kms.katalon.core.keyword.internal.KeywordExecutor.executeKeywordForPlatform(KeywordExecutor.groovy:73)
	at com.kms.katalon.core.webui.keyword.WebUiBuiltInKeywords.verifyElementPresent(WebUiBuiltInKeywords.groovy:1445)
	at com.kms.katalon.core.webui.keyword.WebUiBuiltInKeywords$verifyElementPresent$2.call(Unknown Source)
	at login.LoginForAdminDevEnvironment.login(LoginForAdminDevEnvironment.groovy:18)
	at login.LoginForAdminDevEnvironment$login.call(Unknown Source)
	at Login.login(Login.groovy:37)
	at Login.invokeMethod(Login.groovy)
	at com.kms.katalon.core.context.internal.TestHooker.invokeMethod(TestHooker.java:111)
	at com.kms.katalon.core.context.internal.TestHooker.lambda$3(TestHooker.java:95)
	at com.kms.katalon.core.context.internal.TestHooker.invokeContextMethods(TestHooker.java:94)
	at com.kms.katalon.core.context.internal.TestListenerCollector.lambda$3(TestListenerCollector.java:88)
	at com.kms.katalon.core.context.internal.TestListenerCollector.handleListenerEvent(TestListenerCollector.java:85)
	at com.kms.katalon.core.context.internal.ExecutionEventManager.publicEvent(ExecutionEventManager.java:36)
	at com.kms.katalon.core.main.TestCaseExecutor.execute(TestCaseExecutor.java:221)
	at com.kms.katalon.core.main.TestSuiteExecutor.accessTestCaseMainPhase(TestSuiteExecutor.java:191)
	at com.kms.katalon.core.main.TestSuiteExecutor.accessTestSuiteMainPhase(TestSuiteExecutor.java:141)
	at com.kms.katalon.core.main.TestSuiteExecutor.execute(TestSuiteExecutor.java:90)
	at com.kms.katalon.core.main.TestCaseMain.startTestSuite(TestCaseMain.java:157)
	at com.kms.katalon.core.main.TestCaseMain$startTestSuite$0.call(Unknown Source)
	at TempTestSuite1610561623229.run(TempTestSuite1610561623229.groovy:39)
)

2021-01-13 13:19:57 - [TEST_STEP][PASSED] - Thread.sleep(3000): null

2021-01-13 13:20:00 - [TEST_STEP][PASSED] - url = getUrl(): Current window's url is: 'https://dev-admin.modist.co/asset-source/214'

2021-01-13 13:20:00 - [MESSAGE][PASSED] - Current window's url is: 'https://dev-admin.modist.co/asset-source/214'

2021-01-13 13:20:00 - [TEST_STEP][PASSED] - if (!(url.contains("dashboard"))): com.kms.katalon.core.webui.exception.WebElementNotFoundException: Web element with id: 'Object Repository/Login Credentials/Email' located by '//input[@name='email']' not found (Root cause: com.kms.katalon.core.exception.StepFailedException: com.kms.katalon.core.webui.exception.WebElementNotFoundException: Web element with id: 'Object Repository/Login Credentials/Email' located by '//input[@name='email']' not found
	at com.kms.katalon.core.webui.keyword.internal.WebUIKeywordMain.stepFailed(WebUIKeywordMain.groovy:64)
	at com.kms.katalon.core.webui.keyword.builtin.VerifyElementPresentKeyword$_verifyElementPresent_closure1.doCall(VerifyElementPresentKeyword.groovy:85)
	at com.kms.katalon.core.webui.keyword.builtin.VerifyElementPresentKeyword$_verifyElementPresent_closure1.call(VerifyElementPresentKeyword.groovy)
	at com.kms.katalon.core.webui.keyword.internal.WebUIKeywordMain.runKeyword(WebUIKeywordMain.groovy:20)
	at com.kms.katalon.core.webui.keyword.builtin.VerifyElementPresentKeyword.verifyElementPresent(VerifyElementPresentKeyword.groovy:92)
	at com.kms.katalon.core.webui.keyword.builtin.VerifyElementPresentKeyword.execute(VerifyElementPresentKeyword.groovy:68)
	at com.kms.katalon.core.keyword.internal.KeywordExecutor.executeKeywordForPlatform(KeywordExecutor.groovy:73)
	at com.kms.katalon.core.webui.keyword.WebUiBuiltInKeywords.verifyElementPresent(WebUiBuiltInKeywords.groovy:1445)
	at com.kms.katalon.core.webui.keyword.WebUiBuiltInKeywords$verifyElementPresent$2.call(Unknown Source)
	at login.LoginForAdminDevEnvironment.login(LoginForAdminDevEnvironment.groovy:18)
	at login.LoginForAdminDevEnvironment$login.call(Unknown Source)
	at Login.login(Login.groovy:37)
	at Login.invokeMethod(Login.groovy)
	at com.kms.katalon.core.context.internal.TestHooker.invokeMethod(TestHooker.java:111)
	at com.kms.katalon.core.context.internal.TestHooker.lambda$3(TestHooker.java:95)
	at com.kms.katalon.core.context.internal.TestHooker.invokeContextMethods(TestHooker.java:94)
	at com.kms.katalon.core.context.internal.TestListenerCollector.lambda$3(TestListenerCollector.java:88)
	at com.kms.katalon.core.context.internal.TestListenerCollector.handleListenerEvent(TestListenerCollector.java:85)
	at com.kms.katalon.core.context.internal.ExecutionEventManager.publicEvent(ExecutionEventManager.java:36)
	at com.kms.katalon.core.main.TestCaseExecutor.execute(TestCaseExecutor.java:221)
	at com.kms.katalon.core.main.TestSuiteExecutor.accessTestCaseMainPhase(TestSuiteExecutor.java:191)
	at com.kms.katalon.core.main.TestSuiteExecutor.accessTestSuiteMainPhase(TestSuiteExecutor.java:141)
	at com.kms.katalon.core.main.TestSuiteExecutor.execute(TestSuiteExecutor.java:90)
	at com.kms.katalon.core.main.TestCaseMain.startTestSuite(TestCaseMain.java:157)
	at com.kms.katalon.core.main.TestCaseMain$startTestSuite$0.call(Unknown Source)
	at TempTestSuite1610561623229.run(TempTestSuite1610561623229.groovy:39)
)

2021-01-13 13:20:00 - [TEST_STEP][PASSED] - navigateToUrl(Url): Navigate to 'https://dev-admin.modist.co/' successfully

2021-01-13 13:20:00 - [MESSAGE][PASSED] - Navigate to 'https://dev-admin.modist.co/' successfully

2021-01-13 13:20:00 - [TEST_STEP][PASSED] - loginPage.login(Email, Password): com.kms.katalon.core.webui.exception.WebElementNotFoundException: Web element with id: 'Object Repository/Login Credentials/Email' located by '//input[@name='email']' not found (Root cause: com.kms.katalon.core.exception.StepFailedException: com.kms.katalon.core.webui.exception.WebElementNotFoundException: Web element with id: 'Object Repository/Login Credentials/Email' located by '//input[@name='email']' not found
	at com.kms.katalon.core.webui.keyword.internal.WebUIKeywordMain.stepFailed(WebUIKeywordMain.groovy:64)
	at com.kms.katalon.core.webui.keyword.builtin.VerifyElementPresentKeyword$_verifyElementPresent_closure1.doCall(VerifyElementPresentKeyword.groovy:85)
	at com.kms.katalon.core.webui.keyword.builtin.VerifyElementPresentKeyword$_verifyElementPresent_closure1.call(VerifyElementPresentKeyword.groovy)
	at com.kms.katalon.core.webui.keyword.internal.WebUIKeywordMain.runKeyword(WebUIKeywordMain.groovy:20)
	at com.kms.katalon.core.webui.keyword.builtin.VerifyElementPresentKeyword.verifyElementPresent(VerifyElementPresentKeyword.groovy:92)
	at com.kms.katalon.core.webui.keyword.builtin.VerifyElementPresentKeyword.execute(VerifyElementPresentKeyword.groovy:68)
	at com.kms.katalon.core.keyword.internal.KeywordExecutor.executeKeywordForPlatform(KeywordExecutor.groovy:73)
	at com.kms.katalon.core.webui.keyword.WebUiBuiltInKeywords.verifyElementPresent(WebUiBuiltInKeywords.groovy:1445)
	at com.kms.katalon.core.webui.keyword.WebUiBuiltInKeywords$verifyElementPresent$2.call(Unknown Source)
	at login.LoginForAdminDevEnvironment.login(LoginForAdminDevEnvironment.groovy:18)
	at login.LoginForAdminDevEnvironment$login.call(Unknown Source)
	at Login.login(Login.groovy:37)
	at Login.invokeMethod(Login.groovy)
	at com.kms.katalon.core.context.internal.TestHooker.invokeMethod(TestHooker.java:111)
	at com.kms.katalon.core.context.internal.TestHooker.lambda$3(TestHooker.java:95)
	at com.kms.katalon.core.context.internal.TestHooker.invokeContextMethods(TestHooker.java:94)
	at com.kms.katalon.core.context.internal.TestListenerCollector.lambda$3(TestListenerCollector.java:88)
	at com.kms.katalon.core.context.internal.TestListenerCollector.handleListenerEvent(TestListenerCollector.java:85)
	at com.kms.katalon.core.context.internal.ExecutionEventManager.publicEvent(ExecutionEventManager.java:36)
	at com.kms.katalon.core.main.TestCaseExecutor.execute(TestCaseExecutor.java:221)
	at com.kms.katalon.core.main.TestSuiteExecutor.accessTestCaseMainPhase(TestSuiteExecutor.java:191)
	at com.kms.katalon.core.main.TestSuiteExecutor.accessTestSuiteMainPhase(TestSuiteExecutor.java:141)
	at com.kms.katalon.core.main.TestSuiteExecutor.execute(TestSuiteExecutor.java:90)
	at com.kms.katalon.core.main.TestCaseMain.startTestSuite(TestCaseMain.java:157)
	at com.kms.katalon.core.main.TestCaseMain$startTestSuite$0.call(Unknown Source)
	at TempTestSuite1610561623229.run(TempTestSuite1610561623229.groovy:39)
)

2021-01-13 13:20:06 - [MESSAGE][INFO] - Unable to find the element located by 'By.xpath: //input[@name='email']'. Please recheck the objects properties to make sure the desired element is located. 

2021-01-13 13:20:06 - [MESSAGE][WARNING] - com.kms.katalon.core.webui.exception.WebElementNotFoundException: Web element with id: 'Object Repository/Login Credentials/Email' located by '//input[@name='email']' not found (Root cause: com.kms.katalon.core.exception.StepFailedException: com.kms.katalon.core.webui.exception.WebElementNotFoundException: Web element with id: 'Object Repository/Login Credentials/Email' located by '//input[@name='email']' not found
	at com.kms.katalon.core.webui.keyword.internal.WebUIKeywordMain.stepFailed(WebUIKeywordMain.groovy:64)
	at com.kms.katalon.core.webui.keyword.builtin.VerifyElementPresentKeyword$_verifyElementPresent_closure1.doCall(VerifyElementPresentKeyword.groovy:85)
	at com.kms.katalon.core.webui.keyword.builtin.VerifyElementPresentKeyword$_verifyElementPresent_closure1.call(VerifyElementPresentKeyword.groovy)
	at com.kms.katalon.core.webui.keyword.internal.WebUIKeywordMain.runKeyword(WebUIKeywordMain.groovy:20)
	at com.kms.katalon.core.webui.keyword.builtin.VerifyElementPresentKeyword.verifyElementPresent(VerifyElementPresentKeyword.groovy:92)
	at com.kms.katalon.core.webui.keyword.builtin.VerifyElementPresentKeyword.execute(VerifyElementPresentKeyword.groovy:68)
	at com.kms.katalon.core.keyword.internal.KeywordExecutor.executeKeywordForPlatform(KeywordExecutor.groovy:73)
	at com.kms.katalon.core.webui.keyword.WebUiBuiltInKeywords.verifyElementPresent(WebUiBuiltInKeywords.groovy:1445)
	at com.kms.katalon.core.webui.keyword.WebUiBuiltInKeywords$verifyElementPresent$2.call(Unknown Source)
	at login.LoginForAdminDevEnvironment.login(LoginForAdminDevEnvironment.groovy:18)
	at login.LoginForAdminDevEnvironment$login.call(Unknown Source)
	at Login.login(Login.groovy:37)
	at Login.invokeMethod(Login.groovy)
	at com.kms.katalon.core.context.internal.TestHooker.invokeMethod(TestHooker.java:111)
	at com.kms.katalon.core.context.internal.TestHooker.lambda$3(TestHooker.java:95)
	at com.kms.katalon.core.context.internal.TestHooker.invokeContextMethods(TestHooker.java:94)
	at com.kms.katalon.core.context.internal.TestListenerCollector.lambda$3(TestListenerCollector.java:88)
	at com.kms.katalon.core.context.internal.TestListenerCollector.handleListenerEvent(TestListenerCollector.java:85)
	at com.kms.katalon.core.context.internal.ExecutionEventManager.publicEvent(ExecutionEventManager.java:36)
	at com.kms.katalon.core.main.TestCaseExecutor.execute(TestCaseExecutor.java:221)
	at com.kms.katalon.core.main.TestSuiteExecutor.accessTestCaseMainPhase(TestSuiteExecutor.java:191)
	at com.kms.katalon.core.main.TestSuiteExecutor.accessTestSuiteMainPhase(TestSuiteExecutor.java:141)
	at com.kms.katalon.core.main.TestSuiteExecutor.execute(TestSuiteExecutor.java:90)
	at com.kms.katalon.core.main.TestCaseMain.startTestSuite(TestCaseMain.java:157)
	at com.kms.katalon.core.main.TestCaseMain$startTestSuite$0.call(Unknown Source)
	at TempTestSuite1610561623229.run(TempTestSuite1610561623229.groovy:39)
)
[[ATTACHMENT|E:\\Modist\\ModistProject\\Reports\\20210113_131343\\AllTestCases\\20210113_131343\\1610562006014.png]]

2021-01-13 13:20:06 - [TEST_STEP][PASSED] - pages.Assetsource.navigateToAssetSourceDetailsTab(): pages.Assetsource.navigateToAssetSourceDetailsTab is PASSED

2021-01-13 13:20:06 - [MESSAGE][PASSED] - Object 'Object Repository/AssetSource/Asset Source Tab' is present

2021-01-13 13:20:07 - [MESSAGE][PASSED] - Object 'Object Repository/AssetSource/Asset Source Tab' is visible

2021-01-13 13:20:07 - [MESSAGE][PASSED] - Object 'Object Repository/AssetSource/Asset Source Tab' is clickable

2021-01-13 13:20:07 - [MESSAGE][PASSED] - Object: 'Object Repository/AssetSource/Asset Source Tab' is clicked on

2021-01-13 13:20:08 - [MESSAGE][PASSED] - Object 'Object Repository/AssetSource/Add Asset Source Button' is present

2021-01-13 13:20:08 - [MESSAGE][PASSED] - pages.Assetsource.navigateToAssetSourceDetailsTab is PASSED

2021-01-13 13:20:08 - [TEST_STEP][PASSED] - pages.Assetsource.clickAddAssetSource(): pages.Assetsource.clickAddAssetSource is PASSED

2021-01-13 13:20:08 - [MESSAGE][PASSED] - Object 'Object Repository/AssetSource/Add Asset Source Button' is present

2021-01-13 13:20:08 - [MESSAGE][PASSED] - Object 'Object Repository/AssetSource/Add Asset Source Button' is visible

2021-01-13 13:20:09 - [MESSAGE][PASSED] - Object 'Object Repository/AssetSource/Add Asset Source Button' is clickable

2021-01-13 13:20:09 - [MESSAGE][PASSED] - Object: 'Object Repository/AssetSource/Add Asset Source Button' is clicked on

2021-01-13 13:20:09 - [MESSAGE][PASSED] - Wait for page load successfully

2021-01-13 13:20:09 - [MESSAGE][PASSED] - pages.Assetsource.clickAddAssetSource is PASSED

2021-01-13 13:20:09 - [TEST_STEP][PASSED] - pages.Assetsource.cancelAssetSourcePopup(): pages.Assetsource.cancelAssetSourcePopup is PASSED

2021-01-13 13:20:10 - [MESSAGE][PASSED] - Object 'Object Repository/AssetSource/Cancel Button' is present

2021-01-13 13:20:10 - [MESSAGE][PASSED] - Object 'Object Repository/AssetSource/Cancel Button' is visible

2021-01-13 13:20:10 - [MESSAGE][PASSED] - Object 'Object Repository/AssetSource/Cancel Button' is clickable

2021-01-13 13:20:11 - [MESSAGE][PASSED] - Object: 'Object Repository/AssetSource/Cancel Button' is clicked on

2021-01-13 13:20:11 - [MESSAGE][PASSED] - Object 'Object Repository/AssetSource/Search' is present

2021-01-13 13:20:11 - [MESSAGE][PASSED] - pages.Assetsource.cancelAssetSourcePopup is PASSED]]></system-out>
         <system-err><![CDATA[]]></system-err>
      </testcase>
      <testcase name="Test Cases/Admin/AssetSource/Verify Close button functionality in the Asset Source edit page" time="24.196" classname="Test Cases/Admin/AssetSource/Verify Close button functionality in the Asset Source edit page" status="PASSED">
         <system-out><![CDATA[2021-01-13 13:20:11 - [TEST_CASE][PASSED] - Test Cases/Admin/AssetSource/Verify Close button functionality in the Asset Source edit page: Test Cases/Admin/AssetSource/Verify Close button functionality in the Asset Source edit page

2021-01-13 13:20:11 - [TEST_STEP][PASSED] - Start listener action : login: null

2021-01-13 13:20:11 - [TEST_STEP][PASSED] - Thread.sleep(3000): null

2021-01-13 13:20:14 - [TEST_STEP][PASSED] - url = getUrl(): Current window's url is: 'https://dev-admin.modist.co/dashboard'

2021-01-13 13:20:14 - [MESSAGE][PASSED] - Current window's url is: 'https://dev-admin.modist.co/dashboard'

2021-01-13 13:20:14 - [TEST_STEP][PASSED] - if (!(url.contains("dashboard"))): null

2021-01-13 13:20:15 - [TEST_STEP][PASSED] - sourcename = pages.Assetsource.addAssetSource(): pages.Assetsource.addAssetSource is PASSED

2021-01-13 13:20:15 - [MESSAGE][PASSED] - Object 'Object Repository/AssetSource/Asset Source Tab' is present

2021-01-13 13:20:15 - [MESSAGE][PASSED] - Object 'Object Repository/AssetSource/Asset Source Tab' is visible

2021-01-13 13:20:16 - [MESSAGE][PASSED] - Object 'Object Repository/AssetSource/Asset Source Tab' is clickable

2021-01-13 13:20:16 - [MESSAGE][PASSED] - Object: 'Object Repository/AssetSource/Asset Source Tab' is clicked on

2021-01-13 13:20:16 - [MESSAGE][PASSED] - Object 'Object Repository/AssetSource/Add Asset Source Button' is present

2021-01-13 13:20:17 - [MESSAGE][PASSED] - Object 'Object Repository/AssetSource/Add Asset Source Button' is present

2021-01-13 13:20:17 - [MESSAGE][PASSED] - Object 'Object Repository/AssetSource/Add Asset Source Button' is visible

2021-01-13 13:20:17 - [MESSAGE][PASSED] - Object 'Object Repository/AssetSource/Add Asset Source Button' is clickable

2021-01-13 13:20:17 - [MESSAGE][PASSED] - Object: 'Object Repository/AssetSource/Add Asset Source Button' is clicked on

2021-01-13 13:20:17 - [MESSAGE][PASSED] - Wait for page load successfully

2021-01-13 13:20:18 - [MESSAGE][PASSED] - Object 'Object Repository/AssetSource/Source' is present

2021-01-13 13:20:19 - [MESSAGE][PASSED] - Object 'Object Repository/AssetSource/Source' is visible

2021-01-13 13:20:19 - [MESSAGE][PASSED] - Object 'Object Repository/AssetSource/Source' is clickable

2021-01-13 13:20:19 - [MESSAGE][PASSED] - Text of object 'Object Repository/AssetSource/Source' is cleared

2021-01-13 13:20:20 - [MESSAGE][PASSED] - Keys 'RandomAsset354' sent to object: 'Object Repository/AssetSource/Source'

2021-01-13 13:20:20 - [MESSAGE][PASSED] - Object 'Object Repository/AssetSource/Asset Source button on popup' is present

2021-01-13 13:20:20 - [MESSAGE][PASSED] - Object 'Object Repository/AssetSource/Asset Source button on popup' is visible

2021-01-13 13:20:21 - [MESSAGE][PASSED] - Object 'Object Repository/AssetSource/Asset Source button on popup' is clickable

2021-01-13 13:20:21 - [MESSAGE][PASSED] - Object: 'Object Repository/AssetSource/Asset Source button on popup' is clicked on

2021-01-13 13:20:21 - [MESSAGE][PASSED] - pages.Assetsource.addAssetSource is PASSED

2021-01-13 13:20:21 - [TEST_STEP][PASSED] - println(sourcename): null

2021-01-13 13:20:21 - [TEST_STEP][PASSED] - pages.Assetsource.openAnyExistingAssetSource(sourcename): pages.Assetsource.openAnyExistingAssetSource is PASSED

2021-01-13 13:20:21 - [MESSAGE][PASSED] - Object 'Object Repository/AssetSource/Search' is present

2021-01-13 13:20:22 - [MESSAGE][PASSED] - Object 'Object Repository/AssetSource/Search' is visible

2021-01-13 13:20:23 - [MESSAGE][PASSED] - Object 'Object Repository/AssetSource/Search' is clickable

2021-01-13 13:20:23 - [MESSAGE][PASSED] - Text of object 'Object Repository/AssetSource/Search' is cleared

2021-01-13 13:20:23 - [MESSAGE][PASSED] - Keys '' sent to object: 'Object Repository/AssetSource/Search'

2021-01-13 13:20:24 - [MESSAGE][PASSED] - Keys 'R' sent to object: 'Object Repository/AssetSource/Search'

2021-01-13 13:20:24 - [MESSAGE][PASSED] - Keys 'a' sent to object: 'Object Repository/AssetSource/Search'

2021-01-13 13:20:25 - [MESSAGE][PASSED] - Keys 'n' sent to object: 'Object Repository/AssetSource/Search'

2021-01-13 13:20:26 - [MESSAGE][PASSED] - Keys 'd' sent to object: 'Object Repository/AssetSource/Search'

2021-01-13 13:20:26 - [MESSAGE][PASSED] - Keys 'o' sent to object: 'Object Repository/AssetSource/Search'

2021-01-13 13:20:26 - [MESSAGE][PASSED] - Keys 'm' sent to object: 'Object Repository/AssetSource/Search'

2021-01-13 13:20:27 - [MESSAGE][PASSED] - Keys 'A' sent to object: 'Object Repository/AssetSource/Search'

2021-01-13 13:20:27 - [MESSAGE][PASSED] - Keys 's' sent to object: 'Object Repository/AssetSource/Search'

2021-01-13 13:20:27 - [MESSAGE][PASSED] - Keys 's' sent to object: 'Object Repository/AssetSource/Search'

2021-01-13 13:20:28 - [MESSAGE][PASSED] - Keys 'e' sent to object: 'Object Repository/AssetSource/Search'

2021-01-13 13:20:28 - [MESSAGE][PASSED] - Keys 't' sent to object: 'Object Repository/AssetSource/Search'

2021-01-13 13:20:29 - [MESSAGE][PASSED] - Keys '3' sent to object: 'Object Repository/AssetSource/Search'

2021-01-13 13:20:29 - [MESSAGE][PASSED] - Keys '5' sent to object: 'Object Repository/AssetSource/Search'

2021-01-13 13:20:30 - [MESSAGE][PASSED] - Keys '4' sent to object: 'Object Repository/AssetSource/Search'

2021-01-13 13:20:31 - [MESSAGE][PASSED] - Scroll to object 'Object Repository/AssetSource/AssetSourceName' successfully

2021-01-13 13:20:31 - [MESSAGE][PASSED] - Object 'Object Repository/AssetSource/AssetSourceName' is present

2021-01-13 13:20:31 - [MESSAGE][PASSED] - Object 'Object Repository/AssetSource/AssetSourceName' is visible

2021-01-13 13:20:32 - [MESSAGE][PASSED] - Object 'Object Repository/AssetSource/AssetSourceName' is clickable

2021-01-13 13:20:32 - [MESSAGE][PASSED] - Object: 'Object Repository/AssetSource/AssetSourceName' is clicked on

2021-01-13 13:20:33 - [MESSAGE][PASSED] - Object 'Object Repository/AssetSource/AssetSourceEdit(save button)' is present

2021-01-13 13:20:33 - [MESSAGE][PASSED] - pages.Assetsource.openAnyExistingAssetSource is PASSED

2021-01-13 13:20:33 - [TEST_STEP][PASSED] - pages.Assetsource.closeAssetSourceEditpage(): pages.Assetsource.closeAssetSourceEditpage is PASSED

2021-01-13 13:20:33 - [MESSAGE][PASSED] - Object 'Object Repository/AssetSource/Close Button' is present

2021-01-13 13:20:34 - [MESSAGE][PASSED] - Object 'Object Repository/AssetSource/Close Button' is visible

2021-01-13 13:20:34 - [MESSAGE][PASSED] - Object 'Object Repository/AssetSource/Close Button' is clickable

2021-01-13 13:20:34 - [MESSAGE][PASSED] - Object: 'Object Repository/AssetSource/Close Button' is clicked on

2021-01-13 13:20:36 - [MESSAGE][PASSED] - Object 'Object Repository/AssetSource/Search' is present

2021-01-13 13:20:36 - [MESSAGE][PASSED] - pages.Assetsource.closeAssetSourceEditpage is PASSED]]></system-out>
         <system-err><![CDATA[]]></system-err>
      </testcase>
      <testcase name="Test Cases/Admin/AssetSource/Verify elements on Add Asset Source popup" time="9.164" classname="Test Cases/Admin/AssetSource/Verify elements on Add Asset Source popup" status="PASSED">
         <system-out><![CDATA[2021-01-13 13:20:36 - [TEST_CASE][PASSED] - Test Cases/Admin/AssetSource/Verify elements on Add Asset Source popup: Test Cases/Admin/AssetSource/Verify elements on Add Asset Source popup

2021-01-13 13:20:36 - [TEST_STEP][PASSED] - Start listener action : login: null

2021-01-13 13:20:36 - [TEST_STEP][PASSED] - Thread.sleep(3000): null

2021-01-13 13:20:39 - [TEST_STEP][PASSED] - url = getUrl(): Current window's url is: 'https://dev-admin.modist.co/dashboard'

2021-01-13 13:20:39 - [MESSAGE][PASSED] - Current window's url is: 'https://dev-admin.modist.co/dashboard'

2021-01-13 13:20:39 - [TEST_STEP][PASSED] - if (!(url.contains("dashboard"))): null

2021-01-13 13:20:39 - [TEST_STEP][PASSED] - pages.Assetsource.navigateToAssetSourceDetailsTab(): pages.Assetsource.navigateToAssetSourceDetailsTab is PASSED

2021-01-13 13:20:39 - [MESSAGE][PASSED] - Object 'Object Repository/AssetSource/Asset Source Tab' is present

2021-01-13 13:20:39 - [MESSAGE][PASSED] - Object 'Object Repository/AssetSource/Asset Source Tab' is visible

2021-01-13 13:20:40 - [MESSAGE][PASSED] - Object 'Object Repository/AssetSource/Asset Source Tab' is clickable

2021-01-13 13:20:40 - [MESSAGE][PASSED] - Object: 'Object Repository/AssetSource/Asset Source Tab' is clicked on

2021-01-13 13:20:40 - [MESSAGE][PASSED] - Object 'Object Repository/AssetSource/Add Asset Source Button' is present

2021-01-13 13:20:40 - [MESSAGE][PASSED] - pages.Assetsource.navigateToAssetSourceDetailsTab is PASSED

2021-01-13 13:20:40 - [TEST_STEP][PASSED] - pages.Assetsource.clickAddAssetSource(): pages.Assetsource.clickAddAssetSource is PASSED

2021-01-13 13:20:41 - [MESSAGE][PASSED] - Object 'Object Repository/AssetSource/Add Asset Source Button' is present

2021-01-13 13:20:41 - [MESSAGE][PASSED] - Object 'Object Repository/AssetSource/Add Asset Source Button' is visible

2021-01-13 13:20:41 - [MESSAGE][PASSED] - Object 'Object Repository/AssetSource/Add Asset Source Button' is clickable

2021-01-13 13:20:42 - [MESSAGE][PASSED] - Object: 'Object Repository/AssetSource/Add Asset Source Button' is clicked on

2021-01-13 13:20:42 - [MESSAGE][PASSED] - Wait for page load successfully

2021-01-13 13:20:42 - [MESSAGE][PASSED] - pages.Assetsource.clickAddAssetSource is PASSED

2021-01-13 13:20:42 - [TEST_STEP][PASSED] - pages.Assetsource.verifyAssetSourcePopUp(): pages.Assetsource.verifyAssetSourcePopUp is PASSED

2021-01-13 13:20:42 - [MESSAGE][PASSED] - Object 'Object Repository/AssetSource/sourceLabel' is present

2021-01-13 13:20:43 - [MESSAGE][PASSED] - Object 'Object Repository/AssetSource/Tenant' is present

2021-01-13 13:20:43 - [MESSAGE][PASSED] - Object 'Object Repository/AssetSource/Cancel Button' is present

2021-01-13 13:20:43 - [MESSAGE][PASSED] - Object 'Object Repository/AssetSource/Asset Source button on popup' is present

2021-01-13 13:20:44 - [MESSAGE][PASSED] - Object 'Object Repository/AssetSource/Cancel Button' is present

2021-01-13 13:20:44 - [MESSAGE][PASSED] - Object 'Object Repository/AssetSource/Cancel Button' is visible

2021-01-13 13:20:44 - [MESSAGE][PASSED] - Object 'Object Repository/AssetSource/Cancel Button' is clickable

2021-01-13 13:20:45 - [MESSAGE][PASSED] - Object: 'Object Repository/AssetSource/Cancel Button' is clicked on

2021-01-13 13:20:45 - [MESSAGE][PASSED] - pages.Assetsource.verifyAssetSourcePopUp is PASSED]]></system-out>
         <system-err><![CDATA[]]></system-err>
      </testcase>
      <testcase name="Test Cases/Admin/Brand/Add a Brand without filling mandatory details" time="37.505" classname="Test Cases/Admin/Brand/Add a Brand without filling mandatory details" status="PASSED">
         <system-out><![CDATA[2021-01-13 13:20:45 - [TEST_CASE][PASSED] - Test Cases/Admin/Brand/Add a Brand without filling mandatory details: Test Cases/Admin/Brand/Add a Brand without filling mandatory details

2021-01-13 13:20:45 - [TEST_STEP][PASSED] - Start listener action : login: null

2021-01-13 13:20:45 - [TEST_STEP][PASSED] - Thread.sleep(3000): null

2021-01-13 13:20:48 - [TEST_STEP][PASSED] - url = getUrl(): Current window's url is: 'https://dev-admin.modist.co/dashboard'

2021-01-13 13:20:48 - [MESSAGE][PASSED] - Current window's url is: 'https://dev-admin.modist.co/dashboard'

2021-01-13 13:20:48 - [TEST_STEP][PASSED] - if (!(url.contains("dashboard"))): null

2021-01-13 13:20:48 - [TEST_STEP][PASSED] - pages.Brand.addBrandWithoutfillingmandatoryDetails(): pages.Brand.addBrandWithoutfillingmandatoryDetails is PASSED

2021-01-13 13:20:48 - [MESSAGE][PASSED] - Object: 'Object Repository/Brand/clickOnBrandTab' is clicked on

2021-01-13 13:20:49 - [MESSAGE][PASSED] - Object: 'Object Repository/Brand/AddBrandbutton' is clicked on

2021-01-13 13:20:50 - [MESSAGE][PASSED] - Object 'Object Repository/Brand/AddBrandPopup/AddBrandButtonInAddBrandPopup' is present

2021-01-13 13:20:50 - [MESSAGE][PASSED] - Object 'Object Repository/Brand/AddBrandPopup/AddBrandButtonInAddBrandPopup' is visible

2021-01-13 13:21:21 - [MESSAGE][WARNING] - Object 'Object Repository/Brand/AddBrandPopup/AddBrandButtonInAddBrandPopup' is not clickable after 30 second(s)

2021-01-13 13:21:21 - [MESSAGE][PASSED] - Object: 'Object Repository/Brand/AddBrandPopup/AddBrandButtonInAddBrandPopup' is clicked on

2021-01-13 13:21:21 - [MESSAGE][PASSED] - Object 'Object Repository/Brand/AddBrandPopup/cancelButtonAddBrandPopup' is present

2021-01-13 13:21:22 - [MESSAGE][PASSED] - Object 'Object Repository/Brand/AddBrandPopup/cancelButtonAddBrandPopup' is visible

2021-01-13 13:21:22 - [MESSAGE][PASSED] - Object 'Object Repository/Brand/AddBrandPopup/cancelButtonAddBrandPopup' is clickable

2021-01-13 13:21:22 - [MESSAGE][PASSED] - Object: 'Object Repository/Brand/AddBrandPopup/cancelButtonAddBrandPopup' is clicked on

2021-01-13 13:21:22 - [MESSAGE][PASSED] - pages.Brand.addBrandWithoutfillingmandatoryDetails is PASSED]]></system-out>
         <system-err><![CDATA[]]></system-err>
      </testcase>
      <testcase name="Test Cases/Admin/Brand/createBrandAndVerifyIsItSuccessfullyCreated" time="16.936" classname="Test Cases/Admin/Brand/createBrandAndVerifyIsItSuccessfullyCreated" status="PASSED">
         <system-out><![CDATA[2021-01-13 13:21:22 - [TEST_CASE][PASSED] - Test Cases/Admin/Brand/createBrandAndVerifyIsItSuccessfullyCreated: Test Cases/Admin/Brand/createBrandAndVerifyIsItSuccessfullyCreated

2021-01-13 13:21:22 - [TEST_STEP][PASSED] - Start listener action : login: null

2021-01-13 13:21:22 - [TEST_STEP][PASSED] - Thread.sleep(3000): null

2021-01-13 13:21:25 - [TEST_STEP][PASSED] - url = getUrl(): Current window's url is: 'https://dev-admin.modist.co/dashboard'

2021-01-13 13:21:25 - [MESSAGE][PASSED] - Current window's url is: 'https://dev-admin.modist.co/dashboard'

2021-01-13 13:21:25 - [TEST_STEP][PASSED] - if (!(url.contains("dashboard"))): null

2021-01-13 13:21:26 - [TEST_STEP][PASSED] - pages.Brand.clickBrand(): pages.Brand.clickBrand is PASSED

2021-01-13 13:21:26 - [MESSAGE][PASSED] - Object: 'Object Repository/Brand/clickOnBrandTab' is clicked on

2021-01-13 13:21:26 - [MESSAGE][PASSED] - pages.Brand.clickBrand is PASSED

2021-01-13 13:21:26 - [TEST_STEP][PASSED] - brandName = pages.Brand.addBrand(): pages.Brand.addBrand is PASSED

2021-01-13 13:21:26 - [MESSAGE][PASSED] - Object 'Object Repository/Brand/AddBrandbutton' is present

2021-01-13 13:21:27 - [MESSAGE][PASSED] - Object 'Object Repository/Brand/AddBrandbutton' is visible

2021-01-13 13:21:27 - [MESSAGE][PASSED] - Object 'Object Repository/Brand/AddBrandbutton' is clickable

2021-01-13 13:21:27 - [MESSAGE][PASSED] - Object: 'Object Repository/Brand/AddBrandbutton' is clicked on

2021-01-13 13:21:28 - [MESSAGE][PASSED] - Object 'Object Repository/Brand/AddBrandPopup/name' is present

2021-01-13 13:21:28 - [MESSAGE][PASSED] - Object 'Object Repository/Brand/AddBrandPopup/name' is visible

2021-01-13 13:21:28 - [MESSAGE][PASSED] - Object 'Object Repository/Brand/AddBrandPopup/name' is clickable

2021-01-13 13:21:29 - [MESSAGE][PASSED] - Text of object 'Object Repository/Brand/AddBrandPopup/name' is cleared

2021-01-13 13:21:29 - [MESSAGE][PASSED] - Keys 'Brand955' sent to object: 'Object Repository/Brand/AddBrandPopup/name'

2021-01-13 13:21:30 - [MESSAGE][PASSED] - Object 'Object Repository/Brand/AddBrandPopup/AddBrandButtonInAddBrandPopup' is present

2021-01-13 13:21:30 - [MESSAGE][PASSED] - Object 'Object Repository/Brand/AddBrandPopup/AddBrandButtonInAddBrandPopup' is visible

2021-01-13 13:21:30 - [MESSAGE][PASSED] - Object 'Object Repository/Brand/AddBrandPopup/AddBrandButtonInAddBrandPopup' is clickable

2021-01-13 13:21:31 - [MESSAGE][PASSED] - Object: 'Object Repository/Brand/AddBrandPopup/AddBrandButtonInAddBrandPopup' is clicked on

2021-01-13 13:21:31 - [MESSAGE][PASSED] - pages.Brand.addBrand is PASSED

2021-01-13 13:21:31 - [TEST_STEP][PASSED] - pages.Brand.verifyTheBrandCreated(brandName): pages.Brand.verifyTheBrandCreated is PASSED

2021-01-13 13:21:32 - [MESSAGE][PASSED] - Object 'Object Repository/Brand/search' is present

2021-01-13 13:21:32 - [MESSAGE][PASSED] - Object 'Object Repository/Brand/search' is visible

2021-01-13 13:21:33 - [MESSAGE][PASSED] - Object 'Object Repository/Brand/search' is clickable

2021-01-13 13:21:33 - [MESSAGE][PASSED] - Text of object 'Object Repository/Brand/search' is cleared

2021-01-13 13:21:33 - [MESSAGE][PASSED] - Keys '' sent to object: 'Object Repository/Brand/search'

2021-01-13 13:21:34 - [MESSAGE][PASSED] - Keys 'B' sent to object: 'Object Repository/Brand/search'

2021-01-13 13:21:34 - [MESSAGE][PASSED] - Keys 'r' sent to object: 'Object Repository/Brand/search'

2021-01-13 13:21:35 - [MESSAGE][PASSED] - Keys 'a' sent to object: 'Object Repository/Brand/search'

2021-01-13 13:21:35 - [MESSAGE][PASSED] - Keys 'n' sent to object: 'Object Repository/Brand/search'

2021-01-13 13:21:35 - [MESSAGE][PASSED] - Keys 'd' sent to object: 'Object Repository/Brand/search'

2021-01-13 13:21:36 - [MESSAGE][PASSED] - Keys '9' sent to object: 'Object Repository/Brand/search'

2021-01-13 13:21:37 - [MESSAGE][PASSED] - Keys '5' sent to object: 'Object Repository/Brand/search'

2021-01-13 13:21:38 - [MESSAGE][PASSED] - Keys '5' sent to object: 'Object Repository/Brand/search'

2021-01-13 13:21:39 - [MESSAGE][PASSED] - Object 'Object Repository/Brand/createdBrand(brandName)' is present

2021-01-13 13:21:39 - [MESSAGE][PASSED] - pages.Brand.verifyTheBrandCreated is PASSED]]></system-out>
         <system-err><![CDATA[]]></system-err>
      </testcase>
      <testcase name="Test Cases/Admin/Brand/Delete a Brand and verify" time="26.344" classname="Test Cases/Admin/Brand/Delete a Brand and verify" status="PASSED">
         <system-out><![CDATA[2021-01-13 13:21:39 - [TEST_CASE][PASSED] - Test Cases/Admin/Brand/Delete a Brand and verify: Test Cases/Admin/Brand/Delete a Brand and verify

2021-01-13 13:21:39 - [TEST_STEP][PASSED] - Start listener action : login: null

2021-01-13 13:21:39 - [TEST_STEP][PASSED] - Thread.sleep(3000): null

2021-01-13 13:21:42 - [TEST_STEP][PASSED] - url = getUrl(): Current window's url is: 'https://dev-admin.modist.co/dashboard'

2021-01-13 13:21:42 - [MESSAGE][PASSED] - Current window's url is: 'https://dev-admin.modist.co/dashboard'

2021-01-13 13:21:42 - [TEST_STEP][PASSED] - if (!(url.contains("dashboard"))): null

2021-01-13 13:21:42 - [TEST_STEP][PASSED] - brandName = pages.Brand.addBrand(): pages.Brand.addBrand is PASSED

2021-01-13 13:21:43 - [MESSAGE][PASSED] - Object 'Object Repository/Brand/AddBrandbutton' is present

2021-01-13 13:21:43 - [MESSAGE][PASSED] - Object 'Object Repository/Brand/AddBrandbutton' is visible

2021-01-13 13:21:43 - [MESSAGE][PASSED] - Object 'Object Repository/Brand/AddBrandbutton' is clickable

2021-01-13 13:21:44 - [MESSAGE][PASSED] - Object: 'Object Repository/Brand/AddBrandbutton' is clicked on

2021-01-13 13:21:44 - [MESSAGE][PASSED] - Object 'Object Repository/Brand/AddBrandPopup/name' is present

2021-01-13 13:21:45 - [MESSAGE][PASSED] - Object 'Object Repository/Brand/AddBrandPopup/name' is visible

2021-01-13 13:21:45 - [MESSAGE][PASSED] - Object 'Object Repository/Brand/AddBrandPopup/name' is clickable

2021-01-13 13:21:45 - [MESSAGE][PASSED] - Text of object 'Object Repository/Brand/AddBrandPopup/name' is cleared

2021-01-13 13:21:46 - [MESSAGE][PASSED] - Keys 'Brand816' sent to object: 'Object Repository/Brand/AddBrandPopup/name'

2021-01-13 13:21:46 - [MESSAGE][PASSED] - Object 'Object Repository/Brand/AddBrandPopup/AddBrandButtonInAddBrandPopup' is present

2021-01-13 13:21:46 - [MESSAGE][PASSED] - Object 'Object Repository/Brand/AddBrandPopup/AddBrandButtonInAddBrandPopup' is visible

2021-01-13 13:21:47 - [MESSAGE][PASSED] - Object 'Object Repository/Brand/AddBrandPopup/AddBrandButtonInAddBrandPopup' is clickable

2021-01-13 13:21:47 - [MESSAGE][PASSED] - Object: 'Object Repository/Brand/AddBrandPopup/AddBrandButtonInAddBrandPopup' is clicked on

2021-01-13 13:21:47 - [MESSAGE][PASSED] - pages.Brand.addBrand is PASSED

2021-01-13 13:21:47 - [TEST_STEP][PASSED] - println(brandName): null

2021-01-13 13:21:47 - [TEST_STEP][PASSED] - pages.Brand.deleteBrand(brandName): pages.Brand.deleteBrand is PASSED

2021-01-13 13:21:48 - [MESSAGE][PASSED] - Object 'Object Repository/Brand/search' is present

2021-01-13 13:21:49 - [MESSAGE][PASSED] - Object 'Object Repository/Brand/search' is visible

2021-01-13 13:21:49 - [MESSAGE][PASSED] - Object 'Object Repository/Brand/search' is clickable

2021-01-13 13:21:49 - [MESSAGE][PASSED] - Text of object 'Object Repository/Brand/search' is cleared

2021-01-13 13:21:50 - [MESSAGE][PASSED] - Keys '' sent to object: 'Object Repository/Brand/search'

2021-01-13 13:21:50 - [MESSAGE][PASSED] - Keys 'B' sent to object: 'Object Repository/Brand/search'

2021-01-13 13:21:50 - [MESSAGE][PASSED] - Keys 'r' sent to object: 'Object Repository/Brand/search'

2021-01-13 13:21:51 - [MESSAGE][PASSED] - Keys 'a' sent to object: 'Object Repository/Brand/search'

2021-01-13 13:21:52 - [MESSAGE][PASSED] - Keys 'n' sent to object: 'Object Repository/Brand/search'

2021-01-13 13:21:52 - [MESSAGE][PASSED] - Keys 'd' sent to object: 'Object Repository/Brand/search'

2021-01-13 13:21:53 - [MESSAGE][PASSED] - Keys '8' sent to object: 'Object Repository/Brand/search'

2021-01-13 13:21:53 - [MESSAGE][PASSED] - Keys '1' sent to object: 'Object Repository/Brand/search'

2021-01-13 13:21:54 - [MESSAGE][PASSED] - Keys '6' sent to object: 'Object Repository/Brand/search'

2021-01-13 13:21:55 - [MESSAGE][PASSED] - Scroll to object 'Object Repository/Brand/createdBrand(brandName)' successfully

2021-01-13 13:21:55 - [MESSAGE][PASSED] - Object 'Object Repository/Brand/createdBrand(brandName)' is visible

2021-01-13 13:21:55 - [MESSAGE][PASSED] - Object 'Object Repository/Brand/createdBrand(brandName)' is present

2021-01-13 13:21:56 - [MESSAGE][PASSED] - Object 'Object Repository/Brand/createdBrand(brandName)' is visible

2021-01-13 13:21:56 - [MESSAGE][PASSED] - Object 'Object Repository/Brand/createdBrand(brandName)' is clickable

2021-01-13 13:21:56 - [MESSAGE][PASSED] - Object: 'Object Repository/Brand/createdBrand(brandName)' is clicked on

2021-01-13 13:21:57 - [MESSAGE][PASSED] - Object 'Object Repository/Brand/Delete Button' is present

2021-01-13 13:21:57 - [MESSAGE][PASSED] - Object 'Object Repository/Brand/Delete Button' is visible

2021-01-13 13:21:58 - [MESSAGE][PASSED] - Object 'Object Repository/Brand/Delete Button' is clickable

2021-01-13 13:21:58 - [MESSAGE][PASSED] - Object: 'Object Repository/Brand/Delete Button' is clicked on

2021-01-13 13:21:58 - [MESSAGE][PASSED] - pages.Brand.deleteBrand is PASSED

2021-01-13 13:21:58 - [TEST_STEP][PASSED] - pages.Brand.verifyABrandDeleted(brandName): pages.Brand.verifyABrandDeleted is PASSED

2021-01-13 13:21:59 - [MESSAGE][PASSED] - Object 'Object Repository/Brand/search' is present

2021-01-13 13:22:00 - [MESSAGE][PASSED] - Object 'Object Repository/Brand/search' is visible

2021-01-13 13:22:00 - [MESSAGE][PASSED] - Object 'Object Repository/Brand/search' is clickable

2021-01-13 13:22:01 - [MESSAGE][PASSED] - Text of object 'Object Repository/Brand/search' is cleared

2021-01-13 13:22:01 - [MESSAGE][PASSED] - Keys '' sent to object: 'Object Repository/Brand/search'

2021-01-13 13:22:01 - [MESSAGE][PASSED] - Keys 'B' sent to object: 'Object Repository/Brand/search'

2021-01-13 13:22:02 - [MESSAGE][PASSED] - Keys 'r' sent to object: 'Object Repository/Brand/search'

2021-01-13 13:22:02 - [MESSAGE][PASSED] - Keys 'a' sent to object: 'Object Repository/Brand/search'

2021-01-13 13:22:03 - [MESSAGE][PASSED] - Keys 'n' sent to object: 'Object Repository/Brand/search'

2021-01-13 13:22:04 - [MESSAGE][PASSED] - Keys 'd' sent to object: 'Object Repository/Brand/search'

2021-01-13 13:22:04 - [MESSAGE][PASSED] - Keys '8' sent to object: 'Object Repository/Brand/search'

2021-01-13 13:22:04 - [MESSAGE][PASSED] - Keys '1' sent to object: 'Object Repository/Brand/search'

2021-01-13 13:22:05 - [MESSAGE][PASSED] - Keys '6' sent to object: 'Object Repository/Brand/search'

2021-01-13 13:22:06 - [MESSAGE][PASSED] - Web element with id: 'Object Repository/Brand/createdBrand(brandName)' located by 'By.xpath: //div[@class='sc-jrsJCI ivRwdr rdt_TableRow']//div[text()='Brand816']' is not present after '30' second(s)

2021-01-13 13:22:06 - [MESSAGE][PASSED] - pages.Brand.verifyABrandDeleted is PASSED]]></system-out>
         <system-err><![CDATA[]]></system-err>
      </testcase>
      <testcase name="Test Cases/Admin/Brand/Edit a Brand and Verify" time="32.534" classname="Test Cases/Admin/Brand/Edit a Brand and Verify" status="PASSED">
         <system-out><![CDATA[2021-01-13 13:22:06 - [TEST_CASE][PASSED] - Test Cases/Admin/Brand/Edit a Brand and Verify: Test Cases/Admin/Brand/Edit a Brand and Verify

2021-01-13 13:22:06 - [TEST_STEP][PASSED] - Start listener action : login: null

2021-01-13 13:22:06 - [TEST_STEP][PASSED] - Thread.sleep(3000): null

2021-01-13 13:22:09 - [TEST_STEP][PASSED] - url = getUrl(): Current window's url is: 'https://dev-admin.modist.co/dashboard'

2021-01-13 13:22:09 - [MESSAGE][PASSED] - Current window's url is: 'https://dev-admin.modist.co/dashboard'

2021-01-13 13:22:09 - [TEST_STEP][PASSED] - if (!(url.contains("dashboard"))): null

2021-01-13 13:22:09 - [TEST_STEP][PASSED] - brandName = pages.Brand.addBrand(): pages.Brand.addBrand is PASSED

2021-01-13 13:22:09 - [MESSAGE][PASSED] - Object 'Object Repository/Brand/AddBrandbutton' is present

2021-01-13 13:22:10 - [MESSAGE][PASSED] - Object 'Object Repository/Brand/AddBrandbutton' is visible

2021-01-13 13:22:10 - [MESSAGE][PASSED] - Object 'Object Repository/Brand/AddBrandbutton' is clickable

2021-01-13 13:22:10 - [MESSAGE][PASSED] - Object: 'Object Repository/Brand/AddBrandbutton' is clicked on

2021-01-13 13:22:11 - [MESSAGE][PASSED] - Object 'Object Repository/Brand/AddBrandPopup/name' is present

2021-01-13 13:22:11 - [MESSAGE][PASSED] - Object 'Object Repository/Brand/AddBrandPopup/name' is visible

2021-01-13 13:22:11 - [MESSAGE][PASSED] - Object 'Object Repository/Brand/AddBrandPopup/name' is clickable

2021-01-13 13:22:12 - [MESSAGE][PASSED] - Text of object 'Object Repository/Brand/AddBrandPopup/name' is cleared

2021-01-13 13:22:12 - [MESSAGE][PASSED] - Keys 'Brand700' sent to object: 'Object Repository/Brand/AddBrandPopup/name'

2021-01-13 13:22:12 - [MESSAGE][PASSED] - Object 'Object Repository/Brand/AddBrandPopup/AddBrandButtonInAddBrandPopup' is present

2021-01-13 13:22:13 - [MESSAGE][PASSED] - Object 'Object Repository/Brand/AddBrandPopup/AddBrandButtonInAddBrandPopup' is visible

2021-01-13 13:22:13 - [MESSAGE][PASSED] - Object 'Object Repository/Brand/AddBrandPopup/AddBrandButtonInAddBrandPopup' is clickable

2021-01-13 13:22:13 - [MESSAGE][PASSED] - Object: 'Object Repository/Brand/AddBrandPopup/AddBrandButtonInAddBrandPopup' is clicked on

2021-01-13 13:22:13 - [MESSAGE][PASSED] - pages.Brand.addBrand is PASSED

2021-01-13 13:22:13 - [TEST_STEP][PASSED] - println(brandName): null

2021-01-13 13:22:13 - [TEST_STEP][PASSED] - brandeditedname = pages.Brand.editBrandName(brandName): pages.Brand.editBrandName is PASSED

2021-01-13 13:22:15 - [MESSAGE][PASSED] - Object 'Object Repository/Brand/search' is present

2021-01-13 13:22:15 - [MESSAGE][PASSED] - Object 'Object Repository/Brand/search' is visible

2021-01-13 13:22:15 - [MESSAGE][PASSED] - Object 'Object Repository/Brand/search' is clickable

2021-01-13 13:22:16 - [MESSAGE][PASSED] - Text of object 'Object Repository/Brand/search' is cleared

2021-01-13 13:22:16 - [MESSAGE][PASSED] - Keys '' sent to object: 'Object Repository/Brand/search'

2021-01-13 13:22:16 - [MESSAGE][PASSED] - Keys 'B' sent to object: 'Object Repository/Brand/search'

2021-01-13 13:22:17 - [MESSAGE][PASSED] - Keys 'r' sent to object: 'Object Repository/Brand/search'

2021-01-13 13:22:17 - [MESSAGE][PASSED] - Keys 'a' sent to object: 'Object Repository/Brand/search'

2021-01-13 13:22:18 - [MESSAGE][PASSED] - Keys 'n' sent to object: 'Object Repository/Brand/search'

2021-01-13 13:22:19 - [MESSAGE][PASSED] - Keys 'd' sent to object: 'Object Repository/Brand/search'

2021-01-13 13:22:19 - [MESSAGE][PASSED] - Keys '7' sent to object: 'Object Repository/Brand/search'

2021-01-13 13:22:19 - [MESSAGE][PASSED] - Keys '0' sent to object: 'Object Repository/Brand/search'

2021-01-13 13:22:21 - [MESSAGE][PASSED] - Keys '0' sent to object: 'Object Repository/Brand/search'

2021-01-13 13:22:21 - [MESSAGE][PASSED] - Scroll to object 'Object Repository/Brand/createdBrand(brandName)' successfully

2021-01-13 13:22:22 - [MESSAGE][PASSED] - Object 'Object Repository/Brand/createdBrand(brandName)' is visible

2021-01-13 13:22:22 - [MESSAGE][PASSED] - Object 'Object Repository/Brand/createdBrand(brandName)' is present

2021-01-13 13:22:22 - [MESSAGE][PASSED] - Object 'Object Repository/Brand/createdBrand(brandName)' is visible

2021-01-13 13:22:22 - [MESSAGE][PASSED] - Object 'Object Repository/Brand/createdBrand(brandName)' is clickable

2021-01-13 13:22:23 - [MESSAGE][PASSED] - Object: 'Object Repository/Brand/createdBrand(brandName)' is clicked on

2021-01-13 13:22:23 - [MESSAGE][PASSED] - Text of object 'Object Repository/Brand/AddBrandPopup/name' is cleared

2021-01-13 13:22:24 - [MESSAGE][PASSED] - Object 'Object Repository/Brand/AddBrandPopup/name' is present

2021-01-13 13:22:24 - [MESSAGE][PASSED] - Object 'Object Repository/Brand/AddBrandPopup/name' is visible

2021-01-13 13:22:24 - [MESSAGE][PASSED] - Object 'Object Repository/Brand/AddBrandPopup/name' is clickable

2021-01-13 13:22:25 - [MESSAGE][PASSED] - Text of object 'Object Repository/Brand/AddBrandPopup/name' is cleared

2021-01-13 13:22:25 - [MESSAGE][PASSED] - Keys 'editedbrandname9' sent to object: 'Object Repository/Brand/AddBrandPopup/name'

2021-01-13 13:22:26 - [MESSAGE][PASSED] - Object 'Object Repository/Brand/AddBrandPopup/save button' is present

2021-01-13 13:22:26 - [MESSAGE][PASSED] - Object 'Object Repository/Brand/AddBrandPopup/save button' is visible

2021-01-13 13:22:26 - [MESSAGE][PASSED] - Object 'Object Repository/Brand/AddBrandPopup/save button' is clickable

2021-01-13 13:22:27 - [MESSAGE][PASSED] - Object: 'Object Repository/Brand/AddBrandPopup/save button' is clicked on

2021-01-13 13:22:27 - [MESSAGE][PASSED] - Object 'Object Repository/Brand/AddBrandPopup/Close Button' is present

2021-01-13 13:22:27 - [MESSAGE][PASSED] - Object 'Object Repository/Brand/AddBrandPopup/Close Button' is visible

2021-01-13 13:22:28 - [MESSAGE][PASSED] - Object 'Object Repository/Brand/AddBrandPopup/Close Button' is clickable

2021-01-13 13:22:28 - [MESSAGE][PASSED] - Object: 'Object Repository/Brand/AddBrandPopup/Close Button' is clicked on

2021-01-13 13:22:28 - [MESSAGE][PASSED] - pages.Brand.editBrandName is PASSED

2021-01-13 13:22:28 - [TEST_STEP][PASSED] - println(brandeditedname): null

2021-01-13 13:22:28 - [TEST_STEP][PASSED] - pages.Brand.verifyeditedBrandName(brandeditedname): pages.Brand.verifyeditedBrandName is PASSED

2021-01-13 13:22:29 - [MESSAGE][PASSED] - Object 'Object Repository/Brand/search' is present

2021-01-13 13:22:30 - [MESSAGE][PASSED] - Object 'Object Repository/Brand/search' is visible

2021-01-13 13:22:30 - [MESSAGE][PASSED] - Object 'Object Repository/Brand/search' is clickable

2021-01-13 13:22:31 - [MESSAGE][PASSED] - Text of object 'Object Repository/Brand/search' is cleared

2021-01-13 13:22:31 - [MESSAGE][PASSED] - Keys '' sent to object: 'Object Repository/Brand/search'

2021-01-13 13:22:31 - [MESSAGE][PASSED] - Keys 'e' sent to object: 'Object Repository/Brand/search'

2021-01-13 13:22:32 - [MESSAGE][PASSED] - Keys 'd' sent to object: 'Object Repository/Brand/search'

2021-01-13 13:22:33 - [MESSAGE][PASSED] - Keys 'i' sent to object: 'Object Repository/Brand/search'

2021-01-13 13:22:33 - [MESSAGE][PASSED] - Keys 't' sent to object: 'Object Repository/Brand/search'

2021-01-13 13:22:34 - [MESSAGE][PASSED] - Keys 'e' sent to object: 'Object Repository/Brand/search'

2021-01-13 13:22:34 - [MESSAGE][PASSED] - Keys 'd' sent to object: 'Object Repository/Brand/search'

2021-01-13 13:22:34 - [MESSAGE][PASSED] - Keys 'b' sent to object: 'Object Repository/Brand/search'

2021-01-13 13:22:35 - [MESSAGE][PASSED] - Keys 'r' sent to object: 'Object Repository/Brand/search'

2021-01-13 13:22:35 - [MESSAGE][PASSED] - Keys 'a' sent to object: 'Object Repository/Brand/search'

2021-01-13 13:22:36 - [MESSAGE][PASSED] - Keys 'n' sent to object: 'Object Repository/Brand/search'

2021-01-13 13:22:36 - [MESSAGE][PASSED] - Keys 'd' sent to object: 'Object Repository/Brand/search'

2021-01-13 13:22:36 - [MESSAGE][PASSED] - Keys 'n' sent to object: 'Object Repository/Brand/search'

2021-01-13 13:22:37 - [MESSAGE][PASSED] - Keys 'a' sent to object: 'Object Repository/Brand/search'

2021-01-13 13:22:37 - [MESSAGE][PASSED] - Keys 'm' sent to object: 'Object Repository/Brand/search'

2021-01-13 13:22:37 - [MESSAGE][PASSED] - Keys 'e' sent to object: 'Object Repository/Brand/search'

2021-01-13 13:22:38 - [MESSAGE][PASSED] - Keys '9' sent to object: 'Object Repository/Brand/search'

2021-01-13 13:22:38 - [MESSAGE][PASSED] - Object 'Object Repository/Brand/createdBrand(brandName)' is present

2021-01-13 13:22:38 - [MESSAGE][PASSED] - pages.Brand.verifyeditedBrandName is PASSED]]></system-out>
         <system-err><![CDATA[]]></system-err>
      </testcase>
      <testcase name="Test Cases/Admin/Brand/Verify elements on Add Brand popup" time="6.625" classname="Test Cases/Admin/Brand/Verify elements on Add Brand popup" status="PASSED">
         <system-out><![CDATA[2021-01-13 13:22:38 - [TEST_CASE][PASSED] - Test Cases/Admin/Brand/Verify elements on Add Brand popup: Test Cases/Admin/Brand/Verify elements on Add Brand popup

2021-01-13 13:22:38 - [TEST_STEP][PASSED] - Start listener action : login: null

2021-01-13 13:22:38 - [TEST_STEP][PASSED] - Thread.sleep(3000): null

2021-01-13 13:22:41 - [TEST_STEP][PASSED] - url = getUrl(): Current window's url is: 'https://dev-admin.modist.co/dashboard'

2021-01-13 13:22:41 - [MESSAGE][PASSED] - Current window's url is: 'https://dev-admin.modist.co/dashboard'

2021-01-13 13:22:41 - [TEST_STEP][PASSED] - if (!(url.contains("dashboard"))): null

2021-01-13 13:22:41 - [TEST_STEP][PASSED] - pages.Brand.clickBrand(): pages.Brand.clickBrand is PASSED

2021-01-13 13:22:42 - [MESSAGE][PASSED] - Object: 'Object Repository/Brand/clickOnBrandTab' is clicked on

2021-01-13 13:22:42 - [MESSAGE][PASSED] - pages.Brand.clickBrand is PASSED

2021-01-13 13:22:42 - [TEST_STEP][PASSED] - pages.Brand.clickAddBrand(): pages.Brand.clickAddBrand is PASSED

2021-01-13 13:22:42 - [MESSAGE][PASSED] - Object: 'Object Repository/Brand/AddBrandbutton' is clicked on

2021-01-13 13:22:42 - [MESSAGE][PASSED] - pages.Brand.clickAddBrand is PASSED

2021-01-13 13:22:42 - [TEST_STEP][PASSED] - pages.Brand.verifyBrandPopUp(): pages.Brand.verifyBrandPopUp is PASSED

2021-01-13 13:22:43 - [MESSAGE][PASSED] - Object 'Object Repository/Brand/AddBrandPopup/name' is present

2021-01-13 13:22:43 - [MESSAGE][PASSED] - Object 'Object Repository/Brand/AddBrandPopup/Slogan' is present

2021-01-13 13:22:43 - [MESSAGE][PASSED] - Object 'Object Repository/Brand/AddBrandPopup/Bio' is present

2021-01-13 13:22:44 - [MESSAGE][PASSED] - Object 'Object Repository/Brand/AddBrandPopup/cancelButtonAddBrandPopup' is present

2021-01-13 13:22:44 - [MESSAGE][PASSED] - Object 'Object Repository/Brand/AddBrandPopup/cancelButtonAddBrandPopup' is visible

2021-01-13 13:22:44 - [MESSAGE][PASSED] - Object 'Object Repository/Brand/AddBrandPopup/cancelButtonAddBrandPopup' is clickable

2021-01-13 13:22:45 - [MESSAGE][PASSED] - Object: 'Object Repository/Brand/AddBrandPopup/cancelButtonAddBrandPopup' is clicked on

2021-01-13 13:22:45 - [MESSAGE][PASSED] - pages.Brand.verifyBrandPopUp is PASSED]]></system-out>
         <system-err><![CDATA[]]></system-err>
      </testcase>
      <testcase name="Test Cases/Admin/dashboard/Verify Headers" time="6.813" classname="Test Cases/Admin/dashboard/Verify Headers" status="PASSED">
         <system-out><![CDATA[2021-01-13 13:22:45 - [TEST_CASE][PASSED] - Test Cases/Admin/dashboard/Verify Headers: Test Cases/Admin/dashboard/Verify Headers

2021-01-13 13:22:45 - [TEST_STEP][PASSED] - Start listener action : login: null

2021-01-13 13:22:45 - [TEST_STEP][PASSED] - Thread.sleep(3000): null

2021-01-13 13:22:48 - [TEST_STEP][PASSED] - url = getUrl(): Current window's url is: 'https://dev-admin.modist.co/dashboard'

2021-01-13 13:22:48 - [MESSAGE][PASSED] - Current window's url is: 'https://dev-admin.modist.co/dashboard'

2021-01-13 13:22:48 - [TEST_STEP][PASSED] - if (!(url.contains("dashboard"))): null

2021-01-13 13:22:48 - [TEST_STEP][PASSED] - common.uploading.getHeaders(): common.uploading.getHeaders is PASSED

2021-01-13 13:22:49 - [MESSAGE][PASSED] - Text of object 'Object Repository/CommonButtons/getHeaders' is: 'Journey'

2021-01-13 13:22:49 - [MESSAGE][PASSED] - Text of object 'Object Repository/CommonButtons/getHeaders' is: 'Tenant'

2021-01-13 13:22:49 - [MESSAGE][PASSED] - Text of object 'Object Repository/CommonButtons/getHeaders' is: 'User'

2021-01-13 13:22:50 - [MESSAGE][PASSED] - Text of object 'Object Repository/CommonButtons/getHeaders' is: 'Brand'

2021-01-13 13:22:50 - [MESSAGE][PASSED] - Text of object 'Object Repository/CommonButtons/getHeaders' is: 'Section'

2021-01-13 13:22:50 - [MESSAGE][PASSED] - Text of object 'Object Repository/CommonButtons/getHeaders' is: 'Asset'

2021-01-13 13:22:51 - [MESSAGE][PASSED] - Text of object 'Object Repository/CommonButtons/getHeaders' is: 'Product'

2021-01-13 13:22:51 - [MESSAGE][PASSED] - Text of object 'Object Repository/CommonButtons/getHeaders' is: 'Asset Source'

2021-01-13 13:22:52 - [MESSAGE][PASSED] - Text of object 'Object Repository/CommonButtons/getHeaders' is: 'Tags'

2021-01-13 13:22:52 - [MESSAGE][PASSED] - common.uploading.getHeaders is PASSED]]></system-out>
         <system-err><![CDATA[]]></system-err>
      </testcase>
      <testcase name="Test Cases/Admin/dashboard/verifyUrlAfterLogin" time="13.294" classname="Test Cases/Admin/dashboard/verifyUrlAfterLogin" status="PASSED">
         <system-out><![CDATA[2021-01-13 13:22:52 - [TEST_CASE][PASSED] - Test Cases/Admin/dashboard/verifyUrlAfterLogin: Test Cases/Admin/dashboard/verifyUrlAfterLogin

2021-01-13 13:22:52 - [TEST_STEP][PASSED] - Start listener action : login: null

2021-01-13 13:22:52 - [TEST_STEP][PASSED] - Thread.sleep(3000): null

2021-01-13 13:22:55 - [TEST_STEP][PASSED] - url = getUrl(): Current window's url is: 'https://dev-admin.modist.co/dashboard'

2021-01-13 13:22:55 - [MESSAGE][PASSED] - Current window's url is: 'https://dev-admin.modist.co/dashboard'

2021-01-13 13:22:55 - [TEST_STEP][PASSED] - if (!(url.contains("dashboard"))): null

2021-01-13 13:22:55 - [TEST_STEP][PASSED] - verification.Verification.getUrlAndVerify("dashboard", "you are not in a dashboard page"): verification.Verification.getUrlAndVerify is PASSED

2021-01-13 13:23:05 - [MESSAGE][PASSED] - Delayed 10 second(s)

2021-01-13 13:23:05 - [MESSAGE][PASSED] - Current window's url is: 'https://dev-admin.modist.co/dashboard'

2021-01-13 13:23:05 - [MESSAGE][PASSED] - verification.Verification.getUrlAndVerify is PASSED]]></system-out>
         <system-err><![CDATA[]]></system-err>
      </testcase>
      <testcase name="Test Cases/Admin/Journey/addJournyAndVerifyItisAdded" time="20.594" classname="Test Cases/Admin/Journey/addJournyAndVerifyItisAdded" status="PASSED">
         <system-out><![CDATA[2021-01-13 13:23:05 - [TEST_CASE][PASSED] - Test Cases/Admin/Journey/addJournyAndVerifyItisAdded: Test Cases/Admin/Journey/addJournyAndVerifyItisAdded

2021-01-13 13:23:05 - [TEST_STEP][PASSED] - Start listener action : login: null

2021-01-13 13:23:05 - [TEST_STEP][PASSED] - Thread.sleep(3000): null

2021-01-13 13:23:08 - [TEST_STEP][PASSED] - url = getUrl(): Current window's url is: 'https://dev-admin.modist.co/dashboard'

2021-01-13 13:23:08 - [MESSAGE][PASSED] - Current window's url is: 'https://dev-admin.modist.co/dashboard'

2021-01-13 13:23:08 - [TEST_STEP][PASSED] - if (!(url.contains("dashboard"))): null

2021-01-13 13:23:08 - [TEST_STEP][PASSED] - pages.Journey.clickOnJourneyTab(): pages.Journey.clickOnJourneyTab is PASSED

2021-01-13 13:23:08 - [MESSAGE][PASSED] - Object 'Object Repository/Journey/Journeytab' is present

2021-01-13 13:23:09 - [MESSAGE][PASSED] - Object 'Object Repository/Journey/Journeytab' is visible

2021-01-13 13:23:09 - [MESSAGE][PASSED] - Object 'Object Repository/Journey/Journeytab' is clickable

2021-01-13 13:23:09 - [MESSAGE][PASSED] - Object: 'Object Repository/Journey/Journeytab' is clicked on

2021-01-13 13:23:09 - [MESSAGE][PASSED] - pages.Journey.clickOnJourneyTab is PASSED

2021-01-13 13:23:09 - [TEST_STEP][PASSED] - journeyName = pages.Journey.addJourney(): pages.Journey.addJourney is PASSED

2021-01-13 13:23:10 - [MESSAGE][PASSED] - Object 'Object Repository/Journey/Add Journey/AddJourneyButton' is present

2021-01-13 13:23:10 - [MESSAGE][PASSED] - Object 'Object Repository/Journey/Add Journey/AddJourneyButton' is visible

2021-01-13 13:23:11 - [MESSAGE][PASSED] - Object 'Object Repository/Journey/Add Journey/AddJourneyButton' is clickable

2021-01-13 13:23:11 - [MESSAGE][PASSED] - Object: 'Object Repository/Journey/Add Journey/AddJourneyButton' is clicked on

2021-01-13 13:23:12 - [MESSAGE][PASSED] - Object 'Object Repository/Journey/Add Journey/journeyName' is present

2021-01-13 13:23:13 - [MESSAGE][PASSED] - Object 'Object Repository/Journey/Add Journey/journeyName' is visible

2021-01-13 13:23:13 - [MESSAGE][PASSED] - Object 'Object Repository/Journey/Add Journey/journeyName' is clickable

2021-01-13 13:23:13 - [MESSAGE][PASSED] - Text of object 'Object Repository/Journey/Add Journey/journeyName' is cleared

2021-01-13 13:23:14 - [MESSAGE][PASSED] - Keys 'journeyName755' sent to object: 'Object Repository/Journey/Add Journey/journeyName'

2021-01-13 13:23:14 - [MESSAGE][PASSED] - Object 'Object Repository/Journey/Add Journey/addJourneyInAddJourneyPopUp' is present

2021-01-13 13:23:14 - [MESSAGE][PASSED] - Object 'Object Repository/Journey/Add Journey/addJourneyInAddJourneyPopUp' is visible

2021-01-13 13:23:15 - [MESSAGE][PASSED] - Object 'Object Repository/Journey/Add Journey/addJourneyInAddJourneyPopUp' is clickable

2021-01-13 13:23:15 - [MESSAGE][PASSED] - Object: 'Object Repository/Journey/Add Journey/addJourneyInAddJourneyPopUp' is clicked on

2021-01-13 13:23:15 - [MESSAGE][PASSED] - pages.Journey.addJourney is PASSED

2021-01-13 13:23:15 - [TEST_STEP][PASSED] - pages.Journey.verifyJourneyAdded(journeyName): pages.Journey.verifyJourneyAdded is PASSED

2021-01-13 13:23:16 - [MESSAGE][PASSED] - Object 'Object Repository/Journey/journrySearchInput' is present

2021-01-13 13:23:16 - [MESSAGE][PASSED] - Object 'Object Repository/Journey/journrySearchInput' is visible

2021-01-13 13:23:17 - [MESSAGE][PASSED] - Object 'Object Repository/Journey/journrySearchInput' is clickable

2021-01-13 13:23:17 - [MESSAGE][PASSED] - Text of object 'Object Repository/Journey/journrySearchInput' is cleared

2021-01-13 13:23:18 - [MESSAGE][PASSED] - Keys '' sent to object: 'Object Repository/Journey/journrySearchInput'

2021-01-13 13:23:18 - [MESSAGE][PASSED] - Keys 'j' sent to object: 'Object Repository/Journey/journrySearchInput'

2021-01-13 13:23:18 - [MESSAGE][PASSED] - Keys 'o' sent to object: 'Object Repository/Journey/journrySearchInput'

2021-01-13 13:23:19 - [MESSAGE][PASSED] - Keys 'u' sent to object: 'Object Repository/Journey/journrySearchInput'

2021-01-13 13:23:20 - [MESSAGE][PASSED] - Keys 'r' sent to object: 'Object Repository/Journey/journrySearchInput'

2021-01-13 13:23:21 - [MESSAGE][PASSED] - Keys 'n' sent to object: 'Object Repository/Journey/journrySearchInput'

2021-01-13 13:23:21 - [MESSAGE][PASSED] - Keys 'e' sent to object: 'Object Repository/Journey/journrySearchInput'

2021-01-13 13:23:21 - [MESSAGE][PASSED] - Keys 'y' sent to object: 'Object Repository/Journey/journrySearchInput'

2021-01-13 13:23:22 - [MESSAGE][PASSED] - Keys 'N' sent to object: 'Object Repository/Journey/journrySearchInput'

2021-01-13 13:23:22 - [MESSAGE][PASSED] - Keys 'a' sent to object: 'Object Repository/Journey/journrySearchInput'

2021-01-13 13:23:23 - [MESSAGE][PASSED] - Keys 'm' sent to object: 'Object Repository/Journey/journrySearchInput'

2021-01-13 13:23:23 - [MESSAGE][PASSED] - Keys 'e' sent to object: 'Object Repository/Journey/journrySearchInput'

2021-01-13 13:23:24 - [MESSAGE][PASSED] - Keys '7' sent to object: 'Object Repository/Journey/journrySearchInput'

2021-01-13 13:23:24 - [MESSAGE][PASSED] - Keys '5' sent to object: 'Object Repository/Journey/journrySearchInput'

2021-01-13 13:23:25 - [MESSAGE][PASSED] - Keys '5' sent to object: 'Object Repository/Journey/journrySearchInput'

2021-01-13 13:23:25 - [MESSAGE][PASSED] - Object 'Object Repository/Journey/JourneyName(journeyName)' is present

2021-01-13 13:23:25 - [MESSAGE][PASSED] - pages.Journey.verifyJourneyAdded is PASSED]]></system-out>
         <system-err><![CDATA[]]></system-err>
      </testcase>
      <testcase name="Test Cases/Admin/Journey/cloneJourneyAndVerifyisitCloned" time="38.469" classname="Test Cases/Admin/Journey/cloneJourneyAndVerifyisitCloned" status="PASSED">
         <system-out><![CDATA[2021-01-13 13:23:25 - [TEST_CASE][PASSED] - Test Cases/Admin/Journey/cloneJourneyAndVerifyisitCloned: Test Cases/Admin/Journey/cloneJourneyAndVerifyisitCloned

2021-01-13 13:23:25 - [TEST_STEP][PASSED] - Start listener action : login: null

2021-01-13 13:23:25 - [TEST_STEP][PASSED] - Thread.sleep(3000): null

2021-01-13 13:23:28 - [TEST_STEP][PASSED] - url = getUrl(): Current window's url is: 'https://dev-admin.modist.co/dashboard'

2021-01-13 13:23:28 - [MESSAGE][PASSED] - Current window's url is: 'https://dev-admin.modist.co/dashboard'

2021-01-13 13:23:28 - [TEST_STEP][PASSED] - if (!(url.contains("dashboard"))): null

2021-01-13 13:23:29 - [TEST_STEP][PASSED] - pages.Journey.clickOnJourneyTab(): pages.Journey.clickOnJourneyTab is PASSED

2021-01-13 13:23:29 - [MESSAGE][PASSED] - Object 'Object Repository/Journey/Journeytab' is present

2021-01-13 13:23:29 - [MESSAGE][PASSED] - Object 'Object Repository/Journey/Journeytab' is visible

2021-01-13 13:23:30 - [MESSAGE][PASSED] - Object 'Object Repository/Journey/Journeytab' is clickable

2021-01-13 13:23:30 - [MESSAGE][PASSED] - Object: 'Object Repository/Journey/Journeytab' is clicked on

2021-01-13 13:23:30 - [MESSAGE][PASSED] - pages.Journey.clickOnJourneyTab is PASSED

2021-01-13 13:23:30 - [TEST_STEP][PASSED] - journeyName = pages.Journey.addJourney(): pages.Journey.addJourney is PASSED

2021-01-13 13:23:30 - [MESSAGE][PASSED] - Object 'Object Repository/Journey/Add Journey/AddJourneyButton' is present

2021-01-13 13:23:31 - [MESSAGE][PASSED] - Object 'Object Repository/Journey/Add Journey/AddJourneyButton' is visible

2021-01-13 13:23:31 - [MESSAGE][PASSED] - Object 'Object Repository/Journey/Add Journey/AddJourneyButton' is clickable

2021-01-13 13:23:31 - [MESSAGE][PASSED] - Object: 'Object Repository/Journey/Add Journey/AddJourneyButton' is clicked on

2021-01-13 13:23:32 - [MESSAGE][PASSED] - Object 'Object Repository/Journey/Add Journey/journeyName' is present

2021-01-13 13:23:32 - [MESSAGE][PASSED] - Object 'Object Repository/Journey/Add Journey/journeyName' is visible

2021-01-13 13:23:33 - [MESSAGE][PASSED] - Object 'Object Repository/Journey/Add Journey/journeyName' is clickable

2021-01-13 13:23:33 - [MESSAGE][PASSED] - Text of object 'Object Repository/Journey/Add Journey/journeyName' is cleared

2021-01-13 13:23:33 - [MESSAGE][PASSED] - Keys 'journeyName25' sent to object: 'Object Repository/Journey/Add Journey/journeyName'

2021-01-13 13:23:34 - [MESSAGE][PASSED] - Object 'Object Repository/Journey/Add Journey/addJourneyInAddJourneyPopUp' is present

2021-01-13 13:23:34 - [MESSAGE][PASSED] - Object 'Object Repository/Journey/Add Journey/addJourneyInAddJourneyPopUp' is visible

2021-01-13 13:23:34 - [MESSAGE][PASSED] - Object 'Object Repository/Journey/Add Journey/addJourneyInAddJourneyPopUp' is clickable

2021-01-13 13:23:35 - [MESSAGE][PASSED] - Object: 'Object Repository/Journey/Add Journey/addJourneyInAddJourneyPopUp' is clicked on

2021-01-13 13:23:35 - [MESSAGE][PASSED] - pages.Journey.addJourney is PASSED

2021-01-13 13:23:35 - [TEST_STEP][PASSED] - pages.Journey.cloneJourney(journeyName): pages.Journey.cloneJourney is PASSED

2021-01-13 13:23:35 - [MESSAGE][PASSED] - Object 'Object Repository/Journey/journrySearchInput' is present

2021-01-13 13:23:36 - [MESSAGE][PASSED] - Object 'Object Repository/Journey/journrySearchInput' is visible

2021-01-13 13:23:37 - [MESSAGE][PASSED] - Object 'Object Repository/Journey/journrySearchInput' is clickable

2021-01-13 13:23:37 - [MESSAGE][PASSED] - Text of object 'Object Repository/Journey/journrySearchInput' is cleared

2021-01-13 13:23:37 - [MESSAGE][PASSED] - Keys '' sent to object: 'Object Repository/Journey/journrySearchInput'

2021-01-13 13:23:38 - [MESSAGE][PASSED] - Keys 'j' sent to object: 'Object Repository/Journey/journrySearchInput'

2021-01-13 13:23:38 - [MESSAGE][PASSED] - Keys 'o' sent to object: 'Object Repository/Journey/journrySearchInput'

2021-01-13 13:23:39 - [MESSAGE][PASSED] - Keys 'u' sent to object: 'Object Repository/Journey/journrySearchInput'

2021-01-13 13:23:40 - [MESSAGE][PASSED] - Keys 'r' sent to object: 'Object Repository/Journey/journrySearchInput'

2021-01-13 13:23:40 - [MESSAGE][PASSED] - Keys 'n' sent to object: 'Object Repository/Journey/journrySearchInput'

2021-01-13 13:23:41 - [MESSAGE][PASSED] - Keys 'e' sent to object: 'Object Repository/Journey/journrySearchInput'

2021-01-13 13:23:41 - [MESSAGE][PASSED] - Keys 'y' sent to object: 'Object Repository/Journey/journrySearchInput'

2021-01-13 13:23:42 - [MESSAGE][PASSED] - Keys 'N' sent to object: 'Object Repository/Journey/journrySearchInput'

2021-01-13 13:23:42 - [MESSAGE][PASSED] - Keys 'a' sent to object: 'Object Repository/Journey/journrySearchInput'

2021-01-13 13:23:43 - [MESSAGE][PASSED] - Keys 'm' sent to object: 'Object Repository/Journey/journrySearchInput'

2021-01-13 13:23:44 - [MESSAGE][PASSED] - Keys 'e' sent to object: 'Object Repository/Journey/journrySearchInput'

2021-01-13 13:23:44 - [MESSAGE][PASSED] - Keys '2' sent to object: 'Object Repository/Journey/journrySearchInput'

2021-01-13 13:23:44 - [MESSAGE][PASSED] - Keys '5' sent to object: 'Object Repository/Journey/journrySearchInput'

2021-01-13 13:23:46 - [MESSAGE][PASSED] - Object 'Object Repository/Journey/journey cloning/threedots(journeyName)' is present

2021-01-13 13:23:46 - [MESSAGE][PASSED] - Object 'Object Repository/Journey/journey cloning/threedots(journeyName)' is visible

2021-01-13 13:23:46 - [MESSAGE][PASSED] - Object 'Object Repository/Journey/journey cloning/threedots(journeyName)' is present

2021-01-13 13:23:47 - [MESSAGE][PASSED] - Object 'Object Repository/Journey/journey cloning/threedots(journeyName)' is visible

2021-01-13 13:23:47 - [MESSAGE][PASSED] - Object 'Object Repository/Journey/journey cloning/threedots(journeyName)' is clickable

2021-01-13 13:23:47 - [MESSAGE][PASSED] - Object: 'Object Repository/Journey/journey cloning/threedots(journeyName)' is clicked on

2021-01-13 13:23:48 - [MESSAGE][PASSED] - Object 'Object Repository/Journey/journey cloning/cloneButton' is present

2021-01-13 13:23:48 - [MESSAGE][PASSED] - Object 'Object Repository/Journey/journey cloning/cloneButton' is visible

2021-01-13 13:23:49 - [MESSAGE][PASSED] - Object 'Object Repository/Journey/journey cloning/cloneButton' is clickable

2021-01-13 13:23:49 - [MESSAGE][PASSED] - Object: 'Object Repository/Journey/journey cloning/cloneButton' is clicked on

2021-01-13 13:23:49 - [MESSAGE][PASSED] - pages.Journey.cloneJourney is PASSED

2021-01-13 13:23:49 - [TEST_STEP][PASSED] - pages.Journey.verifyJourneyCloned(journeyName): pages.Journey.verifyJourneyCloned is PASSED

2021-01-13 13:23:49 - [MESSAGE][PASSED] - Object 'Object Repository/Journey/journrySearchInput' is present

2021-01-13 13:23:50 - [MESSAGE][PASSED] - Object 'Object Repository/Journey/journrySearchInput' is visible

2021-01-13 13:23:50 - [MESSAGE][PASSED] - Object 'Object Repository/Journey/journrySearchInput' is clickable

2021-01-13 13:23:50 - [MESSAGE][PASSED] - Text of object 'Object Repository/Journey/journrySearchInput' is cleared

2021-01-13 13:23:51 - [MESSAGE][PASSED] - Keys '' sent to object: 'Object Repository/Journey/journrySearchInput'

2021-01-13 13:23:51 - [MESSAGE][PASSED] - Keys 'j' sent to object: 'Object Repository/Journey/journrySearchInput'

2021-01-13 13:23:51 - [MESSAGE][PASSED] - Keys 'o' sent to object: 'Object Repository/Journey/journrySearchInput'

2021-01-13 13:23:53 - [MESSAGE][PASSED] - Keys 'u' sent to object: 'Object Repository/Journey/journrySearchInput'

2021-01-13 13:23:53 - [MESSAGE][PASSED] - Keys 'r' sent to object: 'Object Repository/Journey/journrySearchInput'

2021-01-13 13:23:54 - [MESSAGE][PASSED] - Keys 'n' sent to object: 'Object Repository/Journey/journrySearchInput'

2021-01-13 13:23:54 - [MESSAGE][PASSED] - Keys 'e' sent to object: 'Object Repository/Journey/journrySearchInput'

2021-01-13 13:23:55 - [MESSAGE][PASSED] - Keys 'y' sent to object: 'Object Repository/Journey/journrySearchInput'

2021-01-13 13:23:55 - [MESSAGE][PASSED] - Keys 'N' sent to object: 'Object Repository/Journey/journrySearchInput'

2021-01-13 13:23:56 - [MESSAGE][PASSED] - Keys 'a' sent to object: 'Object Repository/Journey/journrySearchInput'

2021-01-13 13:23:56 - [MESSAGE][PASSED] - Keys 'm' sent to object: 'Object Repository/Journey/journrySearchInput'

2021-01-13 13:23:57 - [MESSAGE][PASSED] - Keys 'e' sent to object: 'Object Repository/Journey/journrySearchInput'

2021-01-13 13:23:57 - [MESSAGE][PASSED] - Keys '2' sent to object: 'Object Repository/Journey/journrySearchInput'

2021-01-13 13:23:57 - [MESSAGE][PASSED] - Keys '5' sent to object: 'Object Repository/Journey/journrySearchInput'

2021-01-13 13:23:58 - [MESSAGE][PASSED] - Keys ' ' sent to object: 'Object Repository/Journey/journrySearchInput'

2021-01-13 13:23:59 - [MESSAGE][PASSED] - Keys '(' sent to object: 'Object Repository/Journey/journrySearchInput'

2021-01-13 13:24:00 - [MESSAGE][PASSED] - Keys 'd' sent to object: 'Object Repository/Journey/journrySearchInput'

2021-01-13 13:24:00 - [MESSAGE][PASSED] - Keys 'u' sent to object: 'Object Repository/Journey/journrySearchInput'

2021-01-13 13:24:01 - [MESSAGE][PASSED] - Keys 'p' sent to object: 'Object Repository/Journey/journrySearchInput'

2021-01-13 13:24:01 - [MESSAGE][PASSED] - Keys 'l' sent to object: 'Object Repository/Journey/journrySearchInput'

2021-01-13 13:24:01 - [MESSAGE][PASSED] - Keys 'i' sent to object: 'Object Repository/Journey/journrySearchInput'

2021-01-13 13:24:02 - [MESSAGE][PASSED] - Keys 'c' sent to object: 'Object Repository/Journey/journrySearchInput'

2021-01-13 13:24:02 - [MESSAGE][PASSED] - Keys 'a' sent to object: 'Object Repository/Journey/journrySearchInput'

2021-01-13 13:24:02 - [MESSAGE][PASSED] - Keys 't' sent to object: 'Object Repository/Journey/journrySearchInput'

2021-01-13 13:24:03 - [MESSAGE][PASSED] - Keys 'e' sent to object: 'Object Repository/Journey/journrySearchInput'

2021-01-13 13:24:03 - [MESSAGE][PASSED] - Keys ')' sent to object: 'Object Repository/Journey/journrySearchInput'

2021-01-13 13:24:04 - [MESSAGE][PASSED] - Object 'Object Repository/Journey/journey cloning/clonedJourney(journeyName)' is present

2021-01-13 13:24:04 - [MESSAGE][PASSED] - Object 'Object Repository/Journey/journey cloning/clonedJourney(journeyName)' is present

2021-01-13 13:24:04 - [MESSAGE][PASSED] - pages.Journey.verifyJourneyCloned is PASSED]]></system-out>
         <system-err><![CDATA[]]></system-err>
      </testcase>
      <testcase name="Test Cases/Admin/Journey/createAccessCodeForJourneyAndVerifyIsTheCodeSuccessfullyCreated" time="52.58" classname="Test Cases/Admin/Journey/createAccessCodeForJourneyAndVerifyIsTheCodeSuccessfullyCreated" status="PASSED">
         <system-out><![CDATA[2021-01-13 13:24:04 - [TEST_CASE][PASSED] - Test Cases/Admin/Journey/createAccessCodeForJourneyAndVerifyIsTheCodeSuccessfullyCreated: Test Cases/Admin/Journey/createAccessCodeForJourneyAndVerifyIsTheCodeSuccessfullyCreated

2021-01-13 13:24:04 - [TEST_STEP][PASSED] - Start listener action : login: null

2021-01-13 13:24:04 - [TEST_STEP][PASSED] - Thread.sleep(3000): null

2021-01-13 13:24:07 - [TEST_STEP][PASSED] - url = getUrl(): Current window's url is: 'https://dev-admin.modist.co/dashboard'

2021-01-13 13:24:07 - [MESSAGE][PASSED] - Current window's url is: 'https://dev-admin.modist.co/dashboard'

2021-01-13 13:24:07 - [TEST_STEP][PASSED] - if (!(url.contains("dashboard"))): null

2021-01-13 13:24:07 - [TEST_STEP][PASSED] - pages.Journey.clickOnJourneyTab(): pages.Journey.clickOnJourneyTab is PASSED

2021-01-13 13:24:07 - [MESSAGE][PASSED] - Object 'Object Repository/Journey/Journeytab' is present

2021-01-13 13:24:08 - [MESSAGE][PASSED] - Object 'Object Repository/Journey/Journeytab' is visible

2021-01-13 13:24:08 - [MESSAGE][PASSED] - Object 'Object Repository/Journey/Journeytab' is clickable

2021-01-13 13:24:08 - [MESSAGE][PASSED] - Object: 'Object Repository/Journey/Journeytab' is clicked on

2021-01-13 13:24:08 - [MESSAGE][PASSED] - pages.Journey.clickOnJourneyTab is PASSED

2021-01-13 13:24:08 - [TEST_STEP][PASSED] - journeyName = pages.Journey.getRandomJourneyName(): pages.Journey.getRandomJourneyName is PASSED

2021-01-13 13:24:09 - [MESSAGE][PASSED] - Object 'Object Repository/Journey/toGetJourneysCount' is present

2021-01-13 13:24:09 - [MESSAGE][PASSED] - Object 'Object Repository/Journey/toGetJourneysCount' is present

2021-01-13 13:24:10 - [MESSAGE][PASSED] - Text of object 'Object Repository/Journey/toPickrandomJourney(index)' is: 'journeyName25 (duplicate)'

2021-01-13 13:24:10 - [MESSAGE][PASSED] - pages.Journey.getRandomJourneyName is PASSED

2021-01-13 13:24:10 - [TEST_STEP][PASSED] - accessCode = pages.Journey.getRandomAccessCode(): pages.Journey.getRandomAccessCode is PASSED

2021-01-13 13:24:10 - [MESSAGE][PASSED] - pages.Journey.getRandomAccessCode is PASSED

2021-01-13 13:24:10 - [TEST_STEP][PASSED] - useLimit = pages.Journey.getRandomCount(): pages.Journey.getRandomCount is PASSED

2021-01-13 13:24:10 - [MESSAGE][PASSED] - pages.Journey.getRandomCount is PASSED

2021-01-13 13:24:10 - [TEST_STEP][PASSED] - accessCode = pages.Journey.createAccessCodeInJourney(journeyName, accessCode, useLimit): pages.Journey.createAccessCodeInJourney is PASSED

2021-01-13 13:24:10 - [MESSAGE][PASSED] - Object 'Object Repository/Journey/journrySearchInput' is present

2021-01-13 13:24:10 - [MESSAGE][PASSED] - Object 'Object Repository/Journey/journrySearchInput' is visible

2021-01-13 13:24:11 - [MESSAGE][PASSED] - Object 'Object Repository/Journey/journrySearchInput' is clickable

2021-01-13 13:24:11 - [MESSAGE][PASSED] - Text of object 'Object Repository/Journey/journrySearchInput' is cleared

2021-01-13 13:24:11 - [MESSAGE][PASSED] - Keys '' sent to object: 'Object Repository/Journey/journrySearchInput'

2021-01-13 13:24:12 - [MESSAGE][PASSED] - Keys 'j' sent to object: 'Object Repository/Journey/journrySearchInput'

2021-01-13 13:24:12 - [MESSAGE][PASSED] - Keys 'o' sent to object: 'Object Repository/Journey/journrySearchInput'

2021-01-13 13:24:12 - [MESSAGE][PASSED] - Keys 'u' sent to object: 'Object Repository/Journey/journrySearchInput'

2021-01-13 13:24:13 - [MESSAGE][PASSED] - Keys 'r' sent to object: 'Object Repository/Journey/journrySearchInput'

2021-01-13 13:24:14 - [MESSAGE][PASSED] - Keys 'n' sent to object: 'Object Repository/Journey/journrySearchInput'

2021-01-13 13:24:15 - [MESSAGE][PASSED] - Keys 'e' sent to object: 'Object Repository/Journey/journrySearchInput'

2021-01-13 13:24:15 - [MESSAGE][PASSED] - Keys 'y' sent to object: 'Object Repository/Journey/journrySearchInput'

2021-01-13 13:24:16 - [MESSAGE][PASSED] - Keys 'N' sent to object: 'Object Repository/Journey/journrySearchInput'

2021-01-13 13:24:16 - [MESSAGE][PASSED] - Keys 'a' sent to object: 'Object Repository/Journey/journrySearchInput'

2021-01-13 13:24:17 - [MESSAGE][PASSED] - Keys 'm' sent to object: 'Object Repository/Journey/journrySearchInput'

2021-01-13 13:24:18 - [MESSAGE][PASSED] - Keys 'e' sent to object: 'Object Repository/Journey/journrySearchInput'

2021-01-13 13:24:18 - [MESSAGE][PASSED] - Keys '2' sent to object: 'Object Repository/Journey/journrySearchInput'

2021-01-13 13:24:18 - [MESSAGE][PASSED] - Keys '5' sent to object: 'Object Repository/Journey/journrySearchInput'

2021-01-13 13:24:20 - [MESSAGE][PASSED] - Keys ' ' sent to object: 'Object Repository/Journey/journrySearchInput'

2021-01-13 13:24:21 - [MESSAGE][PASSED] - Keys '(' sent to object: 'Object Repository/Journey/journrySearchInput'

2021-01-13 13:24:22 - [MESSAGE][PASSED] - Keys 'd' sent to object: 'Object Repository/Journey/journrySearchInput'

2021-01-13 13:24:22 - [MESSAGE][PASSED] - Keys 'u' sent to object: 'Object Repository/Journey/journrySearchInput'

2021-01-13 13:24:22 - [MESSAGE][PASSED] - Keys 'p' sent to object: 'Object Repository/Journey/journrySearchInput'

2021-01-13 13:24:23 - [MESSAGE][PASSED] - Keys 'l' sent to object: 'Object Repository/Journey/journrySearchInput'

2021-01-13 13:24:23 - [MESSAGE][PASSED] - Keys 'i' sent to object: 'Object Repository/Journey/journrySearchInput'

2021-01-13 13:24:23 - [MESSAGE][PASSED] - Keys 'c' sent to object: 'Object Repository/Journey/journrySearchInput'

2021-01-13 13:24:24 - [MESSAGE][PASSED] - Keys 'a' sent to object: 'Object Repository/Journey/journrySearchInput'

2021-01-13 13:24:24 - [MESSAGE][PASSED] - Keys 't' sent to object: 'Object Repository/Journey/journrySearchInput'

2021-01-13 13:24:25 - [MESSAGE][PASSED] - Keys 'e' sent to object: 'Object Repository/Journey/journrySearchInput'

2021-01-13 13:24:25 - [MESSAGE][PASSED] - Keys ')' sent to object: 'Object Repository/Journey/journrySearchInput'

2021-01-13 13:24:25 - [MESSAGE][PASSED] - Object 'Object Repository/Journey/clickVerifyingJourney(journeyName)' is present

2021-01-13 13:24:26 - [MESSAGE][PASSED] - Object 'Object Repository/Journey/clickVerifyingJourney(journeyName)' is visible

2021-01-13 13:24:26 - [MESSAGE][PASSED] - Object 'Object Repository/Journey/clickVerifyingJourney(journeyName)' is clickable

2021-01-13 13:24:26 - [MESSAGE][PASSED] - Object: 'Object Repository/Journey/clickVerifyingJourney(journeyName)' is clicked on

2021-01-13 13:24:27 - [MESSAGE][PASSED] - Scroll to object 'Object Repository/Journey/Current Access Codes/currentAccessCodeField' successfully

2021-01-13 13:24:28 - [MESSAGE][PASSED] - Object 'Object Repository/Journey/Current Access Codes/currentAccessCodeField' is present

2021-01-13 13:24:28 - [MESSAGE][PASSED] - Object 'Object Repository/Journey/Current Access Codes/plusButton' is present

2021-01-13 13:24:28 - [MESSAGE][PASSED] - Object 'Object Repository/Journey/Current Access Codes/plusButton' is visible

2021-01-13 13:24:29 - [MESSAGE][PASSED] - Object 'Object Repository/Journey/Current Access Codes/plusButton' is clickable

2021-01-13 13:24:29 - [MESSAGE][PASSED] - Object: 'Object Repository/Journey/Current Access Codes/plusButton' is clicked on

2021-01-13 13:24:29 - [MESSAGE][PASSED] - Object 'Object Repository/Journey/Current Access Codes/accessCode' is present

2021-01-13 13:24:30 - [MESSAGE][PASSED] - Object 'Object Repository/Journey/Current Access Codes/accessCode' is visible

2021-01-13 13:24:30 - [MESSAGE][PASSED] - Object 'Object Repository/Journey/Current Access Codes/accessCode' is clickable

2021-01-13 13:24:30 - [MESSAGE][PASSED] - Text of object 'Object Repository/Journey/Current Access Codes/accessCode' is cleared

2021-01-13 13:24:31 - [MESSAGE][PASSED] - Keys 'access12' sent to object: 'Object Repository/Journey/Current Access Codes/accessCode'

2021-01-13 13:24:31 - [MESSAGE][PASSED] - Object 'Object Repository/Journey/Current Access Codes/codeUsageCount' is present

2021-01-13 13:24:31 - [MESSAGE][PASSED] - Object 'Object Repository/Journey/Current Access Codes/codeUsageCount' is visible

2021-01-13 13:24:32 - [MESSAGE][PASSED] - Object 'Object Repository/Journey/Current Access Codes/codeUsageCount' is clickable

2021-01-13 13:24:32 - [MESSAGE][PASSED] - Text of object 'Object Repository/Journey/Current Access Codes/codeUsageCount' is cleared

2021-01-13 13:24:32 - [MESSAGE][PASSED] - Keys '1' sent to object: 'Object Repository/Journey/Current Access Codes/codeUsageCount'

2021-01-13 13:24:33 - [MESSAGE][PASSED] - Object 'Object Repository/Journey/Current Access Codes/getCodeButton' is present

2021-01-13 13:24:33 - [MESSAGE][PASSED] - Object 'Object Repository/Journey/Current Access Codes/getCodeButton' is visible

2021-01-13 13:24:33 - [MESSAGE][PASSED] - Object 'Object Repository/Journey/Current Access Codes/getCodeButton' is clickable

2021-01-13 13:24:34 - [MESSAGE][PASSED] - Object: 'Object Repository/Journey/Current Access Codes/getCodeButton' is clicked on

2021-01-13 13:24:34 - [MESSAGE][PASSED] - Object 'Object Repository/CommonButtons/Close' is present

2021-01-13 13:24:35 - [MESSAGE][PASSED] - Object 'Object Repository/CommonButtons/Close' is visible

2021-01-13 13:24:35 - [MESSAGE][PASSED] - Object 'Object Repository/CommonButtons/Close' is clickable

2021-01-13 13:24:36 - [MESSAGE][PASSED] - Object: 'Object Repository/CommonButtons/Close' is clicked on

2021-01-13 13:24:36 - [MESSAGE][PASSED] - pages.Journey.createAccessCodeInJourney is PASSED

2021-01-13 13:24:36 - [TEST_STEP][PASSED] - pages.Journey.verifyTheCreatedAccessCode(journeyName, accessCode): pages.Journey.verifyTheCreatedAccessCode is PASSED

2021-01-13 13:24:36 - [MESSAGE][PASSED] - Object 'Object Repository/Journey/journrySearchInput' is present

2021-01-13 13:24:37 - [MESSAGE][PASSED] - Object 'Object Repository/Journey/journrySearchInput' is visible

2021-01-13 13:24:37 - [MESSAGE][PASSED] - Object 'Object Repository/Journey/journrySearchInput' is clickable

2021-01-13 13:24:38 - [MESSAGE][PASSED] - Text of object 'Object Repository/Journey/journrySearchInput' is cleared

2021-01-13 13:24:38 - [MESSAGE][PASSED] - Keys '' sent to object: 'Object Repository/Journey/journrySearchInput'

2021-01-13 13:24:38 - [MESSAGE][PASSED] - Keys 'j' sent to object: 'Object Repository/Journey/journrySearchInput'

2021-01-13 13:24:39 - [MESSAGE][PASSED] - Keys 'o' sent to object: 'Object Repository/Journey/journrySearchInput'

2021-01-13 13:24:39 - [MESSAGE][PASSED] - Keys 'u' sent to object: 'Object Repository/Journey/journrySearchInput'

2021-01-13 13:24:41 - [MESSAGE][PASSED] - Keys 'r' sent to object: 'Object Repository/Journey/journrySearchInput'

2021-01-13 13:24:41 - [MESSAGE][PASSED] - Keys 'n' sent to object: 'Object Repository/Journey/journrySearchInput'

2021-01-13 13:24:42 - [MESSAGE][PASSED] - Keys 'e' sent to object: 'Object Repository/Journey/journrySearchInput'

2021-01-13 13:24:42 - [MESSAGE][PASSED] - Keys 'y' sent to object: 'Object Repository/Journey/journrySearchInput'

2021-01-13 13:24:42 - [MESSAGE][PASSED] - Keys 'N' sent to object: 'Object Repository/Journey/journrySearchInput'

2021-01-13 13:24:43 - [MESSAGE][PASSED] - Keys 'a' sent to object: 'Object Repository/Journey/journrySearchInput'

2021-01-13 13:24:44 - [MESSAGE][PASSED] - Keys 'm' sent to object: 'Object Repository/Journey/journrySearchInput'

2021-01-13 13:24:44 - [MESSAGE][PASSED] - Keys 'e' sent to object: 'Object Repository/Journey/journrySearchInput'

2021-01-13 13:24:44 - [MESSAGE][PASSED] - Keys '2' sent to object: 'Object Repository/Journey/journrySearchInput'

2021-01-13 13:24:45 - [MESSAGE][PASSED] - Keys '5' sent to object: 'Object Repository/Journey/journrySearchInput'

2021-01-13 13:24:46 - [MESSAGE][PASSED] - Keys ' ' sent to object: 'Object Repository/Journey/journrySearchInput'

2021-01-13 13:24:47 - [MESSAGE][PASSED] - Keys '(' sent to object: 'Object Repository/Journey/journrySearchInput'

2021-01-13 13:24:47 - [MESSAGE][PASSED] - Keys 'd' sent to object: 'Object Repository/Journey/journrySearchInput'

2021-01-13 13:24:48 - [MESSAGE][PASSED] - Keys 'u' sent to object: 'Object Repository/Journey/journrySearchInput'

2021-01-13 13:24:48 - [MESSAGE][PASSED] - Keys 'p' sent to object: 'Object Repository/Journey/journrySearchInput'

2021-01-13 13:24:48 - [MESSAGE][PASSED] - Keys 'l' sent to object: 'Object Repository/Journey/journrySearchInput'

2021-01-13 13:24:49 - [MESSAGE][PASSED] - Keys 'i' sent to object: 'Object Repository/Journey/journrySearchInput'

2021-01-13 13:24:49 - [MESSAGE][PASSED] - Keys 'c' sent to object: 'Object Repository/Journey/journrySearchInput'

2021-01-13 13:24:50 - [MESSAGE][PASSED] - Keys 'a' sent to object: 'Object Repository/Journey/journrySearchInput'

2021-01-13 13:24:50 - [MESSAGE][PASSED] - Keys 't' sent to object: 'Object Repository/Journey/journrySearchInput'

2021-01-13 13:24:50 - [MESSAGE][PASSED] - Keys 'e' sent to object: 'Object Repository/Journey/journrySearchInput'

2021-01-13 13:24:51 - [MESSAGE][PASSED] - Keys ')' sent to object: 'Object Repository/Journey/journrySearchInput'

2021-01-13 13:24:51 - [MESSAGE][PASSED] - Object 'Object Repository/Journey/clickVerifyingJourney(journeyName)' is present

2021-01-13 13:24:51 - [MESSAGE][PASSED] - Object 'Object Repository/Journey/clickVerifyingJourney(journeyName)' is visible

2021-01-13 13:24:52 - [MESSAGE][PASSED] - Object 'Object Repository/Journey/clickVerifyingJourney(journeyName)' is clickable

2021-01-13 13:24:52 - [MESSAGE][PASSED] - Object: 'Object Repository/Journey/clickVerifyingJourney(journeyName)' is clicked on

2021-01-13 13:24:52 - [MESSAGE][PASSED] - Scroll to object 'Object Repository/Journey/Current Access Codes/currentAccessCodeField' successfully

2021-01-13 13:24:53 - [MESSAGE][PASSED] - Object 'Object Repository/Journey/Current Access Codes/currentAccessCodeField' is present

2021-01-13 13:24:55 - [MESSAGE][PASSED] - Object 'Object Repository/Journey/Current Access Codes/verify(code)' is present

2021-01-13 13:24:55 - [MESSAGE][PASSED] - Object 'Object Repository/CommonButtons/Close' is present

2021-01-13 13:24:56 - [MESSAGE][PASSED] - Object 'Object Repository/CommonButtons/Close' is visible

2021-01-13 13:24:56 - [MESSAGE][PASSED] - Object 'Object Repository/CommonButtons/Close' is clickable

2021-01-13 13:24:56 - [MESSAGE][PASSED] - Object: 'Object Repository/CommonButtons/Close' is clicked on

2021-01-13 13:24:56 - [MESSAGE][PASSED] - pages.Journey.verifyTheCreatedAccessCode is PASSED]]></system-out>
         <system-err><![CDATA[]]></system-err>
      </testcase>
      <testcase name="Test Cases/Admin/Journey/createMultipleAccessCodesWithSameName" time="55.633" classname="Test Cases/Admin/Journey/createMultipleAccessCodesWithSameName" status="PASSED">
         <system-out><![CDATA[2021-01-13 13:24:56 - [TEST_CASE][PASSED] - Test Cases/Admin/Journey/createMultipleAccessCodesWithSameName: Test Cases/Admin/Journey/createMultipleAccessCodesWithSameName

2021-01-13 13:24:56 - [TEST_STEP][PASSED] - Start listener action : login: null

2021-01-13 13:24:56 - [TEST_STEP][PASSED] - Thread.sleep(3000): null

2021-01-13 13:24:59 - [TEST_STEP][PASSED] - url = getUrl(): Current window's url is: 'https://dev-admin.modist.co/dashboard'

2021-01-13 13:24:59 - [MESSAGE][PASSED] - Current window's url is: 'https://dev-admin.modist.co/dashboard'

2021-01-13 13:24:59 - [TEST_STEP][PASSED] - if (!(url.contains("dashboard"))): null

2021-01-13 13:25:00 - [TEST_STEP][PASSED] - pages.Journey.clickOnJourneyTab(): pages.Journey.clickOnJourneyTab is PASSED

2021-01-13 13:25:00 - [MESSAGE][PASSED] - Object 'Object Repository/Journey/Journeytab' is present

2021-01-13 13:25:00 - [MESSAGE][PASSED] - Object 'Object Repository/Journey/Journeytab' is visible

2021-01-13 13:25:01 - [MESSAGE][PASSED] - Object 'Object Repository/Journey/Journeytab' is clickable

2021-01-13 13:25:01 - [MESSAGE][PASSED] - Object: 'Object Repository/Journey/Journeytab' is clicked on

2021-01-13 13:25:01 - [MESSAGE][PASSED] - pages.Journey.clickOnJourneyTab is PASSED

2021-01-13 13:25:01 - [TEST_STEP][PASSED] - journeyName = pages.Journey.getRandomJourneyName(): pages.Journey.getRandomJourneyName is PASSED

2021-01-13 13:25:01 - [MESSAGE][PASSED] - Object 'Object Repository/Journey/toGetJourneysCount' is present

2021-01-13 13:25:02 - [MESSAGE][PASSED] - Object 'Object Repository/Journey/toGetJourneysCount' is present

2021-01-13 13:25:02 - [MESSAGE][PASSED] - Text of object 'Object Repository/Journey/toPickrandomJourney(index)' is: 'JO6'

2021-01-13 13:25:02 - [MESSAGE][PASSED] - pages.Journey.getRandomJourneyName is PASSED

2021-01-13 13:25:02 - [TEST_STEP][PASSED] - accessCode = pages.Journey.getRandomAccessCode(): pages.Journey.getRandomAccessCode is PASSED

2021-01-13 13:25:02 - [MESSAGE][PASSED] - pages.Journey.getRandomAccessCode is PASSED

2021-01-13 13:25:02 - [TEST_STEP][PASSED] - useLimit = pages.Journey.getRandomCount(): pages.Journey.getRandomCount is PASSED

2021-01-13 13:25:02 - [MESSAGE][PASSED] - pages.Journey.getRandomCount is PASSED

2021-01-13 13:25:02 - [TEST_STEP][PASSED] - accessCode = pages.Journey.createAccessCodeInJourney(journeyName, accessCode, useLimit): pages.Journey.createAccessCodeInJourney is PASSED

2021-01-13 13:25:03 - [MESSAGE][PASSED] - Object 'Object Repository/Journey/journrySearchInput' is present

2021-01-13 13:25:03 - [MESSAGE][PASSED] - Object 'Object Repository/Journey/journrySearchInput' is visible

2021-01-13 13:25:03 - [MESSAGE][PASSED] - Object 'Object Repository/Journey/journrySearchInput' is clickable

2021-01-13 13:25:04 - [MESSAGE][PASSED] - Text of object 'Object Repository/Journey/journrySearchInput' is cleared

2021-01-13 13:25:04 - [MESSAGE][PASSED] - Keys '' sent to object: 'Object Repository/Journey/journrySearchInput'

2021-01-13 13:25:04 - [MESSAGE][PASSED] - Keys 'J' sent to object: 'Object Repository/Journey/journrySearchInput'

2021-01-13 13:25:05 - [MESSAGE][PASSED] - Keys 'O' sent to object: 'Object Repository/Journey/journrySearchInput'

2021-01-13 13:25:05 - [MESSAGE][PASSED] - Keys '6' sent to object: 'Object Repository/Journey/journrySearchInput'

2021-01-13 13:25:06 - [MESSAGE][PASSED] - Object 'Object Repository/Journey/clickVerifyingJourney(journeyName)' is present

2021-01-13 13:25:07 - [MESSAGE][PASSED] - Object 'Object Repository/Journey/clickVerifyingJourney(journeyName)' is visible

2021-01-13 13:25:07 - [MESSAGE][PASSED] - Object 'Object Repository/Journey/clickVerifyingJourney(journeyName)' is clickable

2021-01-13 13:25:07 - [MESSAGE][PASSED] - Object: 'Object Repository/Journey/clickVerifyingJourney(journeyName)' is clicked on

2021-01-13 13:25:08 - [MESSAGE][PASSED] - Scroll to object 'Object Repository/Journey/Current Access Codes/currentAccessCodeField' successfully

2021-01-13 13:25:08 - [MESSAGE][PASSED] - Object 'Object Repository/Journey/Current Access Codes/currentAccessCodeField' is present

2021-01-13 13:25:09 - [MESSAGE][PASSED] - Object 'Object Repository/Journey/Current Access Codes/plusButton' is present

2021-01-13 13:25:09 - [MESSAGE][PASSED] - Object 'Object Repository/Journey/Current Access Codes/plusButton' is visible

2021-01-13 13:25:10 - [MESSAGE][PASSED] - Object 'Object Repository/Journey/Current Access Codes/plusButton' is clickable

2021-01-13 13:25:11 - [MESSAGE][PASSED] - Object: 'Object Repository/Journey/Current Access Codes/plusButton' is clicked on

2021-01-13 13:25:11 - [MESSAGE][PASSED] - Object 'Object Repository/Journey/Current Access Codes/accessCode' is present

2021-01-13 13:25:12 - [MESSAGE][PASSED] - Object 'Object Repository/Journey/Current Access Codes/accessCode' is visible

2021-01-13 13:25:12 - [MESSAGE][PASSED] - Object 'Object Repository/Journey/Current Access Codes/accessCode' is clickable

2021-01-13 13:25:12 - [MESSAGE][PASSED] - Text of object 'Object Repository/Journey/Current Access Codes/accessCode' is cleared

2021-01-13 13:25:13 - [MESSAGE][PASSED] - Keys 'access16' sent to object: 'Object Repository/Journey/Current Access Codes/accessCode'

2021-01-13 13:25:13 - [MESSAGE][PASSED] - Object 'Object Repository/Journey/Current Access Codes/codeUsageCount' is present

2021-01-13 13:25:13 - [MESSAGE][PASSED] - Object 'Object Repository/Journey/Current Access Codes/codeUsageCount' is visible

2021-01-13 13:25:14 - [MESSAGE][PASSED] - Object 'Object Repository/Journey/Current Access Codes/codeUsageCount' is clickable

2021-01-13 13:25:14 - [MESSAGE][PASSED] - Text of object 'Object Repository/Journey/Current Access Codes/codeUsageCount' is cleared

2021-01-13 13:25:14 - [MESSAGE][PASSED] - Keys '2' sent to object: 'Object Repository/Journey/Current Access Codes/codeUsageCount'

2021-01-13 13:25:14 - [MESSAGE][PASSED] - Object 'Object Repository/Journey/Current Access Codes/getCodeButton' is present

2021-01-13 13:25:15 - [MESSAGE][PASSED] - Object 'Object Repository/Journey/Current Access Codes/getCodeButton' is visible

2021-01-13 13:25:15 - [MESSAGE][PASSED] - Object 'Object Repository/Journey/Current Access Codes/getCodeButton' is clickable

2021-01-13 13:25:15 - [MESSAGE][PASSED] - Object: 'Object Repository/Journey/Current Access Codes/getCodeButton' is clicked on

2021-01-13 13:25:16 - [MESSAGE][PASSED] - Object 'Object Repository/CommonButtons/Close' is present

2021-01-13 13:25:17 - [MESSAGE][PASSED] - Object 'Object Repository/CommonButtons/Close' is visible

2021-01-13 13:25:17 - [MESSAGE][PASSED] - Object 'Object Repository/CommonButtons/Close' is clickable

2021-01-13 13:25:17 - [MESSAGE][PASSED] - Object: 'Object Repository/CommonButtons/Close' is clicked on

2021-01-13 13:25:17 - [MESSAGE][PASSED] - pages.Journey.createAccessCodeInJourney is PASSED

2021-01-13 13:25:17 - [TEST_STEP][PASSED] - pages.Journey.verifyTheCreatedAccessCode(journeyName, accessCode): pages.Journey.verifyTheCreatedAccessCode is PASSED

2021-01-13 13:25:18 - [MESSAGE][PASSED] - Object 'Object Repository/Journey/journrySearchInput' is present

2021-01-13 13:25:18 - [MESSAGE][PASSED] - Object 'Object Repository/Journey/journrySearchInput' is visible

2021-01-13 13:25:19 - [MESSAGE][PASSED] - Object 'Object Repository/Journey/journrySearchInput' is clickable

2021-01-13 13:25:19 - [MESSAGE][PASSED] - Text of object 'Object Repository/Journey/journrySearchInput' is cleared

2021-01-13 13:25:19 - [MESSAGE][PASSED] - Keys '' sent to object: 'Object Repository/Journey/journrySearchInput'

2021-01-13 13:25:20 - [MESSAGE][PASSED] - Keys 'J' sent to object: 'Object Repository/Journey/journrySearchInput'

2021-01-13 13:25:20 - [MESSAGE][PASSED] - Keys 'O' sent to object: 'Object Repository/Journey/journrySearchInput'

2021-01-13 13:25:22 - [MESSAGE][PASSED] - Keys '6' sent to object: 'Object Repository/Journey/journrySearchInput'

2021-01-13 13:25:22 - [MESSAGE][PASSED] - Object 'Object Repository/Journey/clickVerifyingJourney(journeyName)' is present

2021-01-13 13:25:22 - [MESSAGE][PASSED] - Object 'Object Repository/Journey/clickVerifyingJourney(journeyName)' is visible

2021-01-13 13:25:23 - [MESSAGE][PASSED] - Object 'Object Repository/Journey/clickVerifyingJourney(journeyName)' is clickable

2021-01-13 13:25:23 - [MESSAGE][PASSED] - Object: 'Object Repository/Journey/clickVerifyingJourney(journeyName)' is clicked on

2021-01-13 13:25:24 - [MESSAGE][PASSED] - Scroll to object 'Object Repository/Journey/Current Access Codes/currentAccessCodeField' successfully

2021-01-13 13:25:25 - [MESSAGE][PASSED] - Object 'Object Repository/Journey/Current Access Codes/currentAccessCodeField' is present

2021-01-13 13:25:25 - [MESSAGE][PASSED] - Object 'Object Repository/Journey/Current Access Codes/verify(code)' is present

2021-01-13 13:25:26 - [MESSAGE][PASSED] - Object 'Object Repository/CommonButtons/Close' is present

2021-01-13 13:25:26 - [MESSAGE][PASSED] - Object 'Object Repository/CommonButtons/Close' is visible

2021-01-13 13:25:26 - [MESSAGE][PASSED] - Object 'Object Repository/CommonButtons/Close' is clickable

2021-01-13 13:25:27 - [MESSAGE][PASSED] - Object: 'Object Repository/CommonButtons/Close' is clicked on

2021-01-13 13:25:27 - [MESSAGE][PASSED] - pages.Journey.verifyTheCreatedAccessCode is PASSED

2021-01-13 13:25:27 - [TEST_STEP][PASSED] - journeyName1 = pages.Journey.getRandomJourneyName(): pages.Journey.getRandomJourneyName is PASSED

2021-01-13 13:25:28 - [MESSAGE][PASSED] - Object 'Object Repository/Journey/toGetJourneysCount' is present

2021-01-13 13:25:28 - [MESSAGE][PASSED] - Object 'Object Repository/Journey/toGetJourneysCount' is present

2021-01-13 13:25:29 - [MESSAGE][PASSED] - Text of object 'Object Repository/Journey/toPickrandomJourney(index)' is: 'KJO'

2021-01-13 13:25:29 - [MESSAGE][PASSED] - pages.Journey.getRandomJourneyName is PASSED

2021-01-13 13:25:29 - [TEST_STEP][PASSED] - println(journeyName1): null

2021-01-13 13:25:29 - [TEST_STEP][PASSED] - accessCode = pages.Journey.createAccessCodeInJourney(journeyName1, accessCode, useLimit): pages.Journey.createAccessCodeInJourney is PASSED

2021-01-13 13:25:29 - [MESSAGE][PASSED] - Object 'Object Repository/Journey/journrySearchInput' is present

2021-01-13 13:25:30 - [MESSAGE][PASSED] - Object 'Object Repository/Journey/journrySearchInput' is visible

2021-01-13 13:25:30 - [MESSAGE][PASSED] - Object 'Object Repository/Journey/journrySearchInput' is clickable

2021-01-13 13:25:30 - [MESSAGE][PASSED] - Text of object 'Object Repository/Journey/journrySearchInput' is cleared

2021-01-13 13:25:31 - [MESSAGE][PASSED] - Keys '' sent to object: 'Object Repository/Journey/journrySearchInput'

2021-01-13 13:25:31 - [MESSAGE][PASSED] - Keys 'K' sent to object: 'Object Repository/Journey/journrySearchInput'

2021-01-13 13:25:31 - [MESSAGE][PASSED] - Keys 'J' sent to object: 'Object Repository/Journey/journrySearchInput'

2021-01-13 13:25:32 - [MESSAGE][PASSED] - Keys 'O' sent to object: 'Object Repository/Journey/journrySearchInput'

2021-01-13 13:25:32 - [MESSAGE][PASSED] - Object 'Object Repository/Journey/clickVerifyingJourney(journeyName)' is present

2021-01-13 13:25:32 - [MESSAGE][PASSED] - Object 'Object Repository/Journey/clickVerifyingJourney(journeyName)' is visible

2021-01-13 13:25:33 - [MESSAGE][PASSED] - Object 'Object Repository/Journey/clickVerifyingJourney(journeyName)' is clickable

2021-01-13 13:25:33 - [MESSAGE][PASSED] - Object: 'Object Repository/Journey/clickVerifyingJourney(journeyName)' is clicked on

2021-01-13 13:25:34 - [MESSAGE][PASSED] - Scroll to object 'Object Repository/Journey/Current Access Codes/currentAccessCodeField' successfully

2021-01-13 13:25:34 - [MESSAGE][PASSED] - Object 'Object Repository/Journey/Current Access Codes/currentAccessCodeField' is present

2021-01-13 13:25:35 - [MESSAGE][PASSED] - Object 'Object Repository/Journey/Current Access Codes/plusButton' is present

2021-01-13 13:25:36 - [MESSAGE][PASSED] - Object 'Object Repository/Journey/Current Access Codes/plusButton' is visible

2021-01-13 13:25:36 - [MESSAGE][PASSED] - Object 'Object Repository/Journey/Current Access Codes/plusButton' is clickable

2021-01-13 13:25:36 - [MESSAGE][PASSED] - Object: 'Object Repository/Journey/Current Access Codes/plusButton' is clicked on

2021-01-13 13:25:37 - [MESSAGE][PASSED] - Object 'Object Repository/Journey/Current Access Codes/accessCode' is present

2021-01-13 13:25:38 - [MESSAGE][PASSED] - Object 'Object Repository/Journey/Current Access Codes/accessCode' is visible

2021-01-13 13:25:38 - [MESSAGE][PASSED] - Object 'Object Repository/Journey/Current Access Codes/accessCode' is clickable

2021-01-13 13:25:38 - [MESSAGE][PASSED] - Text of object 'Object Repository/Journey/Current Access Codes/accessCode' is cleared

2021-01-13 13:25:39 - [MESSAGE][PASSED] - Keys 'access16' sent to object: 'Object Repository/Journey/Current Access Codes/accessCode'

2021-01-13 13:25:39 - [MESSAGE][PASSED] - Object 'Object Repository/Journey/Current Access Codes/codeUsageCount' is present

2021-01-13 13:25:39 - [MESSAGE][PASSED] - Object 'Object Repository/Journey/Current Access Codes/codeUsageCount' is visible

2021-01-13 13:25:40 - [MESSAGE][PASSED] - Object 'Object Repository/Journey/Current Access Codes/codeUsageCount' is clickable

2021-01-13 13:25:40 - [MESSAGE][PASSED] - Text of object 'Object Repository/Journey/Current Access Codes/codeUsageCount' is cleared

2021-01-13 13:25:40 - [MESSAGE][PASSED] - Keys '2' sent to object: 'Object Repository/Journey/Current Access Codes/codeUsageCount'

2021-01-13 13:25:41 - [MESSAGE][PASSED] - Object 'Object Repository/Journey/Current Access Codes/getCodeButton' is present

2021-01-13 13:25:41 - [MESSAGE][PASSED] - Object 'Object Repository/Journey/Current Access Codes/getCodeButton' is visible

2021-01-13 13:25:41 - [MESSAGE][PASSED] - Object 'Object Repository/Journey/Current Access Codes/getCodeButton' is clickable

2021-01-13 13:25:42 - [MESSAGE][PASSED] - Object: 'Object Repository/Journey/Current Access Codes/getCodeButton' is clicked on

2021-01-13 13:25:42 - [MESSAGE][PASSED] - Object 'Object Repository/CommonButtons/Close' is present

2021-01-13 13:25:43 - [MESSAGE][PASSED] - Object 'Object Repository/CommonButtons/Close' is visible

2021-01-13 13:25:43 - [MESSAGE][PASSED] - Object 'Object Repository/CommonButtons/Close' is clickable

2021-01-13 13:25:43 - [MESSAGE][PASSED] - Object: 'Object Repository/CommonButtons/Close' is clicked on

2021-01-13 13:25:43 - [MESSAGE][PASSED] - pages.Journey.createAccessCodeInJourney is PASSED

2021-01-13 13:25:43 - [TEST_STEP][PASSED] - pages.Journey.verifyTheCreatedAccessCode(journeyName1, accessCode): pages.Journey.verifyTheCreatedAccessCode is PASSED

2021-01-13 13:25:44 - [MESSAGE][PASSED] - Object 'Object Repository/Journey/journrySearchInput' is present

2021-01-13 13:25:45 - [MESSAGE][PASSED] - Object 'Object Repository/Journey/journrySearchInput' is visible

2021-01-13 13:25:45 - [MESSAGE][PASSED] - Object 'Object Repository/Journey/journrySearchInput' is clickable

2021-01-13 13:25:45 - [MESSAGE][PASSED] - Text of object 'Object Repository/Journey/journrySearchInput' is cleared

2021-01-13 13:25:46 - [MESSAGE][PASSED] - Keys '' sent to object: 'Object Repository/Journey/journrySearchInput'

2021-01-13 13:25:46 - [MESSAGE][PASSED] - Keys 'K' sent to object: 'Object Repository/Journey/journrySearchInput'

2021-01-13 13:25:46 - [MESSAGE][PASSED] - Keys 'J' sent to object: 'Object Repository/Journey/journrySearchInput'

2021-01-13 13:25:47 - [MESSAGE][PASSED] - Keys 'O' sent to object: 'Object Repository/Journey/journrySearchInput'

2021-01-13 13:25:47 - [MESSAGE][PASSED] - Object 'Object Repository/Journey/clickVerifyingJourney(journeyName)' is present

2021-01-13 13:25:48 - [MESSAGE][PASSED] - Object 'Object Repository/Journey/clickVerifyingJourney(journeyName)' is visible

2021-01-13 13:25:48 - [MESSAGE][PASSED] - Object 'Object Repository/Journey/clickVerifyingJourney(journeyName)' is clickable

2021-01-13 13:25:48 - [MESSAGE][PASSED] - Object: 'Object Repository/Journey/clickVerifyingJourney(journeyName)' is clicked on

2021-01-13 13:25:49 - [MESSAGE][PASSED] - Scroll to object 'Object Repository/Journey/Current Access Codes/currentAccessCodeField' successfully

2021-01-13 13:25:50 - [MESSAGE][PASSED] - Object 'Object Repository/Journey/Current Access Codes/currentAccessCodeField' is present

2021-01-13 13:25:51 - [MESSAGE][PASSED] - Object 'Object Repository/Journey/Current Access Codes/verify(code)' is present

2021-01-13 13:25:51 - [MESSAGE][PASSED] - Object 'Object Repository/CommonButtons/Close' is present

2021-01-13 13:25:51 - [MESSAGE][PASSED] - Object 'Object Repository/CommonButtons/Close' is visible

2021-01-13 13:25:52 - [MESSAGE][PASSED] - Object 'Object Repository/CommonButtons/Close' is clickable

2021-01-13 13:25:52 - [MESSAGE][PASSED] - Object: 'Object Repository/CommonButtons/Close' is clicked on

2021-01-13 13:25:52 - [MESSAGE][PASSED] - pages.Journey.verifyTheCreatedAccessCode is PASSED]]></system-out>
         <system-err><![CDATA[]]></system-err>
      </testcase>
      <testcase name="Test Cases/Admin/Journey/deleteJourneyAndVerify" time="33.44" classname="Test Cases/Admin/Journey/deleteJourneyAndVerify" status="PASSED">
         <system-out><![CDATA[2021-01-13 13:25:52 - [TEST_CASE][PASSED] - Test Cases/Admin/Journey/deleteJourneyAndVerify: Test Cases/Admin/Journey/deleteJourneyAndVerify

2021-01-13 13:25:52 - [TEST_STEP][PASSED] - Start listener action : login: null

2021-01-13 13:25:52 - [TEST_STEP][PASSED] - Thread.sleep(3000): null

2021-01-13 13:25:55 - [TEST_STEP][PASSED] - url = getUrl(): Current window's url is: 'https://dev-admin.modist.co/dashboard'

2021-01-13 13:25:55 - [MESSAGE][PASSED] - Current window's url is: 'https://dev-admin.modist.co/dashboard'

2021-01-13 13:25:55 - [TEST_STEP][PASSED] - if (!(url.contains("dashboard"))): null

2021-01-13 13:25:55 - [TEST_STEP][PASSED] - pages.Journey.clickOnJourneyTab(): pages.Journey.clickOnJourneyTab is PASSED

2021-01-13 13:25:56 - [MESSAGE][PASSED] - Object 'Object Repository/Journey/Journeytab' is present

2021-01-13 13:25:56 - [MESSAGE][PASSED] - Object 'Object Repository/Journey/Journeytab' is visible

2021-01-13 13:25:56 - [MESSAGE][PASSED] - Object 'Object Repository/Journey/Journeytab' is clickable

2021-01-13 13:25:57 - [MESSAGE][PASSED] - Object: 'Object Repository/Journey/Journeytab' is clicked on

2021-01-13 13:25:57 - [MESSAGE][PASSED] - pages.Journey.clickOnJourneyTab is PASSED

2021-01-13 13:25:57 - [TEST_STEP][PASSED] - journeyName = pages.Journey.addJourney(): pages.Journey.addJourney is PASSED

2021-01-13 13:25:57 - [MESSAGE][PASSED] - Object 'Object Repository/Journey/Add Journey/AddJourneyButton' is present

2021-01-13 13:25:57 - [MESSAGE][PASSED] - Object 'Object Repository/Journey/Add Journey/AddJourneyButton' is visible

2021-01-13 13:25:58 - [MESSAGE][PASSED] - Object 'Object Repository/Journey/Add Journey/AddJourneyButton' is clickable

2021-01-13 13:25:58 - [MESSAGE][PASSED] - Object: 'Object Repository/Journey/Add Journey/AddJourneyButton' is clicked on

2021-01-13 13:25:58 - [MESSAGE][PASSED] - Object 'Object Repository/Journey/Add Journey/journeyName' is present

2021-01-13 13:25:59 - [MESSAGE][PASSED] - Object 'Object Repository/Journey/Add Journey/journeyName' is visible

2021-01-13 13:25:59 - [MESSAGE][PASSED] - Object 'Object Repository/Journey/Add Journey/journeyName' is clickable

2021-01-13 13:26:00 - [MESSAGE][PASSED] - Text of object 'Object Repository/Journey/Add Journey/journeyName' is cleared

2021-01-13 13:26:00 - [MESSAGE][PASSED] - Keys 'journeyName304' sent to object: 'Object Repository/Journey/Add Journey/journeyName'

2021-01-13 13:26:00 - [MESSAGE][PASSED] - Object 'Object Repository/Journey/Add Journey/addJourneyInAddJourneyPopUp' is present

2021-01-13 13:26:01 - [MESSAGE][PASSED] - Object 'Object Repository/Journey/Add Journey/addJourneyInAddJourneyPopUp' is visible

2021-01-13 13:26:01 - [MESSAGE][PASSED] - Object 'Object Repository/Journey/Add Journey/addJourneyInAddJourneyPopUp' is clickable

2021-01-13 13:26:01 - [MESSAGE][PASSED] - Object: 'Object Repository/Journey/Add Journey/addJourneyInAddJourneyPopUp' is clicked on

2021-01-13 13:26:01 - [MESSAGE][PASSED] - pages.Journey.addJourney is PASSED

2021-01-13 13:26:01 - [TEST_STEP][PASSED] - pages.Journey.deleteJourney(journeyName): pages.Journey.deleteJourney is PASSED

2021-01-13 13:26:02 - [MESSAGE][PASSED] - Object 'Object Repository/Journey/journrySearchInput' is present

2021-01-13 13:26:02 - [MESSAGE][PASSED] - Object 'Object Repository/Journey/journrySearchInput' is visible

2021-01-13 13:26:02 - [MESSAGE][PASSED] - Object 'Object Repository/Journey/journrySearchInput' is clickable

2021-01-13 13:26:03 - [MESSAGE][PASSED] - Text of object 'Object Repository/Journey/journrySearchInput' is cleared

2021-01-13 13:26:04 - [MESSAGE][PASSED] - Keys '' sent to object: 'Object Repository/Journey/journrySearchInput'

2021-01-13 13:26:04 - [MESSAGE][PASSED] - Keys 'j' sent to object: 'Object Repository/Journey/journrySearchInput'

2021-01-13 13:26:04 - [MESSAGE][PASSED] - Keys 'o' sent to object: 'Object Repository/Journey/journrySearchInput'

2021-01-13 13:26:05 - [MESSAGE][PASSED] - Keys 'u' sent to object: 'Object Repository/Journey/journrySearchInput'

2021-01-13 13:26:06 - [MESSAGE][PASSED] - Keys 'r' sent to object: 'Object Repository/Journey/journrySearchInput'

2021-01-13 13:26:07 - [MESSAGE][PASSED] - Keys 'n' sent to object: 'Object Repository/Journey/journrySearchInput'

2021-01-13 13:26:07 - [MESSAGE][PASSED] - Keys 'e' sent to object: 'Object Repository/Journey/journrySearchInput'

2021-01-13 13:26:07 - [MESSAGE][PASSED] - Keys 'y' sent to object: 'Object Repository/Journey/journrySearchInput'

2021-01-13 13:26:08 - [MESSAGE][PASSED] - Keys 'N' sent to object: 'Object Repository/Journey/journrySearchInput'

2021-01-13 13:26:08 - [MESSAGE][PASSED] - Keys 'a' sent to object: 'Object Repository/Journey/journrySearchInput'

2021-01-13 13:26:09 - [MESSAGE][PASSED] - Keys 'm' sent to object: 'Object Repository/Journey/journrySearchInput'

2021-01-13 13:26:09 - [MESSAGE][PASSED] - Keys 'e' sent to object: 'Object Repository/Journey/journrySearchInput'

2021-01-13 13:26:10 - [MESSAGE][PASSED] - Keys '3' sent to object: 'Object Repository/Journey/journrySearchInput'

2021-01-13 13:26:10 - [MESSAGE][PASSED] - Keys '0' sent to object: 'Object Repository/Journey/journrySearchInput'

2021-01-13 13:26:11 - [MESSAGE][PASSED] - Keys '4' sent to object: 'Object Repository/Journey/journrySearchInput'

2021-01-13 13:26:12 - [MESSAGE][PASSED] - Object 'Object Repository/Journey/journeyNameCheckBox(name)' is present

2021-01-13 13:26:12 - [MESSAGE][PASSED] - Object 'Object Repository/Journey/journeyNameCheckBox(name)' is visible

2021-01-13 13:26:12 - [MESSAGE][PASSED] - Object 'Object Repository/Journey/journeyNameCheckBox(name)' is clickable

2021-01-13 13:26:13 - [MESSAGE][PASSED] - Object: 'Object Repository/Journey/journeyNameCheckBox(name)' is clicked on

2021-01-13 13:26:13 - [MESSAGE][PASSED] - Object 'Object Repository/Journey/journeyNameDeleteButton' is present

2021-01-13 13:26:14 - [MESSAGE][PASSED] - Object 'Object Repository/Journey/journeyNameDeleteButton' is visible

2021-01-13 13:26:14 - [MESSAGE][PASSED] - Object 'Object Repository/Journey/journeyNameDeleteButton' is clickable

2021-01-13 13:26:14 - [MESSAGE][PASSED] - Object: 'Object Repository/Journey/journeyNameDeleteButton' is clicked on

2021-01-13 13:26:14 - [MESSAGE][PASSED] - Alert accepted

2021-01-13 13:26:14 - [MESSAGE][PASSED] - pages.Journey.deleteJourney is PASSED

2021-01-13 13:26:14 - [TEST_STEP][PASSED] - pages.Journey.verifyJourneyDeleted(journeyName): pages.Journey.verifyJourneyDeleted is PASSED

2021-01-13 13:26:16 - [MESSAGE][PASSED] - Object 'Object Repository/Journey/journrySearchInput' is present

2021-01-13 13:26:16 - [MESSAGE][PASSED] - Object 'Object Repository/Journey/journrySearchInput' is visible

2021-01-13 13:26:16 - [MESSAGE][PASSED] - Object 'Object Repository/Journey/journrySearchInput' is clickable

2021-01-13 13:26:17 - [MESSAGE][PASSED] - Text of object 'Object Repository/Journey/journrySearchInput' is cleared

2021-01-13 13:26:17 - [MESSAGE][PASSED] - Keys '' sent to object: 'Object Repository/Journey/journrySearchInput'

2021-01-13 13:26:17 - [MESSAGE][PASSED] - Keys 'j' sent to object: 'Object Repository/Journey/journrySearchInput'

2021-01-13 13:26:18 - [MESSAGE][PASSED] - Keys 'o' sent to object: 'Object Repository/Journey/journrySearchInput'

2021-01-13 13:26:18 - [MESSAGE][PASSED] - Keys 'u' sent to object: 'Object Repository/Journey/journrySearchInput'

2021-01-13 13:26:20 - [MESSAGE][PASSED] - Keys 'r' sent to object: 'Object Repository/Journey/journrySearchInput'

2021-01-13 13:26:20 - [MESSAGE][PASSED] - Keys 'n' sent to object: 'Object Repository/Journey/journrySearchInput'

2021-01-13 13:26:21 - [MESSAGE][PASSED] - Keys 'e' sent to object: 'Object Repository/Journey/journrySearchInput'

2021-01-13 13:26:21 - [MESSAGE][PASSED] - Keys 'y' sent to object: 'Object Repository/Journey/journrySearchInput'

2021-01-13 13:26:21 - [MESSAGE][PASSED] - Keys 'N' sent to object: 'Object Repository/Journey/journrySearchInput'

2021-01-13 13:26:22 - [MESSAGE][PASSED] - Keys 'a' sent to object: 'Object Repository/Journey/journrySearchInput'

2021-01-13 13:26:23 - [MESSAGE][PASSED] - Keys 'm' sent to object: 'Object Repository/Journey/journrySearchInput'

2021-01-13 13:26:23 - [MESSAGE][PASSED] - Keys 'e' sent to object: 'Object Repository/Journey/journrySearchInput'

2021-01-13 13:26:23 - [MESSAGE][PASSED] - Keys '3' sent to object: 'Object Repository/Journey/journrySearchInput'

2021-01-13 13:26:24 - [MESSAGE][PASSED] - Keys '0' sent to object: 'Object Repository/Journey/journrySearchInput'

2021-01-13 13:26:25 - [MESSAGE][PASSED] - Keys '4' sent to object: 'Object Repository/Journey/journrySearchInput'

2021-01-13 13:26:26 - [MESSAGE][PASSED] - Web element with id: 'Object Repository/Journey/JourneyName(journeyName)' located by 'By.xpath: //div[text()='journeyName304']' is not present after '30' second(s)

2021-01-13 13:26:26 - [MESSAGE][PASSED] - pages.Journey.verifyJourneyDeleted is PASSED]]></system-out>
         <system-err><![CDATA[]]></system-err>
      </testcase>
      <testcase name="Test Cases/Admin/LogOut/logout" time="4.161" classname="Test Cases/Admin/LogOut/logout" status="PASSED">
         <system-out><![CDATA[2021-01-13 13:26:26 - [TEST_CASE][PASSED] - Test Cases/Admin/LogOut/logout: Test Cases/Admin/LogOut/logout

2021-01-13 13:26:26 - [TEST_STEP][PASSED] - Start listener action : login: null

2021-01-13 13:26:26 - [TEST_STEP][PASSED] - Thread.sleep(3000): null

2021-01-13 13:26:29 - [TEST_STEP][PASSED] - url = getUrl(): Current window's url is: 'https://dev-admin.modist.co/dashboard'

2021-01-13 13:26:29 - [MESSAGE][PASSED] - Current window's url is: 'https://dev-admin.modist.co/dashboard'

2021-01-13 13:26:29 - [TEST_STEP][PASSED] - if (!(url.contains("dashboard"))): null

2021-01-13 13:26:29 - [TEST_STEP][PASSED] - logout.LogoutForAdminDevEnvironment.clickingOnProfileIcon(): logout.LogoutForAdminDevEnvironment.clickingOnProfileIcon is PASSED

2021-01-13 13:26:29 - [MESSAGE][PASSED] - Object: 'Object Repository/OptionsUnderProfileIcon/ProfileIcon' is clicked on

2021-01-13 13:26:29 - [MESSAGE][PASSED] - logout.LogoutForAdminDevEnvironment.clickingOnProfileIcon is PASSED

2021-01-13 13:26:29 - [TEST_STEP][PASSED] - logout.LogoutForAdminDevEnvironment.logout(): logout.LogoutForAdminDevEnvironment.logout is PASSED

2021-01-13 13:26:30 - [MESSAGE][PASSED] - Object: 'Object Repository/OptionsUnderProfileIcon/LogoutOption' is clicked on

2021-01-13 13:26:30 - [MESSAGE][PASSED] - logout.LogoutForAdminDevEnvironment.logout is PASSED]]></system-out>
         <system-err><![CDATA[]]></system-err>
      </testcase>
      <testcase name="Test Cases/Admin/Product/addProductAndVerify" time="30.31" classname="Test Cases/Admin/Product/addProductAndVerify" status="PASSED">
         <system-out><![CDATA[2021-01-13 13:26:30 - [TEST_CASE][PASSED] - Test Cases/Admin/Product/addProductAndVerify: Test Cases/Admin/Product/addProductAndVerify

2021-01-13 13:26:30 - [TEST_STEP][PASSED] - Start listener action : login: Object: 'Object Repository/Login Credentials/EnterButton' is clicked on

2021-01-13 13:26:30 - [TEST_STEP][PASSED] - Thread.sleep(3000): null

2021-01-13 13:26:33 - [TEST_STEP][PASSED] - url = getUrl(): Current window's url is: 'https://dev-admin.modist.co/login'

2021-01-13 13:26:33 - [MESSAGE][PASSED] - Current window's url is: 'https://dev-admin.modist.co/login'

2021-01-13 13:26:33 - [TEST_STEP][PASSED] - if (!(url.contains("dashboard"))): Object: 'Object Repository/Login Credentials/EnterButton' is clicked on

2021-01-13 13:26:33 - [TEST_STEP][PASSED] - navigateToUrl(Url): Navigate to 'https://dev-admin.modist.co/' successfully

2021-01-13 13:26:33 - [MESSAGE][PASSED] - Navigate to 'https://dev-admin.modist.co/' successfully

2021-01-13 13:26:33 - [TEST_STEP][PASSED] - loginPage.login(Email, Password): Object: 'Object Repository/Login Credentials/EnterButton' is clicked on

2021-01-13 13:26:34 - [MESSAGE][PASSED] - Object 'Object Repository/Login Credentials/Email' is present

2021-01-13 13:26:34 - [MESSAGE][PASSED] - Object 'Object Repository/Login Credentials/Email' is present

2021-01-13 13:26:35 - [MESSAGE][PASSED] - Object 'Object Repository/Login Credentials/Email' is visible

2021-01-13 13:26:35 - [MESSAGE][PASSED] - Object 'Object Repository/Login Credentials/Email' is clickable

2021-01-13 13:26:35 - [MESSAGE][PASSED] - Text of object 'Object Repository/Login Credentials/Email' is cleared

2021-01-13 13:26:36 - [MESSAGE][PASSED] - Keys 'naresh.k@qualitlabs.com' sent to object: 'Object Repository/Login Credentials/Email'

2021-01-13 13:26:36 - [MESSAGE][PASSED] - Object 'Object Repository/Login Credentials/Password' is present

2021-01-13 13:26:36 - [MESSAGE][PASSED] - Object 'Object Repository/Login Credentials/Password' is visible

2021-01-13 13:26:37 - [MESSAGE][PASSED] - Object 'Object Repository/Login Credentials/Password' is clickable

2021-01-13 13:26:37 - [MESSAGE][PASSED] - Text of object 'Object Repository/Login Credentials/Password' is cleared

2021-01-13 13:26:37 - [MESSAGE][PASSED] - Keys 'Qualitlabs1?' sent to object: 'Object Repository/Login Credentials/Password'

2021-01-13 13:26:38 - [MESSAGE][PASSED] - Object 'Object Repository/Login Credentials/EnterButton' is present

2021-01-13 13:26:38 - [MESSAGE][PASSED] - Object 'Object Repository/Login Credentials/EnterButton' is visible

2021-01-13 13:26:38 - [MESSAGE][PASSED] - Object 'Object Repository/Login Credentials/EnterButton' is clickable

2021-01-13 13:26:39 - [MESSAGE][PASSED] - Object: 'Object Repository/Login Credentials/EnterButton' is clicked on

2021-01-13 13:26:39 - [TEST_STEP][PASSED] - productname = pages.Product.addProduct(): pages.Product.addProduct is PASSED

2021-01-13 13:26:41 - [MESSAGE][PASSED] - Object 'Object Repository/Product/productTab' is present

2021-01-13 13:26:41 - [MESSAGE][PASSED] - Object 'Object Repository/Product/productTab' is visible

2021-01-13 13:26:42 - [MESSAGE][PASSED] - Object 'Object Repository/Product/productTab' is clickable

2021-01-13 13:26:42 - [MESSAGE][PASSED] - Object: 'Object Repository/Product/productTab' is clicked on

2021-01-13 13:26:42 - [MESSAGE][PASSED] - Object 'Object Repository/Product/addProductButton' is present

2021-01-13 13:26:43 - [MESSAGE][PASSED] - Object 'Object Repository/Product/addProductButton' is visible

2021-01-13 13:26:43 - [MESSAGE][PASSED] - Object 'Object Repository/Product/addProductButton' is clickable

2021-01-13 13:26:43 - [MESSAGE][PASSED] - Object: 'Object Repository/Product/addProductButton' is clicked on

2021-01-13 13:26:45 - [MESSAGE][PASSED] - Object 'Object Repository/Product/productNameInput' is present

2021-01-13 13:26:45 - [MESSAGE][PASSED] - Object 'Object Repository/Product/productNameInput' is visible

2021-01-13 13:26:46 - [MESSAGE][PASSED] - Object 'Object Repository/Product/productNameInput' is clickable

2021-01-13 13:26:46 - [MESSAGE][PASSED] - Text of object 'Object Repository/Product/productNameInput' is cleared

2021-01-13 13:26:46 - [MESSAGE][PASSED] - Keys 'RandomProduct502' sent to object: 'Object Repository/Product/productNameInput'

2021-01-13 13:26:47 - [MESSAGE][PASSED] - Object 'Object Repository/Product/descriptionFieldInput' is present

2021-01-13 13:26:47 - [MESSAGE][PASSED] - Object 'Object Repository/Product/descriptionFieldInput' is visible

2021-01-13 13:26:47 - [MESSAGE][PASSED] - Object 'Object Repository/Product/descriptionFieldInput' is clickable

2021-01-13 13:26:48 - [MESSAGE][PASSED] - Text of object 'Object Repository/Product/descriptionFieldInput' is cleared

2021-01-13 13:26:48 - [MESSAGE][PASSED] - Keys 'Sample text' sent to object: 'Object Repository/Product/descriptionFieldInput'

2021-01-13 13:26:48 - [MESSAGE][PASSED] - Object 'Object Repository/Product/addproductButtonInAddProductPopUp' is present

2021-01-13 13:26:49 - [MESSAGE][PASSED] - Object 'Object Repository/Product/addproductButtonInAddProductPopUp' is visible

2021-01-13 13:26:49 - [MESSAGE][PASSED] - Object 'Object Repository/Product/addproductButtonInAddProductPopUp' is clickable

2021-01-13 13:26:49 - [MESSAGE][PASSED] - Object: 'Object Repository/Product/addproductButtonInAddProductPopUp' is clicked on

2021-01-13 13:26:49 - [MESSAGE][PASSED] - pages.Product.addProduct is PASSED

2021-01-13 13:26:49 - [TEST_STEP][PASSED] - pages.Product.verifyProductAdded(productname): pages.Product.verifyProductAdded is PASSED

2021-01-13 13:26:50 - [MESSAGE][PASSED] - Object 'Object Repository/Product/Filter by name' is present

2021-01-13 13:26:51 - [MESSAGE][PASSED] - Object 'Object Repository/Product/Filter by name' is visible

2021-01-13 13:26:51 - [MESSAGE][PASSED] - Object 'Object Repository/Product/Filter by name' is clickable

2021-01-13 13:26:52 - [MESSAGE][PASSED] - Text of object 'Object Repository/Product/Filter by name' is cleared

2021-01-13 13:26:52 - [MESSAGE][PASSED] - Keys '' sent to object: 'Object Repository/Product/Filter by name'

2021-01-13 13:26:52 - [MESSAGE][PASSED] - Keys 'R' sent to object: 'Object Repository/Product/Filter by name'

2021-01-13 13:26:53 - [MESSAGE][PASSED] - Keys 'a' sent to object: 'Object Repository/Product/Filter by name'

2021-01-13 13:26:53 - [MESSAGE][PASSED] - Keys 'n' sent to object: 'Object Repository/Product/Filter by name'

2021-01-13 13:26:55 - [MESSAGE][PASSED] - Keys 'd' sent to object: 'Object Repository/Product/Filter by name'

2021-01-13 13:26:55 - [MESSAGE][PASSED] - Keys 'o' sent to object: 'Object Repository/Product/Filter by name'

2021-01-13 13:26:55 - [MESSAGE][PASSED] - Keys 'm' sent to object: 'Object Repository/Product/Filter by name'

2021-01-13 13:26:56 - [MESSAGE][PASSED] - Keys 'P' sent to object: 'Object Repository/Product/Filter by name'

2021-01-13 13:26:56 - [MESSAGE][PASSED] - Keys 'r' sent to object: 'Object Repository/Product/Filter by name'

2021-01-13 13:26:56 - [MESSAGE][PASSED] - Keys 'o' sent to object: 'Object Repository/Product/Filter by name'

2021-01-13 13:26:57 - [MESSAGE][PASSED] - Keys 'd' sent to object: 'Object Repository/Product/Filter by name'

2021-01-13 13:26:57 - [MESSAGE][PASSED] - Keys 'u' sent to object: 'Object Repository/Product/Filter by name'

2021-01-13 13:26:57 - [MESSAGE][PASSED] - Keys 'c' sent to object: 'Object Repository/Product/Filter by name'

2021-01-13 13:26:58 - [MESSAGE][PASSED] - Keys 't' sent to object: 'Object Repository/Product/Filter by name'

2021-01-13 13:26:58 - [MESSAGE][PASSED] - Keys '5' sent to object: 'Object Repository/Product/Filter by name'

2021-01-13 13:26:59 - [MESSAGE][PASSED] - Keys '0' sent to object: 'Object Repository/Product/Filter by name'

2021-01-13 13:26:59 - [MESSAGE][PASSED] - Keys '2' sent to object: 'Object Repository/Product/Filter by name'

2021-01-13 13:27:00 - [MESSAGE][PASSED] - Object 'Object Repository/Product/productName(Name)' is present

2021-01-13 13:27:00 - [MESSAGE][PASSED] - pages.Product.verifyProductAdded is PASSED

2021-01-13 13:27:00 - [TEST_STEP][PASSED] - println(productname): null]]></system-out>
         <system-err><![CDATA[]]></system-err>
      </testcase>
      <testcase name="Test Cases/Admin/Product/deleteProductAndVerify" time="37.429" classname="Test Cases/Admin/Product/deleteProductAndVerify" status="PASSED">
         <system-out><![CDATA[2021-01-13 13:27:00 - [TEST_CASE][PASSED] - Test Cases/Admin/Product/deleteProductAndVerify: Test Cases/Admin/Product/deleteProductAndVerify

2021-01-13 13:27:00 - [TEST_STEP][PASSED] - Start listener action : login: null

2021-01-13 13:27:00 - [TEST_STEP][PASSED] - Thread.sleep(3000): null

2021-01-13 13:27:03 - [TEST_STEP][PASSED] - url = getUrl(): Current window's url is: 'https://dev-admin.modist.co/dashboard'

2021-01-13 13:27:03 - [MESSAGE][PASSED] - Current window's url is: 'https://dev-admin.modist.co/dashboard'

2021-01-13 13:27:03 - [TEST_STEP][PASSED] - if (!(url.contains("dashboard"))): null

2021-01-13 13:27:03 - [TEST_STEP][PASSED] - productname = pages.Product.addProduct(): pages.Product.addProduct is PASSED

2021-01-13 13:27:04 - [MESSAGE][PASSED] - Object 'Object Repository/Product/productTab' is present

2021-01-13 13:27:04 - [MESSAGE][PASSED] - Object 'Object Repository/Product/productTab' is visible

2021-01-13 13:27:04 - [MESSAGE][PASSED] - Object 'Object Repository/Product/productTab' is clickable

2021-01-13 13:27:05 - [MESSAGE][PASSED] - Object: 'Object Repository/Product/productTab' is clicked on

2021-01-13 13:27:05 - [MESSAGE][PASSED] - Object 'Object Repository/Product/addProductButton' is present

2021-01-13 13:27:05 - [MESSAGE][PASSED] - Object 'Object Repository/Product/addProductButton' is visible

2021-01-13 13:27:06 - [MESSAGE][PASSED] - Object 'Object Repository/Product/addProductButton' is clickable

2021-01-13 13:27:06 - [MESSAGE][PASSED] - Object: 'Object Repository/Product/addProductButton' is clicked on

2021-01-13 13:27:06 - [MESSAGE][PASSED] - Object 'Object Repository/Product/productNameInput' is present

2021-01-13 13:27:07 - [MESSAGE][PASSED] - Object 'Object Repository/Product/productNameInput' is visible

2021-01-13 13:27:07 - [MESSAGE][PASSED] - Object 'Object Repository/Product/productNameInput' is clickable

2021-01-13 13:27:07 - [MESSAGE][PASSED] - Text of object 'Object Repository/Product/productNameInput' is cleared

2021-01-13 13:27:08 - [MESSAGE][PASSED] - Keys 'RandomProduct527' sent to object: 'Object Repository/Product/productNameInput'

2021-01-13 13:27:08 - [MESSAGE][PASSED] - Object 'Object Repository/Product/descriptionFieldInput' is present

2021-01-13 13:27:08 - [MESSAGE][PASSED] - Object 'Object Repository/Product/descriptionFieldInput' is visible

2021-01-13 13:27:09 - [MESSAGE][PASSED] - Object 'Object Repository/Product/descriptionFieldInput' is clickable

2021-01-13 13:27:09 - [MESSAGE][PASSED] - Text of object 'Object Repository/Product/descriptionFieldInput' is cleared

2021-01-13 13:27:09 - [MESSAGE][PASSED] - Keys 'Sample text' sent to object: 'Object Repository/Product/descriptionFieldInput'

2021-01-13 13:27:10 - [MESSAGE][PASSED] - Object 'Object Repository/Product/addproductButtonInAddProductPopUp' is present

2021-01-13 13:27:10 - [MESSAGE][PASSED] - Object 'Object Repository/Product/addproductButtonInAddProductPopUp' is visible

2021-01-13 13:27:10 - [MESSAGE][PASSED] - Object 'Object Repository/Product/addproductButtonInAddProductPopUp' is clickable

2021-01-13 13:27:11 - [MESSAGE][PASSED] - Object: 'Object Repository/Product/addproductButtonInAddProductPopUp' is clicked on

2021-01-13 13:27:11 - [MESSAGE][PASSED] - pages.Product.addProduct is PASSED

2021-01-13 13:27:11 - [TEST_STEP][PASSED] - pages.Product.deleteProduct(productname): pages.Product.deleteProduct is PASSED

2021-01-13 13:27:11 - [MESSAGE][PASSED] - Object 'Object Repository/Product/Filter by name' is present

2021-01-13 13:27:13 - [MESSAGE][PASSED] - Object 'Object Repository/Product/Filter by name' is visible

2021-01-13 13:27:13 - [MESSAGE][PASSED] - Object 'Object Repository/Product/Filter by name' is clickable

2021-01-13 13:27:13 - [MESSAGE][PASSED] - Text of object 'Object Repository/Product/Filter by name' is cleared

2021-01-13 13:27:14 - [MESSAGE][PASSED] - Keys '' sent to object: 'Object Repository/Product/Filter by name'

2021-01-13 13:27:14 - [MESSAGE][PASSED] - Keys 'R' sent to object: 'Object Repository/Product/Filter by name'

2021-01-13 13:27:14 - [MESSAGE][PASSED] - Keys 'a' sent to object: 'Object Repository/Product/Filter by name'

2021-01-13 13:27:15 - [MESSAGE][PASSED] - Keys 'n' sent to object: 'Object Repository/Product/Filter by name'

2021-01-13 13:27:16 - [MESSAGE][PASSED] - Keys 'd' sent to object: 'Object Repository/Product/Filter by name'

2021-01-13 13:27:17 - [MESSAGE][PASSED] - Keys 'o' sent to object: 'Object Repository/Product/Filter by name'

2021-01-13 13:27:17 - [MESSAGE][PASSED] - Keys 'm' sent to object: 'Object Repository/Product/Filter by name'

2021-01-13 13:27:17 - [MESSAGE][PASSED] - Keys 'P' sent to object: 'Object Repository/Product/Filter by name'

2021-01-13 13:27:18 - [MESSAGE][PASSED] - Keys 'r' sent to object: 'Object Repository/Product/Filter by name'

2021-01-13 13:27:18 - [MESSAGE][PASSED] - Keys 'o' sent to object: 'Object Repository/Product/Filter by name'

2021-01-13 13:27:19 - [MESSAGE][PASSED] - Keys 'd' sent to object: 'Object Repository/Product/Filter by name'

2021-01-13 13:27:19 - [MESSAGE][PASSED] - Keys 'u' sent to object: 'Object Repository/Product/Filter by name'

2021-01-13 13:27:19 - [MESSAGE][PASSED] - Keys 'c' sent to object: 'Object Repository/Product/Filter by name'

2021-01-13 13:27:20 - [MESSAGE][PASSED] - Keys 't' sent to object: 'Object Repository/Product/Filter by name'

2021-01-13 13:27:20 - [MESSAGE][PASSED] - Keys '5' sent to object: 'Object Repository/Product/Filter by name'

2021-01-13 13:27:20 - [MESSAGE][PASSED] - Keys '2' sent to object: 'Object Repository/Product/Filter by name'

2021-01-13 13:27:21 - [MESSAGE][PASSED] - Keys '7' sent to object: 'Object Repository/Product/Filter by name'

2021-01-13 13:27:23 - [MESSAGE][PASSED] - Object 'Object Repository/Product/productCheckBox(productName)' is present

2021-01-13 13:27:23 - [MESSAGE][PASSED] - Object 'Object Repository/Product/productCheckBox(productName)' is visible

2021-01-13 13:27:24 - [MESSAGE][PASSED] - Object 'Object Repository/Product/productCheckBox(productName)' is clickable

2021-01-13 13:27:24 - [MESSAGE][PASSED] - Object: 'Object Repository/Product/productCheckBox(productName)' is clicked on

2021-01-13 13:27:24 - [MESSAGE][PASSED] - Object 'Object Repository/Product/productDeleteButton' is present

2021-01-13 13:27:25 - [MESSAGE][PASSED] - Object 'Object Repository/Product/productDeleteButton' is visible

2021-01-13 13:27:25 - [MESSAGE][PASSED] - Object 'Object Repository/Product/productDeleteButton' is clickable

2021-01-13 13:27:25 - [MESSAGE][PASSED] - Object: 'Object Repository/Product/productDeleteButton' is clicked on

2021-01-13 13:27:25 - [MESSAGE][PASSED] - Alert accepted

2021-01-13 13:27:27 - [MESSAGE][PASSED] - Object 'Object Repository/Product/successMessage' is present

2021-01-13 13:27:27 - [MESSAGE][PASSED] - pages.Product.deleteProduct is PASSED

2021-01-13 13:27:27 - [TEST_STEP][PASSED] - pages.Product.verifyProductNotPresent(productname): pages.Product.verifyProductNotPresent is PASSED

2021-01-13 13:27:28 - [MESSAGE][PASSED] - Object 'Object Repository/Product/Filter by name' is present

2021-01-13 13:27:28 - [MESSAGE][PASSED] - Object 'Object Repository/Product/Filter by name' is visible

2021-01-13 13:27:28 - [MESSAGE][PASSED] - Object 'Object Repository/Product/Filter by name' is clickable

2021-01-13 13:27:29 - [MESSAGE][PASSED] - Text of object 'Object Repository/Product/Filter by name' is cleared

2021-01-13 13:27:29 - [MESSAGE][PASSED] - Keys '' sent to object: 'Object Repository/Product/Filter by name'

2021-01-13 13:27:29 - [MESSAGE][PASSED] - Keys 'R' sent to object: 'Object Repository/Product/Filter by name'

2021-01-13 13:27:30 - [MESSAGE][PASSED] - Keys 'a' sent to object: 'Object Repository/Product/Filter by name'

2021-01-13 13:27:30 - [MESSAGE][PASSED] - Keys 'n' sent to object: 'Object Repository/Product/Filter by name'

2021-01-13 13:27:32 - [MESSAGE][PASSED] - Keys 'd' sent to object: 'Object Repository/Product/Filter by name'

2021-01-13 13:27:32 - [MESSAGE][PASSED] - Keys 'o' sent to object: 'Object Repository/Product/Filter by name'

2021-01-13 13:27:33 - [MESSAGE][PASSED] - Keys 'm' sent to object: 'Object Repository/Product/Filter by name'

2021-01-13 13:27:33 - [MESSAGE][PASSED] - Keys 'P' sent to object: 'Object Repository/Product/Filter by name'

2021-01-13 13:27:34 - [MESSAGE][PASSED] - Keys 'r' sent to object: 'Object Repository/Product/Filter by name'

2021-01-13 13:27:34 - [MESSAGE][PASSED] - Keys 'o' sent to object: 'Object Repository/Product/Filter by name'

2021-01-13 13:27:34 - [MESSAGE][PASSED] - Keys 'd' sent to object: 'Object Repository/Product/Filter by name'

2021-01-13 13:27:35 - [MESSAGE][PASSED] - Keys 'u' sent to object: 'Object Repository/Product/Filter by name'

2021-01-13 13:27:35 - [MESSAGE][PASSED] - Keys 'c' sent to object: 'Object Repository/Product/Filter by name'

2021-01-13 13:27:35 - [MESSAGE][PASSED] - Keys 't' sent to object: 'Object Repository/Product/Filter by name'

2021-01-13 13:27:36 - [MESSAGE][PASSED] - Keys '5' sent to object: 'Object Repository/Product/Filter by name'

2021-01-13 13:27:36 - [MESSAGE][PASSED] - Keys '2' sent to object: 'Object Repository/Product/Filter by name'

2021-01-13 13:27:37 - [MESSAGE][PASSED] - Keys '7' sent to object: 'Object Repository/Product/Filter by name'

2021-01-13 13:27:37 - [MESSAGE][PASSED] - Web element with id: 'Object Repository/Product/productName(Name)' located by 'By.xpath: //div[text()='RandomProduct527']/../..
' is not present after '30' second(s)

2021-01-13 13:27:37 - [MESSAGE][PASSED] - pages.Product.verifyProductNotPresent is PASSED]]></system-out>
         <system-err><![CDATA[]]></system-err>
      </testcase>
      <testcase name="Test Cases/Admin/Product/deleteProductFromProductEditPageAndVerify" time="39.099" classname="Test Cases/Admin/Product/deleteProductFromProductEditPageAndVerify" status="PASSED">
         <system-out><![CDATA[2021-01-13 13:27:37 - [TEST_CASE][PASSED] - Test Cases/Admin/Product/deleteProductFromProductEditPageAndVerify: Test Cases/Admin/Product/deleteProductFromProductEditPageAndVerify

2021-01-13 13:27:37 - [TEST_STEP][PASSED] - Start listener action : login: null

2021-01-13 13:27:37 - [TEST_STEP][PASSED] - Thread.sleep(3000): null

2021-01-13 13:27:40 - [TEST_STEP][PASSED] - url = getUrl(): Current window's url is: 'https://dev-admin.modist.co/dashboard'

2021-01-13 13:27:40 - [MESSAGE][PASSED] - Current window's url is: 'https://dev-admin.modist.co/dashboard'

2021-01-13 13:27:40 - [TEST_STEP][PASSED] - if (!(url.contains("dashboard"))): null

2021-01-13 13:27:41 - [TEST_STEP][PASSED] - productname = pages.Product.addProduct(): pages.Product.addProduct is PASSED

2021-01-13 13:27:41 - [MESSAGE][PASSED] - Object 'Object Repository/Product/productTab' is present

2021-01-13 13:27:41 - [MESSAGE][PASSED] - Object 'Object Repository/Product/productTab' is visible

2021-01-13 13:27:42 - [MESSAGE][PASSED] - Object 'Object Repository/Product/productTab' is clickable

2021-01-13 13:27:42 - [MESSAGE][PASSED] - Object: 'Object Repository/Product/productTab' is clicked on

2021-01-13 13:27:42 - [MESSAGE][PASSED] - Object 'Object Repository/Product/addProductButton' is present

2021-01-13 13:27:43 - [MESSAGE][PASSED] - Object 'Object Repository/Product/addProductButton' is visible

2021-01-13 13:27:43 - [MESSAGE][PASSED] - Object 'Object Repository/Product/addProductButton' is clickable

2021-01-13 13:27:43 - [MESSAGE][PASSED] - Object: 'Object Repository/Product/addProductButton' is clicked on

2021-01-13 13:27:44 - [MESSAGE][PASSED] - Object 'Object Repository/Product/productNameInput' is present

2021-01-13 13:27:44 - [MESSAGE][PASSED] - Object 'Object Repository/Product/productNameInput' is visible

2021-01-13 13:27:44 - [MESSAGE][PASSED] - Object 'Object Repository/Product/productNameInput' is clickable

2021-01-13 13:27:45 - [MESSAGE][PASSED] - Text of object 'Object Repository/Product/productNameInput' is cleared

2021-01-13 13:27:45 - [MESSAGE][PASSED] - Keys 'RandomProduct885' sent to object: 'Object Repository/Product/productNameInput'

2021-01-13 13:27:45 - [MESSAGE][PASSED] - Object 'Object Repository/Product/descriptionFieldInput' is present

2021-01-13 13:27:46 - [MESSAGE][PASSED] - Object 'Object Repository/Product/descriptionFieldInput' is visible

2021-01-13 13:27:46 - [MESSAGE][PASSED] - Object 'Object Repository/Product/descriptionFieldInput' is clickable

2021-01-13 13:27:46 - [MESSAGE][PASSED] - Text of object 'Object Repository/Product/descriptionFieldInput' is cleared

2021-01-13 13:27:47 - [MESSAGE][PASSED] - Keys 'Sample text' sent to object: 'Object Repository/Product/descriptionFieldInput'

2021-01-13 13:27:47 - [MESSAGE][PASSED] - Object 'Object Repository/Product/addproductButtonInAddProductPopUp' is present

2021-01-13 13:27:47 - [MESSAGE][PASSED] - Object 'Object Repository/Product/addproductButtonInAddProductPopUp' is visible

2021-01-13 13:27:48 - [MESSAGE][PASSED] - Object 'Object Repository/Product/addproductButtonInAddProductPopUp' is clickable

2021-01-13 13:27:48 - [MESSAGE][PASSED] - Object: 'Object Repository/Product/addproductButtonInAddProductPopUp' is clicked on

2021-01-13 13:27:48 - [MESSAGE][PASSED] - pages.Product.addProduct is PASSED

2021-01-13 13:27:48 - [TEST_STEP][PASSED] - pages.Product.openAnyExistingProduct(productname): pages.Product.openAnyExistingProduct is PASSED

2021-01-13 13:27:49 - [MESSAGE][PASSED] - Object 'Object Repository/Product/Filter by name' is present

2021-01-13 13:27:50 - [MESSAGE][PASSED] - Object 'Object Repository/Product/Filter by name' is visible

2021-01-13 13:27:50 - [MESSAGE][PASSED] - Object 'Object Repository/Product/Filter by name' is clickable

2021-01-13 13:27:50 - [MESSAGE][PASSED] - Text of object 'Object Repository/Product/Filter by name' is cleared

2021-01-13 13:27:51 - [MESSAGE][PASSED] - Keys '' sent to object: 'Object Repository/Product/Filter by name'

2021-01-13 13:27:51 - [MESSAGE][PASSED] - Keys 'R' sent to object: 'Object Repository/Product/Filter by name'

2021-01-13 13:27:52 - [MESSAGE][PASSED] - Keys 'a' sent to object: 'Object Repository/Product/Filter by name'

2021-01-13 13:27:52 - [MESSAGE][PASSED] - Keys 'n' sent to object: 'Object Repository/Product/Filter by name'

2021-01-13 13:27:53 - [MESSAGE][PASSED] - Keys 'd' sent to object: 'Object Repository/Product/Filter by name'

2021-01-13 13:27:54 - [MESSAGE][PASSED] - Keys 'o' sent to object: 'Object Repository/Product/Filter by name'

2021-01-13 13:27:54 - [MESSAGE][PASSED] - Keys 'm' sent to object: 'Object Repository/Product/Filter by name'

2021-01-13 13:27:55 - [MESSAGE][PASSED] - Keys 'P' sent to object: 'Object Repository/Product/Filter by name'

2021-01-13 13:27:55 - [MESSAGE][PASSED] - Keys 'r' sent to object: 'Object Repository/Product/Filter by name'

2021-01-13 13:27:55 - [MESSAGE][PASSED] - Keys 'o' sent to object: 'Object Repository/Product/Filter by name'

2021-01-13 13:27:56 - [MESSAGE][PASSED] - Keys 'd' sent to object: 'Object Repository/Product/Filter by name'

2021-01-13 13:27:56 - [MESSAGE][PASSED] - Keys 'u' sent to object: 'Object Repository/Product/Filter by name'

2021-01-13 13:27:56 - [MESSAGE][PASSED] - Keys 'c' sent to object: 'Object Repository/Product/Filter by name'

2021-01-13 13:27:57 - [MESSAGE][PASSED] - Keys 't' sent to object: 'Object Repository/Product/Filter by name'

2021-01-13 13:27:57 - [MESSAGE][PASSED] - Keys '8' sent to object: 'Object Repository/Product/Filter by name'

2021-01-13 13:27:58 - [MESSAGE][PASSED] - Keys '8' sent to object: 'Object Repository/Product/Filter by name'

2021-01-13 13:27:58 - [MESSAGE][PASSED] - Keys '5' sent to object: 'Object Repository/Product/Filter by name'

2021-01-13 13:27:59 - [MESSAGE][PASSED] - Scroll to object 'Object Repository/Product/productName(Name)' successfully

2021-01-13 13:27:59 - [MESSAGE][PASSED] - Object 'Object Repository/Product/productName(Name)' is present

2021-01-13 13:28:00 - [MESSAGE][PASSED] - Object 'Object Repository/Product/productName(Name)' is visible

2021-01-13 13:28:00 - [MESSAGE][PASSED] - Object 'Object Repository/Product/productName(Name)' is clickable

2021-01-13 13:28:00 - [MESSAGE][PASSED] - Object: 'Object Repository/Product/productName(Name)' is clicked on

2021-01-13 13:28:00 - [MESSAGE][PASSED] - pages.Product.openAnyExistingProduct is PASSED

2021-01-13 13:28:00 - [TEST_STEP][PASSED] - pages.Product.clickDeleteButtonInProductEditPage(): pages.Product.clickDeleteButtonInProductEditPage is PASSED

2021-01-13 13:28:01 - [MESSAGE][PASSED] - Object 'Object Repository/Product/ProductEditPage/deleteButton' is present

2021-01-13 13:28:01 - [MESSAGE][PASSED] - Object 'Object Repository/Product/ProductEditPage/deleteButton' is visible

2021-01-13 13:28:02 - [MESSAGE][PASSED] - Object 'Object Repository/Product/ProductEditPage/deleteButton' is clickable

2021-01-13 13:28:02 - [MESSAGE][PASSED] - Object: 'Object Repository/Product/ProductEditPage/deleteButton' is clicked on

2021-01-13 13:28:03 - [MESSAGE][PASSED] - Object 'Object Repository/Product/successMessage' is present

2021-01-13 13:28:06 - [MESSAGE][PASSED] - Refresh successfully

2021-01-13 13:28:06 - [MESSAGE][PASSED] - pages.Product.clickDeleteButtonInProductEditPage is PASSED

2021-01-13 13:28:06 - [TEST_STEP][PASSED] - pages.Product.verifyProductNotPresent(productname): pages.Product.verifyProductNotPresent is PASSED

2021-01-13 13:28:07 - [MESSAGE][PASSED] - Object 'Object Repository/Product/Filter by name' is present

2021-01-13 13:28:07 - [MESSAGE][PASSED] - Object 'Object Repository/Product/Filter by name' is visible

2021-01-13 13:28:08 - [MESSAGE][PASSED] - Object 'Object Repository/Product/Filter by name' is clickable

2021-01-13 13:28:08 - [MESSAGE][PASSED] - Text of object 'Object Repository/Product/Filter by name' is cleared

2021-01-13 13:28:08 - [MESSAGE][PASSED] - Keys '' sent to object: 'Object Repository/Product/Filter by name'

2021-01-13 13:28:09 - [MESSAGE][PASSED] - Keys 'R' sent to object: 'Object Repository/Product/Filter by name'

2021-01-13 13:28:09 - [MESSAGE][PASSED] - Keys 'a' sent to object: 'Object Repository/Product/Filter by name'

2021-01-13 13:28:09 - [MESSAGE][PASSED] - Keys 'n' sent to object: 'Object Repository/Product/Filter by name'

2021-01-13 13:28:11 - [MESSAGE][PASSED] - Keys 'd' sent to object: 'Object Repository/Product/Filter by name'

2021-01-13 13:28:12 - [MESSAGE][PASSED] - Keys 'o' sent to object: 'Object Repository/Product/Filter by name'

2021-01-13 13:28:12 - [MESSAGE][PASSED] - Keys 'm' sent to object: 'Object Repository/Product/Filter by name'

2021-01-13 13:28:12 - [MESSAGE][PASSED] - Keys 'P' sent to object: 'Object Repository/Product/Filter by name'

2021-01-13 13:28:13 - [MESSAGE][PASSED] - Keys 'r' sent to object: 'Object Repository/Product/Filter by name'

2021-01-13 13:28:13 - [MESSAGE][PASSED] - Keys 'o' sent to object: 'Object Repository/Product/Filter by name'

2021-01-13 13:28:14 - [MESSAGE][PASSED] - Keys 'd' sent to object: 'Object Repository/Product/Filter by name'

2021-01-13 13:28:14 - [MESSAGE][PASSED] - Keys 'u' sent to object: 'Object Repository/Product/Filter by name'

2021-01-13 13:28:14 - [MESSAGE][PASSED] - Keys 'c' sent to object: 'Object Repository/Product/Filter by name'

2021-01-13 13:28:15 - [MESSAGE][PASSED] - Keys 't' sent to object: 'Object Repository/Product/Filter by name'

2021-01-13 13:28:15 - [MESSAGE][PASSED] - Keys '8' sent to object: 'Object Repository/Product/Filter by name'

2021-01-13 13:28:15 - [MESSAGE][PASSED] - Keys '8' sent to object: 'Object Repository/Product/Filter by name'

2021-01-13 13:28:16 - [MESSAGE][PASSED] - Keys '5' sent to object: 'Object Repository/Product/Filter by name'

2021-01-13 13:28:17 - [MESSAGE][PASSED] - Web element with id: 'Object Repository/Product/productName(Name)' located by 'By.xpath: //div[text()='RandomProduct885']/../..
' is not present after '30' second(s)

2021-01-13 13:28:17 - [MESSAGE][PASSED] - pages.Product.verifyProductNotPresent is PASSED]]></system-out>
         <system-err><![CDATA[]]></system-err>
      </testcase>
      <testcase name="Test Cases/Admin/Product/editProductNameAndVerify" time="52.145" classname="Test Cases/Admin/Product/editProductNameAndVerify" status="PASSED">
         <system-out><![CDATA[2021-01-13 13:28:17 - [TEST_CASE][PASSED] - Test Cases/Admin/Product/editProductNameAndVerify: Test Cases/Admin/Product/editProductNameAndVerify

2021-01-13 13:28:17 - [TEST_STEP][PASSED] - Start listener action : login: null

2021-01-13 13:28:17 - [TEST_STEP][PASSED] - Thread.sleep(3000): null

2021-01-13 13:28:20 - [TEST_STEP][PASSED] - url = getUrl(): Current window's url is: 'https://dev-admin.modist.co/dashboard'

2021-01-13 13:28:20 - [MESSAGE][PASSED] - Current window's url is: 'https://dev-admin.modist.co/dashboard'

2021-01-13 13:28:20 - [TEST_STEP][PASSED] - if (!(url.contains("dashboard"))): null

2021-01-13 13:28:20 - [TEST_STEP][PASSED] - productname = pages.Product.addProduct(): pages.Product.addProduct is PASSED

2021-01-13 13:28:20 - [MESSAGE][PASSED] - Object 'Object Repository/Product/productTab' is present

2021-01-13 13:28:20 - [MESSAGE][PASSED] - Object 'Object Repository/Product/productTab' is visible

2021-01-13 13:28:21 - [MESSAGE][PASSED] - Object 'Object Repository/Product/productTab' is clickable

2021-01-13 13:28:21 - [MESSAGE][PASSED] - Object: 'Object Repository/Product/productTab' is clicked on

2021-01-13 13:28:21 - [MESSAGE][PASSED] - Object 'Object Repository/Product/addProductButton' is present

2021-01-13 13:28:22 - [MESSAGE][PASSED] - Object 'Object Repository/Product/addProductButton' is visible

2021-01-13 13:28:22 - [MESSAGE][PASSED] - Object 'Object Repository/Product/addProductButton' is clickable

2021-01-13 13:28:23 - [MESSAGE][PASSED] - Object: 'Object Repository/Product/addProductButton' is clicked on

2021-01-13 13:28:23 - [MESSAGE][PASSED] - Object 'Object Repository/Product/productNameInput' is present

2021-01-13 13:28:23 - [MESSAGE][PASSED] - Object 'Object Repository/Product/productNameInput' is visible

2021-01-13 13:28:24 - [MESSAGE][PASSED] - Object 'Object Repository/Product/productNameInput' is clickable

2021-01-13 13:28:24 - [MESSAGE][PASSED] - Text of object 'Object Repository/Product/productNameInput' is cleared

2021-01-13 13:28:24 - [MESSAGE][PASSED] - Keys 'RandomProduct872' sent to object: 'Object Repository/Product/productNameInput'

2021-01-13 13:28:25 - [MESSAGE][PASSED] - Object 'Object Repository/Product/descriptionFieldInput' is present

2021-01-13 13:28:25 - [MESSAGE][PASSED] - Object 'Object Repository/Product/descriptionFieldInput' is visible

2021-01-13 13:28:25 - [MESSAGE][PASSED] - Object 'Object Repository/Product/descriptionFieldInput' is clickable

2021-01-13 13:28:25 - [MESSAGE][PASSED] - Text of object 'Object Repository/Product/descriptionFieldInput' is cleared

2021-01-13 13:28:26 - [MESSAGE][PASSED] - Keys 'Sample text' sent to object: 'Object Repository/Product/descriptionFieldInput'

2021-01-13 13:28:26 - [MESSAGE][PASSED] - Object 'Object Repository/Product/addproductButtonInAddProductPopUp' is present

2021-01-13 13:28:26 - [MESSAGE][PASSED] - Object 'Object Repository/Product/addproductButtonInAddProductPopUp' is visible

2021-01-13 13:28:27 - [MESSAGE][PASSED] - Object 'Object Repository/Product/addproductButtonInAddProductPopUp' is clickable

2021-01-13 13:28:27 - [MESSAGE][PASSED] - Object: 'Object Repository/Product/addproductButtonInAddProductPopUp' is clicked on

2021-01-13 13:28:27 - [MESSAGE][PASSED] - pages.Product.addProduct is PASSED

2021-01-13 13:28:27 - [TEST_STEP][PASSED] - pages.Product.openAnyExistingProduct(productname): pages.Product.openAnyExistingProduct is PASSED

2021-01-13 13:28:28 - [MESSAGE][PASSED] - Object 'Object Repository/Product/Filter by name' is present

2021-01-13 13:28:29 - [MESSAGE][PASSED] - Object 'Object Repository/Product/Filter by name' is visible

2021-01-13 13:28:29 - [MESSAGE][PASSED] - Object 'Object Repository/Product/Filter by name' is clickable

2021-01-13 13:28:29 - [MESSAGE][PASSED] - Text of object 'Object Repository/Product/Filter by name' is cleared

2021-01-13 13:28:30 - [MESSAGE][PASSED] - Keys '' sent to object: 'Object Repository/Product/Filter by name'

2021-01-13 13:28:30 - [MESSAGE][PASSED] - Keys 'R' sent to object: 'Object Repository/Product/Filter by name'

2021-01-13 13:28:30 - [MESSAGE][PASSED] - Keys 'a' sent to object: 'Object Repository/Product/Filter by name'

2021-01-13 13:28:31 - [MESSAGE][PASSED] - Keys 'n' sent to object: 'Object Repository/Product/Filter by name'

2021-01-13 13:28:32 - [MESSAGE][PASSED] - Keys 'd' sent to object: 'Object Repository/Product/Filter by name'

2021-01-13 13:28:33 - [MESSAGE][PASSED] - Keys 'o' sent to object: 'Object Repository/Product/Filter by name'

2021-01-13 13:28:33 - [MESSAGE][PASSED] - Keys 'm' sent to object: 'Object Repository/Product/Filter by name'

2021-01-13 13:28:33 - [MESSAGE][PASSED] - Keys 'P' sent to object: 'Object Repository/Product/Filter by name'

2021-01-13 13:28:34 - [MESSAGE][PASSED] - Keys 'r' sent to object: 'Object Repository/Product/Filter by name'

2021-01-13 13:28:34 - [MESSAGE][PASSED] - Keys 'o' sent to object: 'Object Repository/Product/Filter by name'

2021-01-13 13:28:35 - [MESSAGE][PASSED] - Keys 'd' sent to object: 'Object Repository/Product/Filter by name'

2021-01-13 13:28:35 - [MESSAGE][PASSED] - Keys 'u' sent to object: 'Object Repository/Product/Filter by name'

2021-01-13 13:28:35 - [MESSAGE][PASSED] - Keys 'c' sent to object: 'Object Repository/Product/Filter by name'

2021-01-13 13:28:36 - [MESSAGE][PASSED] - Keys 't' sent to object: 'Object Repository/Product/Filter by name'

2021-01-13 13:28:36 - [MESSAGE][PASSED] - Keys '8' sent to object: 'Object Repository/Product/Filter by name'

2021-01-13 13:28:36 - [MESSAGE][PASSED] - Keys '7' sent to object: 'Object Repository/Product/Filter by name'

2021-01-13 13:28:37 - [MESSAGE][PASSED] - Keys '2' sent to object: 'Object Repository/Product/Filter by name'

2021-01-13 13:28:38 - [MESSAGE][PASSED] - Scroll to object 'Object Repository/Product/productName(Name)' successfully

2021-01-13 13:28:38 - [MESSAGE][PASSED] - Object 'Object Repository/Product/productName(Name)' is present

2021-01-13 13:28:39 - [MESSAGE][PASSED] - Object 'Object Repository/Product/productName(Name)' is visible

2021-01-13 13:28:39 - [MESSAGE][PASSED] - Object 'Object Repository/Product/productName(Name)' is clickable

2021-01-13 13:28:39 - [MESSAGE][PASSED] - Object: 'Object Repository/Product/productName(Name)' is clicked on

2021-01-13 13:28:39 - [MESSAGE][PASSED] - pages.Product.openAnyExistingProduct is PASSED

2021-01-13 13:28:39 - [TEST_STEP][PASSED] - editedName = pages.Product.editProductName(): pages.Product.editProductName is PASSED

2021-01-13 13:28:44 - [MESSAGE][PASSED] - Delayed 5 second(s)

2021-01-13 13:28:45 - [MESSAGE][PASSED] - Text of object 'Object Repository/Product/ProductEditPage/productNameInput' is cleared

2021-01-13 13:28:45 - [MESSAGE][PASSED] - Object 'Object Repository/Product/ProductEditPage/productNameInput' is present

2021-01-13 13:28:45 - [MESSAGE][PASSED] - Object 'Object Repository/Product/ProductEditPage/productNameInput' is visible

2021-01-13 13:28:46 - [MESSAGE][PASSED] - Object 'Object Repository/Product/ProductEditPage/productNameInput' is clickable

2021-01-13 13:28:46 - [MESSAGE][PASSED] - Text of object 'Object Repository/Product/ProductEditPage/productNameInput' is cleared

2021-01-13 13:28:46 - [MESSAGE][PASSED] - Keys 'RandomProduct272' sent to object: 'Object Repository/Product/ProductEditPage/productNameInput'

2021-01-13 13:28:47 - [MESSAGE][PASSED] - Object 'Object Repository/Product/ProductEditPage/saveChangesButton' is present

2021-01-13 13:28:47 - [MESSAGE][PASSED] - Object 'Object Repository/Product/ProductEditPage/saveChangesButton' is visible

2021-01-13 13:28:47 - [MESSAGE][PASSED] - Object 'Object Repository/Product/ProductEditPage/saveChangesButton' is clickable

2021-01-13 13:28:48 - [MESSAGE][PASSED] - Object: 'Object Repository/Product/ProductEditPage/saveChangesButton' is clicked on

2021-01-13 13:28:48 - [MESSAGE][PASSED] - Object 'Object Repository/Product/ProductEditPage/closeButton' is present

2021-01-13 13:28:49 - [MESSAGE][PASSED] - Object 'Object Repository/Product/ProductEditPage/closeButton' is visible

2021-01-13 13:28:49 - [MESSAGE][PASSED] - Object 'Object Repository/Product/ProductEditPage/closeButton' is clickable

2021-01-13 13:28:49 - [MESSAGE][PASSED] - Object: 'Object Repository/Product/ProductEditPage/closeButton' is clicked on

2021-01-13 13:28:49 - [MESSAGE][PASSED] - pages.Product.editProductName is PASSED

2021-01-13 13:28:49 - [TEST_STEP][PASSED] - pages.Product.verifyProductAdded(editedName): pages.Product.verifyProductAdded is PASSED

2021-01-13 13:28:50 - [MESSAGE][PASSED] - Object 'Object Repository/Product/Filter by name' is present

2021-01-13 13:28:50 - [MESSAGE][PASSED] - Object 'Object Repository/Product/Filter by name' is visible

2021-01-13 13:28:52 - [MESSAGE][PASSED] - Object 'Object Repository/Product/Filter by name' is clickable

2021-01-13 13:28:52 - [MESSAGE][PASSED] - Text of object 'Object Repository/Product/Filter by name' is cleared

2021-01-13 13:28:52 - [MESSAGE][PASSED] - Keys '' sent to object: 'Object Repository/Product/Filter by name'

2021-01-13 13:28:53 - [MESSAGE][PASSED] - Keys 'R' sent to object: 'Object Repository/Product/Filter by name'

2021-01-13 13:28:53 - [MESSAGE][PASSED] - Keys 'a' sent to object: 'Object Repository/Product/Filter by name'

2021-01-13 13:28:54 - [MESSAGE][PASSED] - Keys 'n' sent to object: 'Object Repository/Product/Filter by name'

2021-01-13 13:28:55 - [MESSAGE][PASSED] - Keys 'd' sent to object: 'Object Repository/Product/Filter by name'

2021-01-13 13:28:55 - [MESSAGE][PASSED] - Keys 'o' sent to object: 'Object Repository/Product/Filter by name'

2021-01-13 13:28:56 - [MESSAGE][PASSED] - Keys 'm' sent to object: 'Object Repository/Product/Filter by name'

2021-01-13 13:28:56 - [MESSAGE][PASSED] - Keys 'P' sent to object: 'Object Repository/Product/Filter by name'

2021-01-13 13:28:56 - [MESSAGE][PASSED] - Keys 'r' sent to object: 'Object Repository/Product/Filter by name'

2021-01-13 13:28:57 - [MESSAGE][PASSED] - Keys 'o' sent to object: 'Object Repository/Product/Filter by name'

2021-01-13 13:28:57 - [MESSAGE][PASSED] - Keys 'd' sent to object: 'Object Repository/Product/Filter by name'

2021-01-13 13:28:58 - [MESSAGE][PASSED] - Keys 'u' sent to object: 'Object Repository/Product/Filter by name'

2021-01-13 13:28:58 - [MESSAGE][PASSED] - Keys 'c' sent to object: 'Object Repository/Product/Filter by name'

2021-01-13 13:28:58 - [MESSAGE][PASSED] - Keys 't' sent to object: 'Object Repository/Product/Filter by name'

2021-01-13 13:28:59 - [MESSAGE][PASSED] - Keys '2' sent to object: 'Object Repository/Product/Filter by name'

2021-01-13 13:28:59 - [MESSAGE][PASSED] - Keys '7' sent to object: 'Object Repository/Product/Filter by name'

2021-01-13 13:28:59 - [MESSAGE][PASSED] - Keys '2' sent to object: 'Object Repository/Product/Filter by name'

2021-01-13 13:29:00 - [MESSAGE][PASSED] - Object 'Object Repository/Product/productName(Name)' is present

2021-01-13 13:29:00 - [MESSAGE][PASSED] - pages.Product.verifyProductAdded is PASSED

2021-01-13 13:29:00 - [TEST_STEP][PASSED] - pages.Product.verifyProductNotPresent(productname): pages.Product.verifyProductNotPresent is PASSED

2021-01-13 13:29:00 - [MESSAGE][PASSED] - Object 'Object Repository/Product/Filter by name' is present

2021-01-13 13:29:01 - [MESSAGE][PASSED] - Object 'Object Repository/Product/Filter by name' is visible

2021-01-13 13:29:01 - [MESSAGE][PASSED] - Object 'Object Repository/Product/Filter by name' is clickable

2021-01-13 13:29:01 - [MESSAGE][PASSED] - Text of object 'Object Repository/Product/Filter by name' is cleared

2021-01-13 13:29:02 - [MESSAGE][PASSED] - Keys '' sent to object: 'Object Repository/Product/Filter by name'

2021-01-13 13:29:02 - [MESSAGE][PASSED] - Keys 'R' sent to object: 'Object Repository/Product/Filter by name'

2021-01-13 13:29:02 - [MESSAGE][PASSED] - Keys 'a' sent to object: 'Object Repository/Product/Filter by name'

2021-01-13 13:29:03 - [MESSAGE][PASSED] - Keys 'n' sent to object: 'Object Repository/Product/Filter by name'

2021-01-13 13:29:04 - [MESSAGE][PASSED] - Keys 'd' sent to object: 'Object Repository/Product/Filter by name'

2021-01-13 13:29:04 - [MESSAGE][PASSED] - Keys 'o' sent to object: 'Object Repository/Product/Filter by name'

2021-01-13 13:29:05 - [MESSAGE][PASSED] - Keys 'm' sent to object: 'Object Repository/Product/Filter by name'

2021-01-13 13:29:05 - [MESSAGE][PASSED] - Keys 'P' sent to object: 'Object Repository/Product/Filter by name'

2021-01-13 13:29:06 - [MESSAGE][PASSED] - Keys 'r' sent to object: 'Object Repository/Product/Filter by name'

2021-01-13 13:29:06 - [MESSAGE][PASSED] - Keys 'o' sent to object: 'Object Repository/Product/Filter by name'

2021-01-13 13:29:06 - [MESSAGE][PASSED] - Keys 'd' sent to object: 'Object Repository/Product/Filter by name'

2021-01-13 13:29:07 - [MESSAGE][PASSED] - Keys 'u' sent to object: 'Object Repository/Product/Filter by name'

2021-01-13 13:29:07 - [MESSAGE][PASSED] - Keys 'c' sent to object: 'Object Repository/Product/Filter by name'

2021-01-13 13:29:07 - [MESSAGE][PASSED] - Keys 't' sent to object: 'Object Repository/Product/Filter by name'

2021-01-13 13:29:08 - [MESSAGE][PASSED] - Keys '8' sent to object: 'Object Repository/Product/Filter by name'

2021-01-13 13:29:08 - [MESSAGE][PASSED] - Keys '7' sent to object: 'Object Repository/Product/Filter by name'

2021-01-13 13:29:08 - [MESSAGE][PASSED] - Keys '2' sent to object: 'Object Repository/Product/Filter by name'

2021-01-13 13:29:09 - [MESSAGE][PASSED] - Web element with id: 'Object Repository/Product/productName(Name)' located by 'By.xpath: //div[text()='RandomProduct872']/../..
' is not present after '30' second(s)

2021-01-13 13:29:09 - [MESSAGE][PASSED] - pages.Product.verifyProductNotPresent is PASSED]]></system-out>
         <system-err><![CDATA[]]></system-err>
      </testcase>
      <testcase name="Test Cases/Admin/Product/openExistingProductNavigatesToProductEditPage" time="17.98" classname="Test Cases/Admin/Product/openExistingProductNavigatesToProductEditPage" status="PASSED">
         <system-out><![CDATA[2021-01-13 13:29:09 - [TEST_CASE][PASSED] - Test Cases/Admin/Product/openExistingProductNavigatesToProductEditPage: Test Cases/Admin/Product/openExistingProductNavigatesToProductEditPage

2021-01-13 13:29:09 - [TEST_STEP][PASSED] - Start listener action : login: null

2021-01-13 13:29:09 - [TEST_STEP][PASSED] - Thread.sleep(3000): null

2021-01-13 13:29:12 - [TEST_STEP][PASSED] - url = getUrl(): Current window's url is: 'https://dev-admin.modist.co/dashboard'

2021-01-13 13:29:12 - [MESSAGE][PASSED] - Current window's url is: 'https://dev-admin.modist.co/dashboard'

2021-01-13 13:29:12 - [TEST_STEP][PASSED] - if (!(url.contains("dashboard"))): null

2021-01-13 13:29:12 - [TEST_STEP][PASSED] - productName = pages.Product.getRandomProductNmae(): pages.Product.getRandomProductNmae is PASSED

2021-01-13 13:29:12 - [MESSAGE][PASSED] - Object 'Object Repository/Product/productTab' is present

2021-01-13 13:29:12 - [MESSAGE][PASSED] - Object 'Object Repository/Product/productTab' is visible

2021-01-13 13:29:13 - [MESSAGE][PASSED] - Object 'Object Repository/Product/productTab' is clickable

2021-01-13 13:29:13 - [MESSAGE][PASSED] - Object: 'Object Repository/Product/productTab' is clicked on

2021-01-13 13:29:14 - [MESSAGE][PASSED] - Object 'Object Repository/Product/productsCount' is present

2021-01-13 13:29:14 - [MESSAGE][PASSED] - Text of object 'Object Repository/Product/randomProduct(index)' is: 'RandomProduct12'

2021-01-13 13:29:14 - [MESSAGE][PASSED] - pages.Product.getRandomProductNmae is PASSED

2021-01-13 13:29:14 - [TEST_STEP][PASSED] - pages.Product.openAnyExistingProduct(productName): pages.Product.openAnyExistingProduct is PASSED

2021-01-13 13:29:15 - [MESSAGE][PASSED] - Object 'Object Repository/Product/Filter by name' is present

2021-01-13 13:29:15 - [MESSAGE][PASSED] - Object 'Object Repository/Product/Filter by name' is visible

2021-01-13 13:29:15 - [MESSAGE][PASSED] - Object 'Object Repository/Product/Filter by name' is clickable

2021-01-13 13:29:16 - [MESSAGE][PASSED] - Text of object 'Object Repository/Product/Filter by name' is cleared

2021-01-13 13:29:16 - [MESSAGE][PASSED] - Keys '' sent to object: 'Object Repository/Product/Filter by name'

2021-01-13 13:29:16 - [MESSAGE][PASSED] - Keys 'R' sent to object: 'Object Repository/Product/Filter by name'

2021-01-13 13:29:17 - [MESSAGE][PASSED] - Keys 'a' sent to object: 'Object Repository/Product/Filter by name'

2021-01-13 13:29:18 - [MESSAGE][PASSED] - Keys 'n' sent to object: 'Object Repository/Product/Filter by name'

2021-01-13 13:29:18 - [MESSAGE][PASSED] - Keys 'd' sent to object: 'Object Repository/Product/Filter by name'

2021-01-13 13:29:19 - [MESSAGE][PASSED] - Keys 'o' sent to object: 'Object Repository/Product/Filter by name'

2021-01-13 13:29:20 - [MESSAGE][PASSED] - Keys 'm' sent to object: 'Object Repository/Product/Filter by name'

2021-01-13 13:29:20 - [MESSAGE][PASSED] - Keys 'P' sent to object: 'Object Repository/Product/Filter by name'

2021-01-13 13:29:20 - [MESSAGE][PASSED] - Keys 'r' sent to object: 'Object Repository/Product/Filter by name'

2021-01-13 13:29:20 - [MESSAGE][PASSED] - Keys 'o' sent to object: 'Object Repository/Product/Filter by name'

2021-01-13 13:29:21 - [MESSAGE][PASSED] - Keys 'd' sent to object: 'Object Repository/Product/Filter by name'

2021-01-13 13:29:21 - [MESSAGE][PASSED] - Keys 'u' sent to object: 'Object Repository/Product/Filter by name'

2021-01-13 13:29:21 - [MESSAGE][PASSED] - Keys 'c' sent to object: 'Object Repository/Product/Filter by name'

2021-01-13 13:29:22 - [MESSAGE][PASSED] - Keys 't' sent to object: 'Object Repository/Product/Filter by name'

2021-01-13 13:29:22 - [MESSAGE][PASSED] - Keys '1' sent to object: 'Object Repository/Product/Filter by name'

2021-01-13 13:29:22 - [MESSAGE][PASSED] - Keys '2' sent to object: 'Object Repository/Product/Filter by name'

2021-01-13 13:29:24 - [MESSAGE][PASSED] - Scroll to object 'Object Repository/Product/productName(Name)' successfully

2021-01-13 13:29:24 - [MESSAGE][PASSED] - Object 'Object Repository/Product/productName(Name)' is present

2021-01-13 13:29:24 - [MESSAGE][PASSED] - Object 'Object Repository/Product/productName(Name)' is visible

2021-01-13 13:29:24 - [MESSAGE][PASSED] - Object 'Object Repository/Product/productName(Name)' is clickable

2021-01-13 13:29:25 - [MESSAGE][PASSED] - Object: 'Object Repository/Product/productName(Name)' is clicked on

2021-01-13 13:29:25 - [MESSAGE][PASSED] - pages.Product.openAnyExistingProduct is PASSED

2021-01-13 13:29:25 - [TEST_STEP][PASSED] - pages.Product.verifyProductEditPage(): pages.Product.verifyProductEditPage is PASSED

2021-01-13 13:29:25 - [MESSAGE][PASSED] - Object 'Object Repository/Product/ProductEditPage/productEditPageVerification' is present

2021-01-13 13:29:26 - [MESSAGE][PASSED] - Object 'Object Repository/Product/ProductEditPage/closeButton' is present

2021-01-13 13:29:26 - [MESSAGE][PASSED] - Object 'Object Repository/Product/ProductEditPage/closeButton' is visible

2021-01-13 13:29:26 - [MESSAGE][PASSED] - Object 'Object Repository/Product/ProductEditPage/closeButton' is clickable

2021-01-13 13:29:27 - [MESSAGE][PASSED] - Object: 'Object Repository/Product/ProductEditPage/closeButton' is clicked on

2021-01-13 13:29:27 - [MESSAGE][PASSED] - pages.Product.verifyProductEditPage is PASSED]]></system-out>
         <system-err><![CDATA[]]></system-err>
      </testcase>
      <testcase name="Test Cases/Admin/Product/verifyAddProductPopUp" time="7.949" classname="Test Cases/Admin/Product/verifyAddProductPopUp" status="PASSED">
         <system-out><![CDATA[2021-01-13 13:29:27 - [TEST_CASE][PASSED] - Test Cases/Admin/Product/verifyAddProductPopUp: Test Cases/Admin/Product/verifyAddProductPopUp

2021-01-13 13:29:27 - [TEST_STEP][PASSED] - Start listener action : login: null

2021-01-13 13:29:27 - [TEST_STEP][PASSED] - Thread.sleep(3000): null

2021-01-13 13:29:30 - [TEST_STEP][PASSED] - url = getUrl(): Current window's url is: 'https://dev-admin.modist.co/dashboard'

2021-01-13 13:29:30 - [MESSAGE][PASSED] - Current window's url is: 'https://dev-admin.modist.co/dashboard'

2021-01-13 13:29:30 - [TEST_STEP][PASSED] - if (!(url.contains("dashboard"))): null

2021-01-13 13:29:30 - [TEST_STEP][PASSED] - pages.Product.clickOnProductTab(): pages.Product.clickOnProductTab is PASSED

2021-01-13 13:29:30 - [MESSAGE][PASSED] - Object 'Object Repository/Product/productTab' is present

2021-01-13 13:29:30 - [MESSAGE][PASSED] - Object 'Object Repository/Product/productTab' is visible

2021-01-13 13:29:31 - [MESSAGE][PASSED] - Object 'Object Repository/Product/productTab' is clickable

2021-01-13 13:29:31 - [MESSAGE][PASSED] - Object: 'Object Repository/Product/productTab' is clicked on

2021-01-13 13:29:31 - [MESSAGE][PASSED] - pages.Product.clickOnProductTab is PASSED

2021-01-13 13:29:31 - [TEST_STEP][PASSED] - pages.Product.clickOnAddProductButton(): pages.Product.clickOnAddProductButton is PASSED

2021-01-13 13:29:31 - [MESSAGE][PASSED] - Object 'Object Repository/Product/addProductButton' is present

2021-01-13 13:29:31 - [MESSAGE][PASSED] - Object 'Object Repository/Product/addProductButton' is visible

2021-01-13 13:29:32 - [MESSAGE][PASSED] - Object 'Object Repository/Product/addProductButton' is clickable

2021-01-13 13:29:32 - [MESSAGE][PASSED] - Object: 'Object Repository/Product/addProductButton' is clicked on

2021-01-13 13:29:32 - [MESSAGE][PASSED] - pages.Product.clickOnAddProductButton is PASSED

2021-01-13 13:29:32 - [TEST_STEP][PASSED] - pages.Product.verifyProductPopUp(): pages.Product.verifyProductPopUp is PASSED

2021-01-13 13:29:32 - [MESSAGE][PASSED] - Object 'Object Repository/Product/productNameInput' is present

2021-01-13 13:29:33 - [MESSAGE][PASSED] - Object 'Object Repository/Product/descriptionFieldInput' is present

2021-01-13 13:29:33 - [MESSAGE][PASSED] - Object 'Object Repository/Product/cancelButtonInAddProductPopUp' is present

2021-01-13 13:29:33 - [MESSAGE][PASSED] - Object 'Object Repository/Product/addproductButtonInAddProductPopUp' is present

2021-01-13 13:29:34 - [MESSAGE][PASSED] - Object 'Object Repository/Product/publishedDropDown' is present

2021-01-13 13:29:34 - [MESSAGE][PASSED] - Object 'Object Repository/Product/cancelButtonInAddProductPopUp' is present

2021-01-13 13:29:34 - [MESSAGE][PASSED] - Object 'Object Repository/Product/cancelButtonInAddProductPopUp' is visible

2021-01-13 13:29:34 - [MESSAGE][PASSED] - Object 'Object Repository/Product/cancelButtonInAddProductPopUp' is clickable

2021-01-13 13:29:35 - [MESSAGE][PASSED] - Object: 'Object Repository/Product/cancelButtonInAddProductPopUp' is clicked on

2021-01-13 13:29:35 - [MESSAGE][PASSED] - pages.Product.verifyProductPopUp is PASSED]]></system-out>
         <system-err><![CDATA[]]></system-err>
      </testcase>
      <testcase name="Test Cases/Admin/Product/verifyCloseButtonFunctionalityInProductEditPage" time="13.347" classname="Test Cases/Admin/Product/verifyCloseButtonFunctionalityInProductEditPage" status="PASSED">
         <system-out><![CDATA[2021-01-13 13:29:35 - [TEST_CASE][PASSED] - Test Cases/Admin/Product/verifyCloseButtonFunctionalityInProductEditPage: Test Cases/Admin/Product/verifyCloseButtonFunctionalityInProductEditPage

2021-01-13 13:29:35 - [TEST_STEP][PASSED] - Start listener action : login: null

2021-01-13 13:29:35 - [TEST_STEP][PASSED] - Thread.sleep(3000): null

2021-01-13 13:29:38 - [TEST_STEP][PASSED] - url = getUrl(): Current window's url is: 'https://dev-admin.modist.co/dashboard'

2021-01-13 13:29:38 - [MESSAGE][PASSED] - Current window's url is: 'https://dev-admin.modist.co/dashboard'

2021-01-13 13:29:38 - [TEST_STEP][PASSED] - if (!(url.contains("dashboard"))): null

2021-01-13 13:29:38 - [TEST_STEP][PASSED] - productname = pages.Product.getRandomProductNmae(): pages.Product.getRandomProductNmae is PASSED

2021-01-13 13:29:38 - [MESSAGE][PASSED] - Object 'Object Repository/Product/productTab' is present

2021-01-13 13:29:38 - [MESSAGE][PASSED] - Object 'Object Repository/Product/productTab' is visible

2021-01-13 13:29:39 - [MESSAGE][PASSED] - Object 'Object Repository/Product/productTab' is clickable

2021-01-13 13:29:39 - [MESSAGE][PASSED] - Object: 'Object Repository/Product/productTab' is clicked on

2021-01-13 13:29:39 - [MESSAGE][PASSED] - Object 'Object Repository/Product/productsCount' is present

2021-01-13 13:29:40 - [MESSAGE][PASSED] - Text of object 'Object Repository/Product/randomProduct(index)' is: 'Cycle'

2021-01-13 13:29:40 - [MESSAGE][PASSED] - pages.Product.getRandomProductNmae is PASSED

2021-01-13 13:29:40 - [TEST_STEP][PASSED] - pages.Product.openAnyExistingProduct(productname): pages.Product.openAnyExistingProduct is PASSED

2021-01-13 13:29:40 - [MESSAGE][PASSED] - Object 'Object Repository/Product/Filter by name' is present

2021-01-13 13:29:40 - [MESSAGE][PASSED] - Object 'Object Repository/Product/Filter by name' is visible

2021-01-13 13:29:40 - [MESSAGE][PASSED] - Object 'Object Repository/Product/Filter by name' is clickable

2021-01-13 13:29:41 - [MESSAGE][PASSED] - Text of object 'Object Repository/Product/Filter by name' is cleared

2021-01-13 13:29:41 - [MESSAGE][PASSED] - Keys '' sent to object: 'Object Repository/Product/Filter by name'

2021-01-13 13:29:41 - [MESSAGE][PASSED] - Keys 'C' sent to object: 'Object Repository/Product/Filter by name'

2021-01-13 13:29:42 - [MESSAGE][PASSED] - Keys 'y' sent to object: 'Object Repository/Product/Filter by name'

2021-01-13 13:29:42 - [MESSAGE][PASSED] - Keys 'c' sent to object: 'Object Repository/Product/Filter by name'

2021-01-13 13:29:43 - [MESSAGE][PASSED] - Keys 'l' sent to object: 'Object Repository/Product/Filter by name'

2021-01-13 13:29:43 - [MESSAGE][PASSED] - Keys 'e' sent to object: 'Object Repository/Product/Filter by name'

2021-01-13 13:29:44 - [MESSAGE][PASSED] - Scroll to object 'Object Repository/Product/productName(Name)' successfully

2021-01-13 13:29:44 - [MESSAGE][PASSED] - Object 'Object Repository/Product/productName(Name)' is present

2021-01-13 13:29:45 - [MESSAGE][PASSED] - Object 'Object Repository/Product/productName(Name)' is visible

2021-01-13 13:29:45 - [MESSAGE][PASSED] - Object 'Object Repository/Product/productName(Name)' is clickable

2021-01-13 13:29:45 - [MESSAGE][PASSED] - Object: 'Object Repository/Product/productName(Name)' is clicked on

2021-01-13 13:29:45 - [MESSAGE][PASSED] - pages.Product.openAnyExistingProduct is PASSED

2021-01-13 13:29:45 - [TEST_STEP][PASSED] - pages.Product.clickCloseButtonInProductEditPage(): pages.Product.clickCloseButtonInProductEditPage is PASSED

2021-01-13 13:29:46 - [MESSAGE][PASSED] - Object 'Object Repository/Product/ProductEditPage/closeButton' is present

2021-01-13 13:29:46 - [MESSAGE][PASSED] - Object 'Object Repository/Product/ProductEditPage/closeButton' is visible

2021-01-13 13:29:47 - [MESSAGE][PASSED] - Object 'Object Repository/Product/ProductEditPage/closeButton' is clickable

2021-01-13 13:29:47 - [MESSAGE][PASSED] - Object: 'Object Repository/Product/ProductEditPage/closeButton' is clicked on

2021-01-13 13:29:47 - [MESSAGE][PASSED] - pages.Product.clickCloseButtonInProductEditPage is PASSED

2021-01-13 13:29:47 - [TEST_STEP][PASSED] - pages.Product.verifyAddProductButton(): pages.Product.verifyAddProductButton is PASSED

2021-01-13 13:29:48 - [MESSAGE][PASSED] - Object 'Object Repository/Product/addProductButton' is present

2021-01-13 13:29:48 - [MESSAGE][PASSED] - pages.Product.verifyAddProductButton is PASSED]]></system-out>
         <system-err><![CDATA[]]></system-err>
      </testcase>
      <testcase name="Test Cases/Admin/Product/verifyDragAndDropFunctionalityInProductAssets" time="19.186" classname="Test Cases/Admin/Product/verifyDragAndDropFunctionalityInProductAssets" status="PASSED">
         <system-out><![CDATA[2021-01-13 13:29:48 - [TEST_CASE][PASSED] - Test Cases/Admin/Product/verifyDragAndDropFunctionalityInProductAssets: Test Cases/Admin/Product/verifyDragAndDropFunctionalityInProductAssets

2021-01-13 13:29:48 - [TEST_STEP][PASSED] - Start listener action : login: null

2021-01-13 13:29:48 - [TEST_STEP][PASSED] - Thread.sleep(3000): null

2021-01-13 13:29:51 - [TEST_STEP][PASSED] - url = getUrl(): Current window's url is: 'https://dev-admin.modist.co/dashboard'

2021-01-13 13:29:51 - [MESSAGE][PASSED] - Current window's url is: 'https://dev-admin.modist.co/dashboard'

2021-01-13 13:29:51 - [TEST_STEP][PASSED] - if (!(url.contains("dashboard"))): null

2021-01-13 13:29:51 - [TEST_STEP][PASSED] - pages.Product.clickOnProductTab(): pages.Product.clickOnProductTab is PASSED

2021-01-13 13:29:51 - [MESSAGE][PASSED] - Object 'Object Repository/Product/productTab' is present

2021-01-13 13:29:52 - [MESSAGE][PASSED] - Object 'Object Repository/Product/productTab' is visible

2021-01-13 13:29:52 - [MESSAGE][PASSED] - Object 'Object Repository/Product/productTab' is clickable

2021-01-13 13:29:52 - [MESSAGE][PASSED] - Object: 'Object Repository/Product/productTab' is clicked on

2021-01-13 13:29:52 - [MESSAGE][PASSED] - pages.Product.clickOnProductTab is PASSED

2021-01-13 13:29:52 - [TEST_STEP][PASSED] - productName = pages.Product.getRandomProductNmae(): pages.Product.getRandomProductNmae is PASSED

2021-01-13 13:29:52 - [MESSAGE][PASSED] - Object 'Object Repository/Product/productTab' is present

2021-01-13 13:29:53 - [MESSAGE][PASSED] - Object 'Object Repository/Product/productTab' is visible

2021-01-13 13:29:53 - [MESSAGE][PASSED] - Object 'Object Repository/Product/productTab' is clickable

2021-01-13 13:29:53 - [MESSAGE][PASSED] - Object: 'Object Repository/Product/productTab' is clicked on

2021-01-13 13:29:53 - [MESSAGE][PASSED] - Object 'Object Repository/Product/productsCount' is present

2021-01-13 13:29:54 - [MESSAGE][PASSED] - Text of object 'Object Repository/Product/randomProduct(index)' is: 'BMW'

2021-01-13 13:29:54 - [MESSAGE][PASSED] - pages.Product.getRandomProductNmae is PASSED

2021-01-13 13:29:54 - [TEST_STEP][PASSED] - pages.Product.openAnyExistingProduct(productName): pages.Product.openAnyExistingProduct is PASSED

2021-01-13 13:29:54 - [MESSAGE][PASSED] - Object 'Object Repository/Product/Filter by name' is present

2021-01-13 13:29:54 - [MESSAGE][PASSED] - Object 'Object Repository/Product/Filter by name' is visible

2021-01-13 13:29:55 - [MESSAGE][PASSED] - Object 'Object Repository/Product/Filter by name' is clickable

2021-01-13 13:29:55 - [MESSAGE][PASSED] - Text of object 'Object Repository/Product/Filter by name' is cleared

2021-01-13 13:29:55 - [MESSAGE][PASSED] - Keys '' sent to object: 'Object Repository/Product/Filter by name'

2021-01-13 13:29:56 - [MESSAGE][PASSED] - Keys 'B' sent to object: 'Object Repository/Product/Filter by name'

2021-01-13 13:29:56 - [MESSAGE][PASSED] - Keys 'M' sent to object: 'Object Repository/Product/Filter by name'

2021-01-13 13:29:56 - [MESSAGE][PASSED] - Keys 'W' sent to object: 'Object Repository/Product/Filter by name'

2021-01-13 13:29:58 - [MESSAGE][PASSED] - Scroll to object 'Object Repository/Product/productName(Name)' successfully

2021-01-13 13:29:58 - [MESSAGE][PASSED] - Object 'Object Repository/Product/productName(Name)' is present

2021-01-13 13:29:58 - [MESSAGE][PASSED] - Object 'Object Repository/Product/productName(Name)' is visible

2021-01-13 13:29:59 - [MESSAGE][PASSED] - Object 'Object Repository/Product/productName(Name)' is clickable

2021-01-13 13:29:59 - [MESSAGE][PASSED] - Object: 'Object Repository/Product/productName(Name)' is clicked on

2021-01-13 13:29:59 - [MESSAGE][PASSED] - pages.Product.openAnyExistingProduct is PASSED

2021-01-13 13:29:59 - [TEST_STEP][PASSED] - pages.Product.changePositionOfItemInProductAssets(findTestObject("Object Repository/Product/Test/imageSource(index)", ["index":1]), 2, true): pages.Product.changePositionOfItemInProductAssets is PASSED

2021-01-13 13:30:00 - [MESSAGE][PASSED] - Scroll to object 'Object Repository/Product/ProductEditPage/ProductAssets/ProductAssets' successfully

2021-01-13 13:30:07 - [MESSAGE][PASSED] - Actual object '3' and expected object '3' are equal

2021-01-13 13:30:07 - [MESSAGE][PASSED] - pages.Product.changePositionOfItemInProductAssets is PASSED]]></system-out>
         <system-err><![CDATA[]]></system-err>
      </testcase>
      <testcase name="Test Cases/Admin/Product/verifyDragAndDropFunctionalityInRelatedAssets" time="26.515" classname="Test Cases/Admin/Product/verifyDragAndDropFunctionalityInRelatedAssets" status="FAILED">
         <failure type="FAILED" message="Test Cases/Admin/Product/verifyDragAndDropFunctionalityInRelatedAssets FAILED.
Reason:
com.kms.katalon.core.exception.StepFailedException: Actual object '3' and expected object '1' are not equal
	at com.kms.katalon.core.keyword.builtin.VerifyEqualKeyword$_verifyEqual_closure1.doCall(VerifyEqualKeyword.groovy:58)
	at com.kms.katalon.core.keyword.builtin.VerifyEqualKeyword$_verifyEqual_closure1.call(VerifyEqualKeyword.groovy)
	at com.kms.katalon.core.keyword.internal.KeywordMain.runKeyword(KeywordMain.groovy:68)
	at com.kms.katalon.core.keyword.builtin.VerifyEqualKeyword.verifyEqual(VerifyEqualKeyword.groovy:63)
	at com.kms.katalon.core.keyword.builtin.VerifyEqualKeyword.execute(VerifyEqualKeyword.groovy:44)
	at com.kms.katalon.core.keyword.internal.KeywordExecutor.executeKeywordForPlatform(KeywordExecutor.groovy:73)
	at com.kms.katalon.core.keyword.BuiltinKeywords.verifyEqual(BuiltinKeywords.groovy:126)
	at pages.Product.changePositionOfItemInRelatedAssets(Product.groovy:278)
	at pages.Product.invokeMethod(Product.groovy)
	at com.kms.katalon.core.main.CustomKeywordDelegatingMetaClass.invokeStaticMethod(CustomKeywordDelegatingMetaClass.java:50)
	at verifyDragAndDropFunctionalityInRelatedAssets.run(verifyDragAndDropFunctionalityInRelatedAssets:25)
	at com.kms.katalon.core.main.ScriptEngine.run(ScriptEngine.java:194)
	at com.kms.katalon.core.main.ScriptEngine.runScriptAsRawText(ScriptEngine.java:119)
	at com.kms.katalon.core.main.TestCaseExecutor.runScript(TestCaseExecutor.java:339)
	at com.kms.katalon.core.main.TestCaseExecutor.doExecute(TestCaseExecutor.java:330)
	at com.kms.katalon.core.main.TestCaseExecutor.processExecutionPhase(TestCaseExecutor.java:309)
	at com.kms.katalon.core.main.TestCaseExecutor.accessMainPhase(TestCaseExecutor.java:301)
	at com.kms.katalon.core.main.TestCaseExecutor.execute(TestCaseExecutor.java:235)
	at com.kms.katalon.core.main.TestSuiteExecutor.accessTestCaseMainPhase(TestSuiteExecutor.java:191)
	at com.kms.katalon.core.main.TestSuiteExecutor.accessTestSuiteMainPhase(TestSuiteExecutor.java:141)
	at com.kms.katalon.core.main.TestSuiteExecutor.execute(TestSuiteExecutor.java:90)
	at com.kms.katalon.core.main.TestCaseMain.startTestSuite(TestCaseMain.java:157)
	at com.kms.katalon.core.main.TestCaseMain$startTestSuite$0.call(Unknown Source)
	at TempTestSuite1610561623229.run(TempTestSuite1610561623229.groovy:39)
"/>
         <system-out><![CDATA[2021-01-13 13:30:07 - [TEST_CASE][FAILED] - Test Cases/Admin/Product/verifyDragAndDropFunctionalityInRelatedAssets: Test Cases/Admin/Product/verifyDragAndDropFunctionalityInRelatedAssets FAILED.
Reason:
com.kms.katalon.core.exception.StepFailedException: Actual object '3' and expected object '1' are not equal
	at com.kms.katalon.core.keyword.builtin.VerifyEqualKeyword$_verifyEqual_closure1.doCall(VerifyEqualKeyword.groovy:58)
	at com.kms.katalon.core.keyword.builtin.VerifyEqualKeyword$_verifyEqual_closure1.call(VerifyEqualKeyword.groovy)
	at com.kms.katalon.core.keyword.internal.KeywordMain.runKeyword(KeywordMain.groovy:68)
	at com.kms.katalon.core.keyword.builtin.VerifyEqualKeyword.verifyEqual(VerifyEqualKeyword.groovy:63)
	at com.kms.katalon.core.keyword.builtin.VerifyEqualKeyword.execute(VerifyEqualKeyword.groovy:44)
	at com.kms.katalon.core.keyword.internal.KeywordExecutor.executeKeywordForPlatform(KeywordExecutor.groovy:73)
	at com.kms.katalon.core.keyword.BuiltinKeywords.verifyEqual(BuiltinKeywords.groovy:126)
	at pages.Product.changePositionOfItemInRelatedAssets(Product.groovy:278)
	at pages.Product.invokeMethod(Product.groovy)
	at com.kms.katalon.core.main.CustomKeywordDelegatingMetaClass.invokeStaticMethod(CustomKeywordDelegatingMetaClass.java:50)
	at verifyDragAndDropFunctionalityInRelatedAssets.run(verifyDragAndDropFunctionalityInRelatedAssets:25)
	at com.kms.katalon.core.main.ScriptEngine.run(ScriptEngine.java:194)
	at com.kms.katalon.core.main.ScriptEngine.runScriptAsRawText(ScriptEngine.java:119)
	at com.kms.katalon.core.main.TestCaseExecutor.runScript(TestCaseExecutor.java:339)
	at com.kms.katalon.core.main.TestCaseExecutor.doExecute(TestCaseExecutor.java:330)
	at com.kms.katalon.core.main.TestCaseExecutor.processExecutionPhase(TestCaseExecutor.java:309)
	at com.kms.katalon.core.main.TestCaseExecutor.accessMainPhase(TestCaseExecutor.java:301)
	at com.kms.katalon.core.main.TestCaseExecutor.execute(TestCaseExecutor.java:235)
	at com.kms.katalon.core.main.TestSuiteExecutor.accessTestCaseMainPhase(TestSuiteExecutor.java:191)
	at com.kms.katalon.core.main.TestSuiteExecutor.accessTestSuiteMainPhase(TestSuiteExecutor.java:141)
	at com.kms.katalon.core.main.TestSuiteExecutor.execute(TestSuiteExecutor.java:90)
	at com.kms.katalon.core.main.TestCaseMain.startTestSuite(TestCaseMain.java:157)
	at com.kms.katalon.core.main.TestCaseMain$startTestSuite$0.call(Unknown Source)
	at TempTestSuite1610561623229.run(TempTestSuite1610561623229.groovy:39)


2021-01-13 13:30:07 - [TEST_STEP][PASSED] - Start listener action : login: com.kms.katalon.core.webui.exception.WebElementNotFoundException: Web element with id: 'Object Repository/Login Credentials/Email' located by '//input[@name='email']' not found (Root cause: com.kms.katalon.core.exception.StepFailedException: com.kms.katalon.core.webui.exception.WebElementNotFoundException: Web element with id: 'Object Repository/Login Credentials/Email' located by '//input[@name='email']' not found
	at com.kms.katalon.core.webui.keyword.internal.WebUIKeywordMain.stepFailed(WebUIKeywordMain.groovy:64)
	at com.kms.katalon.core.webui.keyword.builtin.VerifyElementPresentKeyword$_verifyElementPresent_closure1.doCall(VerifyElementPresentKeyword.groovy:85)
	at com.kms.katalon.core.webui.keyword.builtin.VerifyElementPresentKeyword$_verifyElementPresent_closure1.call(VerifyElementPresentKeyword.groovy)
	at com.kms.katalon.core.webui.keyword.internal.WebUIKeywordMain.runKeyword(WebUIKeywordMain.groovy:20)
	at com.kms.katalon.core.webui.keyword.builtin.VerifyElementPresentKeyword.verifyElementPresent(VerifyElementPresentKeyword.groovy:92)
	at com.kms.katalon.core.webui.keyword.builtin.VerifyElementPresentKeyword.execute(VerifyElementPresentKeyword.groovy:68)
	at com.kms.katalon.core.keyword.internal.KeywordExecutor.executeKeywordForPlatform(KeywordExecutor.groovy:73)
	at com.kms.katalon.core.webui.keyword.WebUiBuiltInKeywords.verifyElementPresent(WebUiBuiltInKeywords.groovy:1445)
	at com.kms.katalon.core.webui.keyword.WebUiBuiltInKeywords$verifyElementPresent$2.call(Unknown Source)
	at login.LoginForAdminDevEnvironment.login(LoginForAdminDevEnvironment.groovy:18)
	at login.LoginForAdminDevEnvironment$login.call(Unknown Source)
	at Login.login(Login.groovy:37)
	at Login.invokeMethod(Login.groovy)
	at com.kms.katalon.core.context.internal.TestHooker.invokeMethod(TestHooker.java:111)
	at com.kms.katalon.core.context.internal.TestHooker.lambda$3(TestHooker.java:95)
	at com.kms.katalon.core.context.internal.TestHooker.invokeContextMethods(TestHooker.java:94)
	at com.kms.katalon.core.context.internal.TestListenerCollector.lambda$3(TestListenerCollector.java:88)
	at com.kms.katalon.core.context.internal.TestListenerCollector.handleListenerEvent(TestListenerCollector.java:85)
	at com.kms.katalon.core.context.internal.ExecutionEventManager.publicEvent(ExecutionEventManager.java:36)
	at com.kms.katalon.core.main.TestCaseExecutor.execute(TestCaseExecutor.java:221)
	at com.kms.katalon.core.main.TestSuiteExecutor.accessTestCaseMainPhase(TestSuiteExecutor.java:191)
	at com.kms.katalon.core.main.TestSuiteExecutor.accessTestSuiteMainPhase(TestSuiteExecutor.java:141)
	at com.kms.katalon.core.main.TestSuiteExecutor.execute(TestSuiteExecutor.java:90)
	at com.kms.katalon.core.main.TestCaseMain.startTestSuite(TestCaseMain.java:157)
	at com.kms.katalon.core.main.TestCaseMain$startTestSuite$0.call(Unknown Source)
	at TempTestSuite1610561623229.run(TempTestSuite1610561623229.groovy:39)
)

2021-01-13 13:30:07 - [TEST_STEP][PASSED] - Thread.sleep(3000): null

2021-01-13 13:30:10 - [TEST_STEP][PASSED] - url = getUrl(): Current window's url is: 'https://dev-admin.modist.co/product/30413'

2021-01-13 13:30:10 - [MESSAGE][PASSED] - Current window's url is: 'https://dev-admin.modist.co/product/30413'

2021-01-13 13:30:10 - [TEST_STEP][PASSED] - if (!(url.contains("dashboard"))): com.kms.katalon.core.webui.exception.WebElementNotFoundException: Web element with id: 'Object Repository/Login Credentials/Email' located by '//input[@name='email']' not found (Root cause: com.kms.katalon.core.exception.StepFailedException: com.kms.katalon.core.webui.exception.WebElementNotFoundException: Web element with id: 'Object Repository/Login Credentials/Email' located by '//input[@name='email']' not found
	at com.kms.katalon.core.webui.keyword.internal.WebUIKeywordMain.stepFailed(WebUIKeywordMain.groovy:64)
	at com.kms.katalon.core.webui.keyword.builtin.VerifyElementPresentKeyword$_verifyElementPresent_closure1.doCall(VerifyElementPresentKeyword.groovy:85)
	at com.kms.katalon.core.webui.keyword.builtin.VerifyElementPresentKeyword$_verifyElementPresent_closure1.call(VerifyElementPresentKeyword.groovy)
	at com.kms.katalon.core.webui.keyword.internal.WebUIKeywordMain.runKeyword(WebUIKeywordMain.groovy:20)
	at com.kms.katalon.core.webui.keyword.builtin.VerifyElementPresentKeyword.verifyElementPresent(VerifyElementPresentKeyword.groovy:92)
	at com.kms.katalon.core.webui.keyword.builtin.VerifyElementPresentKeyword.execute(VerifyElementPresentKeyword.groovy:68)
	at com.kms.katalon.core.keyword.internal.KeywordExecutor.executeKeywordForPlatform(KeywordExecutor.groovy:73)
	at com.kms.katalon.core.webui.keyword.WebUiBuiltInKeywords.verifyElementPresent(WebUiBuiltInKeywords.groovy:1445)
	at com.kms.katalon.core.webui.keyword.WebUiBuiltInKeywords$verifyElementPresent$2.call(Unknown Source)
	at login.LoginForAdminDevEnvironment.login(LoginForAdminDevEnvironment.groovy:18)
	at login.LoginForAdminDevEnvironment$login.call(Unknown Source)
	at Login.login(Login.groovy:37)
	at Login.invokeMethod(Login.groovy)
	at com.kms.katalon.core.context.internal.TestHooker.invokeMethod(TestHooker.java:111)
	at com.kms.katalon.core.context.internal.TestHooker.lambda$3(TestHooker.java:95)
	at com.kms.katalon.core.context.internal.TestHooker.invokeContextMethods(TestHooker.java:94)
	at com.kms.katalon.core.context.internal.TestListenerCollector.lambda$3(TestListenerCollector.java:88)
	at com.kms.katalon.core.context.internal.TestListenerCollector.handleListenerEvent(TestListenerCollector.java:85)
	at com.kms.katalon.core.context.internal.ExecutionEventManager.publicEvent(ExecutionEventManager.java:36)
	at com.kms.katalon.core.main.TestCaseExecutor.execute(TestCaseExecutor.java:221)
	at com.kms.katalon.core.main.TestSuiteExecutor.accessTestCaseMainPhase(TestSuiteExecutor.java:191)
	at com.kms.katalon.core.main.TestSuiteExecutor.accessTestSuiteMainPhase(TestSuiteExecutor.java:141)
	at com.kms.katalon.core.main.TestSuiteExecutor.execute(TestSuiteExecutor.java:90)
	at com.kms.katalon.core.main.TestCaseMain.startTestSuite(TestCaseMain.java:157)
	at com.kms.katalon.core.main.TestCaseMain$startTestSuite$0.call(Unknown Source)
	at TempTestSuite1610561623229.run(TempTestSuite1610561623229.groovy:39)
)

2021-01-13 13:30:10 - [TEST_STEP][PASSED] - navigateToUrl(Url): Navigate to 'https://dev-admin.modist.co/' successfully

2021-01-13 13:30:10 - [MESSAGE][PASSED] - Navigate to 'https://dev-admin.modist.co/' successfully

2021-01-13 13:30:10 - [TEST_STEP][PASSED] - loginPage.login(Email, Password): com.kms.katalon.core.webui.exception.WebElementNotFoundException: Web element with id: 'Object Repository/Login Credentials/Email' located by '//input[@name='email']' not found (Root cause: com.kms.katalon.core.exception.StepFailedException: com.kms.katalon.core.webui.exception.WebElementNotFoundException: Web element with id: 'Object Repository/Login Credentials/Email' located by '//input[@name='email']' not found
	at com.kms.katalon.core.webui.keyword.internal.WebUIKeywordMain.stepFailed(WebUIKeywordMain.groovy:64)
	at com.kms.katalon.core.webui.keyword.builtin.VerifyElementPresentKeyword$_verifyElementPresent_closure1.doCall(VerifyElementPresentKeyword.groovy:85)
	at com.kms.katalon.core.webui.keyword.builtin.VerifyElementPresentKeyword$_verifyElementPresent_closure1.call(VerifyElementPresentKeyword.groovy)
	at com.kms.katalon.core.webui.keyword.internal.WebUIKeywordMain.runKeyword(WebUIKeywordMain.groovy:20)
	at com.kms.katalon.core.webui.keyword.builtin.VerifyElementPresentKeyword.verifyElementPresent(VerifyElementPresentKeyword.groovy:92)
	at com.kms.katalon.core.webui.keyword.builtin.VerifyElementPresentKeyword.execute(VerifyElementPresentKeyword.groovy:68)
	at com.kms.katalon.core.keyword.internal.KeywordExecutor.executeKeywordForPlatform(KeywordExecutor.groovy:73)
	at com.kms.katalon.core.webui.keyword.WebUiBuiltInKeywords.verifyElementPresent(WebUiBuiltInKeywords.groovy:1445)
	at com.kms.katalon.core.webui.keyword.WebUiBuiltInKeywords$verifyElementPresent$2.call(Unknown Source)
	at login.LoginForAdminDevEnvironment.login(LoginForAdminDevEnvironment.groovy:18)
	at login.LoginForAdminDevEnvironment$login.call(Unknown Source)
	at Login.login(Login.groovy:37)
	at Login.invokeMethod(Login.groovy)
	at com.kms.katalon.core.context.internal.TestHooker.invokeMethod(TestHooker.java:111)
	at com.kms.katalon.core.context.internal.TestHooker.lambda$3(TestHooker.java:95)
	at com.kms.katalon.core.context.internal.TestHooker.invokeContextMethods(TestHooker.java:94)
	at com.kms.katalon.core.context.internal.TestListenerCollector.lambda$3(TestListenerCollector.java:88)
	at com.kms.katalon.core.context.internal.TestListenerCollector.handleListenerEvent(TestListenerCollector.java:85)
	at com.kms.katalon.core.context.internal.ExecutionEventManager.publicEvent(ExecutionEventManager.java:36)
	at com.kms.katalon.core.main.TestCaseExecutor.execute(TestCaseExecutor.java:221)
	at com.kms.katalon.core.main.TestSuiteExecutor.accessTestCaseMainPhase(TestSuiteExecutor.java:191)
	at com.kms.katalon.core.main.TestSuiteExecutor.accessTestSuiteMainPhase(TestSuiteExecutor.java:141)
	at com.kms.katalon.core.main.TestSuiteExecutor.execute(TestSuiteExecutor.java:90)
	at com.kms.katalon.core.main.TestCaseMain.startTestSuite(TestCaseMain.java:157)
	at com.kms.katalon.core.main.TestCaseMain$startTestSuite$0.call(Unknown Source)
	at TempTestSuite1610561623229.run(TempTestSuite1610561623229.groovy:39)
)

2021-01-13 13:30:16 - [MESSAGE][INFO] - Unable to find the element located by 'By.xpath: //input[@name='email']'. Please recheck the objects properties to make sure the desired element is located. 

2021-01-13 13:30:16 - [MESSAGE][WARNING] - com.kms.katalon.core.webui.exception.WebElementNotFoundException: Web element with id: 'Object Repository/Login Credentials/Email' located by '//input[@name='email']' not found (Root cause: com.kms.katalon.core.exception.StepFailedException: com.kms.katalon.core.webui.exception.WebElementNotFoundException: Web element with id: 'Object Repository/Login Credentials/Email' located by '//input[@name='email']' not found
	at com.kms.katalon.core.webui.keyword.internal.WebUIKeywordMain.stepFailed(WebUIKeywordMain.groovy:64)
	at com.kms.katalon.core.webui.keyword.builtin.VerifyElementPresentKeyword$_verifyElementPresent_closure1.doCall(VerifyElementPresentKeyword.groovy:85)
	at com.kms.katalon.core.webui.keyword.builtin.VerifyElementPresentKeyword$_verifyElementPresent_closure1.call(VerifyElementPresentKeyword.groovy)
	at com.kms.katalon.core.webui.keyword.internal.WebUIKeywordMain.runKeyword(WebUIKeywordMain.groovy:20)
	at com.kms.katalon.core.webui.keyword.builtin.VerifyElementPresentKeyword.verifyElementPresent(VerifyElementPresentKeyword.groovy:92)
	at com.kms.katalon.core.webui.keyword.builtin.VerifyElementPresentKeyword.execute(VerifyElementPresentKeyword.groovy:68)
	at com.kms.katalon.core.keyword.internal.KeywordExecutor.executeKeywordForPlatform(KeywordExecutor.groovy:73)
	at com.kms.katalon.core.webui.keyword.WebUiBuiltInKeywords.verifyElementPresent(WebUiBuiltInKeywords.groovy:1445)
	at com.kms.katalon.core.webui.keyword.WebUiBuiltInKeywords$verifyElementPresent$2.call(Unknown Source)
	at login.LoginForAdminDevEnvironment.login(LoginForAdminDevEnvironment.groovy:18)
	at login.LoginForAdminDevEnvironment$login.call(Unknown Source)
	at Login.login(Login.groovy:37)
	at Login.invokeMethod(Login.groovy)
	at com.kms.katalon.core.context.internal.TestHooker.invokeMethod(TestHooker.java:111)
	at com.kms.katalon.core.context.internal.TestHooker.lambda$3(TestHooker.java:95)
	at com.kms.katalon.core.context.internal.TestHooker.invokeContextMethods(TestHooker.java:94)
	at com.kms.katalon.core.context.internal.TestListenerCollector.lambda$3(TestListenerCollector.java:88)
	at com.kms.katalon.core.context.internal.TestListenerCollector.handleListenerEvent(TestListenerCollector.java:85)
	at com.kms.katalon.core.context.internal.ExecutionEventManager.publicEvent(ExecutionEventManager.java:36)
	at com.kms.katalon.core.main.TestCaseExecutor.execute(TestCaseExecutor.java:221)
	at com.kms.katalon.core.main.TestSuiteExecutor.accessTestCaseMainPhase(TestSuiteExecutor.java:191)
	at com.kms.katalon.core.main.TestSuiteExecutor.accessTestSuiteMainPhase(TestSuiteExecutor.java:141)
	at com.kms.katalon.core.main.TestSuiteExecutor.execute(TestSuiteExecutor.java:90)
	at com.kms.katalon.core.main.TestCaseMain.startTestSuite(TestCaseMain.java:157)
	at com.kms.katalon.core.main.TestCaseMain$startTestSuite$0.call(Unknown Source)
	at TempTestSuite1610561623229.run(TempTestSuite1610561623229.groovy:39)
)
[[ATTACHMENT|E:\\Modist\\ModistProject\\Reports\\20210113_131343\\AllTestCases\\20210113_131343\\1610562616035.png]]

2021-01-13 13:30:16 - [TEST_STEP][PASSED] - pages.Product.clickOnProductTab(): pages.Product.clickOnProductTab is PASSED

2021-01-13 13:30:17 - [MESSAGE][PASSED] - Object 'Object Repository/Product/productTab' is present

2021-01-13 13:30:17 - [MESSAGE][PASSED] - Object 'Object Repository/Product/productTab' is visible

2021-01-13 13:30:17 - [MESSAGE][PASSED] - Object 'Object Repository/Product/productTab' is clickable

2021-01-13 13:30:18 - [MESSAGE][PASSED] - Object: 'Object Repository/Product/productTab' is clicked on

2021-01-13 13:30:18 - [MESSAGE][PASSED] - pages.Product.clickOnProductTab is PASSED

2021-01-13 13:30:18 - [TEST_STEP][PASSED] - productName = pages.Product.getRandomProductNmae(): pages.Product.getRandomProductNmae is PASSED

2021-01-13 13:30:18 - [MESSAGE][PASSED] - Object 'Object Repository/Product/productTab' is present

2021-01-13 13:30:18 - [MESSAGE][PASSED] - Object 'Object Repository/Product/productTab' is visible

2021-01-13 13:30:19 - [MESSAGE][PASSED] - Object 'Object Repository/Product/productTab' is clickable

2021-01-13 13:30:19 - [MESSAGE][PASSED] - Object: 'Object Repository/Product/productTab' is clicked on

2021-01-13 13:30:19 - [MESSAGE][PASSED] - Object 'Object Repository/Product/productsCount' is present

2021-01-13 13:30:20 - [MESSAGE][PASSED] - Text of object 'Object Repository/Product/randomProduct(index)' is: 'BMW'

2021-01-13 13:30:20 - [MESSAGE][PASSED] - pages.Product.getRandomProductNmae is PASSED

2021-01-13 13:30:20 - [TEST_STEP][PASSED] - pages.Product.openAnyExistingProduct(productName): pages.Product.openAnyExistingProduct is PASSED

2021-01-13 13:30:20 - [MESSAGE][PASSED] - Object 'Object Repository/Product/Filter by name' is present

2021-01-13 13:30:21 - [MESSAGE][PASSED] - Object 'Object Repository/Product/Filter by name' is visible

2021-01-13 13:30:21 - [MESSAGE][PASSED] - Object 'Object Repository/Product/Filter by name' is clickable

2021-01-13 13:30:21 - [MESSAGE][PASSED] - Text of object 'Object Repository/Product/Filter by name' is cleared

2021-01-13 13:30:22 - [MESSAGE][PASSED] - Keys '' sent to object: 'Object Repository/Product/Filter by name'

2021-01-13 13:30:22 - [MESSAGE][PASSED] - Keys 'B' sent to object: 'Object Repository/Product/Filter by name'

2021-01-13 13:30:23 - [MESSAGE][PASSED] - Keys 'M' sent to object: 'Object Repository/Product/Filter by name'

2021-01-13 13:30:23 - [MESSAGE][PASSED] - Keys 'W' sent to object: 'Object Repository/Product/Filter by name'

2021-01-13 13:30:25 - [MESSAGE][PASSED] - Scroll to object 'Object Repository/Product/productName(Name)' successfully

2021-01-13 13:30:25 - [MESSAGE][PASSED] - Object 'Object Repository/Product/productName(Name)' is present

2021-01-13 13:30:25 - [MESSAGE][PASSED] - Object 'Object Repository/Product/productName(Name)' is visible

2021-01-13 13:30:26 - [MESSAGE][PASSED] - Object 'Object Repository/Product/productName(Name)' is clickable

2021-01-13 13:30:26 - [MESSAGE][PASSED] - Object: 'Object Repository/Product/productName(Name)' is clicked on

2021-01-13 13:30:26 - [MESSAGE][PASSED] - pages.Product.openAnyExistingProduct is PASSED

2021-01-13 13:30:26 - [TEST_STEP][FAILED] - pages.Product.changePositionOfItemInRelatedAssets(findTestObject("Product/ProductEditPage/RelatedAssets/sourceObject(index)", ["index":1]), 2, true): Actual object '3' and expected object '1' are not equal

2021-01-13 13:30:27 - [MESSAGE][PASSED] - Scroll to object 'Object Repository/Product/ProductEditPage/RelatedAssets/relatedAssetsField' successfully

2021-01-13 13:30:34 - [MESSAGE][FAILED] - Unable to verify equal between actual object '3' and expected object '1' (Root cause: com.kms.katalon.core.exception.StepFailedException: Actual object '3' and expected object '1' are not equal
	at com.kms.katalon.core.keyword.builtin.VerifyEqualKeyword$_verifyEqual_closure1.doCall(VerifyEqualKeyword.groovy:58)
	at com.kms.katalon.core.keyword.builtin.VerifyEqualKeyword$_verifyEqual_closure1.call(VerifyEqualKeyword.groovy)
	at com.kms.katalon.core.keyword.internal.KeywordMain.runKeyword(KeywordMain.groovy:68)
	at com.kms.katalon.core.keyword.builtin.VerifyEqualKeyword.verifyEqual(VerifyEqualKeyword.groovy:63)
	at com.kms.katalon.core.keyword.builtin.VerifyEqualKeyword.execute(VerifyEqualKeyword.groovy:44)
	at com.kms.katalon.core.keyword.internal.KeywordExecutor.executeKeywordForPlatform(KeywordExecutor.groovy:73)
	at com.kms.katalon.core.keyword.BuiltinKeywords.verifyEqual(BuiltinKeywords.groovy:126)
	at pages.Product.changePositionOfItemInRelatedAssets(Product.groovy:278)
	at pages.Product.invokeMethod(Product.groovy)
	at com.kms.katalon.core.main.CustomKeywordDelegatingMetaClass.invokeStaticMethod(CustomKeywordDelegatingMetaClass.java:50)
	at verifyDragAndDropFunctionalityInRelatedAssets.run(verifyDragAndDropFunctionalityInRelatedAssets:25)
	at com.kms.katalon.core.main.ScriptEngine.run(ScriptEngine.java:194)
	at com.kms.katalon.core.main.ScriptEngine.runScriptAsRawText(ScriptEngine.java:119)
	at com.kms.katalon.core.main.TestCaseExecutor.runScript(TestCaseExecutor.java:339)
	at com.kms.katalon.core.main.TestCaseExecutor.doExecute(TestCaseExecutor.java:330)
	at com.kms.katalon.core.main.TestCaseExecutor.processExecutionPhase(TestCaseExecutor.java:309)
	at com.kms.katalon.core.main.TestCaseExecutor.accessMainPhase(TestCaseExecutor.java:301)
	at com.kms.katalon.core.main.TestCaseExecutor.execute(TestCaseExecutor.java:235)
	at com.kms.katalon.core.main.TestSuiteExecutor.accessTestCaseMainPhase(TestSuiteExecutor.java:191)
	at com.kms.katalon.core.main.TestSuiteExecutor.accessTestSuiteMainPhase(TestSuiteExecutor.java:141)
	at com.kms.katalon.core.main.TestSuiteExecutor.execute(TestSuiteExecutor.java:90)
	at com.kms.katalon.core.main.TestCaseMain.startTestSuite(TestCaseMain.java:157)
	at com.kms.katalon.core.main.TestCaseMain$startTestSuite$0.call(Unknown Source)
	at TempTestSuite1610561623229.run(TempTestSuite1610561623229.groovy:39)
)

2021-01-13 13:30:34 - [MESSAGE][FAILED] - Actual object '3' and expected object '1' are not equal]]></system-out>
         <system-err><![CDATA[2021-01-13 13:30:07 - [TEST_CASE][FAILED] - Test Cases/Admin/Product/verifyDragAndDropFunctionalityInRelatedAssets: Test Cases/Admin/Product/verifyDragAndDropFunctionalityInRelatedAssets FAILED.
Reason:
com.kms.katalon.core.exception.StepFailedException: Actual object '3' and expected object '1' are not equal
	at com.kms.katalon.core.keyword.builtin.VerifyEqualKeyword$_verifyEqual_closure1.doCall(VerifyEqualKeyword.groovy:58)
	at com.kms.katalon.core.keyword.builtin.VerifyEqualKeyword$_verifyEqual_closure1.call(VerifyEqualKeyword.groovy)
	at com.kms.katalon.core.keyword.internal.KeywordMain.runKeyword(KeywordMain.groovy:68)
	at com.kms.katalon.core.keyword.builtin.VerifyEqualKeyword.verifyEqual(VerifyEqualKeyword.groovy:63)
	at com.kms.katalon.core.keyword.builtin.VerifyEqualKeyword.execute(VerifyEqualKeyword.groovy:44)
	at com.kms.katalon.core.keyword.internal.KeywordExecutor.executeKeywordForPlatform(KeywordExecutor.groovy:73)
	at com.kms.katalon.core.keyword.BuiltinKeywords.verifyEqual(BuiltinKeywords.groovy:126)
	at pages.Product.changePositionOfItemInRelatedAssets(Product.groovy:278)
	at pages.Product.invokeMethod(Product.groovy)
	at com.kms.katalon.core.main.CustomKeywordDelegatingMetaClass.invokeStaticMethod(CustomKeywordDelegatingMetaClass.java:50)
	at verifyDragAndDropFunctionalityInRelatedAssets.run(verifyDragAndDropFunctionalityInRelatedAssets:25)
	at com.kms.katalon.core.main.ScriptEngine.run(ScriptEngine.java:194)
	at com.kms.katalon.core.main.ScriptEngine.runScriptAsRawText(ScriptEngine.java:119)
	at com.kms.katalon.core.main.TestCaseExecutor.runScript(TestCaseExecutor.java:339)
	at com.kms.katalon.core.main.TestCaseExecutor.doExecute(TestCaseExecutor.java:330)
	at com.kms.katalon.core.main.TestCaseExecutor.processExecutionPhase(TestCaseExecutor.java:309)
	at com.kms.katalon.core.main.TestCaseExecutor.accessMainPhase(TestCaseExecutor.java:301)
	at com.kms.katalon.core.main.TestCaseExecutor.execute(TestCaseExecutor.java:235)
	at com.kms.katalon.core.main.TestSuiteExecutor.accessTestCaseMainPhase(TestSuiteExecutor.java:191)
	at com.kms.katalon.core.main.TestSuiteExecutor.accessTestSuiteMainPhase(TestSuiteExecutor.java:141)
	at com.kms.katalon.core.main.TestSuiteExecutor.execute(TestSuiteExecutor.java:90)
	at com.kms.katalon.core.main.TestCaseMain.startTestSuite(TestCaseMain.java:157)
	at com.kms.katalon.core.main.TestCaseMain$startTestSuite$0.call(Unknown Source)
	at TempTestSuite1610561623229.run(TempTestSuite1610561623229.groovy:39)]]></system-err>
      </testcase>
      <testcase name="Test Cases/Admin/Product/verifyPageAfterClosingProduct" time="20.266" classname="Test Cases/Admin/Product/verifyPageAfterClosingProduct" status="PASSED">
         <system-out><![CDATA[2021-01-13 13:30:34 - [TEST_CASE][PASSED] - Test Cases/Admin/Product/verifyPageAfterClosingProduct: Test Cases/Admin/Product/verifyPageAfterClosingProduct

2021-01-13 13:30:34 - [TEST_STEP][PASSED] - Start listener action : login: com.kms.katalon.core.webui.exception.WebElementNotFoundException: Web element with id: 'Object Repository/Login Credentials/Email' located by '//input[@name='email']' not found (Root cause: com.kms.katalon.core.exception.StepFailedException: com.kms.katalon.core.webui.exception.WebElementNotFoundException: Web element with id: 'Object Repository/Login Credentials/Email' located by '//input[@name='email']' not found
	at com.kms.katalon.core.webui.keyword.internal.WebUIKeywordMain.stepFailed(WebUIKeywordMain.groovy:64)
	at com.kms.katalon.core.webui.keyword.builtin.VerifyElementPresentKeyword$_verifyElementPresent_closure1.doCall(VerifyElementPresentKeyword.groovy:85)
	at com.kms.katalon.core.webui.keyword.builtin.VerifyElementPresentKeyword$_verifyElementPresent_closure1.call(VerifyElementPresentKeyword.groovy)
	at com.kms.katalon.core.webui.keyword.internal.WebUIKeywordMain.runKeyword(WebUIKeywordMain.groovy:20)
	at com.kms.katalon.core.webui.keyword.builtin.VerifyElementPresentKeyword.verifyElementPresent(VerifyElementPresentKeyword.groovy:92)
	at com.kms.katalon.core.webui.keyword.builtin.VerifyElementPresentKeyword.execute(VerifyElementPresentKeyword.groovy:68)
	at com.kms.katalon.core.keyword.internal.KeywordExecutor.executeKeywordForPlatform(KeywordExecutor.groovy:73)
	at com.kms.katalon.core.webui.keyword.WebUiBuiltInKeywords.verifyElementPresent(WebUiBuiltInKeywords.groovy:1445)
	at com.kms.katalon.core.webui.keyword.WebUiBuiltInKeywords$verifyElementPresent$2.call(Unknown Source)
	at login.LoginForAdminDevEnvironment.login(LoginForAdminDevEnvironment.groovy:18)
	at login.LoginForAdminDevEnvironment$login.call(Unknown Source)
	at Login.login(Login.groovy:37)
	at Login.invokeMethod(Login.groovy)
	at com.kms.katalon.core.context.internal.TestHooker.invokeMethod(TestHooker.java:111)
	at com.kms.katalon.core.context.internal.TestHooker.lambda$3(TestHooker.java:95)
	at com.kms.katalon.core.context.internal.TestHooker.invokeContextMethods(TestHooker.java:94)
	at com.kms.katalon.core.context.internal.TestListenerCollector.lambda$3(TestListenerCollector.java:88)
	at com.kms.katalon.core.context.internal.TestListenerCollector.handleListenerEvent(TestListenerCollector.java:85)
	at com.kms.katalon.core.context.internal.ExecutionEventManager.publicEvent(ExecutionEventManager.java:36)
	at com.kms.katalon.core.main.TestCaseExecutor.execute(TestCaseExecutor.java:221)
	at com.kms.katalon.core.main.TestSuiteExecutor.accessTestCaseMainPhase(TestSuiteExecutor.java:191)
	at com.kms.katalon.core.main.TestSuiteExecutor.accessTestSuiteMainPhase(TestSuiteExecutor.java:141)
	at com.kms.katalon.core.main.TestSuiteExecutor.execute(TestSuiteExecutor.java:90)
	at com.kms.katalon.core.main.TestCaseMain.startTestSuite(TestCaseMain.java:157)
	at com.kms.katalon.core.main.TestCaseMain$startTestSuite$0.call(Unknown Source)
	at TempTestSuite1610561623229.run(TempTestSuite1610561623229.groovy:39)
)

2021-01-13 13:30:34 - [TEST_STEP][PASSED] - Thread.sleep(3000): null

2021-01-13 13:30:37 - [TEST_STEP][PASSED] - url = getUrl(): Current window's url is: 'https://dev-admin.modist.co/product/30413'

2021-01-13 13:30:37 - [MESSAGE][PASSED] - Current window's url is: 'https://dev-admin.modist.co/product/30413'

2021-01-13 13:30:37 - [TEST_STEP][PASSED] - if (!(url.contains("dashboard"))): com.kms.katalon.core.webui.exception.WebElementNotFoundException: Web element with id: 'Object Repository/Login Credentials/Email' located by '//input[@name='email']' not found (Root cause: com.kms.katalon.core.exception.StepFailedException: com.kms.katalon.core.webui.exception.WebElementNotFoundException: Web element with id: 'Object Repository/Login Credentials/Email' located by '//input[@name='email']' not found
	at com.kms.katalon.core.webui.keyword.internal.WebUIKeywordMain.stepFailed(WebUIKeywordMain.groovy:64)
	at com.kms.katalon.core.webui.keyword.builtin.VerifyElementPresentKeyword$_verifyElementPresent_closure1.doCall(VerifyElementPresentKeyword.groovy:85)
	at com.kms.katalon.core.webui.keyword.builtin.VerifyElementPresentKeyword$_verifyElementPresent_closure1.call(VerifyElementPresentKeyword.groovy)
	at com.kms.katalon.core.webui.keyword.internal.WebUIKeywordMain.runKeyword(WebUIKeywordMain.groovy:20)
	at com.kms.katalon.core.webui.keyword.builtin.VerifyElementPresentKeyword.verifyElementPresent(VerifyElementPresentKeyword.groovy:92)
	at com.kms.katalon.core.webui.keyword.builtin.VerifyElementPresentKeyword.execute(VerifyElementPresentKeyword.groovy:68)
	at com.kms.katalon.core.keyword.internal.KeywordExecutor.executeKeywordForPlatform(KeywordExecutor.groovy:73)
	at com.kms.katalon.core.webui.keyword.WebUiBuiltInKeywords.verifyElementPresent(WebUiBuiltInKeywords.groovy:1445)
	at com.kms.katalon.core.webui.keyword.WebUiBuiltInKeywords$verifyElementPresent$2.call(Unknown Source)
	at login.LoginForAdminDevEnvironment.login(LoginForAdminDevEnvironment.groovy:18)
	at login.LoginForAdminDevEnvironment$login.call(Unknown Source)
	at Login.login(Login.groovy:37)
	at Login.invokeMethod(Login.groovy)
	at com.kms.katalon.core.context.internal.TestHooker.invokeMethod(TestHooker.java:111)
	at com.kms.katalon.core.context.internal.TestHooker.lambda$3(TestHooker.java:95)
	at com.kms.katalon.core.context.internal.TestHooker.invokeContextMethods(TestHooker.java:94)
	at com.kms.katalon.core.context.internal.TestListenerCollector.lambda$3(TestListenerCollector.java:88)
	at com.kms.katalon.core.context.internal.TestListenerCollector.handleListenerEvent(TestListenerCollector.java:85)
	at com.kms.katalon.core.context.internal.ExecutionEventManager.publicEvent(ExecutionEventManager.java:36)
	at com.kms.katalon.core.main.TestCaseExecutor.execute(TestCaseExecutor.java:221)
	at com.kms.katalon.core.main.TestSuiteExecutor.accessTestCaseMainPhase(TestSuiteExecutor.java:191)
	at com.kms.katalon.core.main.TestSuiteExecutor.accessTestSuiteMainPhase(TestSuiteExecutor.java:141)
	at com.kms.katalon.core.main.TestSuiteExecutor.execute(TestSuiteExecutor.java:90)
	at com.kms.katalon.core.main.TestCaseMain.startTestSuite(TestCaseMain.java:157)
	at com.kms.katalon.core.main.TestCaseMain$startTestSuite$0.call(Unknown Source)
	at TempTestSuite1610561623229.run(TempTestSuite1610561623229.groovy:39)
)

2021-01-13 13:30:37 - [TEST_STEP][PASSED] - navigateToUrl(Url): Navigate to 'https://dev-admin.modist.co/' successfully

2021-01-13 13:30:37 - [MESSAGE][PASSED] - Navigate to 'https://dev-admin.modist.co/' successfully

2021-01-13 13:30:37 - [TEST_STEP][PASSED] - loginPage.login(Email, Password): com.kms.katalon.core.webui.exception.WebElementNotFoundException: Web element with id: 'Object Repository/Login Credentials/Email' located by '//input[@name='email']' not found (Root cause: com.kms.katalon.core.exception.StepFailedException: com.kms.katalon.core.webui.exception.WebElementNotFoundException: Web element with id: 'Object Repository/Login Credentials/Email' located by '//input[@name='email']' not found
	at com.kms.katalon.core.webui.keyword.internal.WebUIKeywordMain.stepFailed(WebUIKeywordMain.groovy:64)
	at com.kms.katalon.core.webui.keyword.builtin.VerifyElementPresentKeyword$_verifyElementPresent_closure1.doCall(VerifyElementPresentKeyword.groovy:85)
	at com.kms.katalon.core.webui.keyword.builtin.VerifyElementPresentKeyword$_verifyElementPresent_closure1.call(VerifyElementPresentKeyword.groovy)
	at com.kms.katalon.core.webui.keyword.internal.WebUIKeywordMain.runKeyword(WebUIKeywordMain.groovy:20)
	at com.kms.katalon.core.webui.keyword.builtin.VerifyElementPresentKeyword.verifyElementPresent(VerifyElementPresentKeyword.groovy:92)
	at com.kms.katalon.core.webui.keyword.builtin.VerifyElementPresentKeyword.execute(VerifyElementPresentKeyword.groovy:68)
	at com.kms.katalon.core.keyword.internal.KeywordExecutor.executeKeywordForPlatform(KeywordExecutor.groovy:73)
	at com.kms.katalon.core.webui.keyword.WebUiBuiltInKeywords.verifyElementPresent(WebUiBuiltInKeywords.groovy:1445)
	at com.kms.katalon.core.webui.keyword.WebUiBuiltInKeywords$verifyElementPresent$2.call(Unknown Source)
	at login.LoginForAdminDevEnvironment.login(LoginForAdminDevEnvironment.groovy:18)
	at login.LoginForAdminDevEnvironment$login.call(Unknown Source)
	at Login.login(Login.groovy:37)
	at Login.invokeMethod(Login.groovy)
	at com.kms.katalon.core.context.internal.TestHooker.invokeMethod(TestHooker.java:111)
	at com.kms.katalon.core.context.internal.TestHooker.lambda$3(TestHooker.java:95)
	at com.kms.katalon.core.context.internal.TestHooker.invokeContextMethods(TestHooker.java:94)
	at com.kms.katalon.core.context.internal.TestListenerCollector.lambda$3(TestListenerCollector.java:88)
	at com.kms.katalon.core.context.internal.TestListenerCollector.handleListenerEvent(TestListenerCollector.java:85)
	at com.kms.katalon.core.context.internal.ExecutionEventManager.publicEvent(ExecutionEventManager.java:36)
	at com.kms.katalon.core.main.TestCaseExecutor.execute(TestCaseExecutor.java:221)
	at com.kms.katalon.core.main.TestSuiteExecutor.accessTestCaseMainPhase(TestSuiteExecutor.java:191)
	at com.kms.katalon.core.main.TestSuiteExecutor.accessTestSuiteMainPhase(TestSuiteExecutor.java:141)
	at com.kms.katalon.core.main.TestSuiteExecutor.execute(TestSuiteExecutor.java:90)
	at com.kms.katalon.core.main.TestCaseMain.startTestSuite(TestCaseMain.java:157)
	at com.kms.katalon.core.main.TestCaseMain$startTestSuite$0.call(Unknown Source)
	at TempTestSuite1610561623229.run(TempTestSuite1610561623229.groovy:39)
)

2021-01-13 13:30:42 - [MESSAGE][INFO] - Unable to find the element located by 'By.xpath: //input[@name='email']'. Please recheck the objects properties to make sure the desired element is located. 

2021-01-13 13:30:42 - [MESSAGE][WARNING] - com.kms.katalon.core.webui.exception.WebElementNotFoundException: Web element with id: 'Object Repository/Login Credentials/Email' located by '//input[@name='email']' not found (Root cause: com.kms.katalon.core.exception.StepFailedException: com.kms.katalon.core.webui.exception.WebElementNotFoundException: Web element with id: 'Object Repository/Login Credentials/Email' located by '//input[@name='email']' not found
	at com.kms.katalon.core.webui.keyword.internal.WebUIKeywordMain.stepFailed(WebUIKeywordMain.groovy:64)
	at com.kms.katalon.core.webui.keyword.builtin.VerifyElementPresentKeyword$_verifyElementPresent_closure1.doCall(VerifyElementPresentKeyword.groovy:85)
	at com.kms.katalon.core.webui.keyword.builtin.VerifyElementPresentKeyword$_verifyElementPresent_closure1.call(VerifyElementPresentKeyword.groovy)
	at com.kms.katalon.core.webui.keyword.internal.WebUIKeywordMain.runKeyword(WebUIKeywordMain.groovy:20)
	at com.kms.katalon.core.webui.keyword.builtin.VerifyElementPresentKeyword.verifyElementPresent(VerifyElementPresentKeyword.groovy:92)
	at com.kms.katalon.core.webui.keyword.builtin.VerifyElementPresentKeyword.execute(VerifyElementPresentKeyword.groovy:68)
	at com.kms.katalon.core.keyword.internal.KeywordExecutor.executeKeywordForPlatform(KeywordExecutor.groovy:73)
	at com.kms.katalon.core.webui.keyword.WebUiBuiltInKeywords.verifyElementPresent(WebUiBuiltInKeywords.groovy:1445)
	at com.kms.katalon.core.webui.keyword.WebUiBuiltInKeywords$verifyElementPresent$2.call(Unknown Source)
	at login.LoginForAdminDevEnvironment.login(LoginForAdminDevEnvironment.groovy:18)
	at login.LoginForAdminDevEnvironment$login.call(Unknown Source)
	at Login.login(Login.groovy:37)
	at Login.invokeMethod(Login.groovy)
	at com.kms.katalon.core.context.internal.TestHooker.invokeMethod(TestHooker.java:111)
	at com.kms.katalon.core.context.internal.TestHooker.lambda$3(TestHooker.java:95)
	at com.kms.katalon.core.context.internal.TestHooker.invokeContextMethods(TestHooker.java:94)
	at com.kms.katalon.core.context.internal.TestListenerCollector.lambda$3(TestListenerCollector.java:88)
	at com.kms.katalon.core.context.internal.TestListenerCollector.handleListenerEvent(TestListenerCollector.java:85)
	at com.kms.katalon.core.context.internal.ExecutionEventManager.publicEvent(ExecutionEventManager.java:36)
	at com.kms.katalon.core.main.TestCaseExecutor.execute(TestCaseExecutor.java:221)
	at com.kms.katalon.core.main.TestSuiteExecutor.accessTestCaseMainPhase(TestSuiteExecutor.java:191)
	at com.kms.katalon.core.main.TestSuiteExecutor.accessTestSuiteMainPhase(TestSuiteExecutor.java:141)
	at com.kms.katalon.core.main.TestSuiteExecutor.execute(TestSuiteExecutor.java:90)
	at com.kms.katalon.core.main.TestCaseMain.startTestSuite(TestCaseMain.java:157)
	at com.kms.katalon.core.main.TestCaseMain$startTestSuite$0.call(Unknown Source)
	at TempTestSuite1610561623229.run(TempTestSuite1610561623229.groovy:39)
)
[[ATTACHMENT|E:\\Modist\\ModistProject\\Reports\\20210113_131343\\AllTestCases\\20210113_131343\\1610562642690.png]]

2021-01-13 13:30:43 - [TEST_STEP][PASSED] - pages.Product.clickOnProductTab(): pages.Product.clickOnProductTab is PASSED

2021-01-13 13:30:43 - [MESSAGE][PASSED] - Object 'Object Repository/Product/productTab' is present

2021-01-13 13:30:43 - [MESSAGE][PASSED] - Object 'Object Repository/Product/productTab' is visible

2021-01-13 13:30:43 - [MESSAGE][PASSED] - Object 'Object Repository/Product/productTab' is clickable

2021-01-13 13:30:44 - [MESSAGE][PASSED] - Object: 'Object Repository/Product/productTab' is clicked on

2021-01-13 13:30:44 - [MESSAGE][PASSED] - pages.Product.clickOnProductTab is PASSED

2021-01-13 13:30:44 - [TEST_STEP][PASSED] - productName = pages.Product.getRandomProductNmae(): pages.Product.getRandomProductNmae is PASSED

2021-01-13 13:30:44 - [MESSAGE][PASSED] - Object 'Object Repository/Product/productTab' is present

2021-01-13 13:30:44 - [MESSAGE][PASSED] - Object 'Object Repository/Product/productTab' is visible

2021-01-13 13:30:45 - [MESSAGE][PASSED] - Object 'Object Repository/Product/productTab' is clickable

2021-01-13 13:30:45 - [MESSAGE][PASSED] - Object: 'Object Repository/Product/productTab' is clicked on

2021-01-13 13:30:45 - [MESSAGE][PASSED] - Object 'Object Repository/Product/productsCount' is present

2021-01-13 13:30:46 - [MESSAGE][PASSED] - Text of object 'Object Repository/Product/randomProduct(index)' is: 'BMW'

2021-01-13 13:30:46 - [MESSAGE][PASSED] - pages.Product.getRandomProductNmae is PASSED

2021-01-13 13:30:46 - [TEST_STEP][PASSED] - pages.Product.openAnyExistingProduct(productName): pages.Product.openAnyExistingProduct is PASSED

2021-01-13 13:30:46 - [MESSAGE][PASSED] - Object 'Object Repository/Product/Filter by name' is present

2021-01-13 13:30:47 - [MESSAGE][PASSED] - Object 'Object Repository/Product/Filter by name' is visible

2021-01-13 13:30:47 - [MESSAGE][PASSED] - Object 'Object Repository/Product/Filter by name' is clickable

2021-01-13 13:30:47 - [MESSAGE][PASSED] - Text of object 'Object Repository/Product/Filter by name' is cleared

2021-01-13 13:30:48 - [MESSAGE][PASSED] - Keys '' sent to object: 'Object Repository/Product/Filter by name'

2021-01-13 13:30:48 - [MESSAGE][PASSED] - Keys 'B' sent to object: 'Object Repository/Product/Filter by name'

2021-01-13 13:30:48 - [MESSAGE][PASSED] - Keys 'M' sent to object: 'Object Repository/Product/Filter by name'

2021-01-13 13:30:49 - [MESSAGE][PASSED] - Keys 'W' sent to object: 'Object Repository/Product/Filter by name'

2021-01-13 13:30:50 - [MESSAGE][PASSED] - Scroll to object 'Object Repository/Product/productName(Name)' successfully

2021-01-13 13:30:51 - [MESSAGE][PASSED] - Object 'Object Repository/Product/productName(Name)' is present

2021-01-13 13:30:51 - [MESSAGE][PASSED] - Object 'Object Repository/Product/productName(Name)' is visible

2021-01-13 13:30:51 - [MESSAGE][PASSED] - Object 'Object Repository/Product/productName(Name)' is clickable

2021-01-13 13:30:52 - [MESSAGE][PASSED] - Object: 'Object Repository/Product/productName(Name)' is clicked on

2021-01-13 13:30:52 - [MESSAGE][PASSED] - pages.Product.openAnyExistingProduct is PASSED

2021-01-13 13:30:52 - [TEST_STEP][PASSED] - pages.Product.clickCloseButtonInProductEditPage(): pages.Product.clickCloseButtonInProductEditPage is PASSED

2021-01-13 13:30:52 - [MESSAGE][PASSED] - Object 'Object Repository/Product/ProductEditPage/closeButton' is present

2021-01-13 13:30:53 - [MESSAGE][PASSED] - Object 'Object Repository/Product/ProductEditPage/closeButton' is visible

2021-01-13 13:30:53 - [MESSAGE][PASSED] - Object 'Object Repository/Product/ProductEditPage/closeButton' is clickable

2021-01-13 13:30:54 - [MESSAGE][PASSED] - Object: 'Object Repository/Product/ProductEditPage/closeButton' is clicked on

2021-01-13 13:30:54 - [MESSAGE][PASSED] - pages.Product.clickCloseButtonInProductEditPage is PASSED

2021-01-13 13:30:54 - [TEST_STEP][PASSED] - pages.Product.verifyUrlAfterClosingProduct(): you are navigated back to dashboard page

2021-01-13 13:30:54 - [MESSAGE][PASSED] - Current window's url is: 'https://dev-admin.modist.co/dashboard'

2021-01-13 13:30:54 - [MESSAGE][PASSED] - you are navigated back to dashboard page]]></system-out>
         <system-err><![CDATA[]]></system-err>
      </testcase>
      <testcase name="Test Cases/Admin/Product/verifySaveChangesDeleteAndCloseButtonInProductDetailspage" time="26.285" classname="Test Cases/Admin/Product/verifySaveChangesDeleteAndCloseButtonInProductDetailspage" status="PASSED">
         <system-out><![CDATA[2021-01-13 13:30:54 - [TEST_CASE][PASSED] - Test Cases/Admin/Product/verifySaveChangesDeleteAndCloseButtonInProductDetailspage: Test Cases/Admin/Product/verifySaveChangesDeleteAndCloseButtonInProductDetailspage

2021-01-13 13:30:54 - [TEST_STEP][PASSED] - Start listener action : login: null

2021-01-13 13:30:54 - [TEST_STEP][PASSED] - Thread.sleep(3000): null

2021-01-13 13:30:57 - [TEST_STEP][PASSED] - url = getUrl(): Current window's url is: 'https://dev-admin.modist.co/dashboard'

2021-01-13 13:30:57 - [MESSAGE][PASSED] - Current window's url is: 'https://dev-admin.modist.co/dashboard'

2021-01-13 13:30:57 - [TEST_STEP][PASSED] - if (!(url.contains("dashboard"))): null

2021-01-13 13:30:57 - [TEST_STEP][PASSED] - productname = pages.Product.addProduct(): pages.Product.addProduct is PASSED

2021-01-13 13:30:58 - [MESSAGE][PASSED] - Object 'Object Repository/Product/productTab' is present

2021-01-13 13:30:58 - [MESSAGE][PASSED] - Object 'Object Repository/Product/productTab' is visible

2021-01-13 13:30:58 - [MESSAGE][PASSED] - Object 'Object Repository/Product/productTab' is clickable

2021-01-13 13:30:58 - [MESSAGE][PASSED] - Object: 'Object Repository/Product/productTab' is clicked on

2021-01-13 13:30:59 - [MESSAGE][PASSED] - Object 'Object Repository/Product/addProductButton' is present

2021-01-13 13:30:59 - [MESSAGE][PASSED] - Object 'Object Repository/Product/addProductButton' is visible

2021-01-13 13:30:59 - [MESSAGE][PASSED] - Object 'Object Repository/Product/addProductButton' is clickable

2021-01-13 13:31:00 - [MESSAGE][PASSED] - Object: 'Object Repository/Product/addProductButton' is clicked on

2021-01-13 13:31:00 - [MESSAGE][PASSED] - Object 'Object Repository/Product/productNameInput' is present

2021-01-13 13:31:01 - [MESSAGE][PASSED] - Object 'Object Repository/Product/productNameInput' is visible

2021-01-13 13:31:01 - [MESSAGE][PASSED] - Object 'Object Repository/Product/productNameInput' is clickable

2021-01-13 13:31:01 - [MESSAGE][PASSED] - Text of object 'Object Repository/Product/productNameInput' is cleared

2021-01-13 13:31:02 - [MESSAGE][PASSED] - Keys 'RandomProduct456' sent to object: 'Object Repository/Product/productNameInput'

2021-01-13 13:31:02 - [MESSAGE][PASSED] - Object 'Object Repository/Product/descriptionFieldInput' is present

2021-01-13 13:31:02 - [MESSAGE][PASSED] - Object 'Object Repository/Product/descriptionFieldInput' is visible

2021-01-13 13:31:03 - [MESSAGE][PASSED] - Object 'Object Repository/Product/descriptionFieldInput' is clickable

2021-01-13 13:31:03 - [MESSAGE][PASSED] - Text of object 'Object Repository/Product/descriptionFieldInput' is cleared

2021-01-13 13:31:03 - [MESSAGE][PASSED] - Keys 'Sample text' sent to object: 'Object Repository/Product/descriptionFieldInput'

2021-01-13 13:31:04 - [MESSAGE][PASSED] - Object 'Object Repository/Product/addproductButtonInAddProductPopUp' is present

2021-01-13 13:31:04 - [MESSAGE][PASSED] - Object 'Object Repository/Product/addproductButtonInAddProductPopUp' is visible

2021-01-13 13:31:04 - [MESSAGE][PASSED] - Object 'Object Repository/Product/addproductButtonInAddProductPopUp' is clickable

2021-01-13 13:31:05 - [MESSAGE][PASSED] - Object: 'Object Repository/Product/addproductButtonInAddProductPopUp' is clicked on

2021-01-13 13:31:05 - [MESSAGE][PASSED] - pages.Product.addProduct is PASSED

2021-01-13 13:31:05 - [TEST_STEP][PASSED] - pages.Product.openAnyExistingProduct(productname): pages.Product.openAnyExistingProduct is PASSED

2021-01-13 13:31:05 - [MESSAGE][PASSED] - Object 'Object Repository/Product/Filter by name' is present

2021-01-13 13:31:06 - [MESSAGE][PASSED] - Object 'Object Repository/Product/Filter by name' is visible

2021-01-13 13:31:06 - [MESSAGE][PASSED] - Object 'Object Repository/Product/Filter by name' is clickable

2021-01-13 13:31:07 - [MESSAGE][PASSED] - Text of object 'Object Repository/Product/Filter by name' is cleared

2021-01-13 13:31:07 - [MESSAGE][PASSED] - Keys '' sent to object: 'Object Repository/Product/Filter by name'

2021-01-13 13:31:08 - [MESSAGE][PASSED] - Keys 'R' sent to object: 'Object Repository/Product/Filter by name'

2021-01-13 13:31:08 - [MESSAGE][PASSED] - Keys 'a' sent to object: 'Object Repository/Product/Filter by name'

2021-01-13 13:31:09 - [MESSAGE][PASSED] - Keys 'n' sent to object: 'Object Repository/Product/Filter by name'

2021-01-13 13:31:10 - [MESSAGE][PASSED] - Keys 'd' sent to object: 'Object Repository/Product/Filter by name'

2021-01-13 13:31:10 - [MESSAGE][PASSED] - Keys 'o' sent to object: 'Object Repository/Product/Filter by name'

2021-01-13 13:31:11 - [MESSAGE][PASSED] - Keys 'm' sent to object: 'Object Repository/Product/Filter by name'

2021-01-13 13:31:11 - [MESSAGE][PASSED] - Keys 'P' sent to object: 'Object Repository/Product/Filter by name'

2021-01-13 13:31:12 - [MESSAGE][PASSED] - Keys 'r' sent to object: 'Object Repository/Product/Filter by name'

2021-01-13 13:31:12 - [MESSAGE][PASSED] - Keys 'o' sent to object: 'Object Repository/Product/Filter by name'

2021-01-13 13:31:12 - [MESSAGE][PASSED] - Keys 'd' sent to object: 'Object Repository/Product/Filter by name'

2021-01-13 13:31:13 - [MESSAGE][PASSED] - Keys 'u' sent to object: 'Object Repository/Product/Filter by name'

2021-01-13 13:31:13 - [MESSAGE][PASSED] - Keys 'c' sent to object: 'Object Repository/Product/Filter by name'

2021-01-13 13:31:13 - [MESSAGE][PASSED] - Keys 't' sent to object: 'Object Repository/Product/Filter by name'

2021-01-13 13:31:14 - [MESSAGE][PASSED] - Keys '4' sent to object: 'Object Repository/Product/Filter by name'

2021-01-13 13:31:14 - [MESSAGE][PASSED] - Keys '5' sent to object: 'Object Repository/Product/Filter by name'

2021-01-13 13:31:16 - [MESSAGE][PASSED] - Keys '6' sent to object: 'Object Repository/Product/Filter by name'

2021-01-13 13:31:16 - [MESSAGE][PASSED] - Scroll to object 'Object Repository/Product/productName(Name)' successfully

2021-01-13 13:31:16 - [MESSAGE][PASSED] - Object 'Object Repository/Product/productName(Name)' is present

2021-01-13 13:31:17 - [MESSAGE][PASSED] - Object 'Object Repository/Product/productName(Name)' is visible

2021-01-13 13:31:17 - [MESSAGE][PASSED] - Object 'Object Repository/Product/productName(Name)' is clickable

2021-01-13 13:31:17 - [MESSAGE][PASSED] - Object: 'Object Repository/Product/productName(Name)' is clicked on

2021-01-13 13:31:17 - [MESSAGE][PASSED] - pages.Product.openAnyExistingProduct is PASSED

2021-01-13 13:31:17 - [TEST_STEP][PASSED] - pages.Product.verifyFooterSectionButtons(): pages.Product.verifyFooterSectionButtons is PASSED

2021-01-13 13:31:18 - [MESSAGE][PASSED] - Object 'Object Repository/Product/ProductEditPage/closeButton' is present

2021-01-13 13:31:19 - [MESSAGE][PASSED] - Object 'Object Repository/Product/ProductEditPage/deleteButton' is present

2021-01-13 13:31:19 - [MESSAGE][PASSED] - Object 'Object Repository/Product/ProductEditPage/saveChangesButton' is present

2021-01-13 13:31:19 - [MESSAGE][PASSED] - Object 'Object Repository/Product/ProductEditPage/closeButton' is present

2021-01-13 13:31:20 - [MESSAGE][PASSED] - Object 'Object Repository/Product/ProductEditPage/closeButton' is visible

2021-01-13 13:31:20 - [MESSAGE][PASSED] - Object 'Object Repository/Product/ProductEditPage/closeButton' is clickable

2021-01-13 13:31:20 - [MESSAGE][PASSED] - Object: 'Object Repository/Product/ProductEditPage/closeButton' is clicked on

2021-01-13 13:31:20 - [MESSAGE][PASSED] - pages.Product.verifyFooterSectionButtons is PASSED]]></system-out>
         <system-err><![CDATA[]]></system-err>
      </testcase>
      <testcase name="Test Cases/Admin/Product/verifySearchFunctionalityInFilter" time="19.104" classname="Test Cases/Admin/Product/verifySearchFunctionalityInFilter" status="PASSED">
         <system-out><![CDATA[2021-01-13 13:31:20 - [TEST_CASE][PASSED] - Test Cases/Admin/Product/verifySearchFunctionalityInFilter: Test Cases/Admin/Product/verifySearchFunctionalityInFilter

2021-01-13 13:31:20 - [TEST_STEP][PASSED] - Start listener action : login: null

2021-01-13 13:31:20 - [TEST_STEP][PASSED] - Thread.sleep(3000): null

2021-01-13 13:31:23 - [TEST_STEP][PASSED] - url = getUrl(): Current window's url is: 'https://dev-admin.modist.co/dashboard'

2021-01-13 13:31:23 - [MESSAGE][PASSED] - Current window's url is: 'https://dev-admin.modist.co/dashboard'

2021-01-13 13:31:23 - [TEST_STEP][PASSED] - if (!(url.contains("dashboard"))): null

2021-01-13 13:31:23 - [TEST_STEP][PASSED] - pages.Product.clickOnProductTab(): pages.Product.clickOnProductTab is PASSED

2021-01-13 13:31:24 - [MESSAGE][PASSED] - Object 'Object Repository/Product/productTab' is present

2021-01-13 13:31:24 - [MESSAGE][PASSED] - Object 'Object Repository/Product/productTab' is visible

2021-01-13 13:31:24 - [MESSAGE][PASSED] - Object 'Object Repository/Product/productTab' is clickable

2021-01-13 13:31:25 - [MESSAGE][PASSED] - Object: 'Object Repository/Product/productTab' is clicked on

2021-01-13 13:31:25 - [MESSAGE][PASSED] - pages.Product.clickOnProductTab is PASSED

2021-01-13 13:31:25 - [TEST_STEP][PASSED] - productName = pages.Product.getRandomProductNmae(): pages.Product.getRandomProductNmae is PASSED

2021-01-13 13:31:25 - [MESSAGE][PASSED] - Object 'Object Repository/Product/productTab' is present

2021-01-13 13:31:25 - [MESSAGE][PASSED] - Object 'Object Repository/Product/productTab' is visible

2021-01-13 13:31:25 - [MESSAGE][PASSED] - Object 'Object Repository/Product/productTab' is clickable

2021-01-13 13:31:26 - [MESSAGE][PASSED] - Object: 'Object Repository/Product/productTab' is clicked on

2021-01-13 13:31:26 - [MESSAGE][PASSED] - Object 'Object Repository/Product/productsCount' is present

2021-01-13 13:31:27 - [MESSAGE][PASSED] - Text of object 'Object Repository/Product/randomProduct(index)' is: 'hififi'

2021-01-13 13:31:27 - [MESSAGE][PASSED] - pages.Product.getRandomProductNmae is PASSED

2021-01-13 13:31:27 - [TEST_STEP][PASSED] - pages.Product.searchForAProduct(productName): pages.Product.searchForAProduct is PASSED

2021-01-13 13:31:27 - [MESSAGE][PASSED] - Object 'Object Repository/Product/Filter by name' is present

2021-01-13 13:31:27 - [MESSAGE][PASSED] - Object 'Object Repository/Product/Filter by name' is visible

2021-01-13 13:31:28 - [MESSAGE][PASSED] - Object 'Object Repository/Product/Filter by name' is clickable

2021-01-13 13:31:28 - [MESSAGE][PASSED] - Text of object 'Object Repository/Product/Filter by name' is cleared

2021-01-13 13:31:28 - [MESSAGE][PASSED] - Keys '' sent to object: 'Object Repository/Product/Filter by name'

2021-01-13 13:31:29 - [MESSAGE][PASSED] - Keys 'h' sent to object: 'Object Repository/Product/Filter by name'

2021-01-13 13:31:29 - [MESSAGE][PASSED] - Keys 'i' sent to object: 'Object Repository/Product/Filter by name'

2021-01-13 13:31:29 - [MESSAGE][PASSED] - Keys 'f' sent to object: 'Object Repository/Product/Filter by name'

2021-01-13 13:31:31 - [MESSAGE][PASSED] - Keys 'i' sent to object: 'Object Repository/Product/Filter by name'

2021-01-13 13:31:32 - [MESSAGE][PASSED] - Keys 'f' sent to object: 'Object Repository/Product/Filter by name'

2021-01-13 13:31:32 - [MESSAGE][PASSED] - Keys 'i' sent to object: 'Object Repository/Product/Filter by name'

2021-01-13 13:31:32 - [MESSAGE][PASSED] - pages.Product.searchForAProduct is PASSED

2021-01-13 13:31:32 - [TEST_STEP][PASSED] - pages.Product.verifyProductPresent(productName): pages.Product.verifyProductPresent is PASSED

2021-01-13 13:31:33 - [MESSAGE][PASSED] - Object 'Object Repository/Product/Filter by name' is present

2021-01-13 13:31:34 - [MESSAGE][PASSED] - Object 'Object Repository/Product/Filter by name' is visible

2021-01-13 13:31:34 - [MESSAGE][PASSED] - Object 'Object Repository/Product/Filter by name' is clickable

2021-01-13 13:31:34 - [MESSAGE][PASSED] - Text of object 'Object Repository/Product/Filter by name' is cleared

2021-01-13 13:31:35 - [MESSAGE][PASSED] - Keys '' sent to object: 'Object Repository/Product/Filter by name'

2021-01-13 13:31:35 - [MESSAGE][PASSED] - Keys 'h' sent to object: 'Object Repository/Product/Filter by name'

2021-01-13 13:31:35 - [MESSAGE][PASSED] - Keys 'i' sent to object: 'Object Repository/Product/Filter by name'

2021-01-13 13:31:36 - [MESSAGE][PASSED] - Keys 'f' sent to object: 'Object Repository/Product/Filter by name'

2021-01-13 13:31:37 - [MESSAGE][PASSED] - Keys 'i' sent to object: 'Object Repository/Product/Filter by name'

2021-01-13 13:31:38 - [MESSAGE][PASSED] - Keys 'f' sent to object: 'Object Repository/Product/Filter by name'

2021-01-13 13:31:38 - [MESSAGE][PASSED] - Keys 'i' sent to object: 'Object Repository/Product/Filter by name'

2021-01-13 13:31:39 - [MESSAGE][PASSED] - Object 'Object Repository/Product/productName(Name)' is present

2021-01-13 13:31:39 - [MESSAGE][PASSED] - pages.Product.verifyProductPresent is PASSED]]></system-out>
         <system-err><![CDATA[]]></system-err>
      </testcase>
      <testcase name="Test Cases/Admin/Product/verifySearchFunctionalityWithInvalidProduct" time="13.247" classname="Test Cases/Admin/Product/verifySearchFunctionalityWithInvalidProduct" status="PASSED">
         <system-out><![CDATA[2021-01-13 13:31:39 - [TEST_CASE][PASSED] - Test Cases/Admin/Product/verifySearchFunctionalityWithInvalidProduct: Test Cases/Admin/Product/verifySearchFunctionalityWithInvalidProduct

2021-01-13 13:31:39 - [TEST_STEP][PASSED] - Start listener action : login: null

2021-01-13 13:31:39 - [TEST_STEP][PASSED] - Thread.sleep(3000): null

2021-01-13 13:31:42 - [TEST_STEP][PASSED] - url = getUrl(): Current window's url is: 'https://dev-admin.modist.co/dashboard'

2021-01-13 13:31:42 - [MESSAGE][PASSED] - Current window's url is: 'https://dev-admin.modist.co/dashboard'

2021-01-13 13:31:42 - [TEST_STEP][PASSED] - if (!(url.contains("dashboard"))): null

2021-01-13 13:31:43 - [TEST_STEP][PASSED] - pages.Product.clickOnProductTab(): pages.Product.clickOnProductTab is PASSED

2021-01-13 13:31:43 - [MESSAGE][PASSED] - Object 'Object Repository/Product/productTab' is present

2021-01-13 13:31:43 - [MESSAGE][PASSED] - Object 'Object Repository/Product/productTab' is visible

2021-01-13 13:31:43 - [MESSAGE][PASSED] - Object 'Object Repository/Product/productTab' is clickable

2021-01-13 13:31:44 - [MESSAGE][PASSED] - Object: 'Object Repository/Product/productTab' is clicked on

2021-01-13 13:31:44 - [MESSAGE][PASSED] - pages.Product.clickOnProductTab is PASSED

2021-01-13 13:31:44 - [TEST_STEP][PASSED] - productName = pages.Product.getRandomProductNmae(): pages.Product.getRandomProductNmae is PASSED

2021-01-13 13:31:44 - [MESSAGE][PASSED] - Object 'Object Repository/Product/productTab' is present

2021-01-13 13:31:44 - [MESSAGE][PASSED] - Object 'Object Repository/Product/productTab' is visible

2021-01-13 13:31:45 - [MESSAGE][PASSED] - Object 'Object Repository/Product/productTab' is clickable

2021-01-13 13:31:45 - [MESSAGE][PASSED] - Object: 'Object Repository/Product/productTab' is clicked on

2021-01-13 13:31:45 - [MESSAGE][PASSED] - Object 'Object Repository/Product/productsCount' is present

2021-01-13 13:31:46 - [MESSAGE][PASSED] - Text of object 'Object Repository/Product/randomProduct(index)' is: 'hififi'

2021-01-13 13:31:46 - [MESSAGE][PASSED] - pages.Product.getRandomProductNmae is PASSED

2021-01-13 13:31:46 - [TEST_STEP][PASSED] - productName = productName + "*": null

2021-01-13 13:31:46 - [TEST_STEP][PASSED] - pages.Product.verifyProductNotPresent(productName): pages.Product.verifyProductNotPresent is PASSED

2021-01-13 13:31:46 - [MESSAGE][PASSED] - Object 'Object Repository/Product/Filter by name' is present

2021-01-13 13:31:47 - [MESSAGE][PASSED] - Object 'Object Repository/Product/Filter by name' is visible

2021-01-13 13:31:47 - [MESSAGE][PASSED] - Object 'Object Repository/Product/Filter by name' is clickable

2021-01-13 13:31:47 - [MESSAGE][PASSED] - Text of object 'Object Repository/Product/Filter by name' is cleared

2021-01-13 13:31:48 - [MESSAGE][PASSED] - Keys '' sent to object: 'Object Repository/Product/Filter by name'

2021-01-13 13:31:48 - [MESSAGE][PASSED] - Keys 'h' sent to object: 'Object Repository/Product/Filter by name'

2021-01-13 13:31:48 - [MESSAGE][PASSED] - Keys 'i' sent to object: 'Object Repository/Product/Filter by name'

2021-01-13 13:31:49 - [MESSAGE][PASSED] - Keys 'f' sent to object: 'Object Repository/Product/Filter by name'

2021-01-13 13:31:51 - [MESSAGE][PASSED] - Keys 'i' sent to object: 'Object Repository/Product/Filter by name'

2021-01-13 13:31:51 - [MESSAGE][PASSED] - Keys 'f' sent to object: 'Object Repository/Product/Filter by name'

2021-01-13 13:31:51 - [MESSAGE][PASSED] - Keys 'i' sent to object: 'Object Repository/Product/Filter by name'

2021-01-13 13:31:52 - [MESSAGE][PASSED] - Keys '*' sent to object: 'Object Repository/Product/Filter by name'

2021-01-13 13:31:53 - [MESSAGE][PASSED] - Web element with id: 'Object Repository/Product/productName(Name)' located by 'By.xpath: //div[text()='hififi*']/../..
' is not present after '30' second(s)

2021-01-13 13:31:53 - [MESSAGE][PASSED] - pages.Product.verifyProductNotPresent is PASSED]]></system-out>
         <system-err><![CDATA[]]></system-err>
      </testcase>
      <testcase name="Test Cases/Admin/Section/addSectionAndVerify" time="56.103" classname="Test Cases/Admin/Section/addSectionAndVerify" status="FAILED">
         <failure type="FAILED" message="Test Cases/Admin/Section/addSectionAndVerify FAILED.
Reason:
com.kms.katalon.core.exception.StepFailedException: RandomSection365is not present
	at com.kms.katalon.core.util.KeywordUtil.markFailedAndStop(KeywordUtil.java:28)
	at com.kms.katalon.core.util.KeywordUtil$markFailedAndStop$0.call(Unknown Source)
	at verification.Verification.verifyElementPresent(Verification.groovy:31)
	at pages.Section.verifySectionAdded(Section.groovy:60)
	at pages.Section.invokeMethod(Section.groovy)
	at com.kms.katalon.core.main.CustomKeywordDelegatingMetaClass.invokeStaticMethod(CustomKeywordDelegatingMetaClass.java:50)
	at addSectionAndVerify.run(addSectionAndVerify:22)
	at com.kms.katalon.core.main.ScriptEngine.run(ScriptEngine.java:194)
	at com.kms.katalon.core.main.ScriptEngine.runScriptAsRawText(ScriptEngine.java:119)
	at com.kms.katalon.core.main.TestCaseExecutor.runScript(TestCaseExecutor.java:339)
	at com.kms.katalon.core.main.TestCaseExecutor.doExecute(TestCaseExecutor.java:330)
	at com.kms.katalon.core.main.TestCaseExecutor.processExecutionPhase(TestCaseExecutor.java:309)
	at com.kms.katalon.core.main.TestCaseExecutor.accessMainPhase(TestCaseExecutor.java:301)
	at com.kms.katalon.core.main.TestCaseExecutor.execute(TestCaseExecutor.java:235)
	at com.kms.katalon.core.main.TestSuiteExecutor.accessTestCaseMainPhase(TestSuiteExecutor.java:191)
	at com.kms.katalon.core.main.TestSuiteExecutor.accessTestSuiteMainPhase(TestSuiteExecutor.java:141)
	at com.kms.katalon.core.main.TestSuiteExecutor.execute(TestSuiteExecutor.java:90)
	at com.kms.katalon.core.main.TestCaseMain.startTestSuite(TestCaseMain.java:157)
	at com.kms.katalon.core.main.TestCaseMain$startTestSuite$0.call(Unknown Source)
	at TempTestSuite1610561623229.run(TempTestSuite1610561623229.groovy:39)
"/>
         <system-out><![CDATA[2021-01-13 13:31:53 - [TEST_CASE][FAILED] - Test Cases/Admin/Section/addSectionAndVerify: Test Cases/Admin/Section/addSectionAndVerify FAILED.
Reason:
com.kms.katalon.core.exception.StepFailedException: RandomSection365is not present
	at com.kms.katalon.core.util.KeywordUtil.markFailedAndStop(KeywordUtil.java:28)
	at com.kms.katalon.core.util.KeywordUtil$markFailedAndStop$0.call(Unknown Source)
	at verification.Verification.verifyElementPresent(Verification.groovy:31)
	at pages.Section.verifySectionAdded(Section.groovy:60)
	at pages.Section.invokeMethod(Section.groovy)
	at com.kms.katalon.core.main.CustomKeywordDelegatingMetaClass.invokeStaticMethod(CustomKeywordDelegatingMetaClass.java:50)
	at addSectionAndVerify.run(addSectionAndVerify:22)
	at com.kms.katalon.core.main.ScriptEngine.run(ScriptEngine.java:194)
	at com.kms.katalon.core.main.ScriptEngine.runScriptAsRawText(ScriptEngine.java:119)
	at com.kms.katalon.core.main.TestCaseExecutor.runScript(TestCaseExecutor.java:339)
	at com.kms.katalon.core.main.TestCaseExecutor.doExecute(TestCaseExecutor.java:330)
	at com.kms.katalon.core.main.TestCaseExecutor.processExecutionPhase(TestCaseExecutor.java:309)
	at com.kms.katalon.core.main.TestCaseExecutor.accessMainPhase(TestCaseExecutor.java:301)
	at com.kms.katalon.core.main.TestCaseExecutor.execute(TestCaseExecutor.java:235)
	at com.kms.katalon.core.main.TestSuiteExecutor.accessTestCaseMainPhase(TestSuiteExecutor.java:191)
	at com.kms.katalon.core.main.TestSuiteExecutor.accessTestSuiteMainPhase(TestSuiteExecutor.java:141)
	at com.kms.katalon.core.main.TestSuiteExecutor.execute(TestSuiteExecutor.java:90)
	at com.kms.katalon.core.main.TestCaseMain.startTestSuite(TestCaseMain.java:157)
	at com.kms.katalon.core.main.TestCaseMain$startTestSuite$0.call(Unknown Source)
	at TempTestSuite1610561623229.run(TempTestSuite1610561623229.groovy:39)


2021-01-13 13:31:53 - [TEST_STEP][PASSED] - Start listener action : login: null

2021-01-13 13:31:53 - [TEST_STEP][PASSED] - Thread.sleep(3000): null

2021-01-13 13:31:56 - [TEST_STEP][PASSED] - url = getUrl(): Current window's url is: 'https://dev-admin.modist.co/dashboard'

2021-01-13 13:31:56 - [MESSAGE][PASSED] - Current window's url is: 'https://dev-admin.modist.co/dashboard'

2021-01-13 13:31:56 - [TEST_STEP][PASSED] - if (!(url.contains("dashboard"))): null

2021-01-13 13:31:56 - [TEST_STEP][PASSED] - pages.Section.clickOnSectionTab(): pages.Section.clickOnSectionTab is PASSED

2021-01-13 13:31:56 - [MESSAGE][PASSED] - Object 'Object Repository/Section/SectionTab' is present

2021-01-13 13:31:56 - [MESSAGE][PASSED] - Object 'Object Repository/Section/SectionTab' is visible

2021-01-13 13:31:57 - [MESSAGE][PASSED] - Object 'Object Repository/Section/SectionTab' is clickable

2021-01-13 13:31:57 - [MESSAGE][PASSED] - Object: 'Object Repository/Section/SectionTab' is clicked on

2021-01-13 13:31:57 - [MESSAGE][PASSED] - pages.Section.clickOnSectionTab is PASSED

2021-01-13 13:31:57 - [TEST_STEP][PASSED] - sectionName = pages.Section.addSection(): pages.Section.addSection is PASSED

2021-01-13 13:31:57 - [MESSAGE][PASSED] - Object 'Object Repository/Section/SectionTab' is present

2021-01-13 13:31:58 - [MESSAGE][PASSED] - Object 'Object Repository/Section/SectionTab' is visible

2021-01-13 13:31:58 - [MESSAGE][PASSED] - Object 'Object Repository/Section/SectionTab' is clickable

2021-01-13 13:31:59 - [MESSAGE][PASSED] - Object: 'Object Repository/Section/SectionTab' is clicked on

2021-01-13 13:31:59 - [MESSAGE][PASSED] - Object 'Object Repository/Section/AddSectionButton' is present

2021-01-13 13:32:00 - [MESSAGE][PASSED] - Object 'Object Repository/Section/AddSectionButton' is visible

2021-01-13 13:32:00 - [MESSAGE][PASSED] - Object 'Object Repository/Section/AddSectionButton' is clickable

2021-01-13 13:32:00 - [MESSAGE][PASSED] - Object: 'Object Repository/Section/AddSectionButton' is clicked on

2021-01-13 13:32:01 - [MESSAGE][PASSED] - Object 'Object Repository/Section/addSection/title' is present

2021-01-13 13:32:02 - [MESSAGE][PASSED] - Object 'Object Repository/Section/addSection/title' is visible

2021-01-13 13:32:02 - [MESSAGE][PASSED] - Object 'Object Repository/Section/addSection/title' is clickable

2021-01-13 13:32:02 - [MESSAGE][PASSED] - Text of object 'Object Repository/Section/addSection/title' is cleared

2021-01-13 13:32:03 - [MESSAGE][PASSED] - Keys 'RandomSection365' sent to object: 'Object Repository/Section/addSection/title'

2021-01-13 13:32:03 - [MESSAGE][PASSED] - Object 'Object Repository/Section/addSection/subtitle' is present

2021-01-13 13:32:03 - [MESSAGE][PASSED] - Object 'Object Repository/Section/addSection/subtitle' is visible

2021-01-13 13:32:04 - [MESSAGE][PASSED] - Object 'Object Repository/Section/addSection/subtitle' is clickable

2021-01-13 13:32:04 - [MESSAGE][PASSED] - Text of object 'Object Repository/Section/addSection/subtitle' is cleared

2021-01-13 13:32:04 - [MESSAGE][PASSED] - Keys 'New Section sample' sent to object: 'Object Repository/Section/addSection/subtitle'

2021-01-13 13:32:05 - [MESSAGE][PASSED] - Object 'Object Repository/Section/addSection/tenant' is present

2021-01-13 13:32:05 - [MESSAGE][PASSED] - Object 'Object Repository/Section/addSection/tenant' is visible

2021-01-13 13:32:05 - [MESSAGE][PASSED] - Object 'Object Repository/Section/addSection/tenant' is clickable

2021-01-13 13:32:06 - [MESSAGE][PASSED] - Object: 'Object Repository/Section/addSection/tenant' is clicked on

2021-01-13 13:32:06 - [MESSAGE][PASSED] - Object 'Object Repository/Section/addSection/tenantSelect' is present

2021-01-13 13:32:06 - [MESSAGE][PASSED] - Object 'Object Repository/Section/addSection/tenantSelect' is visible

2021-01-13 13:32:06 - [MESSAGE][PASSED] - Object 'Object Repository/Section/addSection/tenantSelect' is clickable

2021-01-13 13:32:07 - [MESSAGE][PASSED] - Object: 'Object Repository/Section/addSection/tenantSelect' is clicked on

2021-01-13 13:32:07 - [MESSAGE][PASSED] - Object 'Object Repository/Section/addSection/addSection' is present

2021-01-13 13:32:07 - [MESSAGE][PASSED] - Object 'Object Repository/Section/addSection/addSection' is visible

2021-01-13 13:32:08 - [MESSAGE][PASSED] - Object 'Object Repository/Section/addSection/addSection' is clickable

2021-01-13 13:32:08 - [MESSAGE][PASSED] - Object: 'Object Repository/Section/addSection/addSection' is clicked on

2021-01-13 13:32:08 - [MESSAGE][PASSED] - pages.Section.addSection is PASSED

2021-01-13 13:32:08 - [TEST_STEP][FAILED] - pages.Section.verifySectionAdded(sectionName): RandomSection365is not present

2021-01-13 13:32:09 - [MESSAGE][PASSED] - Object 'Object Repository/Section/filterByName' is present

2021-01-13 13:32:10 - [MESSAGE][PASSED] - Object 'Object Repository/Section/filterByName' is visible

2021-01-13 13:32:10 - [MESSAGE][PASSED] - Object 'Object Repository/Section/filterByName' is clickable

2021-01-13 13:32:10 - [MESSAGE][PASSED] - Text of object 'Object Repository/Section/filterByName' is cleared

2021-01-13 13:32:11 - [MESSAGE][PASSED] - Keys '' sent to object: 'Object Repository/Section/filterByName'

2021-01-13 13:32:11 - [MESSAGE][PASSED] - Keys 'R' sent to object: 'Object Repository/Journey/journrySearchInput'

2021-01-13 13:32:11 - [MESSAGE][PASSED] - Keys 'a' sent to object: 'Object Repository/Journey/journrySearchInput'

2021-01-13 13:32:12 - [MESSAGE][PASSED] - Keys 'n' sent to object: 'Object Repository/Journey/journrySearchInput'

2021-01-13 13:32:13 - [MESSAGE][PASSED] - Keys 'd' sent to object: 'Object Repository/Journey/journrySearchInput'

2021-01-13 13:32:13 - [MESSAGE][PASSED] - Keys 'o' sent to object: 'Object Repository/Journey/journrySearchInput'

2021-01-13 13:32:13 - [MESSAGE][PASSED] - Keys 'm' sent to object: 'Object Repository/Journey/journrySearchInput'

2021-01-13 13:32:14 - [MESSAGE][PASSED] - Keys 'S' sent to object: 'Object Repository/Journey/journrySearchInput'

2021-01-13 13:32:14 - [MESSAGE][PASSED] - Keys 'e' sent to object: 'Object Repository/Journey/journrySearchInput'

2021-01-13 13:32:14 - [MESSAGE][PASSED] - Keys 'c' sent to object: 'Object Repository/Journey/journrySearchInput'

2021-01-13 13:32:15 - [MESSAGE][PASSED] - Keys 't' sent to object: 'Object Repository/Journey/journrySearchInput'

2021-01-13 13:32:15 - [MESSAGE][PASSED] - Keys 'i' sent to object: 'Object Repository/Journey/journrySearchInput'

2021-01-13 13:32:15 - [MESSAGE][PASSED] - Keys 'o' sent to object: 'Object Repository/Journey/journrySearchInput'

2021-01-13 13:32:16 - [MESSAGE][PASSED] - Keys 'n' sent to object: 'Object Repository/Journey/journrySearchInput'

2021-01-13 13:32:16 - [MESSAGE][PASSED] - Keys '3' sent to object: 'Object Repository/Journey/journrySearchInput'

2021-01-13 13:32:16 - [MESSAGE][PASSED] - Keys '6' sent to object: 'Object Repository/Journey/journrySearchInput'

2021-01-13 13:32:17 - [MESSAGE][PASSED] - Keys '5' sent to object: 'Object Repository/Journey/journrySearchInput'

2021-01-13 13:32:48 - [MESSAGE][INFO] - Unable to find the element located by 'By.xpath: //div[text()="RandomSection365"]'. Please recheck the objects properties to make sure the desired element is located. 

2021-01-13 13:32:48 - [MESSAGE][WARNING] - com.kms.katalon.core.webui.exception.WebElementNotFoundException: Web element with id: 'Object Repository/Section/anySection(sectionName)' located by '//div[text()="RandomSection365"]' not found (Root cause: com.kms.katalon.core.exception.StepFailedException: com.kms.katalon.core.webui.exception.WebElementNotFoundException: Web element with id: 'Object Repository/Section/anySection(sectionName)' located by '//div[text()="RandomSection365"]' not found
	at com.kms.katalon.core.webui.keyword.internal.WebUIKeywordMain.stepFailed(WebUIKeywordMain.groovy:64)
	at com.kms.katalon.core.webui.keyword.builtin.VerifyElementPresentKeyword$_verifyElementPresent_closure1.doCall(VerifyElementPresentKeyword.groovy:85)
	at com.kms.katalon.core.webui.keyword.builtin.VerifyElementPresentKeyword$_verifyElementPresent_closure1.call(VerifyElementPresentKeyword.groovy)
	at com.kms.katalon.core.webui.keyword.internal.WebUIKeywordMain.runKeyword(WebUIKeywordMain.groovy:20)
	at com.kms.katalon.core.webui.keyword.builtin.VerifyElementPresentKeyword.verifyElementPresent(VerifyElementPresentKeyword.groovy:92)
	at com.kms.katalon.core.webui.keyword.builtin.VerifyElementPresentKeyword.execute(VerifyElementPresentKeyword.groovy:68)
	at com.kms.katalon.core.keyword.internal.KeywordExecutor.executeKeywordForPlatform(KeywordExecutor.groovy:73)
	at com.kms.katalon.core.webui.keyword.WebUiBuiltInKeywords.verifyElementPresent(WebUiBuiltInKeywords.groovy:1445)
	at com.kms.katalon.core.webui.keyword.WebUiBuiltInKeywords$verifyElementPresent$2.call(Unknown Source)
	at verification.Verification.verifyElementPresent(Verification.groovy:29)
	at pages.Section.verifySectionAdded(Section.groovy:60)
	at pages.Section.invokeMethod(Section.groovy)
	at com.kms.katalon.core.main.CustomKeywordDelegatingMetaClass.invokeStaticMethod(CustomKeywordDelegatingMetaClass.java:50)
	at addSectionAndVerify.run(addSectionAndVerify:22)
	at com.kms.katalon.core.main.ScriptEngine.run(ScriptEngine.java:194)
	at com.kms.katalon.core.main.ScriptEngine.runScriptAsRawText(ScriptEngine.java:119)
	at com.kms.katalon.core.main.TestCaseExecutor.runScript(TestCaseExecutor.java:339)
	at com.kms.katalon.core.main.TestCaseExecutor.doExecute(TestCaseExecutor.java:330)
	at com.kms.katalon.core.main.TestCaseExecutor.processExecutionPhase(TestCaseExecutor.java:309)
	at com.kms.katalon.core.main.TestCaseExecutor.accessMainPhase(TestCaseExecutor.java:301)
	at com.kms.katalon.core.main.TestCaseExecutor.execute(TestCaseExecutor.java:235)
	at com.kms.katalon.core.main.TestSuiteExecutor.accessTestCaseMainPhase(TestSuiteExecutor.java:191)
	at com.kms.katalon.core.main.TestSuiteExecutor.accessTestSuiteMainPhase(TestSuiteExecutor.java:141)
	at com.kms.katalon.core.main.TestSuiteExecutor.execute(TestSuiteExecutor.java:90)
	at com.kms.katalon.core.main.TestCaseMain.startTestSuite(TestCaseMain.java:157)
	at com.kms.katalon.core.main.TestCaseMain$startTestSuite$0.call(Unknown Source)
	at TempTestSuite1610561623229.run(TempTestSuite1610561623229.groovy:39)
)
[[ATTACHMENT|E:\\Modist\\ModistProject\\Reports\\20210113_131343\\AllTestCases\\20210113_131343\\1610562768243.png]]

2021-01-13 13:32:49 - [MESSAGE][PASSED] - Taking screenshot successfully
[[ATTACHMENT|E:\Modist\ModistProject\Reports\20210113_131343\AllTestCases\20210113_131343\1610562768851.png]]

2021-01-13 13:32:49 - [MESSAGE][FAILED] - RandomSection365is not present]]></system-out>
         <system-err><![CDATA[2021-01-13 13:31:53 - [TEST_CASE][FAILED] - Test Cases/Admin/Section/addSectionAndVerify: Test Cases/Admin/Section/addSectionAndVerify FAILED.
Reason:
com.kms.katalon.core.exception.StepFailedException: RandomSection365is not present
	at com.kms.katalon.core.util.KeywordUtil.markFailedAndStop(KeywordUtil.java:28)
	at com.kms.katalon.core.util.KeywordUtil$markFailedAndStop$0.call(Unknown Source)
	at verification.Verification.verifyElementPresent(Verification.groovy:31)
	at pages.Section.verifySectionAdded(Section.groovy:60)
	at pages.Section.invokeMethod(Section.groovy)
	at com.kms.katalon.core.main.CustomKeywordDelegatingMetaClass.invokeStaticMethod(CustomKeywordDelegatingMetaClass.java:50)
	at addSectionAndVerify.run(addSectionAndVerify:22)
	at com.kms.katalon.core.main.ScriptEngine.run(ScriptEngine.java:194)
	at com.kms.katalon.core.main.ScriptEngine.runScriptAsRawText(ScriptEngine.java:119)
	at com.kms.katalon.core.main.TestCaseExecutor.runScript(TestCaseExecutor.java:339)
	at com.kms.katalon.core.main.TestCaseExecutor.doExecute(TestCaseExecutor.java:330)
	at com.kms.katalon.core.main.TestCaseExecutor.processExecutionPhase(TestCaseExecutor.java:309)
	at com.kms.katalon.core.main.TestCaseExecutor.accessMainPhase(TestCaseExecutor.java:301)
	at com.kms.katalon.core.main.TestCaseExecutor.execute(TestCaseExecutor.java:235)
	at com.kms.katalon.core.main.TestSuiteExecutor.accessTestCaseMainPhase(TestSuiteExecutor.java:191)
	at com.kms.katalon.core.main.TestSuiteExecutor.accessTestSuiteMainPhase(TestSuiteExecutor.java:141)
	at com.kms.katalon.core.main.TestSuiteExecutor.execute(TestSuiteExecutor.java:90)
	at com.kms.katalon.core.main.TestCaseMain.startTestSuite(TestCaseMain.java:157)
	at com.kms.katalon.core.main.TestCaseMain$startTestSuite$0.call(Unknown Source)
	at TempTestSuite1610561623229.run(TempTestSuite1610561623229.groovy:39)]]></system-err>
      </testcase>
      <testcase name="Test Cases/Admin/Section/veifyFieldsPresentInAddSectionPopUp" time="10.97" classname="Test Cases/Admin/Section/veifyFieldsPresentInAddSectionPopUp" status="PASSED">
         <system-out><![CDATA[2021-01-13 13:32:49 - [TEST_CASE][PASSED] - Test Cases/Admin/Section/veifyFieldsPresentInAddSectionPopUp: Test Cases/Admin/Section/veifyFieldsPresentInAddSectionPopUp

2021-01-13 13:32:49 - [TEST_STEP][PASSED] - Start listener action : login: null

2021-01-13 13:32:49 - [TEST_STEP][PASSED] - Thread.sleep(3000): null

2021-01-13 13:32:52 - [TEST_STEP][PASSED] - url = getUrl(): Current window's url is: 'https://dev-admin.modist.co/dashboard'

2021-01-13 13:32:52 - [MESSAGE][PASSED] - Current window's url is: 'https://dev-admin.modist.co/dashboard'

2021-01-13 13:32:52 - [TEST_STEP][PASSED] - if (!(url.contains("dashboard"))): null

2021-01-13 13:32:52 - [TEST_STEP][PASSED] - pages.Section.clickOnSectionTab(): pages.Section.clickOnSectionTab is PASSED

2021-01-13 13:32:52 - [MESSAGE][PASSED] - Object 'Object Repository/Section/SectionTab' is present

2021-01-13 13:32:53 - [MESSAGE][PASSED] - Object 'Object Repository/Section/SectionTab' is visible

2021-01-13 13:32:53 - [MESSAGE][PASSED] - Object 'Object Repository/Section/SectionTab' is clickable

2021-01-13 13:32:53 - [MESSAGE][PASSED] - Object: 'Object Repository/Section/SectionTab' is clicked on

2021-01-13 13:32:53 - [MESSAGE][PASSED] - pages.Section.clickOnSectionTab is PASSED

2021-01-13 13:32:53 - [TEST_STEP][PASSED] - pages.Section.verifyElementsInAddSectionPopUp(): pages.Section.verifyElementsInAddSectionPopUp is PASSED

2021-01-13 13:32:54 - [MESSAGE][PASSED] - Object 'Object Repository/Section/SectionTab' is present

2021-01-13 13:32:54 - [MESSAGE][PASSED] - Object 'Object Repository/Section/SectionTab' is visible

2021-01-13 13:32:54 - [MESSAGE][PASSED] - Object 'Object Repository/Section/SectionTab' is clickable

2021-01-13 13:32:55 - [MESSAGE][PASSED] - Object: 'Object Repository/Section/SectionTab' is clicked on

2021-01-13 13:32:55 - [MESSAGE][PASSED] - Object 'Object Repository/Section/AddSectionButton' is present

2021-01-13 13:32:55 - [MESSAGE][PASSED] - Object 'Object Repository/Section/AddSectionButton' is visible

2021-01-13 13:32:56 - [MESSAGE][PASSED] - Object 'Object Repository/Section/AddSectionButton' is clickable

2021-01-13 13:32:56 - [MESSAGE][PASSED] - Object: 'Object Repository/Section/AddSectionButton' is clicked on

2021-01-13 13:32:57 - [MESSAGE][PASSED] - Object 'Object Repository/Section/addSectionPopupFields/Title' is present

2021-01-13 13:32:57 - [MESSAGE][PASSED] - Object 'Object Repository/Section/addSectionPopupFields/subTitle' is present

2021-01-13 13:32:57 - [MESSAGE][PASSED] - Object 'Object Repository/Section/addSectionPopupFields/Tenant' is present

2021-01-13 13:32:58 - [MESSAGE][PASSED] - Object 'Object Repository/Section/addSectionPopupFields/cancel' is present

2021-01-13 13:32:58 - [MESSAGE][PASSED] - Object 'Object Repository/Section/addSectionPopupFields/addSection' is present

2021-01-13 13:32:59 - [MESSAGE][PASSED] - Object 'Object Repository/Section/addSection/cancelButton' is present

2021-01-13 13:32:59 - [MESSAGE][PASSED] - Object 'Object Repository/Section/addSection/cancelButton' is visible

2021-01-13 13:32:59 - [MESSAGE][PASSED] - Object 'Object Repository/Section/addSection/cancelButton' is clickable

2021-01-13 13:33:00 - [MESSAGE][PASSED] - Object: 'Object Repository/Section/addSection/cancelButton' is clicked on

2021-01-13 13:33:00 - [MESSAGE][PASSED] - pages.Section.verifyElementsInAddSectionPopUp is PASSED]]></system-out>
         <system-err><![CDATA[]]></system-err>
      </testcase>
      <testcase name="Test Cases/Admin/Section/verifyFunctionalityOfCancelButtonInAddSectionPopup" time="7.947" classname="Test Cases/Admin/Section/verifyFunctionalityOfCancelButtonInAddSectionPopup" status="PASSED">
         <system-out><![CDATA[2021-01-13 13:33:00 - [TEST_CASE][PASSED] - Test Cases/Admin/Section/verifyFunctionalityOfCancelButtonInAddSectionPopup: Test Cases/Admin/Section/verifyFunctionalityOfCancelButtonInAddSectionPopup

2021-01-13 13:33:00 - [TEST_STEP][PASSED] - Start listener action : login: null

2021-01-13 13:33:00 - [TEST_STEP][PASSED] - Thread.sleep(3000): null

2021-01-13 13:33:03 - [TEST_STEP][PASSED] - url = getUrl(): Current window's url is: 'https://dev-admin.modist.co/dashboard'

2021-01-13 13:33:03 - [MESSAGE][PASSED] - Current window's url is: 'https://dev-admin.modist.co/dashboard'

2021-01-13 13:33:03 - [TEST_STEP][PASSED] - if (!(url.contains("dashboard"))): null

2021-01-13 13:33:03 - [TEST_STEP][PASSED] - pages.Section.clickOnSectionTab(): pages.Section.clickOnSectionTab is PASSED

2021-01-13 13:33:03 - [MESSAGE][PASSED] - Object 'Object Repository/Section/SectionTab' is present

2021-01-13 13:33:03 - [MESSAGE][PASSED] - Object 'Object Repository/Section/SectionTab' is visible

2021-01-13 13:33:04 - [MESSAGE][PASSED] - Object 'Object Repository/Section/SectionTab' is clickable

2021-01-13 13:33:04 - [MESSAGE][PASSED] - Object: 'Object Repository/Section/SectionTab' is clicked on

2021-01-13 13:33:04 - [MESSAGE][PASSED] - pages.Section.clickOnSectionTab is PASSED

2021-01-13 13:33:04 - [TEST_STEP][PASSED] - pages.Section.clickOnAddSectionButton(): pages.Section.clickOnAddSectionButton is PASSED

2021-01-13 13:33:04 - [MESSAGE][PASSED] - Object 'Object Repository/Section/AddSectionButton' is present

2021-01-13 13:33:05 - [MESSAGE][PASSED] - Object 'Object Repository/Section/AddSectionButton' is visible

2021-01-13 13:33:05 - [MESSAGE][PASSED] - Object 'Object Repository/Section/AddSectionButton' is clickable

2021-01-13 13:33:05 - [MESSAGE][PASSED] - Object: 'Object Repository/Section/AddSectionButton' is clicked on

2021-01-13 13:33:05 - [MESSAGE][PASSED] - pages.Section.clickOnAddSectionButton is PASSED

2021-01-13 13:33:05 - [TEST_STEP][PASSED] - pages.Section.cancelButtonInAddSectionPopup(): pages.Section.cancelButtonInAddSectionPopup is PASSED

2021-01-13 13:33:06 - [MESSAGE][PASSED] - Object 'Object Repository/Section/addSection/cancelButton' is present

2021-01-13 13:33:06 - [MESSAGE][PASSED] - Object 'Object Repository/Section/addSection/cancelButton' is visible

2021-01-13 13:33:07 - [MESSAGE][PASSED] - Object 'Object Repository/Section/addSection/cancelButton' is clickable

2021-01-13 13:33:07 - [MESSAGE][PASSED] - Object: 'Object Repository/Section/addSection/cancelButton' is clicked on

2021-01-13 13:33:08 - [MESSAGE][PASSED] - Object 'Object Repository/Section/filterByName' is present

2021-01-13 13:33:08 - [MESSAGE][PASSED] - pages.Section.cancelButtonInAddSectionPopup is PASSED]]></system-out>
         <system-err><![CDATA[]]></system-err>
      </testcase>
      <testcase name="Test Cases/Admin/verifyFieldsPresentInAssetEditPage" time="3.204" classname="Test Cases/Admin/verifyFieldsPresentInAssetEditPage" status="ERROR">
         <error type="ERROR" message="Test Cases/Admin/verifyFieldsPresentInAssetEditPage FAILED.
Reason:
org.codehaus.groovy.runtime.metaclass.MissingMethodExceptionNoStack: No signature of method: pages.Asset.clickAsset() is applicable for argument types: () values: []
Possible solutions: clickAssetTab(), addAsset()
"/>
         <system-out><![CDATA[2021-01-13 13:33:08 - [TEST_CASE][ERROR] - Test Cases/Admin/verifyFieldsPresentInAssetEditPage: Test Cases/Admin/verifyFieldsPresentInAssetEditPage FAILED.
Reason:
org.codehaus.groovy.runtime.metaclass.MissingMethodExceptionNoStack: No signature of method: pages.Asset.clickAsset() is applicable for argument types: () values: []
Possible solutions: clickAssetTab(), addAsset()


2021-01-13 13:33:08 - [TEST_STEP][PASSED] - Start listener action : login: null

2021-01-13 13:33:08 - [TEST_STEP][PASSED] - Thread.sleep(3000): null

2021-01-13 13:33:11 - [TEST_STEP][PASSED] - url = getUrl(): Current window's url is: 'https://dev-admin.modist.co/dashboard'

2021-01-13 13:33:11 - [MESSAGE][PASSED] - Current window's url is: 'https://dev-admin.modist.co/dashboard'

2021-01-13 13:33:11 - [TEST_STEP][PASSED] - if (!(url.contains("dashboard"))): null

2021-01-13 13:33:11 - [TEST_STEP][ERROR] - pages.Asset.clickAsset(): No signature of method: pages.Asset.clickAsset() is applicable for argument types: () values: []
Possible solutions: clickAssetTab(), addAsset()

2021-01-13 13:33:11 - [MESSAGE][ERROR] - No signature of method: pages.Asset.clickAsset() is applicable for argument types: () values: []
Possible solutions: clickAssetTab(), addAsset()]]></system-out>
         <system-err><![CDATA[2021-01-13 13:33:08 - [TEST_CASE][ERROR] - Test Cases/Admin/verifyFieldsPresentInAssetEditPage: Test Cases/Admin/verifyFieldsPresentInAssetEditPage FAILED.
Reason:
org.codehaus.groovy.runtime.metaclass.MissingMethodExceptionNoStack: No signature of method: pages.Asset.clickAsset() is applicable for argument types: () values: []
Possible solutions: clickAssetTab(), addAsset()]]></system-err>
      </testcase>
      <testcase name="Test Cases/JourneyPortal/addProductTOCartAndVerifyWhetherIsItShownInUi" time="134.611" classname="Test Cases/JourneyPortal/addProductTOCartAndVerifyWhetherIsItShownInUi" status="FAILED">
         <failure type="FAILED" message="Test Cases/JourneyPortal/addProductTOCartAndVerifyWhetherIsItShownInUi FAILED.
Reason:
com.kms.katalon.core.exception.StepFailedException: Unable to click on object 'Object Repository/Journey/clickVerifyingJourney(journeyName)'
	at com.kms.katalon.core.webui.keyword.internal.WebUIKeywordMain.stepFailed(WebUIKeywordMain.groovy:64)
	at com.kms.katalon.core.webui.keyword.internal.WebUIKeywordMain.runKeyword(WebUIKeywordMain.groovy:26)
	at com.kms.katalon.core.webui.keyword.builtin.ClickKeyword.click(ClickKeyword.groovy:76)
	at com.kms.katalon.core.webui.keyword.builtin.ClickKeyword.execute(ClickKeyword.groovy:43)
	at com.kms.katalon.core.keyword.internal.KeywordExecutor.executeKeywordForPlatform(KeywordExecutor.groovy:73)
	at com.kms.katalon.core.webui.keyword.WebUiBuiltInKeywords.click(WebUiBuiltInKeywords.groovy:617)
	at com.kms.katalon.core.webui.keyword.WebUiBuiltInKeywords$click$8.call(Unknown Source)
	at webAction.WebAction.click(WebAction.groovy:25)
	at webAction.WebAction$click$1.call(Unknown Source)
	at pages.Journey.openExistingJourney(Journey.groovy:39)
	at pages.Journey.getExistingJourneyAccesscode(Journey.groovy:132)
	at pages.Journey.invokeMethod(Journey.groovy)
	at com.kms.katalon.core.main.CustomKeywordDelegatingMetaClass.invokeStaticMethod(CustomKeywordDelegatingMetaClass.java:50)
	at addProductTOCartAndVerifyWhetherIsItShownInUi.run(addProductTOCartAndVerifyWhetherIsItShownInUi:22)
	at com.kms.katalon.core.main.ScriptEngine.run(ScriptEngine.java:194)
	at com.kms.katalon.core.main.ScriptEngine.runScriptAsRawText(ScriptEngine.java:119)
	at com.kms.katalon.core.main.TestCaseExecutor.runScript(TestCaseExecutor.java:339)
	at com.kms.katalon.core.main.TestCaseExecutor.doExecute(TestCaseExecutor.java:330)
	at com.kms.katalon.core.main.TestCaseExecutor.processExecutionPhase(TestCaseExecutor.java:309)
	at com.kms.katalon.core.main.TestCaseExecutor.accessMainPhase(TestCaseExecutor.java:301)
	at com.kms.katalon.core.main.TestCaseExecutor.execute(TestCaseExecutor.java:235)
	at com.kms.katalon.core.main.TestSuiteExecutor.accessTestCaseMainPhase(TestSuiteExecutor.java:191)
	at com.kms.katalon.core.main.TestSuiteExecutor.accessTestSuiteMainPhase(TestSuiteExecutor.java:141)
	at com.kms.katalon.core.main.TestSuiteExecutor.execute(TestSuiteExecutor.java:90)
	at com.kms.katalon.core.main.TestCaseMain.startTestSuite(TestCaseMain.java:157)
	at com.kms.katalon.core.main.TestCaseMain$startTestSuite$0.call(Unknown Source)
	at TempTestSuite1610561623229.run(TempTestSuite1610561623229.groovy:39)
Caused by: com.kms.katalon.core.webui.exception.WebElementNotFoundException: Web element with id: 'Object Repository/Journey/clickVerifyingJourney(journeyName)' located by '//div[text()='']/../..' not found
	at com.kms.katalon.core.webui.common.WebUiCommonHelper.findWebElement(WebUiCommonHelper.java:1368)
	at com.kms.katalon.core.webui.keyword.internal.WebUIAbstractKeyword.findWebElement(WebUIAbstractKeyword.groovy:27)
	at com.kms.katalon.core.webui.keyword.internal.WebUIAbstractKeyword.findWebElement(WebUIAbstractKeyword.groovy:26)
	at com.kms.katalon.core.webui.keyword.builtin.ClickKeyword$_click_closure1.doCall(ClickKeyword.groovy:67)
	at com.kms.katalon.core.webui.keyword.builtin.ClickKeyword$_click_closure1.call(ClickKeyword.groovy)
	at com.kms.katalon.core.webui.keyword.internal.WebUIKeywordMain.runKeyword(WebUIKeywordMain.groovy:20)
	... 25 more
"/>
         <system-out><![CDATA[2021-01-13 13:33:11 - [TEST_CASE][FAILED] - Test Cases/JourneyPortal/addProductTOCartAndVerifyWhetherIsItShownInUi: Test Cases/JourneyPortal/addProductTOCartAndVerifyWhetherIsItShownInUi FAILED.
Reason:
com.kms.katalon.core.exception.StepFailedException: Unable to click on object 'Object Repository/Journey/clickVerifyingJourney(journeyName)'
	at com.kms.katalon.core.webui.keyword.internal.WebUIKeywordMain.stepFailed(WebUIKeywordMain.groovy:64)
	at com.kms.katalon.core.webui.keyword.internal.WebUIKeywordMain.runKeyword(WebUIKeywordMain.groovy:26)
	at com.kms.katalon.core.webui.keyword.builtin.ClickKeyword.click(ClickKeyword.groovy:76)
	at com.kms.katalon.core.webui.keyword.builtin.ClickKeyword.execute(ClickKeyword.groovy:43)
	at com.kms.katalon.core.keyword.internal.KeywordExecutor.executeKeywordForPlatform(KeywordExecutor.groovy:73)
	at com.kms.katalon.core.webui.keyword.WebUiBuiltInKeywords.click(WebUiBuiltInKeywords.groovy:617)
	at com.kms.katalon.core.webui.keyword.WebUiBuiltInKeywords$click$8.call(Unknown Source)
	at webAction.WebAction.click(WebAction.groovy:25)
	at webAction.WebAction$click$1.call(Unknown Source)
	at pages.Journey.openExistingJourney(Journey.groovy:39)
	at pages.Journey.getExistingJourneyAccesscode(Journey.groovy:132)
	at pages.Journey.invokeMethod(Journey.groovy)
	at com.kms.katalon.core.main.CustomKeywordDelegatingMetaClass.invokeStaticMethod(CustomKeywordDelegatingMetaClass.java:50)
	at addProductTOCartAndVerifyWhetherIsItShownInUi.run(addProductTOCartAndVerifyWhetherIsItShownInUi:22)
	at com.kms.katalon.core.main.ScriptEngine.run(ScriptEngine.java:194)
	at com.kms.katalon.core.main.ScriptEngine.runScriptAsRawText(ScriptEngine.java:119)
	at com.kms.katalon.core.main.TestCaseExecutor.runScript(TestCaseExecutor.java:339)
	at com.kms.katalon.core.main.TestCaseExecutor.doExecute(TestCaseExecutor.java:330)
	at com.kms.katalon.core.main.TestCaseExecutor.processExecutionPhase(TestCaseExecutor.java:309)
	at com.kms.katalon.core.main.TestCaseExecutor.accessMainPhase(TestCaseExecutor.java:301)
	at com.kms.katalon.core.main.TestCaseExecutor.execute(TestCaseExecutor.java:235)
	at com.kms.katalon.core.main.TestSuiteExecutor.accessTestCaseMainPhase(TestSuiteExecutor.java:191)
	at com.kms.katalon.core.main.TestSuiteExecutor.accessTestSuiteMainPhase(TestSuiteExecutor.java:141)
	at com.kms.katalon.core.main.TestSuiteExecutor.execute(TestSuiteExecutor.java:90)
	at com.kms.katalon.core.main.TestCaseMain.startTestSuite(TestCaseMain.java:157)
	at com.kms.katalon.core.main.TestCaseMain$startTestSuite$0.call(Unknown Source)
	at TempTestSuite1610561623229.run(TempTestSuite1610561623229.groovy:39)
Caused by: com.kms.katalon.core.webui.exception.WebElementNotFoundException: Web element with id: 'Object Repository/Journey/clickVerifyingJourney(journeyName)' located by '//div[text()='']/../..' not found
	at com.kms.katalon.core.webui.common.WebUiCommonHelper.findWebElement(WebUiCommonHelper.java:1368)
	at com.kms.katalon.core.webui.keyword.internal.WebUIAbstractKeyword.findWebElement(WebUIAbstractKeyword.groovy:27)
	at com.kms.katalon.core.webui.keyword.internal.WebUIAbstractKeyword.findWebElement(WebUIAbstractKeyword.groovy:26)
	at com.kms.katalon.core.webui.keyword.builtin.ClickKeyword$_click_closure1.doCall(ClickKeyword.groovy:67)
	at com.kms.katalon.core.webui.keyword.builtin.ClickKeyword$_click_closure1.call(ClickKeyword.groovy)
	at com.kms.katalon.core.webui.keyword.internal.WebUIKeywordMain.runKeyword(WebUIKeywordMain.groovy:20)
	... 25 more


2021-01-13 13:33:11 - [TEST_STEP][PASSED] - Start listener action : login: null

2021-01-13 13:33:11 - [TEST_STEP][PASSED] - Thread.sleep(3000): null

2021-01-13 13:33:14 - [TEST_STEP][PASSED] - url = getUrl(): Current window's url is: 'https://dev-admin.modist.co/dashboard'

2021-01-13 13:33:14 - [MESSAGE][PASSED] - Current window's url is: 'https://dev-admin.modist.co/dashboard'

2021-01-13 13:33:14 - [TEST_STEP][PASSED] - if (!(url.contains("dashboard"))): null

2021-01-13 13:33:14 - [TEST_STEP][PASSED] - pages.Journey.clickOnJourneyTab(): pages.Journey.clickOnJourneyTab is PASSED

2021-01-13 13:33:14 - [MESSAGE][PASSED] - Object 'Object Repository/Journey/Journeytab' is present

2021-01-13 13:33:15 - [MESSAGE][PASSED] - Object 'Object Repository/Journey/Journeytab' is visible

2021-01-13 13:33:15 - [MESSAGE][PASSED] - Object 'Object Repository/Journey/Journeytab' is clickable

2021-01-13 13:33:15 - [MESSAGE][PASSED] - Object: 'Object Repository/Journey/Journeytab' is clicked on

2021-01-13 13:33:15 - [MESSAGE][PASSED] - pages.Journey.clickOnJourneyTab is PASSED

2021-01-13 13:33:15 - [TEST_STEP][PASSED] - journeyName = pages.Journey.getRandomJourneyName(): pages.Journey.getRandomJourneyName is PASSED

2021-01-13 13:33:16 - [MESSAGE][PASSED] - Object 'Object Repository/Journey/toGetJourneysCount' is present

2021-01-13 13:33:16 - [MESSAGE][PASSED] - Object 'Object Repository/Journey/toGetJourneysCount' is present

2021-01-13 13:33:17 - [MESSAGE][PASSED] - Text of object 'Object Repository/Journey/toPickrandomJourney(index)' is: ''

2021-01-13 13:33:17 - [MESSAGE][PASSED] - pages.Journey.getRandomJourneyName is PASSED

2021-01-13 13:33:17 - [TEST_STEP][FAILED] - accessCode = pages.Journey.getExistingJourneyAccesscode(journeyName): Unable to click on object 'Object Repository/Journey/clickVerifyingJourney(journeyName)'

2021-01-13 13:33:17 - [MESSAGE][PASSED] - Object 'Object Repository/Journey/journrySearchInput' is present

2021-01-13 13:33:18 - [MESSAGE][PASSED] - Object 'Object Repository/Journey/journrySearchInput' is visible

2021-01-13 13:33:18 - [MESSAGE][PASSED] - Object 'Object Repository/Journey/journrySearchInput' is clickable

2021-01-13 13:33:19 - [MESSAGE][PASSED] - Text of object 'Object Repository/Journey/journrySearchInput' is cleared

2021-01-13 13:33:19 - [MESSAGE][PASSED] - Keys '' sent to object: 'Object Repository/Journey/journrySearchInput'

2021-01-13 13:33:19 - [MESSAGE][PASSED] - Object 'Object Repository/Journey/journrySearchInput' is present

2021-01-13 13:33:20 - [MESSAGE][PASSED] - Object 'Object Repository/Journey/journrySearchInput' is visible

2021-01-13 13:33:20 - [MESSAGE][PASSED] - Object 'Object Repository/Journey/journrySearchInput' is clickable

2021-01-13 13:33:20 - [MESSAGE][PASSED] - Text of object 'Object Repository/Journey/journrySearchInput' is cleared

2021-01-13 13:33:20 - [MESSAGE][PASSED] - Keys '' sent to object: 'Object Repository/Journey/journrySearchInput'

2021-01-13 13:33:52 - [MESSAGE][INFO] - Unable to find the element located by 'By.xpath: //div[text()='']/../..'. Please recheck the objects properties to make sure the desired element is located. 

2021-01-13 13:33:52 - [MESSAGE][WARNING] - Object 'Object Repository/Journey/clickVerifyingJourney(journeyName)' is not present after 30 second(s)

2021-01-13 13:34:23 - [MESSAGE][INFO] - Unable to find the element located by 'By.xpath: //div[text()='']/../..'. Please recheck the objects properties to make sure the desired element is located. 

2021-01-13 13:34:23 - [MESSAGE][WARNING] - Web element with id: 'Object Repository/Journey/clickVerifyingJourney(journeyName)' located by '//div[text()='']/../..' not found

2021-01-13 13:34:54 - [MESSAGE][INFO] - Unable to find the element located by 'By.xpath: //div[text()='']/../..'. Please recheck the objects properties to make sure the desired element is located. 

2021-01-13 13:34:54 - [MESSAGE][WARNING] - Web element with id: 'Object Repository/Journey/clickVerifyingJourney(journeyName)' located by '//div[text()='']/../..' not found

2021-01-13 13:35:25 - [MESSAGE][INFO] - Unable to find the element located by 'By.xpath: //div[text()='']/../..'. Please recheck the objects properties to make sure the desired element is located. 

2021-01-13 13:35:25 - [MESSAGE][FAILED] - Unable to click on object 'Object Repository/Journey/clickVerifyingJourney(journeyName)' (Root cause: com.kms.katalon.core.exception.StepFailedException: Unable to click on object 'Object Repository/Journey/clickVerifyingJourney(journeyName)'
	at com.kms.katalon.core.webui.keyword.internal.WebUIKeywordMain.stepFailed(WebUIKeywordMain.groovy:64)
	at com.kms.katalon.core.webui.keyword.internal.WebUIKeywordMain.runKeyword(WebUIKeywordMain.groovy:26)
	at com.kms.katalon.core.webui.keyword.builtin.ClickKeyword.click(ClickKeyword.groovy:76)
	at com.kms.katalon.core.webui.keyword.builtin.ClickKeyword.execute(ClickKeyword.groovy:43)
	at com.kms.katalon.core.keyword.internal.KeywordExecutor.executeKeywordForPlatform(KeywordExecutor.groovy:73)
	at com.kms.katalon.core.webui.keyword.WebUiBuiltInKeywords.click(WebUiBuiltInKeywords.groovy:617)
	at com.kms.katalon.core.webui.keyword.WebUiBuiltInKeywords$click$8.call(Unknown Source)
	at webAction.WebAction.click(WebAction.groovy:25)
	at webAction.WebAction$click$1.call(Unknown Source)
	at pages.Journey.openExistingJourney(Journey.groovy:39)
	at pages.Journey.getExistingJourneyAccesscode(Journey.groovy:132)
	at pages.Journey.invokeMethod(Journey.groovy)
	at com.kms.katalon.core.main.CustomKeywordDelegatingMetaClass.invokeStaticMethod(CustomKeywordDelegatingMetaClass.java:50)
	at addProductTOCartAndVerifyWhetherIsItShownInUi.run(addProductTOCartAndVerifyWhetherIsItShownInUi:22)
	at com.kms.katalon.core.main.ScriptEngine.run(ScriptEngine.java:194)
	at com.kms.katalon.core.main.ScriptEngine.runScriptAsRawText(ScriptEngine.java:119)
	at com.kms.katalon.core.main.TestCaseExecutor.runScript(TestCaseExecutor.java:339)
	at com.kms.katalon.core.main.TestCaseExecutor.doExecute(TestCaseExecutor.java:330)
	at com.kms.katalon.core.main.TestCaseExecutor.processExecutionPhase(TestCaseExecutor.java:309)
	at com.kms.katalon.core.main.TestCaseExecutor.accessMainPhase(TestCaseExecutor.java:301)
	at com.kms.katalon.core.main.TestCaseExecutor.execute(TestCaseExecutor.java:235)
	at com.kms.katalon.core.main.TestSuiteExecutor.accessTestCaseMainPhase(TestSuiteExecutor.java:191)
	at com.kms.katalon.core.main.TestSuiteExecutor.accessTestSuiteMainPhase(TestSuiteExecutor.java:141)
	at com.kms.katalon.core.main.TestSuiteExecutor.execute(TestSuiteExecutor.java:90)
	at com.kms.katalon.core.main.TestCaseMain.startTestSuite(TestCaseMain.java:157)
	at com.kms.katalon.core.main.TestCaseMain$startTestSuite$0.call(Unknown Source)
	at TempTestSuite1610561623229.run(TempTestSuite1610561623229.groovy:39)
Caused by: com.kms.katalon.core.webui.exception.WebElementNotFoundException: Web element with id: 'Object Repository/Journey/clickVerifyingJourney(journeyName)' located by '//div[text()='']/../..' not found
	at com.kms.katalon.core.webui.common.WebUiCommonHelper.findWebElement(WebUiCommonHelper.java:1368)
	at com.kms.katalon.core.webui.keyword.internal.WebUIAbstractKeyword.findWebElement(WebUIAbstractKeyword.groovy:27)
	at com.kms.katalon.core.webui.keyword.internal.WebUIAbstractKeyword.findWebElement(WebUIAbstractKeyword.groovy:26)
	at com.kms.katalon.core.webui.keyword.builtin.ClickKeyword$_click_closure1.doCall(ClickKeyword.groovy:67)
	at com.kms.katalon.core.webui.keyword.builtin.ClickKeyword$_click_closure1.call(ClickKeyword.groovy)
	at com.kms.katalon.core.webui.keyword.internal.WebUIKeywordMain.runKeyword(WebUIKeywordMain.groovy:20)
	at com.kms.katalon.core.webui.keyword.builtin.ClickKeyword.click(ClickKeyword.groovy:76)
	at com.kms.katalon.core.webui.keyword.builtin.ClickKeyword.execute(ClickKeyword.groovy:43)
	at com.kms.katalon.core.keyword.internal.KeywordExecutor.executeKeywordForPlatform(KeywordExecutor.groovy:73)
	at com.kms.katalon.core.webui.keyword.WebUiBuiltInKeywords.click(WebUiBuiltInKeywords.groovy:617)
	at com.kms.katalon.core.webui.keyword.WebUiBuiltInKeywords$click$8.call(Unknown Source)
	at webAction.WebAction.click(WebAction.groovy:25)
	at webAction.WebAction$click$1.call(Unknown Source)
	at pages.Journey.openExistingJourney(Journey.groovy:39)
	at pages.Journey.getExistingJourneyAccesscode(Journey.groovy:132)
	at pages.Journey.invokeMethod(Journey.groovy)
	at com.kms.katalon.core.main.CustomKeywordDelegatingMetaClass.invokeStaticMethod(CustomKeywordDelegatingMetaClass.java:50)
	at Script1610019220570.run(Script1610019220570.groovy:22)
	... 13 more
)
[[ATTACHMENT|E:\\Modist\\ModistProject\\Reports\\20210113_131343\\AllTestCases\\20210113_131343\\1610562925522.png]]

2021-01-13 13:35:25 - [MESSAGE][FAILED] - Unable to click on object 'Object Repository/Journey/clickVerifyingJourney(journeyName)']]></system-out>
         <system-err><![CDATA[2021-01-13 13:33:11 - [TEST_CASE][FAILED] - Test Cases/JourneyPortal/addProductTOCartAndVerifyWhetherIsItShownInUi: Test Cases/JourneyPortal/addProductTOCartAndVerifyWhetherIsItShownInUi FAILED.
Reason:
com.kms.katalon.core.exception.StepFailedException: Unable to click on object 'Object Repository/Journey/clickVerifyingJourney(journeyName)'
	at com.kms.katalon.core.webui.keyword.internal.WebUIKeywordMain.stepFailed(WebUIKeywordMain.groovy:64)
	at com.kms.katalon.core.webui.keyword.internal.WebUIKeywordMain.runKeyword(WebUIKeywordMain.groovy:26)
	at com.kms.katalon.core.webui.keyword.builtin.ClickKeyword.click(ClickKeyword.groovy:76)
	at com.kms.katalon.core.webui.keyword.builtin.ClickKeyword.execute(ClickKeyword.groovy:43)
	at com.kms.katalon.core.keyword.internal.KeywordExecutor.executeKeywordForPlatform(KeywordExecutor.groovy:73)
	at com.kms.katalon.core.webui.keyword.WebUiBuiltInKeywords.click(WebUiBuiltInKeywords.groovy:617)
	at com.kms.katalon.core.webui.keyword.WebUiBuiltInKeywords$click$8.call(Unknown Source)
	at webAction.WebAction.click(WebAction.groovy:25)
	at webAction.WebAction$click$1.call(Unknown Source)
	at pages.Journey.openExistingJourney(Journey.groovy:39)
	at pages.Journey.getExistingJourneyAccesscode(Journey.groovy:132)
	at pages.Journey.invokeMethod(Journey.groovy)
	at com.kms.katalon.core.main.CustomKeywordDelegatingMetaClass.invokeStaticMethod(CustomKeywordDelegatingMetaClass.java:50)
	at addProductTOCartAndVerifyWhetherIsItShownInUi.run(addProductTOCartAndVerifyWhetherIsItShownInUi:22)
	at com.kms.katalon.core.main.ScriptEngine.run(ScriptEngine.java:194)
	at com.kms.katalon.core.main.ScriptEngine.runScriptAsRawText(ScriptEngine.java:119)
	at com.kms.katalon.core.main.TestCaseExecutor.runScript(TestCaseExecutor.java:339)
	at com.kms.katalon.core.main.TestCaseExecutor.doExecute(TestCaseExecutor.java:330)
	at com.kms.katalon.core.main.TestCaseExecutor.processExecutionPhase(TestCaseExecutor.java:309)
	at com.kms.katalon.core.main.TestCaseExecutor.accessMainPhase(TestCaseExecutor.java:301)
	at com.kms.katalon.core.main.TestCaseExecutor.execute(TestCaseExecutor.java:235)
	at com.kms.katalon.core.main.TestSuiteExecutor.accessTestCaseMainPhase(TestSuiteExecutor.java:191)
	at com.kms.katalon.core.main.TestSuiteExecutor.accessTestSuiteMainPhase(TestSuiteExecutor.java:141)
	at com.kms.katalon.core.main.TestSuiteExecutor.execute(TestSuiteExecutor.java:90)
	at com.kms.katalon.core.main.TestCaseMain.startTestSuite(TestCaseMain.java:157)
	at com.kms.katalon.core.main.TestCaseMain$startTestSuite$0.call(Unknown Source)
	at TempTestSuite1610561623229.run(TempTestSuite1610561623229.groovy:39)
Caused by: com.kms.katalon.core.webui.exception.WebElementNotFoundException: Web element with id: 'Object Repository/Journey/clickVerifyingJourney(journeyName)' located by '//div[text()='']/../..' not found
	at com.kms.katalon.core.webui.common.WebUiCommonHelper.findWebElement(WebUiCommonHelper.java:1368)
	at com.kms.katalon.core.webui.keyword.internal.WebUIAbstractKeyword.findWebElement(WebUIAbstractKeyword.groovy:27)
	at com.kms.katalon.core.webui.keyword.internal.WebUIAbstractKeyword.findWebElement(WebUIAbstractKeyword.groovy:26)
	at com.kms.katalon.core.webui.keyword.builtin.ClickKeyword$_click_closure1.doCall(ClickKeyword.groovy:67)
	at com.kms.katalon.core.webui.keyword.builtin.ClickKeyword$_click_closure1.call(ClickKeyword.groovy)
	at com.kms.katalon.core.webui.keyword.internal.WebUIKeywordMain.runKeyword(WebUIKeywordMain.groovy:20)
	... 25 more]]></system-err>
      </testcase>
      <testcase name="Test Cases/JourneyPortal/AddProductToCartMulitpleTimesAndVerifyTheProductsCountAfterRefresh" time="55.453" classname="Test Cases/JourneyPortal/AddProductToCartMulitpleTimesAndVerifyTheProductsCountAfterRefresh" status="PASSED">
         <system-out><![CDATA[2021-01-13 13:35:25 - [TEST_CASE][PASSED] - Test Cases/JourneyPortal/AddProductToCartMulitpleTimesAndVerifyTheProductsCountAfterRefresh: Test Cases/JourneyPortal/AddProductToCartMulitpleTimesAndVerifyTheProductsCountAfterRefresh

2021-01-13 13:35:25 - [TEST_STEP][PASSED] - Start listener action : login: null

2021-01-13 13:35:25 - [TEST_STEP][PASSED] - Thread.sleep(3000): null

2021-01-13 13:35:28 - [TEST_STEP][PASSED] - url = getUrl(): Current window's url is: 'https://dev-admin.modist.co/dashboard'

2021-01-13 13:35:29 - [MESSAGE][PASSED] - Current window's url is: 'https://dev-admin.modist.co/dashboard'

2021-01-13 13:35:29 - [TEST_STEP][PASSED] - if (!(url.contains("dashboard"))): null

2021-01-13 13:35:29 - [TEST_STEP][PASSED] - pages.Journey.clickOnJourneyTab(): pages.Journey.clickOnJourneyTab is PASSED

2021-01-13 13:35:29 - [MESSAGE][PASSED] - Object 'Object Repository/Journey/Journeytab' is present

2021-01-13 13:35:30 - [MESSAGE][PASSED] - Object 'Object Repository/Journey/Journeytab' is visible

2021-01-13 13:35:30 - [MESSAGE][PASSED] - Object 'Object Repository/Journey/Journeytab' is clickable

2021-01-13 13:35:30 - [MESSAGE][PASSED] - Object: 'Object Repository/Journey/Journeytab' is clicked on

2021-01-13 13:35:30 - [MESSAGE][PASSED] - pages.Journey.clickOnJourneyTab is PASSED

2021-01-13 13:35:30 - [TEST_STEP][PASSED] - journeyName = pages.Journey.getRandomJourneyName(): pages.Journey.getRandomJourneyName is PASSED

2021-01-13 13:35:31 - [MESSAGE][PASSED] - Object 'Object Repository/Journey/toGetJourneysCount' is present

2021-01-13 13:35:31 - [MESSAGE][PASSED] - Object 'Object Repository/Journey/toGetJourneysCount' is present

2021-01-13 13:35:32 - [MESSAGE][PASSED] - Text of object 'Object Repository/Journey/toPickrandomJourney(index)' is: 'journey 1'

2021-01-13 13:35:32 - [MESSAGE][PASSED] - pages.Journey.getRandomJourneyName is PASSED

2021-01-13 13:35:32 - [TEST_STEP][PASSED] - accessCode = pages.Journey.getExistingJourneyAccesscode(journeyName): pages.Journey.getExistingJourneyAccesscode is PASSED

2021-01-13 13:35:32 - [MESSAGE][PASSED] - Object 'Object Repository/Journey/journrySearchInput' is present

2021-01-13 13:35:32 - [MESSAGE][PASSED] - Object 'Object Repository/Journey/journrySearchInput' is visible

2021-01-13 13:35:32 - [MESSAGE][PASSED] - Object 'Object Repository/Journey/journrySearchInput' is clickable

2021-01-13 13:35:33 - [MESSAGE][PASSED] - Text of object 'Object Repository/Journey/journrySearchInput' is cleared

2021-01-13 13:35:33 - [MESSAGE][PASSED] - Keys '' sent to object: 'Object Repository/Journey/journrySearchInput'

2021-01-13 13:35:34 - [MESSAGE][PASSED] - Keys 'j' sent to object: 'Object Repository/Journey/journrySearchInput'

2021-01-13 13:35:34 - [MESSAGE][PASSED] - Keys 'o' sent to object: 'Object Repository/Journey/journrySearchInput'

2021-01-13 13:35:34 - [MESSAGE][PASSED] - Keys 'u' sent to object: 'Object Repository/Journey/journrySearchInput'

2021-01-13 13:35:35 - [MESSAGE][PASSED] - Keys 'r' sent to object: 'Object Repository/Journey/journrySearchInput'

2021-01-13 13:35:36 - [MESSAGE][PASSED] - Keys 'n' sent to object: 'Object Repository/Journey/journrySearchInput'

2021-01-13 13:35:36 - [MESSAGE][PASSED] - Keys 'e' sent to object: 'Object Repository/Journey/journrySearchInput'

2021-01-13 13:35:37 - [MESSAGE][PASSED] - Keys 'y' sent to object: 'Object Repository/Journey/journrySearchInput'

2021-01-13 13:35:37 - [MESSAGE][PASSED] - Keys ' ' sent to object: 'Object Repository/Journey/journrySearchInput'

2021-01-13 13:35:37 - [MESSAGE][PASSED] - Keys '1' sent to object: 'Object Repository/Journey/journrySearchInput'

2021-01-13 13:35:39 - [MESSAGE][PASSED] - Object 'Object Repository/Journey/journrySearchInput' is present

2021-01-13 13:35:39 - [MESSAGE][PASSED] - Object 'Object Repository/Journey/journrySearchInput' is visible

2021-01-13 13:35:39 - [MESSAGE][PASSED] - Object 'Object Repository/Journey/journrySearchInput' is clickable

2021-01-13 13:35:40 - [MESSAGE][PASSED] - Text of object 'Object Repository/Journey/journrySearchInput' is cleared

2021-01-13 13:35:40 - [MESSAGE][PASSED] - Keys '' sent to object: 'Object Repository/Journey/journrySearchInput'

2021-01-13 13:35:40 - [MESSAGE][PASSED] - Keys 'j' sent to object: 'Object Repository/Journey/journrySearchInput'

2021-01-13 13:35:41 - [MESSAGE][PASSED] - Keys 'o' sent to object: 'Object Repository/Journey/journrySearchInput'

2021-01-13 13:35:41 - [MESSAGE][PASSED] - Keys 'u' sent to object: 'Object Repository/Journey/journrySearchInput'

2021-01-13 13:35:43 - [MESSAGE][PASSED] - Keys 'r' sent to object: 'Object Repository/Journey/journrySearchInput'

2021-01-13 13:35:44 - [MESSAGE][PASSED] - Keys 'n' sent to object: 'Object Repository/Journey/journrySearchInput'

2021-01-13 13:35:44 - [MESSAGE][PASSED] - Keys 'e' sent to object: 'Object Repository/Journey/journrySearchInput'

2021-01-13 13:35:45 - [MESSAGE][PASSED] - Keys 'y' sent to object: 'Object Repository/Journey/journrySearchInput'

2021-01-13 13:35:45 - [MESSAGE][PASSED] - Keys ' ' sent to object: 'Object Repository/Journey/journrySearchInput'

2021-01-13 13:35:45 - [MESSAGE][PASSED] - Keys '1' sent to object: 'Object Repository/Journey/journrySearchInput'

2021-01-13 13:35:47 - [MESSAGE][PASSED] - Object 'Object Repository/Journey/clickVerifyingJourney(journeyName)' is present

2021-01-13 13:35:47 - [MESSAGE][PASSED] - Object 'Object Repository/Journey/clickVerifyingJourney(journeyName)' is visible

2021-01-13 13:35:47 - [MESSAGE][PASSED] - Object 'Object Repository/Journey/clickVerifyingJourney(journeyName)' is clickable

2021-01-13 13:35:48 - [MESSAGE][PASSED] - Object: 'Object Repository/Journey/clickVerifyingJourney(journeyName)' is clicked on

2021-01-13 13:35:48 - [MESSAGE][PASSED] - Scroll to object 'Object Repository/Journey/Current Access Codes/currentAccessCodeField' successfully

2021-01-13 13:35:49 - [MESSAGE][PASSED] - Object 'Object Repository/Journey/Current Access Codes/getAccessCodesCount' is present

2021-01-13 13:35:51 - [MESSAGE][PASSED] - Text of object 'Object Repository/Journey/Current Access Codes/getAccessCodeText(index)' is: 'access12'

2021-01-13 13:35:51 - [MESSAGE][PASSED] - pages.Journey.getExistingJourneyAccesscode is PASSED

2021-01-13 13:35:51 - [TEST_STEP][PASSED] - login.LoginForJourneyApplication.loginToJourneyApplication(): login.LoginForJourneyApplication.loginToJourneyApplication is PASSED

2021-01-13 13:35:58 - [MESSAGE][PASSED] - Navigate to 'https://qualitlabs.dev.modist.co/' successfully

2021-01-13 13:35:58 - [MESSAGE][PASSED] - login.LoginForJourneyApplication.loginToJourneyApplication is PASSED

2021-01-13 13:35:58 - [TEST_STEP][PASSED] - pages.Journey.enterAccessCodeInJourney(accessCode): pages.Journey.enterAccessCodeInJourney is PASSED

2021-01-13 13:35:59 - [MESSAGE][PASSED] - Object 'Object Repository/Journey/JourneyPortal/enterAccessCode' is present

2021-01-13 13:35:59 - [MESSAGE][PASSED] - Object 'Object Repository/Journey/JourneyPortal/enterAccessCode' is visible

2021-01-13 13:36:00 - [MESSAGE][PASSED] - Object 'Object Repository/Journey/JourneyPortal/enterAccessCode' is clickable

2021-01-13 13:36:00 - [MESSAGE][PASSED] - Text of object 'Object Repository/Journey/JourneyPortal/enterAccessCode' is cleared

2021-01-13 13:36:01 - [MESSAGE][PASSED] - Keys 'access12' sent to object: 'Object Repository/Journey/JourneyPortal/enterAccessCode'

2021-01-13 13:36:01 - [MESSAGE][PASSED] - pages.Journey.enterAccessCodeInJourney is PASSED

2021-01-13 13:36:01 - [TEST_STEP][PASSED] - pages.Journey.clickEnterButton(): pages.Journey.clickEnterButton is PASSED

2021-01-13 13:36:01 - [MESSAGE][PASSED] - Object 'Object Repository/Journey/JourneyPortal/EnterButton' is present

2021-01-13 13:36:01 - [MESSAGE][PASSED] - Object 'Object Repository/Journey/JourneyPortal/EnterButton' is visible

2021-01-13 13:36:02 - [MESSAGE][PASSED] - Object 'Object Repository/Journey/JourneyPortal/EnterButton' is clickable

2021-01-13 13:36:02 - [MESSAGE][PASSED] - Object: 'Object Repository/Journey/JourneyPortal/EnterButton' is clicked on

2021-01-13 13:36:02 - [MESSAGE][PASSED] - pages.Journey.clickEnterButton is PASSED

2021-01-13 13:36:02 - [TEST_STEP][PASSED] - pages.JourneyPortal.openExistingSection(): pages.JourneyPortal.openExistingSection is PASSED

2021-01-13 13:36:04 - [MESSAGE][PASSED] - Object 'Object Repository/Journey/JourneyPortal/Section/getSectionsCount' is present

2021-01-13 13:36:05 - [MESSAGE][PASSED] - Object 'Object Repository/Journey/JourneyPortal/Section/openSection(index)' is present

2021-01-13 13:36:06 - [MESSAGE][PASSED] - Object 'Object Repository/Journey/JourneyPortal/Section/openSection(index)' is visible

2021-01-13 13:36:06 - [MESSAGE][PASSED] - Object 'Object Repository/Journey/JourneyPortal/Section/openSection(index)' is clickable

2021-01-13 13:36:06 - [MESSAGE][PASSED] - Object: 'Object Repository/Journey/JourneyPortal/Section/openSection(index)' is clicked on

2021-01-13 13:36:06 - [MESSAGE][PASSED] - pages.JourneyPortal.openExistingSection is PASSED

2021-01-13 13:36:06 - [TEST_STEP][PASSED] - pages.JourneyPortal.openAnyProductInTheJourneyPortal(): pages.JourneyPortal.openAnyProductInTheJourneyPortal is PASSED

2021-01-13 13:36:07 - [MESSAGE][PASSED] - Object 'Object Repository/Journey/JourneyPortal/Product/toGetProductsCountInTheCart' is present

2021-01-13 13:36:08 - [MESSAGE][PASSED] - Scroll to object 'Object Repository/Journey/JourneyPortal/Product/openAnyProduct(index)' successfully

2021-01-13 13:36:08 - [MESSAGE][PASSED] - Object 'Object Repository/Journey/JourneyPortal/Product/openAnyProduct(index)' is present

2021-01-13 13:36:09 - [MESSAGE][PASSED] - Object 'Object Repository/Journey/JourneyPortal/Product/openAnyProduct(index)' is visible

2021-01-13 13:36:09 - [MESSAGE][PASSED] - Object 'Object Repository/Journey/JourneyPortal/Product/openAnyProduct(index)' is clickable

2021-01-13 13:36:10 - [MESSAGE][PASSED] - Object: 'Object Repository/Journey/JourneyPortal/Product/openAnyProduct(index)' is clicked on

2021-01-13 13:36:10 - [MESSAGE][PASSED] - pages.JourneyPortal.openAnyProductInTheJourneyPortal is PASSED

2021-01-13 13:36:10 - [TEST_STEP][PASSED] - orderCount = pages.JourneyPortal.clickAddToCartButton(): pages.JourneyPortal.clickAddToCartButton is PASSED

2021-01-13 13:36:10 - [MESSAGE][PASSED] - Object 'Object Repository/Journey/JourneyPortal/Product/AddToCart' is present

2021-01-13 13:36:11 - [MESSAGE][PASSED] - Object 'Object Repository/Journey/JourneyPortal/Product/AddToCart' is visible

2021-01-13 13:36:11 - [MESSAGE][PASSED] - Object 'Object Repository/Journey/JourneyPortal/Product/AddToCart' is clickable

2021-01-13 13:36:12 - [MESSAGE][PASSED] - Object: 'Object Repository/Journey/JourneyPortal/Product/AddToCart' is clicked on

2021-01-13 13:36:12 - [MESSAGE][PASSED] - Object 'Object Repository/Journey/JourneyPortal/Product/AddToCart' is present

2021-01-13 13:36:12 - [MESSAGE][PASSED] - Object 'Object Repository/Journey/JourneyPortal/Product/AddToCart' is visible

2021-01-13 13:36:12 - [MESSAGE][PASSED] - Object 'Object Repository/Journey/JourneyPortal/Product/AddToCart' is clickable

2021-01-13 13:36:13 - [MESSAGE][PASSED] - Object: 'Object Repository/Journey/JourneyPortal/Product/AddToCart' is clicked on

2021-01-13 13:36:13 - [MESSAGE][PASSED] - Object 'Object Repository/Journey/JourneyPortal/Product/AddToCart' is present

2021-01-13 13:36:13 - [MESSAGE][PASSED] - Object 'Object Repository/Journey/JourneyPortal/Product/AddToCart' is visible

2021-01-13 13:36:14 - [MESSAGE][PASSED] - Object 'Object Repository/Journey/JourneyPortal/Product/AddToCart' is clickable

2021-01-13 13:36:14 - [MESSAGE][PASSED] - Object: 'Object Repository/Journey/JourneyPortal/Product/AddToCart' is clicked on

2021-01-13 13:36:14 - [MESSAGE][PASSED] - Object 'Object Repository/Journey/JourneyPortal/Product/AddToCart' is present

2021-01-13 13:36:14 - [MESSAGE][PASSED] - Object 'Object Repository/Journey/JourneyPortal/Product/AddToCart' is visible

2021-01-13 13:36:15 - [MESSAGE][PASSED] - Object 'Object Repository/Journey/JourneyPortal/Product/AddToCart' is clickable

2021-01-13 13:36:15 - [MESSAGE][PASSED] - Object: 'Object Repository/Journey/JourneyPortal/Product/AddToCart' is clicked on

2021-01-13 13:36:16 - [MESSAGE][PASSED] - Object 'Object Repository/Journey/JourneyPortal/Product/AddToCart' is present

2021-01-13 13:36:16 - [MESSAGE][PASSED] - Object 'Object Repository/Journey/JourneyPortal/Product/AddToCart' is visible

2021-01-13 13:36:16 - [MESSAGE][PASSED] - Object 'Object Repository/Journey/JourneyPortal/Product/AddToCart' is clickable

2021-01-13 13:36:17 - [MESSAGE][PASSED] - Object: 'Object Repository/Journey/JourneyPortal/Product/AddToCart' is clicked on

2021-01-13 13:36:17 - [MESSAGE][PASSED] - Object 'Object Repository/Journey/JourneyPortal/Product/AddToCart' is present

2021-01-13 13:36:17 - [MESSAGE][PASSED] - Object 'Object Repository/Journey/JourneyPortal/Product/AddToCart' is visible

2021-01-13 13:36:18 - [MESSAGE][PASSED] - Object 'Object Repository/Journey/JourneyPortal/Product/AddToCart' is clickable

2021-01-13 13:36:18 - [MESSAGE][PASSED] - Object: 'Object Repository/Journey/JourneyPortal/Product/AddToCart' is clicked on

2021-01-13 13:36:18 - [MESSAGE][PASSED] - Object 'Object Repository/Journey/JourneyPortal/Product/AddToCart' is present

2021-01-13 13:36:19 - [MESSAGE][PASSED] - Object 'Object Repository/Journey/JourneyPortal/Product/AddToCart' is visible

2021-01-13 13:36:19 - [MESSAGE][PASSED] - Object 'Object Repository/Journey/JourneyPortal/Product/AddToCart' is clickable

2021-01-13 13:36:19 - [MESSAGE][PASSED] - Object: 'Object Repository/Journey/JourneyPortal/Product/AddToCart' is clicked on

2021-01-13 13:36:20 - [MESSAGE][PASSED] - Object 'Object Repository/Journey/JourneyPortal/Product/closeButton' is present

2021-01-13 13:36:20 - [MESSAGE][PASSED] - Object 'Object Repository/Journey/JourneyPortal/Product/closeButton' is visible

2021-01-13 13:36:20 - [MESSAGE][PASSED] - Object 'Object Repository/Journey/JourneyPortal/Product/closeButton' is clickable

2021-01-13 13:36:20 - [MESSAGE][PASSED] - Object: 'Object Repository/Journey/JourneyPortal/Product/closeButton' is clicked on

2021-01-13 13:36:20 - [MESSAGE][PASSED] - pages.JourneyPortal.clickAddToCartButton is PASSED

2021-01-13 13:36:20 - [TEST_STEP][PASSED] - login.LoginForJourneyApplication.reloadThePage(): login.LoginForJourneyApplication.reloadThePage is PASSED

2021-01-13 13:36:20 - [MESSAGE][PASSED] - login.LoginForJourneyApplication.reloadThePage is PASSED

2021-01-13 13:36:20 - [TEST_STEP][PASSED] - productCount = pages.JourneyPortal.getProductsCount(): pages.JourneyPortal.getProductsCount is PASSED

2021-01-13 13:36:21 - [MESSAGE][PASSED] - Attribute 'data-count' of object 'Object Repository/Journey/JourneyPortal/Product/toGetProductsCountInTheCart' is: '7'

2021-01-13 13:36:21 - [MESSAGE][PASSED] - pages.JourneyPortal.getProductsCount is PASSED

2021-01-13 13:36:21 - [TEST_STEP][PASSED] - pages.JourneyPortal.verifyWhetherOrderedAndAvailableProductsCountAreSame(orderCount, productCount): you have selected 7 products 

2021-01-13 13:36:21 - [MESSAGE][PASSED] - you have selected 7 products]]></system-out>
         <system-err><![CDATA[]]></system-err>
      </testcase>
      <testcase name="Test Cases/JourneyPortal/clickingOnTheRightAndLeftIsNavigatingCorrctly" time="41.464" classname="Test Cases/JourneyPortal/clickingOnTheRightAndLeftIsNavigatingCorrctly" status="PASSED">
         <system-out><![CDATA[2021-01-13 13:36:21 - [TEST_CASE][PASSED] - Test Cases/JourneyPortal/clickingOnTheRightAndLeftIsNavigatingCorrctly: Test Cases/JourneyPortal/clickingOnTheRightAndLeftIsNavigatingCorrctly

2021-01-13 13:36:21 - [TEST_STEP][PASSED] - Start listener action : login: com.kms.katalon.core.webui.exception.WebElementNotFoundException: Web element with id: 'Object Repository/Login Credentials/Email' located by '//input[@name='email']' not found (Root cause: com.kms.katalon.core.exception.StepFailedException: com.kms.katalon.core.webui.exception.WebElementNotFoundException: Web element with id: 'Object Repository/Login Credentials/Email' located by '//input[@name='email']' not found
	at com.kms.katalon.core.webui.keyword.internal.WebUIKeywordMain.stepFailed(WebUIKeywordMain.groovy:64)
	at com.kms.katalon.core.webui.keyword.builtin.VerifyElementPresentKeyword$_verifyElementPresent_closure1.doCall(VerifyElementPresentKeyword.groovy:85)
	at com.kms.katalon.core.webui.keyword.builtin.VerifyElementPresentKeyword$_verifyElementPresent_closure1.call(VerifyElementPresentKeyword.groovy)
	at com.kms.katalon.core.webui.keyword.internal.WebUIKeywordMain.runKeyword(WebUIKeywordMain.groovy:20)
	at com.kms.katalon.core.webui.keyword.builtin.VerifyElementPresentKeyword.verifyElementPresent(VerifyElementPresentKeyword.groovy:92)
	at com.kms.katalon.core.webui.keyword.builtin.VerifyElementPresentKeyword.execute(VerifyElementPresentKeyword.groovy:68)
	at com.kms.katalon.core.keyword.internal.KeywordExecutor.executeKeywordForPlatform(KeywordExecutor.groovy:73)
	at com.kms.katalon.core.webui.keyword.WebUiBuiltInKeywords.verifyElementPresent(WebUiBuiltInKeywords.groovy:1445)
	at com.kms.katalon.core.webui.keyword.WebUiBuiltInKeywords$verifyElementPresent$2.call(Unknown Source)
	at login.LoginForAdminDevEnvironment.login(LoginForAdminDevEnvironment.groovy:18)
	at login.LoginForAdminDevEnvironment$login.call(Unknown Source)
	at Login.login(Login.groovy:37)
	at Login.invokeMethod(Login.groovy)
	at com.kms.katalon.core.context.internal.TestHooker.invokeMethod(TestHooker.java:111)
	at com.kms.katalon.core.context.internal.TestHooker.lambda$3(TestHooker.java:95)
	at com.kms.katalon.core.context.internal.TestHooker.invokeContextMethods(TestHooker.java:94)
	at com.kms.katalon.core.context.internal.TestListenerCollector.lambda$3(TestListenerCollector.java:88)
	at com.kms.katalon.core.context.internal.TestListenerCollector.handleListenerEvent(TestListenerCollector.java:85)
	at com.kms.katalon.core.context.internal.ExecutionEventManager.publicEvent(ExecutionEventManager.java:36)
	at com.kms.katalon.core.main.TestCaseExecutor.execute(TestCaseExecutor.java:221)
	at com.kms.katalon.core.main.TestSuiteExecutor.accessTestCaseMainPhase(TestSuiteExecutor.java:191)
	at com.kms.katalon.core.main.TestSuiteExecutor.accessTestSuiteMainPhase(TestSuiteExecutor.java:141)
	at com.kms.katalon.core.main.TestSuiteExecutor.execute(TestSuiteExecutor.java:90)
	at com.kms.katalon.core.main.TestCaseMain.startTestSuite(TestCaseMain.java:157)
	at com.kms.katalon.core.main.TestCaseMain$startTestSuite$0.call(Unknown Source)
	at TempTestSuite1610561623229.run(TempTestSuite1610561623229.groovy:39)
)

2021-01-13 13:36:21 - [TEST_STEP][PASSED] - Thread.sleep(3000): null

2021-01-13 13:36:24 - [TEST_STEP][PASSED] - url = getUrl(): Current window's url is: 'https://qualitlabs.dev.modist.co/products/522'

2021-01-13 13:36:24 - [MESSAGE][PASSED] - Current window's url is: 'https://qualitlabs.dev.modist.co/products/522'

2021-01-13 13:36:24 - [TEST_STEP][PASSED] - if (!(url.contains("dashboard"))): com.kms.katalon.core.webui.exception.WebElementNotFoundException: Web element with id: 'Object Repository/Login Credentials/Email' located by '//input[@name='email']' not found (Root cause: com.kms.katalon.core.exception.StepFailedException: com.kms.katalon.core.webui.exception.WebElementNotFoundException: Web element with id: 'Object Repository/Login Credentials/Email' located by '//input[@name='email']' not found
	at com.kms.katalon.core.webui.keyword.internal.WebUIKeywordMain.stepFailed(WebUIKeywordMain.groovy:64)
	at com.kms.katalon.core.webui.keyword.builtin.VerifyElementPresentKeyword$_verifyElementPresent_closure1.doCall(VerifyElementPresentKeyword.groovy:85)
	at com.kms.katalon.core.webui.keyword.builtin.VerifyElementPresentKeyword$_verifyElementPresent_closure1.call(VerifyElementPresentKeyword.groovy)
	at com.kms.katalon.core.webui.keyword.internal.WebUIKeywordMain.runKeyword(WebUIKeywordMain.groovy:20)
	at com.kms.katalon.core.webui.keyword.builtin.VerifyElementPresentKeyword.verifyElementPresent(VerifyElementPresentKeyword.groovy:92)
	at com.kms.katalon.core.webui.keyword.builtin.VerifyElementPresentKeyword.execute(VerifyElementPresentKeyword.groovy:68)
	at com.kms.katalon.core.keyword.internal.KeywordExecutor.executeKeywordForPlatform(KeywordExecutor.groovy:73)
	at com.kms.katalon.core.webui.keyword.WebUiBuiltInKeywords.verifyElementPresent(WebUiBuiltInKeywords.groovy:1445)
	at com.kms.katalon.core.webui.keyword.WebUiBuiltInKeywords$verifyElementPresent$2.call(Unknown Source)
	at login.LoginForAdminDevEnvironment.login(LoginForAdminDevEnvironment.groovy:18)
	at login.LoginForAdminDevEnvironment$login.call(Unknown Source)
	at Login.login(Login.groovy:37)
	at Login.invokeMethod(Login.groovy)
	at com.kms.katalon.core.context.internal.TestHooker.invokeMethod(TestHooker.java:111)
	at com.kms.katalon.core.context.internal.TestHooker.lambda$3(TestHooker.java:95)
	at com.kms.katalon.core.context.internal.TestHooker.invokeContextMethods(TestHooker.java:94)
	at com.kms.katalon.core.context.internal.TestListenerCollector.lambda$3(TestListenerCollector.java:88)
	at com.kms.katalon.core.context.internal.TestListenerCollector.handleListenerEvent(TestListenerCollector.java:85)
	at com.kms.katalon.core.context.internal.ExecutionEventManager.publicEvent(ExecutionEventManager.java:36)
	at com.kms.katalon.core.main.TestCaseExecutor.execute(TestCaseExecutor.java:221)
	at com.kms.katalon.core.main.TestSuiteExecutor.accessTestCaseMainPhase(TestSuiteExecutor.java:191)
	at com.kms.katalon.core.main.TestSuiteExecutor.accessTestSuiteMainPhase(TestSuiteExecutor.java:141)
	at com.kms.katalon.core.main.TestSuiteExecutor.execute(TestSuiteExecutor.java:90)
	at com.kms.katalon.core.main.TestCaseMain.startTestSuite(TestCaseMain.java:157)
	at com.kms.katalon.core.main.TestCaseMain$startTestSuite$0.call(Unknown Source)
	at TempTestSuite1610561623229.run(TempTestSuite1610561623229.groovy:39)
)

2021-01-13 13:36:24 - [TEST_STEP][PASSED] - navigateToUrl(Url): Navigate to 'https://dev-admin.modist.co/' successfully

2021-01-13 13:36:24 - [MESSAGE][PASSED] - Navigate to 'https://dev-admin.modist.co/' successfully

2021-01-13 13:36:24 - [TEST_STEP][PASSED] - loginPage.login(Email, Password): com.kms.katalon.core.webui.exception.WebElementNotFoundException: Web element with id: 'Object Repository/Login Credentials/Email' located by '//input[@name='email']' not found (Root cause: com.kms.katalon.core.exception.StepFailedException: com.kms.katalon.core.webui.exception.WebElementNotFoundException: Web element with id: 'Object Repository/Login Credentials/Email' located by '//input[@name='email']' not found
	at com.kms.katalon.core.webui.keyword.internal.WebUIKeywordMain.stepFailed(WebUIKeywordMain.groovy:64)
	at com.kms.katalon.core.webui.keyword.builtin.VerifyElementPresentKeyword$_verifyElementPresent_closure1.doCall(VerifyElementPresentKeyword.groovy:85)
	at com.kms.katalon.core.webui.keyword.builtin.VerifyElementPresentKeyword$_verifyElementPresent_closure1.call(VerifyElementPresentKeyword.groovy)
	at com.kms.katalon.core.webui.keyword.internal.WebUIKeywordMain.runKeyword(WebUIKeywordMain.groovy:20)
	at com.kms.katalon.core.webui.keyword.builtin.VerifyElementPresentKeyword.verifyElementPresent(VerifyElementPresentKeyword.groovy:92)
	at com.kms.katalon.core.webui.keyword.builtin.VerifyElementPresentKeyword.execute(VerifyElementPresentKeyword.groovy:68)
	at com.kms.katalon.core.keyword.internal.KeywordExecutor.executeKeywordForPlatform(KeywordExecutor.groovy:73)
	at com.kms.katalon.core.webui.keyword.WebUiBuiltInKeywords.verifyElementPresent(WebUiBuiltInKeywords.groovy:1445)
	at com.kms.katalon.core.webui.keyword.WebUiBuiltInKeywords$verifyElementPresent$2.call(Unknown Source)
	at login.LoginForAdminDevEnvironment.login(LoginForAdminDevEnvironment.groovy:18)
	at login.LoginForAdminDevEnvironment$login.call(Unknown Source)
	at Login.login(Login.groovy:37)
	at Login.invokeMethod(Login.groovy)
	at com.kms.katalon.core.context.internal.TestHooker.invokeMethod(TestHooker.java:111)
	at com.kms.katalon.core.context.internal.TestHooker.lambda$3(TestHooker.java:95)
	at com.kms.katalon.core.context.internal.TestHooker.invokeContextMethods(TestHooker.java:94)
	at com.kms.katalon.core.context.internal.TestListenerCollector.lambda$3(TestListenerCollector.java:88)
	at com.kms.katalon.core.context.internal.TestListenerCollector.handleListenerEvent(TestListenerCollector.java:85)
	at com.kms.katalon.core.context.internal.ExecutionEventManager.publicEvent(ExecutionEventManager.java:36)
	at com.kms.katalon.core.main.TestCaseExecutor.execute(TestCaseExecutor.java:221)
	at com.kms.katalon.core.main.TestSuiteExecutor.accessTestCaseMainPhase(TestSuiteExecutor.java:191)
	at com.kms.katalon.core.main.TestSuiteExecutor.accessTestSuiteMainPhase(TestSuiteExecutor.java:141)
	at com.kms.katalon.core.main.TestSuiteExecutor.execute(TestSuiteExecutor.java:90)
	at com.kms.katalon.core.main.TestCaseMain.startTestSuite(TestCaseMain.java:157)
	at com.kms.katalon.core.main.TestCaseMain$startTestSuite$0.call(Unknown Source)
	at TempTestSuite1610561623229.run(TempTestSuite1610561623229.groovy:39)
)

2021-01-13 13:36:30 - [MESSAGE][INFO] - Unable to find the element located by 'By.xpath: //input[@name='email']'. Please recheck the objects properties to make sure the desired element is located. 

2021-01-13 13:36:30 - [MESSAGE][WARNING] - com.kms.katalon.core.webui.exception.WebElementNotFoundException: Web element with id: 'Object Repository/Login Credentials/Email' located by '//input[@name='email']' not found (Root cause: com.kms.katalon.core.exception.StepFailedException: com.kms.katalon.core.webui.exception.WebElementNotFoundException: Web element with id: 'Object Repository/Login Credentials/Email' located by '//input[@name='email']' not found
	at com.kms.katalon.core.webui.keyword.internal.WebUIKeywordMain.stepFailed(WebUIKeywordMain.groovy:64)
	at com.kms.katalon.core.webui.keyword.builtin.VerifyElementPresentKeyword$_verifyElementPresent_closure1.doCall(VerifyElementPresentKeyword.groovy:85)
	at com.kms.katalon.core.webui.keyword.builtin.VerifyElementPresentKeyword$_verifyElementPresent_closure1.call(VerifyElementPresentKeyword.groovy)
	at com.kms.katalon.core.webui.keyword.internal.WebUIKeywordMain.runKeyword(WebUIKeywordMain.groovy:20)
	at com.kms.katalon.core.webui.keyword.builtin.VerifyElementPresentKeyword.verifyElementPresent(VerifyElementPresentKeyword.groovy:92)
	at com.kms.katalon.core.webui.keyword.builtin.VerifyElementPresentKeyword.execute(VerifyElementPresentKeyword.groovy:68)
	at com.kms.katalon.core.keyword.internal.KeywordExecutor.executeKeywordForPlatform(KeywordExecutor.groovy:73)
	at com.kms.katalon.core.webui.keyword.WebUiBuiltInKeywords.verifyElementPresent(WebUiBuiltInKeywords.groovy:1445)
	at com.kms.katalon.core.webui.keyword.WebUiBuiltInKeywords$verifyElementPresent$2.call(Unknown Source)
	at login.LoginForAdminDevEnvironment.login(LoginForAdminDevEnvironment.groovy:18)
	at login.LoginForAdminDevEnvironment$login.call(Unknown Source)
	at Login.login(Login.groovy:37)
	at Login.invokeMethod(Login.groovy)
	at com.kms.katalon.core.context.internal.TestHooker.invokeMethod(TestHooker.java:111)
	at com.kms.katalon.core.context.internal.TestHooker.lambda$3(TestHooker.java:95)
	at com.kms.katalon.core.context.internal.TestHooker.invokeContextMethods(TestHooker.java:94)
	at com.kms.katalon.core.context.internal.TestListenerCollector.lambda$3(TestListenerCollector.java:88)
	at com.kms.katalon.core.context.internal.TestListenerCollector.handleListenerEvent(TestListenerCollector.java:85)
	at com.kms.katalon.core.context.internal.ExecutionEventManager.publicEvent(ExecutionEventManager.java:36)
	at com.kms.katalon.core.main.TestCaseExecutor.execute(TestCaseExecutor.java:221)
	at com.kms.katalon.core.main.TestSuiteExecutor.accessTestCaseMainPhase(TestSuiteExecutor.java:191)
	at com.kms.katalon.core.main.TestSuiteExecutor.accessTestSuiteMainPhase(TestSuiteExecutor.java:141)
	at com.kms.katalon.core.main.TestSuiteExecutor.execute(TestSuiteExecutor.java:90)
	at com.kms.katalon.core.main.TestCaseMain.startTestSuite(TestCaseMain.java:157)
	at com.kms.katalon.core.main.TestCaseMain$startTestSuite$0.call(Unknown Source)
	at TempTestSuite1610561623229.run(TempTestSuite1610561623229.groovy:39)
)
[[ATTACHMENT|E:\\Modist\\ModistProject\\Reports\\20210113_131343\\AllTestCases\\20210113_131343\\1610562990130.png]]

2021-01-13 13:36:30 - [TEST_STEP][PASSED] - pages.Journey.clickOnJourneyTab(): pages.Journey.clickOnJourneyTab is PASSED

2021-01-13 13:36:30 - [MESSAGE][PASSED] - Object 'Object Repository/Journey/Journeytab' is present

2021-01-13 13:36:31 - [MESSAGE][PASSED] - Object 'Object Repository/Journey/Journeytab' is visible

2021-01-13 13:36:31 - [MESSAGE][PASSED] - Object 'Object Repository/Journey/Journeytab' is clickable

2021-01-13 13:36:31 - [MESSAGE][PASSED] - Object: 'Object Repository/Journey/Journeytab' is clicked on

2021-01-13 13:36:31 - [MESSAGE][PASSED] - pages.Journey.clickOnJourneyTab is PASSED

2021-01-13 13:36:31 - [TEST_STEP][PASSED] - journeyName = pages.Journey.getRandomJourneyName(): pages.Journey.getRandomJourneyName is PASSED

2021-01-13 13:36:32 - [MESSAGE][PASSED] - Object 'Object Repository/Journey/toGetJourneysCount' is present

2021-01-13 13:36:32 - [MESSAGE][PASSED] - Object 'Object Repository/Journey/toGetJourneysCount' is present

2021-01-13 13:36:33 - [MESSAGE][PASSED] - Text of object 'Object Repository/Journey/toPickrandomJourney(index)' is: 'JO7'

2021-01-13 13:36:33 - [MESSAGE][PASSED] - pages.Journey.getRandomJourneyName is PASSED

2021-01-13 13:36:33 - [TEST_STEP][PASSED] - accessCode = pages.Journey.getExistingJourneyAccesscode(journeyName): pages.Journey.getExistingJourneyAccesscode is PASSED

2021-01-13 13:36:33 - [MESSAGE][PASSED] - Object 'Object Repository/Journey/journrySearchInput' is present

2021-01-13 13:36:33 - [MESSAGE][PASSED] - Object 'Object Repository/Journey/journrySearchInput' is visible

2021-01-13 13:36:34 - [MESSAGE][PASSED] - Object 'Object Repository/Journey/journrySearchInput' is clickable

2021-01-13 13:36:34 - [MESSAGE][PASSED] - Text of object 'Object Repository/Journey/journrySearchInput' is cleared

2021-01-13 13:36:34 - [MESSAGE][PASSED] - Keys '' sent to object: 'Object Repository/Journey/journrySearchInput'

2021-01-13 13:36:35 - [MESSAGE][PASSED] - Keys 'J' sent to object: 'Object Repository/Journey/journrySearchInput'

2021-01-13 13:36:35 - [MESSAGE][PASSED] - Keys 'O' sent to object: 'Object Repository/Journey/journrySearchInput'

2021-01-13 13:36:35 - [MESSAGE][PASSED] - Keys '7' sent to object: 'Object Repository/Journey/journrySearchInput'

2021-01-13 13:36:37 - [MESSAGE][PASSED] - Object 'Object Repository/Journey/journrySearchInput' is present

2021-01-13 13:36:38 - [MESSAGE][PASSED] - Object 'Object Repository/Journey/journrySearchInput' is visible

2021-01-13 13:36:38 - [MESSAGE][PASSED] - Object 'Object Repository/Journey/journrySearchInput' is clickable

2021-01-13 13:36:38 - [MESSAGE][PASSED] - Text of object 'Object Repository/Journey/journrySearchInput' is cleared

2021-01-13 13:36:39 - [MESSAGE][PASSED] - Keys '' sent to object: 'Object Repository/Journey/journrySearchInput'

2021-01-13 13:36:39 - [MESSAGE][PASSED] - Keys 'J' sent to object: 'Object Repository/Journey/journrySearchInput'

2021-01-13 13:36:40 - [MESSAGE][PASSED] - Keys 'O' sent to object: 'Object Repository/Journey/journrySearchInput'

2021-01-13 13:36:41 - [MESSAGE][PASSED] - Keys '7' sent to object: 'Object Repository/Journey/journrySearchInput'

2021-01-13 13:36:42 - [MESSAGE][PASSED] - Object 'Object Repository/Journey/clickVerifyingJourney(journeyName)' is present

2021-01-13 13:36:42 - [MESSAGE][PASSED] - Object 'Object Repository/Journey/clickVerifyingJourney(journeyName)' is visible

2021-01-13 13:36:43 - [MESSAGE][PASSED] - Object 'Object Repository/Journey/clickVerifyingJourney(journeyName)' is clickable

2021-01-13 13:36:44 - [MESSAGE][PASSED] - Object: 'Object Repository/Journey/clickVerifyingJourney(journeyName)' is clicked on

2021-01-13 13:36:44 - [MESSAGE][PASSED] - Scroll to object 'Object Repository/Journey/Current Access Codes/currentAccessCodeField' successfully

2021-01-13 13:36:45 - [MESSAGE][PASSED] - Object 'Object Repository/Journey/Current Access Codes/getAccessCodesCount' is present

2021-01-13 13:36:46 - [MESSAGE][PASSED] - Text of object 'Object Repository/Journey/Current Access Codes/getAccessCodeText(index)' is: 'access14'

2021-01-13 13:36:46 - [MESSAGE][PASSED] - pages.Journey.getExistingJourneyAccesscode is PASSED

2021-01-13 13:36:46 - [TEST_STEP][PASSED] - login.LoginForJourneyApplication.loginToJourneyApplication(): login.LoginForJourneyApplication.loginToJourneyApplication is PASSED

2021-01-13 13:36:47 - [MESSAGE][PASSED] - Navigate to 'https://qualitlabs.dev.modist.co/' successfully

2021-01-13 13:36:47 - [MESSAGE][PASSED] - login.LoginForJourneyApplication.loginToJourneyApplication is PASSED

2021-01-13 13:36:47 - [TEST_STEP][PASSED] - pages.Journey.enterAccessCodeInJourney(accessCode): pages.Journey.enterAccessCodeInJourney is PASSED

2021-01-13 13:36:47 - [MESSAGE][PASSED] - Object 'Object Repository/Journey/JourneyPortal/enterAccessCode' is present

2021-01-13 13:36:48 - [MESSAGE][PASSED] - Object 'Object Repository/Journey/JourneyPortal/enterAccessCode' is visible

2021-01-13 13:36:48 - [MESSAGE][PASSED] - Object 'Object Repository/Journey/JourneyPortal/enterAccessCode' is clickable

2021-01-13 13:36:49 - [MESSAGE][PASSED] - Text of object 'Object Repository/Journey/JourneyPortal/enterAccessCode' is cleared

2021-01-13 13:36:49 - [MESSAGE][PASSED] - Keys 'access14' sent to object: 'Object Repository/Journey/JourneyPortal/enterAccessCode'

2021-01-13 13:36:49 - [MESSAGE][PASSED] - pages.Journey.enterAccessCodeInJourney is PASSED

2021-01-13 13:36:49 - [TEST_STEP][PASSED] - pages.Journey.clickEnterButton(): pages.Journey.clickEnterButton is PASSED

2021-01-13 13:36:49 - [MESSAGE][PASSED] - Object 'Object Repository/Journey/JourneyPortal/EnterButton' is present

2021-01-13 13:36:50 - [MESSAGE][PASSED] - Object 'Object Repository/Journey/JourneyPortal/EnterButton' is visible

2021-01-13 13:36:50 - [MESSAGE][PASSED] - Object 'Object Repository/Journey/JourneyPortal/EnterButton' is clickable

2021-01-13 13:36:50 - [MESSAGE][PASSED] - Object: 'Object Repository/Journey/JourneyPortal/EnterButton' is clicked on

2021-01-13 13:36:50 - [MESSAGE][PASSED] - pages.Journey.clickEnterButton is PASSED

2021-01-13 13:36:50 - [TEST_STEP][PASSED] - pages.JourneyPortal.openExistingSection(): pages.JourneyPortal.openExistingSection is PASSED

2021-01-13 13:36:53 - [MESSAGE][PASSED] - Object 'Object Repository/Journey/JourneyPortal/Section/getSectionsCount' is present

2021-01-13 13:36:54 - [MESSAGE][PASSED] - Object 'Object Repository/Journey/JourneyPortal/Section/openSection(index)' is present

2021-01-13 13:36:54 - [MESSAGE][PASSED] - Object 'Object Repository/Journey/JourneyPortal/Section/openSection(index)' is visible

2021-01-13 13:36:54 - [MESSAGE][PASSED] - Object 'Object Repository/Journey/JourneyPortal/Section/openSection(index)' is clickable

2021-01-13 13:36:55 - [MESSAGE][PASSED] - Object: 'Object Repository/Journey/JourneyPortal/Section/openSection(index)' is clicked on

2021-01-13 13:36:55 - [MESSAGE][PASSED] - pages.JourneyPortal.openExistingSection is PASSED

2021-01-13 13:36:55 - [TEST_STEP][PASSED] - pages.JourneyPortal.openAnyProductInTheJourneyPortal(): pages.JourneyPortal.openAnyProductInTheJourneyPortal is PASSED

2021-01-13 13:36:56 - [MESSAGE][PASSED] - Object 'Object Repository/Journey/JourneyPortal/Product/toGetProductsCountInTheCart' is present

2021-01-13 13:36:57 - [MESSAGE][PASSED] - Scroll to object 'Object Repository/Journey/JourneyPortal/Product/openAnyProduct(index)' successfully

2021-01-13 13:36:57 - [MESSAGE][PASSED] - Object 'Object Repository/Journey/JourneyPortal/Product/openAnyProduct(index)' is present

2021-01-13 13:36:57 - [MESSAGE][PASSED] - Object 'Object Repository/Journey/JourneyPortal/Product/openAnyProduct(index)' is visible

2021-01-13 13:36:58 - [MESSAGE][PASSED] - Object 'Object Repository/Journey/JourneyPortal/Product/openAnyProduct(index)' is clickable

2021-01-13 13:36:58 - [MESSAGE][PASSED] - Object: 'Object Repository/Journey/JourneyPortal/Product/openAnyProduct(index)' is clicked on

2021-01-13 13:36:58 - [MESSAGE][PASSED] - pages.JourneyPortal.openAnyProductInTheJourneyPortal is PASSED

2021-01-13 13:36:58 - [TEST_STEP][PASSED] - pages.Product.clickNextSlide(): pages.Product.clickNextSlide is PASSED

2021-01-13 13:36:59 - [MESSAGE][PASSED] - Object 'Object Repository/journeyPortal/rightDirectionButton' is present

2021-01-13 13:37:00 - [MESSAGE][PASSED] - Object 'Object Repository/journeyPortal/rightDirectionButton' is visible

2021-01-13 13:37:00 - [MESSAGE][PASSED] - Object 'Object Repository/journeyPortal/rightDirectionButton' is clickable

2021-01-13 13:37:00 - [MESSAGE][PASSED] - Object: 'Object Repository/journeyPortal/rightDirectionButton' is clicked on

2021-01-13 13:37:01 - [MESSAGE][PASSED] - Actual object '29836' and expected object '29835' are not equal

2021-01-13 13:37:01 - [MESSAGE][PASSED] - pages.Product.clickNextSlide is PASSED

2021-01-13 13:37:01 - [TEST_STEP][PASSED] - pages.Product.clickPreviousSlide(): pages.Product.clickPreviousSlide is PASSED

2021-01-13 13:37:01 - [MESSAGE][PASSED] - Object 'Object Repository/journeyPortal/leftDirectionButton' is present

2021-01-13 13:37:01 - [MESSAGE][PASSED] - Object 'Object Repository/journeyPortal/leftDirectionButton' is visible

2021-01-13 13:37:02 - [MESSAGE][PASSED] - Object 'Object Repository/journeyPortal/leftDirectionButton' is clickable

2021-01-13 13:37:02 - [MESSAGE][PASSED] - Object: 'Object Repository/journeyPortal/leftDirectionButton' is clicked on

2021-01-13 13:37:02 - [MESSAGE][PASSED] - Actual object '29835' and expected object '29836' are not equal

2021-01-13 13:37:02 - [MESSAGE][PASSED] - pages.Product.clickPreviousSlide is PASSED]]></system-out>
         <system-err><![CDATA[]]></system-err>
      </testcase>
      <testcase name="Test Cases/JourneyPortal/loginToJourneyApplicationThroughAccessCodeAndVerifyTheDisplayPage" time="30.154" classname="Test Cases/JourneyPortal/loginToJourneyApplicationThroughAccessCodeAndVerifyTheDisplayPage" status="PASSED">
         <system-out><![CDATA[2021-01-13 13:37:02 - [TEST_CASE][PASSED] - Test Cases/JourneyPortal/loginToJourneyApplicationThroughAccessCodeAndVerifyTheDisplayPage: Test Cases/JourneyPortal/loginToJourneyApplicationThroughAccessCodeAndVerifyTheDisplayPage

2021-01-13 13:37:02 - [TEST_STEP][PASSED] - Start listener action : login: com.kms.katalon.core.webui.exception.WebElementNotFoundException: Web element with id: 'Object Repository/Login Credentials/Email' located by '//input[@name='email']' not found (Root cause: com.kms.katalon.core.exception.StepFailedException: com.kms.katalon.core.webui.exception.WebElementNotFoundException: Web element with id: 'Object Repository/Login Credentials/Email' located by '//input[@name='email']' not found
	at com.kms.katalon.core.webui.keyword.internal.WebUIKeywordMain.stepFailed(WebUIKeywordMain.groovy:64)
	at com.kms.katalon.core.webui.keyword.builtin.VerifyElementPresentKeyword$_verifyElementPresent_closure1.doCall(VerifyElementPresentKeyword.groovy:85)
	at com.kms.katalon.core.webui.keyword.builtin.VerifyElementPresentKeyword$_verifyElementPresent_closure1.call(VerifyElementPresentKeyword.groovy)
	at com.kms.katalon.core.webui.keyword.internal.WebUIKeywordMain.runKeyword(WebUIKeywordMain.groovy:20)
	at com.kms.katalon.core.webui.keyword.builtin.VerifyElementPresentKeyword.verifyElementPresent(VerifyElementPresentKeyword.groovy:92)
	at com.kms.katalon.core.webui.keyword.builtin.VerifyElementPresentKeyword.execute(VerifyElementPresentKeyword.groovy:68)
	at com.kms.katalon.core.keyword.internal.KeywordExecutor.executeKeywordForPlatform(KeywordExecutor.groovy:73)
	at com.kms.katalon.core.webui.keyword.WebUiBuiltInKeywords.verifyElementPresent(WebUiBuiltInKeywords.groovy:1445)
	at com.kms.katalon.core.webui.keyword.WebUiBuiltInKeywords$verifyElementPresent$2.call(Unknown Source)
	at login.LoginForAdminDevEnvironment.login(LoginForAdminDevEnvironment.groovy:18)
	at login.LoginForAdminDevEnvironment$login.call(Unknown Source)
	at Login.login(Login.groovy:37)
	at Login.invokeMethod(Login.groovy)
	at com.kms.katalon.core.context.internal.TestHooker.invokeMethod(TestHooker.java:111)
	at com.kms.katalon.core.context.internal.TestHooker.lambda$3(TestHooker.java:95)
	at com.kms.katalon.core.context.internal.TestHooker.invokeContextMethods(TestHooker.java:94)
	at com.kms.katalon.core.context.internal.TestListenerCollector.lambda$3(TestListenerCollector.java:88)
	at com.kms.katalon.core.context.internal.TestListenerCollector.handleListenerEvent(TestListenerCollector.java:85)
	at com.kms.katalon.core.context.internal.ExecutionEventManager.publicEvent(ExecutionEventManager.java:36)
	at com.kms.katalon.core.main.TestCaseExecutor.execute(TestCaseExecutor.java:221)
	at com.kms.katalon.core.main.TestSuiteExecutor.accessTestCaseMainPhase(TestSuiteExecutor.java:191)
	at com.kms.katalon.core.main.TestSuiteExecutor.accessTestSuiteMainPhase(TestSuiteExecutor.java:141)
	at com.kms.katalon.core.main.TestSuiteExecutor.execute(TestSuiteExecutor.java:90)
	at com.kms.katalon.core.main.TestCaseMain.startTestSuite(TestCaseMain.java:157)
	at com.kms.katalon.core.main.TestCaseMain$startTestSuite$0.call(Unknown Source)
	at TempTestSuite1610561623229.run(TempTestSuite1610561623229.groovy:39)
)

2021-01-13 13:37:02 - [TEST_STEP][PASSED] - Thread.sleep(3000): null

2021-01-13 13:37:05 - [TEST_STEP][PASSED] - url = getUrl(): Current window's url is: 'https://qualitlabs.dev.modist.co/products/502'

2021-01-13 13:37:05 - [MESSAGE][PASSED] - Current window's url is: 'https://qualitlabs.dev.modist.co/products/502'

2021-01-13 13:37:05 - [TEST_STEP][PASSED] - if (!(url.contains("dashboard"))): com.kms.katalon.core.webui.exception.WebElementNotFoundException: Web element with id: 'Object Repository/Login Credentials/Email' located by '//input[@name='email']' not found (Root cause: com.kms.katalon.core.exception.StepFailedException: com.kms.katalon.core.webui.exception.WebElementNotFoundException: Web element with id: 'Object Repository/Login Credentials/Email' located by '//input[@name='email']' not found
	at com.kms.katalon.core.webui.keyword.internal.WebUIKeywordMain.stepFailed(WebUIKeywordMain.groovy:64)
	at com.kms.katalon.core.webui.keyword.builtin.VerifyElementPresentKeyword$_verifyElementPresent_closure1.doCall(VerifyElementPresentKeyword.groovy:85)
	at com.kms.katalon.core.webui.keyword.builtin.VerifyElementPresentKeyword$_verifyElementPresent_closure1.call(VerifyElementPresentKeyword.groovy)
	at com.kms.katalon.core.webui.keyword.internal.WebUIKeywordMain.runKeyword(WebUIKeywordMain.groovy:20)
	at com.kms.katalon.core.webui.keyword.builtin.VerifyElementPresentKeyword.verifyElementPresent(VerifyElementPresentKeyword.groovy:92)
	at com.kms.katalon.core.webui.keyword.builtin.VerifyElementPresentKeyword.execute(VerifyElementPresentKeyword.groovy:68)
	at com.kms.katalon.core.keyword.internal.KeywordExecutor.executeKeywordForPlatform(KeywordExecutor.groovy:73)
	at com.kms.katalon.core.webui.keyword.WebUiBuiltInKeywords.verifyElementPresent(WebUiBuiltInKeywords.groovy:1445)
	at com.kms.katalon.core.webui.keyword.WebUiBuiltInKeywords$verifyElementPresent$2.call(Unknown Source)
	at login.LoginForAdminDevEnvironment.login(LoginForAdminDevEnvironment.groovy:18)
	at login.LoginForAdminDevEnvironment$login.call(Unknown Source)
	at Login.login(Login.groovy:37)
	at Login.invokeMethod(Login.groovy)
	at com.kms.katalon.core.context.internal.TestHooker.invokeMethod(TestHooker.java:111)
	at com.kms.katalon.core.context.internal.TestHooker.lambda$3(TestHooker.java:95)
	at com.kms.katalon.core.context.internal.TestHooker.invokeContextMethods(TestHooker.java:94)
	at com.kms.katalon.core.context.internal.TestListenerCollector.lambda$3(TestListenerCollector.java:88)
	at com.kms.katalon.core.context.internal.TestListenerCollector.handleListenerEvent(TestListenerCollector.java:85)
	at com.kms.katalon.core.context.internal.ExecutionEventManager.publicEvent(ExecutionEventManager.java:36)
	at com.kms.katalon.core.main.TestCaseExecutor.execute(TestCaseExecutor.java:221)
	at com.kms.katalon.core.main.TestSuiteExecutor.accessTestCaseMainPhase(TestSuiteExecutor.java:191)
	at com.kms.katalon.core.main.TestSuiteExecutor.accessTestSuiteMainPhase(TestSuiteExecutor.java:141)
	at com.kms.katalon.core.main.TestSuiteExecutor.execute(TestSuiteExecutor.java:90)
	at com.kms.katalon.core.main.TestCaseMain.startTestSuite(TestCaseMain.java:157)
	at com.kms.katalon.core.main.TestCaseMain$startTestSuite$0.call(Unknown Source)
	at TempTestSuite1610561623229.run(TempTestSuite1610561623229.groovy:39)
)

2021-01-13 13:37:05 - [TEST_STEP][PASSED] - navigateToUrl(Url): Navigate to 'https://dev-admin.modist.co/' successfully

2021-01-13 13:37:06 - [MESSAGE][PASSED] - Navigate to 'https://dev-admin.modist.co/' successfully

2021-01-13 13:37:06 - [TEST_STEP][PASSED] - loginPage.login(Email, Password): com.kms.katalon.core.webui.exception.WebElementNotFoundException: Web element with id: 'Object Repository/Login Credentials/Email' located by '//input[@name='email']' not found (Root cause: com.kms.katalon.core.exception.StepFailedException: com.kms.katalon.core.webui.exception.WebElementNotFoundException: Web element with id: 'Object Repository/Login Credentials/Email' located by '//input[@name='email']' not found
	at com.kms.katalon.core.webui.keyword.internal.WebUIKeywordMain.stepFailed(WebUIKeywordMain.groovy:64)
	at com.kms.katalon.core.webui.keyword.builtin.VerifyElementPresentKeyword$_verifyElementPresent_closure1.doCall(VerifyElementPresentKeyword.groovy:85)
	at com.kms.katalon.core.webui.keyword.builtin.VerifyElementPresentKeyword$_verifyElementPresent_closure1.call(VerifyElementPresentKeyword.groovy)
	at com.kms.katalon.core.webui.keyword.internal.WebUIKeywordMain.runKeyword(WebUIKeywordMain.groovy:20)
	at com.kms.katalon.core.webui.keyword.builtin.VerifyElementPresentKeyword.verifyElementPresent(VerifyElementPresentKeyword.groovy:92)
	at com.kms.katalon.core.webui.keyword.builtin.VerifyElementPresentKeyword.execute(VerifyElementPresentKeyword.groovy:68)
	at com.kms.katalon.core.keyword.internal.KeywordExecutor.executeKeywordForPlatform(KeywordExecutor.groovy:73)
	at com.kms.katalon.core.webui.keyword.WebUiBuiltInKeywords.verifyElementPresent(WebUiBuiltInKeywords.groovy:1445)
	at com.kms.katalon.core.webui.keyword.WebUiBuiltInKeywords$verifyElementPresent$2.call(Unknown Source)
	at login.LoginForAdminDevEnvironment.login(LoginForAdminDevEnvironment.groovy:18)
	at login.LoginForAdminDevEnvironment$login.call(Unknown Source)
	at Login.login(Login.groovy:37)
	at Login.invokeMethod(Login.groovy)
	at com.kms.katalon.core.context.internal.TestHooker.invokeMethod(TestHooker.java:111)
	at com.kms.katalon.core.context.internal.TestHooker.lambda$3(TestHooker.java:95)
	at com.kms.katalon.core.context.internal.TestHooker.invokeContextMethods(TestHooker.java:94)
	at com.kms.katalon.core.context.internal.TestListenerCollector.lambda$3(TestListenerCollector.java:88)
	at com.kms.katalon.core.context.internal.TestListenerCollector.handleListenerEvent(TestListenerCollector.java:85)
	at com.kms.katalon.core.context.internal.ExecutionEventManager.publicEvent(ExecutionEventManager.java:36)
	at com.kms.katalon.core.main.TestCaseExecutor.execute(TestCaseExecutor.java:221)
	at com.kms.katalon.core.main.TestSuiteExecutor.accessTestCaseMainPhase(TestSuiteExecutor.java:191)
	at com.kms.katalon.core.main.TestSuiteExecutor.accessTestSuiteMainPhase(TestSuiteExecutor.java:141)
	at com.kms.katalon.core.main.TestSuiteExecutor.execute(TestSuiteExecutor.java:90)
	at com.kms.katalon.core.main.TestCaseMain.startTestSuite(TestCaseMain.java:157)
	at com.kms.katalon.core.main.TestCaseMain$startTestSuite$0.call(Unknown Source)
	at TempTestSuite1610561623229.run(TempTestSuite1610561623229.groovy:39)
)

2021-01-13 13:37:11 - [MESSAGE][INFO] - Unable to find the element located by 'By.xpath: //input[@name='email']'. Please recheck the objects properties to make sure the desired element is located. 

2021-01-13 13:37:11 - [MESSAGE][WARNING] - com.kms.katalon.core.webui.exception.WebElementNotFoundException: Web element with id: 'Object Repository/Login Credentials/Email' located by '//input[@name='email']' not found (Root cause: com.kms.katalon.core.exception.StepFailedException: com.kms.katalon.core.webui.exception.WebElementNotFoundException: Web element with id: 'Object Repository/Login Credentials/Email' located by '//input[@name='email']' not found
	at com.kms.katalon.core.webui.keyword.internal.WebUIKeywordMain.stepFailed(WebUIKeywordMain.groovy:64)
	at com.kms.katalon.core.webui.keyword.builtin.VerifyElementPresentKeyword$_verifyElementPresent_closure1.doCall(VerifyElementPresentKeyword.groovy:85)
	at com.kms.katalon.core.webui.keyword.builtin.VerifyElementPresentKeyword$_verifyElementPresent_closure1.call(VerifyElementPresentKeyword.groovy)
	at com.kms.katalon.core.webui.keyword.internal.WebUIKeywordMain.runKeyword(WebUIKeywordMain.groovy:20)
	at com.kms.katalon.core.webui.keyword.builtin.VerifyElementPresentKeyword.verifyElementPresent(VerifyElementPresentKeyword.groovy:92)
	at com.kms.katalon.core.webui.keyword.builtin.VerifyElementPresentKeyword.execute(VerifyElementPresentKeyword.groovy:68)
	at com.kms.katalon.core.keyword.internal.KeywordExecutor.executeKeywordForPlatform(KeywordExecutor.groovy:73)
	at com.kms.katalon.core.webui.keyword.WebUiBuiltInKeywords.verifyElementPresent(WebUiBuiltInKeywords.groovy:1445)
	at com.kms.katalon.core.webui.keyword.WebUiBuiltInKeywords$verifyElementPresent$2.call(Unknown Source)
	at login.LoginForAdminDevEnvironment.login(LoginForAdminDevEnvironment.groovy:18)
	at login.LoginForAdminDevEnvironment$login.call(Unknown Source)
	at Login.login(Login.groovy:37)
	at Login.invokeMethod(Login.groovy)
	at com.kms.katalon.core.context.internal.TestHooker.invokeMethod(TestHooker.java:111)
	at com.kms.katalon.core.context.internal.TestHooker.lambda$3(TestHooker.java:95)
	at com.kms.katalon.core.context.internal.TestHooker.invokeContextMethods(TestHooker.java:94)
	at com.kms.katalon.core.context.internal.TestListenerCollector.lambda$3(TestListenerCollector.java:88)
	at com.kms.katalon.core.context.internal.TestListenerCollector.handleListenerEvent(TestListenerCollector.java:85)
	at com.kms.katalon.core.context.internal.ExecutionEventManager.publicEvent(ExecutionEventManager.java:36)
	at com.kms.katalon.core.main.TestCaseExecutor.execute(TestCaseExecutor.java:221)
	at com.kms.katalon.core.main.TestSuiteExecutor.accessTestCaseMainPhase(TestSuiteExecutor.java:191)
	at com.kms.katalon.core.main.TestSuiteExecutor.accessTestSuiteMainPhase(TestSuiteExecutor.java:141)
	at com.kms.katalon.core.main.TestSuiteExecutor.execute(TestSuiteExecutor.java:90)
	at com.kms.katalon.core.main.TestCaseMain.startTestSuite(TestCaseMain.java:157)
	at com.kms.katalon.core.main.TestCaseMain$startTestSuite$0.call(Unknown Source)
	at TempTestSuite1610561623229.run(TempTestSuite1610561623229.groovy:39)
)
[[ATTACHMENT|E:\\Modist\\ModistProject\\Reports\\20210113_131343\\AllTestCases\\20210113_131343\\1610563031571.png]]

2021-01-13 13:37:12 - [TEST_STEP][PASSED] - pages.Journey.clickOnJourneyTab(): pages.Journey.clickOnJourneyTab is PASSED

2021-01-13 13:37:12 - [MESSAGE][PASSED] - Object 'Object Repository/Journey/Journeytab' is present

2021-01-13 13:37:12 - [MESSAGE][PASSED] - Object 'Object Repository/Journey/Journeytab' is visible

2021-01-13 13:37:13 - [MESSAGE][PASSED] - Object 'Object Repository/Journey/Journeytab' is clickable

2021-01-13 13:37:13 - [MESSAGE][PASSED] - Object: 'Object Repository/Journey/Journeytab' is clicked on

2021-01-13 13:37:13 - [MESSAGE][PASSED] - pages.Journey.clickOnJourneyTab is PASSED

2021-01-13 13:37:13 - [TEST_STEP][PASSED] - journeyName = pages.Journey.getRandomJourneyName(): pages.Journey.getRandomJourneyName is PASSED

2021-01-13 13:37:13 - [MESSAGE][PASSED] - Object 'Object Repository/Journey/toGetJourneysCount' is present

2021-01-13 13:37:14 - [MESSAGE][PASSED] - Object 'Object Repository/Journey/toGetJourneysCount' is present

2021-01-13 13:37:14 - [MESSAGE][PASSED] - Text of object 'Object Repository/Journey/toPickrandomJourney(index)' is: 'JO7'

2021-01-13 13:37:14 - [MESSAGE][PASSED] - pages.Journey.getRandomJourneyName is PASSED

2021-01-13 13:37:14 - [TEST_STEP][PASSED] - accessCode = pages.Journey.getExistingJourneyAccesscode(journeyName): pages.Journey.getExistingJourneyAccesscode is PASSED

2021-01-13 13:37:15 - [MESSAGE][PASSED] - Object 'Object Repository/Journey/journrySearchInput' is present

2021-01-13 13:37:15 - [MESSAGE][PASSED] - Object 'Object Repository/Journey/journrySearchInput' is visible

2021-01-13 13:37:15 - [MESSAGE][PASSED] - Object 'Object Repository/Journey/journrySearchInput' is clickable

2021-01-13 13:37:16 - [MESSAGE][PASSED] - Text of object 'Object Repository/Journey/journrySearchInput' is cleared

2021-01-13 13:37:16 - [MESSAGE][PASSED] - Keys '' sent to object: 'Object Repository/Journey/journrySearchInput'

2021-01-13 13:37:16 - [MESSAGE][PASSED] - Keys 'J' sent to object: 'Object Repository/Journey/journrySearchInput'

2021-01-13 13:37:17 - [MESSAGE][PASSED] - Keys 'O' sent to object: 'Object Repository/Journey/journrySearchInput'

2021-01-13 13:37:18 - [MESSAGE][PASSED] - Keys '7' sent to object: 'Object Repository/Journey/journrySearchInput'

2021-01-13 13:37:18 - [MESSAGE][PASSED] - Object 'Object Repository/Journey/journrySearchInput' is present

2021-01-13 13:37:19 - [MESSAGE][PASSED] - Object 'Object Repository/Journey/journrySearchInput' is visible

2021-01-13 13:37:20 - [MESSAGE][PASSED] - Object 'Object Repository/Journey/journrySearchInput' is clickable

2021-01-13 13:37:20 - [MESSAGE][PASSED] - Text of object 'Object Repository/Journey/journrySearchInput' is cleared

2021-01-13 13:37:20 - [MESSAGE][PASSED] - Keys '' sent to object: 'Object Repository/Journey/journrySearchInput'

2021-01-13 13:37:21 - [MESSAGE][PASSED] - Keys 'J' sent to object: 'Object Repository/Journey/journrySearchInput'

2021-01-13 13:37:22 - [MESSAGE][PASSED] - Keys 'O' sent to object: 'Object Repository/Journey/journrySearchInput'

2021-01-13 13:37:23 - [MESSAGE][PASSED] - Keys '7' sent to object: 'Object Repository/Journey/journrySearchInput'

2021-01-13 13:37:24 - [MESSAGE][PASSED] - Object 'Object Repository/Journey/clickVerifyingJourney(journeyName)' is present

2021-01-13 13:37:24 - [MESSAGE][PASSED] - Object 'Object Repository/Journey/clickVerifyingJourney(journeyName)' is visible

2021-01-13 13:37:25 - [MESSAGE][PASSED] - Object 'Object Repository/Journey/clickVerifyingJourney(journeyName)' is clickable

2021-01-13 13:37:25 - [MESSAGE][PASSED] - Object: 'Object Repository/Journey/clickVerifyingJourney(journeyName)' is clicked on

2021-01-13 13:37:26 - [MESSAGE][PASSED] - Scroll to object 'Object Repository/Journey/Current Access Codes/currentAccessCodeField' successfully

2021-01-13 13:37:27 - [MESSAGE][PASSED] - Object 'Object Repository/Journey/Current Access Codes/getAccessCodesCount' is present

2021-01-13 13:37:27 - [MESSAGE][PASSED] - Text of object 'Object Repository/Journey/Current Access Codes/getAccessCodeText(index)' is: 'access7'

2021-01-13 13:37:27 - [MESSAGE][PASSED] - pages.Journey.getExistingJourneyAccesscode is PASSED

2021-01-13 13:37:27 - [TEST_STEP][PASSED] - login.LoginForJourneyApplication.loginToJourneyApplication(): login.LoginForJourneyApplication.loginToJourneyApplication is PASSED

2021-01-13 13:37:28 - [MESSAGE][PASSED] - Navigate to 'https://qualitlabs.dev.modist.co/' successfully

2021-01-13 13:37:28 - [MESSAGE][PASSED] - login.LoginForJourneyApplication.loginToJourneyApplication is PASSED

2021-01-13 13:37:28 - [TEST_STEP][PASSED] - pages.Journey.enterAccessCodeInJourney(accessCode): pages.Journey.enterAccessCodeInJourney is PASSED

2021-01-13 13:37:28 - [MESSAGE][PASSED] - Object 'Object Repository/Journey/JourneyPortal/enterAccessCode' is present

2021-01-13 13:37:29 - [MESSAGE][PASSED] - Object 'Object Repository/Journey/JourneyPortal/enterAccessCode' is visible

2021-01-13 13:37:29 - [MESSAGE][PASSED] - Object 'Object Repository/Journey/JourneyPortal/enterAccessCode' is clickable

2021-01-13 13:37:30 - [MESSAGE][PASSED] - Text of object 'Object Repository/Journey/JourneyPortal/enterAccessCode' is cleared

2021-01-13 13:37:30 - [MESSAGE][PASSED] - Keys 'access7' sent to object: 'Object Repository/Journey/JourneyPortal/enterAccessCode'

2021-01-13 13:37:30 - [MESSAGE][PASSED] - pages.Journey.enterAccessCodeInJourney is PASSED

2021-01-13 13:37:30 - [TEST_STEP][PASSED] - pages.Journey.clickEnterButton(): pages.Journey.clickEnterButton is PASSED

2021-01-13 13:37:31 - [MESSAGE][PASSED] - Object 'Object Repository/Journey/JourneyPortal/EnterButton' is present

2021-01-13 13:37:31 - [MESSAGE][PASSED] - Object 'Object Repository/Journey/JourneyPortal/EnterButton' is visible

2021-01-13 13:37:31 - [MESSAGE][PASSED] - Object 'Object Repository/Journey/JourneyPortal/EnterButton' is clickable

2021-01-13 13:37:32 - [MESSAGE][PASSED] - Object: 'Object Repository/Journey/JourneyPortal/EnterButton' is clicked on

2021-01-13 13:37:32 - [MESSAGE][PASSED] - pages.Journey.clickEnterButton is PASSED

2021-01-13 13:37:32 - [TEST_STEP][PASSED] - pages.Journey.sectionPageVerification(): pages.Journey.sectionPageVerification is PASSED

2021-01-13 13:37:33 - [MESSAGE][PASSED] - Object 'Object Repository/Journey/JourneyPortal/Section/sectionPage' is present

2021-01-13 13:37:33 - [MESSAGE][PASSED] - pages.Journey.sectionPageVerification is PASSED]]></system-out>
         <system-err><![CDATA[]]></system-err>
      </testcase>
      <testcase name="Test Cases/JourneyPortal/loginToJourneyApplicationThroughInvalidAccessCodeAndVerifyTheErrorMessage" time="62.759" classname="Test Cases/JourneyPortal/loginToJourneyApplicationThroughInvalidAccessCodeAndVerifyTheErrorMessage" status="FAILED">
         <failure type="FAILED" message="Test Cases/JourneyPortal/loginToJourneyApplicationThroughInvalidAccessCodeAndVerifyTheErrorMessage FAILED.
Reason:
com.kms.katalon.core.exception.StepFailedException: your have entered a valid access code
	at com.kms.katalon.core.util.KeywordUtil.markFailedAndStop(KeywordUtil.java:28)
	at com.kms.katalon.core.util.KeywordUtil$markFailedAndStop$0.call(Unknown Source)
	at verification.Verification.verifyElementPresent(Verification.groovy:31)
	at verification.Verification.verifyElementPresent(Verification.groovy)
	at pages.Journey.errorLoginCheck(Journey.groovy:157)
	at pages.Journey.invokeMethod(Journey.groovy)
	at com.kms.katalon.core.main.CustomKeywordDelegatingMetaClass.invokeStaticMethod(CustomKeywordDelegatingMetaClass.java:50)
	at loginToJourneyApplicationThroughInvalidAccessCodeAndVerifyTheErrorMessage.run(loginToJourneyApplicationThroughInvalidAccessCodeAndVerifyTheErrorMessage:32)
	at com.kms.katalon.core.main.ScriptEngine.run(ScriptEngine.java:194)
	at com.kms.katalon.core.main.ScriptEngine.runScriptAsRawText(ScriptEngine.java:119)
	at com.kms.katalon.core.main.TestCaseExecutor.runScript(TestCaseExecutor.java:339)
	at com.kms.katalon.core.main.TestCaseExecutor.doExecute(TestCaseExecutor.java:330)
	at com.kms.katalon.core.main.TestCaseExecutor.processExecutionPhase(TestCaseExecutor.java:309)
	at com.kms.katalon.core.main.TestCaseExecutor.accessMainPhase(TestCaseExecutor.java:301)
	at com.kms.katalon.core.main.TestCaseExecutor.execute(TestCaseExecutor.java:235)
	at com.kms.katalon.core.main.TestSuiteExecutor.accessTestCaseMainPhase(TestSuiteExecutor.java:191)
	at com.kms.katalon.core.main.TestSuiteExecutor.accessTestSuiteMainPhase(TestSuiteExecutor.java:141)
	at com.kms.katalon.core.main.TestSuiteExecutor.execute(TestSuiteExecutor.java:90)
	at com.kms.katalon.core.main.TestCaseMain.startTestSuite(TestCaseMain.java:157)
	at com.kms.katalon.core.main.TestCaseMain$startTestSuite$0.call(Unknown Source)
	at TempTestSuite1610561623229.run(TempTestSuite1610561623229.groovy:39)
"/>
         <system-out><![CDATA[2021-01-13 13:37:33 - [TEST_CASE][FAILED] - Test Cases/JourneyPortal/loginToJourneyApplicationThroughInvalidAccessCodeAndVerifyTheErrorMessage: Test Cases/JourneyPortal/loginToJourneyApplicationThroughInvalidAccessCodeAndVerifyTheErrorMessage FAILED.
Reason:
com.kms.katalon.core.exception.StepFailedException: your have entered a valid access code
	at com.kms.katalon.core.util.KeywordUtil.markFailedAndStop(KeywordUtil.java:28)
	at com.kms.katalon.core.util.KeywordUtil$markFailedAndStop$0.call(Unknown Source)
	at verification.Verification.verifyElementPresent(Verification.groovy:31)
	at verification.Verification.verifyElementPresent(Verification.groovy)
	at pages.Journey.errorLoginCheck(Journey.groovy:157)
	at pages.Journey.invokeMethod(Journey.groovy)
	at com.kms.katalon.core.main.CustomKeywordDelegatingMetaClass.invokeStaticMethod(CustomKeywordDelegatingMetaClass.java:50)
	at loginToJourneyApplicationThroughInvalidAccessCodeAndVerifyTheErrorMessage.run(loginToJourneyApplicationThroughInvalidAccessCodeAndVerifyTheErrorMessage:32)
	at com.kms.katalon.core.main.ScriptEngine.run(ScriptEngine.java:194)
	at com.kms.katalon.core.main.ScriptEngine.runScriptAsRawText(ScriptEngine.java:119)
	at com.kms.katalon.core.main.TestCaseExecutor.runScript(TestCaseExecutor.java:339)
	at com.kms.katalon.core.main.TestCaseExecutor.doExecute(TestCaseExecutor.java:330)
	at com.kms.katalon.core.main.TestCaseExecutor.processExecutionPhase(TestCaseExecutor.java:309)
	at com.kms.katalon.core.main.TestCaseExecutor.accessMainPhase(TestCaseExecutor.java:301)
	at com.kms.katalon.core.main.TestCaseExecutor.execute(TestCaseExecutor.java:235)
	at com.kms.katalon.core.main.TestSuiteExecutor.accessTestCaseMainPhase(TestSuiteExecutor.java:191)
	at com.kms.katalon.core.main.TestSuiteExecutor.accessTestSuiteMainPhase(TestSuiteExecutor.java:141)
	at com.kms.katalon.core.main.TestSuiteExecutor.execute(TestSuiteExecutor.java:90)
	at com.kms.katalon.core.main.TestCaseMain.startTestSuite(TestCaseMain.java:157)
	at com.kms.katalon.core.main.TestCaseMain$startTestSuite$0.call(Unknown Source)
	at TempTestSuite1610561623229.run(TempTestSuite1610561623229.groovy:39)


2021-01-13 13:37:33 - [TEST_STEP][PASSED] - Start listener action : login: com.kms.katalon.core.webui.exception.WebElementNotFoundException: Web element with id: 'Object Repository/Login Credentials/Email' located by '//input[@name='email']' not found (Root cause: com.kms.katalon.core.exception.StepFailedException: com.kms.katalon.core.webui.exception.WebElementNotFoundException: Web element with id: 'Object Repository/Login Credentials/Email' located by '//input[@name='email']' not found
	at com.kms.katalon.core.webui.keyword.internal.WebUIKeywordMain.stepFailed(WebUIKeywordMain.groovy:64)
	at com.kms.katalon.core.webui.keyword.builtin.VerifyElementPresentKeyword$_verifyElementPresent_closure1.doCall(VerifyElementPresentKeyword.groovy:85)
	at com.kms.katalon.core.webui.keyword.builtin.VerifyElementPresentKeyword$_verifyElementPresent_closure1.call(VerifyElementPresentKeyword.groovy)
	at com.kms.katalon.core.webui.keyword.internal.WebUIKeywordMain.runKeyword(WebUIKeywordMain.groovy:20)
	at com.kms.katalon.core.webui.keyword.builtin.VerifyElementPresentKeyword.verifyElementPresent(VerifyElementPresentKeyword.groovy:92)
	at com.kms.katalon.core.webui.keyword.builtin.VerifyElementPresentKeyword.execute(VerifyElementPresentKeyword.groovy:68)
	at com.kms.katalon.core.keyword.internal.KeywordExecutor.executeKeywordForPlatform(KeywordExecutor.groovy:73)
	at com.kms.katalon.core.webui.keyword.WebUiBuiltInKeywords.verifyElementPresent(WebUiBuiltInKeywords.groovy:1445)
	at com.kms.katalon.core.webui.keyword.WebUiBuiltInKeywords$verifyElementPresent$2.call(Unknown Source)
	at login.LoginForAdminDevEnvironment.login(LoginForAdminDevEnvironment.groovy:18)
	at login.LoginForAdminDevEnvironment$login.call(Unknown Source)
	at Login.login(Login.groovy:37)
	at Login.invokeMethod(Login.groovy)
	at com.kms.katalon.core.context.internal.TestHooker.invokeMethod(TestHooker.java:111)
	at com.kms.katalon.core.context.internal.TestHooker.lambda$3(TestHooker.java:95)
	at com.kms.katalon.core.context.internal.TestHooker.invokeContextMethods(TestHooker.java:94)
	at com.kms.katalon.core.context.internal.TestListenerCollector.lambda$3(TestListenerCollector.java:88)
	at com.kms.katalon.core.context.internal.TestListenerCollector.handleListenerEvent(TestListenerCollector.java:85)
	at com.kms.katalon.core.context.internal.ExecutionEventManager.publicEvent(ExecutionEventManager.java:36)
	at com.kms.katalon.core.main.TestCaseExecutor.execute(TestCaseExecutor.java:221)
	at com.kms.katalon.core.main.TestSuiteExecutor.accessTestCaseMainPhase(TestSuiteExecutor.java:191)
	at com.kms.katalon.core.main.TestSuiteExecutor.accessTestSuiteMainPhase(TestSuiteExecutor.java:141)
	at com.kms.katalon.core.main.TestSuiteExecutor.execute(TestSuiteExecutor.java:90)
	at com.kms.katalon.core.main.TestCaseMain.startTestSuite(TestCaseMain.java:157)
	at com.kms.katalon.core.main.TestCaseMain$startTestSuite$0.call(Unknown Source)
	at TempTestSuite1610561623229.run(TempTestSuite1610561623229.groovy:39)
)

2021-01-13 13:37:33 - [TEST_STEP][PASSED] - Thread.sleep(3000): null

2021-01-13 13:37:36 - [TEST_STEP][PASSED] - url = getUrl(): Current window's url is: 'https://qualitlabs.dev.modist.co/section/521'

2021-01-13 13:37:36 - [MESSAGE][PASSED] - Current window's url is: 'https://qualitlabs.dev.modist.co/section/521'

2021-01-13 13:37:36 - [TEST_STEP][PASSED] - if (!(url.contains("dashboard"))): com.kms.katalon.core.webui.exception.WebElementNotFoundException: Web element with id: 'Object Repository/Login Credentials/Email' located by '//input[@name='email']' not found (Root cause: com.kms.katalon.core.exception.StepFailedException: com.kms.katalon.core.webui.exception.WebElementNotFoundException: Web element with id: 'Object Repository/Login Credentials/Email' located by '//input[@name='email']' not found
	at com.kms.katalon.core.webui.keyword.internal.WebUIKeywordMain.stepFailed(WebUIKeywordMain.groovy:64)
	at com.kms.katalon.core.webui.keyword.builtin.VerifyElementPresentKeyword$_verifyElementPresent_closure1.doCall(VerifyElementPresentKeyword.groovy:85)
	at com.kms.katalon.core.webui.keyword.builtin.VerifyElementPresentKeyword$_verifyElementPresent_closure1.call(VerifyElementPresentKeyword.groovy)
	at com.kms.katalon.core.webui.keyword.internal.WebUIKeywordMain.runKeyword(WebUIKeywordMain.groovy:20)
	at com.kms.katalon.core.webui.keyword.builtin.VerifyElementPresentKeyword.verifyElementPresent(VerifyElementPresentKeyword.groovy:92)
	at com.kms.katalon.core.webui.keyword.builtin.VerifyElementPresentKeyword.execute(VerifyElementPresentKeyword.groovy:68)
	at com.kms.katalon.core.keyword.internal.KeywordExecutor.executeKeywordForPlatform(KeywordExecutor.groovy:73)
	at com.kms.katalon.core.webui.keyword.WebUiBuiltInKeywords.verifyElementPresent(WebUiBuiltInKeywords.groovy:1445)
	at com.kms.katalon.core.webui.keyword.WebUiBuiltInKeywords$verifyElementPresent$2.call(Unknown Source)
	at login.LoginForAdminDevEnvironment.login(LoginForAdminDevEnvironment.groovy:18)
	at login.LoginForAdminDevEnvironment$login.call(Unknown Source)
	at Login.login(Login.groovy:37)
	at Login.invokeMethod(Login.groovy)
	at com.kms.katalon.core.context.internal.TestHooker.invokeMethod(TestHooker.java:111)
	at com.kms.katalon.core.context.internal.TestHooker.lambda$3(TestHooker.java:95)
	at com.kms.katalon.core.context.internal.TestHooker.invokeContextMethods(TestHooker.java:94)
	at com.kms.katalon.core.context.internal.TestListenerCollector.lambda$3(TestListenerCollector.java:88)
	at com.kms.katalon.core.context.internal.TestListenerCollector.handleListenerEvent(TestListenerCollector.java:85)
	at com.kms.katalon.core.context.internal.ExecutionEventManager.publicEvent(ExecutionEventManager.java:36)
	at com.kms.katalon.core.main.TestCaseExecutor.execute(TestCaseExecutor.java:221)
	at com.kms.katalon.core.main.TestSuiteExecutor.accessTestCaseMainPhase(TestSuiteExecutor.java:191)
	at com.kms.katalon.core.main.TestSuiteExecutor.accessTestSuiteMainPhase(TestSuiteExecutor.java:141)
	at com.kms.katalon.core.main.TestSuiteExecutor.execute(TestSuiteExecutor.java:90)
	at com.kms.katalon.core.main.TestCaseMain.startTestSuite(TestCaseMain.java:157)
	at com.kms.katalon.core.main.TestCaseMain$startTestSuite$0.call(Unknown Source)
	at TempTestSuite1610561623229.run(TempTestSuite1610561623229.groovy:39)
)

2021-01-13 13:37:36 - [TEST_STEP][PASSED] - navigateToUrl(Url): Navigate to 'https://dev-admin.modist.co/' successfully

2021-01-13 13:37:36 - [MESSAGE][PASSED] - Navigate to 'https://dev-admin.modist.co/' successfully

2021-01-13 13:37:36 - [TEST_STEP][PASSED] - loginPage.login(Email, Password): com.kms.katalon.core.webui.exception.WebElementNotFoundException: Web element with id: 'Object Repository/Login Credentials/Email' located by '//input[@name='email']' not found (Root cause: com.kms.katalon.core.exception.StepFailedException: com.kms.katalon.core.webui.exception.WebElementNotFoundException: Web element with id: 'Object Repository/Login Credentials/Email' located by '//input[@name='email']' not found
	at com.kms.katalon.core.webui.keyword.internal.WebUIKeywordMain.stepFailed(WebUIKeywordMain.groovy:64)
	at com.kms.katalon.core.webui.keyword.builtin.VerifyElementPresentKeyword$_verifyElementPresent_closure1.doCall(VerifyElementPresentKeyword.groovy:85)
	at com.kms.katalon.core.webui.keyword.builtin.VerifyElementPresentKeyword$_verifyElementPresent_closure1.call(VerifyElementPresentKeyword.groovy)
	at com.kms.katalon.core.webui.keyword.internal.WebUIKeywordMain.runKeyword(WebUIKeywordMain.groovy:20)
	at com.kms.katalon.core.webui.keyword.builtin.VerifyElementPresentKeyword.verifyElementPresent(VerifyElementPresentKeyword.groovy:92)
	at com.kms.katalon.core.webui.keyword.builtin.VerifyElementPresentKeyword.execute(VerifyElementPresentKeyword.groovy:68)
	at com.kms.katalon.core.keyword.internal.KeywordExecutor.executeKeywordForPlatform(KeywordExecutor.groovy:73)
	at com.kms.katalon.core.webui.keyword.WebUiBuiltInKeywords.verifyElementPresent(WebUiBuiltInKeywords.groovy:1445)
	at com.kms.katalon.core.webui.keyword.WebUiBuiltInKeywords$verifyElementPresent$2.call(Unknown Source)
	at login.LoginForAdminDevEnvironment.login(LoginForAdminDevEnvironment.groovy:18)
	at login.LoginForAdminDevEnvironment$login.call(Unknown Source)
	at Login.login(Login.groovy:37)
	at Login.invokeMethod(Login.groovy)
	at com.kms.katalon.core.context.internal.TestHooker.invokeMethod(TestHooker.java:111)
	at com.kms.katalon.core.context.internal.TestHooker.lambda$3(TestHooker.java:95)
	at com.kms.katalon.core.context.internal.TestHooker.invokeContextMethods(TestHooker.java:94)
	at com.kms.katalon.core.context.internal.TestListenerCollector.lambda$3(TestListenerCollector.java:88)
	at com.kms.katalon.core.context.internal.TestListenerCollector.handleListenerEvent(TestListenerCollector.java:85)
	at com.kms.katalon.core.context.internal.ExecutionEventManager.publicEvent(ExecutionEventManager.java:36)
	at com.kms.katalon.core.main.TestCaseExecutor.execute(TestCaseExecutor.java:221)
	at com.kms.katalon.core.main.TestSuiteExecutor.accessTestCaseMainPhase(TestSuiteExecutor.java:191)
	at com.kms.katalon.core.main.TestSuiteExecutor.accessTestSuiteMainPhase(TestSuiteExecutor.java:141)
	at com.kms.katalon.core.main.TestSuiteExecutor.execute(TestSuiteExecutor.java:90)
	at com.kms.katalon.core.main.TestCaseMain.startTestSuite(TestCaseMain.java:157)
	at com.kms.katalon.core.main.TestCaseMain$startTestSuite$0.call(Unknown Source)
	at TempTestSuite1610561623229.run(TempTestSuite1610561623229.groovy:39)
)

2021-01-13 13:37:41 - [MESSAGE][INFO] - Unable to find the element located by 'By.xpath: //input[@name='email']'. Please recheck the objects properties to make sure the desired element is located. 

2021-01-13 13:37:41 - [MESSAGE][WARNING] - com.kms.katalon.core.webui.exception.WebElementNotFoundException: Web element with id: 'Object Repository/Login Credentials/Email' located by '//input[@name='email']' not found (Root cause: com.kms.katalon.core.exception.StepFailedException: com.kms.katalon.core.webui.exception.WebElementNotFoundException: Web element with id: 'Object Repository/Login Credentials/Email' located by '//input[@name='email']' not found
	at com.kms.katalon.core.webui.keyword.internal.WebUIKeywordMain.stepFailed(WebUIKeywordMain.groovy:64)
	at com.kms.katalon.core.webui.keyword.builtin.VerifyElementPresentKeyword$_verifyElementPresent_closure1.doCall(VerifyElementPresentKeyword.groovy:85)
	at com.kms.katalon.core.webui.keyword.builtin.VerifyElementPresentKeyword$_verifyElementPresent_closure1.call(VerifyElementPresentKeyword.groovy)
	at com.kms.katalon.core.webui.keyword.internal.WebUIKeywordMain.runKeyword(WebUIKeywordMain.groovy:20)
	at com.kms.katalon.core.webui.keyword.builtin.VerifyElementPresentKeyword.verifyElementPresent(VerifyElementPresentKeyword.groovy:92)
	at com.kms.katalon.core.webui.keyword.builtin.VerifyElementPresentKeyword.execute(VerifyElementPresentKeyword.groovy:68)
	at com.kms.katalon.core.keyword.internal.KeywordExecutor.executeKeywordForPlatform(KeywordExecutor.groovy:73)
	at com.kms.katalon.core.webui.keyword.WebUiBuiltInKeywords.verifyElementPresent(WebUiBuiltInKeywords.groovy:1445)
	at com.kms.katalon.core.webui.keyword.WebUiBuiltInKeywords$verifyElementPresent$2.call(Unknown Source)
	at login.LoginForAdminDevEnvironment.login(LoginForAdminDevEnvironment.groovy:18)
	at login.LoginForAdminDevEnvironment$login.call(Unknown Source)
	at Login.login(Login.groovy:37)
	at Login.invokeMethod(Login.groovy)
	at com.kms.katalon.core.context.internal.TestHooker.invokeMethod(TestHooker.java:111)
	at com.kms.katalon.core.context.internal.TestHooker.lambda$3(TestHooker.java:95)
	at com.kms.katalon.core.context.internal.TestHooker.invokeContextMethods(TestHooker.java:94)
	at com.kms.katalon.core.context.internal.TestListenerCollector.lambda$3(TestListenerCollector.java:88)
	at com.kms.katalon.core.context.internal.TestListenerCollector.handleListenerEvent(TestListenerCollector.java:85)
	at com.kms.katalon.core.context.internal.ExecutionEventManager.publicEvent(ExecutionEventManager.java:36)
	at com.kms.katalon.core.main.TestCaseExecutor.execute(TestCaseExecutor.java:221)
	at com.kms.katalon.core.main.TestSuiteExecutor.accessTestCaseMainPhase(TestSuiteExecutor.java:191)
	at com.kms.katalon.core.main.TestSuiteExecutor.accessTestSuiteMainPhase(TestSuiteExecutor.java:141)
	at com.kms.katalon.core.main.TestSuiteExecutor.execute(TestSuiteExecutor.java:90)
	at com.kms.katalon.core.main.TestCaseMain.startTestSuite(TestCaseMain.java:157)
	at com.kms.katalon.core.main.TestCaseMain$startTestSuite$0.call(Unknown Source)
	at TempTestSuite1610561623229.run(TempTestSuite1610561623229.groovy:39)
)
[[ATTACHMENT|E:\\Modist\\ModistProject\\Reports\\20210113_131343\\AllTestCases\\20210113_131343\\1610563061571.png]]

2021-01-13 13:37:42 - [TEST_STEP][PASSED] - pages.Journey.clickOnJourneyTab(): pages.Journey.clickOnJourneyTab is PASSED

2021-01-13 13:37:42 - [MESSAGE][PASSED] - Object 'Object Repository/Journey/Journeytab' is present

2021-01-13 13:37:42 - [MESSAGE][PASSED] - Object 'Object Repository/Journey/Journeytab' is visible

2021-01-13 13:37:43 - [MESSAGE][PASSED] - Object 'Object Repository/Journey/Journeytab' is clickable

2021-01-13 13:37:43 - [MESSAGE][PASSED] - Object: 'Object Repository/Journey/Journeytab' is clicked on

2021-01-13 13:37:43 - [MESSAGE][PASSED] - pages.Journey.clickOnJourneyTab is PASSED

2021-01-13 13:37:43 - [TEST_STEP][PASSED] - journeyName = pages.Journey.getRandomJourneyName(): pages.Journey.getRandomJourneyName is PASSED

2021-01-13 13:37:43 - [MESSAGE][PASSED] - Object 'Object Repository/Journey/toGetJourneysCount' is present

2021-01-13 13:37:44 - [MESSAGE][PASSED] - Object 'Object Repository/Journey/toGetJourneysCount' is present

2021-01-13 13:37:44 - [MESSAGE][PASSED] - Text of object 'Object Repository/Journey/toPickrandomJourney(index)' is: 'JO8'

2021-01-13 13:37:44 - [MESSAGE][PASSED] - pages.Journey.getRandomJourneyName is PASSED

2021-01-13 13:37:44 - [TEST_STEP][PASSED] - accessCode = pages.Journey.getExistingJourneyAccesscode(journeyName): pages.Journey.getExistingJourneyAccesscode is PASSED

2021-01-13 13:37:44 - [MESSAGE][PASSED] - Object 'Object Repository/Journey/journrySearchInput' is present

2021-01-13 13:37:45 - [MESSAGE][PASSED] - Object 'Object Repository/Journey/journrySearchInput' is visible

2021-01-13 13:37:45 - [MESSAGE][PASSED] - Object 'Object Repository/Journey/journrySearchInput' is clickable

2021-01-13 13:37:46 - [MESSAGE][PASSED] - Text of object 'Object Repository/Journey/journrySearchInput' is cleared

2021-01-13 13:37:46 - [MESSAGE][PASSED] - Keys '' sent to object: 'Object Repository/Journey/journrySearchInput'

2021-01-13 13:37:46 - [MESSAGE][PASSED] - Keys 'J' sent to object: 'Object Repository/Journey/journrySearchInput'

2021-01-13 13:37:47 - [MESSAGE][PASSED] - Keys 'O' sent to object: 'Object Repository/Journey/journrySearchInput'

2021-01-13 13:37:48 - [MESSAGE][PASSED] - Keys '8' sent to object: 'Object Repository/Journey/journrySearchInput'

2021-01-13 13:37:48 - [MESSAGE][PASSED] - Object 'Object Repository/Journey/journrySearchInput' is present

2021-01-13 13:37:49 - [MESSAGE][PASSED] - Object 'Object Repository/Journey/journrySearchInput' is visible

2021-01-13 13:37:50 - [MESSAGE][PASSED] - Object 'Object Repository/Journey/journrySearchInput' is clickable

2021-01-13 13:37:50 - [MESSAGE][PASSED] - Text of object 'Object Repository/Journey/journrySearchInput' is cleared

2021-01-13 13:37:50 - [MESSAGE][PASSED] - Keys '' sent to object: 'Object Repository/Journey/journrySearchInput'

2021-01-13 13:37:51 - [MESSAGE][PASSED] - Keys 'J' sent to object: 'Object Repository/Journey/journrySearchInput'

2021-01-13 13:37:51 - [MESSAGE][PASSED] - Keys 'O' sent to object: 'Object Repository/Journey/journrySearchInput'

2021-01-13 13:37:52 - [MESSAGE][PASSED] - Keys '8' sent to object: 'Object Repository/Journey/journrySearchInput'

2021-01-13 13:37:53 - [MESSAGE][PASSED] - Object 'Object Repository/Journey/clickVerifyingJourney(journeyName)' is present

2021-01-13 13:37:53 - [MESSAGE][PASSED] - Object 'Object Repository/Journey/clickVerifyingJourney(journeyName)' is visible

2021-01-13 13:37:54 - [MESSAGE][PASSED] - Object 'Object Repository/Journey/clickVerifyingJourney(journeyName)' is clickable

2021-01-13 13:37:54 - [MESSAGE][PASSED] - Object: 'Object Repository/Journey/clickVerifyingJourney(journeyName)' is clicked on

2021-01-13 13:37:55 - [MESSAGE][PASSED] - Scroll to object 'Object Repository/Journey/Current Access Codes/currentAccessCodeField' successfully

2021-01-13 13:37:56 - [MESSAGE][PASSED] - Object 'Object Repository/Journey/Current Access Codes/getAccessCodesCount' is present

2021-01-13 13:37:57 - [MESSAGE][PASSED] - Text of object 'Object Repository/Journey/Current Access Codes/getAccessCodeText(index)' is: 'access1'

2021-01-13 13:37:57 - [MESSAGE][PASSED] - pages.Journey.getExistingJourneyAccesscode is PASSED

2021-01-13 13:37:57 - [TEST_STEP][PASSED] - accessCode = accessCode + pages.Journey.getRandomCount(): pages.Journey.getRandomCount is PASSED

2021-01-13 13:37:57 - [MESSAGE][PASSED] - pages.Journey.getRandomCount is PASSED

2021-01-13 13:37:57 - [TEST_STEP][PASSED] - login.LoginForJourneyApplication.loginToJourneyApplication(): login.LoginForJourneyApplication.loginToJourneyApplication is PASSED

2021-01-13 13:37:57 - [MESSAGE][PASSED] - Navigate to 'https://qualitlabs.dev.modist.co/' successfully

2021-01-13 13:37:57 - [MESSAGE][PASSED] - login.LoginForJourneyApplication.loginToJourneyApplication is PASSED

2021-01-13 13:37:57 - [TEST_STEP][PASSED] - pages.Journey.enterAccessCodeInJourney(accessCode): pages.Journey.enterAccessCodeInJourney is PASSED

2021-01-13 13:37:58 - [MESSAGE][PASSED] - Object 'Object Repository/Journey/JourneyPortal/enterAccessCode' is present

2021-01-13 13:37:58 - [MESSAGE][PASSED] - Object 'Object Repository/Journey/JourneyPortal/enterAccessCode' is visible

2021-01-13 13:37:59 - [MESSAGE][PASSED] - Object 'Object Repository/Journey/JourneyPortal/enterAccessCode' is clickable

2021-01-13 13:37:59 - [MESSAGE][PASSED] - Text of object 'Object Repository/Journey/JourneyPortal/enterAccessCode' is cleared

2021-01-13 13:38:00 - [MESSAGE][PASSED] - Keys 'access14' sent to object: 'Object Repository/Journey/JourneyPortal/enterAccessCode'

2021-01-13 13:38:00 - [MESSAGE][PASSED] - pages.Journey.enterAccessCodeInJourney is PASSED

2021-01-13 13:38:00 - [TEST_STEP][PASSED] - pages.Journey.clickEnterButton(): pages.Journey.clickEnterButton is PASSED

2021-01-13 13:38:00 - [MESSAGE][PASSED] - Object 'Object Repository/Journey/JourneyPortal/EnterButton' is present

2021-01-13 13:38:00 - [MESSAGE][PASSED] - Object 'Object Repository/Journey/JourneyPortal/EnterButton' is visible

2021-01-13 13:38:01 - [MESSAGE][PASSED] - Object 'Object Repository/Journey/JourneyPortal/EnterButton' is clickable

2021-01-13 13:38:01 - [MESSAGE][PASSED] - Object: 'Object Repository/Journey/JourneyPortal/EnterButton' is clicked on

2021-01-13 13:38:01 - [MESSAGE][PASSED] - pages.Journey.clickEnterButton is PASSED

2021-01-13 13:38:01 - [TEST_STEP][FAILED] - pages.Journey.errorLoginCheck(): your have entered a valid access code

2021-01-13 13:38:32 - [MESSAGE][INFO] - Unable to find the element located by 'By.xpath: //div[text()='Your Access-Code is invalid, please check your code and try again.']'. Please recheck the objects properties to make sure the desired element is located. 

2021-01-13 13:38:34 - [MESSAGE][WARNING] - com.kms.katalon.core.webui.exception.WebElementNotFoundException: Web element with id: 'Object Repository/Journey/JourneyPortal/warningMessageForInvalidAccessCode' located by '//div[text()='Your Access-Code is invalid, please check your code and try again.']' not found (Root cause: com.kms.katalon.core.exception.StepFailedException: com.kms.katalon.core.webui.exception.WebElementNotFoundException: Web element with id: 'Object Repository/Journey/JourneyPortal/warningMessageForInvalidAccessCode' located by '//div[text()='Your Access-Code is invalid, please check your code and try again.']' not found
	at com.kms.katalon.core.webui.keyword.internal.WebUIKeywordMain.stepFailed(WebUIKeywordMain.groovy:64)
	at com.kms.katalon.core.webui.keyword.builtin.VerifyElementPresentKeyword$_verifyElementPresent_closure1.doCall(VerifyElementPresentKeyword.groovy:85)
	at com.kms.katalon.core.webui.keyword.builtin.VerifyElementPresentKeyword$_verifyElementPresent_closure1.call(VerifyElementPresentKeyword.groovy)
	at com.kms.katalon.core.webui.keyword.internal.WebUIKeywordMain.runKeyword(WebUIKeywordMain.groovy:20)
	at com.kms.katalon.core.webui.keyword.builtin.VerifyElementPresentKeyword.verifyElementPresent(VerifyElementPresentKeyword.groovy:92)
	at com.kms.katalon.core.webui.keyword.builtin.VerifyElementPresentKeyword.execute(VerifyElementPresentKeyword.groovy:68)
	at com.kms.katalon.core.keyword.internal.KeywordExecutor.executeKeywordForPlatform(KeywordExecutor.groovy:73)
	at com.kms.katalon.core.webui.keyword.WebUiBuiltInKeywords.verifyElementPresent(WebUiBuiltInKeywords.groovy:1445)
	at com.kms.katalon.core.webui.keyword.WebUiBuiltInKeywords$verifyElementPresent$2.call(Unknown Source)
	at verification.Verification.verifyElementPresent(Verification.groovy:29)
	at verification.Verification.verifyElementPresent(Verification.groovy)
	at pages.Journey.errorLoginCheck(Journey.groovy:157)
	at pages.Journey.invokeMethod(Journey.groovy)
	at com.kms.katalon.core.main.CustomKeywordDelegatingMetaClass.invokeStaticMethod(CustomKeywordDelegatingMetaClass.java:50)
	at loginToJourneyApplicationThroughInvalidAccessCodeAndVerifyTheErrorMessage.run(loginToJourneyApplicationThroughInvalidAccessCodeAndVerifyTheErrorMessage:32)
	at com.kms.katalon.core.main.ScriptEngine.run(ScriptEngine.java:194)
	at com.kms.katalon.core.main.ScriptEngine.runScriptAsRawText(ScriptEngine.java:119)
	at com.kms.katalon.core.main.TestCaseExecutor.runScript(TestCaseExecutor.java:339)
	at com.kms.katalon.core.main.TestCaseExecutor.doExecute(TestCaseExecutor.java:330)
	at com.kms.katalon.core.main.TestCaseExecutor.processExecutionPhase(TestCaseExecutor.java:309)
	at com.kms.katalon.core.main.TestCaseExecutor.accessMainPhase(TestCaseExecutor.java:301)
	at com.kms.katalon.core.main.TestCaseExecutor.execute(TestCaseExecutor.java:235)
	at com.kms.katalon.core.main.TestSuiteExecutor.accessTestCaseMainPhase(TestSuiteExecutor.java:191)
	at com.kms.katalon.core.main.TestSuiteExecutor.accessTestSuiteMainPhase(TestSuiteExecutor.java:141)
	at com.kms.katalon.core.main.TestSuiteExecutor.execute(TestSuiteExecutor.java:90)
	at com.kms.katalon.core.main.TestCaseMain.startTestSuite(TestCaseMain.java:157)
	at com.kms.katalon.core.main.TestCaseMain$startTestSuite$0.call(Unknown Source)
	at TempTestSuite1610561623229.run(TempTestSuite1610561623229.groovy:39)
)
[[ATTACHMENT|E:\\Modist\\ModistProject\\Reports\\20210113_131343\\AllTestCases\\20210113_131343\\1610563112561.png]]

2021-01-13 13:38:35 - [MESSAGE][PASSED] - Taking screenshot successfully
[[ATTACHMENT|E:\Modist\ModistProject\Reports\20210113_131343\AllTestCases\20210113_131343\1610563114302.png]]

2021-01-13 13:38:35 - [MESSAGE][FAILED] - your have entered a valid access code]]></system-out>
         <system-err><![CDATA[2021-01-13 13:37:33 - [TEST_CASE][FAILED] - Test Cases/JourneyPortal/loginToJourneyApplicationThroughInvalidAccessCodeAndVerifyTheErrorMessage: Test Cases/JourneyPortal/loginToJourneyApplicationThroughInvalidAccessCodeAndVerifyTheErrorMessage FAILED.
Reason:
com.kms.katalon.core.exception.StepFailedException: your have entered a valid access code
	at com.kms.katalon.core.util.KeywordUtil.markFailedAndStop(KeywordUtil.java:28)
	at com.kms.katalon.core.util.KeywordUtil$markFailedAndStop$0.call(Unknown Source)
	at verification.Verification.verifyElementPresent(Verification.groovy:31)
	at verification.Verification.verifyElementPresent(Verification.groovy)
	at pages.Journey.errorLoginCheck(Journey.groovy:157)
	at pages.Journey.invokeMethod(Journey.groovy)
	at com.kms.katalon.core.main.CustomKeywordDelegatingMetaClass.invokeStaticMethod(CustomKeywordDelegatingMetaClass.java:50)
	at loginToJourneyApplicationThroughInvalidAccessCodeAndVerifyTheErrorMessage.run(loginToJourneyApplicationThroughInvalidAccessCodeAndVerifyTheErrorMessage:32)
	at com.kms.katalon.core.main.ScriptEngine.run(ScriptEngine.java:194)
	at com.kms.katalon.core.main.ScriptEngine.runScriptAsRawText(ScriptEngine.java:119)
	at com.kms.katalon.core.main.TestCaseExecutor.runScript(TestCaseExecutor.java:339)
	at com.kms.katalon.core.main.TestCaseExecutor.doExecute(TestCaseExecutor.java:330)
	at com.kms.katalon.core.main.TestCaseExecutor.processExecutionPhase(TestCaseExecutor.java:309)
	at com.kms.katalon.core.main.TestCaseExecutor.accessMainPhase(TestCaseExecutor.java:301)
	at com.kms.katalon.core.main.TestCaseExecutor.execute(TestCaseExecutor.java:235)
	at com.kms.katalon.core.main.TestSuiteExecutor.accessTestCaseMainPhase(TestSuiteExecutor.java:191)
	at com.kms.katalon.core.main.TestSuiteExecutor.accessTestSuiteMainPhase(TestSuiteExecutor.java:141)
	at com.kms.katalon.core.main.TestSuiteExecutor.execute(TestSuiteExecutor.java:90)
	at com.kms.katalon.core.main.TestCaseMain.startTestSuite(TestCaseMain.java:157)
	at com.kms.katalon.core.main.TestCaseMain$startTestSuite$0.call(Unknown Source)
	at TempTestSuite1610561623229.run(TempTestSuite1610561623229.groovy:39)]]></system-err>
      </testcase>
      <testcase name="Test Cases/JourneyPortal/loginToJourneyApplicationWithEmptyAccessCode" time="27.758" classname="Test Cases/JourneyPortal/loginToJourneyApplicationWithEmptyAccessCode" status="PASSED">
         <system-out><![CDATA[2021-01-13 13:38:35 - [TEST_CASE][PASSED] - Test Cases/JourneyPortal/loginToJourneyApplicationWithEmptyAccessCode: Test Cases/JourneyPortal/loginToJourneyApplicationWithEmptyAccessCode

2021-01-13 13:38:35 - [TEST_STEP][PASSED] - Start listener action : login: com.kms.katalon.core.webui.exception.WebElementNotFoundException: Web element with id: 'Object Repository/Login Credentials/Email' located by '//input[@name='email']' not found (Root cause: com.kms.katalon.core.exception.StepFailedException: com.kms.katalon.core.webui.exception.WebElementNotFoundException: Web element with id: 'Object Repository/Login Credentials/Email' located by '//input[@name='email']' not found
	at com.kms.katalon.core.webui.keyword.internal.WebUIKeywordMain.stepFailed(WebUIKeywordMain.groovy:64)
	at com.kms.katalon.core.webui.keyword.builtin.VerifyElementPresentKeyword$_verifyElementPresent_closure1.doCall(VerifyElementPresentKeyword.groovy:85)
	at com.kms.katalon.core.webui.keyword.builtin.VerifyElementPresentKeyword$_verifyElementPresent_closure1.call(VerifyElementPresentKeyword.groovy)
	at com.kms.katalon.core.webui.keyword.internal.WebUIKeywordMain.runKeyword(WebUIKeywordMain.groovy:20)
	at com.kms.katalon.core.webui.keyword.builtin.VerifyElementPresentKeyword.verifyElementPresent(VerifyElementPresentKeyword.groovy:92)
	at com.kms.katalon.core.webui.keyword.builtin.VerifyElementPresentKeyword.execute(VerifyElementPresentKeyword.groovy:68)
	at com.kms.katalon.core.keyword.internal.KeywordExecutor.executeKeywordForPlatform(KeywordExecutor.groovy:73)
	at com.kms.katalon.core.webui.keyword.WebUiBuiltInKeywords.verifyElementPresent(WebUiBuiltInKeywords.groovy:1445)
	at com.kms.katalon.core.webui.keyword.WebUiBuiltInKeywords$verifyElementPresent$2.call(Unknown Source)
	at login.LoginForAdminDevEnvironment.login(LoginForAdminDevEnvironment.groovy:18)
	at login.LoginForAdminDevEnvironment$login.call(Unknown Source)
	at Login.login(Login.groovy:37)
	at Login.invokeMethod(Login.groovy)
	at com.kms.katalon.core.context.internal.TestHooker.invokeMethod(TestHooker.java:111)
	at com.kms.katalon.core.context.internal.TestHooker.lambda$3(TestHooker.java:95)
	at com.kms.katalon.core.context.internal.TestHooker.invokeContextMethods(TestHooker.java:94)
	at com.kms.katalon.core.context.internal.TestListenerCollector.lambda$3(TestListenerCollector.java:88)
	at com.kms.katalon.core.context.internal.TestListenerCollector.handleListenerEvent(TestListenerCollector.java:85)
	at com.kms.katalon.core.context.internal.ExecutionEventManager.publicEvent(ExecutionEventManager.java:36)
	at com.kms.katalon.core.main.TestCaseExecutor.execute(TestCaseExecutor.java:221)
	at com.kms.katalon.core.main.TestSuiteExecutor.accessTestCaseMainPhase(TestSuiteExecutor.java:191)
	at com.kms.katalon.core.main.TestSuiteExecutor.accessTestSuiteMainPhase(TestSuiteExecutor.java:141)
	at com.kms.katalon.core.main.TestSuiteExecutor.execute(TestSuiteExecutor.java:90)
	at com.kms.katalon.core.main.TestCaseMain.startTestSuite(TestCaseMain.java:157)
	at com.kms.katalon.core.main.TestCaseMain$startTestSuite$0.call(Unknown Source)
	at TempTestSuite1610561623229.run(TempTestSuite1610561623229.groovy:39)
)

2021-01-13 13:38:35 - [TEST_STEP][PASSED] - Thread.sleep(3000): null

2021-01-13 13:38:38 - [TEST_STEP][PASSED] - url = getUrl(): Current window's url is: 'https://qualitlabs.dev.modist.co/section/501'

2021-01-13 13:38:38 - [MESSAGE][PASSED] - Current window's url is: 'https://qualitlabs.dev.modist.co/section/501'

2021-01-13 13:38:38 - [TEST_STEP][PASSED] - if (!(url.contains("dashboard"))): com.kms.katalon.core.webui.exception.WebElementNotFoundException: Web element with id: 'Object Repository/Login Credentials/Email' located by '//input[@name='email']' not found (Root cause: com.kms.katalon.core.exception.StepFailedException: com.kms.katalon.core.webui.exception.WebElementNotFoundException: Web element with id: 'Object Repository/Login Credentials/Email' located by '//input[@name='email']' not found
	at com.kms.katalon.core.webui.keyword.internal.WebUIKeywordMain.stepFailed(WebUIKeywordMain.groovy:64)
	at com.kms.katalon.core.webui.keyword.builtin.VerifyElementPresentKeyword$_verifyElementPresent_closure1.doCall(VerifyElementPresentKeyword.groovy:85)
	at com.kms.katalon.core.webui.keyword.builtin.VerifyElementPresentKeyword$_verifyElementPresent_closure1.call(VerifyElementPresentKeyword.groovy)
	at com.kms.katalon.core.webui.keyword.internal.WebUIKeywordMain.runKeyword(WebUIKeywordMain.groovy:20)
	at com.kms.katalon.core.webui.keyword.builtin.VerifyElementPresentKeyword.verifyElementPresent(VerifyElementPresentKeyword.groovy:92)
	at com.kms.katalon.core.webui.keyword.builtin.VerifyElementPresentKeyword.execute(VerifyElementPresentKeyword.groovy:68)
	at com.kms.katalon.core.keyword.internal.KeywordExecutor.executeKeywordForPlatform(KeywordExecutor.groovy:73)
	at com.kms.katalon.core.webui.keyword.WebUiBuiltInKeywords.verifyElementPresent(WebUiBuiltInKeywords.groovy:1445)
	at com.kms.katalon.core.webui.keyword.WebUiBuiltInKeywords$verifyElementPresent$2.call(Unknown Source)
	at login.LoginForAdminDevEnvironment.login(LoginForAdminDevEnvironment.groovy:18)
	at login.LoginForAdminDevEnvironment$login.call(Unknown Source)
	at Login.login(Login.groovy:37)
	at Login.invokeMethod(Login.groovy)
	at com.kms.katalon.core.context.internal.TestHooker.invokeMethod(TestHooker.java:111)
	at com.kms.katalon.core.context.internal.TestHooker.lambda$3(TestHooker.java:95)
	at com.kms.katalon.core.context.internal.TestHooker.invokeContextMethods(TestHooker.java:94)
	at com.kms.katalon.core.context.internal.TestListenerCollector.lambda$3(TestListenerCollector.java:88)
	at com.kms.katalon.core.context.internal.TestListenerCollector.handleListenerEvent(TestListenerCollector.java:85)
	at com.kms.katalon.core.context.internal.ExecutionEventManager.publicEvent(ExecutionEventManager.java:36)
	at com.kms.katalon.core.main.TestCaseExecutor.execute(TestCaseExecutor.java:221)
	at com.kms.katalon.core.main.TestSuiteExecutor.accessTestCaseMainPhase(TestSuiteExecutor.java:191)
	at com.kms.katalon.core.main.TestSuiteExecutor.accessTestSuiteMainPhase(TestSuiteExecutor.java:141)
	at com.kms.katalon.core.main.TestSuiteExecutor.execute(TestSuiteExecutor.java:90)
	at com.kms.katalon.core.main.TestCaseMain.startTestSuite(TestCaseMain.java:157)
	at com.kms.katalon.core.main.TestCaseMain$startTestSuite$0.call(Unknown Source)
	at TempTestSuite1610561623229.run(TempTestSuite1610561623229.groovy:39)
)

2021-01-13 13:38:38 - [TEST_STEP][PASSED] - navigateToUrl(Url): Navigate to 'https://dev-admin.modist.co/' successfully

2021-01-13 13:38:39 - [MESSAGE][PASSED] - Navigate to 'https://dev-admin.modist.co/' successfully

2021-01-13 13:38:39 - [TEST_STEP][PASSED] - loginPage.login(Email, Password): com.kms.katalon.core.webui.exception.WebElementNotFoundException: Web element with id: 'Object Repository/Login Credentials/Email' located by '//input[@name='email']' not found (Root cause: com.kms.katalon.core.exception.StepFailedException: com.kms.katalon.core.webui.exception.WebElementNotFoundException: Web element with id: 'Object Repository/Login Credentials/Email' located by '//input[@name='email']' not found
	at com.kms.katalon.core.webui.keyword.internal.WebUIKeywordMain.stepFailed(WebUIKeywordMain.groovy:64)
	at com.kms.katalon.core.webui.keyword.builtin.VerifyElementPresentKeyword$_verifyElementPresent_closure1.doCall(VerifyElementPresentKeyword.groovy:85)
	at com.kms.katalon.core.webui.keyword.builtin.VerifyElementPresentKeyword$_verifyElementPresent_closure1.call(VerifyElementPresentKeyword.groovy)
	at com.kms.katalon.core.webui.keyword.internal.WebUIKeywordMain.runKeyword(WebUIKeywordMain.groovy:20)
	at com.kms.katalon.core.webui.keyword.builtin.VerifyElementPresentKeyword.verifyElementPresent(VerifyElementPresentKeyword.groovy:92)
	at com.kms.katalon.core.webui.keyword.builtin.VerifyElementPresentKeyword.execute(VerifyElementPresentKeyword.groovy:68)
	at com.kms.katalon.core.keyword.internal.KeywordExecutor.executeKeywordForPlatform(KeywordExecutor.groovy:73)
	at com.kms.katalon.core.webui.keyword.WebUiBuiltInKeywords.verifyElementPresent(WebUiBuiltInKeywords.groovy:1445)
	at com.kms.katalon.core.webui.keyword.WebUiBuiltInKeywords$verifyElementPresent$2.call(Unknown Source)
	at login.LoginForAdminDevEnvironment.login(LoginForAdminDevEnvironment.groovy:18)
	at login.LoginForAdminDevEnvironment$login.call(Unknown Source)
	at Login.login(Login.groovy:37)
	at Login.invokeMethod(Login.groovy)
	at com.kms.katalon.core.context.internal.TestHooker.invokeMethod(TestHooker.java:111)
	at com.kms.katalon.core.context.internal.TestHooker.lambda$3(TestHooker.java:95)
	at com.kms.katalon.core.context.internal.TestHooker.invokeContextMethods(TestHooker.java:94)
	at com.kms.katalon.core.context.internal.TestListenerCollector.lambda$3(TestListenerCollector.java:88)
	at com.kms.katalon.core.context.internal.TestListenerCollector.handleListenerEvent(TestListenerCollector.java:85)
	at com.kms.katalon.core.context.internal.ExecutionEventManager.publicEvent(ExecutionEventManager.java:36)
	at com.kms.katalon.core.main.TestCaseExecutor.execute(TestCaseExecutor.java:221)
	at com.kms.katalon.core.main.TestSuiteExecutor.accessTestCaseMainPhase(TestSuiteExecutor.java:191)
	at com.kms.katalon.core.main.TestSuiteExecutor.accessTestSuiteMainPhase(TestSuiteExecutor.java:141)
	at com.kms.katalon.core.main.TestSuiteExecutor.execute(TestSuiteExecutor.java:90)
	at com.kms.katalon.core.main.TestCaseMain.startTestSuite(TestCaseMain.java:157)
	at com.kms.katalon.core.main.TestCaseMain$startTestSuite$0.call(Unknown Source)
	at TempTestSuite1610561623229.run(TempTestSuite1610561623229.groovy:39)
)

2021-01-13 13:38:44 - [MESSAGE][INFO] - Unable to find the element located by 'By.xpath: //input[@name='email']'. Please recheck the objects properties to make sure the desired element is located. 

2021-01-13 13:38:44 - [MESSAGE][WARNING] - com.kms.katalon.core.webui.exception.WebElementNotFoundException: Web element with id: 'Object Repository/Login Credentials/Email' located by '//input[@name='email']' not found (Root cause: com.kms.katalon.core.exception.StepFailedException: com.kms.katalon.core.webui.exception.WebElementNotFoundException: Web element with id: 'Object Repository/Login Credentials/Email' located by '//input[@name='email']' not found
	at com.kms.katalon.core.webui.keyword.internal.WebUIKeywordMain.stepFailed(WebUIKeywordMain.groovy:64)
	at com.kms.katalon.core.webui.keyword.builtin.VerifyElementPresentKeyword$_verifyElementPresent_closure1.doCall(VerifyElementPresentKeyword.groovy:85)
	at com.kms.katalon.core.webui.keyword.builtin.VerifyElementPresentKeyword$_verifyElementPresent_closure1.call(VerifyElementPresentKeyword.groovy)
	at com.kms.katalon.core.webui.keyword.internal.WebUIKeywordMain.runKeyword(WebUIKeywordMain.groovy:20)
	at com.kms.katalon.core.webui.keyword.builtin.VerifyElementPresentKeyword.verifyElementPresent(VerifyElementPresentKeyword.groovy:92)
	at com.kms.katalon.core.webui.keyword.builtin.VerifyElementPresentKeyword.execute(VerifyElementPresentKeyword.groovy:68)
	at com.kms.katalon.core.keyword.internal.KeywordExecutor.executeKeywordForPlatform(KeywordExecutor.groovy:73)
	at com.kms.katalon.core.webui.keyword.WebUiBuiltInKeywords.verifyElementPresent(WebUiBuiltInKeywords.groovy:1445)
	at com.kms.katalon.core.webui.keyword.WebUiBuiltInKeywords$verifyElementPresent$2.call(Unknown Source)
	at login.LoginForAdminDevEnvironment.login(LoginForAdminDevEnvironment.groovy:18)
	at login.LoginForAdminDevEnvironment$login.call(Unknown Source)
	at Login.login(Login.groovy:37)
	at Login.invokeMethod(Login.groovy)
	at com.kms.katalon.core.context.internal.TestHooker.invokeMethod(TestHooker.java:111)
	at com.kms.katalon.core.context.internal.TestHooker.lambda$3(TestHooker.java:95)
	at com.kms.katalon.core.context.internal.TestHooker.invokeContextMethods(TestHooker.java:94)
	at com.kms.katalon.core.context.internal.TestListenerCollector.lambda$3(TestListenerCollector.java:88)
	at com.kms.katalon.core.context.internal.TestListenerCollector.handleListenerEvent(TestListenerCollector.java:85)
	at com.kms.katalon.core.context.internal.ExecutionEventManager.publicEvent(ExecutionEventManager.java:36)
	at com.kms.katalon.core.main.TestCaseExecutor.execute(TestCaseExecutor.java:221)
	at com.kms.katalon.core.main.TestSuiteExecutor.accessTestCaseMainPhase(TestSuiteExecutor.java:191)
	at com.kms.katalon.core.main.TestSuiteExecutor.accessTestSuiteMainPhase(TestSuiteExecutor.java:141)
	at com.kms.katalon.core.main.TestSuiteExecutor.execute(TestSuiteExecutor.java:90)
	at com.kms.katalon.core.main.TestCaseMain.startTestSuite(TestCaseMain.java:157)
	at com.kms.katalon.core.main.TestCaseMain$startTestSuite$0.call(Unknown Source)
	at TempTestSuite1610561623229.run(TempTestSuite1610561623229.groovy:39)
)
[[ATTACHMENT|E:\\Modist\\ModistProject\\Reports\\20210113_131343\\AllTestCases\\20210113_131343\\1610563124353.png]]

2021-01-13 13:38:44 - [TEST_STEP][PASSED] - pages.Journey.clickOnJourneyTab(): pages.Journey.clickOnJourneyTab is PASSED

2021-01-13 13:38:45 - [MESSAGE][PASSED] - Object 'Object Repository/Journey/Journeytab' is present

2021-01-13 13:38:45 - [MESSAGE][PASSED] - Object 'Object Repository/Journey/Journeytab' is visible

2021-01-13 13:38:45 - [MESSAGE][PASSED] - Object 'Object Repository/Journey/Journeytab' is clickable

2021-01-13 13:38:46 - [MESSAGE][PASSED] - Object: 'Object Repository/Journey/Journeytab' is clicked on

2021-01-13 13:38:46 - [MESSAGE][PASSED] - pages.Journey.clickOnJourneyTab is PASSED

2021-01-13 13:38:46 - [TEST_STEP][PASSED] - journeyName = pages.Journey.getRandomJourneyName(): pages.Journey.getRandomJourneyName is PASSED

2021-01-13 13:38:46 - [MESSAGE][PASSED] - Object 'Object Repository/Journey/toGetJourneysCount' is present

2021-01-13 13:38:47 - [MESSAGE][PASSED] - Object 'Object Repository/Journey/toGetJourneysCount' is present

2021-01-13 13:38:48 - [MESSAGE][PASSED] - Text of object 'Object Repository/Journey/toPickrandomJourney(index)' is: 'KJO'

2021-01-13 13:38:48 - [MESSAGE][PASSED] - pages.Journey.getRandomJourneyName is PASSED

2021-01-13 13:38:48 - [TEST_STEP][PASSED] - accessCode = pages.Journey.getExistingJourneyAccesscode(journeyName): pages.Journey.getExistingJourneyAccesscode is PASSED

2021-01-13 13:38:48 - [MESSAGE][PASSED] - Object 'Object Repository/Journey/journrySearchInput' is present

2021-01-13 13:38:48 - [MESSAGE][PASSED] - Object 'Object Repository/Journey/journrySearchInput' is visible

2021-01-13 13:38:49 - [MESSAGE][PASSED] - Object 'Object Repository/Journey/journrySearchInput' is clickable

2021-01-13 13:38:49 - [MESSAGE][PASSED] - Text of object 'Object Repository/Journey/journrySearchInput' is cleared

2021-01-13 13:38:50 - [MESSAGE][PASSED] - Keys '' sent to object: 'Object Repository/Journey/journrySearchInput'

2021-01-13 13:38:50 - [MESSAGE][PASSED] - Keys 'K' sent to object: 'Object Repository/Journey/journrySearchInput'

2021-01-13 13:38:50 - [MESSAGE][PASSED] - Keys 'J' sent to object: 'Object Repository/Journey/journrySearchInput'

2021-01-13 13:38:51 - [MESSAGE][PASSED] - Keys 'O' sent to object: 'Object Repository/Journey/journrySearchInput'

2021-01-13 13:38:52 - [MESSAGE][PASSED] - Object 'Object Repository/Journey/journrySearchInput' is present

2021-01-13 13:38:52 - [MESSAGE][PASSED] - Object 'Object Repository/Journey/journrySearchInput' is visible

2021-01-13 13:38:53 - [MESSAGE][PASSED] - Object 'Object Repository/Journey/journrySearchInput' is clickable

2021-01-13 13:38:53 - [MESSAGE][PASSED] - Text of object 'Object Repository/Journey/journrySearchInput' is cleared

2021-01-13 13:38:53 - [MESSAGE][PASSED] - Keys '' sent to object: 'Object Repository/Journey/journrySearchInput'

2021-01-13 13:38:54 - [MESSAGE][PASSED] - Keys 'K' sent to object: 'Object Repository/Journey/journrySearchInput'

2021-01-13 13:38:54 - [MESSAGE][PASSED] - Keys 'J' sent to object: 'Object Repository/Journey/journrySearchInput'

2021-01-13 13:38:55 - [MESSAGE][PASSED] - Keys 'O' sent to object: 'Object Repository/Journey/journrySearchInput'

2021-01-13 13:38:55 - [MESSAGE][PASSED] - Object 'Object Repository/Journey/clickVerifyingJourney(journeyName)' is present

2021-01-13 13:38:55 - [MESSAGE][PASSED] - Object 'Object Repository/Journey/clickVerifyingJourney(journeyName)' is visible

2021-01-13 13:38:56 - [MESSAGE][PASSED] - Object 'Object Repository/Journey/clickVerifyingJourney(journeyName)' is clickable

2021-01-13 13:38:56 - [MESSAGE][PASSED] - Object: 'Object Repository/Journey/clickVerifyingJourney(journeyName)' is clicked on

2021-01-13 13:38:57 - [MESSAGE][PASSED] - Scroll to object 'Object Repository/Journey/Current Access Codes/currentAccessCodeField' successfully

2021-01-13 13:38:59 - [MESSAGE][PASSED] - Object 'Object Repository/Journey/Current Access Codes/getAccessCodesCount' is present

2021-01-13 13:39:00 - [MESSAGE][PASSED] - Text of object 'Object Repository/Journey/Current Access Codes/getAccessCodeText(index)' is: 'access9'

2021-01-13 13:39:00 - [MESSAGE][PASSED] - pages.Journey.getExistingJourneyAccesscode is PASSED

2021-01-13 13:39:00 - [TEST_STEP][PASSED] - login.LoginForJourneyApplication.loginToJourneyApplication(): login.LoginForJourneyApplication.loginToJourneyApplication is PASSED

2021-01-13 13:39:00 - [MESSAGE][PASSED] - Navigate to 'https://qualitlabs.dev.modist.co/' successfully

2021-01-13 13:39:00 - [MESSAGE][PASSED] - login.LoginForJourneyApplication.loginToJourneyApplication is PASSED

2021-01-13 13:39:00 - [TEST_STEP][PASSED] - pages.Journey.clickEnterButton(): pages.Journey.clickEnterButton is PASSED

2021-01-13 13:39:00 - [MESSAGE][PASSED] - Object 'Object Repository/Journey/JourneyPortal/EnterButton' is present

2021-01-13 13:39:01 - [MESSAGE][PASSED] - Object 'Object Repository/Journey/JourneyPortal/EnterButton' is visible

2021-01-13 13:39:01 - [MESSAGE][PASSED] - Object 'Object Repository/Journey/JourneyPortal/EnterButton' is clickable

2021-01-13 13:39:02 - [MESSAGE][PASSED] - Object: 'Object Repository/Journey/JourneyPortal/EnterButton' is clicked on

2021-01-13 13:39:02 - [MESSAGE][PASSED] - pages.Journey.clickEnterButton is PASSED

2021-01-13 13:39:02 - [TEST_STEP][PASSED] - pages.Journey.errorLoginCheck(): pages.Journey.errorLoginCheck is PASSED

2021-01-13 13:39:03 - [MESSAGE][PASSED] - Object 'Object Repository/Journey/JourneyPortal/warningMessageForInvalidAccessCode' is present

2021-01-13 13:39:03 - [MESSAGE][PASSED] - pages.Journey.errorLoginCheck is PASSED]]></system-out>
         <system-err><![CDATA[]]></system-err>
      </testcase>
      <testcase name="Test Cases/JourneyPortal/verifyCartIfNoItemsAvailable" time="66.914" classname="Test Cases/JourneyPortal/verifyCartIfNoItemsAvailable" status="FAILED">
         <failure type="FAILED" message="Test Cases/JourneyPortal/verifyCartIfNoItemsAvailable FAILED.
Reason:
com.kms.katalon.core.exception.StepFailedException: you are not in cart page
	at com.kms.katalon.core.util.KeywordUtil.markFailedAndStop(KeywordUtil.java:28)
	at com.kms.katalon.core.util.KeywordUtil$markFailedAndStop$0.call(Unknown Source)
	at verification.Verification.verifyElementPresent(Verification.groovy:31)
	at verification.Verification.verifyElementPresent(Verification.groovy)
	at pages.JourneyPortal.verifyElementOnCartIfNoItems(JourneyPortal.groovy:60)
	at pages.JourneyPortal.invokeMethod(JourneyPortal.groovy)
	at com.kms.katalon.core.main.CustomKeywordDelegatingMetaClass.invokeStaticMethod(CustomKeywordDelegatingMetaClass.java:50)
	at verifyCartIfNoItemsAvailable.run(verifyCartIfNoItemsAvailable:32)
	at com.kms.katalon.core.main.ScriptEngine.run(ScriptEngine.java:194)
	at com.kms.katalon.core.main.ScriptEngine.runScriptAsRawText(ScriptEngine.java:119)
	at com.kms.katalon.core.main.TestCaseExecutor.runScript(TestCaseExecutor.java:339)
	at com.kms.katalon.core.main.TestCaseExecutor.doExecute(TestCaseExecutor.java:330)
	at com.kms.katalon.core.main.TestCaseExecutor.processExecutionPhase(TestCaseExecutor.java:309)
	at com.kms.katalon.core.main.TestCaseExecutor.accessMainPhase(TestCaseExecutor.java:301)
	at com.kms.katalon.core.main.TestCaseExecutor.execute(TestCaseExecutor.java:235)
	at com.kms.katalon.core.main.TestSuiteExecutor.accessTestCaseMainPhase(TestSuiteExecutor.java:191)
	at com.kms.katalon.core.main.TestSuiteExecutor.accessTestSuiteMainPhase(TestSuiteExecutor.java:141)
	at com.kms.katalon.core.main.TestSuiteExecutor.execute(TestSuiteExecutor.java:90)
	at com.kms.katalon.core.main.TestCaseMain.startTestSuite(TestCaseMain.java:157)
	at com.kms.katalon.core.main.TestCaseMain$startTestSuite$0.call(Unknown Source)
	at TempTestSuite1610561623229.run(TempTestSuite1610561623229.groovy:39)
"/>
         <system-out><![CDATA[2021-01-13 13:39:03 - [TEST_CASE][FAILED] - Test Cases/JourneyPortal/verifyCartIfNoItemsAvailable: Test Cases/JourneyPortal/verifyCartIfNoItemsAvailable FAILED.
Reason:
com.kms.katalon.core.exception.StepFailedException: you are not in cart page
	at com.kms.katalon.core.util.KeywordUtil.markFailedAndStop(KeywordUtil.java:28)
	at com.kms.katalon.core.util.KeywordUtil$markFailedAndStop$0.call(Unknown Source)
	at verification.Verification.verifyElementPresent(Verification.groovy:31)
	at verification.Verification.verifyElementPresent(Verification.groovy)
	at pages.JourneyPortal.verifyElementOnCartIfNoItems(JourneyPortal.groovy:60)
	at pages.JourneyPortal.invokeMethod(JourneyPortal.groovy)
	at com.kms.katalon.core.main.CustomKeywordDelegatingMetaClass.invokeStaticMethod(CustomKeywordDelegatingMetaClass.java:50)
	at verifyCartIfNoItemsAvailable.run(verifyCartIfNoItemsAvailable:32)
	at com.kms.katalon.core.main.ScriptEngine.run(ScriptEngine.java:194)
	at com.kms.katalon.core.main.ScriptEngine.runScriptAsRawText(ScriptEngine.java:119)
	at com.kms.katalon.core.main.TestCaseExecutor.runScript(TestCaseExecutor.java:339)
	at com.kms.katalon.core.main.TestCaseExecutor.doExecute(TestCaseExecutor.java:330)
	at com.kms.katalon.core.main.TestCaseExecutor.processExecutionPhase(TestCaseExecutor.java:309)
	at com.kms.katalon.core.main.TestCaseExecutor.accessMainPhase(TestCaseExecutor.java:301)
	at com.kms.katalon.core.main.TestCaseExecutor.execute(TestCaseExecutor.java:235)
	at com.kms.katalon.core.main.TestSuiteExecutor.accessTestCaseMainPhase(TestSuiteExecutor.java:191)
	at com.kms.katalon.core.main.TestSuiteExecutor.accessTestSuiteMainPhase(TestSuiteExecutor.java:141)
	at com.kms.katalon.core.main.TestSuiteExecutor.execute(TestSuiteExecutor.java:90)
	at com.kms.katalon.core.main.TestCaseMain.startTestSuite(TestCaseMain.java:157)
	at com.kms.katalon.core.main.TestCaseMain$startTestSuite$0.call(Unknown Source)
	at TempTestSuite1610561623229.run(TempTestSuite1610561623229.groovy:39)


2021-01-13 13:39:03 - [TEST_STEP][PASSED] - Start listener action : login: com.kms.katalon.core.webui.exception.WebElementNotFoundException: Web element with id: 'Object Repository/Login Credentials/Email' located by '//input[@name='email']' not found (Root cause: com.kms.katalon.core.exception.StepFailedException: com.kms.katalon.core.webui.exception.WebElementNotFoundException: Web element with id: 'Object Repository/Login Credentials/Email' located by '//input[@name='email']' not found
	at com.kms.katalon.core.webui.keyword.internal.WebUIKeywordMain.stepFailed(WebUIKeywordMain.groovy:64)
	at com.kms.katalon.core.webui.keyword.builtin.VerifyElementPresentKeyword$_verifyElementPresent_closure1.doCall(VerifyElementPresentKeyword.groovy:85)
	at com.kms.katalon.core.webui.keyword.builtin.VerifyElementPresentKeyword$_verifyElementPresent_closure1.call(VerifyElementPresentKeyword.groovy)
	at com.kms.katalon.core.webui.keyword.internal.WebUIKeywordMain.runKeyword(WebUIKeywordMain.groovy:20)
	at com.kms.katalon.core.webui.keyword.builtin.VerifyElementPresentKeyword.verifyElementPresent(VerifyElementPresentKeyword.groovy:92)
	at com.kms.katalon.core.webui.keyword.builtin.VerifyElementPresentKeyword.execute(VerifyElementPresentKeyword.groovy:68)
	at com.kms.katalon.core.keyword.internal.KeywordExecutor.executeKeywordForPlatform(KeywordExecutor.groovy:73)
	at com.kms.katalon.core.webui.keyword.WebUiBuiltInKeywords.verifyElementPresent(WebUiBuiltInKeywords.groovy:1445)
	at com.kms.katalon.core.webui.keyword.WebUiBuiltInKeywords$verifyElementPresent$2.call(Unknown Source)
	at login.LoginForAdminDevEnvironment.login(LoginForAdminDevEnvironment.groovy:18)
	at login.LoginForAdminDevEnvironment$login.call(Unknown Source)
	at Login.login(Login.groovy:37)
	at Login.invokeMethod(Login.groovy)
	at com.kms.katalon.core.context.internal.TestHooker.invokeMethod(TestHooker.java:111)
	at com.kms.katalon.core.context.internal.TestHooker.lambda$3(TestHooker.java:95)
	at com.kms.katalon.core.context.internal.TestHooker.invokeContextMethods(TestHooker.java:94)
	at com.kms.katalon.core.context.internal.TestListenerCollector.lambda$3(TestListenerCollector.java:88)
	at com.kms.katalon.core.context.internal.TestListenerCollector.handleListenerEvent(TestListenerCollector.java:85)
	at com.kms.katalon.core.context.internal.ExecutionEventManager.publicEvent(ExecutionEventManager.java:36)
	at com.kms.katalon.core.main.TestCaseExecutor.execute(TestCaseExecutor.java:221)
	at com.kms.katalon.core.main.TestSuiteExecutor.accessTestCaseMainPhase(TestSuiteExecutor.java:191)
	at com.kms.katalon.core.main.TestSuiteExecutor.accessTestSuiteMainPhase(TestSuiteExecutor.java:141)
	at com.kms.katalon.core.main.TestSuiteExecutor.execute(TestSuiteExecutor.java:90)
	at com.kms.katalon.core.main.TestCaseMain.startTestSuite(TestCaseMain.java:157)
	at com.kms.katalon.core.main.TestCaseMain$startTestSuite$0.call(Unknown Source)
	at TempTestSuite1610561623229.run(TempTestSuite1610561623229.groovy:39)
)

2021-01-13 13:39:03 - [TEST_STEP][PASSED] - Thread.sleep(3000): null

2021-01-13 13:39:06 - [TEST_STEP][PASSED] - url = getUrl(): Current window's url is: 'https://qualitlabs.dev.modist.co/'

2021-01-13 13:39:06 - [MESSAGE][PASSED] - Current window's url is: 'https://qualitlabs.dev.modist.co/'

2021-01-13 13:39:06 - [TEST_STEP][PASSED] - if (!(url.contains("dashboard"))): com.kms.katalon.core.webui.exception.WebElementNotFoundException: Web element with id: 'Object Repository/Login Credentials/Email' located by '//input[@name='email']' not found (Root cause: com.kms.katalon.core.exception.StepFailedException: com.kms.katalon.core.webui.exception.WebElementNotFoundException: Web element with id: 'Object Repository/Login Credentials/Email' located by '//input[@name='email']' not found
	at com.kms.katalon.core.webui.keyword.internal.WebUIKeywordMain.stepFailed(WebUIKeywordMain.groovy:64)
	at com.kms.katalon.core.webui.keyword.builtin.VerifyElementPresentKeyword$_verifyElementPresent_closure1.doCall(VerifyElementPresentKeyword.groovy:85)
	at com.kms.katalon.core.webui.keyword.builtin.VerifyElementPresentKeyword$_verifyElementPresent_closure1.call(VerifyElementPresentKeyword.groovy)
	at com.kms.katalon.core.webui.keyword.internal.WebUIKeywordMain.runKeyword(WebUIKeywordMain.groovy:20)
	at com.kms.katalon.core.webui.keyword.builtin.VerifyElementPresentKeyword.verifyElementPresent(VerifyElementPresentKeyword.groovy:92)
	at com.kms.katalon.core.webui.keyword.builtin.VerifyElementPresentKeyword.execute(VerifyElementPresentKeyword.groovy:68)
	at com.kms.katalon.core.keyword.internal.KeywordExecutor.executeKeywordForPlatform(KeywordExecutor.groovy:73)
	at com.kms.katalon.core.webui.keyword.WebUiBuiltInKeywords.verifyElementPresent(WebUiBuiltInKeywords.groovy:1445)
	at com.kms.katalon.core.webui.keyword.WebUiBuiltInKeywords$verifyElementPresent$2.call(Unknown Source)
	at login.LoginForAdminDevEnvironment.login(LoginForAdminDevEnvironment.groovy:18)
	at login.LoginForAdminDevEnvironment$login.call(Unknown Source)
	at Login.login(Login.groovy:37)
	at Login.invokeMethod(Login.groovy)
	at com.kms.katalon.core.context.internal.TestHooker.invokeMethod(TestHooker.java:111)
	at com.kms.katalon.core.context.internal.TestHooker.lambda$3(TestHooker.java:95)
	at com.kms.katalon.core.context.internal.TestHooker.invokeContextMethods(TestHooker.java:94)
	at com.kms.katalon.core.context.internal.TestListenerCollector.lambda$3(TestListenerCollector.java:88)
	at com.kms.katalon.core.context.internal.TestListenerCollector.handleListenerEvent(TestListenerCollector.java:85)
	at com.kms.katalon.core.context.internal.ExecutionEventManager.publicEvent(ExecutionEventManager.java:36)
	at com.kms.katalon.core.main.TestCaseExecutor.execute(TestCaseExecutor.java:221)
	at com.kms.katalon.core.main.TestSuiteExecutor.accessTestCaseMainPhase(TestSuiteExecutor.java:191)
	at com.kms.katalon.core.main.TestSuiteExecutor.accessTestSuiteMainPhase(TestSuiteExecutor.java:141)
	at com.kms.katalon.core.main.TestSuiteExecutor.execute(TestSuiteExecutor.java:90)
	at com.kms.katalon.core.main.TestCaseMain.startTestSuite(TestCaseMain.java:157)
	at com.kms.katalon.core.main.TestCaseMain$startTestSuite$0.call(Unknown Source)
	at TempTestSuite1610561623229.run(TempTestSuite1610561623229.groovy:39)
)

2021-01-13 13:39:06 - [TEST_STEP][PASSED] - navigateToUrl(Url): Navigate to 'https://dev-admin.modist.co/' successfully

2021-01-13 13:39:06 - [MESSAGE][PASSED] - Navigate to 'https://dev-admin.modist.co/' successfully

2021-01-13 13:39:06 - [TEST_STEP][PASSED] - loginPage.login(Email, Password): com.kms.katalon.core.webui.exception.WebElementNotFoundException: Web element with id: 'Object Repository/Login Credentials/Email' located by '//input[@name='email']' not found (Root cause: com.kms.katalon.core.exception.StepFailedException: com.kms.katalon.core.webui.exception.WebElementNotFoundException: Web element with id: 'Object Repository/Login Credentials/Email' located by '//input[@name='email']' not found
	at com.kms.katalon.core.webui.keyword.internal.WebUIKeywordMain.stepFailed(WebUIKeywordMain.groovy:64)
	at com.kms.katalon.core.webui.keyword.builtin.VerifyElementPresentKeyword$_verifyElementPresent_closure1.doCall(VerifyElementPresentKeyword.groovy:85)
	at com.kms.katalon.core.webui.keyword.builtin.VerifyElementPresentKeyword$_verifyElementPresent_closure1.call(VerifyElementPresentKeyword.groovy)
	at com.kms.katalon.core.webui.keyword.internal.WebUIKeywordMain.runKeyword(WebUIKeywordMain.groovy:20)
	at com.kms.katalon.core.webui.keyword.builtin.VerifyElementPresentKeyword.verifyElementPresent(VerifyElementPresentKeyword.groovy:92)
	at com.kms.katalon.core.webui.keyword.builtin.VerifyElementPresentKeyword.execute(VerifyElementPresentKeyword.groovy:68)
	at com.kms.katalon.core.keyword.internal.KeywordExecutor.executeKeywordForPlatform(KeywordExecutor.groovy:73)
	at com.kms.katalon.core.webui.keyword.WebUiBuiltInKeywords.verifyElementPresent(WebUiBuiltInKeywords.groovy:1445)
	at com.kms.katalon.core.webui.keyword.WebUiBuiltInKeywords$verifyElementPresent$2.call(Unknown Source)
	at login.LoginForAdminDevEnvironment.login(LoginForAdminDevEnvironment.groovy:18)
	at login.LoginForAdminDevEnvironment$login.call(Unknown Source)
	at Login.login(Login.groovy:37)
	at Login.invokeMethod(Login.groovy)
	at com.kms.katalon.core.context.internal.TestHooker.invokeMethod(TestHooker.java:111)
	at com.kms.katalon.core.context.internal.TestHooker.lambda$3(TestHooker.java:95)
	at com.kms.katalon.core.context.internal.TestHooker.invokeContextMethods(TestHooker.java:94)
	at com.kms.katalon.core.context.internal.TestListenerCollector.lambda$3(TestListenerCollector.java:88)
	at com.kms.katalon.core.context.internal.TestListenerCollector.handleListenerEvent(TestListenerCollector.java:85)
	at com.kms.katalon.core.context.internal.ExecutionEventManager.publicEvent(ExecutionEventManager.java:36)
	at com.kms.katalon.core.main.TestCaseExecutor.execute(TestCaseExecutor.java:221)
	at com.kms.katalon.core.main.TestSuiteExecutor.accessTestCaseMainPhase(TestSuiteExecutor.java:191)
	at com.kms.katalon.core.main.TestSuiteExecutor.accessTestSuiteMainPhase(TestSuiteExecutor.java:141)
	at com.kms.katalon.core.main.TestSuiteExecutor.execute(TestSuiteExecutor.java:90)
	at com.kms.katalon.core.main.TestCaseMain.startTestSuite(TestCaseMain.java:157)
	at com.kms.katalon.core.main.TestCaseMain$startTestSuite$0.call(Unknown Source)
	at TempTestSuite1610561623229.run(TempTestSuite1610561623229.groovy:39)
)

2021-01-13 13:39:12 - [MESSAGE][INFO] - Unable to find the element located by 'By.xpath: //input[@name='email']'. Please recheck the objects properties to make sure the desired element is located. 

2021-01-13 13:39:12 - [MESSAGE][WARNING] - com.kms.katalon.core.webui.exception.WebElementNotFoundException: Web element with id: 'Object Repository/Login Credentials/Email' located by '//input[@name='email']' not found (Root cause: com.kms.katalon.core.exception.StepFailedException: com.kms.katalon.core.webui.exception.WebElementNotFoundException: Web element with id: 'Object Repository/Login Credentials/Email' located by '//input[@name='email']' not found
	at com.kms.katalon.core.webui.keyword.internal.WebUIKeywordMain.stepFailed(WebUIKeywordMain.groovy:64)
	at com.kms.katalon.core.webui.keyword.builtin.VerifyElementPresentKeyword$_verifyElementPresent_closure1.doCall(VerifyElementPresentKeyword.groovy:85)
	at com.kms.katalon.core.webui.keyword.builtin.VerifyElementPresentKeyword$_verifyElementPresent_closure1.call(VerifyElementPresentKeyword.groovy)
	at com.kms.katalon.core.webui.keyword.internal.WebUIKeywordMain.runKeyword(WebUIKeywordMain.groovy:20)
	at com.kms.katalon.core.webui.keyword.builtin.VerifyElementPresentKeyword.verifyElementPresent(VerifyElementPresentKeyword.groovy:92)
	at com.kms.katalon.core.webui.keyword.builtin.VerifyElementPresentKeyword.execute(VerifyElementPresentKeyword.groovy:68)
	at com.kms.katalon.core.keyword.internal.KeywordExecutor.executeKeywordForPlatform(KeywordExecutor.groovy:73)
	at com.kms.katalon.core.webui.keyword.WebUiBuiltInKeywords.verifyElementPresent(WebUiBuiltInKeywords.groovy:1445)
	at com.kms.katalon.core.webui.keyword.WebUiBuiltInKeywords$verifyElementPresent$2.call(Unknown Source)
	at login.LoginForAdminDevEnvironment.login(LoginForAdminDevEnvironment.groovy:18)
	at login.LoginForAdminDevEnvironment$login.call(Unknown Source)
	at Login.login(Login.groovy:37)
	at Login.invokeMethod(Login.groovy)
	at com.kms.katalon.core.context.internal.TestHooker.invokeMethod(TestHooker.java:111)
	at com.kms.katalon.core.context.internal.TestHooker.lambda$3(TestHooker.java:95)
	at com.kms.katalon.core.context.internal.TestHooker.invokeContextMethods(TestHooker.java:94)
	at com.kms.katalon.core.context.internal.TestListenerCollector.lambda$3(TestListenerCollector.java:88)
	at com.kms.katalon.core.context.internal.TestListenerCollector.handleListenerEvent(TestListenerCollector.java:85)
	at com.kms.katalon.core.context.internal.ExecutionEventManager.publicEvent(ExecutionEventManager.java:36)
	at com.kms.katalon.core.main.TestCaseExecutor.execute(TestCaseExecutor.java:221)
	at com.kms.katalon.core.main.TestSuiteExecutor.accessTestCaseMainPhase(TestSuiteExecutor.java:191)
	at com.kms.katalon.core.main.TestSuiteExecutor.accessTestSuiteMainPhase(TestSuiteExecutor.java:141)
	at com.kms.katalon.core.main.TestSuiteExecutor.execute(TestSuiteExecutor.java:90)
	at com.kms.katalon.core.main.TestCaseMain.startTestSuite(TestCaseMain.java:157)
	at com.kms.katalon.core.main.TestCaseMain$startTestSuite$0.call(Unknown Source)
	at TempTestSuite1610561623229.run(TempTestSuite1610561623229.groovy:39)
)
[[ATTACHMENT|E:\\Modist\\ModistProject\\Reports\\20210113_131343\\AllTestCases\\20210113_131343\\1610563152135.png]]

2021-01-13 13:39:12 - [TEST_STEP][PASSED] - pages.Journey.clickOnJourneyTab(): pages.Journey.clickOnJourneyTab is PASSED

2021-01-13 13:39:12 - [MESSAGE][PASSED] - Object 'Object Repository/Journey/Journeytab' is present

2021-01-13 13:39:13 - [MESSAGE][PASSED] - Object 'Object Repository/Journey/Journeytab' is visible

2021-01-13 13:39:13 - [MESSAGE][PASSED] - Object 'Object Repository/Journey/Journeytab' is clickable

2021-01-13 13:39:13 - [MESSAGE][PASSED] - Object: 'Object Repository/Journey/Journeytab' is clicked on

2021-01-13 13:39:13 - [MESSAGE][PASSED] - pages.Journey.clickOnJourneyTab is PASSED

2021-01-13 13:39:13 - [TEST_STEP][PASSED] - journeyName = pages.Journey.getRandomJourneyName(): pages.Journey.getRandomJourneyName is PASSED

2021-01-13 13:39:14 - [MESSAGE][PASSED] - Object 'Object Repository/Journey/toGetJourneysCount' is present

2021-01-13 13:39:14 - [MESSAGE][PASSED] - Object 'Object Repository/Journey/toGetJourneysCount' is present

2021-01-13 13:39:15 - [MESSAGE][PASSED] - Text of object 'Object Repository/Journey/toPickrandomJourney(index)' is: 'DEMOJ'

2021-01-13 13:39:15 - [MESSAGE][PASSED] - pages.Journey.getRandomJourneyName is PASSED

2021-01-13 13:39:15 - [TEST_STEP][PASSED] - accessCode = pages.Journey.getExistingJourneyAccesscode(journeyName): pages.Journey.getExistingJourneyAccesscode is PASSED

2021-01-13 13:39:15 - [MESSAGE][PASSED] - Object 'Object Repository/Journey/journrySearchInput' is present

2021-01-13 13:39:15 - [MESSAGE][PASSED] - Object 'Object Repository/Journey/journrySearchInput' is visible

2021-01-13 13:39:16 - [MESSAGE][PASSED] - Object 'Object Repository/Journey/journrySearchInput' is clickable

2021-01-13 13:39:16 - [MESSAGE][PASSED] - Text of object 'Object Repository/Journey/journrySearchInput' is cleared

2021-01-13 13:39:16 - [MESSAGE][PASSED] - Keys '' sent to object: 'Object Repository/Journey/journrySearchInput'

2021-01-13 13:39:17 - [MESSAGE][PASSED] - Keys 'D' sent to object: 'Object Repository/Journey/journrySearchInput'

2021-01-13 13:39:17 - [MESSAGE][PASSED] - Keys 'E' sent to object: 'Object Repository/Journey/journrySearchInput'

2021-01-13 13:39:19 - [MESSAGE][PASSED] - Keys 'M' sent to object: 'Object Repository/Journey/journrySearchInput'

2021-01-13 13:39:20 - [MESSAGE][PASSED] - Keys 'O' sent to object: 'Object Repository/Journey/journrySearchInput'

2021-01-13 13:39:20 - [MESSAGE][PASSED] - Keys 'J' sent to object: 'Object Repository/Journey/journrySearchInput'

2021-01-13 13:39:21 - [MESSAGE][PASSED] - Object 'Object Repository/Journey/journrySearchInput' is present

2021-01-13 13:39:22 - [MESSAGE][PASSED] - Object 'Object Repository/Journey/journrySearchInput' is visible

2021-01-13 13:39:22 - [MESSAGE][PASSED] - Object 'Object Repository/Journey/journrySearchInput' is clickable

2021-01-13 13:39:22 - [MESSAGE][PASSED] - Text of object 'Object Repository/Journey/journrySearchInput' is cleared

2021-01-13 13:39:23 - [MESSAGE][PASSED] - Keys '' sent to object: 'Object Repository/Journey/journrySearchInput'

2021-01-13 13:39:23 - [MESSAGE][PASSED] - Keys 'D' sent to object: 'Object Repository/Journey/journrySearchInput'

2021-01-13 13:39:24 - [MESSAGE][PASSED] - Keys 'E' sent to object: 'Object Repository/Journey/journrySearchInput'

2021-01-13 13:39:24 - [MESSAGE][PASSED] - Keys 'M' sent to object: 'Object Repository/Journey/journrySearchInput'

2021-01-13 13:39:24 - [MESSAGE][PASSED] - Keys 'O' sent to object: 'Object Repository/Journey/journrySearchInput'

2021-01-13 13:39:26 - [MESSAGE][PASSED] - Keys 'J' sent to object: 'Object Repository/Journey/journrySearchInput'

2021-01-13 13:39:27 - [MESSAGE][PASSED] - Object 'Object Repository/Journey/clickVerifyingJourney(journeyName)' is present

2021-01-13 13:39:27 - [MESSAGE][PASSED] - Object 'Object Repository/Journey/clickVerifyingJourney(journeyName)' is visible

2021-01-13 13:39:28 - [MESSAGE][PASSED] - Object 'Object Repository/Journey/clickVerifyingJourney(journeyName)' is clickable

2021-01-13 13:39:28 - [MESSAGE][PASSED] - Object: 'Object Repository/Journey/clickVerifyingJourney(journeyName)' is clicked on

2021-01-13 13:39:29 - [MESSAGE][PASSED] - Scroll to object 'Object Repository/Journey/Current Access Codes/currentAccessCodeField' successfully

2021-01-13 13:39:30 - [MESSAGE][PASSED] - Object 'Object Repository/Journey/Current Access Codes/getAccessCodesCount' is present

2021-01-13 13:39:31 - [MESSAGE][PASSED] - Text of object 'Object Repository/Journey/Current Access Codes/getAccessCodeText(index)' is: 'access7'

2021-01-13 13:39:31 - [MESSAGE][PASSED] - pages.Journey.getExistingJourneyAccesscode is PASSED

2021-01-13 13:39:31 - [TEST_STEP][PASSED] - login.LoginForJourneyApplication.loginToJourneyApplication(): login.LoginForJourneyApplication.loginToJourneyApplication is PASSED

2021-01-13 13:39:31 - [MESSAGE][PASSED] - Navigate to 'https://qualitlabs.dev.modist.co/' successfully

2021-01-13 13:39:31 - [MESSAGE][PASSED] - login.LoginForJourneyApplication.loginToJourneyApplication is PASSED

2021-01-13 13:39:31 - [TEST_STEP][PASSED] - pages.Journey.enterAccessCodeInJourney(accessCode): pages.Journey.enterAccessCodeInJourney is PASSED

2021-01-13 13:39:32 - [MESSAGE][PASSED] - Object 'Object Repository/Journey/JourneyPortal/enterAccessCode' is present

2021-01-13 13:39:32 - [MESSAGE][PASSED] - Object 'Object Repository/Journey/JourneyPortal/enterAccessCode' is visible

2021-01-13 13:39:33 - [MESSAGE][PASSED] - Object 'Object Repository/Journey/JourneyPortal/enterAccessCode' is clickable

2021-01-13 13:39:33 - [MESSAGE][PASSED] - Text of object 'Object Repository/Journey/JourneyPortal/enterAccessCode' is cleared

2021-01-13 13:39:34 - [MESSAGE][PASSED] - Keys 'access7' sent to object: 'Object Repository/Journey/JourneyPortal/enterAccessCode'

2021-01-13 13:39:34 - [MESSAGE][PASSED] - pages.Journey.enterAccessCodeInJourney is PASSED

2021-01-13 13:39:34 - [TEST_STEP][PASSED] - pages.Journey.clickEnterButton(): pages.Journey.clickEnterButton is PASSED

2021-01-13 13:39:34 - [MESSAGE][PASSED] - Object 'Object Repository/Journey/JourneyPortal/EnterButton' is present

2021-01-13 13:39:35 - [MESSAGE][PASSED] - Object 'Object Repository/Journey/JourneyPortal/EnterButton' is visible

2021-01-13 13:39:35 - [MESSAGE][PASSED] - Object 'Object Repository/Journey/JourneyPortal/EnterButton' is clickable

2021-01-13 13:39:35 - [MESSAGE][PASSED] - Object: 'Object Repository/Journey/JourneyPortal/EnterButton' is clicked on

2021-01-13 13:39:35 - [MESSAGE][PASSED] - pages.Journey.clickEnterButton is PASSED

2021-01-13 13:39:35 - [TEST_STEP][PASSED] - pages.JourneyPortal.clickOnCart(): pages.JourneyPortal.clickOnCart is PASSED

2021-01-13 13:39:36 - [MESSAGE][PASSED] - Object 'Object Repository/Journey/JourneyPortal/Product/Cart' is present

2021-01-13 13:39:36 - [MESSAGE][PASSED] - Object 'Object Repository/Journey/JourneyPortal/Product/Cart' is visible

2021-01-13 13:39:37 - [MESSAGE][PASSED] - Object 'Object Repository/Journey/JourneyPortal/Product/Cart' is clickable

2021-01-13 13:39:37 - [MESSAGE][PASSED] - Object: 'Object Repository/Journey/JourneyPortal/Product/Cart' is clicked on

2021-01-13 13:39:37 - [MESSAGE][PASSED] - pages.JourneyPortal.clickOnCart is PASSED

2021-01-13 13:39:37 - [TEST_STEP][FAILED] - pages.JourneyPortal.verifyElementOnCartIfNoItems(): you are not in cart page

2021-01-13 13:40:09 - [MESSAGE][INFO] - Unable to find the element located by 'By.xpath: //p[text()='There are no items in your cart.']'. Please recheck the objects properties to make sure the desired element is located. 

2021-01-13 13:40:09 - [MESSAGE][WARNING] - com.kms.katalon.core.webui.exception.WebElementNotFoundException: Web element with id: 'Object Repository/Journey/JourneyPortal/Product/verifyNoItemsInTheCart' located by '//p[text()='There are no items in your cart.']' not found (Root cause: com.kms.katalon.core.exception.StepFailedException: com.kms.katalon.core.webui.exception.WebElementNotFoundException: Web element with id: 'Object Repository/Journey/JourneyPortal/Product/verifyNoItemsInTheCart' located by '//p[text()='There are no items in your cart.']' not found
	at com.kms.katalon.core.webui.keyword.internal.WebUIKeywordMain.stepFailed(WebUIKeywordMain.groovy:64)
	at com.kms.katalon.core.webui.keyword.builtin.VerifyElementPresentKeyword$_verifyElementPresent_closure1.doCall(VerifyElementPresentKeyword.groovy:85)
	at com.kms.katalon.core.webui.keyword.builtin.VerifyElementPresentKeyword$_verifyElementPresent_closure1.call(VerifyElementPresentKeyword.groovy)
	at com.kms.katalon.core.webui.keyword.internal.WebUIKeywordMain.runKeyword(WebUIKeywordMain.groovy:20)
	at com.kms.katalon.core.webui.keyword.builtin.VerifyElementPresentKeyword.verifyElementPresent(VerifyElementPresentKeyword.groovy:92)
	at com.kms.katalon.core.webui.keyword.builtin.VerifyElementPresentKeyword.execute(VerifyElementPresentKeyword.groovy:68)
	at com.kms.katalon.core.keyword.internal.KeywordExecutor.executeKeywordForPlatform(KeywordExecutor.groovy:73)
	at com.kms.katalon.core.webui.keyword.WebUiBuiltInKeywords.verifyElementPresent(WebUiBuiltInKeywords.groovy:1445)
	at com.kms.katalon.core.webui.keyword.WebUiBuiltInKeywords$verifyElementPresent$2.call(Unknown Source)
	at verification.Verification.verifyElementPresent(Verification.groovy:29)
	at verification.Verification.verifyElementPresent(Verification.groovy)
	at pages.JourneyPortal.verifyElementOnCartIfNoItems(JourneyPortal.groovy:60)
	at pages.JourneyPortal.invokeMethod(JourneyPortal.groovy)
	at com.kms.katalon.core.main.CustomKeywordDelegatingMetaClass.invokeStaticMethod(CustomKeywordDelegatingMetaClass.java:50)
	at verifyCartIfNoItemsAvailable.run(verifyCartIfNoItemsAvailable:32)
	at com.kms.katalon.core.main.ScriptEngine.run(ScriptEngine.java:194)
	at com.kms.katalon.core.main.ScriptEngine.runScriptAsRawText(ScriptEngine.java:119)
	at com.kms.katalon.core.main.TestCaseExecutor.runScript(TestCaseExecutor.java:339)
	at com.kms.katalon.core.main.TestCaseExecutor.doExecute(TestCaseExecutor.java:330)
	at com.kms.katalon.core.main.TestCaseExecutor.processExecutionPhase(TestCaseExecutor.java:309)
	at com.kms.katalon.core.main.TestCaseExecutor.accessMainPhase(TestCaseExecutor.java:301)
	at com.kms.katalon.core.main.TestCaseExecutor.execute(TestCaseExecutor.java:235)
	at com.kms.katalon.core.main.TestSuiteExecutor.accessTestCaseMainPhase(TestSuiteExecutor.java:191)
	at com.kms.katalon.core.main.TestSuiteExecutor.accessTestSuiteMainPhase(TestSuiteExecutor.java:141)
	at com.kms.katalon.core.main.TestSuiteExecutor.execute(TestSuiteExecutor.java:90)
	at com.kms.katalon.core.main.TestCaseMain.startTestSuite(TestCaseMain.java:157)
	at com.kms.katalon.core.main.TestCaseMain$startTestSuite$0.call(Unknown Source)
	at TempTestSuite1610561623229.run(TempTestSuite1610561623229.groovy:39)
)
[[ATTACHMENT|E:\\Modist\\ModistProject\\Reports\\20210113_131343\\AllTestCases\\20210113_131343\\1610563209005.png]]

2021-01-13 13:40:10 - [MESSAGE][PASSED] - Taking screenshot successfully
[[ATTACHMENT|E:\Modist\ModistProject\Reports\20210113_131343\AllTestCases\20210113_131343\1610563209851.png]]

2021-01-13 13:40:10 - [MESSAGE][FAILED] - you are not in cart page]]></system-out>
         <system-err><![CDATA[2021-01-13 13:39:03 - [TEST_CASE][FAILED] - Test Cases/JourneyPortal/verifyCartIfNoItemsAvailable: Test Cases/JourneyPortal/verifyCartIfNoItemsAvailable FAILED.
Reason:
com.kms.katalon.core.exception.StepFailedException: you are not in cart page
	at com.kms.katalon.core.util.KeywordUtil.markFailedAndStop(KeywordUtil.java:28)
	at com.kms.katalon.core.util.KeywordUtil$markFailedAndStop$0.call(Unknown Source)
	at verification.Verification.verifyElementPresent(Verification.groovy:31)
	at verification.Verification.verifyElementPresent(Verification.groovy)
	at pages.JourneyPortal.verifyElementOnCartIfNoItems(JourneyPortal.groovy:60)
	at pages.JourneyPortal.invokeMethod(JourneyPortal.groovy)
	at com.kms.katalon.core.main.CustomKeywordDelegatingMetaClass.invokeStaticMethod(CustomKeywordDelegatingMetaClass.java:50)
	at verifyCartIfNoItemsAvailable.run(verifyCartIfNoItemsAvailable:32)
	at com.kms.katalon.core.main.ScriptEngine.run(ScriptEngine.java:194)
	at com.kms.katalon.core.main.ScriptEngine.runScriptAsRawText(ScriptEngine.java:119)
	at com.kms.katalon.core.main.TestCaseExecutor.runScript(TestCaseExecutor.java:339)
	at com.kms.katalon.core.main.TestCaseExecutor.doExecute(TestCaseExecutor.java:330)
	at com.kms.katalon.core.main.TestCaseExecutor.processExecutionPhase(TestCaseExecutor.java:309)
	at com.kms.katalon.core.main.TestCaseExecutor.accessMainPhase(TestCaseExecutor.java:301)
	at com.kms.katalon.core.main.TestCaseExecutor.execute(TestCaseExecutor.java:235)
	at com.kms.katalon.core.main.TestSuiteExecutor.accessTestCaseMainPhase(TestSuiteExecutor.java:191)
	at com.kms.katalon.core.main.TestSuiteExecutor.accessTestSuiteMainPhase(TestSuiteExecutor.java:141)
	at com.kms.katalon.core.main.TestSuiteExecutor.execute(TestSuiteExecutor.java:90)
	at com.kms.katalon.core.main.TestCaseMain.startTestSuite(TestCaseMain.java:157)
	at com.kms.katalon.core.main.TestCaseMain$startTestSuite$0.call(Unknown Source)
	at TempTestSuite1610561623229.run(TempTestSuite1610561623229.groovy:39)]]></system-err>
      </testcase>
      <testcase name="Test Cases/JourneyPortal/verifyClickingOnBackButtonNavigatesBackToSectionPage" time="35.672" classname="Test Cases/JourneyPortal/verifyClickingOnBackButtonNavigatesBackToSectionPage" status="PASSED">
         <system-out><![CDATA[2021-01-13 13:40:10 - [TEST_CASE][PASSED] - Test Cases/JourneyPortal/verifyClickingOnBackButtonNavigatesBackToSectionPage: Test Cases/JourneyPortal/verifyClickingOnBackButtonNavigatesBackToSectionPage

2021-01-13 13:40:10 - [TEST_STEP][PASSED] - Start listener action : login: com.kms.katalon.core.webui.exception.WebElementNotFoundException: Web element with id: 'Object Repository/Login Credentials/Email' located by '//input[@name='email']' not found (Root cause: com.kms.katalon.core.exception.StepFailedException: com.kms.katalon.core.webui.exception.WebElementNotFoundException: Web element with id: 'Object Repository/Login Credentials/Email' located by '//input[@name='email']' not found
	at com.kms.katalon.core.webui.keyword.internal.WebUIKeywordMain.stepFailed(WebUIKeywordMain.groovy:64)
	at com.kms.katalon.core.webui.keyword.builtin.VerifyElementPresentKeyword$_verifyElementPresent_closure1.doCall(VerifyElementPresentKeyword.groovy:85)
	at com.kms.katalon.core.webui.keyword.builtin.VerifyElementPresentKeyword$_verifyElementPresent_closure1.call(VerifyElementPresentKeyword.groovy)
	at com.kms.katalon.core.webui.keyword.internal.WebUIKeywordMain.runKeyword(WebUIKeywordMain.groovy:20)
	at com.kms.katalon.core.webui.keyword.builtin.VerifyElementPresentKeyword.verifyElementPresent(VerifyElementPresentKeyword.groovy:92)
	at com.kms.katalon.core.webui.keyword.builtin.VerifyElementPresentKeyword.execute(VerifyElementPresentKeyword.groovy:68)
	at com.kms.katalon.core.keyword.internal.KeywordExecutor.executeKeywordForPlatform(KeywordExecutor.groovy:73)
	at com.kms.katalon.core.webui.keyword.WebUiBuiltInKeywords.verifyElementPresent(WebUiBuiltInKeywords.groovy:1445)
	at com.kms.katalon.core.webui.keyword.WebUiBuiltInKeywords$verifyElementPresent$2.call(Unknown Source)
	at login.LoginForAdminDevEnvironment.login(LoginForAdminDevEnvironment.groovy:18)
	at login.LoginForAdminDevEnvironment$login.call(Unknown Source)
	at Login.login(Login.groovy:37)
	at Login.invokeMethod(Login.groovy)
	at com.kms.katalon.core.context.internal.TestHooker.invokeMethod(TestHooker.java:111)
	at com.kms.katalon.core.context.internal.TestHooker.lambda$3(TestHooker.java:95)
	at com.kms.katalon.core.context.internal.TestHooker.invokeContextMethods(TestHooker.java:94)
	at com.kms.katalon.core.context.internal.TestListenerCollector.lambda$3(TestListenerCollector.java:88)
	at com.kms.katalon.core.context.internal.TestListenerCollector.handleListenerEvent(TestListenerCollector.java:85)
	at com.kms.katalon.core.context.internal.ExecutionEventManager.publicEvent(ExecutionEventManager.java:36)
	at com.kms.katalon.core.main.TestCaseExecutor.execute(TestCaseExecutor.java:221)
	at com.kms.katalon.core.main.TestSuiteExecutor.accessTestCaseMainPhase(TestSuiteExecutor.java:191)
	at com.kms.katalon.core.main.TestSuiteExecutor.accessTestSuiteMainPhase(TestSuiteExecutor.java:141)
	at com.kms.katalon.core.main.TestSuiteExecutor.execute(TestSuiteExecutor.java:90)
	at com.kms.katalon.core.main.TestCaseMain.startTestSuite(TestCaseMain.java:157)
	at com.kms.katalon.core.main.TestCaseMain$startTestSuite$0.call(Unknown Source)
	at TempTestSuite1610561623229.run(TempTestSuite1610561623229.groovy:39)
)

2021-01-13 13:40:10 - [TEST_STEP][PASSED] - Thread.sleep(3000): null

2021-01-13 13:40:13 - [TEST_STEP][PASSED] - url = getUrl(): Current window's url is: 'https://qualitlabs.dev.modist.co/section/521'

2021-01-13 13:40:13 - [MESSAGE][PASSED] - Current window's url is: 'https://qualitlabs.dev.modist.co/section/521'

2021-01-13 13:40:13 - [TEST_STEP][PASSED] - if (!(url.contains("dashboard"))): com.kms.katalon.core.webui.exception.WebElementNotFoundException: Web element with id: 'Object Repository/Login Credentials/Email' located by '//input[@name='email']' not found (Root cause: com.kms.katalon.core.exception.StepFailedException: com.kms.katalon.core.webui.exception.WebElementNotFoundException: Web element with id: 'Object Repository/Login Credentials/Email' located by '//input[@name='email']' not found
	at com.kms.katalon.core.webui.keyword.internal.WebUIKeywordMain.stepFailed(WebUIKeywordMain.groovy:64)
	at com.kms.katalon.core.webui.keyword.builtin.VerifyElementPresentKeyword$_verifyElementPresent_closure1.doCall(VerifyElementPresentKeyword.groovy:85)
	at com.kms.katalon.core.webui.keyword.builtin.VerifyElementPresentKeyword$_verifyElementPresent_closure1.call(VerifyElementPresentKeyword.groovy)
	at com.kms.katalon.core.webui.keyword.internal.WebUIKeywordMain.runKeyword(WebUIKeywordMain.groovy:20)
	at com.kms.katalon.core.webui.keyword.builtin.VerifyElementPresentKeyword.verifyElementPresent(VerifyElementPresentKeyword.groovy:92)
	at com.kms.katalon.core.webui.keyword.builtin.VerifyElementPresentKeyword.execute(VerifyElementPresentKeyword.groovy:68)
	at com.kms.katalon.core.keyword.internal.KeywordExecutor.executeKeywordForPlatform(KeywordExecutor.groovy:73)
	at com.kms.katalon.core.webui.keyword.WebUiBuiltInKeywords.verifyElementPresent(WebUiBuiltInKeywords.groovy:1445)
	at com.kms.katalon.core.webui.keyword.WebUiBuiltInKeywords$verifyElementPresent$2.call(Unknown Source)
	at login.LoginForAdminDevEnvironment.login(LoginForAdminDevEnvironment.groovy:18)
	at login.LoginForAdminDevEnvironment$login.call(Unknown Source)
	at Login.login(Login.groovy:37)
	at Login.invokeMethod(Login.groovy)
	at com.kms.katalon.core.context.internal.TestHooker.invokeMethod(TestHooker.java:111)
	at com.kms.katalon.core.context.internal.TestHooker.lambda$3(TestHooker.java:95)
	at com.kms.katalon.core.context.internal.TestHooker.invokeContextMethods(TestHooker.java:94)
	at com.kms.katalon.core.context.internal.TestListenerCollector.lambda$3(TestListenerCollector.java:88)
	at com.kms.katalon.core.context.internal.TestListenerCollector.handleListenerEvent(TestListenerCollector.java:85)
	at com.kms.katalon.core.context.internal.ExecutionEventManager.publicEvent(ExecutionEventManager.java:36)
	at com.kms.katalon.core.main.TestCaseExecutor.execute(TestCaseExecutor.java:221)
	at com.kms.katalon.core.main.TestSuiteExecutor.accessTestCaseMainPhase(TestSuiteExecutor.java:191)
	at com.kms.katalon.core.main.TestSuiteExecutor.accessTestSuiteMainPhase(TestSuiteExecutor.java:141)
	at com.kms.katalon.core.main.TestSuiteExecutor.execute(TestSuiteExecutor.java:90)
	at com.kms.katalon.core.main.TestCaseMain.startTestSuite(TestCaseMain.java:157)
	at com.kms.katalon.core.main.TestCaseMain$startTestSuite$0.call(Unknown Source)
	at TempTestSuite1610561623229.run(TempTestSuite1610561623229.groovy:39)
)

2021-01-13 13:40:13 - [TEST_STEP][PASSED] - navigateToUrl(Url): Navigate to 'https://dev-admin.modist.co/' successfully

2021-01-13 13:40:13 - [MESSAGE][PASSED] - Navigate to 'https://dev-admin.modist.co/' successfully

2021-01-13 13:40:13 - [TEST_STEP][PASSED] - loginPage.login(Email, Password): com.kms.katalon.core.webui.exception.WebElementNotFoundException: Web element with id: 'Object Repository/Login Credentials/Email' located by '//input[@name='email']' not found (Root cause: com.kms.katalon.core.exception.StepFailedException: com.kms.katalon.core.webui.exception.WebElementNotFoundException: Web element with id: 'Object Repository/Login Credentials/Email' located by '//input[@name='email']' not found
	at com.kms.katalon.core.webui.keyword.internal.WebUIKeywordMain.stepFailed(WebUIKeywordMain.groovy:64)
	at com.kms.katalon.core.webui.keyword.builtin.VerifyElementPresentKeyword$_verifyElementPresent_closure1.doCall(VerifyElementPresentKeyword.groovy:85)
	at com.kms.katalon.core.webui.keyword.builtin.VerifyElementPresentKeyword$_verifyElementPresent_closure1.call(VerifyElementPresentKeyword.groovy)
	at com.kms.katalon.core.webui.keyword.internal.WebUIKeywordMain.runKeyword(WebUIKeywordMain.groovy:20)
	at com.kms.katalon.core.webui.keyword.builtin.VerifyElementPresentKeyword.verifyElementPresent(VerifyElementPresentKeyword.groovy:92)
	at com.kms.katalon.core.webui.keyword.builtin.VerifyElementPresentKeyword.execute(VerifyElementPresentKeyword.groovy:68)
	at com.kms.katalon.core.keyword.internal.KeywordExecutor.executeKeywordForPlatform(KeywordExecutor.groovy:73)
	at com.kms.katalon.core.webui.keyword.WebUiBuiltInKeywords.verifyElementPresent(WebUiBuiltInKeywords.groovy:1445)
	at com.kms.katalon.core.webui.keyword.WebUiBuiltInKeywords$verifyElementPresent$2.call(Unknown Source)
	at login.LoginForAdminDevEnvironment.login(LoginForAdminDevEnvironment.groovy:18)
	at login.LoginForAdminDevEnvironment$login.call(Unknown Source)
	at Login.login(Login.groovy:37)
	at Login.invokeMethod(Login.groovy)
	at com.kms.katalon.core.context.internal.TestHooker.invokeMethod(TestHooker.java:111)
	at com.kms.katalon.core.context.internal.TestHooker.lambda$3(TestHooker.java:95)
	at com.kms.katalon.core.context.internal.TestHooker.invokeContextMethods(TestHooker.java:94)
	at com.kms.katalon.core.context.internal.TestListenerCollector.lambda$3(TestListenerCollector.java:88)
	at com.kms.katalon.core.context.internal.TestListenerCollector.handleListenerEvent(TestListenerCollector.java:85)
	at com.kms.katalon.core.context.internal.ExecutionEventManager.publicEvent(ExecutionEventManager.java:36)
	at com.kms.katalon.core.main.TestCaseExecutor.execute(TestCaseExecutor.java:221)
	at com.kms.katalon.core.main.TestSuiteExecutor.accessTestCaseMainPhase(TestSuiteExecutor.java:191)
	at com.kms.katalon.core.main.TestSuiteExecutor.accessTestSuiteMainPhase(TestSuiteExecutor.java:141)
	at com.kms.katalon.core.main.TestSuiteExecutor.execute(TestSuiteExecutor.java:90)
	at com.kms.katalon.core.main.TestCaseMain.startTestSuite(TestCaseMain.java:157)
	at com.kms.katalon.core.main.TestCaseMain$startTestSuite$0.call(Unknown Source)
	at TempTestSuite1610561623229.run(TempTestSuite1610561623229.groovy:39)
)

2021-01-13 13:40:19 - [MESSAGE][INFO] - Unable to find the element located by 'By.xpath: //input[@name='email']'. Please recheck the objects properties to make sure the desired element is located. 

2021-01-13 13:40:19 - [MESSAGE][WARNING] - com.kms.katalon.core.webui.exception.WebElementNotFoundException: Web element with id: 'Object Repository/Login Credentials/Email' located by '//input[@name='email']' not found (Root cause: com.kms.katalon.core.exception.StepFailedException: com.kms.katalon.core.webui.exception.WebElementNotFoundException: Web element with id: 'Object Repository/Login Credentials/Email' located by '//input[@name='email']' not found
	at com.kms.katalon.core.webui.keyword.internal.WebUIKeywordMain.stepFailed(WebUIKeywordMain.groovy:64)
	at com.kms.katalon.core.webui.keyword.builtin.VerifyElementPresentKeyword$_verifyElementPresent_closure1.doCall(VerifyElementPresentKeyword.groovy:85)
	at com.kms.katalon.core.webui.keyword.builtin.VerifyElementPresentKeyword$_verifyElementPresent_closure1.call(VerifyElementPresentKeyword.groovy)
	at com.kms.katalon.core.webui.keyword.internal.WebUIKeywordMain.runKeyword(WebUIKeywordMain.groovy:20)
	at com.kms.katalon.core.webui.keyword.builtin.VerifyElementPresentKeyword.verifyElementPresent(VerifyElementPresentKeyword.groovy:92)
	at com.kms.katalon.core.webui.keyword.builtin.VerifyElementPresentKeyword.execute(VerifyElementPresentKeyword.groovy:68)
	at com.kms.katalon.core.keyword.internal.KeywordExecutor.executeKeywordForPlatform(KeywordExecutor.groovy:73)
	at com.kms.katalon.core.webui.keyword.WebUiBuiltInKeywords.verifyElementPresent(WebUiBuiltInKeywords.groovy:1445)
	at com.kms.katalon.core.webui.keyword.WebUiBuiltInKeywords$verifyElementPresent$2.call(Unknown Source)
	at login.LoginForAdminDevEnvironment.login(LoginForAdminDevEnvironment.groovy:18)
	at login.LoginForAdminDevEnvironment$login.call(Unknown Source)
	at Login.login(Login.groovy:37)
	at Login.invokeMethod(Login.groovy)
	at com.kms.katalon.core.context.internal.TestHooker.invokeMethod(TestHooker.java:111)
	at com.kms.katalon.core.context.internal.TestHooker.lambda$3(TestHooker.java:95)
	at com.kms.katalon.core.context.internal.TestHooker.invokeContextMethods(TestHooker.java:94)
	at com.kms.katalon.core.context.internal.TestListenerCollector.lambda$3(TestListenerCollector.java:88)
	at com.kms.katalon.core.context.internal.TestListenerCollector.handleListenerEvent(TestListenerCollector.java:85)
	at com.kms.katalon.core.context.internal.ExecutionEventManager.publicEvent(ExecutionEventManager.java:36)
	at com.kms.katalon.core.main.TestCaseExecutor.execute(TestCaseExecutor.java:221)
	at com.kms.katalon.core.main.TestSuiteExecutor.accessTestCaseMainPhase(TestSuiteExecutor.java:191)
	at com.kms.katalon.core.main.TestSuiteExecutor.accessTestSuiteMainPhase(TestSuiteExecutor.java:141)
	at com.kms.katalon.core.main.TestSuiteExecutor.execute(TestSuiteExecutor.java:90)
	at com.kms.katalon.core.main.TestCaseMain.startTestSuite(TestCaseMain.java:157)
	at com.kms.katalon.core.main.TestCaseMain$startTestSuite$0.call(Unknown Source)
	at TempTestSuite1610561623229.run(TempTestSuite1610561623229.groovy:39)
)
[[ATTACHMENT|E:\\Modist\\ModistProject\\Reports\\20210113_131343\\AllTestCases\\20210113_131343\\1610563219256.png]]

2021-01-13 13:40:19 - [TEST_STEP][PASSED] - pages.Journey.clickOnJourneyTab(): pages.Journey.clickOnJourneyTab is PASSED

2021-01-13 13:40:20 - [MESSAGE][PASSED] - Object 'Object Repository/Journey/Journeytab' is present

2021-01-13 13:40:20 - [MESSAGE][PASSED] - Object 'Object Repository/Journey/Journeytab' is visible

2021-01-13 13:40:20 - [MESSAGE][PASSED] - Object 'Object Repository/Journey/Journeytab' is clickable

2021-01-13 13:40:21 - [MESSAGE][PASSED] - Object: 'Object Repository/Journey/Journeytab' is clicked on

2021-01-13 13:40:21 - [MESSAGE][PASSED] - pages.Journey.clickOnJourneyTab is PASSED

2021-01-13 13:40:21 - [TEST_STEP][PASSED] - journeyName = pages.Journey.getRandomJourneyName(): pages.Journey.getRandomJourneyName is PASSED

2021-01-13 13:40:21 - [MESSAGE][PASSED] - Object 'Object Repository/Journey/toGetJourneysCount' is present

2021-01-13 13:40:21 - [MESSAGE][PASSED] - Object 'Object Repository/Journey/toGetJourneysCount' is present

2021-01-13 13:40:22 - [MESSAGE][PASSED] - Text of object 'Object Repository/Journey/toPickrandomJourney(index)' is: 'JO3'

2021-01-13 13:40:22 - [MESSAGE][PASSED] - pages.Journey.getRandomJourneyName is PASSED

2021-01-13 13:40:22 - [TEST_STEP][PASSED] - accessCode = pages.Journey.getExistingJourneyAccesscode(journeyName): pages.Journey.getExistingJourneyAccesscode is PASSED

2021-01-13 13:40:22 - [MESSAGE][PASSED] - Object 'Object Repository/Journey/journrySearchInput' is present

2021-01-13 13:40:22 - [MESSAGE][PASSED] - Object 'Object Repository/Journey/journrySearchInput' is visible

2021-01-13 13:40:23 - [MESSAGE][PASSED] - Object 'Object Repository/Journey/journrySearchInput' is clickable

2021-01-13 13:40:23 - [MESSAGE][PASSED] - Text of object 'Object Repository/Journey/journrySearchInput' is cleared

2021-01-13 13:40:24 - [MESSAGE][PASSED] - Keys '' sent to object: 'Object Repository/Journey/journrySearchInput'

2021-01-13 13:40:24 - [MESSAGE][PASSED] - Keys 'J' sent to object: 'Object Repository/Journey/journrySearchInput'

2021-01-13 13:40:24 - [MESSAGE][PASSED] - Keys 'O' sent to object: 'Object Repository/Journey/journrySearchInput'

2021-01-13 13:40:25 - [MESSAGE][PASSED] - Keys '3' sent to object: 'Object Repository/Journey/journrySearchInput'

2021-01-13 13:40:26 - [MESSAGE][PASSED] - Object 'Object Repository/Journey/journrySearchInput' is present

2021-01-13 13:40:27 - [MESSAGE][PASSED] - Object 'Object Repository/Journey/journrySearchInput' is visible

2021-01-13 13:40:27 - [MESSAGE][PASSED] - Object 'Object Repository/Journey/journrySearchInput' is clickable

2021-01-13 13:40:27 - [MESSAGE][PASSED] - Text of object 'Object Repository/Journey/journrySearchInput' is cleared

2021-01-13 13:40:28 - [MESSAGE][PASSED] - Keys '' sent to object: 'Object Repository/Journey/journrySearchInput'

2021-01-13 13:40:28 - [MESSAGE][PASSED] - Keys 'J' sent to object: 'Object Repository/Journey/journrySearchInput'

2021-01-13 13:40:29 - [MESSAGE][PASSED] - Keys 'O' sent to object: 'Object Repository/Journey/journrySearchInput'

2021-01-13 13:40:30 - [MESSAGE][PASSED] - Keys '3' sent to object: 'Object Repository/Journey/journrySearchInput'

2021-01-13 13:40:30 - [MESSAGE][PASSED] - Object 'Object Repository/Journey/clickVerifyingJourney(journeyName)' is present

2021-01-13 13:40:31 - [MESSAGE][PASSED] - Object 'Object Repository/Journey/clickVerifyingJourney(journeyName)' is visible

2021-01-13 13:40:32 - [MESSAGE][PASSED] - Object 'Object Repository/Journey/clickVerifyingJourney(journeyName)' is clickable

2021-01-13 13:40:32 - [MESSAGE][PASSED] - Object: 'Object Repository/Journey/clickVerifyingJourney(journeyName)' is clicked on

2021-01-13 13:40:33 - [MESSAGE][PASSED] - Scroll to object 'Object Repository/Journey/Current Access Codes/currentAccessCodeField' successfully

2021-01-13 13:40:34 - [MESSAGE][PASSED] - Object 'Object Repository/Journey/Current Access Codes/getAccessCodesCount' is present

2021-01-13 13:40:35 - [MESSAGE][PASSED] - Text of object 'Object Repository/Journey/Current Access Codes/getAccessCodeText(index)' is: '222'

2021-01-13 13:40:35 - [MESSAGE][PASSED] - pages.Journey.getExistingJourneyAccesscode is PASSED

2021-01-13 13:40:35 - [TEST_STEP][PASSED] - login.LoginForJourneyApplication.loginToJourneyApplication(): login.LoginForJourneyApplication.loginToJourneyApplication is PASSED

2021-01-13 13:40:35 - [MESSAGE][PASSED] - Navigate to 'https://qualitlabs.dev.modist.co/' successfully

2021-01-13 13:40:35 - [MESSAGE][PASSED] - login.LoginForJourneyApplication.loginToJourneyApplication is PASSED

2021-01-13 13:40:35 - [TEST_STEP][PASSED] - pages.Journey.enterAccessCodeInJourney(accessCode): pages.Journey.enterAccessCodeInJourney is PASSED

2021-01-13 13:40:36 - [MESSAGE][PASSED] - Object 'Object Repository/Journey/JourneyPortal/enterAccessCode' is present

2021-01-13 13:40:36 - [MESSAGE][PASSED] - Object 'Object Repository/Journey/JourneyPortal/enterAccessCode' is visible

2021-01-13 13:40:37 - [MESSAGE][PASSED] - Object 'Object Repository/Journey/JourneyPortal/enterAccessCode' is clickable

2021-01-13 13:40:37 - [MESSAGE][PASSED] - Text of object 'Object Repository/Journey/JourneyPortal/enterAccessCode' is cleared

2021-01-13 13:40:37 - [MESSAGE][PASSED] - Keys '222' sent to object: 'Object Repository/Journey/JourneyPortal/enterAccessCode'

2021-01-13 13:40:37 - [MESSAGE][PASSED] - pages.Journey.enterAccessCodeInJourney is PASSED

2021-01-13 13:40:37 - [TEST_STEP][PASSED] - pages.Journey.clickEnterButton(): pages.Journey.clickEnterButton is PASSED

2021-01-13 13:40:38 - [MESSAGE][PASSED] - Object 'Object Repository/Journey/JourneyPortal/EnterButton' is present

2021-01-13 13:40:38 - [MESSAGE][PASSED] - Object 'Object Repository/Journey/JourneyPortal/EnterButton' is visible

2021-01-13 13:40:38 - [MESSAGE][PASSED] - Object 'Object Repository/Journey/JourneyPortal/EnterButton' is clickable

2021-01-13 13:40:39 - [MESSAGE][PASSED] - Object: 'Object Repository/Journey/JourneyPortal/EnterButton' is clicked on

2021-01-13 13:40:39 - [MESSAGE][PASSED] - pages.Journey.clickEnterButton is PASSED

2021-01-13 13:40:39 - [TEST_STEP][PASSED] - pages.JourneyPortal.openExistingSection(): pages.JourneyPortal.openExistingSection is PASSED

2021-01-13 13:40:42 - [MESSAGE][PASSED] - Object 'Object Repository/Journey/JourneyPortal/Section/getSectionsCount' is present

2021-01-13 13:40:42 - [MESSAGE][PASSED] - Object 'Object Repository/Journey/JourneyPortal/Section/openSection(index)' is present

2021-01-13 13:40:43 - [MESSAGE][PASSED] - Object 'Object Repository/Journey/JourneyPortal/Section/openSection(index)' is visible

2021-01-13 13:40:43 - [MESSAGE][PASSED] - Object 'Object Repository/Journey/JourneyPortal/Section/openSection(index)' is clickable

2021-01-13 13:40:43 - [MESSAGE][PASSED] - Object: 'Object Repository/Journey/JourneyPortal/Section/openSection(index)' is clicked on

2021-01-13 13:40:43 - [MESSAGE][PASSED] - pages.JourneyPortal.openExistingSection is PASSED

2021-01-13 13:40:43 - [TEST_STEP][PASSED] - pages.JourneyPortal.clickBackButton(): pages.JourneyPortal.clickBackButton is PASSED

2021-01-13 13:40:44 - [MESSAGE][PASSED] - Object 'Object Repository/Journey/JourneyPortal/Product/bakcButton' is present

2021-01-13 13:40:44 - [MESSAGE][PASSED] - Object 'Object Repository/Journey/JourneyPortal/Product/bakcButton' is visible

2021-01-13 13:40:45 - [MESSAGE][PASSED] - Object 'Object Repository/Journey/JourneyPortal/Product/bakcButton' is clickable

2021-01-13 13:40:45 - [MESSAGE][PASSED] - Object: 'Object Repository/Journey/JourneyPortal/Product/bakcButton' is clicked on

2021-01-13 13:40:45 - [MESSAGE][PASSED] - pages.JourneyPortal.clickBackButton is PASSED

2021-01-13 13:40:45 - [TEST_STEP][PASSED] - pages.Journey.sectionPageVerification(): pages.Journey.sectionPageVerification is PASSED

2021-01-13 13:40:46 - [MESSAGE][PASSED] - Object 'Object Repository/Journey/JourneyPortal/Section/sectionPage' is present

2021-01-13 13:40:46 - [MESSAGE][PASSED] - pages.Journey.sectionPageVerification is PASSED]]></system-out>
         <system-err><![CDATA[]]></system-err>
      </testcase>
      <testcase name="Test Cases/JourneyPortal/verifyCloseButtonInJourneyPortalProductPopup" time="45.231" classname="Test Cases/JourneyPortal/verifyCloseButtonInJourneyPortalProductPopup" status="PASSED">
         <system-out><![CDATA[2021-01-13 13:40:46 - [TEST_CASE][PASSED] - Test Cases/JourneyPortal/verifyCloseButtonInJourneyPortalProductPopup: Test Cases/JourneyPortal/verifyCloseButtonInJourneyPortalProductPopup

2021-01-13 13:40:46 - [TEST_STEP][PASSED] - Start listener action : login: com.kms.katalon.core.webui.exception.WebElementNotFoundException: Web element with id: 'Object Repository/Login Credentials/Email' located by '//input[@name='email']' not found (Root cause: com.kms.katalon.core.exception.StepFailedException: com.kms.katalon.core.webui.exception.WebElementNotFoundException: Web element with id: 'Object Repository/Login Credentials/Email' located by '//input[@name='email']' not found
	at com.kms.katalon.core.webui.keyword.internal.WebUIKeywordMain.stepFailed(WebUIKeywordMain.groovy:64)
	at com.kms.katalon.core.webui.keyword.builtin.VerifyElementPresentKeyword$_verifyElementPresent_closure1.doCall(VerifyElementPresentKeyword.groovy:85)
	at com.kms.katalon.core.webui.keyword.builtin.VerifyElementPresentKeyword$_verifyElementPresent_closure1.call(VerifyElementPresentKeyword.groovy)
	at com.kms.katalon.core.webui.keyword.internal.WebUIKeywordMain.runKeyword(WebUIKeywordMain.groovy:20)
	at com.kms.katalon.core.webui.keyword.builtin.VerifyElementPresentKeyword.verifyElementPresent(VerifyElementPresentKeyword.groovy:92)
	at com.kms.katalon.core.webui.keyword.builtin.VerifyElementPresentKeyword.execute(VerifyElementPresentKeyword.groovy:68)
	at com.kms.katalon.core.keyword.internal.KeywordExecutor.executeKeywordForPlatform(KeywordExecutor.groovy:73)
	at com.kms.katalon.core.webui.keyword.WebUiBuiltInKeywords.verifyElementPresent(WebUiBuiltInKeywords.groovy:1445)
	at com.kms.katalon.core.webui.keyword.WebUiBuiltInKeywords$verifyElementPresent$2.call(Unknown Source)
	at login.LoginForAdminDevEnvironment.login(LoginForAdminDevEnvironment.groovy:18)
	at login.LoginForAdminDevEnvironment$login.call(Unknown Source)
	at Login.login(Login.groovy:37)
	at Login.invokeMethod(Login.groovy)
	at com.kms.katalon.core.context.internal.TestHooker.invokeMethod(TestHooker.java:111)
	at com.kms.katalon.core.context.internal.TestHooker.lambda$3(TestHooker.java:95)
	at com.kms.katalon.core.context.internal.TestHooker.invokeContextMethods(TestHooker.java:94)
	at com.kms.katalon.core.context.internal.TestListenerCollector.lambda$3(TestListenerCollector.java:88)
	at com.kms.katalon.core.context.internal.TestListenerCollector.handleListenerEvent(TestListenerCollector.java:85)
	at com.kms.katalon.core.context.internal.ExecutionEventManager.publicEvent(ExecutionEventManager.java:36)
	at com.kms.katalon.core.main.TestCaseExecutor.execute(TestCaseExecutor.java:221)
	at com.kms.katalon.core.main.TestSuiteExecutor.accessTestCaseMainPhase(TestSuiteExecutor.java:191)
	at com.kms.katalon.core.main.TestSuiteExecutor.accessTestSuiteMainPhase(TestSuiteExecutor.java:141)
	at com.kms.katalon.core.main.TestSuiteExecutor.execute(TestSuiteExecutor.java:90)
	at com.kms.katalon.core.main.TestCaseMain.startTestSuite(TestCaseMain.java:157)
	at com.kms.katalon.core.main.TestCaseMain$startTestSuite$0.call(Unknown Source)
	at TempTestSuite1610561623229.run(TempTestSuite1610561623229.groovy:39)
)

2021-01-13 13:40:46 - [TEST_STEP][PASSED] - Thread.sleep(3000): null

2021-01-13 13:40:49 - [TEST_STEP][PASSED] - url = getUrl(): Current window's url is: 'https://qualitlabs.dev.modist.co/section/473'

2021-01-13 13:40:49 - [MESSAGE][PASSED] - Current window's url is: 'https://qualitlabs.dev.modist.co/section/473'

2021-01-13 13:40:49 - [TEST_STEP][PASSED] - if (!(url.contains("dashboard"))): com.kms.katalon.core.webui.exception.WebElementNotFoundException: Web element with id: 'Object Repository/Login Credentials/Email' located by '//input[@name='email']' not found (Root cause: com.kms.katalon.core.exception.StepFailedException: com.kms.katalon.core.webui.exception.WebElementNotFoundException: Web element with id: 'Object Repository/Login Credentials/Email' located by '//input[@name='email']' not found
	at com.kms.katalon.core.webui.keyword.internal.WebUIKeywordMain.stepFailed(WebUIKeywordMain.groovy:64)
	at com.kms.katalon.core.webui.keyword.builtin.VerifyElementPresentKeyword$_verifyElementPresent_closure1.doCall(VerifyElementPresentKeyword.groovy:85)
	at com.kms.katalon.core.webui.keyword.builtin.VerifyElementPresentKeyword$_verifyElementPresent_closure1.call(VerifyElementPresentKeyword.groovy)
	at com.kms.katalon.core.webui.keyword.internal.WebUIKeywordMain.runKeyword(WebUIKeywordMain.groovy:20)
	at com.kms.katalon.core.webui.keyword.builtin.VerifyElementPresentKeyword.verifyElementPresent(VerifyElementPresentKeyword.groovy:92)
	at com.kms.katalon.core.webui.keyword.builtin.VerifyElementPresentKeyword.execute(VerifyElementPresentKeyword.groovy:68)
	at com.kms.katalon.core.keyword.internal.KeywordExecutor.executeKeywordForPlatform(KeywordExecutor.groovy:73)
	at com.kms.katalon.core.webui.keyword.WebUiBuiltInKeywords.verifyElementPresent(WebUiBuiltInKeywords.groovy:1445)
	at com.kms.katalon.core.webui.keyword.WebUiBuiltInKeywords$verifyElementPresent$2.call(Unknown Source)
	at login.LoginForAdminDevEnvironment.login(LoginForAdminDevEnvironment.groovy:18)
	at login.LoginForAdminDevEnvironment$login.call(Unknown Source)
	at Login.login(Login.groovy:37)
	at Login.invokeMethod(Login.groovy)
	at com.kms.katalon.core.context.internal.TestHooker.invokeMethod(TestHooker.java:111)
	at com.kms.katalon.core.context.internal.TestHooker.lambda$3(TestHooker.java:95)
	at com.kms.katalon.core.context.internal.TestHooker.invokeContextMethods(TestHooker.java:94)
	at com.kms.katalon.core.context.internal.TestListenerCollector.lambda$3(TestListenerCollector.java:88)
	at com.kms.katalon.core.context.internal.TestListenerCollector.handleListenerEvent(TestListenerCollector.java:85)
	at com.kms.katalon.core.context.internal.ExecutionEventManager.publicEvent(ExecutionEventManager.java:36)
	at com.kms.katalon.core.main.TestCaseExecutor.execute(TestCaseExecutor.java:221)
	at com.kms.katalon.core.main.TestSuiteExecutor.accessTestCaseMainPhase(TestSuiteExecutor.java:191)
	at com.kms.katalon.core.main.TestSuiteExecutor.accessTestSuiteMainPhase(TestSuiteExecutor.java:141)
	at com.kms.katalon.core.main.TestSuiteExecutor.execute(TestSuiteExecutor.java:90)
	at com.kms.katalon.core.main.TestCaseMain.startTestSuite(TestCaseMain.java:157)
	at com.kms.katalon.core.main.TestCaseMain$startTestSuite$0.call(Unknown Source)
	at TempTestSuite1610561623229.run(TempTestSuite1610561623229.groovy:39)
)

2021-01-13 13:40:49 - [TEST_STEP][PASSED] - navigateToUrl(Url): Navigate to 'https://dev-admin.modist.co/' successfully

2021-01-13 13:40:49 - [MESSAGE][PASSED] - Navigate to 'https://dev-admin.modist.co/' successfully

2021-01-13 13:40:49 - [TEST_STEP][PASSED] - loginPage.login(Email, Password): com.kms.katalon.core.webui.exception.WebElementNotFoundException: Web element with id: 'Object Repository/Login Credentials/Email' located by '//input[@name='email']' not found (Root cause: com.kms.katalon.core.exception.StepFailedException: com.kms.katalon.core.webui.exception.WebElementNotFoundException: Web element with id: 'Object Repository/Login Credentials/Email' located by '//input[@name='email']' not found
	at com.kms.katalon.core.webui.keyword.internal.WebUIKeywordMain.stepFailed(WebUIKeywordMain.groovy:64)
	at com.kms.katalon.core.webui.keyword.builtin.VerifyElementPresentKeyword$_verifyElementPresent_closure1.doCall(VerifyElementPresentKeyword.groovy:85)
	at com.kms.katalon.core.webui.keyword.builtin.VerifyElementPresentKeyword$_verifyElementPresent_closure1.call(VerifyElementPresentKeyword.groovy)
	at com.kms.katalon.core.webui.keyword.internal.WebUIKeywordMain.runKeyword(WebUIKeywordMain.groovy:20)
	at com.kms.katalon.core.webui.keyword.builtin.VerifyElementPresentKeyword.verifyElementPresent(VerifyElementPresentKeyword.groovy:92)
	at com.kms.katalon.core.webui.keyword.builtin.VerifyElementPresentKeyword.execute(VerifyElementPresentKeyword.groovy:68)
	at com.kms.katalon.core.keyword.internal.KeywordExecutor.executeKeywordForPlatform(KeywordExecutor.groovy:73)
	at com.kms.katalon.core.webui.keyword.WebUiBuiltInKeywords.verifyElementPresent(WebUiBuiltInKeywords.groovy:1445)
	at com.kms.katalon.core.webui.keyword.WebUiBuiltInKeywords$verifyElementPresent$2.call(Unknown Source)
	at login.LoginForAdminDevEnvironment.login(LoginForAdminDevEnvironment.groovy:18)
	at login.LoginForAdminDevEnvironment$login.call(Unknown Source)
	at Login.login(Login.groovy:37)
	at Login.invokeMethod(Login.groovy)
	at com.kms.katalon.core.context.internal.TestHooker.invokeMethod(TestHooker.java:111)
	at com.kms.katalon.core.context.internal.TestHooker.lambda$3(TestHooker.java:95)
	at com.kms.katalon.core.context.internal.TestHooker.invokeContextMethods(TestHooker.java:94)
	at com.kms.katalon.core.context.internal.TestListenerCollector.lambda$3(TestListenerCollector.java:88)
	at com.kms.katalon.core.context.internal.TestListenerCollector.handleListenerEvent(TestListenerCollector.java:85)
	at com.kms.katalon.core.context.internal.ExecutionEventManager.publicEvent(ExecutionEventManager.java:36)
	at com.kms.katalon.core.main.TestCaseExecutor.execute(TestCaseExecutor.java:221)
	at com.kms.katalon.core.main.TestSuiteExecutor.accessTestCaseMainPhase(TestSuiteExecutor.java:191)
	at com.kms.katalon.core.main.TestSuiteExecutor.accessTestSuiteMainPhase(TestSuiteExecutor.java:141)
	at com.kms.katalon.core.main.TestSuiteExecutor.execute(TestSuiteExecutor.java:90)
	at com.kms.katalon.core.main.TestCaseMain.startTestSuite(TestCaseMain.java:157)
	at com.kms.katalon.core.main.TestCaseMain$startTestSuite$0.call(Unknown Source)
	at TempTestSuite1610561623229.run(TempTestSuite1610561623229.groovy:39)
)

2021-01-13 13:40:54 - [MESSAGE][INFO] - Unable to find the element located by 'By.xpath: //input[@name='email']'. Please recheck the objects properties to make sure the desired element is located. 

2021-01-13 13:40:55 - [MESSAGE][WARNING] - com.kms.katalon.core.webui.exception.WebElementNotFoundException: Web element with id: 'Object Repository/Login Credentials/Email' located by '//input[@name='email']' not found (Root cause: com.kms.katalon.core.exception.StepFailedException: com.kms.katalon.core.webui.exception.WebElementNotFoundException: Web element with id: 'Object Repository/Login Credentials/Email' located by '//input[@name='email']' not found
	at com.kms.katalon.core.webui.keyword.internal.WebUIKeywordMain.stepFailed(WebUIKeywordMain.groovy:64)
	at com.kms.katalon.core.webui.keyword.builtin.VerifyElementPresentKeyword$_verifyElementPresent_closure1.doCall(VerifyElementPresentKeyword.groovy:85)
	at com.kms.katalon.core.webui.keyword.builtin.VerifyElementPresentKeyword$_verifyElementPresent_closure1.call(VerifyElementPresentKeyword.groovy)
	at com.kms.katalon.core.webui.keyword.internal.WebUIKeywordMain.runKeyword(WebUIKeywordMain.groovy:20)
	at com.kms.katalon.core.webui.keyword.builtin.VerifyElementPresentKeyword.verifyElementPresent(VerifyElementPresentKeyword.groovy:92)
	at com.kms.katalon.core.webui.keyword.builtin.VerifyElementPresentKeyword.execute(VerifyElementPresentKeyword.groovy:68)
	at com.kms.katalon.core.keyword.internal.KeywordExecutor.executeKeywordForPlatform(KeywordExecutor.groovy:73)
	at com.kms.katalon.core.webui.keyword.WebUiBuiltInKeywords.verifyElementPresent(WebUiBuiltInKeywords.groovy:1445)
	at com.kms.katalon.core.webui.keyword.WebUiBuiltInKeywords$verifyElementPresent$2.call(Unknown Source)
	at login.LoginForAdminDevEnvironment.login(LoginForAdminDevEnvironment.groovy:18)
	at login.LoginForAdminDevEnvironment$login.call(Unknown Source)
	at Login.login(Login.groovy:37)
	at Login.invokeMethod(Login.groovy)
	at com.kms.katalon.core.context.internal.TestHooker.invokeMethod(TestHooker.java:111)
	at com.kms.katalon.core.context.internal.TestHooker.lambda$3(TestHooker.java:95)
	at com.kms.katalon.core.context.internal.TestHooker.invokeContextMethods(TestHooker.java:94)
	at com.kms.katalon.core.context.internal.TestListenerCollector.lambda$3(TestListenerCollector.java:88)
	at com.kms.katalon.core.context.internal.TestListenerCollector.handleListenerEvent(TestListenerCollector.java:85)
	at com.kms.katalon.core.context.internal.ExecutionEventManager.publicEvent(ExecutionEventManager.java:36)
	at com.kms.katalon.core.main.TestCaseExecutor.execute(TestCaseExecutor.java:221)
	at com.kms.katalon.core.main.TestSuiteExecutor.accessTestCaseMainPhase(TestSuiteExecutor.java:191)
	at com.kms.katalon.core.main.TestSuiteExecutor.accessTestSuiteMainPhase(TestSuiteExecutor.java:141)
	at com.kms.katalon.core.main.TestSuiteExecutor.execute(TestSuiteExecutor.java:90)
	at com.kms.katalon.core.main.TestCaseMain.startTestSuite(TestCaseMain.java:157)
	at com.kms.katalon.core.main.TestCaseMain$startTestSuite$0.call(Unknown Source)
	at TempTestSuite1610561623229.run(TempTestSuite1610561623229.groovy:39)
)
[[ATTACHMENT|E:\\Modist\\ModistProject\\Reports\\20210113_131343\\AllTestCases\\20210113_131343\\1610563254745.png]]

2021-01-13 13:40:55 - [TEST_STEP][PASSED] - pages.Journey.clickOnJourneyTab(): pages.Journey.clickOnJourneyTab is PASSED

2021-01-13 13:40:55 - [MESSAGE][PASSED] - Object 'Object Repository/Journey/Journeytab' is present

2021-01-13 13:40:55 - [MESSAGE][PASSED] - Object 'Object Repository/Journey/Journeytab' is visible

2021-01-13 13:40:56 - [MESSAGE][PASSED] - Object 'Object Repository/Journey/Journeytab' is clickable

2021-01-13 13:40:56 - [MESSAGE][PASSED] - Object: 'Object Repository/Journey/Journeytab' is clicked on

2021-01-13 13:40:56 - [MESSAGE][PASSED] - pages.Journey.clickOnJourneyTab is PASSED

2021-01-13 13:40:56 - [TEST_STEP][PASSED] - journeyName = pages.Journey.getRandomJourneyName(): pages.Journey.getRandomJourneyName is PASSED

2021-01-13 13:40:56 - [MESSAGE][PASSED] - Object 'Object Repository/Journey/toGetJourneysCount' is present

2021-01-13 13:40:57 - [MESSAGE][PASSED] - Object 'Object Repository/Journey/toGetJourneysCount' is present

2021-01-13 13:40:57 - [MESSAGE][PASSED] - Text of object 'Object Repository/Journey/toPickrandomJourney(index)' is: 'jai journey 1'

2021-01-13 13:40:57 - [MESSAGE][PASSED] - pages.Journey.getRandomJourneyName is PASSED

2021-01-13 13:40:57 - [TEST_STEP][PASSED] - accessCode = pages.Journey.getExistingJourneyAccesscode(journeyName): pages.Journey.getExistingJourneyAccesscode is PASSED

2021-01-13 13:40:57 - [MESSAGE][PASSED] - Object 'Object Repository/Journey/journrySearchInput' is present

2021-01-13 13:40:58 - [MESSAGE][PASSED] - Object 'Object Repository/Journey/journrySearchInput' is visible

2021-01-13 13:40:58 - [MESSAGE][PASSED] - Object 'Object Repository/Journey/journrySearchInput' is clickable

2021-01-13 13:40:58 - [MESSAGE][PASSED] - Text of object 'Object Repository/Journey/journrySearchInput' is cleared

2021-01-13 13:40:59 - [MESSAGE][PASSED] - Keys '' sent to object: 'Object Repository/Journey/journrySearchInput'

2021-01-13 13:40:59 - [MESSAGE][PASSED] - Keys 'j' sent to object: 'Object Repository/Journey/journrySearchInput'

2021-01-13 13:40:59 - [MESSAGE][PASSED] - Keys 'a' sent to object: 'Object Repository/Journey/journrySearchInput'

2021-01-13 13:40:59 - [MESSAGE][PASSED] - Keys 'i' sent to object: 'Object Repository/Journey/journrySearchInput'

2021-01-13 13:41:00 - [MESSAGE][PASSED] - Keys ' ' sent to object: 'Object Repository/Journey/journrySearchInput'

2021-01-13 13:41:01 - [MESSAGE][PASSED] - Keys 'j' sent to object: 'Object Repository/Journey/journrySearchInput'

2021-01-13 13:41:01 - [MESSAGE][PASSED] - Keys 'o' sent to object: 'Object Repository/Journey/journrySearchInput'

2021-01-13 13:41:01 - [MESSAGE][PASSED] - Keys 'u' sent to object: 'Object Repository/Journey/journrySearchInput'

2021-01-13 13:41:02 - [MESSAGE][PASSED] - Keys 'r' sent to object: 'Object Repository/Journey/journrySearchInput'

2021-01-13 13:41:02 - [MESSAGE][PASSED] - Keys 'n' sent to object: 'Object Repository/Journey/journrySearchInput'

2021-01-13 13:41:02 - [MESSAGE][PASSED] - Keys 'e' sent to object: 'Object Repository/Journey/journrySearchInput'

2021-01-13 13:41:03 - [MESSAGE][PASSED] - Keys 'y' sent to object: 'Object Repository/Journey/journrySearchInput'

2021-01-13 13:41:03 - [MESSAGE][PASSED] - Keys ' ' sent to object: 'Object Repository/Journey/journrySearchInput'

2021-01-13 13:41:04 - [MESSAGE][PASSED] - Keys '1' sent to object: 'Object Repository/Journey/journrySearchInput'

2021-01-13 13:41:04 - [MESSAGE][PASSED] - Object 'Object Repository/Journey/journrySearchInput' is present

2021-01-13 13:41:05 - [MESSAGE][PASSED] - Object 'Object Repository/Journey/journrySearchInput' is visible

2021-01-13 13:41:05 - [MESSAGE][PASSED] - Object 'Object Repository/Journey/journrySearchInput' is clickable

2021-01-13 13:41:05 - [MESSAGE][PASSED] - Text of object 'Object Repository/Journey/journrySearchInput' is cleared

2021-01-13 13:41:06 - [MESSAGE][PASSED] - Keys '' sent to object: 'Object Repository/Journey/journrySearchInput'

2021-01-13 13:41:06 - [MESSAGE][PASSED] - Keys 'j' sent to object: 'Object Repository/Journey/journrySearchInput'

2021-01-13 13:41:07 - [MESSAGE][PASSED] - Keys 'a' sent to object: 'Object Repository/Journey/journrySearchInput'

2021-01-13 13:41:07 - [MESSAGE][PASSED] - Keys 'i' sent to object: 'Object Repository/Journey/journrySearchInput'

2021-01-13 13:41:09 - [MESSAGE][PASSED] - Keys ' ' sent to object: 'Object Repository/Journey/journrySearchInput'

2021-01-13 13:41:09 - [MESSAGE][PASSED] - Keys 'j' sent to object: 'Object Repository/Journey/journrySearchInput'

2021-01-13 13:41:09 - [MESSAGE][PASSED] - Keys 'o' sent to object: 'Object Repository/Journey/journrySearchInput'

2021-01-13 13:41:10 - [MESSAGE][PASSED] - Keys 'u' sent to object: 'Object Repository/Journey/journrySearchInput'

2021-01-13 13:41:10 - [MESSAGE][PASSED] - Keys 'r' sent to object: 'Object Repository/Journey/journrySearchInput'

2021-01-13 13:41:10 - [MESSAGE][PASSED] - Keys 'n' sent to object: 'Object Repository/Journey/journrySearchInput'

2021-01-13 13:41:11 - [MESSAGE][PASSED] - Keys 'e' sent to object: 'Object Repository/Journey/journrySearchInput'

2021-01-13 13:41:11 - [MESSAGE][PASSED] - Keys 'y' sent to object: 'Object Repository/Journey/journrySearchInput'

2021-01-13 13:41:11 - [MESSAGE][PASSED] - Keys ' ' sent to object: 'Object Repository/Journey/journrySearchInput'

2021-01-13 13:41:12 - [MESSAGE][PASSED] - Keys '1' sent to object: 'Object Repository/Journey/journrySearchInput'

2021-01-13 13:41:12 - [MESSAGE][PASSED] - Object 'Object Repository/Journey/clickVerifyingJourney(journeyName)' is present

2021-01-13 13:41:12 - [MESSAGE][PASSED] - Object 'Object Repository/Journey/clickVerifyingJourney(journeyName)' is visible

2021-01-13 13:41:13 - [MESSAGE][PASSED] - Object 'Object Repository/Journey/clickVerifyingJourney(journeyName)' is clickable

2021-01-13 13:41:13 - [MESSAGE][PASSED] - Object: 'Object Repository/Journey/clickVerifyingJourney(journeyName)' is clicked on

2021-01-13 13:41:14 - [MESSAGE][PASSED] - Scroll to object 'Object Repository/Journey/Current Access Codes/currentAccessCodeField' successfully

2021-01-13 13:41:15 - [MESSAGE][PASSED] - Object 'Object Repository/Journey/Current Access Codes/getAccessCodesCount' is present

2021-01-13 13:41:16 - [MESSAGE][PASSED] - Text of object 'Object Repository/Journey/Current Access Codes/getAccessCodeText(index)' is: 'jump'

2021-01-13 13:41:16 - [MESSAGE][PASSED] - pages.Journey.getExistingJourneyAccesscode is PASSED

2021-01-13 13:41:16 - [TEST_STEP][PASSED] - login.LoginForJourneyApplication.loginToJourneyApplication(): login.LoginForJourneyApplication.loginToJourneyApplication is PASSED

2021-01-13 13:41:16 - [MESSAGE][PASSED] - Navigate to 'https://qualitlabs.dev.modist.co/' successfully

2021-01-13 13:41:16 - [MESSAGE][PASSED] - login.LoginForJourneyApplication.loginToJourneyApplication is PASSED

2021-01-13 13:41:16 - [TEST_STEP][PASSED] - pages.Journey.enterAccessCodeInJourney(accessCode): pages.Journey.enterAccessCodeInJourney is PASSED

2021-01-13 13:41:17 - [MESSAGE][PASSED] - Object 'Object Repository/Journey/JourneyPortal/enterAccessCode' is present

2021-01-13 13:41:17 - [MESSAGE][PASSED] - Object 'Object Repository/Journey/JourneyPortal/enterAccessCode' is visible

2021-01-13 13:41:17 - [MESSAGE][PASSED] - Object 'Object Repository/Journey/JourneyPortal/enterAccessCode' is clickable

2021-01-13 13:41:18 - [MESSAGE][PASSED] - Text of object 'Object Repository/Journey/JourneyPortal/enterAccessCode' is cleared

2021-01-13 13:41:18 - [MESSAGE][PASSED] - Keys 'jump' sent to object: 'Object Repository/Journey/JourneyPortal/enterAccessCode'

2021-01-13 13:41:18 - [MESSAGE][PASSED] - pages.Journey.enterAccessCodeInJourney is PASSED

2021-01-13 13:41:18 - [TEST_STEP][PASSED] - pages.Journey.clickEnterButton(): pages.Journey.clickEnterButton is PASSED

2021-01-13 13:41:19 - [MESSAGE][PASSED] - Object 'Object Repository/Journey/JourneyPortal/EnterButton' is present

2021-01-13 13:41:19 - [MESSAGE][PASSED] - Object 'Object Repository/Journey/JourneyPortal/EnterButton' is visible

2021-01-13 13:41:19 - [MESSAGE][PASSED] - Object 'Object Repository/Journey/JourneyPortal/EnterButton' is clickable

2021-01-13 13:41:20 - [MESSAGE][PASSED] - Object: 'Object Repository/Journey/JourneyPortal/EnterButton' is clicked on

2021-01-13 13:41:20 - [MESSAGE][PASSED] - pages.Journey.clickEnterButton is PASSED

2021-01-13 13:41:20 - [TEST_STEP][PASSED] - pages.JourneyPortal.openExistingSection(): pages.JourneyPortal.openExistingSection is PASSED

2021-01-13 13:41:23 - [MESSAGE][PASSED] - Object 'Object Repository/Journey/JourneyPortal/Section/getSectionsCount' is present

2021-01-13 13:41:24 - [MESSAGE][PASSED] - Object 'Object Repository/Journey/JourneyPortal/Section/openSection(index)' is present

2021-01-13 13:41:24 - [MESSAGE][PASSED] - Object 'Object Repository/Journey/JourneyPortal/Section/openSection(index)' is visible

2021-01-13 13:41:24 - [MESSAGE][PASSED] - Object 'Object Repository/Journey/JourneyPortal/Section/openSection(index)' is clickable

2021-01-13 13:41:25 - [MESSAGE][PASSED] - Object: 'Object Repository/Journey/JourneyPortal/Section/openSection(index)' is clicked on

2021-01-13 13:41:25 - [MESSAGE][PASSED] - pages.JourneyPortal.openExistingSection is PASSED

2021-01-13 13:41:25 - [TEST_STEP][PASSED] - pages.JourneyPortal.openAnyProductInTheJourneyPortal(): pages.JourneyPortal.openAnyProductInTheJourneyPortal is PASSED

2021-01-13 13:41:26 - [MESSAGE][PASSED] - Object 'Object Repository/Journey/JourneyPortal/Product/toGetProductsCountInTheCart' is present

2021-01-13 13:41:27 - [MESSAGE][PASSED] - Scroll to object 'Object Repository/Journey/JourneyPortal/Product/openAnyProduct(index)' successfully

2021-01-13 13:41:27 - [MESSAGE][PASSED] - Object 'Object Repository/Journey/JourneyPortal/Product/openAnyProduct(index)' is present

2021-01-13 13:41:27 - [MESSAGE][PASSED] - Object 'Object Repository/Journey/JourneyPortal/Product/openAnyProduct(index)' is visible

2021-01-13 13:41:28 - [MESSAGE][PASSED] - Object 'Object Repository/Journey/JourneyPortal/Product/openAnyProduct(index)' is clickable

2021-01-13 13:41:28 - [MESSAGE][PASSED] - Object: 'Object Repository/Journey/JourneyPortal/Product/openAnyProduct(index)' is clicked on

2021-01-13 13:41:28 - [MESSAGE][PASSED] - pages.JourneyPortal.openAnyProductInTheJourneyPortal is PASSED

2021-01-13 13:41:28 - [TEST_STEP][PASSED] - pages.JourneyPortal.verifyCloseButton(): pages.JourneyPortal.verifyCloseButton is PASSED

2021-01-13 13:41:29 - [MESSAGE][PASSED] - Object 'Object Repository/Journey/JourneyPortal/Product/closeButton' is present

2021-01-13 13:41:29 - [MESSAGE][PASSED] - pages.JourneyPortal.verifyCloseButton is PASSED

2021-01-13 13:41:29 - [TEST_STEP][PASSED] - pages.JourneyPortal.clickCloseButtonOnJourneyPortalProductPopup(): pages.JourneyPortal.clickCloseButtonOnJourneyPortalProductPopup is PASSED

2021-01-13 13:41:29 - [MESSAGE][PASSED] - Object 'Object Repository/Journey/JourneyPortal/Product/closeButton' is present

2021-01-13 13:41:30 - [MESSAGE][PASSED] - Object 'Object Repository/Journey/JourneyPortal/Product/closeButton' is visible

2021-01-13 13:41:30 - [MESSAGE][PASSED] - Object 'Object Repository/Journey/JourneyPortal/Product/closeButton' is clickable

2021-01-13 13:41:30 - [MESSAGE][PASSED] - Object: 'Object Repository/Journey/JourneyPortal/Product/closeButton' is clicked on

2021-01-13 13:41:30 - [MESSAGE][PASSED] - pages.JourneyPortal.clickCloseButtonOnJourneyPortalProductPopup is PASSED

2021-01-13 13:41:30 - [TEST_STEP][PASSED] - pages.JourneyPortal.productPageCheck(): pages.JourneyPortal.productPageCheck is PASSED

2021-01-13 13:41:31 - [MESSAGE][PASSED] - Object 'Object Repository/Journey/JourneyPortal/Product/productPage' is present

2021-01-13 13:41:31 - [MESSAGE][PASSED] - pages.JourneyPortal.productPageCheck is PASSED]]></system-out>
         <system-err><![CDATA[]]></system-err>
      </testcase>
      <testcase name="Test Cases/JourneyPortal/verifyElementsInJourneyPotalProductPopup" time="38.694" classname="Test Cases/JourneyPortal/verifyElementsInJourneyPotalProductPopup" status="PASSED">
         <system-out><![CDATA[2021-01-13 13:41:31 - [TEST_CASE][PASSED] - Test Cases/JourneyPortal/verifyElementsInJourneyPotalProductPopup: Test Cases/JourneyPortal/verifyElementsInJourneyPotalProductPopup

2021-01-13 13:41:31 - [TEST_STEP][PASSED] - Start listener action : login: com.kms.katalon.core.webui.exception.WebElementNotFoundException: Web element with id: 'Object Repository/Login Credentials/Email' located by '//input[@name='email']' not found (Root cause: com.kms.katalon.core.exception.StepFailedException: com.kms.katalon.core.webui.exception.WebElementNotFoundException: Web element with id: 'Object Repository/Login Credentials/Email' located by '//input[@name='email']' not found
	at com.kms.katalon.core.webui.keyword.internal.WebUIKeywordMain.stepFailed(WebUIKeywordMain.groovy:64)
	at com.kms.katalon.core.webui.keyword.builtin.VerifyElementPresentKeyword$_verifyElementPresent_closure1.doCall(VerifyElementPresentKeyword.groovy:85)
	at com.kms.katalon.core.webui.keyword.builtin.VerifyElementPresentKeyword$_verifyElementPresent_closure1.call(VerifyElementPresentKeyword.groovy)
	at com.kms.katalon.core.webui.keyword.internal.WebUIKeywordMain.runKeyword(WebUIKeywordMain.groovy:20)
	at com.kms.katalon.core.webui.keyword.builtin.VerifyElementPresentKeyword.verifyElementPresent(VerifyElementPresentKeyword.groovy:92)
	at com.kms.katalon.core.webui.keyword.builtin.VerifyElementPresentKeyword.execute(VerifyElementPresentKeyword.groovy:68)
	at com.kms.katalon.core.keyword.internal.KeywordExecutor.executeKeywordForPlatform(KeywordExecutor.groovy:73)
	at com.kms.katalon.core.webui.keyword.WebUiBuiltInKeywords.verifyElementPresent(WebUiBuiltInKeywords.groovy:1445)
	at com.kms.katalon.core.webui.keyword.WebUiBuiltInKeywords$verifyElementPresent$2.call(Unknown Source)
	at login.LoginForAdminDevEnvironment.login(LoginForAdminDevEnvironment.groovy:18)
	at login.LoginForAdminDevEnvironment$login.call(Unknown Source)
	at Login.login(Login.groovy:37)
	at Login.invokeMethod(Login.groovy)
	at com.kms.katalon.core.context.internal.TestHooker.invokeMethod(TestHooker.java:111)
	at com.kms.katalon.core.context.internal.TestHooker.lambda$3(TestHooker.java:95)
	at com.kms.katalon.core.context.internal.TestHooker.invokeContextMethods(TestHooker.java:94)
	at com.kms.katalon.core.context.internal.TestListenerCollector.lambda$3(TestListenerCollector.java:88)
	at com.kms.katalon.core.context.internal.TestListenerCollector.handleListenerEvent(TestListenerCollector.java:85)
	at com.kms.katalon.core.context.internal.ExecutionEventManager.publicEvent(ExecutionEventManager.java:36)
	at com.kms.katalon.core.main.TestCaseExecutor.execute(TestCaseExecutor.java:221)
	at com.kms.katalon.core.main.TestSuiteExecutor.accessTestCaseMainPhase(TestSuiteExecutor.java:191)
	at com.kms.katalon.core.main.TestSuiteExecutor.accessTestSuiteMainPhase(TestSuiteExecutor.java:141)
	at com.kms.katalon.core.main.TestSuiteExecutor.execute(TestSuiteExecutor.java:90)
	at com.kms.katalon.core.main.TestCaseMain.startTestSuite(TestCaseMain.java:157)
	at com.kms.katalon.core.main.TestCaseMain$startTestSuite$0.call(Unknown Source)
	at TempTestSuite1610561623229.run(TempTestSuite1610561623229.groovy:39)
)

2021-01-13 13:41:31 - [TEST_STEP][PASSED] - Thread.sleep(3000): null

2021-01-13 13:41:34 - [TEST_STEP][PASSED] - url = getUrl(): Current window's url is: 'https://qualitlabs.dev.modist.co/products/633'

2021-01-13 13:41:34 - [MESSAGE][PASSED] - Current window's url is: 'https://qualitlabs.dev.modist.co/products/633'

2021-01-13 13:41:34 - [TEST_STEP][PASSED] - if (!(url.contains("dashboard"))): com.kms.katalon.core.webui.exception.WebElementNotFoundException: Web element with id: 'Object Repository/Login Credentials/Email' located by '//input[@name='email']' not found (Root cause: com.kms.katalon.core.exception.StepFailedException: com.kms.katalon.core.webui.exception.WebElementNotFoundException: Web element with id: 'Object Repository/Login Credentials/Email' located by '//input[@name='email']' not found
	at com.kms.katalon.core.webui.keyword.internal.WebUIKeywordMain.stepFailed(WebUIKeywordMain.groovy:64)
	at com.kms.katalon.core.webui.keyword.builtin.VerifyElementPresentKeyword$_verifyElementPresent_closure1.doCall(VerifyElementPresentKeyword.groovy:85)
	at com.kms.katalon.core.webui.keyword.builtin.VerifyElementPresentKeyword$_verifyElementPresent_closure1.call(VerifyElementPresentKeyword.groovy)
	at com.kms.katalon.core.webui.keyword.internal.WebUIKeywordMain.runKeyword(WebUIKeywordMain.groovy:20)
	at com.kms.katalon.core.webui.keyword.builtin.VerifyElementPresentKeyword.verifyElementPresent(VerifyElementPresentKeyword.groovy:92)
	at com.kms.katalon.core.webui.keyword.builtin.VerifyElementPresentKeyword.execute(VerifyElementPresentKeyword.groovy:68)
	at com.kms.katalon.core.keyword.internal.KeywordExecutor.executeKeywordForPlatform(KeywordExecutor.groovy:73)
	at com.kms.katalon.core.webui.keyword.WebUiBuiltInKeywords.verifyElementPresent(WebUiBuiltInKeywords.groovy:1445)
	at com.kms.katalon.core.webui.keyword.WebUiBuiltInKeywords$verifyElementPresent$2.call(Unknown Source)
	at login.LoginForAdminDevEnvironment.login(LoginForAdminDevEnvironment.groovy:18)
	at login.LoginForAdminDevEnvironment$login.call(Unknown Source)
	at Login.login(Login.groovy:37)
	at Login.invokeMethod(Login.groovy)
	at com.kms.katalon.core.context.internal.TestHooker.invokeMethod(TestHooker.java:111)
	at com.kms.katalon.core.context.internal.TestHooker.lambda$3(TestHooker.java:95)
	at com.kms.katalon.core.context.internal.TestHooker.invokeContextMethods(TestHooker.java:94)
	at com.kms.katalon.core.context.internal.TestListenerCollector.lambda$3(TestListenerCollector.java:88)
	at com.kms.katalon.core.context.internal.TestListenerCollector.handleListenerEvent(TestListenerCollector.java:85)
	at com.kms.katalon.core.context.internal.ExecutionEventManager.publicEvent(ExecutionEventManager.java:36)
	at com.kms.katalon.core.main.TestCaseExecutor.execute(TestCaseExecutor.java:221)
	at com.kms.katalon.core.main.TestSuiteExecutor.accessTestCaseMainPhase(TestSuiteExecutor.java:191)
	at com.kms.katalon.core.main.TestSuiteExecutor.accessTestSuiteMainPhase(TestSuiteExecutor.java:141)
	at com.kms.katalon.core.main.TestSuiteExecutor.execute(TestSuiteExecutor.java:90)
	at com.kms.katalon.core.main.TestCaseMain.startTestSuite(TestCaseMain.java:157)
	at com.kms.katalon.core.main.TestCaseMain$startTestSuite$0.call(Unknown Source)
	at TempTestSuite1610561623229.run(TempTestSuite1610561623229.groovy:39)
)

2021-01-13 13:41:34 - [TEST_STEP][PASSED] - navigateToUrl(Url): Navigate to 'https://dev-admin.modist.co/' successfully

2021-01-13 13:41:34 - [MESSAGE][PASSED] - Navigate to 'https://dev-admin.modist.co/' successfully

2021-01-13 13:41:34 - [TEST_STEP][PASSED] - loginPage.login(Email, Password): com.kms.katalon.core.webui.exception.WebElementNotFoundException: Web element with id: 'Object Repository/Login Credentials/Email' located by '//input[@name='email']' not found (Root cause: com.kms.katalon.core.exception.StepFailedException: com.kms.katalon.core.webui.exception.WebElementNotFoundException: Web element with id: 'Object Repository/Login Credentials/Email' located by '//input[@name='email']' not found
	at com.kms.katalon.core.webui.keyword.internal.WebUIKeywordMain.stepFailed(WebUIKeywordMain.groovy:64)
	at com.kms.katalon.core.webui.keyword.builtin.VerifyElementPresentKeyword$_verifyElementPresent_closure1.doCall(VerifyElementPresentKeyword.groovy:85)
	at com.kms.katalon.core.webui.keyword.builtin.VerifyElementPresentKeyword$_verifyElementPresent_closure1.call(VerifyElementPresentKeyword.groovy)
	at com.kms.katalon.core.webui.keyword.internal.WebUIKeywordMain.runKeyword(WebUIKeywordMain.groovy:20)
	at com.kms.katalon.core.webui.keyword.builtin.VerifyElementPresentKeyword.verifyElementPresent(VerifyElementPresentKeyword.groovy:92)
	at com.kms.katalon.core.webui.keyword.builtin.VerifyElementPresentKeyword.execute(VerifyElementPresentKeyword.groovy:68)
	at com.kms.katalon.core.keyword.internal.KeywordExecutor.executeKeywordForPlatform(KeywordExecutor.groovy:73)
	at com.kms.katalon.core.webui.keyword.WebUiBuiltInKeywords.verifyElementPresent(WebUiBuiltInKeywords.groovy:1445)
	at com.kms.katalon.core.webui.keyword.WebUiBuiltInKeywords$verifyElementPresent$2.call(Unknown Source)
	at login.LoginForAdminDevEnvironment.login(LoginForAdminDevEnvironment.groovy:18)
	at login.LoginForAdminDevEnvironment$login.call(Unknown Source)
	at Login.login(Login.groovy:37)
	at Login.invokeMethod(Login.groovy)
	at com.kms.katalon.core.context.internal.TestHooker.invokeMethod(TestHooker.java:111)
	at com.kms.katalon.core.context.internal.TestHooker.lambda$3(TestHooker.java:95)
	at com.kms.katalon.core.context.internal.TestHooker.invokeContextMethods(TestHooker.java:94)
	at com.kms.katalon.core.context.internal.TestListenerCollector.lambda$3(TestListenerCollector.java:88)
	at com.kms.katalon.core.context.internal.TestListenerCollector.handleListenerEvent(TestListenerCollector.java:85)
	at com.kms.katalon.core.context.internal.ExecutionEventManager.publicEvent(ExecutionEventManager.java:36)
	at com.kms.katalon.core.main.TestCaseExecutor.execute(TestCaseExecutor.java:221)
	at com.kms.katalon.core.main.TestSuiteExecutor.accessTestCaseMainPhase(TestSuiteExecutor.java:191)
	at com.kms.katalon.core.main.TestSuiteExecutor.accessTestSuiteMainPhase(TestSuiteExecutor.java:141)
	at com.kms.katalon.core.main.TestSuiteExecutor.execute(TestSuiteExecutor.java:90)
	at com.kms.katalon.core.main.TestCaseMain.startTestSuite(TestCaseMain.java:157)
	at com.kms.katalon.core.main.TestCaseMain$startTestSuite$0.call(Unknown Source)
	at TempTestSuite1610561623229.run(TempTestSuite1610561623229.groovy:39)
)

2021-01-13 13:41:40 - [MESSAGE][INFO] - Unable to find the element located by 'By.xpath: //input[@name='email']'. Please recheck the objects properties to make sure the desired element is located. 

2021-01-13 13:41:40 - [MESSAGE][WARNING] - com.kms.katalon.core.webui.exception.WebElementNotFoundException: Web element with id: 'Object Repository/Login Credentials/Email' located by '//input[@name='email']' not found (Root cause: com.kms.katalon.core.exception.StepFailedException: com.kms.katalon.core.webui.exception.WebElementNotFoundException: Web element with id: 'Object Repository/Login Credentials/Email' located by '//input[@name='email']' not found
	at com.kms.katalon.core.webui.keyword.internal.WebUIKeywordMain.stepFailed(WebUIKeywordMain.groovy:64)
	at com.kms.katalon.core.webui.keyword.builtin.VerifyElementPresentKeyword$_verifyElementPresent_closure1.doCall(VerifyElementPresentKeyword.groovy:85)
	at com.kms.katalon.core.webui.keyword.builtin.VerifyElementPresentKeyword$_verifyElementPresent_closure1.call(VerifyElementPresentKeyword.groovy)
	at com.kms.katalon.core.webui.keyword.internal.WebUIKeywordMain.runKeyword(WebUIKeywordMain.groovy:20)
	at com.kms.katalon.core.webui.keyword.builtin.VerifyElementPresentKeyword.verifyElementPresent(VerifyElementPresentKeyword.groovy:92)
	at com.kms.katalon.core.webui.keyword.builtin.VerifyElementPresentKeyword.execute(VerifyElementPresentKeyword.groovy:68)
	at com.kms.katalon.core.keyword.internal.KeywordExecutor.executeKeywordForPlatform(KeywordExecutor.groovy:73)
	at com.kms.katalon.core.webui.keyword.WebUiBuiltInKeywords.verifyElementPresent(WebUiBuiltInKeywords.groovy:1445)
	at com.kms.katalon.core.webui.keyword.WebUiBuiltInKeywords$verifyElementPresent$2.call(Unknown Source)
	at login.LoginForAdminDevEnvironment.login(LoginForAdminDevEnvironment.groovy:18)
	at login.LoginForAdminDevEnvironment$login.call(Unknown Source)
	at Login.login(Login.groovy:37)
	at Login.invokeMethod(Login.groovy)
	at com.kms.katalon.core.context.internal.TestHooker.invokeMethod(TestHooker.java:111)
	at com.kms.katalon.core.context.internal.TestHooker.lambda$3(TestHooker.java:95)
	at com.kms.katalon.core.context.internal.TestHooker.invokeContextMethods(TestHooker.java:94)
	at com.kms.katalon.core.context.internal.TestListenerCollector.lambda$3(TestListenerCollector.java:88)
	at com.kms.katalon.core.context.internal.TestListenerCollector.handleListenerEvent(TestListenerCollector.java:85)
	at com.kms.katalon.core.context.internal.ExecutionEventManager.publicEvent(ExecutionEventManager.java:36)
	at com.kms.katalon.core.main.TestCaseExecutor.execute(TestCaseExecutor.java:221)
	at com.kms.katalon.core.main.TestSuiteExecutor.accessTestCaseMainPhase(TestSuiteExecutor.java:191)
	at com.kms.katalon.core.main.TestSuiteExecutor.accessTestSuiteMainPhase(TestSuiteExecutor.java:141)
	at com.kms.katalon.core.main.TestSuiteExecutor.execute(TestSuiteExecutor.java:90)
	at com.kms.katalon.core.main.TestCaseMain.startTestSuite(TestCaseMain.java:157)
	at com.kms.katalon.core.main.TestCaseMain$startTestSuite$0.call(Unknown Source)
	at TempTestSuite1610561623229.run(TempTestSuite1610561623229.groovy:39)
)
[[ATTACHMENT|E:\\Modist\\ModistProject\\Reports\\20210113_131343\\AllTestCases\\20210113_131343\\1610563300130.png]]

2021-01-13 13:41:40 - [TEST_STEP][PASSED] - pages.Journey.clickOnJourneyTab(): pages.Journey.clickOnJourneyTab is PASSED

2021-01-13 13:41:40 - [MESSAGE][PASSED] - Object 'Object Repository/Journey/Journeytab' is present

2021-01-13 13:41:41 - [MESSAGE][PASSED] - Object 'Object Repository/Journey/Journeytab' is visible

2021-01-13 13:41:41 - [MESSAGE][PASSED] - Object 'Object Repository/Journey/Journeytab' is clickable

2021-01-13 13:41:41 - [MESSAGE][PASSED] - Object: 'Object Repository/Journey/Journeytab' is clicked on

2021-01-13 13:41:41 - [MESSAGE][PASSED] - pages.Journey.clickOnJourneyTab is PASSED

2021-01-13 13:41:41 - [TEST_STEP][PASSED] - journeyName = pages.Journey.getRandomJourneyName(): pages.Journey.getRandomJourneyName is PASSED

2021-01-13 13:41:42 - [MESSAGE][PASSED] - Object 'Object Repository/Journey/toGetJourneysCount' is present

2021-01-13 13:41:42 - [MESSAGE][PASSED] - Object 'Object Repository/Journey/toGetJourneysCount' is present

2021-01-13 13:41:43 - [MESSAGE][PASSED] - Text of object 'Object Repository/Journey/toPickrandomJourney(index)' is: 'JO8'

2021-01-13 13:41:43 - [MESSAGE][PASSED] - pages.Journey.getRandomJourneyName is PASSED

2021-01-13 13:41:43 - [TEST_STEP][PASSED] - accessCode = pages.Journey.getExistingJourneyAccesscode(journeyName): pages.Journey.getExistingJourneyAccesscode is PASSED

2021-01-13 13:41:43 - [MESSAGE][PASSED] - Object 'Object Repository/Journey/journrySearchInput' is present

2021-01-13 13:41:43 - [MESSAGE][PASSED] - Object 'Object Repository/Journey/journrySearchInput' is visible

2021-01-13 13:41:44 - [MESSAGE][PASSED] - Object 'Object Repository/Journey/journrySearchInput' is clickable

2021-01-13 13:41:44 - [MESSAGE][PASSED] - Text of object 'Object Repository/Journey/journrySearchInput' is cleared

2021-01-13 13:41:44 - [MESSAGE][PASSED] - Keys '' sent to object: 'Object Repository/Journey/journrySearchInput'

2021-01-13 13:41:45 - [MESSAGE][PASSED] - Keys 'J' sent to object: 'Object Repository/Journey/journrySearchInput'

2021-01-13 13:41:45 - [MESSAGE][PASSED] - Keys 'O' sent to object: 'Object Repository/Journey/journrySearchInput'

2021-01-13 13:41:46 - [MESSAGE][PASSED] - Keys '8' sent to object: 'Object Repository/Journey/journrySearchInput'

2021-01-13 13:41:46 - [MESSAGE][PASSED] - Object 'Object Repository/Journey/journrySearchInput' is present

2021-01-13 13:41:47 - [MESSAGE][PASSED] - Object 'Object Repository/Journey/journrySearchInput' is visible

2021-01-13 13:41:48 - [MESSAGE][PASSED] - Object 'Object Repository/Journey/journrySearchInput' is clickable

2021-01-13 13:41:48 - [MESSAGE][PASSED] - Text of object 'Object Repository/Journey/journrySearchInput' is cleared

2021-01-13 13:41:49 - [MESSAGE][PASSED] - Keys '' sent to object: 'Object Repository/Journey/journrySearchInput'

2021-01-13 13:41:49 - [MESSAGE][PASSED] - Keys 'J' sent to object: 'Object Repository/Journey/journrySearchInput'

2021-01-13 13:41:50 - [MESSAGE][PASSED] - Keys 'O' sent to object: 'Object Repository/Journey/journrySearchInput'

2021-01-13 13:41:51 - [MESSAGE][PASSED] - Keys '8' sent to object: 'Object Repository/Journey/journrySearchInput'

2021-01-13 13:41:52 - [MESSAGE][PASSED] - Object 'Object Repository/Journey/clickVerifyingJourney(journeyName)' is present

2021-01-13 13:41:52 - [MESSAGE][PASSED] - Object 'Object Repository/Journey/clickVerifyingJourney(journeyName)' is visible

2021-01-13 13:41:52 - [MESSAGE][PASSED] - Object 'Object Repository/Journey/clickVerifyingJourney(journeyName)' is clickable

2021-01-13 13:41:53 - [MESSAGE][PASSED] - Object: 'Object Repository/Journey/clickVerifyingJourney(journeyName)' is clicked on

2021-01-13 13:41:53 - [MESSAGE][PASSED] - Scroll to object 'Object Repository/Journey/Current Access Codes/currentAccessCodeField' successfully

2021-01-13 13:41:55 - [MESSAGE][PASSED] - Object 'Object Repository/Journey/Current Access Codes/getAccessCodesCount' is present

2021-01-13 13:41:56 - [MESSAGE][PASSED] - Text of object 'Object Repository/Journey/Current Access Codes/getAccessCodeText(index)' is: 'asdf'

2021-01-13 13:41:56 - [MESSAGE][PASSED] - pages.Journey.getExistingJourneyAccesscode is PASSED

2021-01-13 13:41:56 - [TEST_STEP][PASSED] - login.LoginForJourneyApplication.loginToJourneyApplication(): login.LoginForJourneyApplication.loginToJourneyApplication is PASSED

2021-01-13 13:41:56 - [MESSAGE][PASSED] - Navigate to 'https://qualitlabs.dev.modist.co/' successfully

2021-01-13 13:41:56 - [MESSAGE][PASSED] - login.LoginForJourneyApplication.loginToJourneyApplication is PASSED

2021-01-13 13:41:56 - [TEST_STEP][PASSED] - pages.Journey.enterAccessCodeInJourney(accessCode): pages.Journey.enterAccessCodeInJourney is PASSED

2021-01-13 13:41:56 - [MESSAGE][PASSED] - Object 'Object Repository/Journey/JourneyPortal/enterAccessCode' is present

2021-01-13 13:41:57 - [MESSAGE][PASSED] - Object 'Object Repository/Journey/JourneyPortal/enterAccessCode' is visible

2021-01-13 13:41:57 - [MESSAGE][PASSED] - Object 'Object Repository/Journey/JourneyPortal/enterAccessCode' is clickable

2021-01-13 13:41:58 - [MESSAGE][PASSED] - Text of object 'Object Repository/Journey/JourneyPortal/enterAccessCode' is cleared

2021-01-13 13:41:58 - [MESSAGE][PASSED] - Keys 'asdf' sent to object: 'Object Repository/Journey/JourneyPortal/enterAccessCode'

2021-01-13 13:41:58 - [MESSAGE][PASSED] - pages.Journey.enterAccessCodeInJourney is PASSED

2021-01-13 13:41:58 - [TEST_STEP][PASSED] - pages.Journey.clickEnterButton(): pages.Journey.clickEnterButton is PASSED

2021-01-13 13:41:58 - [MESSAGE][PASSED] - Object 'Object Repository/Journey/JourneyPortal/EnterButton' is present

2021-01-13 13:41:59 - [MESSAGE][PASSED] - Object 'Object Repository/Journey/JourneyPortal/EnterButton' is visible

2021-01-13 13:41:59 - [MESSAGE][PASSED] - Object 'Object Repository/Journey/JourneyPortal/EnterButton' is clickable

2021-01-13 13:41:59 - [MESSAGE][PASSED] - Object: 'Object Repository/Journey/JourneyPortal/EnterButton' is clicked on

2021-01-13 13:41:59 - [MESSAGE][PASSED] - pages.Journey.clickEnterButton is PASSED

2021-01-13 13:41:59 - [TEST_STEP][PASSED] - pages.JourneyPortal.openExistingSection(): pages.JourneyPortal.openExistingSection is PASSED

2021-01-13 13:42:02 - [MESSAGE][PASSED] - Object 'Object Repository/Journey/JourneyPortal/Section/getSectionsCount' is present

2021-01-13 13:42:03 - [MESSAGE][PASSED] - Object 'Object Repository/Journey/JourneyPortal/Section/openSection(index)' is present

2021-01-13 13:42:03 - [MESSAGE][PASSED] - Object 'Object Repository/Journey/JourneyPortal/Section/openSection(index)' is visible

2021-01-13 13:42:04 - [MESSAGE][PASSED] - Object 'Object Repository/Journey/JourneyPortal/Section/openSection(index)' is clickable

2021-01-13 13:42:04 - [MESSAGE][PASSED] - Object: 'Object Repository/Journey/JourneyPortal/Section/openSection(index)' is clicked on

2021-01-13 13:42:04 - [MESSAGE][PASSED] - pages.JourneyPortal.openExistingSection is PASSED

2021-01-13 13:42:04 - [TEST_STEP][PASSED] - pages.JourneyPortal.openAnyProductInTheJourneyPortal(): pages.JourneyPortal.openAnyProductInTheJourneyPortal is PASSED

2021-01-13 13:42:05 - [MESSAGE][PASSED] - Object 'Object Repository/Journey/JourneyPortal/Product/toGetProductsCountInTheCart' is present

2021-01-13 13:42:06 - [MESSAGE][PASSED] - Scroll to object 'Object Repository/Journey/JourneyPortal/Product/openAnyProduct(index)' successfully

2021-01-13 13:42:06 - [MESSAGE][PASSED] - Object 'Object Repository/Journey/JourneyPortal/Product/openAnyProduct(index)' is present

2021-01-13 13:42:07 - [MESSAGE][PASSED] - Object 'Object Repository/Journey/JourneyPortal/Product/openAnyProduct(index)' is visible

2021-01-13 13:42:07 - [MESSAGE][PASSED] - Object 'Object Repository/Journey/JourneyPortal/Product/openAnyProduct(index)' is clickable

2021-01-13 13:42:08 - [MESSAGE][PASSED] - Object: 'Object Repository/Journey/JourneyPortal/Product/openAnyProduct(index)' is clicked on

2021-01-13 13:42:08 - [MESSAGE][PASSED] - pages.JourneyPortal.openAnyProductInTheJourneyPortal is PASSED

2021-01-13 13:42:08 - [TEST_STEP][PASSED] - pages.JourneyPortal.verifyElementsInProductPopupInJourneyPortal(): pages.JourneyPortal.verifyElementsInProductPopupInJourneyPortal is PASSED

2021-01-13 13:42:08 - [MESSAGE][PASSED] - Object 'Object Repository/Journey/JourneyPortal/Product/productPrice' is present

2021-01-13 13:42:08 - [MESSAGE][PASSED] - Object 'Object Repository/Journey/JourneyPortal/Product/productTitle' is present

2021-01-13 13:42:09 - [MESSAGE][PASSED] - Object 'Object Repository/Journey/JourneyPortal/Product/imageInTheProduct' is present

2021-01-13 13:42:09 - [MESSAGE][PASSED] - Object 'Object Repository/Journey/JourneyPortal/Product/AddToCart' is present

2021-01-13 13:42:10 - [MESSAGE][PASSED] - Object 'Object Repository/Journey/JourneyPortal/Product/favouriteIcon' is present

2021-01-13 13:42:10 - [MESSAGE][PASSED] - pages.JourneyPortal.verifyElementsInProductPopupInJourneyPortal is PASSED]]></system-out>
         <system-err><![CDATA[]]></system-err>
      </testcase>
      <testcase name="Test Cases/JourneyPortal/verifyFixedBackGroundInJourneyPortal" time="48.028" classname="Test Cases/JourneyPortal/verifyFixedBackGroundInJourneyPortal" status="PASSED">
         <system-out><![CDATA[2021-01-13 13:42:10 - [TEST_CASE][PASSED] - Test Cases/JourneyPortal/verifyFixedBackGroundInJourneyPortal: Test Cases/JourneyPortal/verifyFixedBackGroundInJourneyPortal

2021-01-13 13:42:10 - [TEST_STEP][PASSED] - Start listener action : login: com.kms.katalon.core.webui.exception.WebElementNotFoundException: Web element with id: 'Object Repository/Login Credentials/Email' located by '//input[@name='email']' not found (Root cause: com.kms.katalon.core.exception.StepFailedException: com.kms.katalon.core.webui.exception.WebElementNotFoundException: Web element with id: 'Object Repository/Login Credentials/Email' located by '//input[@name='email']' not found
	at com.kms.katalon.core.webui.keyword.internal.WebUIKeywordMain.stepFailed(WebUIKeywordMain.groovy:64)
	at com.kms.katalon.core.webui.keyword.builtin.VerifyElementPresentKeyword$_verifyElementPresent_closure1.doCall(VerifyElementPresentKeyword.groovy:85)
	at com.kms.katalon.core.webui.keyword.builtin.VerifyElementPresentKeyword$_verifyElementPresent_closure1.call(VerifyElementPresentKeyword.groovy)
	at com.kms.katalon.core.webui.keyword.internal.WebUIKeywordMain.runKeyword(WebUIKeywordMain.groovy:20)
	at com.kms.katalon.core.webui.keyword.builtin.VerifyElementPresentKeyword.verifyElementPresent(VerifyElementPresentKeyword.groovy:92)
	at com.kms.katalon.core.webui.keyword.builtin.VerifyElementPresentKeyword.execute(VerifyElementPresentKeyword.groovy:68)
	at com.kms.katalon.core.keyword.internal.KeywordExecutor.executeKeywordForPlatform(KeywordExecutor.groovy:73)
	at com.kms.katalon.core.webui.keyword.WebUiBuiltInKeywords.verifyElementPresent(WebUiBuiltInKeywords.groovy:1445)
	at com.kms.katalon.core.webui.keyword.WebUiBuiltInKeywords$verifyElementPresent$2.call(Unknown Source)
	at login.LoginForAdminDevEnvironment.login(LoginForAdminDevEnvironment.groovy:18)
	at login.LoginForAdminDevEnvironment$login.call(Unknown Source)
	at Login.login(Login.groovy:37)
	at Login.invokeMethod(Login.groovy)
	at com.kms.katalon.core.context.internal.TestHooker.invokeMethod(TestHooker.java:111)
	at com.kms.katalon.core.context.internal.TestHooker.lambda$3(TestHooker.java:95)
	at com.kms.katalon.core.context.internal.TestHooker.invokeContextMethods(TestHooker.java:94)
	at com.kms.katalon.core.context.internal.TestListenerCollector.lambda$3(TestListenerCollector.java:88)
	at com.kms.katalon.core.context.internal.TestListenerCollector.handleListenerEvent(TestListenerCollector.java:85)
	at com.kms.katalon.core.context.internal.ExecutionEventManager.publicEvent(ExecutionEventManager.java:36)
	at com.kms.katalon.core.main.TestCaseExecutor.execute(TestCaseExecutor.java:221)
	at com.kms.katalon.core.main.TestSuiteExecutor.accessTestCaseMainPhase(TestSuiteExecutor.java:191)
	at com.kms.katalon.core.main.TestSuiteExecutor.accessTestSuiteMainPhase(TestSuiteExecutor.java:141)
	at com.kms.katalon.core.main.TestSuiteExecutor.execute(TestSuiteExecutor.java:90)
	at com.kms.katalon.core.main.TestCaseMain.startTestSuite(TestCaseMain.java:157)
	at com.kms.katalon.core.main.TestCaseMain$startTestSuite$0.call(Unknown Source)
	at TempTestSuite1610561623229.run(TempTestSuite1610561623229.groovy:39)
)

2021-01-13 13:42:10 - [TEST_STEP][PASSED] - Thread.sleep(3000): null

2021-01-13 13:42:13 - [TEST_STEP][PASSED] - url = getUrl(): Current window's url is: 'https://qualitlabs.dev.modist.co/products/512'

2021-01-13 13:42:13 - [MESSAGE][PASSED] - Current window's url is: 'https://qualitlabs.dev.modist.co/products/512'

2021-01-13 13:42:13 - [TEST_STEP][PASSED] - if (!(url.contains("dashboard"))): com.kms.katalon.core.webui.exception.WebElementNotFoundException: Web element with id: 'Object Repository/Login Credentials/Email' located by '//input[@name='email']' not found (Root cause: com.kms.katalon.core.exception.StepFailedException: com.kms.katalon.core.webui.exception.WebElementNotFoundException: Web element with id: 'Object Repository/Login Credentials/Email' located by '//input[@name='email']' not found
	at com.kms.katalon.core.webui.keyword.internal.WebUIKeywordMain.stepFailed(WebUIKeywordMain.groovy:64)
	at com.kms.katalon.core.webui.keyword.builtin.VerifyElementPresentKeyword$_verifyElementPresent_closure1.doCall(VerifyElementPresentKeyword.groovy:85)
	at com.kms.katalon.core.webui.keyword.builtin.VerifyElementPresentKeyword$_verifyElementPresent_closure1.call(VerifyElementPresentKeyword.groovy)
	at com.kms.katalon.core.webui.keyword.internal.WebUIKeywordMain.runKeyword(WebUIKeywordMain.groovy:20)
	at com.kms.katalon.core.webui.keyword.builtin.VerifyElementPresentKeyword.verifyElementPresent(VerifyElementPresentKeyword.groovy:92)
	at com.kms.katalon.core.webui.keyword.builtin.VerifyElementPresentKeyword.execute(VerifyElementPresentKeyword.groovy:68)
	at com.kms.katalon.core.keyword.internal.KeywordExecutor.executeKeywordForPlatform(KeywordExecutor.groovy:73)
	at com.kms.katalon.core.webui.keyword.WebUiBuiltInKeywords.verifyElementPresent(WebUiBuiltInKeywords.groovy:1445)
	at com.kms.katalon.core.webui.keyword.WebUiBuiltInKeywords$verifyElementPresent$2.call(Unknown Source)
	at login.LoginForAdminDevEnvironment.login(LoginForAdminDevEnvironment.groovy:18)
	at login.LoginForAdminDevEnvironment$login.call(Unknown Source)
	at Login.login(Login.groovy:37)
	at Login.invokeMethod(Login.groovy)
	at com.kms.katalon.core.context.internal.TestHooker.invokeMethod(TestHooker.java:111)
	at com.kms.katalon.core.context.internal.TestHooker.lambda$3(TestHooker.java:95)
	at com.kms.katalon.core.context.internal.TestHooker.invokeContextMethods(TestHooker.java:94)
	at com.kms.katalon.core.context.internal.TestListenerCollector.lambda$3(TestListenerCollector.java:88)
	at com.kms.katalon.core.context.internal.TestListenerCollector.handleListenerEvent(TestListenerCollector.java:85)
	at com.kms.katalon.core.context.internal.ExecutionEventManager.publicEvent(ExecutionEventManager.java:36)
	at com.kms.katalon.core.main.TestCaseExecutor.execute(TestCaseExecutor.java:221)
	at com.kms.katalon.core.main.TestSuiteExecutor.accessTestCaseMainPhase(TestSuiteExecutor.java:191)
	at com.kms.katalon.core.main.TestSuiteExecutor.accessTestSuiteMainPhase(TestSuiteExecutor.java:141)
	at com.kms.katalon.core.main.TestSuiteExecutor.execute(TestSuiteExecutor.java:90)
	at com.kms.katalon.core.main.TestCaseMain.startTestSuite(TestCaseMain.java:157)
	at com.kms.katalon.core.main.TestCaseMain$startTestSuite$0.call(Unknown Source)
	at TempTestSuite1610561623229.run(TempTestSuite1610561623229.groovy:39)
)

2021-01-13 13:42:13 - [TEST_STEP][PASSED] - navigateToUrl(Url): Navigate to 'https://dev-admin.modist.co/' successfully

2021-01-13 13:42:13 - [MESSAGE][PASSED] - Navigate to 'https://dev-admin.modist.co/' successfully

2021-01-13 13:42:13 - [TEST_STEP][PASSED] - loginPage.login(Email, Password): com.kms.katalon.core.webui.exception.WebElementNotFoundException: Web element with id: 'Object Repository/Login Credentials/Email' located by '//input[@name='email']' not found (Root cause: com.kms.katalon.core.exception.StepFailedException: com.kms.katalon.core.webui.exception.WebElementNotFoundException: Web element with id: 'Object Repository/Login Credentials/Email' located by '//input[@name='email']' not found
	at com.kms.katalon.core.webui.keyword.internal.WebUIKeywordMain.stepFailed(WebUIKeywordMain.groovy:64)
	at com.kms.katalon.core.webui.keyword.builtin.VerifyElementPresentKeyword$_verifyElementPresent_closure1.doCall(VerifyElementPresentKeyword.groovy:85)
	at com.kms.katalon.core.webui.keyword.builtin.VerifyElementPresentKeyword$_verifyElementPresent_closure1.call(VerifyElementPresentKeyword.groovy)
	at com.kms.katalon.core.webui.keyword.internal.WebUIKeywordMain.runKeyword(WebUIKeywordMain.groovy:20)
	at com.kms.katalon.core.webui.keyword.builtin.VerifyElementPresentKeyword.verifyElementPresent(VerifyElementPresentKeyword.groovy:92)
	at com.kms.katalon.core.webui.keyword.builtin.VerifyElementPresentKeyword.execute(VerifyElementPresentKeyword.groovy:68)
	at com.kms.katalon.core.keyword.internal.KeywordExecutor.executeKeywordForPlatform(KeywordExecutor.groovy:73)
	at com.kms.katalon.core.webui.keyword.WebUiBuiltInKeywords.verifyElementPresent(WebUiBuiltInKeywords.groovy:1445)
	at com.kms.katalon.core.webui.keyword.WebUiBuiltInKeywords$verifyElementPresent$2.call(Unknown Source)
	at login.LoginForAdminDevEnvironment.login(LoginForAdminDevEnvironment.groovy:18)
	at login.LoginForAdminDevEnvironment$login.call(Unknown Source)
	at Login.login(Login.groovy:37)
	at Login.invokeMethod(Login.groovy)
	at com.kms.katalon.core.context.internal.TestHooker.invokeMethod(TestHooker.java:111)
	at com.kms.katalon.core.context.internal.TestHooker.lambda$3(TestHooker.java:95)
	at com.kms.katalon.core.context.internal.TestHooker.invokeContextMethods(TestHooker.java:94)
	at com.kms.katalon.core.context.internal.TestListenerCollector.lambda$3(TestListenerCollector.java:88)
	at com.kms.katalon.core.context.internal.TestListenerCollector.handleListenerEvent(TestListenerCollector.java:85)
	at com.kms.katalon.core.context.internal.ExecutionEventManager.publicEvent(ExecutionEventManager.java:36)
	at com.kms.katalon.core.main.TestCaseExecutor.execute(TestCaseExecutor.java:221)
	at com.kms.katalon.core.main.TestSuiteExecutor.accessTestCaseMainPhase(TestSuiteExecutor.java:191)
	at com.kms.katalon.core.main.TestSuiteExecutor.accessTestSuiteMainPhase(TestSuiteExecutor.java:141)
	at com.kms.katalon.core.main.TestSuiteExecutor.execute(TestSuiteExecutor.java:90)
	at com.kms.katalon.core.main.TestCaseMain.startTestSuite(TestCaseMain.java:157)
	at com.kms.katalon.core.main.TestCaseMain$startTestSuite$0.call(Unknown Source)
	at TempTestSuite1610561623229.run(TempTestSuite1610561623229.groovy:39)
)

2021-01-13 13:42:18 - [MESSAGE][INFO] - Unable to find the element located by 'By.xpath: //input[@name='email']'. Please recheck the objects properties to make sure the desired element is located. 

2021-01-13 13:42:19 - [MESSAGE][WARNING] - com.kms.katalon.core.webui.exception.WebElementNotFoundException: Web element with id: 'Object Repository/Login Credentials/Email' located by '//input[@name='email']' not found (Root cause: com.kms.katalon.core.exception.StepFailedException: com.kms.katalon.core.webui.exception.WebElementNotFoundException: Web element with id: 'Object Repository/Login Credentials/Email' located by '//input[@name='email']' not found
	at com.kms.katalon.core.webui.keyword.internal.WebUIKeywordMain.stepFailed(WebUIKeywordMain.groovy:64)
	at com.kms.katalon.core.webui.keyword.builtin.VerifyElementPresentKeyword$_verifyElementPresent_closure1.doCall(VerifyElementPresentKeyword.groovy:85)
	at com.kms.katalon.core.webui.keyword.builtin.VerifyElementPresentKeyword$_verifyElementPresent_closure1.call(VerifyElementPresentKeyword.groovy)
	at com.kms.katalon.core.webui.keyword.internal.WebUIKeywordMain.runKeyword(WebUIKeywordMain.groovy:20)
	at com.kms.katalon.core.webui.keyword.builtin.VerifyElementPresentKeyword.verifyElementPresent(VerifyElementPresentKeyword.groovy:92)
	at com.kms.katalon.core.webui.keyword.builtin.VerifyElementPresentKeyword.execute(VerifyElementPresentKeyword.groovy:68)
	at com.kms.katalon.core.keyword.internal.KeywordExecutor.executeKeywordForPlatform(KeywordExecutor.groovy:73)
	at com.kms.katalon.core.webui.keyword.WebUiBuiltInKeywords.verifyElementPresent(WebUiBuiltInKeywords.groovy:1445)
	at com.kms.katalon.core.webui.keyword.WebUiBuiltInKeywords$verifyElementPresent$2.call(Unknown Source)
	at login.LoginForAdminDevEnvironment.login(LoginForAdminDevEnvironment.groovy:18)
	at login.LoginForAdminDevEnvironment$login.call(Unknown Source)
	at Login.login(Login.groovy:37)
	at Login.invokeMethod(Login.groovy)
	at com.kms.katalon.core.context.internal.TestHooker.invokeMethod(TestHooker.java:111)
	at com.kms.katalon.core.context.internal.TestHooker.lambda$3(TestHooker.java:95)
	at com.kms.katalon.core.context.internal.TestHooker.invokeContextMethods(TestHooker.java:94)
	at com.kms.katalon.core.context.internal.TestListenerCollector.lambda$3(TestListenerCollector.java:88)
	at com.kms.katalon.core.context.internal.TestListenerCollector.handleListenerEvent(TestListenerCollector.java:85)
	at com.kms.katalon.core.context.internal.ExecutionEventManager.publicEvent(ExecutionEventManager.java:36)
	at com.kms.katalon.core.main.TestCaseExecutor.execute(TestCaseExecutor.java:221)
	at com.kms.katalon.core.main.TestSuiteExecutor.accessTestCaseMainPhase(TestSuiteExecutor.java:191)
	at com.kms.katalon.core.main.TestSuiteExecutor.accessTestSuiteMainPhase(TestSuiteExecutor.java:141)
	at com.kms.katalon.core.main.TestSuiteExecutor.execute(TestSuiteExecutor.java:90)
	at com.kms.katalon.core.main.TestCaseMain.startTestSuite(TestCaseMain.java:157)
	at com.kms.katalon.core.main.TestCaseMain$startTestSuite$0.call(Unknown Source)
	at TempTestSuite1610561623229.run(TempTestSuite1610561623229.groovy:39)
)
[[ATTACHMENT|E:\\Modist\\ModistProject\\Reports\\20210113_131343\\AllTestCases\\20210113_131343\\1610563338808.png]]

2021-01-13 13:42:19 - [TEST_STEP][PASSED] - pages.Journey.clickOnJourneyTab(): pages.Journey.clickOnJourneyTab is PASSED

2021-01-13 13:42:19 - [MESSAGE][PASSED] - Object 'Object Repository/Journey/Journeytab' is present

2021-01-13 13:42:19 - [MESSAGE][PASSED] - Object 'Object Repository/Journey/Journeytab' is visible

2021-01-13 13:42:20 - [MESSAGE][PASSED] - Object 'Object Repository/Journey/Journeytab' is clickable

2021-01-13 13:42:20 - [MESSAGE][PASSED] - Object: 'Object Repository/Journey/Journeytab' is clicked on

2021-01-13 13:42:20 - [MESSAGE][PASSED] - pages.Journey.clickOnJourneyTab is PASSED

2021-01-13 13:42:20 - [TEST_STEP][PASSED] - journeyName = pages.Journey.getRandomJourneyName(): pages.Journey.getRandomJourneyName is PASSED

2021-01-13 13:42:20 - [MESSAGE][PASSED] - Object 'Object Repository/Journey/toGetJourneysCount' is present

2021-01-13 13:42:21 - [MESSAGE][PASSED] - Object 'Object Repository/Journey/toGetJourneysCount' is present

2021-01-13 13:42:21 - [MESSAGE][PASSED] - Text of object 'Object Repository/Journey/toPickrandomJourney(index)' is: 'journey 2'

2021-01-13 13:42:21 - [MESSAGE][PASSED] - pages.Journey.getRandomJourneyName is PASSED

2021-01-13 13:42:21 - [TEST_STEP][PASSED] - accessCode = pages.Journey.getExistingJourneyAccesscode(journeyName): pages.Journey.getExistingJourneyAccesscode is PASSED

2021-01-13 13:42:22 - [MESSAGE][PASSED] - Object 'Object Repository/Journey/journrySearchInput' is present

2021-01-13 13:42:22 - [MESSAGE][PASSED] - Object 'Object Repository/Journey/journrySearchInput' is visible

2021-01-13 13:42:22 - [MESSAGE][PASSED] - Object 'Object Repository/Journey/journrySearchInput' is clickable

2021-01-13 13:42:23 - [MESSAGE][PASSED] - Text of object 'Object Repository/Journey/journrySearchInput' is cleared

2021-01-13 13:42:23 - [MESSAGE][PASSED] - Keys '' sent to object: 'Object Repository/Journey/journrySearchInput'

2021-01-13 13:42:23 - [MESSAGE][PASSED] - Keys 'j' sent to object: 'Object Repository/Journey/journrySearchInput'

2021-01-13 13:42:24 - [MESSAGE][PASSED] - Keys 'o' sent to object: 'Object Repository/Journey/journrySearchInput'

2021-01-13 13:42:24 - [MESSAGE][PASSED] - Keys 'u' sent to object: 'Object Repository/Journey/journrySearchInput'

2021-01-13 13:42:25 - [MESSAGE][PASSED] - Keys 'r' sent to object: 'Object Repository/Journey/journrySearchInput'

2021-01-13 13:42:26 - [MESSAGE][PASSED] - Keys 'n' sent to object: 'Object Repository/Journey/journrySearchInput'

2021-01-13 13:42:26 - [MESSAGE][PASSED] - Keys 'e' sent to object: 'Object Repository/Journey/journrySearchInput'

2021-01-13 13:42:27 - [MESSAGE][PASSED] - Keys 'y' sent to object: 'Object Repository/Journey/journrySearchInput'

2021-01-13 13:42:27 - [MESSAGE][PASSED] - Keys ' ' sent to object: 'Object Repository/Journey/journrySearchInput'

2021-01-13 13:42:28 - [MESSAGE][PASSED] - Keys '2' sent to object: 'Object Repository/Journey/journrySearchInput'

2021-01-13 13:42:29 - [MESSAGE][PASSED] - Object 'Object Repository/Journey/journrySearchInput' is present

2021-01-13 13:42:30 - [MESSAGE][PASSED] - Object 'Object Repository/Journey/journrySearchInput' is visible

2021-01-13 13:42:31 - [MESSAGE][PASSED] - Object 'Object Repository/Journey/journrySearchInput' is clickable

2021-01-13 13:42:31 - [MESSAGE][PASSED] - Text of object 'Object Repository/Journey/journrySearchInput' is cleared

2021-01-13 13:42:31 - [MESSAGE][PASSED] - Keys '' sent to object: 'Object Repository/Journey/journrySearchInput'

2021-01-13 13:42:32 - [MESSAGE][PASSED] - Keys 'j' sent to object: 'Object Repository/Journey/journrySearchInput'

2021-01-13 13:42:32 - [MESSAGE][PASSED] - Keys 'o' sent to object: 'Object Repository/Journey/journrySearchInput'

2021-01-13 13:42:33 - [MESSAGE][PASSED] - Keys 'u' sent to object: 'Object Repository/Journey/journrySearchInput'

2021-01-13 13:42:34 - [MESSAGE][PASSED] - Keys 'r' sent to object: 'Object Repository/Journey/journrySearchInput'

2021-01-13 13:42:35 - [MESSAGE][PASSED] - Keys 'n' sent to object: 'Object Repository/Journey/journrySearchInput'

2021-01-13 13:42:35 - [MESSAGE][PASSED] - Keys 'e' sent to object: 'Object Repository/Journey/journrySearchInput'

2021-01-13 13:42:36 - [MESSAGE][PASSED] - Keys 'y' sent to object: 'Object Repository/Journey/journrySearchInput'

2021-01-13 13:42:36 - [MESSAGE][PASSED] - Keys ' ' sent to object: 'Object Repository/Journey/journrySearchInput'

2021-01-13 13:42:36 - [MESSAGE][PASSED] - Keys '2' sent to object: 'Object Repository/Journey/journrySearchInput'

2021-01-13 13:42:37 - [MESSAGE][PASSED] - Object 'Object Repository/Journey/clickVerifyingJourney(journeyName)' is present

2021-01-13 13:42:38 - [MESSAGE][PASSED] - Object 'Object Repository/Journey/clickVerifyingJourney(journeyName)' is visible

2021-01-13 13:42:38 - [MESSAGE][PASSED] - Object 'Object Repository/Journey/clickVerifyingJourney(journeyName)' is clickable

2021-01-13 13:42:39 - [MESSAGE][PASSED] - Object: 'Object Repository/Journey/clickVerifyingJourney(journeyName)' is clicked on

2021-01-13 13:42:39 - [MESSAGE][PASSED] - Scroll to object 'Object Repository/Journey/Current Access Codes/currentAccessCodeField' successfully

2021-01-13 13:42:40 - [MESSAGE][PASSED] - Object 'Object Repository/Journey/Current Access Codes/getAccessCodesCount' is present

2021-01-13 13:42:41 - [MESSAGE][PASSED] - Text of object 'Object Repository/Journey/Current Access Codes/getAccessCodeText(index)' is: 'access15'

2021-01-13 13:42:41 - [MESSAGE][PASSED] - pages.Journey.getExistingJourneyAccesscode is PASSED

2021-01-13 13:42:41 - [TEST_STEP][PASSED] - pages.Journey.typeOfBackGroundToFixed(): pages.Journey.typeOfBackGroundToFixed is PASSED

2021-01-13 13:42:41 - [MESSAGE][PASSED] - Scroll to object 'Object Repository/Journey/typeField/clickOnType' successfully

2021-01-13 13:42:42 - [MESSAGE][PASSED] - Object 'Object Repository/Journey/typeField/clickOnType' is present

2021-01-13 13:42:43 - [MESSAGE][PASSED] - Object 'Object Repository/Journey/typeField/clickOnType' is visible

2021-01-13 13:42:43 - [MESSAGE][PASSED] - Object 'Object Repository/Journey/typeField/clickOnType' is clickable

2021-01-13 13:42:43 - [MESSAGE][PASSED] - Object: 'Object Repository/Journey/typeField/clickOnType' is clicked on

2021-01-13 13:42:44 - [MESSAGE][PASSED] - Object 'Object Repository/Journey/typeField/FixedBackGround' is present

2021-01-13 13:42:44 - [MESSAGE][PASSED] - Object 'Object Repository/Journey/typeField/FixedBackGround' is visible

2021-01-13 13:42:44 - [MESSAGE][PASSED] - Object 'Object Repository/Journey/typeField/FixedBackGround' is clickable

2021-01-13 13:42:45 - [MESSAGE][PASSED] - Object: 'Object Repository/Journey/typeField/FixedBackGround' is clicked on

2021-01-13 13:42:46 - [MESSAGE][PASSED] - Object 'Object Repository/CommonButtons/saveButton' is present

2021-01-13 13:42:46 - [MESSAGE][PASSED] - Object 'Object Repository/CommonButtons/saveButton' is visible

2021-01-13 13:42:46 - [MESSAGE][PASSED] - Object 'Object Repository/CommonButtons/saveButton' is clickable

2021-01-13 13:42:46 - [MESSAGE][PASSED] - Object: 'Object Repository/CommonButtons/saveButton' is clicked on

2021-01-13 13:42:46 - [MESSAGE][PASSED] - pages.Journey.typeOfBackGroundToFixed is PASSED

2021-01-13 13:42:46 - [TEST_STEP][PASSED] - login.LoginForJourneyApplication.loginToJourneyApplication(): login.LoginForJourneyApplication.loginToJourneyApplication is PASSED

2021-01-13 13:42:47 - [MESSAGE][PASSED] - Navigate to 'https://qualitlabs.dev.modist.co/' successfully

2021-01-13 13:42:47 - [MESSAGE][PASSED] - login.LoginForJourneyApplication.loginToJourneyApplication is PASSED

2021-01-13 13:42:47 - [TEST_STEP][PASSED] - pages.Journey.enterAccessCodeInJourney(accessCode): pages.Journey.enterAccessCodeInJourney is PASSED

2021-01-13 13:42:47 - [MESSAGE][PASSED] - Object 'Object Repository/Journey/JourneyPortal/enterAccessCode' is present

2021-01-13 13:42:48 - [MESSAGE][PASSED] - Object 'Object Repository/Journey/JourneyPortal/enterAccessCode' is visible

2021-01-13 13:42:48 - [MESSAGE][PASSED] - Object 'Object Repository/Journey/JourneyPortal/enterAccessCode' is clickable

2021-01-13 13:42:49 - [MESSAGE][PASSED] - Text of object 'Object Repository/Journey/JourneyPortal/enterAccessCode' is cleared

2021-01-13 13:42:49 - [MESSAGE][PASSED] - Keys 'access15' sent to object: 'Object Repository/Journey/JourneyPortal/enterAccessCode'

2021-01-13 13:42:49 - [MESSAGE][PASSED] - pages.Journey.enterAccessCodeInJourney is PASSED

2021-01-13 13:42:49 - [TEST_STEP][PASSED] - pages.Journey.clickEnterButton(): pages.Journey.clickEnterButton is PASSED

2021-01-13 13:42:50 - [MESSAGE][PASSED] - Object 'Object Repository/Journey/JourneyPortal/EnterButton' is present

2021-01-13 13:42:50 - [MESSAGE][PASSED] - Object 'Object Repository/Journey/JourneyPortal/EnterButton' is visible

2021-01-13 13:42:50 - [MESSAGE][PASSED] - Object 'Object Repository/Journey/JourneyPortal/EnterButton' is clickable

2021-01-13 13:42:51 - [MESSAGE][PASSED] - Object: 'Object Repository/Journey/JourneyPortal/EnterButton' is clicked on

2021-01-13 13:42:51 - [MESSAGE][PASSED] - pages.Journey.clickEnterButton is PASSED

2021-01-13 13:42:51 - [TEST_STEP][PASSED] - pages.JourneyPortal.openExistingSection(): pages.JourneyPortal.openExistingSection is PASSED

2021-01-13 13:42:54 - [MESSAGE][PASSED] - Object 'Object Repository/Journey/JourneyPortal/Section/getSectionsCount' is present

2021-01-13 13:42:55 - [MESSAGE][PASSED] - Object 'Object Repository/Journey/JourneyPortal/Section/openSection(index)' is present

2021-01-13 13:42:55 - [MESSAGE][PASSED] - Object 'Object Repository/Journey/JourneyPortal/Section/openSection(index)' is visible

2021-01-13 13:42:55 - [MESSAGE][PASSED] - Object 'Object Repository/Journey/JourneyPortal/Section/openSection(index)' is clickable

2021-01-13 13:42:56 - [MESSAGE][PASSED] - Object: 'Object Repository/Journey/JourneyPortal/Section/openSection(index)' is clicked on

2021-01-13 13:42:56 - [MESSAGE][PASSED] - pages.JourneyPortal.openExistingSection is PASSED

2021-01-13 13:42:56 - [TEST_STEP][PASSED] - pages.JourneyPortal.verifyFixedBackGroundCheck(): pages.JourneyPortal.verifyFixedBackGroundCheck is PASSED

2021-01-13 13:42:57 - [MESSAGE][PASSED] - Object 'Object Repository/Journey/JourneyPortal/fixedAndScrollingDetect' is present

2021-01-13 13:42:58 - [MESSAGE][PASSED] - Object 'Object Repository/Journey/JourneyPortal/fixedAndScrollingDetect' is present

2021-01-13 13:42:58 - [MESSAGE][PASSED] - pages.JourneyPortal.verifyFixedBackGroundCheck is PASSED]]></system-out>
         <system-err><![CDATA[]]></system-err>
      </testcase>
      <testcase name="Test Cases/JourneyPortal/verifyProductsAndBackButtonIsPresentAfterClickingSection" time="33.923" classname="Test Cases/JourneyPortal/verifyProductsAndBackButtonIsPresentAfterClickingSection" status="PASSED">
         <system-out><![CDATA[2021-01-13 13:42:58 - [TEST_CASE][PASSED] - Test Cases/JourneyPortal/verifyProductsAndBackButtonIsPresentAfterClickingSection: Test Cases/JourneyPortal/verifyProductsAndBackButtonIsPresentAfterClickingSection

2021-01-13 13:42:58 - [TEST_STEP][PASSED] - Start listener action : login: com.kms.katalon.core.webui.exception.WebElementNotFoundException: Web element with id: 'Object Repository/Login Credentials/Email' located by '//input[@name='email']' not found (Root cause: com.kms.katalon.core.exception.StepFailedException: com.kms.katalon.core.webui.exception.WebElementNotFoundException: Web element with id: 'Object Repository/Login Credentials/Email' located by '//input[@name='email']' not found
	at com.kms.katalon.core.webui.keyword.internal.WebUIKeywordMain.stepFailed(WebUIKeywordMain.groovy:64)
	at com.kms.katalon.core.webui.keyword.builtin.VerifyElementPresentKeyword$_verifyElementPresent_closure1.doCall(VerifyElementPresentKeyword.groovy:85)
	at com.kms.katalon.core.webui.keyword.builtin.VerifyElementPresentKeyword$_verifyElementPresent_closure1.call(VerifyElementPresentKeyword.groovy)
	at com.kms.katalon.core.webui.keyword.internal.WebUIKeywordMain.runKeyword(WebUIKeywordMain.groovy:20)
	at com.kms.katalon.core.webui.keyword.builtin.VerifyElementPresentKeyword.verifyElementPresent(VerifyElementPresentKeyword.groovy:92)
	at com.kms.katalon.core.webui.keyword.builtin.VerifyElementPresentKeyword.execute(VerifyElementPresentKeyword.groovy:68)
	at com.kms.katalon.core.keyword.internal.KeywordExecutor.executeKeywordForPlatform(KeywordExecutor.groovy:73)
	at com.kms.katalon.core.webui.keyword.WebUiBuiltInKeywords.verifyElementPresent(WebUiBuiltInKeywords.groovy:1445)
	at com.kms.katalon.core.webui.keyword.WebUiBuiltInKeywords$verifyElementPresent$2.call(Unknown Source)
	at login.LoginForAdminDevEnvironment.login(LoginForAdminDevEnvironment.groovy:18)
	at login.LoginForAdminDevEnvironment$login.call(Unknown Source)
	at Login.login(Login.groovy:37)
	at Login.invokeMethod(Login.groovy)
	at com.kms.katalon.core.context.internal.TestHooker.invokeMethod(TestHooker.java:111)
	at com.kms.katalon.core.context.internal.TestHooker.lambda$3(TestHooker.java:95)
	at com.kms.katalon.core.context.internal.TestHooker.invokeContextMethods(TestHooker.java:94)
	at com.kms.katalon.core.context.internal.TestListenerCollector.lambda$3(TestListenerCollector.java:88)
	at com.kms.katalon.core.context.internal.TestListenerCollector.handleListenerEvent(TestListenerCollector.java:85)
	at com.kms.katalon.core.context.internal.ExecutionEventManager.publicEvent(ExecutionEventManager.java:36)
	at com.kms.katalon.core.main.TestCaseExecutor.execute(TestCaseExecutor.java:221)
	at com.kms.katalon.core.main.TestSuiteExecutor.accessTestCaseMainPhase(TestSuiteExecutor.java:191)
	at com.kms.katalon.core.main.TestSuiteExecutor.accessTestSuiteMainPhase(TestSuiteExecutor.java:141)
	at com.kms.katalon.core.main.TestSuiteExecutor.execute(TestSuiteExecutor.java:90)
	at com.kms.katalon.core.main.TestCaseMain.startTestSuite(TestCaseMain.java:157)
	at com.kms.katalon.core.main.TestCaseMain$startTestSuite$0.call(Unknown Source)
	at TempTestSuite1610561623229.run(TempTestSuite1610561623229.groovy:39)
)

2021-01-13 13:42:58 - [TEST_STEP][PASSED] - Thread.sleep(3000): null

2021-01-13 13:43:01 - [TEST_STEP][PASSED] - url = getUrl(): Current window's url is: 'https://qualitlabs.dev.modist.co/products/574'

2021-01-13 13:43:01 - [MESSAGE][PASSED] - Current window's url is: 'https://qualitlabs.dev.modist.co/products/574'

2021-01-13 13:43:01 - [TEST_STEP][PASSED] - if (!(url.contains("dashboard"))): com.kms.katalon.core.webui.exception.WebElementNotFoundException: Web element with id: 'Object Repository/Login Credentials/Email' located by '//input[@name='email']' not found (Root cause: com.kms.katalon.core.exception.StepFailedException: com.kms.katalon.core.webui.exception.WebElementNotFoundException: Web element with id: 'Object Repository/Login Credentials/Email' located by '//input[@name='email']' not found
	at com.kms.katalon.core.webui.keyword.internal.WebUIKeywordMain.stepFailed(WebUIKeywordMain.groovy:64)
	at com.kms.katalon.core.webui.keyword.builtin.VerifyElementPresentKeyword$_verifyElementPresent_closure1.doCall(VerifyElementPresentKeyword.groovy:85)
	at com.kms.katalon.core.webui.keyword.builtin.VerifyElementPresentKeyword$_verifyElementPresent_closure1.call(VerifyElementPresentKeyword.groovy)
	at com.kms.katalon.core.webui.keyword.internal.WebUIKeywordMain.runKeyword(WebUIKeywordMain.groovy:20)
	at com.kms.katalon.core.webui.keyword.builtin.VerifyElementPresentKeyword.verifyElementPresent(VerifyElementPresentKeyword.groovy:92)
	at com.kms.katalon.core.webui.keyword.builtin.VerifyElementPresentKeyword.execute(VerifyElementPresentKeyword.groovy:68)
	at com.kms.katalon.core.keyword.internal.KeywordExecutor.executeKeywordForPlatform(KeywordExecutor.groovy:73)
	at com.kms.katalon.core.webui.keyword.WebUiBuiltInKeywords.verifyElementPresent(WebUiBuiltInKeywords.groovy:1445)
	at com.kms.katalon.core.webui.keyword.WebUiBuiltInKeywords$verifyElementPresent$2.call(Unknown Source)
	at login.LoginForAdminDevEnvironment.login(LoginForAdminDevEnvironment.groovy:18)
	at login.LoginForAdminDevEnvironment$login.call(Unknown Source)
	at Login.login(Login.groovy:37)
	at Login.invokeMethod(Login.groovy)
	at com.kms.katalon.core.context.internal.TestHooker.invokeMethod(TestHooker.java:111)
	at com.kms.katalon.core.context.internal.TestHooker.lambda$3(TestHooker.java:95)
	at com.kms.katalon.core.context.internal.TestHooker.invokeContextMethods(TestHooker.java:94)
	at com.kms.katalon.core.context.internal.TestListenerCollector.lambda$3(TestListenerCollector.java:88)
	at com.kms.katalon.core.context.internal.TestListenerCollector.handleListenerEvent(TestListenerCollector.java:85)
	at com.kms.katalon.core.context.internal.ExecutionEventManager.publicEvent(ExecutionEventManager.java:36)
	at com.kms.katalon.core.main.TestCaseExecutor.execute(TestCaseExecutor.java:221)
	at com.kms.katalon.core.main.TestSuiteExecutor.accessTestCaseMainPhase(TestSuiteExecutor.java:191)
	at com.kms.katalon.core.main.TestSuiteExecutor.accessTestSuiteMainPhase(TestSuiteExecutor.java:141)
	at com.kms.katalon.core.main.TestSuiteExecutor.execute(TestSuiteExecutor.java:90)
	at com.kms.katalon.core.main.TestCaseMain.startTestSuite(TestCaseMain.java:157)
	at com.kms.katalon.core.main.TestCaseMain$startTestSuite$0.call(Unknown Source)
	at TempTestSuite1610561623229.run(TempTestSuite1610561623229.groovy:39)
)

2021-01-13 13:43:01 - [TEST_STEP][PASSED] - navigateToUrl(Url): Navigate to 'https://dev-admin.modist.co/' successfully

2021-01-13 13:43:01 - [MESSAGE][PASSED] - Navigate to 'https://dev-admin.modist.co/' successfully

2021-01-13 13:43:01 - [TEST_STEP][PASSED] - loginPage.login(Email, Password): com.kms.katalon.core.webui.exception.WebElementNotFoundException: Web element with id: 'Object Repository/Login Credentials/Email' located by '//input[@name='email']' not found (Root cause: com.kms.katalon.core.exception.StepFailedException: com.kms.katalon.core.webui.exception.WebElementNotFoundException: Web element with id: 'Object Repository/Login Credentials/Email' located by '//input[@name='email']' not found
	at com.kms.katalon.core.webui.keyword.internal.WebUIKeywordMain.stepFailed(WebUIKeywordMain.groovy:64)
	at com.kms.katalon.core.webui.keyword.builtin.VerifyElementPresentKeyword$_verifyElementPresent_closure1.doCall(VerifyElementPresentKeyword.groovy:85)
	at com.kms.katalon.core.webui.keyword.builtin.VerifyElementPresentKeyword$_verifyElementPresent_closure1.call(VerifyElementPresentKeyword.groovy)
	at com.kms.katalon.core.webui.keyword.internal.WebUIKeywordMain.runKeyword(WebUIKeywordMain.groovy:20)
	at com.kms.katalon.core.webui.keyword.builtin.VerifyElementPresentKeyword.verifyElementPresent(VerifyElementPresentKeyword.groovy:92)
	at com.kms.katalon.core.webui.keyword.builtin.VerifyElementPresentKeyword.execute(VerifyElementPresentKeyword.groovy:68)
	at com.kms.katalon.core.keyword.internal.KeywordExecutor.executeKeywordForPlatform(KeywordExecutor.groovy:73)
	at com.kms.katalon.core.webui.keyword.WebUiBuiltInKeywords.verifyElementPresent(WebUiBuiltInKeywords.groovy:1445)
	at com.kms.katalon.core.webui.keyword.WebUiBuiltInKeywords$verifyElementPresent$2.call(Unknown Source)
	at login.LoginForAdminDevEnvironment.login(LoginForAdminDevEnvironment.groovy:18)
	at login.LoginForAdminDevEnvironment$login.call(Unknown Source)
	at Login.login(Login.groovy:37)
	at Login.invokeMethod(Login.groovy)
	at com.kms.katalon.core.context.internal.TestHooker.invokeMethod(TestHooker.java:111)
	at com.kms.katalon.core.context.internal.TestHooker.lambda$3(TestHooker.java:95)
	at com.kms.katalon.core.context.internal.TestHooker.invokeContextMethods(TestHooker.java:94)
	at com.kms.katalon.core.context.internal.TestListenerCollector.lambda$3(TestListenerCollector.java:88)
	at com.kms.katalon.core.context.internal.TestListenerCollector.handleListenerEvent(TestListenerCollector.java:85)
	at com.kms.katalon.core.context.internal.ExecutionEventManager.publicEvent(ExecutionEventManager.java:36)
	at com.kms.katalon.core.main.TestCaseExecutor.execute(TestCaseExecutor.java:221)
	at com.kms.katalon.core.main.TestSuiteExecutor.accessTestCaseMainPhase(TestSuiteExecutor.java:191)
	at com.kms.katalon.core.main.TestSuiteExecutor.accessTestSuiteMainPhase(TestSuiteExecutor.java:141)
	at com.kms.katalon.core.main.TestSuiteExecutor.execute(TestSuiteExecutor.java:90)
	at com.kms.katalon.core.main.TestCaseMain.startTestSuite(TestCaseMain.java:157)
	at com.kms.katalon.core.main.TestCaseMain$startTestSuite$0.call(Unknown Source)
	at TempTestSuite1610561623229.run(TempTestSuite1610561623229.groovy:39)
)

2021-01-13 13:43:06 - [MESSAGE][INFO] - Unable to find the element located by 'By.xpath: //input[@name='email']'. Please recheck the objects properties to make sure the desired element is located. 

2021-01-13 13:43:07 - [MESSAGE][WARNING] - com.kms.katalon.core.webui.exception.WebElementNotFoundException: Web element with id: 'Object Repository/Login Credentials/Email' located by '//input[@name='email']' not found (Root cause: com.kms.katalon.core.exception.StepFailedException: com.kms.katalon.core.webui.exception.WebElementNotFoundException: Web element with id: 'Object Repository/Login Credentials/Email' located by '//input[@name='email']' not found
	at com.kms.katalon.core.webui.keyword.internal.WebUIKeywordMain.stepFailed(WebUIKeywordMain.groovy:64)
	at com.kms.katalon.core.webui.keyword.builtin.VerifyElementPresentKeyword$_verifyElementPresent_closure1.doCall(VerifyElementPresentKeyword.groovy:85)
	at com.kms.katalon.core.webui.keyword.builtin.VerifyElementPresentKeyword$_verifyElementPresent_closure1.call(VerifyElementPresentKeyword.groovy)
	at com.kms.katalon.core.webui.keyword.internal.WebUIKeywordMain.runKeyword(WebUIKeywordMain.groovy:20)
	at com.kms.katalon.core.webui.keyword.builtin.VerifyElementPresentKeyword.verifyElementPresent(VerifyElementPresentKeyword.groovy:92)
	at com.kms.katalon.core.webui.keyword.builtin.VerifyElementPresentKeyword.execute(VerifyElementPresentKeyword.groovy:68)
	at com.kms.katalon.core.keyword.internal.KeywordExecutor.executeKeywordForPlatform(KeywordExecutor.groovy:73)
	at com.kms.katalon.core.webui.keyword.WebUiBuiltInKeywords.verifyElementPresent(WebUiBuiltInKeywords.groovy:1445)
	at com.kms.katalon.core.webui.keyword.WebUiBuiltInKeywords$verifyElementPresent$2.call(Unknown Source)
	at login.LoginForAdminDevEnvironment.login(LoginForAdminDevEnvironment.groovy:18)
	at login.LoginForAdminDevEnvironment$login.call(Unknown Source)
	at Login.login(Login.groovy:37)
	at Login.invokeMethod(Login.groovy)
	at com.kms.katalon.core.context.internal.TestHooker.invokeMethod(TestHooker.java:111)
	at com.kms.katalon.core.context.internal.TestHooker.lambda$3(TestHooker.java:95)
	at com.kms.katalon.core.context.internal.TestHooker.invokeContextMethods(TestHooker.java:94)
	at com.kms.katalon.core.context.internal.TestListenerCollector.lambda$3(TestListenerCollector.java:88)
	at com.kms.katalon.core.context.internal.TestListenerCollector.handleListenerEvent(TestListenerCollector.java:85)
	at com.kms.katalon.core.context.internal.ExecutionEventManager.publicEvent(ExecutionEventManager.java:36)
	at com.kms.katalon.core.main.TestCaseExecutor.execute(TestCaseExecutor.java:221)
	at com.kms.katalon.core.main.TestSuiteExecutor.accessTestCaseMainPhase(TestSuiteExecutor.java:191)
	at com.kms.katalon.core.main.TestSuiteExecutor.accessTestSuiteMainPhase(TestSuiteExecutor.java:141)
	at com.kms.katalon.core.main.TestSuiteExecutor.execute(TestSuiteExecutor.java:90)
	at com.kms.katalon.core.main.TestCaseMain.startTestSuite(TestCaseMain.java:157)
	at com.kms.katalon.core.main.TestCaseMain$startTestSuite$0.call(Unknown Source)
	at TempTestSuite1610561623229.run(TempTestSuite1610561623229.groovy:39)
)
[[ATTACHMENT|E:\\Modist\\ModistProject\\Reports\\20210113_131343\\AllTestCases\\20210113_131343\\1610563386762.png]]

2021-01-13 13:43:07 - [TEST_STEP][PASSED] - pages.Journey.clickOnJourneyTab(): pages.Journey.clickOnJourneyTab is PASSED

2021-01-13 13:43:07 - [MESSAGE][PASSED] - Object 'Object Repository/Journey/Journeytab' is present

2021-01-13 13:43:07 - [MESSAGE][PASSED] - Object 'Object Repository/Journey/Journeytab' is visible

2021-01-13 13:43:08 - [MESSAGE][PASSED] - Object 'Object Repository/Journey/Journeytab' is clickable

2021-01-13 13:43:08 - [MESSAGE][PASSED] - Object: 'Object Repository/Journey/Journeytab' is clicked on

2021-01-13 13:43:08 - [MESSAGE][PASSED] - pages.Journey.clickOnJourneyTab is PASSED

2021-01-13 13:43:08 - [TEST_STEP][PASSED] - journeyName = pages.Journey.getRandomJourneyName(): pages.Journey.getRandomJourneyName is PASSED

2021-01-13 13:43:09 - [MESSAGE][PASSED] - Object 'Object Repository/Journey/toGetJourneysCount' is present

2021-01-13 13:43:09 - [MESSAGE][PASSED] - Object 'Object Repository/Journey/toGetJourneysCount' is present

2021-01-13 13:43:09 - [MESSAGE][PASSED] - Text of object 'Object Repository/Journey/toPickrandomJourney(index)' is: 'JO7'

2021-01-13 13:43:09 - [MESSAGE][PASSED] - pages.Journey.getRandomJourneyName is PASSED

2021-01-13 13:43:09 - [TEST_STEP][PASSED] - accessCode = pages.Journey.getExistingJourneyAccesscode(journeyName): pages.Journey.getExistingJourneyAccesscode is PASSED

2021-01-13 13:43:10 - [MESSAGE][PASSED] - Object 'Object Repository/Journey/journrySearchInput' is present

2021-01-13 13:43:10 - [MESSAGE][PASSED] - Object 'Object Repository/Journey/journrySearchInput' is visible

2021-01-13 13:43:10 - [MESSAGE][PASSED] - Object 'Object Repository/Journey/journrySearchInput' is clickable

2021-01-13 13:43:11 - [MESSAGE][PASSED] - Text of object 'Object Repository/Journey/journrySearchInput' is cleared

2021-01-13 13:43:11 - [MESSAGE][PASSED] - Keys '' sent to object: 'Object Repository/Journey/journrySearchInput'

2021-01-13 13:43:12 - [MESSAGE][PASSED] - Keys 'J' sent to object: 'Object Repository/Journey/journrySearchInput'

2021-01-13 13:43:12 - [MESSAGE][PASSED] - Keys 'O' sent to object: 'Object Repository/Journey/journrySearchInput'

2021-01-13 13:43:12 - [MESSAGE][PASSED] - Keys '7' sent to object: 'Object Repository/Journey/journrySearchInput'

2021-01-13 13:43:14 - [MESSAGE][PASSED] - Object 'Object Repository/Journey/journrySearchInput' is present

2021-01-13 13:43:15 - [MESSAGE][PASSED] - Object 'Object Repository/Journey/journrySearchInput' is visible

2021-01-13 13:43:15 - [MESSAGE][PASSED] - Object 'Object Repository/Journey/journrySearchInput' is clickable

2021-01-13 13:43:15 - [MESSAGE][PASSED] - Text of object 'Object Repository/Journey/journrySearchInput' is cleared

2021-01-13 13:43:16 - [MESSAGE][PASSED] - Keys '' sent to object: 'Object Repository/Journey/journrySearchInput'

2021-01-13 13:43:16 - [MESSAGE][PASSED] - Keys 'J' sent to object: 'Object Repository/Journey/journrySearchInput'

2021-01-13 13:43:16 - [MESSAGE][PASSED] - Keys 'O' sent to object: 'Object Repository/Journey/journrySearchInput'

2021-01-13 13:43:18 - [MESSAGE][PASSED] - Keys '7' sent to object: 'Object Repository/Journey/journrySearchInput'

2021-01-13 13:43:19 - [MESSAGE][PASSED] - Object 'Object Repository/Journey/clickVerifyingJourney(journeyName)' is present

2021-01-13 13:43:19 - [MESSAGE][PASSED] - Object 'Object Repository/Journey/clickVerifyingJourney(journeyName)' is visible

2021-01-13 13:43:19 - [MESSAGE][PASSED] - Object 'Object Repository/Journey/clickVerifyingJourney(journeyName)' is clickable

2021-01-13 13:43:20 - [MESSAGE][PASSED] - Object: 'Object Repository/Journey/clickVerifyingJourney(journeyName)' is clicked on

2021-01-13 13:43:20 - [MESSAGE][PASSED] - Scroll to object 'Object Repository/Journey/Current Access Codes/currentAccessCodeField' successfully

2021-01-13 13:43:21 - [MESSAGE][PASSED] - Object 'Object Repository/Journey/Current Access Codes/getAccessCodesCount' is present

2021-01-13 13:43:22 - [MESSAGE][PASSED] - Text of object 'Object Repository/Journey/Current Access Codes/getAccessCodeText(index)' is: 'access4'

2021-01-13 13:43:22 - [MESSAGE][PASSED] - pages.Journey.getExistingJourneyAccesscode is PASSED

2021-01-13 13:43:22 - [TEST_STEP][PASSED] - login.LoginForJourneyApplication.loginToJourneyApplication(): login.LoginForJourneyApplication.loginToJourneyApplication is PASSED

2021-01-13 13:43:22 - [MESSAGE][PASSED] - Navigate to 'https://qualitlabs.dev.modist.co/' successfully

2021-01-13 13:43:22 - [MESSAGE][PASSED] - login.LoginForJourneyApplication.loginToJourneyApplication is PASSED

2021-01-13 13:43:22 - [TEST_STEP][PASSED] - pages.Journey.enterAccessCodeInJourney(accessCode): pages.Journey.enterAccessCodeInJourney is PASSED

2021-01-13 13:43:22 - [MESSAGE][PASSED] - Object 'Object Repository/Journey/JourneyPortal/enterAccessCode' is present

2021-01-13 13:43:23 - [MESSAGE][PASSED] - Object 'Object Repository/Journey/JourneyPortal/enterAccessCode' is visible

2021-01-13 13:43:23 - [MESSAGE][PASSED] - Object 'Object Repository/Journey/JourneyPortal/enterAccessCode' is clickable

2021-01-13 13:43:24 - [MESSAGE][PASSED] - Text of object 'Object Repository/Journey/JourneyPortal/enterAccessCode' is cleared

2021-01-13 13:43:24 - [MESSAGE][PASSED] - Keys 'access4' sent to object: 'Object Repository/Journey/JourneyPortal/enterAccessCode'

2021-01-13 13:43:24 - [MESSAGE][PASSED] - pages.Journey.enterAccessCodeInJourney is PASSED

2021-01-13 13:43:24 - [TEST_STEP][PASSED] - pages.Journey.clickEnterButton(): pages.Journey.clickEnterButton is PASSED

2021-01-13 13:43:24 - [MESSAGE][PASSED] - Object 'Object Repository/Journey/JourneyPortal/EnterButton' is present

2021-01-13 13:43:25 - [MESSAGE][PASSED] - Object 'Object Repository/Journey/JourneyPortal/EnterButton' is visible

2021-01-13 13:43:25 - [MESSAGE][PASSED] - Object 'Object Repository/Journey/JourneyPortal/EnterButton' is clickable

2021-01-13 13:43:25 - [MESSAGE][PASSED] - Object: 'Object Repository/Journey/JourneyPortal/EnterButton' is clicked on

2021-01-13 13:43:25 - [MESSAGE][PASSED] - pages.Journey.clickEnterButton is PASSED

2021-01-13 13:43:25 - [TEST_STEP][PASSED] - pages.JourneyPortal.openExistingSection(): pages.JourneyPortal.openExistingSection is PASSED

2021-01-13 13:43:28 - [MESSAGE][PASSED] - Object 'Object Repository/Journey/JourneyPortal/Section/getSectionsCount' is present

2021-01-13 13:43:29 - [MESSAGE][PASSED] - Object 'Object Repository/Journey/JourneyPortal/Section/openSection(index)' is present

2021-01-13 13:43:29 - [MESSAGE][PASSED] - Object 'Object Repository/Journey/JourneyPortal/Section/openSection(index)' is visible

2021-01-13 13:43:30 - [MESSAGE][PASSED] - Object 'Object Repository/Journey/JourneyPortal/Section/openSection(index)' is clickable

2021-01-13 13:43:30 - [MESSAGE][PASSED] - Object: 'Object Repository/Journey/JourneyPortal/Section/openSection(index)' is clicked on

2021-01-13 13:43:30 - [MESSAGE][PASSED] - pages.JourneyPortal.openExistingSection is PASSED

2021-01-13 13:43:30 - [TEST_STEP][PASSED] - pages.JourneyPortal.verifyBackButtonAfterEnteringInToSection(): pages.JourneyPortal.verifyBackButtonAfterEnteringInToSection is PASSED

2021-01-13 13:43:31 - [MESSAGE][PASSED] - Object 'Object Repository/Journey/JourneyPortal/Product/bakcButton' is present

2021-01-13 13:43:31 - [MESSAGE][PASSED] - pages.JourneyPortal.verifyBackButtonAfterEnteringInToSection is PASSED

2021-01-13 13:43:31 - [TEST_STEP][PASSED] - pages.JourneyPortal.productPageCheck(): pages.JourneyPortal.productPageCheck is PASSED

2021-01-13 13:43:32 - [MESSAGE][PASSED] - Object 'Object Repository/Journey/JourneyPortal/Product/productPage' is present

2021-01-13 13:43:32 - [MESSAGE][PASSED] - pages.JourneyPortal.productPageCheck is PASSED]]></system-out>
         <system-err><![CDATA[]]></system-err>
      </testcase>
      <testcase name="Test Cases/JourneyPortal/verifyScrollingBackGroundInJourneyPortal" time="45.087" classname="Test Cases/JourneyPortal/verifyScrollingBackGroundInJourneyPortal" status="PASSED">
         <system-out><![CDATA[2021-01-13 13:43:32 - [TEST_CASE][PASSED] - Test Cases/JourneyPortal/verifyScrollingBackGroundInJourneyPortal: Test Cases/JourneyPortal/verifyScrollingBackGroundInJourneyPortal

2021-01-13 13:43:32 - [TEST_STEP][PASSED] - Start listener action : login: com.kms.katalon.core.webui.exception.WebElementNotFoundException: Web element with id: 'Object Repository/Login Credentials/Email' located by '//input[@name='email']' not found (Root cause: com.kms.katalon.core.exception.StepFailedException: com.kms.katalon.core.webui.exception.WebElementNotFoundException: Web element with id: 'Object Repository/Login Credentials/Email' located by '//input[@name='email']' not found
	at com.kms.katalon.core.webui.keyword.internal.WebUIKeywordMain.stepFailed(WebUIKeywordMain.groovy:64)
	at com.kms.katalon.core.webui.keyword.builtin.VerifyElementPresentKeyword$_verifyElementPresent_closure1.doCall(VerifyElementPresentKeyword.groovy:85)
	at com.kms.katalon.core.webui.keyword.builtin.VerifyElementPresentKeyword$_verifyElementPresent_closure1.call(VerifyElementPresentKeyword.groovy)
	at com.kms.katalon.core.webui.keyword.internal.WebUIKeywordMain.runKeyword(WebUIKeywordMain.groovy:20)
	at com.kms.katalon.core.webui.keyword.builtin.VerifyElementPresentKeyword.verifyElementPresent(VerifyElementPresentKeyword.groovy:92)
	at com.kms.katalon.core.webui.keyword.builtin.VerifyElementPresentKeyword.execute(VerifyElementPresentKeyword.groovy:68)
	at com.kms.katalon.core.keyword.internal.KeywordExecutor.executeKeywordForPlatform(KeywordExecutor.groovy:73)
	at com.kms.katalon.core.webui.keyword.WebUiBuiltInKeywords.verifyElementPresent(WebUiBuiltInKeywords.groovy:1445)
	at com.kms.katalon.core.webui.keyword.WebUiBuiltInKeywords$verifyElementPresent$2.call(Unknown Source)
	at login.LoginForAdminDevEnvironment.login(LoginForAdminDevEnvironment.groovy:18)
	at login.LoginForAdminDevEnvironment$login.call(Unknown Source)
	at Login.login(Login.groovy:37)
	at Login.invokeMethod(Login.groovy)
	at com.kms.katalon.core.context.internal.TestHooker.invokeMethod(TestHooker.java:111)
	at com.kms.katalon.core.context.internal.TestHooker.lambda$3(TestHooker.java:95)
	at com.kms.katalon.core.context.internal.TestHooker.invokeContextMethods(TestHooker.java:94)
	at com.kms.katalon.core.context.internal.TestListenerCollector.lambda$3(TestListenerCollector.java:88)
	at com.kms.katalon.core.context.internal.TestListenerCollector.handleListenerEvent(TestListenerCollector.java:85)
	at com.kms.katalon.core.context.internal.ExecutionEventManager.publicEvent(ExecutionEventManager.java:36)
	at com.kms.katalon.core.main.TestCaseExecutor.execute(TestCaseExecutor.java:221)
	at com.kms.katalon.core.main.TestSuiteExecutor.accessTestCaseMainPhase(TestSuiteExecutor.java:191)
	at com.kms.katalon.core.main.TestSuiteExecutor.accessTestSuiteMainPhase(TestSuiteExecutor.java:141)
	at com.kms.katalon.core.main.TestSuiteExecutor.execute(TestSuiteExecutor.java:90)
	at com.kms.katalon.core.main.TestCaseMain.startTestSuite(TestCaseMain.java:157)
	at com.kms.katalon.core.main.TestCaseMain$startTestSuite$0.call(Unknown Source)
	at TempTestSuite1610561623229.run(TempTestSuite1610561623229.groovy:39)
)

2021-01-13 13:43:32 - [TEST_STEP][PASSED] - Thread.sleep(3000): null

2021-01-13 13:43:35 - [TEST_STEP][PASSED] - url = getUrl(): Current window's url is: 'https://qualitlabs.dev.modist.co/products/486'

2021-01-13 13:43:35 - [MESSAGE][PASSED] - Current window's url is: 'https://qualitlabs.dev.modist.co/products/486'

2021-01-13 13:43:35 - [TEST_STEP][PASSED] - if (!(url.contains("dashboard"))): com.kms.katalon.core.webui.exception.WebElementNotFoundException: Web element with id: 'Object Repository/Login Credentials/Email' located by '//input[@name='email']' not found (Root cause: com.kms.katalon.core.exception.StepFailedException: com.kms.katalon.core.webui.exception.WebElementNotFoundException: Web element with id: 'Object Repository/Login Credentials/Email' located by '//input[@name='email']' not found
	at com.kms.katalon.core.webui.keyword.internal.WebUIKeywordMain.stepFailed(WebUIKeywordMain.groovy:64)
	at com.kms.katalon.core.webui.keyword.builtin.VerifyElementPresentKeyword$_verifyElementPresent_closure1.doCall(VerifyElementPresentKeyword.groovy:85)
	at com.kms.katalon.core.webui.keyword.builtin.VerifyElementPresentKeyword$_verifyElementPresent_closure1.call(VerifyElementPresentKeyword.groovy)
	at com.kms.katalon.core.webui.keyword.internal.WebUIKeywordMain.runKeyword(WebUIKeywordMain.groovy:20)
	at com.kms.katalon.core.webui.keyword.builtin.VerifyElementPresentKeyword.verifyElementPresent(VerifyElementPresentKeyword.groovy:92)
	at com.kms.katalon.core.webui.keyword.builtin.VerifyElementPresentKeyword.execute(VerifyElementPresentKeyword.groovy:68)
	at com.kms.katalon.core.keyword.internal.KeywordExecutor.executeKeywordForPlatform(KeywordExecutor.groovy:73)
	at com.kms.katalon.core.webui.keyword.WebUiBuiltInKeywords.verifyElementPresent(WebUiBuiltInKeywords.groovy:1445)
	at com.kms.katalon.core.webui.keyword.WebUiBuiltInKeywords$verifyElementPresent$2.call(Unknown Source)
	at login.LoginForAdminDevEnvironment.login(LoginForAdminDevEnvironment.groovy:18)
	at login.LoginForAdminDevEnvironment$login.call(Unknown Source)
	at Login.login(Login.groovy:37)
	at Login.invokeMethod(Login.groovy)
	at com.kms.katalon.core.context.internal.TestHooker.invokeMethod(TestHooker.java:111)
	at com.kms.katalon.core.context.internal.TestHooker.lambda$3(TestHooker.java:95)
	at com.kms.katalon.core.context.internal.TestHooker.invokeContextMethods(TestHooker.java:94)
	at com.kms.katalon.core.context.internal.TestListenerCollector.lambda$3(TestListenerCollector.java:88)
	at com.kms.katalon.core.context.internal.TestListenerCollector.handleListenerEvent(TestListenerCollector.java:85)
	at com.kms.katalon.core.context.internal.ExecutionEventManager.publicEvent(ExecutionEventManager.java:36)
	at com.kms.katalon.core.main.TestCaseExecutor.execute(TestCaseExecutor.java:221)
	at com.kms.katalon.core.main.TestSuiteExecutor.accessTestCaseMainPhase(TestSuiteExecutor.java:191)
	at com.kms.katalon.core.main.TestSuiteExecutor.accessTestSuiteMainPhase(TestSuiteExecutor.java:141)
	at com.kms.katalon.core.main.TestSuiteExecutor.execute(TestSuiteExecutor.java:90)
	at com.kms.katalon.core.main.TestCaseMain.startTestSuite(TestCaseMain.java:157)
	at com.kms.katalon.core.main.TestCaseMain$startTestSuite$0.call(Unknown Source)
	at TempTestSuite1610561623229.run(TempTestSuite1610561623229.groovy:39)
)

2021-01-13 13:43:35 - [TEST_STEP][PASSED] - navigateToUrl(Url): Navigate to 'https://dev-admin.modist.co/' successfully

2021-01-13 13:43:35 - [MESSAGE][PASSED] - Navigate to 'https://dev-admin.modist.co/' successfully

2021-01-13 13:43:35 - [TEST_STEP][PASSED] - loginPage.login(Email, Password): com.kms.katalon.core.webui.exception.WebElementNotFoundException: Web element with id: 'Object Repository/Login Credentials/Email' located by '//input[@name='email']' not found (Root cause: com.kms.katalon.core.exception.StepFailedException: com.kms.katalon.core.webui.exception.WebElementNotFoundException: Web element with id: 'Object Repository/Login Credentials/Email' located by '//input[@name='email']' not found
	at com.kms.katalon.core.webui.keyword.internal.WebUIKeywordMain.stepFailed(WebUIKeywordMain.groovy:64)
	at com.kms.katalon.core.webui.keyword.builtin.VerifyElementPresentKeyword$_verifyElementPresent_closure1.doCall(VerifyElementPresentKeyword.groovy:85)
	at com.kms.katalon.core.webui.keyword.builtin.VerifyElementPresentKeyword$_verifyElementPresent_closure1.call(VerifyElementPresentKeyword.groovy)
	at com.kms.katalon.core.webui.keyword.internal.WebUIKeywordMain.runKeyword(WebUIKeywordMain.groovy:20)
	at com.kms.katalon.core.webui.keyword.builtin.VerifyElementPresentKeyword.verifyElementPresent(VerifyElementPresentKeyword.groovy:92)
	at com.kms.katalon.core.webui.keyword.builtin.VerifyElementPresentKeyword.execute(VerifyElementPresentKeyword.groovy:68)
	at com.kms.katalon.core.keyword.internal.KeywordExecutor.executeKeywordForPlatform(KeywordExecutor.groovy:73)
	at com.kms.katalon.core.webui.keyword.WebUiBuiltInKeywords.verifyElementPresent(WebUiBuiltInKeywords.groovy:1445)
	at com.kms.katalon.core.webui.keyword.WebUiBuiltInKeywords$verifyElementPresent$2.call(Unknown Source)
	at login.LoginForAdminDevEnvironment.login(LoginForAdminDevEnvironment.groovy:18)
	at login.LoginForAdminDevEnvironment$login.call(Unknown Source)
	at Login.login(Login.groovy:37)
	at Login.invokeMethod(Login.groovy)
	at com.kms.katalon.core.context.internal.TestHooker.invokeMethod(TestHooker.java:111)
	at com.kms.katalon.core.context.internal.TestHooker.lambda$3(TestHooker.java:95)
	at com.kms.katalon.core.context.internal.TestHooker.invokeContextMethods(TestHooker.java:94)
	at com.kms.katalon.core.context.internal.TestListenerCollector.lambda$3(TestListenerCollector.java:88)
	at com.kms.katalon.core.context.internal.TestListenerCollector.handleListenerEvent(TestListenerCollector.java:85)
	at com.kms.katalon.core.context.internal.ExecutionEventManager.publicEvent(ExecutionEventManager.java:36)
	at com.kms.katalon.core.main.TestCaseExecutor.execute(TestCaseExecutor.java:221)
	at com.kms.katalon.core.main.TestSuiteExecutor.accessTestCaseMainPhase(TestSuiteExecutor.java:191)
	at com.kms.katalon.core.main.TestSuiteExecutor.accessTestSuiteMainPhase(TestSuiteExecutor.java:141)
	at com.kms.katalon.core.main.TestSuiteExecutor.execute(TestSuiteExecutor.java:90)
	at com.kms.katalon.core.main.TestCaseMain.startTestSuite(TestCaseMain.java:157)
	at com.kms.katalon.core.main.TestCaseMain$startTestSuite$0.call(Unknown Source)
	at TempTestSuite1610561623229.run(TempTestSuite1610561623229.groovy:39)
)

2021-01-13 13:43:40 - [MESSAGE][INFO] - Unable to find the element located by 'By.xpath: //input[@name='email']'. Please recheck the objects properties to make sure the desired element is located. 

2021-01-13 13:43:41 - [MESSAGE][WARNING] - com.kms.katalon.core.webui.exception.WebElementNotFoundException: Web element with id: 'Object Repository/Login Credentials/Email' located by '//input[@name='email']' not found (Root cause: com.kms.katalon.core.exception.StepFailedException: com.kms.katalon.core.webui.exception.WebElementNotFoundException: Web element with id: 'Object Repository/Login Credentials/Email' located by '//input[@name='email']' not found
	at com.kms.katalon.core.webui.keyword.internal.WebUIKeywordMain.stepFailed(WebUIKeywordMain.groovy:64)
	at com.kms.katalon.core.webui.keyword.builtin.VerifyElementPresentKeyword$_verifyElementPresent_closure1.doCall(VerifyElementPresentKeyword.groovy:85)
	at com.kms.katalon.core.webui.keyword.builtin.VerifyElementPresentKeyword$_verifyElementPresent_closure1.call(VerifyElementPresentKeyword.groovy)
	at com.kms.katalon.core.webui.keyword.internal.WebUIKeywordMain.runKeyword(WebUIKeywordMain.groovy:20)
	at com.kms.katalon.core.webui.keyword.builtin.VerifyElementPresentKeyword.verifyElementPresent(VerifyElementPresentKeyword.groovy:92)
	at com.kms.katalon.core.webui.keyword.builtin.VerifyElementPresentKeyword.execute(VerifyElementPresentKeyword.groovy:68)
	at com.kms.katalon.core.keyword.internal.KeywordExecutor.executeKeywordForPlatform(KeywordExecutor.groovy:73)
	at com.kms.katalon.core.webui.keyword.WebUiBuiltInKeywords.verifyElementPresent(WebUiBuiltInKeywords.groovy:1445)
	at com.kms.katalon.core.webui.keyword.WebUiBuiltInKeywords$verifyElementPresent$2.call(Unknown Source)
	at login.LoginForAdminDevEnvironment.login(LoginForAdminDevEnvironment.groovy:18)
	at login.LoginForAdminDevEnvironment$login.call(Unknown Source)
	at Login.login(Login.groovy:37)
	at Login.invokeMethod(Login.groovy)
	at com.kms.katalon.core.context.internal.TestHooker.invokeMethod(TestHooker.java:111)
	at com.kms.katalon.core.context.internal.TestHooker.lambda$3(TestHooker.java:95)
	at com.kms.katalon.core.context.internal.TestHooker.invokeContextMethods(TestHooker.java:94)
	at com.kms.katalon.core.context.internal.TestListenerCollector.lambda$3(TestListenerCollector.java:88)
	at com.kms.katalon.core.context.internal.TestListenerCollector.handleListenerEvent(TestListenerCollector.java:85)
	at com.kms.katalon.core.context.internal.ExecutionEventManager.publicEvent(ExecutionEventManager.java:36)
	at com.kms.katalon.core.main.TestCaseExecutor.execute(TestCaseExecutor.java:221)
	at com.kms.katalon.core.main.TestSuiteExecutor.accessTestCaseMainPhase(TestSuiteExecutor.java:191)
	at com.kms.katalon.core.main.TestSuiteExecutor.accessTestSuiteMainPhase(TestSuiteExecutor.java:141)
	at com.kms.katalon.core.main.TestSuiteExecutor.execute(TestSuiteExecutor.java:90)
	at com.kms.katalon.core.main.TestCaseMain.startTestSuite(TestCaseMain.java:157)
	at com.kms.katalon.core.main.TestCaseMain$startTestSuite$0.call(Unknown Source)
	at TempTestSuite1610561623229.run(TempTestSuite1610561623229.groovy:39)
)
[[ATTACHMENT|E:\\Modist\\ModistProject\\Reports\\20210113_131343\\AllTestCases\\20210113_131343\\1610563420696.png]]

2021-01-13 13:43:41 - [TEST_STEP][PASSED] - pages.Journey.clickOnJourneyTab(): pages.Journey.clickOnJourneyTab is PASSED

2021-01-13 13:43:41 - [MESSAGE][PASSED] - Object 'Object Repository/Journey/Journeytab' is present

2021-01-13 13:43:41 - [MESSAGE][PASSED] - Object 'Object Repository/Journey/Journeytab' is visible

2021-01-13 13:43:42 - [MESSAGE][PASSED] - Object 'Object Repository/Journey/Journeytab' is clickable

2021-01-13 13:43:42 - [MESSAGE][PASSED] - Object: 'Object Repository/Journey/Journeytab' is clicked on

2021-01-13 13:43:42 - [MESSAGE][PASSED] - pages.Journey.clickOnJourneyTab is PASSED

2021-01-13 13:43:42 - [TEST_STEP][PASSED] - journeyName = pages.Journey.getRandomJourneyName(): pages.Journey.getRandomJourneyName is PASSED

2021-01-13 13:43:42 - [MESSAGE][PASSED] - Object 'Object Repository/Journey/toGetJourneysCount' is present

2021-01-13 13:43:43 - [MESSAGE][PASSED] - Object 'Object Repository/Journey/toGetJourneysCount' is present

2021-01-13 13:43:43 - [MESSAGE][PASSED] - Text of object 'Object Repository/Journey/toPickrandomJourney(index)' is: 'journey 2'

2021-01-13 13:43:43 - [MESSAGE][PASSED] - pages.Journey.getRandomJourneyName is PASSED

2021-01-13 13:43:43 - [TEST_STEP][PASSED] - accessCode = pages.Journey.getExistingJourneyAccesscode(journeyName): pages.Journey.getExistingJourneyAccesscode is PASSED

2021-01-13 13:43:44 - [MESSAGE][PASSED] - Object 'Object Repository/Journey/journrySearchInput' is present

2021-01-13 13:43:44 - [MESSAGE][PASSED] - Object 'Object Repository/Journey/journrySearchInput' is visible

2021-01-13 13:43:44 - [MESSAGE][PASSED] - Object 'Object Repository/Journey/journrySearchInput' is clickable

2021-01-13 13:43:45 - [MESSAGE][PASSED] - Text of object 'Object Repository/Journey/journrySearchInput' is cleared

2021-01-13 13:43:45 - [MESSAGE][PASSED] - Keys '' sent to object: 'Object Repository/Journey/journrySearchInput'

2021-01-13 13:43:45 - [MESSAGE][PASSED] - Keys 'j' sent to object: 'Object Repository/Journey/journrySearchInput'

2021-01-13 13:43:46 - [MESSAGE][PASSED] - Keys 'o' sent to object: 'Object Repository/Journey/journrySearchInput'

2021-01-13 13:43:46 - [MESSAGE][PASSED] - Keys 'u' sent to object: 'Object Repository/Journey/journrySearchInput'

2021-01-13 13:43:48 - [MESSAGE][PASSED] - Keys 'r' sent to object: 'Object Repository/Journey/journrySearchInput'

2021-01-13 13:43:48 - [MESSAGE][PASSED] - Keys 'n' sent to object: 'Object Repository/Journey/journrySearchInput'

2021-01-13 13:43:49 - [MESSAGE][PASSED] - Keys 'e' sent to object: 'Object Repository/Journey/journrySearchInput'

2021-01-13 13:43:49 - [MESSAGE][PASSED] - Keys 'y' sent to object: 'Object Repository/Journey/journrySearchInput'

2021-01-13 13:43:49 - [MESSAGE][PASSED] - Keys ' ' sent to object: 'Object Repository/Journey/journrySearchInput'

2021-01-13 13:43:50 - [MESSAGE][PASSED] - Keys '2' sent to object: 'Object Repository/Journey/journrySearchInput'

2021-01-13 13:43:50 - [MESSAGE][PASSED] - Object 'Object Repository/Journey/journrySearchInput' is present

2021-01-13 13:43:51 - [MESSAGE][PASSED] - Object 'Object Repository/Journey/journrySearchInput' is visible

2021-01-13 13:43:51 - [MESSAGE][PASSED] - Object 'Object Repository/Journey/journrySearchInput' is clickable

2021-01-13 13:43:52 - [MESSAGE][PASSED] - Text of object 'Object Repository/Journey/journrySearchInput' is cleared

2021-01-13 13:43:52 - [MESSAGE][PASSED] - Keys '' sent to object: 'Object Repository/Journey/journrySearchInput'

2021-01-13 13:43:53 - [MESSAGE][PASSED] - Keys 'j' sent to object: 'Object Repository/Journey/journrySearchInput'

2021-01-13 13:43:53 - [MESSAGE][PASSED] - Keys 'o' sent to object: 'Object Repository/Journey/journrySearchInput'

2021-01-13 13:43:55 - [MESSAGE][PASSED] - Keys 'u' sent to object: 'Object Repository/Journey/journrySearchInput'

2021-01-13 13:43:55 - [MESSAGE][PASSED] - Keys 'r' sent to object: 'Object Repository/Journey/journrySearchInput'

2021-01-13 13:43:55 - [MESSAGE][PASSED] - Keys 'n' sent to object: 'Object Repository/Journey/journrySearchInput'

2021-01-13 13:43:56 - [MESSAGE][PASSED] - Keys 'e' sent to object: 'Object Repository/Journey/journrySearchInput'

2021-01-13 13:43:57 - [MESSAGE][PASSED] - Keys 'y' sent to object: 'Object Repository/Journey/journrySearchInput'

2021-01-13 13:43:57 - [MESSAGE][PASSED] - Keys ' ' sent to object: 'Object Repository/Journey/journrySearchInput'

2021-01-13 13:43:57 - [MESSAGE][PASSED] - Keys '2' sent to object: 'Object Repository/Journey/journrySearchInput'

2021-01-13 13:43:59 - [MESSAGE][PASSED] - Object 'Object Repository/Journey/clickVerifyingJourney(journeyName)' is present

2021-01-13 13:43:59 - [MESSAGE][PASSED] - Object 'Object Repository/Journey/clickVerifyingJourney(journeyName)' is visible

2021-01-13 13:43:59 - [MESSAGE][PASSED] - Object 'Object Repository/Journey/clickVerifyingJourney(journeyName)' is clickable

2021-01-13 13:44:00 - [MESSAGE][PASSED] - Object: 'Object Repository/Journey/clickVerifyingJourney(journeyName)' is clicked on

2021-01-13 13:44:00 - [MESSAGE][PASSED] - Scroll to object 'Object Repository/Journey/Current Access Codes/currentAccessCodeField' successfully

2021-01-13 13:44:01 - [MESSAGE][PASSED] - Object 'Object Repository/Journey/Current Access Codes/getAccessCodesCount' is present

2021-01-13 13:44:03 - [MESSAGE][PASSED] - Text of object 'Object Repository/Journey/Current Access Codes/getAccessCodeText(index)' is: '1234'

2021-01-13 13:44:03 - [MESSAGE][PASSED] - pages.Journey.getExistingJourneyAccesscode is PASSED

2021-01-13 13:44:03 - [TEST_STEP][PASSED] - pages.Journey.typeOfBackGroundToScrollingBackground(): pages.Journey.typeOfBackGroundToScrollingBackground is PASSED

2021-01-13 13:44:03 - [MESSAGE][PASSED] - Scroll to object 'Object Repository/Journey/typeField/clickOnType' successfully

2021-01-13 13:44:04 - [MESSAGE][PASSED] - Object 'Object Repository/Journey/typeField/clickOnType' is present

2021-01-13 13:44:04 - [MESSAGE][PASSED] - Object 'Object Repository/Journey/typeField/clickOnType' is visible

2021-01-13 13:44:04 - [MESSAGE][PASSED] - Object 'Object Repository/Journey/typeField/clickOnType' is clickable

2021-01-13 13:44:05 - [MESSAGE][PASSED] - Object: 'Object Repository/Journey/typeField/clickOnType' is clicked on

2021-01-13 13:44:05 - [MESSAGE][PASSED] - Object 'Object Repository/Journey/typeField/ScrollingBackGround' is present

2021-01-13 13:44:05 - [MESSAGE][PASSED] - Object 'Object Repository/Journey/typeField/ScrollingBackGround' is visible

2021-01-13 13:44:06 - [MESSAGE][PASSED] - Object 'Object Repository/Journey/typeField/ScrollingBackGround' is clickable

2021-01-13 13:44:06 - [MESSAGE][PASSED] - Object: 'Object Repository/Journey/typeField/ScrollingBackGround' is clicked on

2021-01-13 13:44:06 - [MESSAGE][PASSED] - Object 'Object Repository/CommonButtons/saveButton' is present

2021-01-13 13:44:07 - [MESSAGE][PASSED] - Object 'Object Repository/CommonButtons/saveButton' is visible

2021-01-13 13:44:07 - [MESSAGE][PASSED] - Object 'Object Repository/CommonButtons/saveButton' is clickable

2021-01-13 13:44:07 - [MESSAGE][PASSED] - Object: 'Object Repository/CommonButtons/saveButton' is clicked on

2021-01-13 13:44:07 - [MESSAGE][PASSED] - pages.Journey.typeOfBackGroundToScrollingBackground is PASSED

2021-01-13 13:44:07 - [TEST_STEP][PASSED] - login.LoginForJourneyApplication.loginToJourneyApplication(): login.LoginForJourneyApplication.loginToJourneyApplication is PASSED

2021-01-13 13:44:07 - [MESSAGE][PASSED] - Navigate to 'https://qualitlabs.dev.modist.co/' successfully

2021-01-13 13:44:07 - [MESSAGE][PASSED] - login.LoginForJourneyApplication.loginToJourneyApplication is PASSED

2021-01-13 13:44:07 - [TEST_STEP][PASSED] - pages.Journey.enterAccessCodeInJourney(accessCode): pages.Journey.enterAccessCodeInJourney is PASSED

2021-01-13 13:44:08 - [MESSAGE][PASSED] - Object 'Object Repository/Journey/JourneyPortal/enterAccessCode' is present

2021-01-13 13:44:08 - [MESSAGE][PASSED] - Object 'Object Repository/Journey/JourneyPortal/enterAccessCode' is visible

2021-01-13 13:44:09 - [MESSAGE][PASSED] - Object 'Object Repository/Journey/JourneyPortal/enterAccessCode' is clickable

2021-01-13 13:44:09 - [MESSAGE][PASSED] - Text of object 'Object Repository/Journey/JourneyPortal/enterAccessCode' is cleared

2021-01-13 13:44:10 - [MESSAGE][PASSED] - Keys '1234' sent to object: 'Object Repository/Journey/JourneyPortal/enterAccessCode'

2021-01-13 13:44:10 - [MESSAGE][PASSED] - pages.Journey.enterAccessCodeInJourney is PASSED

2021-01-13 13:44:10 - [TEST_STEP][PASSED] - pages.Journey.clickEnterButton(): pages.Journey.clickEnterButton is PASSED

2021-01-13 13:44:10 - [MESSAGE][PASSED] - Object 'Object Repository/Journey/JourneyPortal/EnterButton' is present

2021-01-13 13:44:10 - [MESSAGE][PASSED] - Object 'Object Repository/Journey/JourneyPortal/EnterButton' is visible

2021-01-13 13:44:11 - [MESSAGE][PASSED] - Object 'Object Repository/Journey/JourneyPortal/EnterButton' is clickable

2021-01-13 13:44:11 - [MESSAGE][PASSED] - Object: 'Object Repository/Journey/JourneyPortal/EnterButton' is clicked on

2021-01-13 13:44:11 - [MESSAGE][PASSED] - pages.Journey.clickEnterButton is PASSED

2021-01-13 13:44:11 - [TEST_STEP][PASSED] - pages.JourneyPortal.openExistingSection(): pages.JourneyPortal.openExistingSection is PASSED

2021-01-13 13:44:14 - [MESSAGE][PASSED] - Object 'Object Repository/Journey/JourneyPortal/Section/getSectionsCount' is present

2021-01-13 13:44:15 - [MESSAGE][PASSED] - Object 'Object Repository/Journey/JourneyPortal/Section/openSection(index)' is present

2021-01-13 13:44:15 - [MESSAGE][PASSED] - Object 'Object Repository/Journey/JourneyPortal/Section/openSection(index)' is visible

2021-01-13 13:44:15 - [MESSAGE][PASSED] - Object 'Object Repository/Journey/JourneyPortal/Section/openSection(index)' is clickable

2021-01-13 13:44:16 - [MESSAGE][PASSED] - Object: 'Object Repository/Journey/JourneyPortal/Section/openSection(index)' is clicked on

2021-01-13 13:44:16 - [MESSAGE][PASSED] - pages.JourneyPortal.openExistingSection is PASSED

2021-01-13 13:44:16 - [TEST_STEP][PASSED] - pages.JourneyPortal.verifyScrollingBackGroundCheck(): pages.JourneyPortal.verifyScrollingBackGroundCheck is PASSED

2021-01-13 13:44:17 - [MESSAGE][PASSED] - Web element with id: 'Object Repository/Journey/JourneyPortal/fixedAndScrollingDetect' located by 'By.xpath: //div[@class='endless-aisle-asset-grid']' is not present after '30' second(s)

2021-01-13 13:44:17 - [MESSAGE][PASSED] - pages.JourneyPortal.verifyScrollingBackGroundCheck is PASSED]]></system-out>
         <system-err><![CDATA[]]></system-err>
      </testcase>
      <testcase name="Test Cases/JourneyPortal/verifySectionInformation" time="32.12" classname="Test Cases/JourneyPortal/verifySectionInformation" status="PASSED">
         <system-out><![CDATA[2021-01-13 13:44:17 - [TEST_CASE][PASSED] - Test Cases/JourneyPortal/verifySectionInformation: Test Cases/JourneyPortal/verifySectionInformation

2021-01-13 13:44:17 - [TEST_STEP][PASSED] - Start listener action : login: com.kms.katalon.core.webui.exception.WebElementNotFoundException: Web element with id: 'Object Repository/Login Credentials/Email' located by '//input[@name='email']' not found (Root cause: com.kms.katalon.core.exception.StepFailedException: com.kms.katalon.core.webui.exception.WebElementNotFoundException: Web element with id: 'Object Repository/Login Credentials/Email' located by '//input[@name='email']' not found
	at com.kms.katalon.core.webui.keyword.internal.WebUIKeywordMain.stepFailed(WebUIKeywordMain.groovy:64)
	at com.kms.katalon.core.webui.keyword.builtin.VerifyElementPresentKeyword$_verifyElementPresent_closure1.doCall(VerifyElementPresentKeyword.groovy:85)
	at com.kms.katalon.core.webui.keyword.builtin.VerifyElementPresentKeyword$_verifyElementPresent_closure1.call(VerifyElementPresentKeyword.groovy)
	at com.kms.katalon.core.webui.keyword.internal.WebUIKeywordMain.runKeyword(WebUIKeywordMain.groovy:20)
	at com.kms.katalon.core.webui.keyword.builtin.VerifyElementPresentKeyword.verifyElementPresent(VerifyElementPresentKeyword.groovy:92)
	at com.kms.katalon.core.webui.keyword.builtin.VerifyElementPresentKeyword.execute(VerifyElementPresentKeyword.groovy:68)
	at com.kms.katalon.core.keyword.internal.KeywordExecutor.executeKeywordForPlatform(KeywordExecutor.groovy:73)
	at com.kms.katalon.core.webui.keyword.WebUiBuiltInKeywords.verifyElementPresent(WebUiBuiltInKeywords.groovy:1445)
	at com.kms.katalon.core.webui.keyword.WebUiBuiltInKeywords$verifyElementPresent$2.call(Unknown Source)
	at login.LoginForAdminDevEnvironment.login(LoginForAdminDevEnvironment.groovy:18)
	at login.LoginForAdminDevEnvironment$login.call(Unknown Source)
	at Login.login(Login.groovy:37)
	at Login.invokeMethod(Login.groovy)
	at com.kms.katalon.core.context.internal.TestHooker.invokeMethod(TestHooker.java:111)
	at com.kms.katalon.core.context.internal.TestHooker.lambda$3(TestHooker.java:95)
	at com.kms.katalon.core.context.internal.TestHooker.invokeContextMethods(TestHooker.java:94)
	at com.kms.katalon.core.context.internal.TestListenerCollector.lambda$3(TestListenerCollector.java:88)
	at com.kms.katalon.core.context.internal.TestListenerCollector.handleListenerEvent(TestListenerCollector.java:85)
	at com.kms.katalon.core.context.internal.ExecutionEventManager.publicEvent(ExecutionEventManager.java:36)
	at com.kms.katalon.core.main.TestCaseExecutor.execute(TestCaseExecutor.java:221)
	at com.kms.katalon.core.main.TestSuiteExecutor.accessTestCaseMainPhase(TestSuiteExecutor.java:191)
	at com.kms.katalon.core.main.TestSuiteExecutor.accessTestSuiteMainPhase(TestSuiteExecutor.java:141)
	at com.kms.katalon.core.main.TestSuiteExecutor.execute(TestSuiteExecutor.java:90)
	at com.kms.katalon.core.main.TestCaseMain.startTestSuite(TestCaseMain.java:157)
	at com.kms.katalon.core.main.TestCaseMain$startTestSuite$0.call(Unknown Source)
	at TempTestSuite1610561623229.run(TempTestSuite1610561623229.groovy:39)
)

2021-01-13 13:44:17 - [TEST_STEP][PASSED] - Thread.sleep(3000): null

2021-01-13 13:44:20 - [TEST_STEP][PASSED] - url = getUrl(): Current window's url is: 'https://qualitlabs.dev.modist.co/products/860'

2021-01-13 13:44:20 - [MESSAGE][PASSED] - Current window's url is: 'https://qualitlabs.dev.modist.co/products/860'

2021-01-13 13:44:20 - [TEST_STEP][PASSED] - if (!(url.contains("dashboard"))): com.kms.katalon.core.webui.exception.WebElementNotFoundException: Web element with id: 'Object Repository/Login Credentials/Email' located by '//input[@name='email']' not found (Root cause: com.kms.katalon.core.exception.StepFailedException: com.kms.katalon.core.webui.exception.WebElementNotFoundException: Web element with id: 'Object Repository/Login Credentials/Email' located by '//input[@name='email']' not found
	at com.kms.katalon.core.webui.keyword.internal.WebUIKeywordMain.stepFailed(WebUIKeywordMain.groovy:64)
	at com.kms.katalon.core.webui.keyword.builtin.VerifyElementPresentKeyword$_verifyElementPresent_closure1.doCall(VerifyElementPresentKeyword.groovy:85)
	at com.kms.katalon.core.webui.keyword.builtin.VerifyElementPresentKeyword$_verifyElementPresent_closure1.call(VerifyElementPresentKeyword.groovy)
	at com.kms.katalon.core.webui.keyword.internal.WebUIKeywordMain.runKeyword(WebUIKeywordMain.groovy:20)
	at com.kms.katalon.core.webui.keyword.builtin.VerifyElementPresentKeyword.verifyElementPresent(VerifyElementPresentKeyword.groovy:92)
	at com.kms.katalon.core.webui.keyword.builtin.VerifyElementPresentKeyword.execute(VerifyElementPresentKeyword.groovy:68)
	at com.kms.katalon.core.keyword.internal.KeywordExecutor.executeKeywordForPlatform(KeywordExecutor.groovy:73)
	at com.kms.katalon.core.webui.keyword.WebUiBuiltInKeywords.verifyElementPresent(WebUiBuiltInKeywords.groovy:1445)
	at com.kms.katalon.core.webui.keyword.WebUiBuiltInKeywords$verifyElementPresent$2.call(Unknown Source)
	at login.LoginForAdminDevEnvironment.login(LoginForAdminDevEnvironment.groovy:18)
	at login.LoginForAdminDevEnvironment$login.call(Unknown Source)
	at Login.login(Login.groovy:37)
	at Login.invokeMethod(Login.groovy)
	at com.kms.katalon.core.context.internal.TestHooker.invokeMethod(TestHooker.java:111)
	at com.kms.katalon.core.context.internal.TestHooker.lambda$3(TestHooker.java:95)
	at com.kms.katalon.core.context.internal.TestHooker.invokeContextMethods(TestHooker.java:94)
	at com.kms.katalon.core.context.internal.TestListenerCollector.lambda$3(TestListenerCollector.java:88)
	at com.kms.katalon.core.context.internal.TestListenerCollector.handleListenerEvent(TestListenerCollector.java:85)
	at com.kms.katalon.core.context.internal.ExecutionEventManager.publicEvent(ExecutionEventManager.java:36)
	at com.kms.katalon.core.main.TestCaseExecutor.execute(TestCaseExecutor.java:221)
	at com.kms.katalon.core.main.TestSuiteExecutor.accessTestCaseMainPhase(TestSuiteExecutor.java:191)
	at com.kms.katalon.core.main.TestSuiteExecutor.accessTestSuiteMainPhase(TestSuiteExecutor.java:141)
	at com.kms.katalon.core.main.TestSuiteExecutor.execute(TestSuiteExecutor.java:90)
	at com.kms.katalon.core.main.TestCaseMain.startTestSuite(TestCaseMain.java:157)
	at com.kms.katalon.core.main.TestCaseMain$startTestSuite$0.call(Unknown Source)
	at TempTestSuite1610561623229.run(TempTestSuite1610561623229.groovy:39)
)

2021-01-13 13:44:20 - [TEST_STEP][PASSED] - navigateToUrl(Url): Navigate to 'https://dev-admin.modist.co/' successfully

2021-01-13 13:44:20 - [MESSAGE][PASSED] - Navigate to 'https://dev-admin.modist.co/' successfully

2021-01-13 13:44:20 - [TEST_STEP][PASSED] - loginPage.login(Email, Password): com.kms.katalon.core.webui.exception.WebElementNotFoundException: Web element with id: 'Object Repository/Login Credentials/Email' located by '//input[@name='email']' not found (Root cause: com.kms.katalon.core.exception.StepFailedException: com.kms.katalon.core.webui.exception.WebElementNotFoundException: Web element with id: 'Object Repository/Login Credentials/Email' located by '//input[@name='email']' not found
	at com.kms.katalon.core.webui.keyword.internal.WebUIKeywordMain.stepFailed(WebUIKeywordMain.groovy:64)
	at com.kms.katalon.core.webui.keyword.builtin.VerifyElementPresentKeyword$_verifyElementPresent_closure1.doCall(VerifyElementPresentKeyword.groovy:85)
	at com.kms.katalon.core.webui.keyword.builtin.VerifyElementPresentKeyword$_verifyElementPresent_closure1.call(VerifyElementPresentKeyword.groovy)
	at com.kms.katalon.core.webui.keyword.internal.WebUIKeywordMain.runKeyword(WebUIKeywordMain.groovy:20)
	at com.kms.katalon.core.webui.keyword.builtin.VerifyElementPresentKeyword.verifyElementPresent(VerifyElementPresentKeyword.groovy:92)
	at com.kms.katalon.core.webui.keyword.builtin.VerifyElementPresentKeyword.execute(VerifyElementPresentKeyword.groovy:68)
	at com.kms.katalon.core.keyword.internal.KeywordExecutor.executeKeywordForPlatform(KeywordExecutor.groovy:73)
	at com.kms.katalon.core.webui.keyword.WebUiBuiltInKeywords.verifyElementPresent(WebUiBuiltInKeywords.groovy:1445)
	at com.kms.katalon.core.webui.keyword.WebUiBuiltInKeywords$verifyElementPresent$2.call(Unknown Source)
	at login.LoginForAdminDevEnvironment.login(LoginForAdminDevEnvironment.groovy:18)
	at login.LoginForAdminDevEnvironment$login.call(Unknown Source)
	at Login.login(Login.groovy:37)
	at Login.invokeMethod(Login.groovy)
	at com.kms.katalon.core.context.internal.TestHooker.invokeMethod(TestHooker.java:111)
	at com.kms.katalon.core.context.internal.TestHooker.lambda$3(TestHooker.java:95)
	at com.kms.katalon.core.context.internal.TestHooker.invokeContextMethods(TestHooker.java:94)
	at com.kms.katalon.core.context.internal.TestListenerCollector.lambda$3(TestListenerCollector.java:88)
	at com.kms.katalon.core.context.internal.TestListenerCollector.handleListenerEvent(TestListenerCollector.java:85)
	at com.kms.katalon.core.context.internal.ExecutionEventManager.publicEvent(ExecutionEventManager.java:36)
	at com.kms.katalon.core.main.TestCaseExecutor.execute(TestCaseExecutor.java:221)
	at com.kms.katalon.core.main.TestSuiteExecutor.accessTestCaseMainPhase(TestSuiteExecutor.java:191)
	at com.kms.katalon.core.main.TestSuiteExecutor.accessTestSuiteMainPhase(TestSuiteExecutor.java:141)
	at com.kms.katalon.core.main.TestSuiteExecutor.execute(TestSuiteExecutor.java:90)
	at com.kms.katalon.core.main.TestCaseMain.startTestSuite(TestCaseMain.java:157)
	at com.kms.katalon.core.main.TestCaseMain$startTestSuite$0.call(Unknown Source)
	at TempTestSuite1610561623229.run(TempTestSuite1610561623229.groovy:39)
)

2021-01-13 13:44:25 - [MESSAGE][INFO] - Unable to find the element located by 'By.xpath: //input[@name='email']'. Please recheck the objects properties to make sure the desired element is located. 

2021-01-13 13:44:26 - [MESSAGE][WARNING] - com.kms.katalon.core.webui.exception.WebElementNotFoundException: Web element with id: 'Object Repository/Login Credentials/Email' located by '//input[@name='email']' not found (Root cause: com.kms.katalon.core.exception.StepFailedException: com.kms.katalon.core.webui.exception.WebElementNotFoundException: Web element with id: 'Object Repository/Login Credentials/Email' located by '//input[@name='email']' not found
	at com.kms.katalon.core.webui.keyword.internal.WebUIKeywordMain.stepFailed(WebUIKeywordMain.groovy:64)
	at com.kms.katalon.core.webui.keyword.builtin.VerifyElementPresentKeyword$_verifyElementPresent_closure1.doCall(VerifyElementPresentKeyword.groovy:85)
	at com.kms.katalon.core.webui.keyword.builtin.VerifyElementPresentKeyword$_verifyElementPresent_closure1.call(VerifyElementPresentKeyword.groovy)
	at com.kms.katalon.core.webui.keyword.internal.WebUIKeywordMain.runKeyword(WebUIKeywordMain.groovy:20)
	at com.kms.katalon.core.webui.keyword.builtin.VerifyElementPresentKeyword.verifyElementPresent(VerifyElementPresentKeyword.groovy:92)
	at com.kms.katalon.core.webui.keyword.builtin.VerifyElementPresentKeyword.execute(VerifyElementPresentKeyword.groovy:68)
	at com.kms.katalon.core.keyword.internal.KeywordExecutor.executeKeywordForPlatform(KeywordExecutor.groovy:73)
	at com.kms.katalon.core.webui.keyword.WebUiBuiltInKeywords.verifyElementPresent(WebUiBuiltInKeywords.groovy:1445)
	at com.kms.katalon.core.webui.keyword.WebUiBuiltInKeywords$verifyElementPresent$2.call(Unknown Source)
	at login.LoginForAdminDevEnvironment.login(LoginForAdminDevEnvironment.groovy:18)
	at login.LoginForAdminDevEnvironment$login.call(Unknown Source)
	at Login.login(Login.groovy:37)
	at Login.invokeMethod(Login.groovy)
	at com.kms.katalon.core.context.internal.TestHooker.invokeMethod(TestHooker.java:111)
	at com.kms.katalon.core.context.internal.TestHooker.lambda$3(TestHooker.java:95)
	at com.kms.katalon.core.context.internal.TestHooker.invokeContextMethods(TestHooker.java:94)
	at com.kms.katalon.core.context.internal.TestListenerCollector.lambda$3(TestListenerCollector.java:88)
	at com.kms.katalon.core.context.internal.TestListenerCollector.handleListenerEvent(TestListenerCollector.java:85)
	at com.kms.katalon.core.context.internal.ExecutionEventManager.publicEvent(ExecutionEventManager.java:36)
	at com.kms.katalon.core.main.TestCaseExecutor.execute(TestCaseExecutor.java:221)
	at com.kms.katalon.core.main.TestSuiteExecutor.accessTestCaseMainPhase(TestSuiteExecutor.java:191)
	at com.kms.katalon.core.main.TestSuiteExecutor.accessTestSuiteMainPhase(TestSuiteExecutor.java:141)
	at com.kms.katalon.core.main.TestSuiteExecutor.execute(TestSuiteExecutor.java:90)
	at com.kms.katalon.core.main.TestCaseMain.startTestSuite(TestCaseMain.java:157)
	at com.kms.katalon.core.main.TestCaseMain$startTestSuite$0.call(Unknown Source)
	at TempTestSuite1610561623229.run(TempTestSuite1610561623229.groovy:39)
)
[[ATTACHMENT|E:\\Modist\\ModistProject\\Reports\\20210113_131343\\AllTestCases\\20210113_131343\\1610563465857.png]]

2021-01-13 13:44:26 - [TEST_STEP][PASSED] - pages.Journey.clickOnJourneyTab(): pages.Journey.clickOnJourneyTab is PASSED

2021-01-13 13:44:26 - [MESSAGE][PASSED] - Object 'Object Repository/Journey/Journeytab' is present

2021-01-13 13:44:27 - [MESSAGE][PASSED] - Object 'Object Repository/Journey/Journeytab' is visible

2021-01-13 13:44:27 - [MESSAGE][PASSED] - Object 'Object Repository/Journey/Journeytab' is clickable

2021-01-13 13:44:27 - [MESSAGE][PASSED] - Object: 'Object Repository/Journey/Journeytab' is clicked on

2021-01-13 13:44:27 - [MESSAGE][PASSED] - pages.Journey.clickOnJourneyTab is PASSED

2021-01-13 13:44:27 - [TEST_STEP][PASSED] - journeyName = pages.Journey.getRandomJourneyName(): pages.Journey.getRandomJourneyName is PASSED

2021-01-13 13:44:28 - [MESSAGE][PASSED] - Object 'Object Repository/Journey/toGetJourneysCount' is present

2021-01-13 13:44:28 - [MESSAGE][PASSED] - Object 'Object Repository/Journey/toGetJourneysCount' is present

2021-01-13 13:44:29 - [MESSAGE][PASSED] - Text of object 'Object Repository/Journey/toPickrandomJourney(index)' is: 'JO5'

2021-01-13 13:44:29 - [MESSAGE][PASSED] - pages.Journey.getRandomJourneyName is PASSED

2021-01-13 13:44:29 - [TEST_STEP][PASSED] - accessCode = pages.Journey.getExistingJourneyAccesscode(journeyName): pages.Journey.getExistingJourneyAccesscode is PASSED

2021-01-13 13:44:29 - [MESSAGE][PASSED] - Object 'Object Repository/Journey/journrySearchInput' is present

2021-01-13 13:44:29 - [MESSAGE][PASSED] - Object 'Object Repository/Journey/journrySearchInput' is visible

2021-01-13 13:44:29 - [MESSAGE][PASSED] - Object 'Object Repository/Journey/journrySearchInput' is clickable

2021-01-13 13:44:30 - [MESSAGE][PASSED] - Text of object 'Object Repository/Journey/journrySearchInput' is cleared

2021-01-13 13:44:30 - [MESSAGE][PASSED] - Keys '' sent to object: 'Object Repository/Journey/journrySearchInput'

2021-01-13 13:44:31 - [MESSAGE][PASSED] - Keys 'J' sent to object: 'Object Repository/Journey/journrySearchInput'

2021-01-13 13:44:31 - [MESSAGE][PASSED] - Keys 'O' sent to object: 'Object Repository/Journey/journrySearchInput'

2021-01-13 13:44:32 - [MESSAGE][PASSED] - Keys '5' sent to object: 'Object Repository/Journey/journrySearchInput'

2021-01-13 13:44:33 - [MESSAGE][PASSED] - Object 'Object Repository/Journey/journrySearchInput' is present

2021-01-13 13:44:33 - [MESSAGE][PASSED] - Object 'Object Repository/Journey/journrySearchInput' is visible

2021-01-13 13:44:34 - [MESSAGE][PASSED] - Object 'Object Repository/Journey/journrySearchInput' is clickable

2021-01-13 13:44:34 - [MESSAGE][PASSED] - Text of object 'Object Repository/Journey/journrySearchInput' is cleared

2021-01-13 13:44:34 - [MESSAGE][PASSED] - Keys '' sent to object: 'Object Repository/Journey/journrySearchInput'

2021-01-13 13:44:35 - [MESSAGE][PASSED] - Keys 'J' sent to object: 'Object Repository/Journey/journrySearchInput'

2021-01-13 13:44:35 - [MESSAGE][PASSED] - Keys 'O' sent to object: 'Object Repository/Journey/journrySearchInput'

2021-01-13 13:44:36 - [MESSAGE][PASSED] - Keys '5' sent to object: 'Object Repository/Journey/journrySearchInput'

2021-01-13 13:44:37 - [MESSAGE][PASSED] - Object 'Object Repository/Journey/clickVerifyingJourney(journeyName)' is present

2021-01-13 13:44:37 - [MESSAGE][PASSED] - Object 'Object Repository/Journey/clickVerifyingJourney(journeyName)' is visible

2021-01-13 13:44:38 - [MESSAGE][PASSED] - Object 'Object Repository/Journey/clickVerifyingJourney(journeyName)' is clickable

2021-01-13 13:44:38 - [MESSAGE][PASSED] - Object: 'Object Repository/Journey/clickVerifyingJourney(journeyName)' is clicked on

2021-01-13 13:44:39 - [MESSAGE][PASSED] - Scroll to object 'Object Repository/Journey/Current Access Codes/currentAccessCodeField' successfully

2021-01-13 13:44:40 - [MESSAGE][PASSED] - Object 'Object Repository/Journey/Current Access Codes/getAccessCodesCount' is present

2021-01-13 13:44:41 - [MESSAGE][PASSED] - Text of object 'Object Repository/Journey/Current Access Codes/getAccessCodeText(index)' is: 'access19'

2021-01-13 13:44:41 - [MESSAGE][PASSED] - pages.Journey.getExistingJourneyAccesscode is PASSED

2021-01-13 13:44:41 - [TEST_STEP][PASSED] - login.LoginForJourneyApplication.loginToJourneyApplication(): login.LoginForJourneyApplication.loginToJourneyApplication is PASSED

2021-01-13 13:44:41 - [MESSAGE][PASSED] - Navigate to 'https://qualitlabs.dev.modist.co/' successfully

2021-01-13 13:44:41 - [MESSAGE][PASSED] - login.LoginForJourneyApplication.loginToJourneyApplication is PASSED

2021-01-13 13:44:41 - [TEST_STEP][PASSED] - pages.Journey.enterAccessCodeInJourney(accessCode): pages.Journey.enterAccessCodeInJourney is PASSED

2021-01-13 13:44:41 - [MESSAGE][PASSED] - Object 'Object Repository/Journey/JourneyPortal/enterAccessCode' is present

2021-01-13 13:44:42 - [MESSAGE][PASSED] - Object 'Object Repository/Journey/JourneyPortal/enterAccessCode' is visible

2021-01-13 13:44:42 - [MESSAGE][PASSED] - Object 'Object Repository/Journey/JourneyPortal/enterAccessCode' is clickable

2021-01-13 13:44:43 - [MESSAGE][PASSED] - Text of object 'Object Repository/Journey/JourneyPortal/enterAccessCode' is cleared

2021-01-13 13:44:43 - [MESSAGE][PASSED] - Keys 'access19' sent to object: 'Object Repository/Journey/JourneyPortal/enterAccessCode'

2021-01-13 13:44:43 - [MESSAGE][PASSED] - pages.Journey.enterAccessCodeInJourney is PASSED

2021-01-13 13:44:43 - [TEST_STEP][PASSED] - pages.Journey.clickEnterButton(): pages.Journey.clickEnterButton is PASSED

2021-01-13 13:44:44 - [MESSAGE][PASSED] - Object 'Object Repository/Journey/JourneyPortal/EnterButton' is present

2021-01-13 13:44:44 - [MESSAGE][PASSED] - Object 'Object Repository/Journey/JourneyPortal/EnterButton' is visible

2021-01-13 13:44:44 - [MESSAGE][PASSED] - Object 'Object Repository/Journey/JourneyPortal/EnterButton' is clickable

2021-01-13 13:44:45 - [MESSAGE][PASSED] - Object: 'Object Repository/Journey/JourneyPortal/EnterButton' is clicked on

2021-01-13 13:44:45 - [MESSAGE][PASSED] - pages.Journey.clickEnterButton is PASSED

2021-01-13 13:44:45 - [TEST_STEP][PASSED] - pages.JourneyPortal.verifyingSectionProperties(): pages.JourneyPortal.verifyingSectionProperties is PASSED

2021-01-13 13:44:48 - [MESSAGE][PASSED] - Object 'Object Repository/Journey/JourneyPortal/Section/sectionTitle' is present

2021-01-13 13:44:48 - [MESSAGE][PASSED] - Object 'Object Repository/Journey/JourneyPortal/Section/sectionImage' is present

2021-01-13 13:44:49 - [MESSAGE][PASSED] - Object 'Object Repository/Journey/JourneyPortal/Section/sectionSubTitle' is present

2021-01-13 13:44:49 - [MESSAGE][PASSED] - pages.JourneyPortal.verifyingSectionProperties is PASSED]]></system-out>
         <system-err><![CDATA[]]></system-err>
      </testcase>
      <testcase name="Test Cases/JourneyPortal/verifyTheFullScreenViewInProductPage" time="77.054" classname="Test Cases/JourneyPortal/verifyTheFullScreenViewInProductPage" status="FAILED">
         <failure type="FAILED" message="Test Cases/JourneyPortal/verifyTheFullScreenViewInProductPage FAILED.
Reason:
com.kms.katalon.core.exception.StepFailedException: you are not in full screen view
	at com.kms.katalon.core.util.KeywordUtil.markFailedAndStop(KeywordUtil.java:28)
	at com.kms.katalon.core.util.KeywordUtil$markFailedAndStop$0.call(Unknown Source)
	at verification.Verification.verifyElementPresent(Verification.groovy:31)
	at verification.Verification.verifyElementPresent(Verification.groovy)
	at pages.JourneyPortal.verifyTheFullScreenView(JourneyPortal.groovy:70)
	at pages.JourneyPortal.invokeMethod(JourneyPortal.groovy)
	at com.kms.katalon.core.main.CustomKeywordDelegatingMetaClass.invokeStaticMethod(CustomKeywordDelegatingMetaClass.java:50)
	at verifyTheFullScreenViewInProductPage.run(verifyTheFullScreenViewInProductPage:36)
	at com.kms.katalon.core.main.ScriptEngine.run(ScriptEngine.java:194)
	at com.kms.katalon.core.main.ScriptEngine.runScriptAsRawText(ScriptEngine.java:119)
	at com.kms.katalon.core.main.TestCaseExecutor.runScript(TestCaseExecutor.java:339)
	at com.kms.katalon.core.main.TestCaseExecutor.doExecute(TestCaseExecutor.java:330)
	at com.kms.katalon.core.main.TestCaseExecutor.processExecutionPhase(TestCaseExecutor.java:309)
	at com.kms.katalon.core.main.TestCaseExecutor.accessMainPhase(TestCaseExecutor.java:301)
	at com.kms.katalon.core.main.TestCaseExecutor.execute(TestCaseExecutor.java:235)
	at com.kms.katalon.core.main.TestSuiteExecutor.accessTestCaseMainPhase(TestSuiteExecutor.java:191)
	at com.kms.katalon.core.main.TestSuiteExecutor.accessTestSuiteMainPhase(TestSuiteExecutor.java:141)
	at com.kms.katalon.core.main.TestSuiteExecutor.execute(TestSuiteExecutor.java:90)
	at com.kms.katalon.core.main.TestCaseMain.startTestSuite(TestCaseMain.java:157)
	at com.kms.katalon.core.main.TestCaseMain$startTestSuite$0.call(Unknown Source)
	at TempTestSuite1610561623229.run(TempTestSuite1610561623229.groovy:39)
"/>
         <system-out><![CDATA[2021-01-13 13:44:49 - [TEST_CASE][FAILED] - Test Cases/JourneyPortal/verifyTheFullScreenViewInProductPage: Test Cases/JourneyPortal/verifyTheFullScreenViewInProductPage FAILED.
Reason:
com.kms.katalon.core.exception.StepFailedException: you are not in full screen view
	at com.kms.katalon.core.util.KeywordUtil.markFailedAndStop(KeywordUtil.java:28)
	at com.kms.katalon.core.util.KeywordUtil$markFailedAndStop$0.call(Unknown Source)
	at verification.Verification.verifyElementPresent(Verification.groovy:31)
	at verification.Verification.verifyElementPresent(Verification.groovy)
	at pages.JourneyPortal.verifyTheFullScreenView(JourneyPortal.groovy:70)
	at pages.JourneyPortal.invokeMethod(JourneyPortal.groovy)
	at com.kms.katalon.core.main.CustomKeywordDelegatingMetaClass.invokeStaticMethod(CustomKeywordDelegatingMetaClass.java:50)
	at verifyTheFullScreenViewInProductPage.run(verifyTheFullScreenViewInProductPage:36)
	at com.kms.katalon.core.main.ScriptEngine.run(ScriptEngine.java:194)
	at com.kms.katalon.core.main.ScriptEngine.runScriptAsRawText(ScriptEngine.java:119)
	at com.kms.katalon.core.main.TestCaseExecutor.runScript(TestCaseExecutor.java:339)
	at com.kms.katalon.core.main.TestCaseExecutor.doExecute(TestCaseExecutor.java:330)
	at com.kms.katalon.core.main.TestCaseExecutor.processExecutionPhase(TestCaseExecutor.java:309)
	at com.kms.katalon.core.main.TestCaseExecutor.accessMainPhase(TestCaseExecutor.java:301)
	at com.kms.katalon.core.main.TestCaseExecutor.execute(TestCaseExecutor.java:235)
	at com.kms.katalon.core.main.TestSuiteExecutor.accessTestCaseMainPhase(TestSuiteExecutor.java:191)
	at com.kms.katalon.core.main.TestSuiteExecutor.accessTestSuiteMainPhase(TestSuiteExecutor.java:141)
	at com.kms.katalon.core.main.TestSuiteExecutor.execute(TestSuiteExecutor.java:90)
	at com.kms.katalon.core.main.TestCaseMain.startTestSuite(TestCaseMain.java:157)
	at com.kms.katalon.core.main.TestCaseMain$startTestSuite$0.call(Unknown Source)
	at TempTestSuite1610561623229.run(TempTestSuite1610561623229.groovy:39)


2021-01-13 13:44:49 - [TEST_STEP][PASSED] - Start listener action : login: com.kms.katalon.core.webui.exception.WebElementNotFoundException: Web element with id: 'Object Repository/Login Credentials/Email' located by '//input[@name='email']' not found (Root cause: com.kms.katalon.core.exception.StepFailedException: com.kms.katalon.core.webui.exception.WebElementNotFoundException: Web element with id: 'Object Repository/Login Credentials/Email' located by '//input[@name='email']' not found
	at com.kms.katalon.core.webui.keyword.internal.WebUIKeywordMain.stepFailed(WebUIKeywordMain.groovy:64)
	at com.kms.katalon.core.webui.keyword.builtin.VerifyElementPresentKeyword$_verifyElementPresent_closure1.doCall(VerifyElementPresentKeyword.groovy:85)
	at com.kms.katalon.core.webui.keyword.builtin.VerifyElementPresentKeyword$_verifyElementPresent_closure1.call(VerifyElementPresentKeyword.groovy)
	at com.kms.katalon.core.webui.keyword.internal.WebUIKeywordMain.runKeyword(WebUIKeywordMain.groovy:20)
	at com.kms.katalon.core.webui.keyword.builtin.VerifyElementPresentKeyword.verifyElementPresent(VerifyElementPresentKeyword.groovy:92)
	at com.kms.katalon.core.webui.keyword.builtin.VerifyElementPresentKeyword.execute(VerifyElementPresentKeyword.groovy:68)
	at com.kms.katalon.core.keyword.internal.KeywordExecutor.executeKeywordForPlatform(KeywordExecutor.groovy:73)
	at com.kms.katalon.core.webui.keyword.WebUiBuiltInKeywords.verifyElementPresent(WebUiBuiltInKeywords.groovy:1445)
	at com.kms.katalon.core.webui.keyword.WebUiBuiltInKeywords$verifyElementPresent$2.call(Unknown Source)
	at login.LoginForAdminDevEnvironment.login(LoginForAdminDevEnvironment.groovy:18)
	at login.LoginForAdminDevEnvironment$login.call(Unknown Source)
	at Login.login(Login.groovy:37)
	at Login.invokeMethod(Login.groovy)
	at com.kms.katalon.core.context.internal.TestHooker.invokeMethod(TestHooker.java:111)
	at com.kms.katalon.core.context.internal.TestHooker.lambda$3(TestHooker.java:95)
	at com.kms.katalon.core.context.internal.TestHooker.invokeContextMethods(TestHooker.java:94)
	at com.kms.katalon.core.context.internal.TestListenerCollector.lambda$3(TestListenerCollector.java:88)
	at com.kms.katalon.core.context.internal.TestListenerCollector.handleListenerEvent(TestListenerCollector.java:85)
	at com.kms.katalon.core.context.internal.ExecutionEventManager.publicEvent(ExecutionEventManager.java:36)
	at com.kms.katalon.core.main.TestCaseExecutor.execute(TestCaseExecutor.java:221)
	at com.kms.katalon.core.main.TestSuiteExecutor.accessTestCaseMainPhase(TestSuiteExecutor.java:191)
	at com.kms.katalon.core.main.TestSuiteExecutor.accessTestSuiteMainPhase(TestSuiteExecutor.java:141)
	at com.kms.katalon.core.main.TestSuiteExecutor.execute(TestSuiteExecutor.java:90)
	at com.kms.katalon.core.main.TestCaseMain.startTestSuite(TestCaseMain.java:157)
	at com.kms.katalon.core.main.TestCaseMain$startTestSuite$0.call(Unknown Source)
	at TempTestSuite1610561623229.run(TempTestSuite1610561623229.groovy:39)
)

2021-01-13 13:44:49 - [TEST_STEP][PASSED] - Thread.sleep(3000): null

2021-01-13 13:44:52 - [TEST_STEP][PASSED] - url = getUrl(): Current window's url is: 'https://qualitlabs.dev.modist.co/section/485'

2021-01-13 13:44:52 - [MESSAGE][PASSED] - Current window's url is: 'https://qualitlabs.dev.modist.co/section/485'

2021-01-13 13:44:52 - [TEST_STEP][PASSED] - if (!(url.contains("dashboard"))): com.kms.katalon.core.webui.exception.WebElementNotFoundException: Web element with id: 'Object Repository/Login Credentials/Email' located by '//input[@name='email']' not found (Root cause: com.kms.katalon.core.exception.StepFailedException: com.kms.katalon.core.webui.exception.WebElementNotFoundException: Web element with id: 'Object Repository/Login Credentials/Email' located by '//input[@name='email']' not found
	at com.kms.katalon.core.webui.keyword.internal.WebUIKeywordMain.stepFailed(WebUIKeywordMain.groovy:64)
	at com.kms.katalon.core.webui.keyword.builtin.VerifyElementPresentKeyword$_verifyElementPresent_closure1.doCall(VerifyElementPresentKeyword.groovy:85)
	at com.kms.katalon.core.webui.keyword.builtin.VerifyElementPresentKeyword$_verifyElementPresent_closure1.call(VerifyElementPresentKeyword.groovy)
	at com.kms.katalon.core.webui.keyword.internal.WebUIKeywordMain.runKeyword(WebUIKeywordMain.groovy:20)
	at com.kms.katalon.core.webui.keyword.builtin.VerifyElementPresentKeyword.verifyElementPresent(VerifyElementPresentKeyword.groovy:92)
	at com.kms.katalon.core.webui.keyword.builtin.VerifyElementPresentKeyword.execute(VerifyElementPresentKeyword.groovy:68)
	at com.kms.katalon.core.keyword.internal.KeywordExecutor.executeKeywordForPlatform(KeywordExecutor.groovy:73)
	at com.kms.katalon.core.webui.keyword.WebUiBuiltInKeywords.verifyElementPresent(WebUiBuiltInKeywords.groovy:1445)
	at com.kms.katalon.core.webui.keyword.WebUiBuiltInKeywords$verifyElementPresent$2.call(Unknown Source)
	at login.LoginForAdminDevEnvironment.login(LoginForAdminDevEnvironment.groovy:18)
	at login.LoginForAdminDevEnvironment$login.call(Unknown Source)
	at Login.login(Login.groovy:37)
	at Login.invokeMethod(Login.groovy)
	at com.kms.katalon.core.context.internal.TestHooker.invokeMethod(TestHooker.java:111)
	at com.kms.katalon.core.context.internal.TestHooker.lambda$3(TestHooker.java:95)
	at com.kms.katalon.core.context.internal.TestHooker.invokeContextMethods(TestHooker.java:94)
	at com.kms.katalon.core.context.internal.TestListenerCollector.lambda$3(TestListenerCollector.java:88)
	at com.kms.katalon.core.context.internal.TestListenerCollector.handleListenerEvent(TestListenerCollector.java:85)
	at com.kms.katalon.core.context.internal.ExecutionEventManager.publicEvent(ExecutionEventManager.java:36)
	at com.kms.katalon.core.main.TestCaseExecutor.execute(TestCaseExecutor.java:221)
	at com.kms.katalon.core.main.TestSuiteExecutor.accessTestCaseMainPhase(TestSuiteExecutor.java:191)
	at com.kms.katalon.core.main.TestSuiteExecutor.accessTestSuiteMainPhase(TestSuiteExecutor.java:141)
	at com.kms.katalon.core.main.TestSuiteExecutor.execute(TestSuiteExecutor.java:90)
	at com.kms.katalon.core.main.TestCaseMain.startTestSuite(TestCaseMain.java:157)
	at com.kms.katalon.core.main.TestCaseMain$startTestSuite$0.call(Unknown Source)
	at TempTestSuite1610561623229.run(TempTestSuite1610561623229.groovy:39)
)

2021-01-13 13:44:52 - [TEST_STEP][PASSED] - navigateToUrl(Url): Navigate to 'https://dev-admin.modist.co/' successfully

2021-01-13 13:44:52 - [MESSAGE][PASSED] - Navigate to 'https://dev-admin.modist.co/' successfully

2021-01-13 13:44:52 - [TEST_STEP][PASSED] - loginPage.login(Email, Password): com.kms.katalon.core.webui.exception.WebElementNotFoundException: Web element with id: 'Object Repository/Login Credentials/Email' located by '//input[@name='email']' not found (Root cause: com.kms.katalon.core.exception.StepFailedException: com.kms.katalon.core.webui.exception.WebElementNotFoundException: Web element with id: 'Object Repository/Login Credentials/Email' located by '//input[@name='email']' not found
	at com.kms.katalon.core.webui.keyword.internal.WebUIKeywordMain.stepFailed(WebUIKeywordMain.groovy:64)
	at com.kms.katalon.core.webui.keyword.builtin.VerifyElementPresentKeyword$_verifyElementPresent_closure1.doCall(VerifyElementPresentKeyword.groovy:85)
	at com.kms.katalon.core.webui.keyword.builtin.VerifyElementPresentKeyword$_verifyElementPresent_closure1.call(VerifyElementPresentKeyword.groovy)
	at com.kms.katalon.core.webui.keyword.internal.WebUIKeywordMain.runKeyword(WebUIKeywordMain.groovy:20)
	at com.kms.katalon.core.webui.keyword.builtin.VerifyElementPresentKeyword.verifyElementPresent(VerifyElementPresentKeyword.groovy:92)
	at com.kms.katalon.core.webui.keyword.builtin.VerifyElementPresentKeyword.execute(VerifyElementPresentKeyword.groovy:68)
	at com.kms.katalon.core.keyword.internal.KeywordExecutor.executeKeywordForPlatform(KeywordExecutor.groovy:73)
	at com.kms.katalon.core.webui.keyword.WebUiBuiltInKeywords.verifyElementPresent(WebUiBuiltInKeywords.groovy:1445)
	at com.kms.katalon.core.webui.keyword.WebUiBuiltInKeywords$verifyElementPresent$2.call(Unknown Source)
	at login.LoginForAdminDevEnvironment.login(LoginForAdminDevEnvironment.groovy:18)
	at login.LoginForAdminDevEnvironment$login.call(Unknown Source)
	at Login.login(Login.groovy:37)
	at Login.invokeMethod(Login.groovy)
	at com.kms.katalon.core.context.internal.TestHooker.invokeMethod(TestHooker.java:111)
	at com.kms.katalon.core.context.internal.TestHooker.lambda$3(TestHooker.java:95)
	at com.kms.katalon.core.context.internal.TestHooker.invokeContextMethods(TestHooker.java:94)
	at com.kms.katalon.core.context.internal.TestListenerCollector.lambda$3(TestListenerCollector.java:88)
	at com.kms.katalon.core.context.internal.TestListenerCollector.handleListenerEvent(TestListenerCollector.java:85)
	at com.kms.katalon.core.context.internal.ExecutionEventManager.publicEvent(ExecutionEventManager.java:36)
	at com.kms.katalon.core.main.TestCaseExecutor.execute(TestCaseExecutor.java:221)
	at com.kms.katalon.core.main.TestSuiteExecutor.accessTestCaseMainPhase(TestSuiteExecutor.java:191)
	at com.kms.katalon.core.main.TestSuiteExecutor.accessTestSuiteMainPhase(TestSuiteExecutor.java:141)
	at com.kms.katalon.core.main.TestSuiteExecutor.execute(TestSuiteExecutor.java:90)
	at com.kms.katalon.core.main.TestCaseMain.startTestSuite(TestCaseMain.java:157)
	at com.kms.katalon.core.main.TestCaseMain$startTestSuite$0.call(Unknown Source)
	at TempTestSuite1610561623229.run(TempTestSuite1610561623229.groovy:39)
)

2021-01-13 13:44:57 - [MESSAGE][INFO] - Unable to find the element located by 'By.xpath: //input[@name='email']'. Please recheck the objects properties to make sure the desired element is located. 

2021-01-13 13:44:58 - [MESSAGE][WARNING] - com.kms.katalon.core.webui.exception.WebElementNotFoundException: Web element with id: 'Object Repository/Login Credentials/Email' located by '//input[@name='email']' not found (Root cause: com.kms.katalon.core.exception.StepFailedException: com.kms.katalon.core.webui.exception.WebElementNotFoundException: Web element with id: 'Object Repository/Login Credentials/Email' located by '//input[@name='email']' not found
	at com.kms.katalon.core.webui.keyword.internal.WebUIKeywordMain.stepFailed(WebUIKeywordMain.groovy:64)
	at com.kms.katalon.core.webui.keyword.builtin.VerifyElementPresentKeyword$_verifyElementPresent_closure1.doCall(VerifyElementPresentKeyword.groovy:85)
	at com.kms.katalon.core.webui.keyword.builtin.VerifyElementPresentKeyword$_verifyElementPresent_closure1.call(VerifyElementPresentKeyword.groovy)
	at com.kms.katalon.core.webui.keyword.internal.WebUIKeywordMain.runKeyword(WebUIKeywordMain.groovy:20)
	at com.kms.katalon.core.webui.keyword.builtin.VerifyElementPresentKeyword.verifyElementPresent(VerifyElementPresentKeyword.groovy:92)
	at com.kms.katalon.core.webui.keyword.builtin.VerifyElementPresentKeyword.execute(VerifyElementPresentKeyword.groovy:68)
	at com.kms.katalon.core.keyword.internal.KeywordExecutor.executeKeywordForPlatform(KeywordExecutor.groovy:73)
	at com.kms.katalon.core.webui.keyword.WebUiBuiltInKeywords.verifyElementPresent(WebUiBuiltInKeywords.groovy:1445)
	at com.kms.katalon.core.webui.keyword.WebUiBuiltInKeywords$verifyElementPresent$2.call(Unknown Source)
	at login.LoginForAdminDevEnvironment.login(LoginForAdminDevEnvironment.groovy:18)
	at login.LoginForAdminDevEnvironment$login.call(Unknown Source)
	at Login.login(Login.groovy:37)
	at Login.invokeMethod(Login.groovy)
	at com.kms.katalon.core.context.internal.TestHooker.invokeMethod(TestHooker.java:111)
	at com.kms.katalon.core.context.internal.TestHooker.lambda$3(TestHooker.java:95)
	at com.kms.katalon.core.context.internal.TestHooker.invokeContextMethods(TestHooker.java:94)
	at com.kms.katalon.core.context.internal.TestListenerCollector.lambda$3(TestListenerCollector.java:88)
	at com.kms.katalon.core.context.internal.TestListenerCollector.handleListenerEvent(TestListenerCollector.java:85)
	at com.kms.katalon.core.context.internal.ExecutionEventManager.publicEvent(ExecutionEventManager.java:36)
	at com.kms.katalon.core.main.TestCaseExecutor.execute(TestCaseExecutor.java:221)
	at com.kms.katalon.core.main.TestSuiteExecutor.accessTestCaseMainPhase(TestSuiteExecutor.java:191)
	at com.kms.katalon.core.main.TestSuiteExecutor.accessTestSuiteMainPhase(TestSuiteExecutor.java:141)
	at com.kms.katalon.core.main.TestSuiteExecutor.execute(TestSuiteExecutor.java:90)
	at com.kms.katalon.core.main.TestCaseMain.startTestSuite(TestCaseMain.java:157)
	at com.kms.katalon.core.main.TestCaseMain$startTestSuite$0.call(Unknown Source)
	at TempTestSuite1610561623229.run(TempTestSuite1610561623229.groovy:39)
)
[[ATTACHMENT|E:\\Modist\\ModistProject\\Reports\\20210113_131343\\AllTestCases\\20210113_131343\\1610563497854.png]]

2021-01-13 13:44:58 - [TEST_STEP][PASSED] - pages.Journey.clickOnJourneyTab(): pages.Journey.clickOnJourneyTab is PASSED

2021-01-13 13:44:58 - [MESSAGE][PASSED] - Object 'Object Repository/Journey/Journeytab' is present

2021-01-13 13:44:58 - [MESSAGE][PASSED] - Object 'Object Repository/Journey/Journeytab' is visible

2021-01-13 13:44:59 - [MESSAGE][PASSED] - Object 'Object Repository/Journey/Journeytab' is clickable

2021-01-13 13:44:59 - [MESSAGE][PASSED] - Object: 'Object Repository/Journey/Journeytab' is clicked on

2021-01-13 13:44:59 - [MESSAGE][PASSED] - pages.Journey.clickOnJourneyTab is PASSED

2021-01-13 13:44:59 - [TEST_STEP][PASSED] - journeyName = pages.Journey.getRandomJourneyName(): pages.Journey.getRandomJourneyName is PASSED

2021-01-13 13:45:00 - [MESSAGE][PASSED] - Object 'Object Repository/Journey/toGetJourneysCount' is present

2021-01-13 13:45:00 - [MESSAGE][PASSED] - Object 'Object Repository/Journey/toGetJourneysCount' is present

2021-01-13 13:45:01 - [MESSAGE][PASSED] - Text of object 'Object Repository/Journey/toPickrandomJourney(index)' is: 'journey 2'

2021-01-13 13:45:01 - [MESSAGE][PASSED] - pages.Journey.getRandomJourneyName is PASSED

2021-01-13 13:45:01 - [TEST_STEP][PASSED] - accessCode = pages.Journey.getExistingJourneyAccesscode(journeyName): pages.Journey.getExistingJourneyAccesscode is PASSED

2021-01-13 13:45:01 - [MESSAGE][PASSED] - Object 'Object Repository/Journey/journrySearchInput' is present

2021-01-13 13:45:01 - [MESSAGE][PASSED] - Object 'Object Repository/Journey/journrySearchInput' is visible

2021-01-13 13:45:02 - [MESSAGE][PASSED] - Object 'Object Repository/Journey/journrySearchInput' is clickable

2021-01-13 13:45:02 - [MESSAGE][PASSED] - Text of object 'Object Repository/Journey/journrySearchInput' is cleared

2021-01-13 13:45:03 - [MESSAGE][PASSED] - Keys '' sent to object: 'Object Repository/Journey/journrySearchInput'

2021-01-13 13:45:03 - [MESSAGE][PASSED] - Keys 'j' sent to object: 'Object Repository/Journey/journrySearchInput'

2021-01-13 13:45:03 - [MESSAGE][PASSED] - Keys 'o' sent to object: 'Object Repository/Journey/journrySearchInput'

2021-01-13 13:45:05 - [MESSAGE][PASSED] - Keys 'u' sent to object: 'Object Repository/Journey/journrySearchInput'

2021-01-13 13:45:06 - [MESSAGE][PASSED] - Keys 'r' sent to object: 'Object Repository/Journey/journrySearchInput'

2021-01-13 13:45:06 - [MESSAGE][PASSED] - Keys 'n' sent to object: 'Object Repository/Journey/journrySearchInput'

2021-01-13 13:45:07 - [MESSAGE][PASSED] - Keys 'e' sent to object: 'Object Repository/Journey/journrySearchInput'

2021-01-13 13:45:07 - [MESSAGE][PASSED] - Keys 'y' sent to object: 'Object Repository/Journey/journrySearchInput'

2021-01-13 13:45:08 - [MESSAGE][PASSED] - Keys ' ' sent to object: 'Object Repository/Journey/journrySearchInput'

2021-01-13 13:45:08 - [MESSAGE][PASSED] - Keys '2' sent to object: 'Object Repository/Journey/journrySearchInput'

2021-01-13 13:45:10 - [MESSAGE][PASSED] - Object 'Object Repository/Journey/journrySearchInput' is present

2021-01-13 13:45:10 - [MESSAGE][PASSED] - Object 'Object Repository/Journey/journrySearchInput' is visible

2021-01-13 13:45:10 - [MESSAGE][PASSED] - Object 'Object Repository/Journey/journrySearchInput' is clickable

2021-01-13 13:45:11 - [MESSAGE][PASSED] - Text of object 'Object Repository/Journey/journrySearchInput' is cleared

2021-01-13 13:45:11 - [MESSAGE][PASSED] - Keys '' sent to object: 'Object Repository/Journey/journrySearchInput'

2021-01-13 13:45:11 - [MESSAGE][PASSED] - Keys 'j' sent to object: 'Object Repository/Journey/journrySearchInput'

2021-01-13 13:45:12 - [MESSAGE][PASSED] - Keys 'o' sent to object: 'Object Repository/Journey/journrySearchInput'

2021-01-13 13:45:13 - [MESSAGE][PASSED] - Keys 'u' sent to object: 'Object Repository/Journey/journrySearchInput'

2021-01-13 13:45:14 - [MESSAGE][PASSED] - Keys 'r' sent to object: 'Object Repository/Journey/journrySearchInput'

2021-01-13 13:45:15 - [MESSAGE][PASSED] - Keys 'n' sent to object: 'Object Repository/Journey/journrySearchInput'

2021-01-13 13:45:15 - [MESSAGE][PASSED] - Keys 'e' sent to object: 'Object Repository/Journey/journrySearchInput'

2021-01-13 13:45:15 - [MESSAGE][PASSED] - Keys 'y' sent to object: 'Object Repository/Journey/journrySearchInput'

2021-01-13 13:45:16 - [MESSAGE][PASSED] - Keys ' ' sent to object: 'Object Repository/Journey/journrySearchInput'

2021-01-13 13:45:16 - [MESSAGE][PASSED] - Keys '2' sent to object: 'Object Repository/Journey/journrySearchInput'

2021-01-13 13:45:17 - [MESSAGE][PASSED] - Object 'Object Repository/Journey/clickVerifyingJourney(journeyName)' is present

2021-01-13 13:45:18 - [MESSAGE][PASSED] - Object 'Object Repository/Journey/clickVerifyingJourney(journeyName)' is visible

2021-01-13 13:45:18 - [MESSAGE][PASSED] - Object 'Object Repository/Journey/clickVerifyingJourney(journeyName)' is clickable

2021-01-13 13:45:18 - [MESSAGE][PASSED] - Object: 'Object Repository/Journey/clickVerifyingJourney(journeyName)' is clicked on

2021-01-13 13:45:19 - [MESSAGE][PASSED] - Scroll to object 'Object Repository/Journey/Current Access Codes/currentAccessCodeField' successfully

2021-01-13 13:45:20 - [MESSAGE][PASSED] - Object 'Object Repository/Journey/Current Access Codes/getAccessCodesCount' is present

2021-01-13 13:45:21 - [MESSAGE][PASSED] - Text of object 'Object Repository/Journey/Current Access Codes/getAccessCodeText(index)' is: '321'

2021-01-13 13:45:21 - [MESSAGE][PASSED] - pages.Journey.getExistingJourneyAccesscode is PASSED

2021-01-13 13:45:21 - [TEST_STEP][PASSED] - login.LoginForJourneyApplication.loginToJourneyApplication(): login.LoginForJourneyApplication.loginToJourneyApplication is PASSED

2021-01-13 13:45:22 - [MESSAGE][PASSED] - Navigate to 'https://qualitlabs.dev.modist.co/' successfully

2021-01-13 13:45:22 - [MESSAGE][PASSED] - login.LoginForJourneyApplication.loginToJourneyApplication is PASSED

2021-01-13 13:45:22 - [TEST_STEP][PASSED] - pages.Journey.enterAccessCodeInJourney(accessCode): pages.Journey.enterAccessCodeInJourney is PASSED

2021-01-13 13:45:22 - [MESSAGE][PASSED] - Object 'Object Repository/Journey/JourneyPortal/enterAccessCode' is present

2021-01-13 13:45:23 - [MESSAGE][PASSED] - Object 'Object Repository/Journey/JourneyPortal/enterAccessCode' is visible

2021-01-13 13:45:23 - [MESSAGE][PASSED] - Object 'Object Repository/Journey/JourneyPortal/enterAccessCode' is clickable

2021-01-13 13:45:23 - [MESSAGE][PASSED] - Text of object 'Object Repository/Journey/JourneyPortal/enterAccessCode' is cleared

2021-01-13 13:45:24 - [MESSAGE][PASSED] - Keys '321' sent to object: 'Object Repository/Journey/JourneyPortal/enterAccessCode'

2021-01-13 13:45:24 - [MESSAGE][PASSED] - pages.Journey.enterAccessCodeInJourney is PASSED

2021-01-13 13:45:24 - [TEST_STEP][PASSED] - pages.Journey.clickEnterButton(): pages.Journey.clickEnterButton is PASSED

2021-01-13 13:45:24 - [MESSAGE][PASSED] - Object 'Object Repository/Journey/JourneyPortal/EnterButton' is present

2021-01-13 13:45:24 - [MESSAGE][PASSED] - Object 'Object Repository/Journey/JourneyPortal/EnterButton' is visible

2021-01-13 13:45:25 - [MESSAGE][PASSED] - Object 'Object Repository/Journey/JourneyPortal/EnterButton' is clickable

2021-01-13 13:45:25 - [MESSAGE][PASSED] - Object: 'Object Repository/Journey/JourneyPortal/EnterButton' is clicked on

2021-01-13 13:45:25 - [MESSAGE][PASSED] - pages.Journey.clickEnterButton is PASSED

2021-01-13 13:45:25 - [TEST_STEP][PASSED] - pages.JourneyPortal.openExistingSection(): pages.JourneyPortal.openExistingSection is PASSED

2021-01-13 13:45:28 - [MESSAGE][PASSED] - Object 'Object Repository/Journey/JourneyPortal/Section/getSectionsCount' is present

2021-01-13 13:45:29 - [MESSAGE][PASSED] - Object 'Object Repository/Journey/JourneyPortal/Section/openSection(index)' is present

2021-01-13 13:45:29 - [MESSAGE][PASSED] - Object 'Object Repository/Journey/JourneyPortal/Section/openSection(index)' is visible

2021-01-13 13:45:29 - [MESSAGE][PASSED] - Object 'Object Repository/Journey/JourneyPortal/Section/openSection(index)' is clickable

2021-01-13 13:45:30 - [MESSAGE][PASSED] - Object: 'Object Repository/Journey/JourneyPortal/Section/openSection(index)' is clicked on

2021-01-13 13:45:30 - [MESSAGE][PASSED] - pages.JourneyPortal.openExistingSection is PASSED

2021-01-13 13:45:30 - [TEST_STEP][PASSED] - pages.JourneyPortal.productPageCheck(): pages.JourneyPortal.productPageCheck is PASSED

2021-01-13 13:45:31 - [MESSAGE][PASSED] - Object 'Object Repository/Journey/JourneyPortal/Product/productPage' is present

2021-01-13 13:45:31 - [MESSAGE][PASSED] - pages.JourneyPortal.productPageCheck is PASSED

2021-01-13 13:45:31 - [TEST_STEP][PASSED] - pages.JourneyPortal.clickFullScreenIcon(): pages.JourneyPortal.clickFullScreenIcon is PASSED

2021-01-13 13:45:31 - [MESSAGE][PASSED] - Object 'Object Repository/Journey/JourneyPortal/Section/FullScreenIcon' is present

2021-01-13 13:45:32 - [MESSAGE][PASSED] - Object 'Object Repository/Journey/JourneyPortal/Section/FullScreenIcon' is visible

2021-01-13 13:45:32 - [MESSAGE][PASSED] - Object 'Object Repository/Journey/JourneyPortal/Section/FullScreenIcon' is clickable

2021-01-13 13:45:33 - [MESSAGE][PASSED] - Object: 'Object Repository/Journey/JourneyPortal/Section/FullScreenIcon' is clicked on

2021-01-13 13:45:33 - [MESSAGE][PASSED] - pages.JourneyPortal.clickFullScreenIcon is PASSED

2021-01-13 13:45:33 - [TEST_STEP][FAILED] - pages.JourneyPortal.verifyTheFullScreenView(): you are not in full screen view

2021-01-13 13:46:04 - [MESSAGE][INFO] - Unable to find the element located by 'By.xpath: //div[@class='fullscreen fullscreen-enabled']'. Please recheck the objects properties to make sure the desired element is located. 

2021-01-13 13:46:05 - [MESSAGE][WARNING] - com.kms.katalon.core.webui.exception.WebElementNotFoundException: Web element with id: 'Object Repository/Journey/JourneyPortal/Section/verifyFullScreenView' located by '//div[@class='fullscreen fullscreen-enabled']' not found (Root cause: com.kms.katalon.core.exception.StepFailedException: com.kms.katalon.core.webui.exception.WebElementNotFoundException: Web element with id: 'Object Repository/Journey/JourneyPortal/Section/verifyFullScreenView' located by '//div[@class='fullscreen fullscreen-enabled']' not found
	at com.kms.katalon.core.webui.keyword.internal.WebUIKeywordMain.stepFailed(WebUIKeywordMain.groovy:64)
	at com.kms.katalon.core.webui.keyword.builtin.VerifyElementPresentKeyword$_verifyElementPresent_closure1.doCall(VerifyElementPresentKeyword.groovy:85)
	at com.kms.katalon.core.webui.keyword.builtin.VerifyElementPresentKeyword$_verifyElementPresent_closure1.call(VerifyElementPresentKeyword.groovy)
	at com.kms.katalon.core.webui.keyword.internal.WebUIKeywordMain.runKeyword(WebUIKeywordMain.groovy:20)
	at com.kms.katalon.core.webui.keyword.builtin.VerifyElementPresentKeyword.verifyElementPresent(VerifyElementPresentKeyword.groovy:92)
	at com.kms.katalon.core.webui.keyword.builtin.VerifyElementPresentKeyword.execute(VerifyElementPresentKeyword.groovy:68)
	at com.kms.katalon.core.keyword.internal.KeywordExecutor.executeKeywordForPlatform(KeywordExecutor.groovy:73)
	at com.kms.katalon.core.webui.keyword.WebUiBuiltInKeywords.verifyElementPresent(WebUiBuiltInKeywords.groovy:1445)
	at com.kms.katalon.core.webui.keyword.WebUiBuiltInKeywords$verifyElementPresent$2.call(Unknown Source)
	at verification.Verification.verifyElementPresent(Verification.groovy:29)
	at verification.Verification.verifyElementPresent(Verification.groovy)
	at pages.JourneyPortal.verifyTheFullScreenView(JourneyPortal.groovy:70)
	at pages.JourneyPortal.invokeMethod(JourneyPortal.groovy)
	at com.kms.katalon.core.main.CustomKeywordDelegatingMetaClass.invokeStaticMethod(CustomKeywordDelegatingMetaClass.java:50)
	at verifyTheFullScreenViewInProductPage.run(verifyTheFullScreenViewInProductPage:36)
	at com.kms.katalon.core.main.ScriptEngine.run(ScriptEngine.java:194)
	at com.kms.katalon.core.main.ScriptEngine.runScriptAsRawText(ScriptEngine.java:119)
	at com.kms.katalon.core.main.TestCaseExecutor.runScript(TestCaseExecutor.java:339)
	at com.kms.katalon.core.main.TestCaseExecutor.doExecute(TestCaseExecutor.java:330)
	at com.kms.katalon.core.main.TestCaseExecutor.processExecutionPhase(TestCaseExecutor.java:309)
	at com.kms.katalon.core.main.TestCaseExecutor.accessMainPhase(TestCaseExecutor.java:301)
	at com.kms.katalon.core.main.TestCaseExecutor.execute(TestCaseExecutor.java:235)
	at com.kms.katalon.core.main.TestSuiteExecutor.accessTestCaseMainPhase(TestSuiteExecutor.java:191)
	at com.kms.katalon.core.main.TestSuiteExecutor.accessTestSuiteMainPhase(TestSuiteExecutor.java:141)
	at com.kms.katalon.core.main.TestSuiteExecutor.execute(TestSuiteExecutor.java:90)
	at com.kms.katalon.core.main.TestCaseMain.startTestSuite(TestCaseMain.java:157)
	at com.kms.katalon.core.main.TestCaseMain$startTestSuite$0.call(Unknown Source)
	at TempTestSuite1610561623229.run(TempTestSuite1610561623229.groovy:39)
)
[[ATTACHMENT|E:\\Modist\\ModistProject\\Reports\\20210113_131343\\AllTestCases\\20210113_131343\\1610563564401.png]]

2021-01-13 13:46:06 - [MESSAGE][PASSED] - Taking screenshot successfully
[[ATTACHMENT|E:\Modist\ModistProject\Reports\20210113_131343\AllTestCases\20210113_131343\1610563565519.png]]

2021-01-13 13:46:06 - [MESSAGE][FAILED] - you are not in full screen view]]></system-out>
         <system-err><![CDATA[2021-01-13 13:44:49 - [TEST_CASE][FAILED] - Test Cases/JourneyPortal/verifyTheFullScreenViewInProductPage: Test Cases/JourneyPortal/verifyTheFullScreenViewInProductPage FAILED.
Reason:
com.kms.katalon.core.exception.StepFailedException: you are not in full screen view
	at com.kms.katalon.core.util.KeywordUtil.markFailedAndStop(KeywordUtil.java:28)
	at com.kms.katalon.core.util.KeywordUtil$markFailedAndStop$0.call(Unknown Source)
	at verification.Verification.verifyElementPresent(Verification.groovy:31)
	at verification.Verification.verifyElementPresent(Verification.groovy)
	at pages.JourneyPortal.verifyTheFullScreenView(JourneyPortal.groovy:70)
	at pages.JourneyPortal.invokeMethod(JourneyPortal.groovy)
	at com.kms.katalon.core.main.CustomKeywordDelegatingMetaClass.invokeStaticMethod(CustomKeywordDelegatingMetaClass.java:50)
	at verifyTheFullScreenViewInProductPage.run(verifyTheFullScreenViewInProductPage:36)
	at com.kms.katalon.core.main.ScriptEngine.run(ScriptEngine.java:194)
	at com.kms.katalon.core.main.ScriptEngine.runScriptAsRawText(ScriptEngine.java:119)
	at com.kms.katalon.core.main.TestCaseExecutor.runScript(TestCaseExecutor.java:339)
	at com.kms.katalon.core.main.TestCaseExecutor.doExecute(TestCaseExecutor.java:330)
	at com.kms.katalon.core.main.TestCaseExecutor.processExecutionPhase(TestCaseExecutor.java:309)
	at com.kms.katalon.core.main.TestCaseExecutor.accessMainPhase(TestCaseExecutor.java:301)
	at com.kms.katalon.core.main.TestCaseExecutor.execute(TestCaseExecutor.java:235)
	at com.kms.katalon.core.main.TestSuiteExecutor.accessTestCaseMainPhase(TestSuiteExecutor.java:191)
	at com.kms.katalon.core.main.TestSuiteExecutor.accessTestSuiteMainPhase(TestSuiteExecutor.java:141)
	at com.kms.katalon.core.main.TestSuiteExecutor.execute(TestSuiteExecutor.java:90)
	at com.kms.katalon.core.main.TestCaseMain.startTestSuite(TestCaseMain.java:157)
	at com.kms.katalon.core.main.TestCaseMain$startTestSuite$0.call(Unknown Source)
	at TempTestSuite1610561623229.run(TempTestSuite1610561623229.groovy:39)]]></system-err>
      </testcase>
      <testcase name="Test Cases/JourneyPortal/verifyTheFullScreenViewInSectionPage" time="35.417" classname="Test Cases/JourneyPortal/verifyTheFullScreenViewInSectionPage" status="PASSED">
         <system-out><![CDATA[2021-01-13 13:46:06 - [TEST_CASE][PASSED] - Test Cases/JourneyPortal/verifyTheFullScreenViewInSectionPage: Test Cases/JourneyPortal/verifyTheFullScreenViewInSectionPage

2021-01-13 13:46:06 - [TEST_STEP][PASSED] - Start listener action : login: com.kms.katalon.core.webui.exception.WebElementNotFoundException: Web element with id: 'Object Repository/Login Credentials/Email' located by '//input[@name='email']' not found (Root cause: com.kms.katalon.core.exception.StepFailedException: com.kms.katalon.core.webui.exception.WebElementNotFoundException: Web element with id: 'Object Repository/Login Credentials/Email' located by '//input[@name='email']' not found
	at com.kms.katalon.core.webui.keyword.internal.WebUIKeywordMain.stepFailed(WebUIKeywordMain.groovy:64)
	at com.kms.katalon.core.webui.keyword.builtin.VerifyElementPresentKeyword$_verifyElementPresent_closure1.doCall(VerifyElementPresentKeyword.groovy:85)
	at com.kms.katalon.core.webui.keyword.builtin.VerifyElementPresentKeyword$_verifyElementPresent_closure1.call(VerifyElementPresentKeyword.groovy)
	at com.kms.katalon.core.webui.keyword.internal.WebUIKeywordMain.runKeyword(WebUIKeywordMain.groovy:20)
	at com.kms.katalon.core.webui.keyword.builtin.VerifyElementPresentKeyword.verifyElementPresent(VerifyElementPresentKeyword.groovy:92)
	at com.kms.katalon.core.webui.keyword.builtin.VerifyElementPresentKeyword.execute(VerifyElementPresentKeyword.groovy:68)
	at com.kms.katalon.core.keyword.internal.KeywordExecutor.executeKeywordForPlatform(KeywordExecutor.groovy:73)
	at com.kms.katalon.core.webui.keyword.WebUiBuiltInKeywords.verifyElementPresent(WebUiBuiltInKeywords.groovy:1445)
	at com.kms.katalon.core.webui.keyword.WebUiBuiltInKeywords$verifyElementPresent$2.call(Unknown Source)
	at login.LoginForAdminDevEnvironment.login(LoginForAdminDevEnvironment.groovy:18)
	at login.LoginForAdminDevEnvironment$login.call(Unknown Source)
	at Login.login(Login.groovy:37)
	at Login.invokeMethod(Login.groovy)
	at com.kms.katalon.core.context.internal.TestHooker.invokeMethod(TestHooker.java:111)
	at com.kms.katalon.core.context.internal.TestHooker.lambda$3(TestHooker.java:95)
	at com.kms.katalon.core.context.internal.TestHooker.invokeContextMethods(TestHooker.java:94)
	at com.kms.katalon.core.context.internal.TestListenerCollector.lambda$3(TestListenerCollector.java:88)
	at com.kms.katalon.core.context.internal.TestListenerCollector.handleListenerEvent(TestListenerCollector.java:85)
	at com.kms.katalon.core.context.internal.ExecutionEventManager.publicEvent(ExecutionEventManager.java:36)
	at com.kms.katalon.core.main.TestCaseExecutor.execute(TestCaseExecutor.java:221)
	at com.kms.katalon.core.main.TestSuiteExecutor.accessTestCaseMainPhase(TestSuiteExecutor.java:191)
	at com.kms.katalon.core.main.TestSuiteExecutor.accessTestSuiteMainPhase(TestSuiteExecutor.java:141)
	at com.kms.katalon.core.main.TestSuiteExecutor.execute(TestSuiteExecutor.java:90)
	at com.kms.katalon.core.main.TestCaseMain.startTestSuite(TestCaseMain.java:157)
	at com.kms.katalon.core.main.TestCaseMain$startTestSuite$0.call(Unknown Source)
	at TempTestSuite1610561623229.run(TempTestSuite1610561623229.groovy:39)
)

2021-01-13 13:46:06 - [TEST_STEP][PASSED] - Thread.sleep(3000): null

2021-01-13 13:46:09 - [TEST_STEP][PASSED] - url = getUrl(): Current window's url is: 'https://qualitlabs.dev.modist.co/products/860'

2021-01-13 13:46:09 - [MESSAGE][PASSED] - Current window's url is: 'https://qualitlabs.dev.modist.co/products/860'

2021-01-13 13:46:09 - [TEST_STEP][PASSED] - if (!(url.contains("dashboard"))): com.kms.katalon.core.webui.exception.WebElementNotFoundException: Web element with id: 'Object Repository/Login Credentials/Email' located by '//input[@name='email']' not found (Root cause: com.kms.katalon.core.exception.StepFailedException: com.kms.katalon.core.webui.exception.WebElementNotFoundException: Web element with id: 'Object Repository/Login Credentials/Email' located by '//input[@name='email']' not found
	at com.kms.katalon.core.webui.keyword.internal.WebUIKeywordMain.stepFailed(WebUIKeywordMain.groovy:64)
	at com.kms.katalon.core.webui.keyword.builtin.VerifyElementPresentKeyword$_verifyElementPresent_closure1.doCall(VerifyElementPresentKeyword.groovy:85)
	at com.kms.katalon.core.webui.keyword.builtin.VerifyElementPresentKeyword$_verifyElementPresent_closure1.call(VerifyElementPresentKeyword.groovy)
	at com.kms.katalon.core.webui.keyword.internal.WebUIKeywordMain.runKeyword(WebUIKeywordMain.groovy:20)
	at com.kms.katalon.core.webui.keyword.builtin.VerifyElementPresentKeyword.verifyElementPresent(VerifyElementPresentKeyword.groovy:92)
	at com.kms.katalon.core.webui.keyword.builtin.VerifyElementPresentKeyword.execute(VerifyElementPresentKeyword.groovy:68)
	at com.kms.katalon.core.keyword.internal.KeywordExecutor.executeKeywordForPlatform(KeywordExecutor.groovy:73)
	at com.kms.katalon.core.webui.keyword.WebUiBuiltInKeywords.verifyElementPresent(WebUiBuiltInKeywords.groovy:1445)
	at com.kms.katalon.core.webui.keyword.WebUiBuiltInKeywords$verifyElementPresent$2.call(Unknown Source)
	at login.LoginForAdminDevEnvironment.login(LoginForAdminDevEnvironment.groovy:18)
	at login.LoginForAdminDevEnvironment$login.call(Unknown Source)
	at Login.login(Login.groovy:37)
	at Login.invokeMethod(Login.groovy)
	at com.kms.katalon.core.context.internal.TestHooker.invokeMethod(TestHooker.java:111)
	at com.kms.katalon.core.context.internal.TestHooker.lambda$3(TestHooker.java:95)
	at com.kms.katalon.core.context.internal.TestHooker.invokeContextMethods(TestHooker.java:94)
	at com.kms.katalon.core.context.internal.TestListenerCollector.lambda$3(TestListenerCollector.java:88)
	at com.kms.katalon.core.context.internal.TestListenerCollector.handleListenerEvent(TestListenerCollector.java:85)
	at com.kms.katalon.core.context.internal.ExecutionEventManager.publicEvent(ExecutionEventManager.java:36)
	at com.kms.katalon.core.main.TestCaseExecutor.execute(TestCaseExecutor.java:221)
	at com.kms.katalon.core.main.TestSuiteExecutor.accessTestCaseMainPhase(TestSuiteExecutor.java:191)
	at com.kms.katalon.core.main.TestSuiteExecutor.accessTestSuiteMainPhase(TestSuiteExecutor.java:141)
	at com.kms.katalon.core.main.TestSuiteExecutor.execute(TestSuiteExecutor.java:90)
	at com.kms.katalon.core.main.TestCaseMain.startTestSuite(TestCaseMain.java:157)
	at com.kms.katalon.core.main.TestCaseMain$startTestSuite$0.call(Unknown Source)
	at TempTestSuite1610561623229.run(TempTestSuite1610561623229.groovy:39)
)

2021-01-13 13:46:09 - [TEST_STEP][PASSED] - navigateToUrl(Url): Navigate to 'https://dev-admin.modist.co/' successfully

2021-01-13 13:46:09 - [MESSAGE][PASSED] - Navigate to 'https://dev-admin.modist.co/' successfully

2021-01-13 13:46:09 - [TEST_STEP][PASSED] - loginPage.login(Email, Password): com.kms.katalon.core.webui.exception.WebElementNotFoundException: Web element with id: 'Object Repository/Login Credentials/Email' located by '//input[@name='email']' not found (Root cause: com.kms.katalon.core.exception.StepFailedException: com.kms.katalon.core.webui.exception.WebElementNotFoundException: Web element with id: 'Object Repository/Login Credentials/Email' located by '//input[@name='email']' not found
	at com.kms.katalon.core.webui.keyword.internal.WebUIKeywordMain.stepFailed(WebUIKeywordMain.groovy:64)
	at com.kms.katalon.core.webui.keyword.builtin.VerifyElementPresentKeyword$_verifyElementPresent_closure1.doCall(VerifyElementPresentKeyword.groovy:85)
	at com.kms.katalon.core.webui.keyword.builtin.VerifyElementPresentKeyword$_verifyElementPresent_closure1.call(VerifyElementPresentKeyword.groovy)
	at com.kms.katalon.core.webui.keyword.internal.WebUIKeywordMain.runKeyword(WebUIKeywordMain.groovy:20)
	at com.kms.katalon.core.webui.keyword.builtin.VerifyElementPresentKeyword.verifyElementPresent(VerifyElementPresentKeyword.groovy:92)
	at com.kms.katalon.core.webui.keyword.builtin.VerifyElementPresentKeyword.execute(VerifyElementPresentKeyword.groovy:68)
	at com.kms.katalon.core.keyword.internal.KeywordExecutor.executeKeywordForPlatform(KeywordExecutor.groovy:73)
	at com.kms.katalon.core.webui.keyword.WebUiBuiltInKeywords.verifyElementPresent(WebUiBuiltInKeywords.groovy:1445)
	at com.kms.katalon.core.webui.keyword.WebUiBuiltInKeywords$verifyElementPresent$2.call(Unknown Source)
	at login.LoginForAdminDevEnvironment.login(LoginForAdminDevEnvironment.groovy:18)
	at login.LoginForAdminDevEnvironment$login.call(Unknown Source)
	at Login.login(Login.groovy:37)
	at Login.invokeMethod(Login.groovy)
	at com.kms.katalon.core.context.internal.TestHooker.invokeMethod(TestHooker.java:111)
	at com.kms.katalon.core.context.internal.TestHooker.lambda$3(TestHooker.java:95)
	at com.kms.katalon.core.context.internal.TestHooker.invokeContextMethods(TestHooker.java:94)
	at com.kms.katalon.core.context.internal.TestListenerCollector.lambda$3(TestListenerCollector.java:88)
	at com.kms.katalon.core.context.internal.TestListenerCollector.handleListenerEvent(TestListenerCollector.java:85)
	at com.kms.katalon.core.context.internal.ExecutionEventManager.publicEvent(ExecutionEventManager.java:36)
	at com.kms.katalon.core.main.TestCaseExecutor.execute(TestCaseExecutor.java:221)
	at com.kms.katalon.core.main.TestSuiteExecutor.accessTestCaseMainPhase(TestSuiteExecutor.java:191)
	at com.kms.katalon.core.main.TestSuiteExecutor.accessTestSuiteMainPhase(TestSuiteExecutor.java:141)
	at com.kms.katalon.core.main.TestSuiteExecutor.execute(TestSuiteExecutor.java:90)
	at com.kms.katalon.core.main.TestCaseMain.startTestSuite(TestCaseMain.java:157)
	at com.kms.katalon.core.main.TestCaseMain$startTestSuite$0.call(Unknown Source)
	at TempTestSuite1610561623229.run(TempTestSuite1610561623229.groovy:39)
)

2021-01-13 13:46:15 - [MESSAGE][INFO] - Unable to find the element located by 'By.xpath: //input[@name='email']'. Please recheck the objects properties to make sure the desired element is located. 

2021-01-13 13:46:15 - [MESSAGE][WARNING] - com.kms.katalon.core.webui.exception.WebElementNotFoundException: Web element with id: 'Object Repository/Login Credentials/Email' located by '//input[@name='email']' not found (Root cause: com.kms.katalon.core.exception.StepFailedException: com.kms.katalon.core.webui.exception.WebElementNotFoundException: Web element with id: 'Object Repository/Login Credentials/Email' located by '//input[@name='email']' not found
	at com.kms.katalon.core.webui.keyword.internal.WebUIKeywordMain.stepFailed(WebUIKeywordMain.groovy:64)
	at com.kms.katalon.core.webui.keyword.builtin.VerifyElementPresentKeyword$_verifyElementPresent_closure1.doCall(VerifyElementPresentKeyword.groovy:85)
	at com.kms.katalon.core.webui.keyword.builtin.VerifyElementPresentKeyword$_verifyElementPresent_closure1.call(VerifyElementPresentKeyword.groovy)
	at com.kms.katalon.core.webui.keyword.internal.WebUIKeywordMain.runKeyword(WebUIKeywordMain.groovy:20)
	at com.kms.katalon.core.webui.keyword.builtin.VerifyElementPresentKeyword.verifyElementPresent(VerifyElementPresentKeyword.groovy:92)
	at com.kms.katalon.core.webui.keyword.builtin.VerifyElementPresentKeyword.execute(VerifyElementPresentKeyword.groovy:68)
	at com.kms.katalon.core.keyword.internal.KeywordExecutor.executeKeywordForPlatform(KeywordExecutor.groovy:73)
	at com.kms.katalon.core.webui.keyword.WebUiBuiltInKeywords.verifyElementPresent(WebUiBuiltInKeywords.groovy:1445)
	at com.kms.katalon.core.webui.keyword.WebUiBuiltInKeywords$verifyElementPresent$2.call(Unknown Source)
	at login.LoginForAdminDevEnvironment.login(LoginForAdminDevEnvironment.groovy:18)
	at login.LoginForAdminDevEnvironment$login.call(Unknown Source)
	at Login.login(Login.groovy:37)
	at Login.invokeMethod(Login.groovy)
	at com.kms.katalon.core.context.internal.TestHooker.invokeMethod(TestHooker.java:111)
	at com.kms.katalon.core.context.internal.TestHooker.lambda$3(TestHooker.java:95)
	at com.kms.katalon.core.context.internal.TestHooker.invokeContextMethods(TestHooker.java:94)
	at com.kms.katalon.core.context.internal.TestListenerCollector.lambda$3(TestListenerCollector.java:88)
	at com.kms.katalon.core.context.internal.TestListenerCollector.handleListenerEvent(TestListenerCollector.java:85)
	at com.kms.katalon.core.context.internal.ExecutionEventManager.publicEvent(ExecutionEventManager.java:36)
	at com.kms.katalon.core.main.TestCaseExecutor.execute(TestCaseExecutor.java:221)
	at com.kms.katalon.core.main.TestSuiteExecutor.accessTestCaseMainPhase(TestSuiteExecutor.java:191)
	at com.kms.katalon.core.main.TestSuiteExecutor.accessTestSuiteMainPhase(TestSuiteExecutor.java:141)
	at com.kms.katalon.core.main.TestSuiteExecutor.execute(TestSuiteExecutor.java:90)
	at com.kms.katalon.core.main.TestCaseMain.startTestSuite(TestCaseMain.java:157)
	at com.kms.katalon.core.main.TestCaseMain$startTestSuite$0.call(Unknown Source)
	at TempTestSuite1610561623229.run(TempTestSuite1610561623229.groovy:39)
)
[[ATTACHMENT|E:\\Modist\\ModistProject\\Reports\\20210113_131343\\AllTestCases\\20210113_131343\\1610563575021.png]]

2021-01-13 13:46:15 - [TEST_STEP][PASSED] - pages.Journey.clickOnJourneyTab(): pages.Journey.clickOnJourneyTab is PASSED

2021-01-13 13:46:15 - [MESSAGE][PASSED] - Object 'Object Repository/Journey/Journeytab' is present

2021-01-13 13:46:16 - [MESSAGE][PASSED] - Object 'Object Repository/Journey/Journeytab' is visible

2021-01-13 13:46:16 - [MESSAGE][PASSED] - Object 'Object Repository/Journey/Journeytab' is clickable

2021-01-13 13:46:16 - [MESSAGE][PASSED] - Object: 'Object Repository/Journey/Journeytab' is clicked on

2021-01-13 13:46:16 - [MESSAGE][PASSED] - pages.Journey.clickOnJourneyTab is PASSED

2021-01-13 13:46:16 - [TEST_STEP][PASSED] - journeyName = pages.Journey.getRandomJourneyName(): pages.Journey.getRandomJourneyName is PASSED

2021-01-13 13:46:17 - [MESSAGE][PASSED] - Object 'Object Repository/Journey/toGetJourneysCount' is present

2021-01-13 13:46:17 - [MESSAGE][PASSED] - Object 'Object Repository/Journey/toGetJourneysCount' is present

2021-01-13 13:46:18 - [MESSAGE][PASSED] - Text of object 'Object Repository/Journey/toPickrandomJourney(index)' is: 'DEMOJ'

2021-01-13 13:46:18 - [MESSAGE][PASSED] - pages.Journey.getRandomJourneyName is PASSED

2021-01-13 13:46:18 - [TEST_STEP][PASSED] - accessCode = pages.Journey.getExistingJourneyAccesscode(journeyName): pages.Journey.getExistingJourneyAccesscode is PASSED

2021-01-13 13:46:18 - [MESSAGE][PASSED] - Object 'Object Repository/Journey/journrySearchInput' is present

2021-01-13 13:46:19 - [MESSAGE][PASSED] - Object 'Object Repository/Journey/journrySearchInput' is visible

2021-01-13 13:46:19 - [MESSAGE][PASSED] - Object 'Object Repository/Journey/journrySearchInput' is clickable

2021-01-13 13:46:19 - [MESSAGE][PASSED] - Text of object 'Object Repository/Journey/journrySearchInput' is cleared

2021-01-13 13:46:20 - [MESSAGE][PASSED] - Keys '' sent to object: 'Object Repository/Journey/journrySearchInput'

2021-01-13 13:46:20 - [MESSAGE][PASSED] - Keys 'D' sent to object: 'Object Repository/Journey/journrySearchInput'

2021-01-13 13:46:21 - [MESSAGE][PASSED] - Keys 'E' sent to object: 'Object Repository/Journey/journrySearchInput'

2021-01-13 13:46:21 - [MESSAGE][PASSED] - Keys 'M' sent to object: 'Object Repository/Journey/journrySearchInput'

2021-01-13 13:46:22 - [MESSAGE][PASSED] - Keys 'O' sent to object: 'Object Repository/Journey/journrySearchInput'

2021-01-13 13:46:23 - [MESSAGE][PASSED] - Keys 'J' sent to object: 'Object Repository/Journey/journrySearchInput'

2021-01-13 13:46:23 - [MESSAGE][PASSED] - Object 'Object Repository/Journey/journrySearchInput' is present

2021-01-13 13:46:24 - [MESSAGE][PASSED] - Object 'Object Repository/Journey/journrySearchInput' is visible

2021-01-13 13:46:24 - [MESSAGE][PASSED] - Object 'Object Repository/Journey/journrySearchInput' is clickable

2021-01-13 13:46:25 - [MESSAGE][PASSED] - Text of object 'Object Repository/Journey/journrySearchInput' is cleared

2021-01-13 13:46:25 - [MESSAGE][PASSED] - Keys '' sent to object: 'Object Repository/Journey/journrySearchInput'

2021-01-13 13:46:26 - [MESSAGE][PASSED] - Keys 'D' sent to object: 'Object Repository/Journey/journrySearchInput'

2021-01-13 13:46:26 - [MESSAGE][PASSED] - Keys 'E' sent to object: 'Object Repository/Journey/journrySearchInput'

2021-01-13 13:46:27 - [MESSAGE][PASSED] - Keys 'M' sent to object: 'Object Repository/Journey/journrySearchInput'

2021-01-13 13:46:28 - [MESSAGE][PASSED] - Keys 'O' sent to object: 'Object Repository/Journey/journrySearchInput'

2021-01-13 13:46:29 - [MESSAGE][PASSED] - Keys 'J' sent to object: 'Object Repository/Journey/journrySearchInput'

2021-01-13 13:46:29 - [MESSAGE][PASSED] - Object 'Object Repository/Journey/clickVerifyingJourney(journeyName)' is present

2021-01-13 13:46:30 - [MESSAGE][PASSED] - Object 'Object Repository/Journey/clickVerifyingJourney(journeyName)' is visible

2021-01-13 13:46:30 - [MESSAGE][PASSED] - Object 'Object Repository/Journey/clickVerifyingJourney(journeyName)' is clickable

2021-01-13 13:46:31 - [MESSAGE][PASSED] - Object: 'Object Repository/Journey/clickVerifyingJourney(journeyName)' is clicked on

2021-01-13 13:46:31 - [MESSAGE][PASSED] - Scroll to object 'Object Repository/Journey/Current Access Codes/currentAccessCodeField' successfully

2021-01-13 13:46:33 - [MESSAGE][PASSED] - Object 'Object Repository/Journey/Current Access Codes/getAccessCodesCount' is present

2021-01-13 13:46:34 - [MESSAGE][PASSED] - Text of object 'Object Repository/Journey/Current Access Codes/getAccessCodeText(index)' is: 'access7'

2021-01-13 13:46:34 - [MESSAGE][PASSED] - pages.Journey.getExistingJourneyAccesscode is PASSED

2021-01-13 13:46:34 - [TEST_STEP][PASSED] - login.LoginForJourneyApplication.loginToJourneyApplication(): login.LoginForJourneyApplication.loginToJourneyApplication is PASSED

2021-01-13 13:46:34 - [MESSAGE][PASSED] - Navigate to 'https://qualitlabs.dev.modist.co/' successfully

2021-01-13 13:46:34 - [MESSAGE][PASSED] - login.LoginForJourneyApplication.loginToJourneyApplication is PASSED

2021-01-13 13:46:34 - [TEST_STEP][PASSED] - pages.Journey.enterAccessCodeInJourney(accessCode): pages.Journey.enterAccessCodeInJourney is PASSED

2021-01-13 13:46:34 - [MESSAGE][PASSED] - Object 'Object Repository/Journey/JourneyPortal/enterAccessCode' is present

2021-01-13 13:46:35 - [MESSAGE][PASSED] - Object 'Object Repository/Journey/JourneyPortal/enterAccessCode' is visible

2021-01-13 13:46:35 - [MESSAGE][PASSED] - Object 'Object Repository/Journey/JourneyPortal/enterAccessCode' is clickable

2021-01-13 13:46:36 - [MESSAGE][PASSED] - Text of object 'Object Repository/Journey/JourneyPortal/enterAccessCode' is cleared

2021-01-13 13:46:36 - [MESSAGE][PASSED] - Keys 'access7' sent to object: 'Object Repository/Journey/JourneyPortal/enterAccessCode'

2021-01-13 13:46:36 - [MESSAGE][PASSED] - pages.Journey.enterAccessCodeInJourney is PASSED

2021-01-13 13:46:36 - [TEST_STEP][PASSED] - pages.Journey.clickEnterButton(): pages.Journey.clickEnterButton is PASSED

2021-01-13 13:46:37 - [MESSAGE][PASSED] - Object 'Object Repository/Journey/JourneyPortal/EnterButton' is present

2021-01-13 13:46:37 - [MESSAGE][PASSED] - Object 'Object Repository/Journey/JourneyPortal/EnterButton' is visible

2021-01-13 13:46:37 - [MESSAGE][PASSED] - Object 'Object Repository/Journey/JourneyPortal/EnterButton' is clickable

2021-01-13 13:46:38 - [MESSAGE][PASSED] - Object: 'Object Repository/Journey/JourneyPortal/EnterButton' is clicked on

2021-01-13 13:46:38 - [MESSAGE][PASSED] - pages.Journey.clickEnterButton is PASSED

2021-01-13 13:46:38 - [TEST_STEP][PASSED] - pages.Journey.sectionPageVerification(): pages.Journey.sectionPageVerification is PASSED

2021-01-13 13:46:39 - [MESSAGE][PASSED] - Object 'Object Repository/Journey/JourneyPortal/Section/sectionPage' is present

2021-01-13 13:46:39 - [MESSAGE][PASSED] - pages.Journey.sectionPageVerification is PASSED

2021-01-13 13:46:39 - [TEST_STEP][PASSED] - pages.JourneyPortal.clickFullScreenIcon(): pages.JourneyPortal.clickFullScreenIcon is PASSED

2021-01-13 13:46:39 - [MESSAGE][PASSED] - Object 'Object Repository/Journey/JourneyPortal/Section/FullScreenIcon' is present

2021-01-13 13:46:40 - [MESSAGE][PASSED] - Object 'Object Repository/Journey/JourneyPortal/Section/FullScreenIcon' is visible

2021-01-13 13:46:40 - [MESSAGE][PASSED] - Object 'Object Repository/Journey/JourneyPortal/Section/FullScreenIcon' is clickable

2021-01-13 13:46:41 - [MESSAGE][PASSED] - Object: 'Object Repository/Journey/JourneyPortal/Section/FullScreenIcon' is clicked on

2021-01-13 13:46:41 - [MESSAGE][PASSED] - pages.JourneyPortal.clickFullScreenIcon is PASSED

2021-01-13 13:46:41 - [TEST_STEP][PASSED] - pages.JourneyPortal.verifyTheFullScreenView(): pages.JourneyPortal.verifyTheFullScreenView is PASSED

2021-01-13 13:46:41 - [MESSAGE][PASSED] - Object 'Object Repository/Journey/JourneyPortal/Section/verifyFullScreenView' is present

2021-01-13 13:46:41 - [MESSAGE][PASSED] - pages.JourneyPortal.verifyTheFullScreenView is PASSED]]></system-out>
         <system-err><![CDATA[]]></system-err>
      </testcase>
      <system-out><![CDATA[2021-01-13 13:13:46 - [TEST_SUITE][FAILED] - AllTestCases: Test Cases/Admin/Product/verifyDragAndDropFunctionalityInRelatedAssets FAILED.
Reason:
com.kms.katalon.core.exception.StepFailedException: Actual object '3' and expected object '1' are not equal
	at com.kms.katalon.core.keyword.builtin.VerifyEqualKeyword$_verifyEqual_closure1.doCall(VerifyEqualKeyword.groovy:58)
	at com.kms.katalon.core.keyword.builtin.VerifyEqualKeyword$_verifyEqual_closure1.call(VerifyEqualKeyword.groovy)
	at com.kms.katalon.core.keyword.internal.KeywordMain.runKeyword(KeywordMain.groovy:68)
	at com.kms.katalon.core.keyword.builtin.VerifyEqualKeyword.verifyEqual(VerifyEqualKeyword.groovy:63)
	at com.kms.katalon.core.keyword.builtin.VerifyEqualKeyword.execute(VerifyEqualKeyword.groovy:44)
	at com.kms.katalon.core.keyword.internal.KeywordExecutor.executeKeywordForPlatform(KeywordExecutor.groovy:73)
	at com.kms.katalon.core.keyword.BuiltinKeywords.verifyEqual(BuiltinKeywords.groovy:126)
	at pages.Product.changePositionOfItemInRelatedAssets(Product.groovy:278)
	at pages.Product.invokeMethod(Product.groovy)
	at com.kms.katalon.core.main.CustomKeywordDelegatingMetaClass.invokeStaticMethod(CustomKeywordDelegatingMetaClass.java:50)
	at verifyDragAndDropFunctionalityInRelatedAssets.run(verifyDragAndDropFunctionalityInRelatedAssets:25)
	at com.kms.katalon.core.main.ScriptEngine.run(ScriptEngine.java:194)
	at com.kms.katalon.core.main.ScriptEngine.runScriptAsRawText(ScriptEngine.java:119)
	at com.kms.katalon.core.main.TestCaseExecutor.runScript(TestCaseExecutor.java:339)
	at com.kms.katalon.core.main.TestCaseExecutor.doExecute(TestCaseExecutor.java:330)
	at com.kms.katalon.core.main.TestCaseExecutor.processExecutionPhase(TestCaseExecutor.java:309)
	at com.kms.katalon.core.main.TestCaseExecutor.accessMainPhase(TestCaseExecutor.java:301)
	at com.kms.katalon.core.main.TestCaseExecutor.execute(TestCaseExecutor.java:235)
	at com.kms.katalon.core.main.TestSuiteExecutor.accessTestCaseMainPhase(TestSuiteExecutor.java:191)
	at com.kms.katalon.core.main.TestSuiteExecutor.accessTestSuiteMainPhase(TestSuiteExecutor.java:141)
	at com.kms.katalon.core.main.TestSuiteExecutor.execute(TestSuiteExecutor.java:90)
	at com.kms.katalon.core.main.TestCaseMain.startTestSuite(TestCaseMain.java:157)
	at com.kms.katalon.core.main.TestCaseMain$startTestSuite$0.call(Unknown Source)
	at TempTestSuite1610561623229.run(TempTestSuite1610561623229.groovy:39)]]></system-out>
      <system-err><![CDATA[2021-01-13 13:13:46 - [TEST_SUITE][FAILED] - AllTestCases: Test Cases/Admin/Product/verifyDragAndDropFunctionalityInRelatedAssets FAILED.
Reason:
com.kms.katalon.core.exception.StepFailedException: Actual object '3' and expected object '1' are not equal
	at com.kms.katalon.core.keyword.builtin.VerifyEqualKeyword$_verifyEqual_closure1.doCall(VerifyEqualKeyword.groovy:58)
	at com.kms.katalon.core.keyword.builtin.VerifyEqualKeyword$_verifyEqual_closure1.call(VerifyEqualKeyword.groovy)
	at com.kms.katalon.core.keyword.internal.KeywordMain.runKeyword(KeywordMain.groovy:68)
	at com.kms.katalon.core.keyword.builtin.VerifyEqualKeyword.verifyEqual(VerifyEqualKeyword.groovy:63)
	at com.kms.katalon.core.keyword.builtin.VerifyEqualKeyword.execute(VerifyEqualKeyword.groovy:44)
	at com.kms.katalon.core.keyword.internal.KeywordExecutor.executeKeywordForPlatform(KeywordExecutor.groovy:73)
	at com.kms.katalon.core.keyword.BuiltinKeywords.verifyEqual(BuiltinKeywords.groovy:126)
	at pages.Product.changePositionOfItemInRelatedAssets(Product.groovy:278)
	at pages.Product.invokeMethod(Product.groovy)
	at com.kms.katalon.core.main.CustomKeywordDelegatingMetaClass.invokeStaticMethod(CustomKeywordDelegatingMetaClass.java:50)
	at verifyDragAndDropFunctionalityInRelatedAssets.run(verifyDragAndDropFunctionalityInRelatedAssets:25)
	at com.kms.katalon.core.main.ScriptEngine.run(ScriptEngine.java:194)
	at com.kms.katalon.core.main.ScriptEngine.runScriptAsRawText(ScriptEngine.java:119)
	at com.kms.katalon.core.main.TestCaseExecutor.runScript(TestCaseExecutor.java:339)
	at com.kms.katalon.core.main.TestCaseExecutor.doExecute(TestCaseExecutor.java:330)
	at com.kms.katalon.core.main.TestCaseExecutor.processExecutionPhase(TestCaseExecutor.java:309)
	at com.kms.katalon.core.main.TestCaseExecutor.accessMainPhase(TestCaseExecutor.java:301)
	at com.kms.katalon.core.main.TestCaseExecutor.execute(TestCaseExecutor.java:235)
	at com.kms.katalon.core.main.TestSuiteExecutor.accessTestCaseMainPhase(TestSuiteExecutor.java:191)
	at com.kms.katalon.core.main.TestSuiteExecutor.accessTestSuiteMainPhase(TestSuiteExecutor.java:141)
	at com.kms.katalon.core.main.TestSuiteExecutor.execute(TestSuiteExecutor.java:90)
	at com.kms.katalon.core.main.TestCaseMain.startTestSuite(TestCaseMain.java:157)
	at com.kms.katalon.core.main.TestCaseMain$startTestSuite$0.call(Unknown Source)
	at TempTestSuite1610561623229.run(TempTestSuite1610561623229.groovy:39)]]></system-err>
   </testsuite>
</testsuites>
