<?xml version="1.0" encoding="UTF-8"?>
<testsuites name="Journey" time="250.621" tests="5" failures="0" errors="0">
   <testsuite name="Journey" tests="5" failures="0" errors="0" time="250.621" timestamp="2021-01-08 04:05:04" hostname="Lenovo - DESKTOP-H3LAPEO" id="Test Suites/Journey">
      <properties>
         <property name="deviceName" value=""/>
         <property name="devicePlatform" value=""/>
         <property name="logFolder" value="E:\\Modist Project\\ModistProject\\Reports\\20210108_040501\\Journey\\20210108_040501"/>
         <property name="logFiles" value="E:\\Modist Project\\ModistProject\\Reports\\20210108_040501\\Journey\\20210108_040501\\execution0.log"/>
         <property name="attachments" value=""/>
         <property name="hostName" value="Lenovo - DESKTOP-H3LAPEO"/>
         <property name="os" value="Windows 10 64bit"/>
         <property name="katalonVersion" value="7.7.0.205"/>
         <property name="browser" value="Chrome 87.0.4280.141"/>
         <property name="hostAddress" value="192.168.43.128"/>
         <property name="sessionId" value="c9d4c6e89798367e352661c413571943"/>
         <property name="seleniumVersion" value="3.141.59"/>
         <property name="proxyInformation" value="ProxyInformation { proxyOption=NO_PROXY, proxyServerType=HTTP, username=, password=********, proxyServerAddress=, proxyServerPort=0, executionList=&quot;&quot;, isApplyToDesiredCapabilities=true }"/>
         <property name="platform" value="Windows 10"/>
      </properties>
      <testcase name="Test Cases/Admin/Journey/addJournyAndVerifyItisAdded" time="46.368" classname="Test Cases/Admin/Journey/addJournyAndVerifyItisAdded" status="PASSED">
         <system-out><![CDATA[2021-01-08 04:05:05 - [TEST_CASE][PASSED] - Test Cases/Admin/Journey/addJournyAndVerifyItisAdded: Test Cases/Admin/Journey/addJournyAndVerifyItisAdded

2021-01-08 04:05:05 - [TEST_STEP][PASSED] - Start listener action : OpenWebSite: Object: 'Object Repository/Login Credentials/EnterButton' is clicked on

2021-01-08 04:05:05 - [TEST_STEP][PASSED] - openBrowser(""): Browser is opened with url: ''

2021-01-08 04:05:05 - [MESSAGE][INFO] - Starting 'Chrome' driver

2021-01-08 04:05:05 - [MESSAGE][INFO] - Action delay is set to 0 milliseconds

2021-01-08 04:05:11 - [MESSAGE][PASSED] - Browser is opened with url: ''

2021-01-08 04:05:11 - [TEST_STEP][PASSED] - maximizeWindow(): Current window maximized

2021-01-08 04:05:13 - [MESSAGE][PASSED] - Current window maximized

2021-01-08 04:05:13 - [TEST_STEP][PASSED] - navigateToUrl(Url): Navigate to 'https://dev-admin.modist.co/' successfully

2021-01-08 04:05:34 - [MESSAGE][PASSED] - Navigate to 'https://dev-admin.modist.co/' successfully

2021-01-08 04:05:34 - [TEST_STEP][PASSED] - loginPage.login(Email, Password): Object: 'Object Repository/Login Credentials/EnterButton' is clicked on

2021-01-08 04:05:34 - [MESSAGE][PASSED] - Object 'Object Repository/Login Credentials/Email' is present

2021-01-08 04:05:35 - [MESSAGE][PASSED] - Object 'Object Repository/Login Credentials/Email' is visible

2021-01-08 04:05:35 - [MESSAGE][PASSED] - Object 'Object Repository/Login Credentials/Email' is clickable

2021-01-08 04:05:35 - [MESSAGE][PASSED] - Text of object 'Object Repository/Login Credentials/Email' is cleared

2021-01-08 04:05:36 - [MESSAGE][PASSED] - Keys 'naresh.k@qualitlabs.com' sent to object: 'Object Repository/Login Credentials/Email'

2021-01-08 04:05:36 - [MESSAGE][PASSED] - Object 'Object Repository/Login Credentials/Password' is present

2021-01-08 04:05:36 - [MESSAGE][PASSED] - Object 'Object Repository/Login Credentials/Password' is visible

2021-01-08 04:05:37 - [MESSAGE][PASSED] - Object 'Object Repository/Login Credentials/Password' is clickable

2021-01-08 04:05:37 - [MESSAGE][PASSED] - Text of object 'Object Repository/Login Credentials/Password' is cleared

2021-01-08 04:05:37 - [MESSAGE][PASSED] - Keys 'Qualitlabs1?' sent to object: 'Object Repository/Login Credentials/Password'

2021-01-08 04:05:37 - [MESSAGE][PASSED] - Object 'Object Repository/Login Credentials/EnterButton' is present

2021-01-08 04:05:38 - [MESSAGE][PASSED] - Object 'Object Repository/Login Credentials/EnterButton' is visible

2021-01-08 04:05:38 - [MESSAGE][PASSED] - Object 'Object Repository/Login Credentials/EnterButton' is clickable

2021-01-08 04:05:38 - [MESSAGE][PASSED] - Object: 'Object Repository/Login Credentials/EnterButton' is clicked on

2021-01-08 04:05:38 - [TEST_STEP][PASSED] - pages.Journey.clickOnJourneyTab(): pages.Journey.clickOnJourneyTab is PASSED

2021-01-08 04:05:40 - [MESSAGE][PASSED] - Object 'Object Repository/Journey/Journeytab' is present

2021-01-08 04:05:41 - [MESSAGE][PASSED] - Object 'Object Repository/Journey/Journeytab' is visible

2021-01-08 04:05:41 - [MESSAGE][PASSED] - Object 'Object Repository/Journey/Journeytab' is clickable

2021-01-08 04:05:41 - [MESSAGE][PASSED] - Object: 'Object Repository/Journey/Journeytab' is clicked on

2021-01-08 04:05:41 - [MESSAGE][PASSED] - pages.Journey.clickOnJourneyTab is PASSED

2021-01-08 04:05:41 - [TEST_STEP][PASSED] - journeyName = pages.Journey.addJorney(): pages.Journey.addJorney is PASSED

2021-01-08 04:05:42 - [MESSAGE][PASSED] - Object 'Object Repository/Journey/Add Journey/AddJourneyButton' is present

2021-01-08 04:05:42 - [MESSAGE][PASSED] - Object 'Object Repository/Journey/Add Journey/AddJourneyButton' is visible

2021-01-08 04:05:42 - [MESSAGE][PASSED] - Object 'Object Repository/Journey/Add Journey/AddJourneyButton' is clickable

2021-01-08 04:05:43 - [MESSAGE][PASSED] - Object: 'Object Repository/Journey/Add Journey/AddJourneyButton' is clicked on

2021-01-08 04:05:43 - [MESSAGE][PASSED] - Object 'Object Repository/Journey/Add Journey/journeyName' is present

2021-01-08 04:05:43 - [MESSAGE][PASSED] - Object 'Object Repository/Journey/Add Journey/journeyName' is visible

2021-01-08 04:05:44 - [MESSAGE][PASSED] - Object 'Object Repository/Journey/Add Journey/journeyName' is clickable

2021-01-08 04:05:44 - [MESSAGE][PASSED] - Text of object 'Object Repository/Journey/Add Journey/journeyName' is cleared

2021-01-08 04:05:44 - [MESSAGE][PASSED] - Keys 'journeyName997' sent to object: 'Object Repository/Journey/Add Journey/journeyName'

2021-01-08 04:05:45 - [MESSAGE][PASSED] - Object 'Object Repository/Journey/Add Journey/addJourneyInAddJourneyPopUp' is present

2021-01-08 04:05:45 - [MESSAGE][PASSED] - Object 'Object Repository/Journey/Add Journey/addJourneyInAddJourneyPopUp' is visible

2021-01-08 04:05:45 - [MESSAGE][PASSED] - Object 'Object Repository/Journey/Add Journey/addJourneyInAddJourneyPopUp' is clickable

2021-01-08 04:05:46 - [MESSAGE][PASSED] - Object: 'Object Repository/Journey/Add Journey/addJourneyInAddJourneyPopUp' is clicked on

2021-01-08 04:05:46 - [MESSAGE][PASSED] - pages.Journey.addJorney is PASSED

2021-01-08 04:05:46 - [TEST_STEP][PASSED] - pages.Journey.verifyJourneyAdded(journeyName): pages.Journey.verifyJourneyAdded is PASSED

2021-01-08 04:05:46 - [MESSAGE][PASSED] - Object 'Object Repository/Journey/journrySearchInput' is present

2021-01-08 04:05:47 - [MESSAGE][PASSED] - Object 'Object Repository/Journey/journrySearchInput' is visible

2021-01-08 04:05:47 - [MESSAGE][PASSED] - Object 'Object Repository/Journey/journrySearchInput' is clickable

2021-01-08 04:05:48 - [MESSAGE][PASSED] - Text of object 'Object Repository/Journey/journrySearchInput' is cleared

2021-01-08 04:05:48 - [MESSAGE][PASSED] - Keys 'journeyName997' sent to object: 'Object Repository/Journey/journrySearchInput'

2021-01-08 04:05:51 - [MESSAGE][PASSED] - Object 'Object Repository/Journey/JourneyName(journeyName)' is present

2021-01-08 04:05:51 - [MESSAGE][PASSED] - pages.Journey.verifyJourneyAdded is PASSED]]></system-out>
         <system-err><![CDATA[]]></system-err>
      </testcase>
      <testcase name="Test Cases/Admin/Journey/cloneJourneyAndVerifyisitCloned" time="68.26" classname="Test Cases/Admin/Journey/cloneJourneyAndVerifyisitCloned" status="PASSED">
         <system-out><![CDATA[2021-01-08 04:05:51 - [TEST_CASE][PASSED] - Test Cases/Admin/Journey/cloneJourneyAndVerifyisitCloned: Test Cases/Admin/Journey/cloneJourneyAndVerifyisitCloned

2021-01-08 04:05:51 - [TEST_STEP][PASSED] - Start listener action : OpenWebSite: Object: 'Object Repository/Login Credentials/EnterButton' is clicked on

2021-01-08 04:05:51 - [TEST_STEP][PASSED] - openBrowser(""): Browser is opened with url: ''

2021-01-08 04:05:51 - [MESSAGE][WARNING] - A browser is already opened. Closing browser and opening a new one

2021-01-08 04:05:52 - [MESSAGE][INFO] - Starting 'Chrome' driver

2021-01-08 04:05:52 - [MESSAGE][INFO] - Action delay is set to 0 milliseconds

2021-01-08 04:05:55 - [MESSAGE][PASSED] - Browser is opened with url: ''

2021-01-08 04:05:55 - [TEST_STEP][PASSED] - maximizeWindow(): Current window maximized

2021-01-08 04:05:58 - [MESSAGE][PASSED] - Current window maximized

2021-01-08 04:05:58 - [TEST_STEP][PASSED] - navigateToUrl(Url): Navigate to 'https://dev-admin.modist.co/' successfully

2021-01-08 04:06:08 - [MESSAGE][PASSED] - Navigate to 'https://dev-admin.modist.co/' successfully

2021-01-08 04:06:08 - [TEST_STEP][PASSED] - loginPage.login(Email, Password): Object: 'Object Repository/Login Credentials/EnterButton' is clicked on

2021-01-08 04:06:08 - [MESSAGE][PASSED] - Object 'Object Repository/Login Credentials/Email' is present

2021-01-08 04:06:08 - [MESSAGE][PASSED] - Object 'Object Repository/Login Credentials/Email' is visible

2021-01-08 04:06:08 - [MESSAGE][PASSED] - Object 'Object Repository/Login Credentials/Email' is clickable

2021-01-08 04:06:09 - [MESSAGE][PASSED] - Text of object 'Object Repository/Login Credentials/Email' is cleared

2021-01-08 04:06:09 - [MESSAGE][PASSED] - Keys 'naresh.k@qualitlabs.com' sent to object: 'Object Repository/Login Credentials/Email'

2021-01-08 04:06:09 - [MESSAGE][PASSED] - Object 'Object Repository/Login Credentials/Password' is present

2021-01-08 04:06:10 - [MESSAGE][PASSED] - Object 'Object Repository/Login Credentials/Password' is visible

2021-01-08 04:06:10 - [MESSAGE][PASSED] - Object 'Object Repository/Login Credentials/Password' is clickable

2021-01-08 04:06:10 - [MESSAGE][PASSED] - Text of object 'Object Repository/Login Credentials/Password' is cleared

2021-01-08 04:06:10 - [MESSAGE][PASSED] - Keys 'Qualitlabs1?' sent to object: 'Object Repository/Login Credentials/Password'

2021-01-08 04:06:11 - [MESSAGE][PASSED] - Object 'Object Repository/Login Credentials/EnterButton' is present

2021-01-08 04:06:11 - [MESSAGE][PASSED] - Object 'Object Repository/Login Credentials/EnterButton' is visible

2021-01-08 04:06:11 - [MESSAGE][PASSED] - Object 'Object Repository/Login Credentials/EnterButton' is clickable

2021-01-08 04:06:12 - [MESSAGE][PASSED] - Object: 'Object Repository/Login Credentials/EnterButton' is clicked on

2021-01-08 04:06:12 - [TEST_STEP][PASSED] - pages.Journey.clickOnJourneyTab(): pages.Journey.clickOnJourneyTab is PASSED

2021-01-08 04:06:14 - [MESSAGE][PASSED] - Object 'Object Repository/Journey/Journeytab' is present

2021-01-08 04:06:14 - [MESSAGE][PASSED] - Object 'Object Repository/Journey/Journeytab' is visible

2021-01-08 04:06:14 - [MESSAGE][PASSED] - Object 'Object Repository/Journey/Journeytab' is clickable

2021-01-08 04:06:15 - [MESSAGE][PASSED] - Object: 'Object Repository/Journey/Journeytab' is clicked on

2021-01-08 04:06:15 - [MESSAGE][PASSED] - pages.Journey.clickOnJourneyTab is PASSED

2021-01-08 04:06:15 - [TEST_STEP][PASSED] - journeyName = pages.Journey.addJorney(): pages.Journey.addJorney is PASSED

2021-01-08 04:06:15 - [MESSAGE][PASSED] - Object 'Object Repository/Journey/Add Journey/AddJourneyButton' is present

2021-01-08 04:06:15 - [MESSAGE][PASSED] - Object 'Object Repository/Journey/Add Journey/AddJourneyButton' is visible

2021-01-08 04:06:16 - [MESSAGE][PASSED] - Object 'Object Repository/Journey/Add Journey/AddJourneyButton' is clickable

2021-01-08 04:06:16 - [MESSAGE][PASSED] - Object: 'Object Repository/Journey/Add Journey/AddJourneyButton' is clicked on

2021-01-08 04:06:16 - [MESSAGE][PASSED] - Object 'Object Repository/Journey/Add Journey/journeyName' is present

2021-01-08 04:06:17 - [MESSAGE][PASSED] - Object 'Object Repository/Journey/Add Journey/journeyName' is visible

2021-01-08 04:06:17 - [MESSAGE][PASSED] - Object 'Object Repository/Journey/Add Journey/journeyName' is clickable

2021-01-08 04:06:17 - [MESSAGE][PASSED] - Text of object 'Object Repository/Journey/Add Journey/journeyName' is cleared

2021-01-08 04:06:18 - [MESSAGE][PASSED] - Keys 'journeyName419' sent to object: 'Object Repository/Journey/Add Journey/journeyName'

2021-01-08 04:06:18 - [MESSAGE][PASSED] - Object 'Object Repository/Journey/Add Journey/addJourneyInAddJourneyPopUp' is present

2021-01-08 04:06:19 - [MESSAGE][PASSED] - Object 'Object Repository/Journey/Add Journey/addJourneyInAddJourneyPopUp' is visible

2021-01-08 04:06:19 - [MESSAGE][PASSED] - Object 'Object Repository/Journey/Add Journey/addJourneyInAddJourneyPopUp' is clickable

2021-01-08 04:06:19 - [MESSAGE][PASSED] - Object: 'Object Repository/Journey/Add Journey/addJourneyInAddJourneyPopUp' is clicked on

2021-01-08 04:06:19 - [MESSAGE][PASSED] - pages.Journey.addJorney is PASSED

2021-01-08 04:06:19 - [TEST_STEP][PASSED] - pages.Journey.cloneJourney(journeyName): pages.Journey.cloneJourney is PASSED

2021-01-08 04:06:20 - [MESSAGE][PASSED] - Object 'Object Repository/Journey/journrySearchInput' is present

2021-01-08 04:06:20 - [MESSAGE][PASSED] - Object 'Object Repository/Journey/journrySearchInput' is visible

2021-01-08 04:06:21 - [MESSAGE][PASSED] - Object 'Object Repository/Journey/journrySearchInput' is clickable

2021-01-08 04:06:21 - [MESSAGE][PASSED] - Text of object 'Object Repository/Journey/journrySearchInput' is cleared

2021-01-08 04:06:22 - [MESSAGE][PASSED] - Keys 'journeyName419' sent to object: 'Object Repository/Journey/journrySearchInput'

2021-01-08 04:06:52 - [MESSAGE][PASSED] - Delayed 30 second(s)

2021-01-08 04:06:52 - [MESSAGE][PASSED] - Object 'Object Repository/Journey/journey cloning/threedots(journeyName)' is present

2021-01-08 04:06:52 - [MESSAGE][PASSED] - Object 'Object Repository/Journey/journey cloning/threedots(journeyName)' is visible

2021-01-08 04:06:53 - [MESSAGE][PASSED] - Object 'Object Repository/Journey/journey cloning/threedots(journeyName)' is clickable

2021-01-08 04:06:53 - [MESSAGE][PASSED] - Object: 'Object Repository/Journey/journey cloning/threedots(journeyName)' is clicked on

2021-01-08 04:06:54 - [MESSAGE][PASSED] - Object 'Object Repository/Journey/journey cloning/cloneButton' is present

2021-01-08 04:06:54 - [MESSAGE][PASSED] - Object 'Object Repository/Journey/journey cloning/cloneButton' is visible

2021-01-08 04:06:54 - [MESSAGE][PASSED] - Object 'Object Repository/Journey/journey cloning/cloneButton' is clickable

2021-01-08 04:06:54 - [MESSAGE][PASSED] - Object: 'Object Repository/Journey/journey cloning/cloneButton' is clicked on

2021-01-08 04:06:54 - [MESSAGE][PASSED] - pages.Journey.cloneJourney is PASSED

2021-01-08 04:06:54 - [TEST_STEP][PASSED] - pages.Journey.verifyJourneyCloned(journeyName): pages.Journey.verifyJourneyCloned is PASSED

2021-01-08 04:06:55 - [MESSAGE][PASSED] - Object 'Object Repository/Journey/journrySearchInput' is present

2021-01-08 04:06:55 - [MESSAGE][PASSED] - Object 'Object Repository/Journey/journrySearchInput' is visible

2021-01-08 04:06:55 - [MESSAGE][PASSED] - Object 'Object Repository/Journey/journrySearchInput' is clickable

2021-01-08 04:06:55 - [MESSAGE][PASSED] - Text of object 'Object Repository/Journey/journrySearchInput' is cleared

2021-01-08 04:06:57 - [MESSAGE][PASSED] - Keys 'journeyName419 (duplicate)' sent to object: 'Object Repository/Journey/journrySearchInput'

2021-01-08 04:06:59 - [MESSAGE][PASSED] - Object 'Object Repository/Journey/journey cloning/clonedJourney(journeyName)' is present

2021-01-08 04:06:59 - [MESSAGE][PASSED] - Object 'Object Repository/Journey/journey cloning/clonedJourney(journeyName)' is present

2021-01-08 04:06:59 - [MESSAGE][PASSED] - pages.Journey.verifyJourneyCloned is PASSED]]></system-out>
         <system-err><![CDATA[]]></system-err>
      </testcase>
      <testcase name="Test Cases/Admin/Journey/createAccessCodeForJourneyAndVerifyIsTheCodeSuccessfullyCreated" time="64.765" classname="Test Cases/Admin/Journey/createAccessCodeForJourneyAndVerifyIsTheCodeSuccessfullyCreated" status="PASSED">
         <system-out><![CDATA[2021-01-08 04:06:59 - [TEST_CASE][PASSED] - Test Cases/Admin/Journey/createAccessCodeForJourneyAndVerifyIsTheCodeSuccessfullyCreated: Test Cases/Admin/Journey/createAccessCodeForJourneyAndVerifyIsTheCodeSuccessfullyCreated

2021-01-08 04:06:59 - [TEST_STEP][PASSED] - Start listener action : OpenWebSite: Object: 'Object Repository/Login Credentials/EnterButton' is clicked on

2021-01-08 04:06:59 - [TEST_STEP][PASSED] - openBrowser(""): Browser is opened with url: ''

2021-01-08 04:06:59 - [MESSAGE][WARNING] - A browser is already opened. Closing browser and opening a new one

2021-01-08 04:07:00 - [MESSAGE][INFO] - Starting 'Chrome' driver

2021-01-08 04:07:00 - [MESSAGE][INFO] - Action delay is set to 0 milliseconds

2021-01-08 04:07:04 - [MESSAGE][PASSED] - Browser is opened with url: ''

2021-01-08 04:07:04 - [TEST_STEP][PASSED] - maximizeWindow(): Current window maximized

2021-01-08 04:07:06 - [MESSAGE][PASSED] - Current window maximized

2021-01-08 04:07:06 - [TEST_STEP][PASSED] - navigateToUrl(Url): Navigate to 'https://dev-admin.modist.co/' successfully

2021-01-08 04:07:18 - [MESSAGE][PASSED] - Navigate to 'https://dev-admin.modist.co/' successfully

2021-01-08 04:07:18 - [TEST_STEP][PASSED] - loginPage.login(Email, Password): Object: 'Object Repository/Login Credentials/EnterButton' is clicked on

2021-01-08 04:07:19 - [MESSAGE][PASSED] - Object 'Object Repository/Login Credentials/Email' is present

2021-01-08 04:07:19 - [MESSAGE][PASSED] - Object 'Object Repository/Login Credentials/Email' is visible

2021-01-08 04:07:19 - [MESSAGE][PASSED] - Object 'Object Repository/Login Credentials/Email' is clickable

2021-01-08 04:07:19 - [MESSAGE][PASSED] - Text of object 'Object Repository/Login Credentials/Email' is cleared

2021-01-08 04:07:20 - [MESSAGE][PASSED] - Keys 'naresh.k@qualitlabs.com' sent to object: 'Object Repository/Login Credentials/Email'

2021-01-08 04:07:20 - [MESSAGE][PASSED] - Object 'Object Repository/Login Credentials/Password' is present

2021-01-08 04:07:20 - [MESSAGE][PASSED] - Object 'Object Repository/Login Credentials/Password' is visible

2021-01-08 04:07:21 - [MESSAGE][PASSED] - Object 'Object Repository/Login Credentials/Password' is clickable

2021-01-08 04:07:21 - [MESSAGE][PASSED] - Text of object 'Object Repository/Login Credentials/Password' is cleared

2021-01-08 04:07:21 - [MESSAGE][PASSED] - Keys 'Qualitlabs1?' sent to object: 'Object Repository/Login Credentials/Password'

2021-01-08 04:07:22 - [MESSAGE][PASSED] - Object 'Object Repository/Login Credentials/EnterButton' is present

2021-01-08 04:07:22 - [MESSAGE][PASSED] - Object 'Object Repository/Login Credentials/EnterButton' is visible

2021-01-08 04:07:22 - [MESSAGE][PASSED] - Object 'Object Repository/Login Credentials/EnterButton' is clickable

2021-01-08 04:07:22 - [MESSAGE][PASSED] - Object: 'Object Repository/Login Credentials/EnterButton' is clicked on

2021-01-08 04:07:23 - [TEST_STEP][PASSED] - pages.Journey.clickOnJourneyTab(): pages.Journey.clickOnJourneyTab is PASSED

2021-01-08 04:07:24 - [MESSAGE][PASSED] - Object 'Object Repository/Journey/Journeytab' is present

2021-01-08 04:07:25 - [MESSAGE][PASSED] - Object 'Object Repository/Journey/Journeytab' is visible

2021-01-08 04:07:25 - [MESSAGE][PASSED] - Object 'Object Repository/Journey/Journeytab' is clickable

2021-01-08 04:07:26 - [MESSAGE][PASSED] - Object: 'Object Repository/Journey/Journeytab' is clicked on

2021-01-08 04:07:26 - [MESSAGE][PASSED] - pages.Journey.clickOnJourneyTab is PASSED

2021-01-08 04:07:26 - [TEST_STEP][PASSED] - journeyName = pages.Journey.getRandomJourneyName(): pages.Journey.getRandomJourneyName is PASSED

2021-01-08 04:07:31 - [MESSAGE][PASSED] - Delayed 5 second(s)

2021-01-08 04:07:31 - [MESSAGE][PASSED] - Object 'Object Repository/Journey/toGetJourneysCount' is present

2021-01-08 04:07:31 - [MESSAGE][PASSED] - Text of object 'Object Repository/Journey/toPickrandomJourney(index)' is: 'JO8'

2021-01-08 04:07:31 - [MESSAGE][PASSED] - pages.Journey.getRandomJourneyName is PASSED

2021-01-08 04:07:31 - [TEST_STEP][PASSED] - accessCode = pages.Journey.getRandomAccessCode(): pages.Journey.getRandomAccessCode is PASSED

2021-01-08 04:07:31 - [MESSAGE][PASSED] - pages.Journey.getRandomAccessCode is PASSED

2021-01-08 04:07:31 - [TEST_STEP][PASSED] - useLimit = pages.Journey.getRandomCount(): pages.Journey.getRandomCount is PASSED

2021-01-08 04:07:31 - [MESSAGE][PASSED] - pages.Journey.getRandomCount is PASSED

2021-01-08 04:07:31 - [TEST_STEP][PASSED] - accessCode = pages.Journey.createAccessCodeInJourney(journeyName, accessCode, useLimit): pages.Journey.createAccessCodeInJourney is PASSED

2021-01-08 04:07:32 - [MESSAGE][PASSED] - Object 'Object Repository/Journey/journrySearchInput' is present

2021-01-08 04:07:32 - [MESSAGE][PASSED] - Object 'Object Repository/Journey/journrySearchInput' is visible

2021-01-08 04:07:32 - [MESSAGE][PASSED] - Object 'Object Repository/Journey/journrySearchInput' is clickable

2021-01-08 04:07:32 - [MESSAGE][PASSED] - Text of object 'Object Repository/Journey/journrySearchInput' is cleared

2021-01-08 04:07:33 - [MESSAGE][PASSED] - Keys 'JO8' sent to object: 'Object Repository/Journey/journrySearchInput'

2021-01-08 04:07:33 - [MESSAGE][PASSED] - Object 'Object Repository/Journey/clickVerifyingJourney(journeyName)' is present

2021-01-08 04:07:34 - [MESSAGE][PASSED] - Object 'Object Repository/Journey/clickVerifyingJourney(journeyName)' is visible

2021-01-08 04:07:34 - [MESSAGE][PASSED] - Object 'Object Repository/Journey/clickVerifyingJourney(journeyName)' is clickable

2021-01-08 04:07:35 - [MESSAGE][PASSED] - Object: 'Object Repository/Journey/clickVerifyingJourney(journeyName)' is clicked on

2021-01-08 04:07:36 - [MESSAGE][PASSED] - Scroll to object 'Object Repository/Journey/Current Access Codes/currentAccessCodeField' successfully

2021-01-08 04:07:37 - [MESSAGE][PASSED] - Object 'Object Repository/Journey/Current Access Codes/plusButton' is present

2021-01-08 04:07:37 - [MESSAGE][PASSED] - Object 'Object Repository/Journey/Current Access Codes/plusButton' is visible

2021-01-08 04:07:37 - [MESSAGE][PASSED] - Object 'Object Repository/Journey/Current Access Codes/plusButton' is clickable

2021-01-08 04:07:38 - [MESSAGE][PASSED] - Object: 'Object Repository/Journey/Current Access Codes/plusButton' is clicked on

2021-01-08 04:07:38 - [MESSAGE][PASSED] - Object 'Object Repository/Journey/Current Access Codes/accessCode' is present

2021-01-08 04:07:38 - [MESSAGE][PASSED] - Object 'Object Repository/Journey/Current Access Codes/accessCode' is visible

2021-01-08 04:07:39 - [MESSAGE][PASSED] - Object 'Object Repository/Journey/Current Access Codes/accessCode' is clickable

2021-01-08 04:07:39 - [MESSAGE][PASSED] - Text of object 'Object Repository/Journey/Current Access Codes/accessCode' is cleared

2021-01-08 04:07:39 - [MESSAGE][PASSED] - Keys 'access14' sent to object: 'Object Repository/Journey/Current Access Codes/accessCode'

2021-01-08 04:07:40 - [MESSAGE][PASSED] - Keys '7' sent to object: 'Object Repository/Journey/Current Access Codes/codeUsageCount'

2021-01-08 04:07:40 - [MESSAGE][PASSED] - Object 'Object Repository/Journey/Current Access Codes/getCodeButton' is present

2021-01-08 04:07:40 - [MESSAGE][PASSED] - Object 'Object Repository/Journey/Current Access Codes/getCodeButton' is visible

2021-01-08 04:07:40 - [MESSAGE][PASSED] - Object 'Object Repository/Journey/Current Access Codes/getCodeButton' is clickable

2021-01-08 04:07:41 - [MESSAGE][PASSED] - Object: 'Object Repository/Journey/Current Access Codes/getCodeButton' is clicked on

2021-01-08 04:07:42 - [MESSAGE][PASSED] - Object 'Object Repository/CommonButtons/Close' is present

2021-01-08 04:07:42 - [MESSAGE][PASSED] - Object 'Object Repository/CommonButtons/Close' is visible

2021-01-08 04:07:42 - [MESSAGE][PASSED] - Object 'Object Repository/CommonButtons/Close' is clickable

2021-01-08 04:07:42 - [MESSAGE][PASSED] - Object: 'Object Repository/CommonButtons/Close' is clicked on

2021-01-08 04:07:42 - [MESSAGE][PASSED] - pages.Journey.createAccessCodeInJourney is PASSED

2021-01-08 04:07:42 - [TEST_STEP][PASSED] - pages.Journey.verifyTheCreatedAccessCode(journeyName, accessCode): pages.Journey.verifyTheCreatedAccessCode is PASSED

2021-01-08 04:07:43 - [MESSAGE][PASSED] - Object 'Object Repository/Journey/journrySearchInput' is present

2021-01-08 04:07:43 - [MESSAGE][PASSED] - Object 'Object Repository/Journey/journrySearchInput' is visible

2021-01-08 04:07:44 - [MESSAGE][PASSED] - Object 'Object Repository/Journey/journrySearchInput' is clickable

2021-01-08 04:07:44 - [MESSAGE][PASSED] - Text of object 'Object Repository/Journey/journrySearchInput' is cleared

2021-01-08 04:07:44 - [MESSAGE][PASSED] - Keys 'JO8' sent to object: 'Object Repository/Journey/journrySearchInput'

2021-01-08 04:07:45 - [MESSAGE][PASSED] - Object 'Object Repository/Journey/clickVerifyingJourney(journeyName)' is present

2021-01-08 04:07:46 - [MESSAGE][PASSED] - Object 'Object Repository/Journey/clickVerifyingJourney(journeyName)' is visible

2021-01-08 04:07:46 - [MESSAGE][PASSED] - Object 'Object Repository/Journey/clickVerifyingJourney(journeyName)' is clickable

2021-01-08 04:07:46 - [MESSAGE][PASSED] - Object: 'Object Repository/Journey/clickVerifyingJourney(journeyName)' is clicked on

2021-01-08 04:07:47 - [MESSAGE][PASSED] - Scroll to object 'Object Repository/Journey/Current Access Codes/currentAccessCodeField' successfully

2021-01-08 04:07:48 - [MESSAGE][PASSED] - Object 'Object Repository/Journey/Current Access Codes/verify(code)' is present

2021-01-08 04:08:03 - [MESSAGE][PASSED] - Delayed 15 second(s)

2021-01-08 04:08:03 - [MESSAGE][PASSED] - Object 'Object Repository/CommonButtons/Close' is present

2021-01-08 04:08:03 - [MESSAGE][PASSED] - Object 'Object Repository/CommonButtons/Close' is visible

2021-01-08 04:08:04 - [MESSAGE][PASSED] - Object 'Object Repository/CommonButtons/Close' is clickable

2021-01-08 04:08:04 - [MESSAGE][PASSED] - Object: 'Object Repository/CommonButtons/Close' is clicked on

2021-01-08 04:08:04 - [MESSAGE][PASSED] - pages.Journey.verifyTheCreatedAccessCode is PASSED]]></system-out>
         <system-err><![CDATA[]]></system-err>
      </testcase>
      <testcase name="Test Cases/Admin/Journey/deleteJourneyAndVerify" time="36.871" classname="Test Cases/Admin/Journey/deleteJourneyAndVerify" status="PASSED">
         <system-out><![CDATA[2021-01-08 04:08:04 - [TEST_CASE][PASSED] - Test Cases/Admin/Journey/deleteJourneyAndVerify: Test Cases/Admin/Journey/deleteJourneyAndVerify

2021-01-08 04:08:04 - [TEST_STEP][PASSED] - Start listener action : OpenWebSite: Object: 'Object Repository/Login Credentials/EnterButton' is clicked on

2021-01-08 04:08:04 - [TEST_STEP][PASSED] - openBrowser(""): Browser is opened with url: ''

2021-01-08 04:08:04 - [MESSAGE][WARNING] - A browser is already opened. Closing browser and opening a new one

2021-01-08 04:08:05 - [MESSAGE][INFO] - Starting 'Chrome' driver

2021-01-08 04:08:05 - [MESSAGE][INFO] - Action delay is set to 0 milliseconds

2021-01-08 04:08:08 - [MESSAGE][PASSED] - Browser is opened with url: ''

2021-01-08 04:08:08 - [TEST_STEP][PASSED] - maximizeWindow(): Current window maximized

2021-01-08 04:08:10 - [MESSAGE][PASSED] - Current window maximized

2021-01-08 04:08:10 - [TEST_STEP][PASSED] - navigateToUrl(Url): Navigate to 'https://dev-admin.modist.co/' successfully

2021-01-08 04:08:18 - [MESSAGE][PASSED] - Navigate to 'https://dev-admin.modist.co/' successfully

2021-01-08 04:08:18 - [TEST_STEP][PASSED] - loginPage.login(Email, Password): Object: 'Object Repository/Login Credentials/EnterButton' is clicked on

2021-01-08 04:08:18 - [MESSAGE][PASSED] - Object 'Object Repository/Login Credentials/Email' is present

2021-01-08 04:08:19 - [MESSAGE][PASSED] - Object 'Object Repository/Login Credentials/Email' is visible

2021-01-08 04:08:19 - [MESSAGE][PASSED] - Object 'Object Repository/Login Credentials/Email' is clickable

2021-01-08 04:08:19 - [MESSAGE][PASSED] - Text of object 'Object Repository/Login Credentials/Email' is cleared

2021-01-08 04:08:20 - [MESSAGE][PASSED] - Keys 'naresh.k@qualitlabs.com' sent to object: 'Object Repository/Login Credentials/Email'

2021-01-08 04:08:20 - [MESSAGE][PASSED] - Object 'Object Repository/Login Credentials/Password' is present

2021-01-08 04:08:20 - [MESSAGE][PASSED] - Object 'Object Repository/Login Credentials/Password' is visible

2021-01-08 04:08:20 - [MESSAGE][PASSED] - Object 'Object Repository/Login Credentials/Password' is clickable

2021-01-08 04:08:21 - [MESSAGE][PASSED] - Text of object 'Object Repository/Login Credentials/Password' is cleared

2021-01-08 04:08:21 - [MESSAGE][PASSED] - Keys 'Qualitlabs1?' sent to object: 'Object Repository/Login Credentials/Password'

2021-01-08 04:08:21 - [MESSAGE][PASSED] - Object 'Object Repository/Login Credentials/EnterButton' is present

2021-01-08 04:08:22 - [MESSAGE][PASSED] - Object 'Object Repository/Login Credentials/EnterButton' is visible

2021-01-08 04:08:22 - [MESSAGE][PASSED] - Object 'Object Repository/Login Credentials/EnterButton' is clickable

2021-01-08 04:08:22 - [MESSAGE][PASSED] - Object: 'Object Repository/Login Credentials/EnterButton' is clicked on

2021-01-08 04:08:22 - [TEST_STEP][PASSED] - pages.Journey.clickOnJourneyTab(): pages.Journey.clickOnJourneyTab is PASSED

2021-01-08 04:08:24 - [MESSAGE][PASSED] - Object 'Object Repository/Journey/Journeytab' is present

2021-01-08 04:08:24 - [MESSAGE][PASSED] - Object 'Object Repository/Journey/Journeytab' is visible

2021-01-08 04:08:25 - [MESSAGE][PASSED] - Object 'Object Repository/Journey/Journeytab' is clickable

2021-01-08 04:08:25 - [MESSAGE][PASSED] - Object: 'Object Repository/Journey/Journeytab' is clicked on

2021-01-08 04:08:25 - [MESSAGE][PASSED] - pages.Journey.clickOnJourneyTab is PASSED

2021-01-08 04:08:25 - [TEST_STEP][PASSED] - journeyName = pages.Journey.addJorney(): pages.Journey.addJorney is PASSED

2021-01-08 04:08:26 - [MESSAGE][PASSED] - Object 'Object Repository/Journey/Add Journey/AddJourneyButton' is present

2021-01-08 04:08:26 - [MESSAGE][PASSED] - Object 'Object Repository/Journey/Add Journey/AddJourneyButton' is visible

2021-01-08 04:08:26 - [MESSAGE][PASSED] - Object 'Object Repository/Journey/Add Journey/AddJourneyButton' is clickable

2021-01-08 04:08:26 - [MESSAGE][PASSED] - Object: 'Object Repository/Journey/Add Journey/AddJourneyButton' is clicked on

2021-01-08 04:08:27 - [MESSAGE][PASSED] - Object 'Object Repository/Journey/Add Journey/journeyName' is present

2021-01-08 04:08:27 - [MESSAGE][PASSED] - Object 'Object Repository/Journey/Add Journey/journeyName' is visible

2021-01-08 04:08:27 - [MESSAGE][PASSED] - Object 'Object Repository/Journey/Add Journey/journeyName' is clickable

2021-01-08 04:08:28 - [MESSAGE][PASSED] - Text of object 'Object Repository/Journey/Add Journey/journeyName' is cleared

2021-01-08 04:08:28 - [MESSAGE][PASSED] - Keys 'journeyName48' sent to object: 'Object Repository/Journey/Add Journey/journeyName'

2021-01-08 04:08:28 - [MESSAGE][PASSED] - Object 'Object Repository/Journey/Add Journey/addJourneyInAddJourneyPopUp' is present

2021-01-08 04:08:29 - [MESSAGE][PASSED] - Object 'Object Repository/Journey/Add Journey/addJourneyInAddJourneyPopUp' is visible

2021-01-08 04:08:30 - [MESSAGE][PASSED] - Object 'Object Repository/Journey/Add Journey/addJourneyInAddJourneyPopUp' is clickable

2021-01-08 04:08:30 - [MESSAGE][PASSED] - Object: 'Object Repository/Journey/Add Journey/addJourneyInAddJourneyPopUp' is clicked on

2021-01-08 04:08:30 - [MESSAGE][PASSED] - pages.Journey.addJorney is PASSED

2021-01-08 04:08:30 - [TEST_STEP][PASSED] - pages.Journey.deleteJourney(journeyName): pages.Journey.deleteJourney is PASSED

2021-01-08 04:08:30 - [MESSAGE][PASSED] - Object 'Object Repository/Journey/journrySearchInput' is present

2021-01-08 04:08:31 - [MESSAGE][PASSED] - Object 'Object Repository/Journey/journrySearchInput' is visible

2021-01-08 04:08:31 - [MESSAGE][PASSED] - Object 'Object Repository/Journey/journrySearchInput' is clickable

2021-01-08 04:08:32 - [MESSAGE][PASSED] - Text of object 'Object Repository/Journey/journrySearchInput' is cleared

2021-01-08 04:08:32 - [MESSAGE][PASSED] - Keys 'journeyName48' sent to object: 'Object Repository/Journey/journrySearchInput'

2021-01-08 04:08:34 - [MESSAGE][PASSED] - Object 'Object Repository/Journey/journeyNameCheckBox(name)' is present

2021-01-08 04:08:35 - [MESSAGE][PASSED] - Object 'Object Repository/Journey/journeyNameCheckBox(name)' is visible

2021-01-08 04:08:35 - [MESSAGE][PASSED] - Object 'Object Repository/Journey/journeyNameCheckBox(name)' is clickable

2021-01-08 04:08:36 - [MESSAGE][PASSED] - Object: 'Object Repository/Journey/journeyNameCheckBox(name)' is clicked on

2021-01-08 04:08:36 - [MESSAGE][PASSED] - Object 'Object Repository/Journey/journeyNameDeleteButton' is present

2021-01-08 04:08:36 - [MESSAGE][PASSED] - Object 'Object Repository/Journey/journeyNameDeleteButton' is visible

2021-01-08 04:08:37 - [MESSAGE][PASSED] - Object 'Object Repository/Journey/journeyNameDeleteButton' is clickable

2021-01-08 04:08:37 - [MESSAGE][PASSED] - Object: 'Object Repository/Journey/journeyNameDeleteButton' is clicked on

2021-01-08 04:08:37 - [MESSAGE][PASSED] - Alert accepted

2021-01-08 04:08:37 - [MESSAGE][PASSED] - pages.Journey.deleteJourney is PASSED

2021-01-08 04:08:37 - [TEST_STEP][PASSED] - pages.Journey.verifyJourneyDeleted(journeyName): pages.Journey.verifyJourneyDeleted is PASSED

2021-01-08 04:08:38 - [MESSAGE][PASSED] - Object 'Object Repository/Journey/journrySearchInput' is present

2021-01-08 04:08:38 - [MESSAGE][PASSED] - Object 'Object Repository/Journey/journrySearchInput' is visible

2021-01-08 04:08:38 - [MESSAGE][PASSED] - Object 'Object Repository/Journey/journrySearchInput' is clickable

2021-01-08 04:08:39 - [MESSAGE][PASSED] - Text of object 'Object Repository/Journey/journrySearchInput' is cleared

2021-01-08 04:08:39 - [MESSAGE][PASSED] - Keys 'journeyName48' sent to object: 'Object Repository/Journey/journrySearchInput'

2021-01-08 04:08:41 - [MESSAGE][PASSED] - Web element with id: 'Object Repository/Journey/JourneyName(journeyName)' located by 'By.xpath: //div[text()='journeyName48']' is not present after '30' second(s)

2021-01-08 04:08:41 - [MESSAGE][PASSED] - pages.Journey.verifyJourneyDeleted is PASSED]]></system-out>
         <system-err><![CDATA[]]></system-err>
      </testcase>
      <testcase name="Test Cases/Admin/Journey/Uploading profile Picture" time="31.997" classname="Test Cases/Admin/Journey/Uploading profile Picture" status="PASSED">
         <system-out><![CDATA[2021-01-08 04:08:41 - [TEST_CASE][PASSED] - Test Cases/Admin/Journey/Uploading profile Picture: Test Cases/Admin/Journey/Uploading profile Picture

2021-01-08 04:08:41 - [TEST_STEP][PASSED] - Start listener action : OpenWebSite: Object: 'Object Repository/Login Credentials/EnterButton' is clicked on

2021-01-08 04:08:41 - [TEST_STEP][PASSED] - openBrowser(""): Browser is opened with url: ''

2021-01-08 04:08:41 - [MESSAGE][WARNING] - A browser is already opened. Closing browser and opening a new one

2021-01-08 04:08:42 - [MESSAGE][INFO] - Starting 'Chrome' driver

2021-01-08 04:08:42 - [MESSAGE][INFO] - Action delay is set to 0 milliseconds

2021-01-08 04:08:45 - [MESSAGE][PASSED] - Browser is opened with url: ''

2021-01-08 04:08:45 - [TEST_STEP][PASSED] - maximizeWindow(): Current window maximized

2021-01-08 04:08:47 - [MESSAGE][PASSED] - Current window maximized

2021-01-08 04:08:47 - [TEST_STEP][PASSED] - navigateToUrl(Url): Navigate to 'https://dev-admin.modist.co/' successfully

2021-01-08 04:08:58 - [MESSAGE][PASSED] - Navigate to 'https://dev-admin.modist.co/' successfully

2021-01-08 04:08:58 - [TEST_STEP][PASSED] - loginPage.login(Email, Password): Object: 'Object Repository/Login Credentials/EnterButton' is clicked on

2021-01-08 04:08:59 - [MESSAGE][PASSED] - Object 'Object Repository/Login Credentials/Email' is present

2021-01-08 04:08:59 - [MESSAGE][PASSED] - Object 'Object Repository/Login Credentials/Email' is visible

2021-01-08 04:08:59 - [MESSAGE][PASSED] - Object 'Object Repository/Login Credentials/Email' is clickable

2021-01-08 04:08:59 - [MESSAGE][PASSED] - Text of object 'Object Repository/Login Credentials/Email' is cleared

2021-01-08 04:09:00 - [MESSAGE][PASSED] - Keys 'naresh.k@qualitlabs.com' sent to object: 'Object Repository/Login Credentials/Email'

2021-01-08 04:09:00 - [MESSAGE][PASSED] - Object 'Object Repository/Login Credentials/Password' is present

2021-01-08 04:09:00 - [MESSAGE][PASSED] - Object 'Object Repository/Login Credentials/Password' is visible

2021-01-08 04:09:01 - [MESSAGE][PASSED] - Object 'Object Repository/Login Credentials/Password' is clickable

2021-01-08 04:09:01 - [MESSAGE][PASSED] - Text of object 'Object Repository/Login Credentials/Password' is cleared

2021-01-08 04:09:01 - [MESSAGE][PASSED] - Keys 'Qualitlabs1?' sent to object: 'Object Repository/Login Credentials/Password'

2021-01-08 04:09:01 - [MESSAGE][PASSED] - Object 'Object Repository/Login Credentials/EnterButton' is present

2021-01-08 04:09:02 - [MESSAGE][PASSED] - Object 'Object Repository/Login Credentials/EnterButton' is visible

2021-01-08 04:09:02 - [MESSAGE][PASSED] - Object 'Object Repository/Login Credentials/EnterButton' is clickable

2021-01-08 04:09:02 - [MESSAGE][PASSED] - Object: 'Object Repository/Login Credentials/EnterButton' is clicked on

2021-01-08 04:09:02 - [TEST_STEP][PASSED] - common.uploading.clickProfileIcon(): common.uploading.clickProfileIcon is PASSED

2021-01-08 04:09:04 - [MESSAGE][PASSED] - Object 'Object Repository/OptionsUnderProfileIcon/ProfileIcon' is present

2021-01-08 04:09:04 - [MESSAGE][PASSED] - Object 'Object Repository/OptionsUnderProfileIcon/ProfileIcon' is visible

2021-01-08 04:09:05 - [MESSAGE][PASSED] - Object 'Object Repository/OptionsUnderProfileIcon/ProfileIcon' is clickable

2021-01-08 04:09:05 - [MESSAGE][PASSED] - Object: 'Object Repository/OptionsUnderProfileIcon/ProfileIcon' is clicked on

2021-01-08 04:09:05 - [MESSAGE][PASSED] - common.uploading.clickProfileIcon is PASSED

2021-01-08 04:09:05 - [TEST_STEP][PASSED] - common.uploading.clickOnProfile(): common.uploading.clickOnProfile is PASSED

2021-01-08 04:09:05 - [MESSAGE][PASSED] - Object 'Object Repository/OptionsUnderProfileIcon/Profile Options/Profile' is present

2021-01-08 04:09:06 - [MESSAGE][PASSED] - Object 'Object Repository/OptionsUnderProfileIcon/Profile Options/Profile' is visible

2021-01-08 04:09:06 - [MESSAGE][PASSED] - Object 'Object Repository/OptionsUnderProfileIcon/Profile Options/Profile' is clickable

2021-01-08 04:09:07 - [MESSAGE][PASSED] - Object: 'Object Repository/OptionsUnderProfileIcon/Profile Options/Profile' is clicked on

2021-01-08 04:09:07 - [MESSAGE][PASSED] - common.uploading.clickOnProfile is PASSED

2021-01-08 04:09:07 - [TEST_STEP][PASSED] - common.uploading.uploadProfilePicture(): common.uploading.uploadProfilePicture is PASSED

2021-01-08 04:09:12 - [MESSAGE][PASSED] - Delayed 5 second(s)

2021-01-08 04:09:13 - [MESSAGE][PASSED] - File 'E:\Modist Project\ModistProject\prakashtest.jpg' sent to object: 'Object Repository/OptionsUnderProfileIcon/Profile Options/choosefile'

2021-01-08 04:09:13 - [MESSAGE][PASSED] - common.uploading.uploadProfilePicture is PASSED

2021-01-08 04:09:13 - [TEST_STEP][PASSED] - pages.Journey.verifyWhetherImageSuccessfullyUploaded(): pages.Journey.verifyWhetherImageSuccessfullyUploaded is PASSED

2021-01-08 04:09:13 - [MESSAGE][PASSED] - Object 'Object Repository/OptionsUnderProfileIcon/Profile Options/successMessageAfterUploading' is present

2021-01-08 04:09:13 - [MESSAGE][PASSED] - pages.Journey.verifyWhetherImageSuccessfullyUploaded is PASSED]]></system-out>
         <system-err><![CDATA[]]></system-err>
      </testcase>
      <system-out><![CDATA[2021-01-08 04:05:04 - [TEST_SUITE][PASSED] - Journey: Test Cases/Admin/Journey/Uploading profile Picture]]></system-out>
      <system-err><![CDATA[]]></system-err>
   </testsuite>
</testsuites>
