<?xml version="1.0" encoding="UTF-8"?>
<testsuites name="journeyPorta" time="1090.367" tests="16" failures="3" errors="1">
   <testsuite name="journeyPorta" tests="16" failures="3" errors="1" time="1090.367" timestamp="2021-01-12 07:44:05" hostname="Lenovo - DESKTOP-H3LAPEO" id="Test Suites/journeyPorta">
      <properties>
         <property name="deviceName" value=""/>
         <property name="devicePlatform" value=""/>
         <property name="logFolder" value="E:\\Modist Project\\ModistProject\\Reports\\20210112_074400\\journeyPorta\\20210112_074400"/>
         <property name="logFiles" value="E:\\Modist Project\\ModistProject\\Reports\\20210112_074400\\journeyPorta\\20210112_074400\\execution0.log"/>
         <property name="attachments" value="E:\\Modist Project\\ModistProject\\Reports\\20210112_074400\\journeyPorta\\20210112_074400\\1610456073632.png, E:\\Modist Project\\ModistProject\\Reports\\20210112_074400\\journeyPorta\\20210112_074400\\1610456218374.png, E:\\Modist Project\\ModistProject\\Reports\\20210112_074400\\journeyPorta\\20210112_074400\\1610456465177.png, E:\Modist Project\ModistProject\Reports\20210112_074400\journeyPorta\20210112_074400\1610456466220.png"/>
         <property name="hostName" value="Lenovo - DESKTOP-H3LAPEO"/>
         <property name="os" value="Windows 10 64bit"/>
         <property name="katalonVersion" value="7.7.0.205"/>
         <property name="browser" value="Chrome 87.0.4280.141"/>
         <property name="hostAddress" value="192.168.43.128"/>
         <property name="sessionId" value="3c6c50c2691c8012f07160f2b986a50c"/>
         <property name="seleniumVersion" value="3.141.59"/>
         <property name="proxyInformation" value="ProxyInformation { proxyOption=NO_PROXY, proxyServerType=HTTP, username=, password=********, proxyServerAddress=, proxyServerPort=0, executionList=&quot;&quot;, isApplyToDesiredCapabilities=true }"/>
         <property name="platform" value="Windows 10"/>
      </properties>
      <testcase name="Test Cases/JourneyPortal/addProductTOCartAndVerifyWhetherIsItShownInUi" time="72.451" classname="Test Cases/JourneyPortal/addProductTOCartAndVerifyWhetherIsItShownInUi" status="PASSED">
         <system-out><![CDATA[2021-01-12 07:44:30 - [TEST_CASE][PASSED] - Test Cases/JourneyPortal/addProductTOCartAndVerifyWhetherIsItShownInUi: Test Cases/JourneyPortal/addProductTOCartAndVerifyWhetherIsItShownInUi

2021-01-12 07:44:30 - [TEST_STEP][PASSED] - pages.Journey.clickOnJourneyTab(): pages.Journey.clickOnJourneyTab is PASSED

2021-01-12 07:44:32 - [MESSAGE][PASSED] - Object 'Object Repository/Journey/Journeytab' is present

2021-01-12 07:44:32 - [MESSAGE][PASSED] - Object 'Object Repository/Journey/Journeytab' is visible

2021-01-12 07:44:32 - [MESSAGE][PASSED] - Object 'Object Repository/Journey/Journeytab' is clickable

2021-01-12 07:44:33 - [MESSAGE][PASSED] - Object: 'Object Repository/Journey/Journeytab' is clicked on

2021-01-12 07:44:33 - [MESSAGE][PASSED] - pages.Journey.clickOnJourneyTab is PASSED

2021-01-12 07:44:33 - [TEST_STEP][PASSED] - journeyName = pages.Journey.getRandomJourneyName(): pages.Journey.getRandomJourneyName is PASSED

2021-01-12 07:44:44 - [MESSAGE][PASSED] - Object 'Object Repository/Journey/toGetJourneysCount' is present

2021-01-12 07:44:45 - [MESSAGE][PASSED] - Object 'Object Repository/Journey/toGetJourneysCount' is present

2021-01-12 07:44:45 - [MESSAGE][PASSED] - Text of object 'Object Repository/Journey/toPickrandomJourney(index)' is: 'DEMOJ'

2021-01-12 07:44:45 - [MESSAGE][PASSED] - pages.Journey.getRandomJourneyName is PASSED

2021-01-12 07:44:45 - [TEST_STEP][PASSED] - accessCode = pages.Journey.getExistingJourneyAccesscode(journeyName): pages.Journey.getExistingJourneyAccesscode is PASSED

2021-01-12 07:44:46 - [MESSAGE][PASSED] - Object 'Object Repository/Journey/journrySearchInput' is present

2021-01-12 07:44:46 - [MESSAGE][PASSED] - Object 'Object Repository/Journey/journrySearchInput' is visible

2021-01-12 07:44:46 - [MESSAGE][PASSED] - Object 'Object Repository/Journey/journrySearchInput' is clickable

2021-01-12 07:44:47 - [MESSAGE][PASSED] - Text of object 'Object Repository/Journey/journrySearchInput' is cleared

2021-01-12 07:44:47 - [MESSAGE][PASSED] - Keys 'DEMOJ' sent to object: 'Object Repository/Journey/journrySearchInput'

2021-01-12 07:44:48 - [MESSAGE][PASSED] - Object 'Object Repository/Journey/journrySearchInput' is present

2021-01-12 07:44:49 - [MESSAGE][PASSED] - Object 'Object Repository/Journey/journrySearchInput' is visible

2021-01-12 07:44:50 - [MESSAGE][PASSED] - Object 'Object Repository/Journey/journrySearchInput' is clickable

2021-01-12 07:44:50 - [MESSAGE][PASSED] - Text of object 'Object Repository/Journey/journrySearchInput' is cleared

2021-01-12 07:44:50 - [MESSAGE][PASSED] - Keys 'ENTER + ' sent to object: 'Object Repository/Journey/journrySearchInput'

2021-01-12 07:44:51 - [MESSAGE][PASSED] - Object 'Object Repository/Journey/JourneyName(journeyName)' is present

2021-01-12 07:44:51 - [MESSAGE][PASSED] - Object 'Object Repository/Journey/journrySearchInput' is present

2021-01-12 07:44:51 - [MESSAGE][PASSED] - Object 'Object Repository/Journey/journrySearchInput' is visible

2021-01-12 07:44:52 - [MESSAGE][PASSED] - Object 'Object Repository/Journey/journrySearchInput' is clickable

2021-01-12 07:44:52 - [MESSAGE][PASSED] - Text of object 'Object Repository/Journey/journrySearchInput' is cleared

2021-01-12 07:44:53 - [MESSAGE][PASSED] - Keys 'DEMOJ' sent to object: 'Object Repository/Journey/journrySearchInput'

2021-01-12 07:44:53 - [MESSAGE][PASSED] - Object 'Object Repository/Journey/journrySearchInput' is present

2021-01-12 07:44:55 - [MESSAGE][PASSED] - Object 'Object Repository/Journey/journrySearchInput' is visible

2021-01-12 07:44:55 - [MESSAGE][PASSED] - Object 'Object Repository/Journey/journrySearchInput' is clickable

2021-01-12 07:44:55 - [MESSAGE][PASSED] - Text of object 'Object Repository/Journey/journrySearchInput' is cleared

2021-01-12 07:44:56 - [MESSAGE][PASSED] - Keys 'ENTER + ' sent to object: 'Object Repository/Journey/journrySearchInput'

2021-01-12 07:44:56 - [MESSAGE][PASSED] - Object 'Object Repository/Journey/JourneyName(journeyName)' is present

2021-01-12 07:44:57 - [MESSAGE][PASSED] - Object 'Object Repository/Journey/clickVerifyingJourney(journeyName)' is present

2021-01-12 07:44:57 - [MESSAGE][PASSED] - Object 'Object Repository/Journey/clickVerifyingJourney(journeyName)' is visible

2021-01-12 07:44:57 - [MESSAGE][PASSED] - Object 'Object Repository/Journey/clickVerifyingJourney(journeyName)' is clickable

2021-01-12 07:44:58 - [MESSAGE][PASSED] - Object: 'Object Repository/Journey/clickVerifyingJourney(journeyName)' is clicked on

2021-01-12 07:45:00 - [MESSAGE][PASSED] - Scroll to object 'Object Repository/Journey/Current Access Codes/currentAccessCodeField' successfully

2021-01-12 07:45:00 - [MESSAGE][PASSED] - Object 'Object Repository/Journey/Current Access Codes/getAccessCodesCount' is present

2021-01-12 07:45:01 - [MESSAGE][PASSED] - Text of object 'Object Repository/Journey/Current Access Codes/getAccessCodeText(index)' is: 'access11'

2021-01-12 07:45:01 - [MESSAGE][PASSED] - pages.Journey.getExistingJourneyAccesscode is PASSED

2021-01-12 07:45:01 - [TEST_STEP][PASSED] - login.LoginForJourneyApplication.loginToJourneyApplication(): login.LoginForJourneyApplication.loginToJourneyApplication is PASSED

2021-01-12 07:45:05 - [MESSAGE][PASSED] - Navigate to 'https://qualitlabs.dev.modist.co/' successfully

2021-01-12 07:45:05 - [MESSAGE][PASSED] - login.LoginForJourneyApplication.loginToJourneyApplication is PASSED

2021-01-12 07:45:05 - [TEST_STEP][PASSED] - pages.Journey.enterAccessCodeInJourney(accessCode): pages.Journey.enterAccessCodeInJourney is PASSED

2021-01-12 07:45:05 - [MESSAGE][PASSED] - Object 'Object Repository/Journey/JourneyPortal/enterAccessCode' is present

2021-01-12 07:45:06 - [MESSAGE][PASSED] - Object 'Object Repository/Journey/JourneyPortal/enterAccessCode' is visible

2021-01-12 07:45:06 - [MESSAGE][PASSED] - Object 'Object Repository/Journey/JourneyPortal/enterAccessCode' is clickable

2021-01-12 07:45:07 - [MESSAGE][PASSED] - Text of object 'Object Repository/Journey/JourneyPortal/enterAccessCode' is cleared

2021-01-12 07:45:07 - [MESSAGE][PASSED] - Keys 'access11' sent to object: 'Object Repository/Journey/JourneyPortal/enterAccessCode'

2021-01-12 07:45:07 - [MESSAGE][PASSED] - pages.Journey.enterAccessCodeInJourney is PASSED

2021-01-12 07:45:07 - [TEST_STEP][PASSED] - pages.Journey.clickEnterButton(): pages.Journey.clickEnterButton is PASSED

2021-01-12 07:45:07 - [MESSAGE][PASSED] - Object 'Object Repository/Journey/JourneyPortal/EnterButton' is present

2021-01-12 07:45:08 - [MESSAGE][PASSED] - Object 'Object Repository/Journey/JourneyPortal/EnterButton' is visible

2021-01-12 07:45:08 - [MESSAGE][PASSED] - Object 'Object Repository/Journey/JourneyPortal/EnterButton' is clickable

2021-01-12 07:45:09 - [MESSAGE][PASSED] - Object: 'Object Repository/Journey/JourneyPortal/EnterButton' is clicked on

2021-01-12 07:45:09 - [MESSAGE][PASSED] - pages.Journey.clickEnterButton is PASSED

2021-01-12 07:45:09 - [TEST_STEP][PASSED] - pages.JourneyPortal.openExistingSection(): pages.JourneyPortal.openExistingSection is PASSED

2021-01-12 07:45:10 - [MESSAGE][PASSED] - Object 'Object Repository/Journey/JourneyPortal/Section/getSectionsCount' is present

2021-01-12 07:45:11 - [MESSAGE][PASSED] - Object 'Object Repository/Journey/JourneyPortal/Section/openSection(index)' is present

2021-01-12 07:45:12 - [MESSAGE][PASSED] - Object 'Object Repository/Journey/JourneyPortal/Section/openSection(index)' is visible

2021-01-12 07:45:12 - [MESSAGE][PASSED] - Object 'Object Repository/Journey/JourneyPortal/Section/openSection(index)' is clickable

2021-01-12 07:45:12 - [MESSAGE][PASSED] - Object: 'Object Repository/Journey/JourneyPortal/Section/openSection(index)' is clicked on

2021-01-12 07:45:12 - [MESSAGE][PASSED] - pages.JourneyPortal.openExistingSection is PASSED

2021-01-12 07:45:12 - [TEST_STEP][PASSED] - pages.JourneyPortal.openAnyProductInTheJourneyPortal(): pages.JourneyPortal.openAnyProductInTheJourneyPortal is PASSED

2021-01-12 07:45:13 - [MESSAGE][PASSED] - Object 'Object Repository/Journey/JourneyPortal/Product/toGetProductsCountInTheCart' is present

2021-01-12 07:45:14 - [MESSAGE][PASSED] - Scroll to object 'Object Repository/Journey/JourneyPortal/Product/openAnyProduct(index)' successfully

2021-01-12 07:45:14 - [MESSAGE][PASSED] - Object 'Object Repository/Journey/JourneyPortal/Product/openAnyProduct(index)' is present

2021-01-12 07:45:15 - [MESSAGE][PASSED] - Object 'Object Repository/Journey/JourneyPortal/Product/openAnyProduct(index)' is visible

2021-01-12 07:45:15 - [MESSAGE][PASSED] - Object 'Object Repository/Journey/JourneyPortal/Product/openAnyProduct(index)' is clickable

2021-01-12 07:45:15 - [MESSAGE][PASSED] - Object: 'Object Repository/Journey/JourneyPortal/Product/openAnyProduct(index)' is clicked on

2021-01-12 07:45:15 - [MESSAGE][PASSED] - pages.JourneyPortal.openAnyProductInTheJourneyPortal is PASSED

2021-01-12 07:45:15 - [TEST_STEP][PASSED] - orderCount = pages.JourneyPortal.clickAddToCartButton(): pages.JourneyPortal.clickAddToCartButton is PASSED

2021-01-12 07:45:16 - [MESSAGE][PASSED] - Object 'Object Repository/Journey/JourneyPortal/Product/AddToCart' is present

2021-01-12 07:45:17 - [MESSAGE][PASSED] - Object 'Object Repository/Journey/JourneyPortal/Product/AddToCart' is visible

2021-01-12 07:45:17 - [MESSAGE][PASSED] - Object 'Object Repository/Journey/JourneyPortal/Product/AddToCart' is clickable

2021-01-12 07:45:17 - [MESSAGE][PASSED] - Object: 'Object Repository/Journey/JourneyPortal/Product/AddToCart' is clicked on

2021-01-12 07:45:18 - [MESSAGE][PASSED] - Object 'Object Repository/Journey/JourneyPortal/Product/AddToCart' is present

2021-01-12 07:45:18 - [MESSAGE][PASSED] - Object 'Object Repository/Journey/JourneyPortal/Product/AddToCart' is visible

2021-01-12 07:45:18 - [MESSAGE][PASSED] - Object 'Object Repository/Journey/JourneyPortal/Product/AddToCart' is clickable

2021-01-12 07:45:19 - [MESSAGE][PASSED] - Object: 'Object Repository/Journey/JourneyPortal/Product/AddToCart' is clicked on

2021-01-12 07:45:19 - [MESSAGE][PASSED] - Object 'Object Repository/Journey/JourneyPortal/Product/AddToCart' is present

2021-01-12 07:45:19 - [MESSAGE][PASSED] - Object 'Object Repository/Journey/JourneyPortal/Product/AddToCart' is visible

2021-01-12 07:45:20 - [MESSAGE][PASSED] - Object 'Object Repository/Journey/JourneyPortal/Product/AddToCart' is clickable

2021-01-12 07:45:20 - [MESSAGE][PASSED] - Object: 'Object Repository/Journey/JourneyPortal/Product/AddToCart' is clicked on

2021-01-12 07:45:20 - [MESSAGE][PASSED] - Object 'Object Repository/Journey/JourneyPortal/Product/closeButton' is present

2021-01-12 07:45:21 - [MESSAGE][PASSED] - Object 'Object Repository/Journey/JourneyPortal/Product/closeButton' is visible

2021-01-12 07:45:21 - [MESSAGE][PASSED] - Object 'Object Repository/Journey/JourneyPortal/Product/closeButton' is clickable

2021-01-12 07:45:21 - [MESSAGE][PASSED] - Object: 'Object Repository/Journey/JourneyPortal/Product/closeButton' is clicked on

2021-01-12 07:45:21 - [MESSAGE][PASSED] - pages.JourneyPortal.clickAddToCartButton is PASSED

2021-01-12 07:45:21 - [TEST_STEP][PASSED] - productCount = pages.JourneyPortal.getProductsCount(): pages.JourneyPortal.getProductsCount is PASSED

2021-01-12 07:45:22 - [MESSAGE][PASSED] - Attribute 'data-count' of object 'Object Repository/Journey/JourneyPortal/Product/toGetProductsCountInTheCart' is: '3'

2021-01-12 07:45:22 - [MESSAGE][PASSED] - pages.JourneyPortal.getProductsCount is PASSED

2021-01-12 07:45:22 - [TEST_STEP][PASSED] - pages.JourneyPortal.verifyWhetherOrderedAndAvailableProductsCountAreSame(orderCount, productCount): you have selected 3 products 

2021-01-12 07:45:22 - [MESSAGE][PASSED] - you have selected 3 products 

2021-01-12 07:45:22 - [TEST_STEP][PASSED] - Start listener action : navigate: Object: 'Object Repository/Login Credentials/EnterButton' is clicked on

2021-01-12 07:45:22 - [TEST_STEP][PASSED] - openBrowser(""): Browser is opened with url: ''

2021-01-12 07:45:22 - [MESSAGE][WARNING] - A browser is already opened. Closing browser and opening a new one

2021-01-12 07:45:23 - [MESSAGE][INFO] - Starting 'Chrome' driver

2021-01-12 07:45:23 - [MESSAGE][INFO] - Action delay is set to 0 milliseconds

2021-01-12 07:45:26 - [MESSAGE][PASSED] - Browser is opened with url: ''

2021-01-12 07:45:26 - [TEST_STEP][PASSED] - maximizeWindow(): Current window maximized

2021-01-12 07:45:29 - [MESSAGE][PASSED] - Current window maximized

2021-01-12 07:45:29 - [TEST_STEP][PASSED] - navigateToUrl(Url): Navigate to 'https://dev-admin.modist.co/' successfully

2021-01-12 07:45:37 - [MESSAGE][PASSED] - Navigate to 'https://dev-admin.modist.co/' successfully

2021-01-12 07:45:37 - [TEST_STEP][PASSED] - loginPage.login(Email, Password): Object: 'Object Repository/Login Credentials/EnterButton' is clicked on

2021-01-12 07:45:38 - [MESSAGE][PASSED] - Object 'Object Repository/Login Credentials/Email' is present

2021-01-12 07:45:38 - [MESSAGE][PASSED] - Object 'Object Repository/Login Credentials/Email' is visible

2021-01-12 07:45:38 - [MESSAGE][PASSED] - Object 'Object Repository/Login Credentials/Email' is clickable

2021-01-12 07:45:39 - [MESSAGE][PASSED] - Text of object 'Object Repository/Login Credentials/Email' is cleared

2021-01-12 07:45:39 - [MESSAGE][PASSED] - Keys 'naresh.k@qualitlabs.com' sent to object: 'Object Repository/Login Credentials/Email'

2021-01-12 07:45:40 - [MESSAGE][PASSED] - Object 'Object Repository/Login Credentials/Password' is present

2021-01-12 07:45:40 - [MESSAGE][PASSED] - Object 'Object Repository/Login Credentials/Password' is visible

2021-01-12 07:45:40 - [MESSAGE][PASSED] - Object 'Object Repository/Login Credentials/Password' is clickable

2021-01-12 07:45:41 - [MESSAGE][PASSED] - Text of object 'Object Repository/Login Credentials/Password' is cleared

2021-01-12 07:45:41 - [MESSAGE][PASSED] - Keys 'Qualitlabs1?' sent to object: 'Object Repository/Login Credentials/Password'

2021-01-12 07:45:41 - [MESSAGE][PASSED] - Object 'Object Repository/Login Credentials/EnterButton' is present

2021-01-12 07:45:42 - [MESSAGE][PASSED] - Object 'Object Repository/Login Credentials/EnterButton' is visible

2021-01-12 07:45:42 - [MESSAGE][PASSED] - Object 'Object Repository/Login Credentials/EnterButton' is clickable

2021-01-12 07:45:42 - [MESSAGE][PASSED] - Object: 'Object Repository/Login Credentials/EnterButton' is clicked on]]></system-out>
         <system-err><![CDATA[]]></system-err>
      </testcase>
      <testcase name="Test Cases/JourneyPortal/AddProductToCartMulitpleTimesAndVerifyTheProductsCountAfterRefresh" time="74.711" classname="Test Cases/JourneyPortal/AddProductToCartMulitpleTimesAndVerifyTheProductsCountAfterRefresh" status="FAILED">
         <failure type="FAILED" message="Test Cases/JourneyPortal/AddProductToCartMulitpleTimesAndVerifyTheProductsCountAfterRefresh FAILED.
Reason:
com.kms.katalon.core.exception.StepFailedException: you have selected 6 products , but you have only 1
	at com.kms.katalon.core.util.KeywordUtil.markFailed(KeywordUtil.java:19)
	at com.kms.katalon.core.util.KeywordUtil$markFailed$0.call(Unknown Source)
	at pages.JourneyPortal.verifyWhetherOrderedAndAvailableProductsCountAreSame(JourneyPortal.groovy:119)
	at pages.JourneyPortal.invokeMethod(JourneyPortal.groovy)
	at com.kms.katalon.core.main.CustomKeywordDelegatingMetaClass.invokeStaticMethod(CustomKeywordDelegatingMetaClass.java:50)
	at AddProductToCartMulitpleTimesAndVerifyTheProductsCountAfterRefresh.run(AddProductToCartMulitpleTimesAndVerifyTheProductsCountAfterRefresh:40)
	at com.kms.katalon.core.main.ScriptEngine.run(ScriptEngine.java:194)
	at com.kms.katalon.core.main.ScriptEngine.runScriptAsRawText(ScriptEngine.java:119)
	at com.kms.katalon.core.main.TestCaseExecutor.runScript(TestCaseExecutor.java:339)
	at com.kms.katalon.core.main.TestCaseExecutor.doExecute(TestCaseExecutor.java:330)
	at com.kms.katalon.core.main.TestCaseExecutor.processExecutionPhase(TestCaseExecutor.java:309)
	at com.kms.katalon.core.main.TestCaseExecutor.accessMainPhase(TestCaseExecutor.java:301)
	at com.kms.katalon.core.main.TestCaseExecutor.execute(TestCaseExecutor.java:235)
	at com.kms.katalon.core.main.TestSuiteExecutor.accessTestCaseMainPhase(TestSuiteExecutor.java:191)
	at com.kms.katalon.core.main.TestSuiteExecutor.accessTestSuiteMainPhase(TestSuiteExecutor.java:141)
	at com.kms.katalon.core.main.TestSuiteExecutor.execute(TestSuiteExecutor.java:90)
	at com.kms.katalon.core.main.TestCaseMain.startTestSuite(TestCaseMain.java:157)
	at com.kms.katalon.core.main.TestCaseMain$startTestSuite$0.call(Unknown Source)
	at TempTestSuite1610455440620.run(TempTestSuite1610455440620.groovy:39)
"/>
         <system-out><![CDATA[2021-01-12 07:45:42 - [TEST_CASE][FAILED] - Test Cases/JourneyPortal/AddProductToCartMulitpleTimesAndVerifyTheProductsCountAfterRefresh: Test Cases/JourneyPortal/AddProductToCartMulitpleTimesAndVerifyTheProductsCountAfterRefresh FAILED.
Reason:
com.kms.katalon.core.exception.StepFailedException: you have selected 6 products , but you have only 1
	at com.kms.katalon.core.util.KeywordUtil.markFailed(KeywordUtil.java:19)
	at com.kms.katalon.core.util.KeywordUtil$markFailed$0.call(Unknown Source)
	at pages.JourneyPortal.verifyWhetherOrderedAndAvailableProductsCountAreSame(JourneyPortal.groovy:119)
	at pages.JourneyPortal.invokeMethod(JourneyPortal.groovy)
	at com.kms.katalon.core.main.CustomKeywordDelegatingMetaClass.invokeStaticMethod(CustomKeywordDelegatingMetaClass.java:50)
	at AddProductToCartMulitpleTimesAndVerifyTheProductsCountAfterRefresh.run(AddProductToCartMulitpleTimesAndVerifyTheProductsCountAfterRefresh:40)
	at com.kms.katalon.core.main.ScriptEngine.run(ScriptEngine.java:194)
	at com.kms.katalon.core.main.ScriptEngine.runScriptAsRawText(ScriptEngine.java:119)
	at com.kms.katalon.core.main.TestCaseExecutor.runScript(TestCaseExecutor.java:339)
	at com.kms.katalon.core.main.TestCaseExecutor.doExecute(TestCaseExecutor.java:330)
	at com.kms.katalon.core.main.TestCaseExecutor.processExecutionPhase(TestCaseExecutor.java:309)
	at com.kms.katalon.core.main.TestCaseExecutor.accessMainPhase(TestCaseExecutor.java:301)
	at com.kms.katalon.core.main.TestCaseExecutor.execute(TestCaseExecutor.java:235)
	at com.kms.katalon.core.main.TestSuiteExecutor.accessTestCaseMainPhase(TestSuiteExecutor.java:191)
	at com.kms.katalon.core.main.TestSuiteExecutor.accessTestSuiteMainPhase(TestSuiteExecutor.java:141)
	at com.kms.katalon.core.main.TestSuiteExecutor.execute(TestSuiteExecutor.java:90)
	at com.kms.katalon.core.main.TestCaseMain.startTestSuite(TestCaseMain.java:157)
	at com.kms.katalon.core.main.TestCaseMain$startTestSuite$0.call(Unknown Source)
	at TempTestSuite1610455440620.run(TempTestSuite1610455440620.groovy:39)


2021-01-12 07:45:43 - [TEST_STEP][PASSED] - pages.Journey.clickOnJourneyTab(): pages.Journey.clickOnJourneyTab is PASSED

2021-01-12 07:45:44 - [MESSAGE][PASSED] - Object 'Object Repository/Journey/Journeytab' is present

2021-01-12 07:45:45 - [MESSAGE][PASSED] - Object 'Object Repository/Journey/Journeytab' is visible

2021-01-12 07:45:45 - [MESSAGE][PASSED] - Object 'Object Repository/Journey/Journeytab' is clickable

2021-01-12 07:45:46 - [MESSAGE][PASSED] - Object: 'Object Repository/Journey/Journeytab' is clicked on

2021-01-12 07:45:46 - [MESSAGE][PASSED] - pages.Journey.clickOnJourneyTab is PASSED

2021-01-12 07:45:46 - [TEST_STEP][PASSED] - journeyName = pages.Journey.getRandomJourneyName(): pages.Journey.getRandomJourneyName is PASSED

2021-01-12 07:45:56 - [MESSAGE][PASSED] - Object 'Object Repository/Journey/toGetJourneysCount' is present

2021-01-12 07:45:56 - [MESSAGE][PASSED] - Object 'Object Repository/Journey/toGetJourneysCount' is present

2021-01-12 07:45:57 - [MESSAGE][PASSED] - Text of object 'Object Repository/Journey/toPickrandomJourney(index)' is: 'journey 2'

2021-01-12 07:45:57 - [MESSAGE][PASSED] - pages.Journey.getRandomJourneyName is PASSED

2021-01-12 07:45:57 - [TEST_STEP][PASSED] - accessCode = pages.Journey.getExistingJourneyAccesscode(journeyName): pages.Journey.getExistingJourneyAccesscode is PASSED

2021-01-12 07:45:57 - [MESSAGE][PASSED] - Object 'Object Repository/Journey/journrySearchInput' is present

2021-01-12 07:45:58 - [MESSAGE][PASSED] - Object 'Object Repository/Journey/journrySearchInput' is visible

2021-01-12 07:45:58 - [MESSAGE][PASSED] - Object 'Object Repository/Journey/journrySearchInput' is clickable

2021-01-12 07:45:58 - [MESSAGE][PASSED] - Text of object 'Object Repository/Journey/journrySearchInput' is cleared

2021-01-12 07:45:59 - [MESSAGE][PASSED] - Keys 'journey 2' sent to object: 'Object Repository/Journey/journrySearchInput'

2021-01-12 07:46:00 - [MESSAGE][PASSED] - Object 'Object Repository/Journey/journrySearchInput' is present

2021-01-12 07:46:02 - [MESSAGE][PASSED] - Object 'Object Repository/Journey/journrySearchInput' is visible

2021-01-12 07:46:02 - [MESSAGE][PASSED] - Object 'Object Repository/Journey/journrySearchInput' is clickable

2021-01-12 07:46:02 - [MESSAGE][PASSED] - Text of object 'Object Repository/Journey/journrySearchInput' is cleared

2021-01-12 07:46:03 - [MESSAGE][PASSED] - Keys 'ENTER + ' sent to object: 'Object Repository/Journey/journrySearchInput'

2021-01-12 07:46:03 - [MESSAGE][PASSED] - Object 'Object Repository/Journey/JourneyName(journeyName)' is present

2021-01-12 07:46:03 - [MESSAGE][PASSED] - Object 'Object Repository/Journey/journrySearchInput' is present

2021-01-12 07:46:04 - [MESSAGE][PASSED] - Object 'Object Repository/Journey/journrySearchInput' is visible

2021-01-12 07:46:04 - [MESSAGE][PASSED] - Object 'Object Repository/Journey/journrySearchInput' is clickable

2021-01-12 07:46:04 - [MESSAGE][PASSED] - Text of object 'Object Repository/Journey/journrySearchInput' is cleared

2021-01-12 07:46:05 - [MESSAGE][PASSED] - Keys 'journey 2' sent to object: 'Object Repository/Journey/journrySearchInput'

2021-01-12 07:46:05 - [MESSAGE][PASSED] - Object 'Object Repository/Journey/journrySearchInput' is present

2021-01-12 07:46:07 - [MESSAGE][PASSED] - Object 'Object Repository/Journey/journrySearchInput' is visible

2021-01-12 07:46:08 - [MESSAGE][PASSED] - Object 'Object Repository/Journey/journrySearchInput' is clickable

2021-01-12 07:46:08 - [MESSAGE][PASSED] - Text of object 'Object Repository/Journey/journrySearchInput' is cleared

2021-01-12 07:46:08 - [MESSAGE][PASSED] - Keys 'ENTER + ' sent to object: 'Object Repository/Journey/journrySearchInput'

2021-01-12 07:46:09 - [MESSAGE][PASSED] - Object 'Object Repository/Journey/JourneyName(journeyName)' is present

2021-01-12 07:46:09 - [MESSAGE][PASSED] - Object 'Object Repository/Journey/clickVerifyingJourney(journeyName)' is present

2021-01-12 07:46:10 - [MESSAGE][PASSED] - Object 'Object Repository/Journey/clickVerifyingJourney(journeyName)' is visible

2021-01-12 07:46:10 - [MESSAGE][PASSED] - Object 'Object Repository/Journey/clickVerifyingJourney(journeyName)' is clickable

2021-01-12 07:46:10 - [MESSAGE][PASSED] - Object: 'Object Repository/Journey/clickVerifyingJourney(journeyName)' is clicked on

2021-01-12 07:46:12 - [MESSAGE][PASSED] - Scroll to object 'Object Repository/Journey/Current Access Codes/currentAccessCodeField' successfully

2021-01-12 07:46:13 - [MESSAGE][PASSED] - Object 'Object Repository/Journey/Current Access Codes/getAccessCodesCount' is present

2021-01-12 07:46:13 - [MESSAGE][PASSED] - Text of object 'Object Repository/Journey/Current Access Codes/getAccessCodeText(index)' is: '321'

2021-01-12 07:46:13 - [MESSAGE][PASSED] - pages.Journey.getExistingJourneyAccesscode is PASSED

2021-01-12 07:46:13 - [TEST_STEP][PASSED] - login.LoginForJourneyApplication.loginToJourneyApplication(): login.LoginForJourneyApplication.loginToJourneyApplication is PASSED

2021-01-12 07:46:16 - [MESSAGE][PASSED] - Navigate to 'https://qualitlabs.dev.modist.co/' successfully

2021-01-12 07:46:16 - [MESSAGE][PASSED] - login.LoginForJourneyApplication.loginToJourneyApplication is PASSED

2021-01-12 07:46:16 - [TEST_STEP][PASSED] - pages.Journey.enterAccessCodeInJourney(accessCode): pages.Journey.enterAccessCodeInJourney is PASSED

2021-01-12 07:46:16 - [MESSAGE][PASSED] - Object 'Object Repository/Journey/JourneyPortal/enterAccessCode' is present

2021-01-12 07:46:17 - [MESSAGE][PASSED] - Object 'Object Repository/Journey/JourneyPortal/enterAccessCode' is visible

2021-01-12 07:46:17 - [MESSAGE][PASSED] - Object 'Object Repository/Journey/JourneyPortal/enterAccessCode' is clickable

2021-01-12 07:46:17 - [MESSAGE][PASSED] - Text of object 'Object Repository/Journey/JourneyPortal/enterAccessCode' is cleared

2021-01-12 07:46:18 - [MESSAGE][PASSED] - Keys '321' sent to object: 'Object Repository/Journey/JourneyPortal/enterAccessCode'

2021-01-12 07:46:18 - [MESSAGE][PASSED] - pages.Journey.enterAccessCodeInJourney is PASSED

2021-01-12 07:46:18 - [TEST_STEP][PASSED] - pages.Journey.clickEnterButton(): pages.Journey.clickEnterButton is PASSED

2021-01-12 07:46:18 - [MESSAGE][PASSED] - Object 'Object Repository/Journey/JourneyPortal/EnterButton' is present

2021-01-12 07:46:18 - [MESSAGE][PASSED] - Object 'Object Repository/Journey/JourneyPortal/EnterButton' is visible

2021-01-12 07:46:19 - [MESSAGE][PASSED] - Object 'Object Repository/Journey/JourneyPortal/EnterButton' is clickable

2021-01-12 07:46:19 - [MESSAGE][PASSED] - Object: 'Object Repository/Journey/JourneyPortal/EnterButton' is clicked on

2021-01-12 07:46:19 - [MESSAGE][PASSED] - pages.Journey.clickEnterButton is PASSED

2021-01-12 07:46:19 - [TEST_STEP][PASSED] - pages.JourneyPortal.openExistingSection(): pages.JourneyPortal.openExistingSection is PASSED

2021-01-12 07:46:23 - [MESSAGE][PASSED] - Object 'Object Repository/Journey/JourneyPortal/Section/getSectionsCount' is present

2021-01-12 07:46:24 - [MESSAGE][PASSED] - Object 'Object Repository/Journey/JourneyPortal/Section/openSection(index)' is present

2021-01-12 07:46:24 - [MESSAGE][PASSED] - Object 'Object Repository/Journey/JourneyPortal/Section/openSection(index)' is visible

2021-01-12 07:46:25 - [MESSAGE][PASSED] - Object 'Object Repository/Journey/JourneyPortal/Section/openSection(index)' is clickable

2021-01-12 07:46:25 - [MESSAGE][PASSED] - Object: 'Object Repository/Journey/JourneyPortal/Section/openSection(index)' is clicked on

2021-01-12 07:46:25 - [MESSAGE][PASSED] - pages.JourneyPortal.openExistingSection is PASSED

2021-01-12 07:46:25 - [TEST_STEP][PASSED] - pages.JourneyPortal.openAnyProductInTheJourneyPortal(): pages.JourneyPortal.openAnyProductInTheJourneyPortal is PASSED

2021-01-12 07:46:26 - [MESSAGE][PASSED] - Object 'Object Repository/Journey/JourneyPortal/Product/toGetProductsCountInTheCart' is present

2021-01-12 07:46:27 - [MESSAGE][PASSED] - Scroll to object 'Object Repository/Journey/JourneyPortal/Product/openAnyProduct(index)' successfully

2021-01-12 07:46:28 - [MESSAGE][PASSED] - Object 'Object Repository/Journey/JourneyPortal/Product/openAnyProduct(index)' is present

2021-01-12 07:46:28 - [MESSAGE][PASSED] - Object 'Object Repository/Journey/JourneyPortal/Product/openAnyProduct(index)' is visible

2021-01-12 07:46:28 - [MESSAGE][PASSED] - Object 'Object Repository/Journey/JourneyPortal/Product/openAnyProduct(index)' is clickable

2021-01-12 07:46:29 - [MESSAGE][PASSED] - Object: 'Object Repository/Journey/JourneyPortal/Product/openAnyProduct(index)' is clicked on

2021-01-12 07:46:29 - [MESSAGE][PASSED] - pages.JourneyPortal.openAnyProductInTheJourneyPortal is PASSED

2021-01-12 07:46:29 - [TEST_STEP][PASSED] - orderCount = pages.JourneyPortal.clickAddToCartButton(): pages.JourneyPortal.clickAddToCartButton is PASSED

2021-01-12 07:46:29 - [MESSAGE][PASSED] - Object 'Object Repository/Journey/JourneyPortal/Product/AddToCart' is present

2021-01-12 07:46:29 - [MESSAGE][PASSED] - Object 'Object Repository/Journey/JourneyPortal/Product/AddToCart' is visible

2021-01-12 07:46:30 - [MESSAGE][PASSED] - Object 'Object Repository/Journey/JourneyPortal/Product/AddToCart' is clickable

2021-01-12 07:46:30 - [MESSAGE][PASSED] - Object: 'Object Repository/Journey/JourneyPortal/Product/AddToCart' is clicked on

2021-01-12 07:46:30 - [MESSAGE][PASSED] - Object 'Object Repository/Journey/JourneyPortal/Product/AddToCart' is present

2021-01-12 07:46:31 - [MESSAGE][PASSED] - Object 'Object Repository/Journey/JourneyPortal/Product/AddToCart' is visible

2021-01-12 07:46:31 - [MESSAGE][PASSED] - Object 'Object Repository/Journey/JourneyPortal/Product/AddToCart' is clickable

2021-01-12 07:46:31 - [MESSAGE][PASSED] - Object: 'Object Repository/Journey/JourneyPortal/Product/AddToCart' is clicked on

2021-01-12 07:46:32 - [MESSAGE][PASSED] - Object 'Object Repository/Journey/JourneyPortal/Product/AddToCart' is present

2021-01-12 07:46:32 - [MESSAGE][PASSED] - Object 'Object Repository/Journey/JourneyPortal/Product/AddToCart' is visible

2021-01-12 07:46:32 - [MESSAGE][PASSED] - Object 'Object Repository/Journey/JourneyPortal/Product/AddToCart' is clickable

2021-01-12 07:46:33 - [MESSAGE][PASSED] - Object: 'Object Repository/Journey/JourneyPortal/Product/AddToCart' is clicked on

2021-01-12 07:46:33 - [MESSAGE][PASSED] - Object 'Object Repository/Journey/JourneyPortal/Product/AddToCart' is present

2021-01-12 07:46:33 - [MESSAGE][PASSED] - Object 'Object Repository/Journey/JourneyPortal/Product/AddToCart' is visible

2021-01-12 07:46:33 - [MESSAGE][PASSED] - Object 'Object Repository/Journey/JourneyPortal/Product/AddToCart' is clickable

2021-01-12 07:46:34 - [MESSAGE][PASSED] - Object: 'Object Repository/Journey/JourneyPortal/Product/AddToCart' is clicked on

2021-01-12 07:46:34 - [MESSAGE][PASSED] - Object 'Object Repository/Journey/JourneyPortal/Product/AddToCart' is present

2021-01-12 07:46:34 - [MESSAGE][PASSED] - Object 'Object Repository/Journey/JourneyPortal/Product/AddToCart' is visible

2021-01-12 07:46:35 - [MESSAGE][PASSED] - Object 'Object Repository/Journey/JourneyPortal/Product/AddToCart' is clickable

2021-01-12 07:46:35 - [MESSAGE][PASSED] - Object: 'Object Repository/Journey/JourneyPortal/Product/AddToCart' is clicked on

2021-01-12 07:46:35 - [MESSAGE][PASSED] - Object 'Object Repository/Journey/JourneyPortal/Product/AddToCart' is present

2021-01-12 07:46:36 - [MESSAGE][PASSED] - Object 'Object Repository/Journey/JourneyPortal/Product/AddToCart' is visible

2021-01-12 07:46:36 - [MESSAGE][PASSED] - Object 'Object Repository/Journey/JourneyPortal/Product/AddToCart' is clickable

2021-01-12 07:46:36 - [MESSAGE][PASSED] - Object: 'Object Repository/Journey/JourneyPortal/Product/AddToCart' is clicked on

2021-01-12 07:46:37 - [MESSAGE][PASSED] - Object 'Object Repository/Journey/JourneyPortal/Product/closeButton' is present

2021-01-12 07:46:37 - [MESSAGE][PASSED] - Object 'Object Repository/Journey/JourneyPortal/Product/closeButton' is visible

2021-01-12 07:46:37 - [MESSAGE][PASSED] - Object 'Object Repository/Journey/JourneyPortal/Product/closeButton' is clickable

2021-01-12 07:46:38 - [MESSAGE][PASSED] - Object: 'Object Repository/Journey/JourneyPortal/Product/closeButton' is clicked on

2021-01-12 07:46:38 - [MESSAGE][PASSED] - pages.JourneyPortal.clickAddToCartButton is PASSED

2021-01-12 07:46:38 - [TEST_STEP][PASSED] - login.LoginForJourneyApplication.reloadThePage(): login.LoginForJourneyApplication.reloadThePage is PASSED

2021-01-12 07:46:38 - [MESSAGE][PASSED] - login.LoginForJourneyApplication.reloadThePage is PASSED

2021-01-12 07:46:38 - [TEST_STEP][PASSED] - productCount = pages.JourneyPortal.getProductsCount(): pages.JourneyPortal.getProductsCount is PASSED

2021-01-12 07:46:39 - [MESSAGE][PASSED] - Attribute 'data-count' of object 'Object Repository/Journey/JourneyPortal/Product/toGetProductsCountInTheCart' is: '1'

2021-01-12 07:46:39 - [MESSAGE][PASSED] - pages.JourneyPortal.getProductsCount is PASSED

2021-01-12 07:46:39 - [TEST_STEP][FAILED] - pages.JourneyPortal.verifyWhetherOrderedAndAvailableProductsCountAreSame(orderCount, productCount): com.kms.katalon.core.exception.StepFailedException: you have selected 6 products , but you have only 1

2021-01-12 07:46:39 - [MESSAGE][FAILED] - you have selected 6 products , but you have only 1

2021-01-12 07:46:39 - [MESSAGE][FAILED] - com.kms.katalon.core.exception.StepFailedException: you have selected 6 products , but you have only 1

2021-01-12 07:46:39 - [TEST_STEP][PASSED] - Start listener action : navigate: Object: 'Object Repository/Login Credentials/EnterButton' is clicked on

2021-01-12 07:46:39 - [TEST_STEP][PASSED] - openBrowser(""): Browser is opened with url: ''

2021-01-12 07:46:39 - [MESSAGE][WARNING] - A browser is already opened. Closing browser and opening a new one

2021-01-12 07:46:40 - [MESSAGE][INFO] - Starting 'Chrome' driver

2021-01-12 07:46:40 - [MESSAGE][INFO] - Action delay is set to 0 milliseconds

2021-01-12 07:46:44 - [MESSAGE][PASSED] - Browser is opened with url: ''

2021-01-12 07:46:44 - [TEST_STEP][PASSED] - maximizeWindow(): Current window maximized

2021-01-12 07:46:46 - [MESSAGE][PASSED] - Current window maximized

2021-01-12 07:46:46 - [TEST_STEP][PASSED] - navigateToUrl(Url): Navigate to 'https://dev-admin.modist.co/' successfully

2021-01-12 07:46:52 - [MESSAGE][PASSED] - Navigate to 'https://dev-admin.modist.co/' successfully

2021-01-12 07:46:52 - [TEST_STEP][PASSED] - loginPage.login(Email, Password): Object: 'Object Repository/Login Credentials/EnterButton' is clicked on

2021-01-12 07:46:53 - [MESSAGE][PASSED] - Object 'Object Repository/Login Credentials/Email' is present

2021-01-12 07:46:53 - [MESSAGE][PASSED] - Object 'Object Repository/Login Credentials/Email' is visible

2021-01-12 07:46:53 - [MESSAGE][PASSED] - Object 'Object Repository/Login Credentials/Email' is clickable

2021-01-12 07:46:53 - [MESSAGE][PASSED] - Text of object 'Object Repository/Login Credentials/Email' is cleared

2021-01-12 07:46:54 - [MESSAGE][PASSED] - Keys 'naresh.k@qualitlabs.com' sent to object: 'Object Repository/Login Credentials/Email'

2021-01-12 07:46:54 - [MESSAGE][PASSED] - Object 'Object Repository/Login Credentials/Password' is present

2021-01-12 07:46:54 - [MESSAGE][PASSED] - Object 'Object Repository/Login Credentials/Password' is visible

2021-01-12 07:46:55 - [MESSAGE][PASSED] - Object 'Object Repository/Login Credentials/Password' is clickable

2021-01-12 07:46:55 - [MESSAGE][PASSED] - Text of object 'Object Repository/Login Credentials/Password' is cleared

2021-01-12 07:46:55 - [MESSAGE][PASSED] - Keys 'Qualitlabs1?' sent to object: 'Object Repository/Login Credentials/Password'

2021-01-12 07:46:56 - [MESSAGE][PASSED] - Object 'Object Repository/Login Credentials/EnterButton' is present

2021-01-12 07:46:56 - [MESSAGE][PASSED] - Object 'Object Repository/Login Credentials/EnterButton' is visible

2021-01-12 07:46:57 - [MESSAGE][PASSED] - Object 'Object Repository/Login Credentials/EnterButton' is clickable

2021-01-12 07:46:57 - [MESSAGE][PASSED] - Object: 'Object Repository/Login Credentials/EnterButton' is clicked on]]></system-out>
         <system-err><![CDATA[2021-01-12 07:45:42 - [TEST_CASE][FAILED] - Test Cases/JourneyPortal/AddProductToCartMulitpleTimesAndVerifyTheProductsCountAfterRefresh: Test Cases/JourneyPortal/AddProductToCartMulitpleTimesAndVerifyTheProductsCountAfterRefresh FAILED.
Reason:
com.kms.katalon.core.exception.StepFailedException: you have selected 6 products , but you have only 1
	at com.kms.katalon.core.util.KeywordUtil.markFailed(KeywordUtil.java:19)
	at com.kms.katalon.core.util.KeywordUtil$markFailed$0.call(Unknown Source)
	at pages.JourneyPortal.verifyWhetherOrderedAndAvailableProductsCountAreSame(JourneyPortal.groovy:119)
	at pages.JourneyPortal.invokeMethod(JourneyPortal.groovy)
	at com.kms.katalon.core.main.CustomKeywordDelegatingMetaClass.invokeStaticMethod(CustomKeywordDelegatingMetaClass.java:50)
	at AddProductToCartMulitpleTimesAndVerifyTheProductsCountAfterRefresh.run(AddProductToCartMulitpleTimesAndVerifyTheProductsCountAfterRefresh:40)
	at com.kms.katalon.core.main.ScriptEngine.run(ScriptEngine.java:194)
	at com.kms.katalon.core.main.ScriptEngine.runScriptAsRawText(ScriptEngine.java:119)
	at com.kms.katalon.core.main.TestCaseExecutor.runScript(TestCaseExecutor.java:339)
	at com.kms.katalon.core.main.TestCaseExecutor.doExecute(TestCaseExecutor.java:330)
	at com.kms.katalon.core.main.TestCaseExecutor.processExecutionPhase(TestCaseExecutor.java:309)
	at com.kms.katalon.core.main.TestCaseExecutor.accessMainPhase(TestCaseExecutor.java:301)
	at com.kms.katalon.core.main.TestCaseExecutor.execute(TestCaseExecutor.java:235)
	at com.kms.katalon.core.main.TestSuiteExecutor.accessTestCaseMainPhase(TestSuiteExecutor.java:191)
	at com.kms.katalon.core.main.TestSuiteExecutor.accessTestSuiteMainPhase(TestSuiteExecutor.java:141)
	at com.kms.katalon.core.main.TestSuiteExecutor.execute(TestSuiteExecutor.java:90)
	at com.kms.katalon.core.main.TestCaseMain.startTestSuite(TestCaseMain.java:157)
	at com.kms.katalon.core.main.TestCaseMain$startTestSuite$0.call(Unknown Source)
	at TempTestSuite1610455440620.run(TempTestSuite1610455440620.groovy:39)]]></system-err>
      </testcase>
      <testcase name="Test Cases/JourneyPortal/clickingOnTheRightAndLeftIsNavigatingCorrctly" time="64.105" classname="Test Cases/JourneyPortal/clickingOnTheRightAndLeftIsNavigatingCorrctly" status="PASSED">
         <system-out><![CDATA[2021-01-12 07:46:57 - [TEST_CASE][PASSED] - Test Cases/JourneyPortal/clickingOnTheRightAndLeftIsNavigatingCorrctly: Test Cases/JourneyPortal/clickingOnTheRightAndLeftIsNavigatingCorrctly

2021-01-12 07:46:57 - [TEST_STEP][PASSED] - pages.Journey.clickOnJourneyTab(): pages.Journey.clickOnJourneyTab is PASSED

2021-01-12 07:46:59 - [MESSAGE][PASSED] - Object 'Object Repository/Journey/Journeytab' is present

2021-01-12 07:47:00 - [MESSAGE][PASSED] - Object 'Object Repository/Journey/Journeytab' is visible

2021-01-12 07:47:00 - [MESSAGE][PASSED] - Object 'Object Repository/Journey/Journeytab' is clickable

2021-01-12 07:47:01 - [MESSAGE][PASSED] - Object: 'Object Repository/Journey/Journeytab' is clicked on

2021-01-12 07:47:01 - [MESSAGE][PASSED] - pages.Journey.clickOnJourneyTab is PASSED

2021-01-12 07:47:01 - [TEST_STEP][PASSED] - journeyName = pages.Journey.getRandomJourneyName(): pages.Journey.getRandomJourneyName is PASSED

2021-01-12 07:47:10 - [MESSAGE][PASSED] - Object 'Object Repository/Journey/toGetJourneysCount' is present

2021-01-12 07:47:10 - [MESSAGE][PASSED] - Object 'Object Repository/Journey/toGetJourneysCount' is present

2021-01-12 07:47:11 - [MESSAGE][PASSED] - Text of object 'Object Repository/Journey/toPickrandomJourney(index)' is: 'JO8'

2021-01-12 07:47:11 - [MESSAGE][PASSED] - pages.Journey.getRandomJourneyName is PASSED

2021-01-12 07:47:11 - [TEST_STEP][PASSED] - accessCode = pages.Journey.getExistingJourneyAccesscode(journeyName): pages.Journey.getExistingJourneyAccesscode is PASSED

2021-01-12 07:47:11 - [MESSAGE][PASSED] - Object 'Object Repository/Journey/journrySearchInput' is present

2021-01-12 07:47:12 - [MESSAGE][PASSED] - Object 'Object Repository/Journey/journrySearchInput' is visible

2021-01-12 07:47:12 - [MESSAGE][PASSED] - Object 'Object Repository/Journey/journrySearchInput' is clickable

2021-01-12 07:47:12 - [MESSAGE][PASSED] - Text of object 'Object Repository/Journey/journrySearchInput' is cleared

2021-01-12 07:47:13 - [MESSAGE][PASSED] - Keys 'JO8' sent to object: 'Object Repository/Journey/journrySearchInput'

2021-01-12 07:47:13 - [MESSAGE][PASSED] - Object 'Object Repository/Journey/journrySearchInput' is present

2021-01-12 07:47:14 - [MESSAGE][PASSED] - Object 'Object Repository/Journey/journrySearchInput' is visible

2021-01-12 07:47:15 - [MESSAGE][PASSED] - Object 'Object Repository/Journey/journrySearchInput' is clickable

2021-01-12 07:47:15 - [MESSAGE][PASSED] - Text of object 'Object Repository/Journey/journrySearchInput' is cleared

2021-01-12 07:47:15 - [MESSAGE][PASSED] - Keys 'ENTER + ' sent to object: 'Object Repository/Journey/journrySearchInput'

2021-01-12 07:47:16 - [MESSAGE][PASSED] - Object 'Object Repository/Journey/JourneyName(journeyName)' is present

2021-01-12 07:47:16 - [MESSAGE][PASSED] - Object 'Object Repository/Journey/journrySearchInput' is present

2021-01-12 07:47:16 - [MESSAGE][PASSED] - Object 'Object Repository/Journey/journrySearchInput' is visible

2021-01-12 07:47:17 - [MESSAGE][PASSED] - Object 'Object Repository/Journey/journrySearchInput' is clickable

2021-01-12 07:47:17 - [MESSAGE][PASSED] - Text of object 'Object Repository/Journey/journrySearchInput' is cleared

2021-01-12 07:47:17 - [MESSAGE][PASSED] - Keys 'JO8' sent to object: 'Object Repository/Journey/journrySearchInput'

2021-01-12 07:47:19 - [MESSAGE][PASSED] - Object 'Object Repository/Journey/journrySearchInput' is present

2021-01-12 07:47:19 - [MESSAGE][PASSED] - Object 'Object Repository/Journey/journrySearchInput' is visible

2021-01-12 07:47:20 - [MESSAGE][PASSED] - Object 'Object Repository/Journey/journrySearchInput' is clickable

2021-01-12 07:47:20 - [MESSAGE][PASSED] - Text of object 'Object Repository/Journey/journrySearchInput' is cleared

2021-01-12 07:47:20 - [MESSAGE][PASSED] - Keys 'ENTER + ' sent to object: 'Object Repository/Journey/journrySearchInput'

2021-01-12 07:47:21 - [MESSAGE][PASSED] - Object 'Object Repository/Journey/JourneyName(journeyName)' is present

2021-01-12 07:47:21 - [MESSAGE][PASSED] - Object 'Object Repository/Journey/clickVerifyingJourney(journeyName)' is present

2021-01-12 07:47:21 - [MESSAGE][PASSED] - Object 'Object Repository/Journey/clickVerifyingJourney(journeyName)' is visible

2021-01-12 07:47:22 - [MESSAGE][PASSED] - Object 'Object Repository/Journey/clickVerifyingJourney(journeyName)' is clickable

2021-01-12 07:47:22 - [MESSAGE][PASSED] - Object: 'Object Repository/Journey/clickVerifyingJourney(journeyName)' is clicked on

2021-01-12 07:47:22 - [MESSAGE][PASSED] - Scroll to object 'Object Repository/Journey/Current Access Codes/currentAccessCodeField' successfully

2021-01-12 07:47:23 - [MESSAGE][PASSED] - Object 'Object Repository/Journey/Current Access Codes/getAccessCodesCount' is present

2021-01-12 07:47:24 - [MESSAGE][PASSED] - Text of object 'Object Repository/Journey/Current Access Codes/getAccessCodeText(index)' is: 'access9'

2021-01-12 07:47:24 - [MESSAGE][PASSED] - pages.Journey.getExistingJourneyAccesscode is PASSED

2021-01-12 07:47:24 - [TEST_STEP][PASSED] - login.LoginForJourneyApplication.loginToJourneyApplication(): login.LoginForJourneyApplication.loginToJourneyApplication is PASSED

2021-01-12 07:47:27 - [MESSAGE][PASSED] - Navigate to 'https://qualitlabs.dev.modist.co/' successfully

2021-01-12 07:47:27 - [MESSAGE][PASSED] - login.LoginForJourneyApplication.loginToJourneyApplication is PASSED

2021-01-12 07:47:27 - [TEST_STEP][PASSED] - pages.Journey.enterAccessCodeInJourney(accessCode): pages.Journey.enterAccessCodeInJourney is PASSED

2021-01-12 07:47:28 - [MESSAGE][PASSED] - Object 'Object Repository/Journey/JourneyPortal/enterAccessCode' is present

2021-01-12 07:47:28 - [MESSAGE][PASSED] - Object 'Object Repository/Journey/JourneyPortal/enterAccessCode' is visible

2021-01-12 07:47:28 - [MESSAGE][PASSED] - Object 'Object Repository/Journey/JourneyPortal/enterAccessCode' is clickable

2021-01-12 07:47:29 - [MESSAGE][PASSED] - Text of object 'Object Repository/Journey/JourneyPortal/enterAccessCode' is cleared

2021-01-12 07:47:29 - [MESSAGE][PASSED] - Keys 'access9' sent to object: 'Object Repository/Journey/JourneyPortal/enterAccessCode'

2021-01-12 07:47:29 - [MESSAGE][PASSED] - pages.Journey.enterAccessCodeInJourney is PASSED

2021-01-12 07:47:29 - [TEST_STEP][PASSED] - pages.Journey.clickEnterButton(): pages.Journey.clickEnterButton is PASSED

2021-01-12 07:47:29 - [MESSAGE][PASSED] - Object 'Object Repository/Journey/JourneyPortal/EnterButton' is present

2021-01-12 07:47:30 - [MESSAGE][PASSED] - Object 'Object Repository/Journey/JourneyPortal/EnterButton' is visible

2021-01-12 07:47:30 - [MESSAGE][PASSED] - Object 'Object Repository/Journey/JourneyPortal/EnterButton' is clickable

2021-01-12 07:47:30 - [MESSAGE][PASSED] - Object: 'Object Repository/Journey/JourneyPortal/EnterButton' is clicked on

2021-01-12 07:47:30 - [MESSAGE][PASSED] - pages.Journey.clickEnterButton is PASSED

2021-01-12 07:47:30 - [TEST_STEP][PASSED] - pages.JourneyPortal.openExistingSection(): pages.JourneyPortal.openExistingSection is PASSED

2021-01-12 07:47:33 - [MESSAGE][PASSED] - Object 'Object Repository/Journey/JourneyPortal/Section/getSectionsCount' is present

2021-01-12 07:47:33 - [MESSAGE][PASSED] - Object 'Object Repository/Journey/JourneyPortal/Section/openSection(index)' is present

2021-01-12 07:47:34 - [MESSAGE][PASSED] - Object 'Object Repository/Journey/JourneyPortal/Section/openSection(index)' is visible

2021-01-12 07:47:34 - [MESSAGE][PASSED] - Object 'Object Repository/Journey/JourneyPortal/Section/openSection(index)' is clickable

2021-01-12 07:47:34 - [MESSAGE][PASSED] - Object: 'Object Repository/Journey/JourneyPortal/Section/openSection(index)' is clicked on

2021-01-12 07:47:34 - [MESSAGE][PASSED] - pages.JourneyPortal.openExistingSection is PASSED

2021-01-12 07:47:34 - [TEST_STEP][PASSED] - pages.JourneyPortal.openAnyProductInTheJourneyPortal(): pages.JourneyPortal.openAnyProductInTheJourneyPortal is PASSED

2021-01-12 07:47:35 - [MESSAGE][PASSED] - Object 'Object Repository/Journey/JourneyPortal/Product/toGetProductsCountInTheCart' is present

2021-01-12 07:47:36 - [MESSAGE][PASSED] - Scroll to object 'Object Repository/Journey/JourneyPortal/Product/openAnyProduct(index)' successfully

2021-01-12 07:47:36 - [MESSAGE][PASSED] - Object 'Object Repository/Journey/JourneyPortal/Product/openAnyProduct(index)' is present

2021-01-12 07:47:37 - [MESSAGE][PASSED] - Object 'Object Repository/Journey/JourneyPortal/Product/openAnyProduct(index)' is visible

2021-01-12 07:47:37 - [MESSAGE][PASSED] - Object 'Object Repository/Journey/JourneyPortal/Product/openAnyProduct(index)' is clickable

2021-01-12 07:47:38 - [MESSAGE][PASSED] - Object: 'Object Repository/Journey/JourneyPortal/Product/openAnyProduct(index)' is clicked on

2021-01-12 07:47:38 - [MESSAGE][PASSED] - pages.JourneyPortal.openAnyProductInTheJourneyPortal is PASSED

2021-01-12 07:47:38 - [TEST_STEP][PASSED] - pages.Product.clickNextSlide(): pages.Product.clickNextSlide is PASSED

2021-01-12 07:47:39 - [MESSAGE][PASSED] - Object 'Object Repository/journeyPortal/rightDirectionButton' is present

2021-01-12 07:47:39 - [MESSAGE][PASSED] - Object 'Object Repository/journeyPortal/rightDirectionButton' is visible

2021-01-12 07:47:39 - [MESSAGE][PASSED] - Object 'Object Repository/journeyPortal/rightDirectionButton' is clickable

2021-01-12 07:47:39 - [MESSAGE][PASSED] - Object: 'Object Repository/journeyPortal/rightDirectionButton' is clicked on

2021-01-12 07:47:40 - [MESSAGE][PASSED] - Actual object '29836' and expected object '29835' are not equal

2021-01-12 07:47:40 - [MESSAGE][PASSED] - pages.Product.clickNextSlide is PASSED

2021-01-12 07:47:40 - [TEST_STEP][PASSED] - pages.Product.clickPreviousSlide(): pages.Product.clickPreviousSlide is PASSED

2021-01-12 07:47:41 - [MESSAGE][PASSED] - Object 'Object Repository/journeyPortal/leftDirectionButton' is present

2021-01-12 07:47:41 - [MESSAGE][PASSED] - Object 'Object Repository/journeyPortal/leftDirectionButton' is visible

2021-01-12 07:47:41 - [MESSAGE][PASSED] - Object 'Object Repository/journeyPortal/leftDirectionButton' is clickable

2021-01-12 07:47:42 - [MESSAGE][PASSED] - Object: 'Object Repository/journeyPortal/leftDirectionButton' is clicked on

2021-01-12 07:47:42 - [MESSAGE][PASSED] - Actual object '29835' and expected object '29836' are not equal

2021-01-12 07:47:42 - [MESSAGE][PASSED] - pages.Product.clickPreviousSlide is PASSED

2021-01-12 07:47:42 - [TEST_STEP][PASSED] - Start listener action : navigate: Object: 'Object Repository/Login Credentials/EnterButton' is clicked on

2021-01-12 07:47:42 - [TEST_STEP][PASSED] - openBrowser(""): Browser is opened with url: ''

2021-01-12 07:47:42 - [MESSAGE][WARNING] - A browser is already opened. Closing browser and opening a new one

2021-01-12 07:47:43 - [MESSAGE][INFO] - Starting 'Chrome' driver

2021-01-12 07:47:43 - [MESSAGE][INFO] - Action delay is set to 0 milliseconds

2021-01-12 07:47:47 - [MESSAGE][PASSED] - Browser is opened with url: ''

2021-01-12 07:47:47 - [TEST_STEP][PASSED] - maximizeWindow(): Current window maximized

2021-01-12 07:47:49 - [MESSAGE][PASSED] - Current window maximized

2021-01-12 07:47:49 - [TEST_STEP][PASSED] - navigateToUrl(Url): Navigate to 'https://dev-admin.modist.co/' successfully

2021-01-12 07:47:56 - [MESSAGE][PASSED] - Navigate to 'https://dev-admin.modist.co/' successfully

2021-01-12 07:47:56 - [TEST_STEP][PASSED] - loginPage.login(Email, Password): Object: 'Object Repository/Login Credentials/EnterButton' is clicked on

2021-01-12 07:47:56 - [MESSAGE][PASSED] - Object 'Object Repository/Login Credentials/Email' is present

2021-01-12 07:47:57 - [MESSAGE][PASSED] - Object 'Object Repository/Login Credentials/Email' is visible

2021-01-12 07:47:57 - [MESSAGE][PASSED] - Object 'Object Repository/Login Credentials/Email' is clickable

2021-01-12 07:47:58 - [MESSAGE][PASSED] - Text of object 'Object Repository/Login Credentials/Email' is cleared

2021-01-12 07:47:58 - [MESSAGE][PASSED] - Keys 'naresh.k@qualitlabs.com' sent to object: 'Object Repository/Login Credentials/Email'

2021-01-12 07:47:58 - [MESSAGE][PASSED] - Object 'Object Repository/Login Credentials/Password' is present

2021-01-12 07:47:59 - [MESSAGE][PASSED] - Object 'Object Repository/Login Credentials/Password' is visible

2021-01-12 07:47:59 - [MESSAGE][PASSED] - Object 'Object Repository/Login Credentials/Password' is clickable

2021-01-12 07:47:59 - [MESSAGE][PASSED] - Text of object 'Object Repository/Login Credentials/Password' is cleared

2021-01-12 07:48:00 - [MESSAGE][PASSED] - Keys 'Qualitlabs1?' sent to object: 'Object Repository/Login Credentials/Password'

2021-01-12 07:48:00 - [MESSAGE][PASSED] - Object 'Object Repository/Login Credentials/EnterButton' is present

2021-01-12 07:48:00 - [MESSAGE][PASSED] - Object 'Object Repository/Login Credentials/EnterButton' is visible

2021-01-12 07:48:01 - [MESSAGE][PASSED] - Object 'Object Repository/Login Credentials/EnterButton' is clickable

2021-01-12 07:48:01 - [MESSAGE][PASSED] - Object: 'Object Repository/Login Credentials/EnterButton' is clicked on]]></system-out>
         <system-err><![CDATA[]]></system-err>
      </testcase>
      <testcase name="Test Cases/JourneyPortal/loginToJourneyApplicationThroughAccessCodeAndVerifyTheDisplayPage" time="55.636" classname="Test Cases/JourneyPortal/loginToJourneyApplicationThroughAccessCodeAndVerifyTheDisplayPage" status="PASSED">
         <system-out><![CDATA[2021-01-12 07:48:01 - [TEST_CASE][PASSED] - Test Cases/JourneyPortal/loginToJourneyApplicationThroughAccessCodeAndVerifyTheDisplayPage: Test Cases/JourneyPortal/loginToJourneyApplicationThroughAccessCodeAndVerifyTheDisplayPage

2021-01-12 07:48:01 - [TEST_STEP][PASSED] - pages.Journey.clickOnJourneyTab(): pages.Journey.clickOnJourneyTab is PASSED

2021-01-12 07:48:03 - [MESSAGE][PASSED] - Object 'Object Repository/Journey/Journeytab' is present

2021-01-12 07:48:04 - [MESSAGE][PASSED] - Object 'Object Repository/Journey/Journeytab' is visible

2021-01-12 07:48:04 - [MESSAGE][PASSED] - Object 'Object Repository/Journey/Journeytab' is clickable

2021-01-12 07:48:05 - [MESSAGE][PASSED] - Object: 'Object Repository/Journey/Journeytab' is clicked on

2021-01-12 07:48:05 - [MESSAGE][PASSED] - pages.Journey.clickOnJourneyTab is PASSED

2021-01-12 07:48:05 - [TEST_STEP][PASSED] - journeyName = pages.Journey.getRandomJourneyName(): pages.Journey.getRandomJourneyName is PASSED

2021-01-12 07:48:15 - [MESSAGE][PASSED] - Object 'Object Repository/Journey/toGetJourneysCount' is present

2021-01-12 07:48:15 - [MESSAGE][PASSED] - Object 'Object Repository/Journey/toGetJourneysCount' is present

2021-01-12 07:48:16 - [MESSAGE][PASSED] - Text of object 'Object Repository/Journey/toPickrandomJourney(index)' is: 'JO7'

2021-01-12 07:48:16 - [MESSAGE][PASSED] - pages.Journey.getRandomJourneyName is PASSED

2021-01-12 07:48:16 - [TEST_STEP][PASSED] - accessCode = pages.Journey.getExistingJourneyAccesscode(journeyName): pages.Journey.getExistingJourneyAccesscode is PASSED

2021-01-12 07:48:16 - [MESSAGE][PASSED] - Object 'Object Repository/Journey/journrySearchInput' is present

2021-01-12 07:48:17 - [MESSAGE][PASSED] - Object 'Object Repository/Journey/journrySearchInput' is visible

2021-01-12 07:48:17 - [MESSAGE][PASSED] - Object 'Object Repository/Journey/journrySearchInput' is clickable

2021-01-12 07:48:17 - [MESSAGE][PASSED] - Text of object 'Object Repository/Journey/journrySearchInput' is cleared

2021-01-12 07:48:18 - [MESSAGE][PASSED] - Keys 'JO7' sent to object: 'Object Repository/Journey/journrySearchInput'

2021-01-12 07:48:18 - [MESSAGE][PASSED] - Object 'Object Repository/Journey/journrySearchInput' is present

2021-01-12 07:48:19 - [MESSAGE][PASSED] - Object 'Object Repository/Journey/journrySearchInput' is visible

2021-01-12 07:48:19 - [MESSAGE][PASSED] - Object 'Object Repository/Journey/journrySearchInput' is clickable

2021-01-12 07:48:20 - [MESSAGE][PASSED] - Text of object 'Object Repository/Journey/journrySearchInput' is cleared

2021-01-12 07:48:20 - [MESSAGE][PASSED] - Keys 'ENTER + ' sent to object: 'Object Repository/Journey/journrySearchInput'

2021-01-12 07:48:21 - [MESSAGE][PASSED] - Object 'Object Repository/Journey/JourneyName(journeyName)' is present

2021-01-12 07:48:21 - [MESSAGE][PASSED] - Object 'Object Repository/Journey/journrySearchInput' is present

2021-01-12 07:48:21 - [MESSAGE][PASSED] - Object 'Object Repository/Journey/journrySearchInput' is visible

2021-01-12 07:48:21 - [MESSAGE][PASSED] - Object 'Object Repository/Journey/journrySearchInput' is clickable

2021-01-12 07:48:22 - [MESSAGE][PASSED] - Text of object 'Object Repository/Journey/journrySearchInput' is cleared

2021-01-12 07:48:22 - [MESSAGE][PASSED] - Keys 'JO7' sent to object: 'Object Repository/Journey/journrySearchInput'

2021-01-12 07:48:24 - [MESSAGE][PASSED] - Object 'Object Repository/Journey/journrySearchInput' is present

2021-01-12 07:48:24 - [MESSAGE][PASSED] - Object 'Object Repository/Journey/journrySearchInput' is visible

2021-01-12 07:48:24 - [MESSAGE][PASSED] - Object 'Object Repository/Journey/journrySearchInput' is clickable

2021-01-12 07:48:25 - [MESSAGE][PASSED] - Text of object 'Object Repository/Journey/journrySearchInput' is cleared

2021-01-12 07:48:25 - [MESSAGE][PASSED] - Keys 'ENTER + ' sent to object: 'Object Repository/Journey/journrySearchInput'

2021-01-12 07:48:25 - [MESSAGE][PASSED] - Object 'Object Repository/Journey/JourneyName(journeyName)' is present

2021-01-12 07:48:26 - [MESSAGE][PASSED] - Object 'Object Repository/Journey/clickVerifyingJourney(journeyName)' is present

2021-01-12 07:48:26 - [MESSAGE][PASSED] - Object 'Object Repository/Journey/clickVerifyingJourney(journeyName)' is visible

2021-01-12 07:48:27 - [MESSAGE][PASSED] - Object 'Object Repository/Journey/clickVerifyingJourney(journeyName)' is clickable

2021-01-12 07:48:27 - [MESSAGE][PASSED] - Object: 'Object Repository/Journey/clickVerifyingJourney(journeyName)' is clicked on

2021-01-12 07:48:27 - [MESSAGE][PASSED] - Scroll to object 'Object Repository/Journey/Current Access Codes/currentAccessCodeField' successfully

2021-01-12 07:48:29 - [MESSAGE][PASSED] - Object 'Object Repository/Journey/Current Access Codes/getAccessCodesCount' is present

2021-01-12 07:48:30 - [MESSAGE][PASSED] - Text of object 'Object Repository/Journey/Current Access Codes/getAccessCodeText(index)' is: 'qwe'

2021-01-12 07:48:30 - [MESSAGE][PASSED] - pages.Journey.getExistingJourneyAccesscode is PASSED

2021-01-12 07:48:30 - [TEST_STEP][PASSED] - login.LoginForJourneyApplication.loginToJourneyApplication(): login.LoginForJourneyApplication.loginToJourneyApplication is PASSED

2021-01-12 07:48:32 - [MESSAGE][PASSED] - Navigate to 'https://qualitlabs.dev.modist.co/' successfully

2021-01-12 07:48:32 - [MESSAGE][PASSED] - login.LoginForJourneyApplication.loginToJourneyApplication is PASSED

2021-01-12 07:48:32 - [TEST_STEP][PASSED] - pages.Journey.enterAccessCodeInJourney(accessCode): pages.Journey.enterAccessCodeInJourney is PASSED

2021-01-12 07:48:33 - [MESSAGE][PASSED] - Object 'Object Repository/Journey/JourneyPortal/enterAccessCode' is present

2021-01-12 07:48:33 - [MESSAGE][PASSED] - Object 'Object Repository/Journey/JourneyPortal/enterAccessCode' is visible

2021-01-12 07:48:34 - [MESSAGE][PASSED] - Object 'Object Repository/Journey/JourneyPortal/enterAccessCode' is clickable

2021-01-12 07:48:34 - [MESSAGE][PASSED] - Text of object 'Object Repository/Journey/JourneyPortal/enterAccessCode' is cleared

2021-01-12 07:48:34 - [MESSAGE][PASSED] - Keys 'qwe' sent to object: 'Object Repository/Journey/JourneyPortal/enterAccessCode'

2021-01-12 07:48:34 - [MESSAGE][PASSED] - pages.Journey.enterAccessCodeInJourney is PASSED

2021-01-12 07:48:34 - [TEST_STEP][PASSED] - pages.Journey.clickEnterButton(): pages.Journey.clickEnterButton is PASSED

2021-01-12 07:48:35 - [MESSAGE][PASSED] - Object 'Object Repository/Journey/JourneyPortal/EnterButton' is present

2021-01-12 07:48:35 - [MESSAGE][PASSED] - Object 'Object Repository/Journey/JourneyPortal/EnterButton' is visible

2021-01-12 07:48:35 - [MESSAGE][PASSED] - Object 'Object Repository/Journey/JourneyPortal/EnterButton' is clickable

2021-01-12 07:48:36 - [MESSAGE][PASSED] - Object: 'Object Repository/Journey/JourneyPortal/EnterButton' is clicked on

2021-01-12 07:48:36 - [MESSAGE][PASSED] - pages.Journey.clickEnterButton is PASSED

2021-01-12 07:48:36 - [TEST_STEP][PASSED] - pages.Journey.sectionPageVerification(): pages.Journey.sectionPageVerification is PASSED

2021-01-12 07:48:37 - [MESSAGE][PASSED] - Object 'Object Repository/Journey/JourneyPortal/Section/sectionPage' is present

2021-01-12 07:48:37 - [MESSAGE][PASSED] - pages.Journey.sectionPageVerification is PASSED

2021-01-12 07:48:37 - [TEST_STEP][PASSED] - Start listener action : navigate: Object: 'Object Repository/Login Credentials/EnterButton' is clicked on

2021-01-12 07:48:37 - [TEST_STEP][PASSED] - openBrowser(""): Browser is opened with url: ''

2021-01-12 07:48:37 - [MESSAGE][WARNING] - A browser is already opened. Closing browser and opening a new one

2021-01-12 07:48:37 - [MESSAGE][INFO] - Starting 'Chrome' driver

2021-01-12 07:48:37 - [MESSAGE][INFO] - Action delay is set to 0 milliseconds

2021-01-12 07:48:41 - [MESSAGE][PASSED] - Browser is opened with url: ''

2021-01-12 07:48:41 - [TEST_STEP][PASSED] - maximizeWindow(): Current window maximized

2021-01-12 07:48:43 - [MESSAGE][PASSED] - Current window maximized

2021-01-12 07:48:43 - [TEST_STEP][PASSED] - navigateToUrl(Url): Navigate to 'https://dev-admin.modist.co/' successfully

2021-01-12 07:48:52 - [MESSAGE][PASSED] - Navigate to 'https://dev-admin.modist.co/' successfully

2021-01-12 07:48:52 - [TEST_STEP][PASSED] - loginPage.login(Email, Password): Object: 'Object Repository/Login Credentials/EnterButton' is clicked on

2021-01-12 07:48:52 - [MESSAGE][PASSED] - Object 'Object Repository/Login Credentials/Email' is present

2021-01-12 07:48:53 - [MESSAGE][PASSED] - Object 'Object Repository/Login Credentials/Email' is visible

2021-01-12 07:48:53 - [MESSAGE][PASSED] - Object 'Object Repository/Login Credentials/Email' is clickable

2021-01-12 07:48:53 - [MESSAGE][PASSED] - Text of object 'Object Repository/Login Credentials/Email' is cleared

2021-01-12 07:48:54 - [MESSAGE][PASSED] - Keys 'naresh.k@qualitlabs.com' sent to object: 'Object Repository/Login Credentials/Email'

2021-01-12 07:48:54 - [MESSAGE][PASSED] - Object 'Object Repository/Login Credentials/Password' is present

2021-01-12 07:48:54 - [MESSAGE][PASSED] - Object 'Object Repository/Login Credentials/Password' is visible

2021-01-12 07:48:55 - [MESSAGE][PASSED] - Object 'Object Repository/Login Credentials/Password' is clickable

2021-01-12 07:48:55 - [MESSAGE][PASSED] - Text of object 'Object Repository/Login Credentials/Password' is cleared

2021-01-12 07:48:55 - [MESSAGE][PASSED] - Keys 'Qualitlabs1?' sent to object: 'Object Repository/Login Credentials/Password'

2021-01-12 07:48:56 - [MESSAGE][PASSED] - Object 'Object Repository/Login Credentials/EnterButton' is present

2021-01-12 07:48:56 - [MESSAGE][PASSED] - Object 'Object Repository/Login Credentials/EnterButton' is visible

2021-01-12 07:48:56 - [MESSAGE][PASSED] - Object 'Object Repository/Login Credentials/EnterButton' is clickable

2021-01-12 07:48:57 - [MESSAGE][PASSED] - Object: 'Object Repository/Login Credentials/EnterButton' is clicked on]]></system-out>
         <system-err><![CDATA[]]></system-err>
      </testcase>
      <testcase name="Test Cases/JourneyPortal/loginToJourneyApplicationThroughInvalidAccessCodeAndVerifyTheErrorMessage" time="56.426" classname="Test Cases/JourneyPortal/loginToJourneyApplicationThroughInvalidAccessCodeAndVerifyTheErrorMessage" status="PASSED">
         <system-out><![CDATA[2021-01-12 07:48:57 - [TEST_CASE][PASSED] - Test Cases/JourneyPortal/loginToJourneyApplicationThroughInvalidAccessCodeAndVerifyTheErrorMessage: Test Cases/JourneyPortal/loginToJourneyApplicationThroughInvalidAccessCodeAndVerifyTheErrorMessage

2021-01-12 07:48:57 - [TEST_STEP][PASSED] - pages.Journey.clickOnJourneyTab(): pages.Journey.clickOnJourneyTab is PASSED

2021-01-12 07:48:59 - [MESSAGE][PASSED] - Object 'Object Repository/Journey/Journeytab' is present

2021-01-12 07:48:59 - [MESSAGE][PASSED] - Object 'Object Repository/Journey/Journeytab' is visible

2021-01-12 07:48:59 - [MESSAGE][PASSED] - Object 'Object Repository/Journey/Journeytab' is clickable

2021-01-12 07:49:00 - [MESSAGE][PASSED] - Object: 'Object Repository/Journey/Journeytab' is clicked on

2021-01-12 07:49:00 - [MESSAGE][PASSED] - pages.Journey.clickOnJourneyTab is PASSED

2021-01-12 07:49:00 - [TEST_STEP][PASSED] - journeyName = pages.Journey.getRandomJourneyName(): pages.Journey.getRandomJourneyName is PASSED

2021-01-12 07:49:09 - [MESSAGE][PASSED] - Object 'Object Repository/Journey/toGetJourneysCount' is present

2021-01-12 07:49:10 - [MESSAGE][PASSED] - Object 'Object Repository/Journey/toGetJourneysCount' is present

2021-01-12 07:49:10 - [MESSAGE][PASSED] - Text of object 'Object Repository/Journey/toPickrandomJourney(index)' is: 'JO3'

2021-01-12 07:49:10 - [MESSAGE][PASSED] - pages.Journey.getRandomJourneyName is PASSED

2021-01-12 07:49:10 - [TEST_STEP][PASSED] - accessCode = pages.Journey.getExistingJourneyAccesscode(journeyName): pages.Journey.getExistingJourneyAccesscode is PASSED

2021-01-12 07:49:11 - [MESSAGE][PASSED] - Object 'Object Repository/Journey/journrySearchInput' is present

2021-01-12 07:49:11 - [MESSAGE][PASSED] - Object 'Object Repository/Journey/journrySearchInput' is visible

2021-01-12 07:49:11 - [MESSAGE][PASSED] - Object 'Object Repository/Journey/journrySearchInput' is clickable

2021-01-12 07:49:12 - [MESSAGE][PASSED] - Text of object 'Object Repository/Journey/journrySearchInput' is cleared

2021-01-12 07:49:12 - [MESSAGE][PASSED] - Keys 'JO3' sent to object: 'Object Repository/Journey/journrySearchInput'

2021-01-12 07:49:12 - [MESSAGE][PASSED] - Object 'Object Repository/Journey/journrySearchInput' is present

2021-01-12 07:49:14 - [MESSAGE][PASSED] - Object 'Object Repository/Journey/journrySearchInput' is visible

2021-01-12 07:49:14 - [MESSAGE][PASSED] - Object 'Object Repository/Journey/journrySearchInput' is clickable

2021-01-12 07:49:14 - [MESSAGE][PASSED] - Text of object 'Object Repository/Journey/journrySearchInput' is cleared

2021-01-12 07:49:15 - [MESSAGE][PASSED] - Keys 'ENTER + ' sent to object: 'Object Repository/Journey/journrySearchInput'

2021-01-12 07:49:15 - [MESSAGE][PASSED] - Object 'Object Repository/Journey/JourneyName(journeyName)' is present

2021-01-12 07:49:15 - [MESSAGE][PASSED] - Object 'Object Repository/Journey/journrySearchInput' is present

2021-01-12 07:49:16 - [MESSAGE][PASSED] - Object 'Object Repository/Journey/journrySearchInput' is visible

2021-01-12 07:49:16 - [MESSAGE][PASSED] - Object 'Object Repository/Journey/journrySearchInput' is clickable

2021-01-12 07:49:16 - [MESSAGE][PASSED] - Text of object 'Object Repository/Journey/journrySearchInput' is cleared

2021-01-12 07:49:17 - [MESSAGE][PASSED] - Keys 'JO3' sent to object: 'Object Repository/Journey/journrySearchInput'

2021-01-12 07:49:18 - [MESSAGE][PASSED] - Object 'Object Repository/Journey/journrySearchInput' is present

2021-01-12 07:49:19 - [MESSAGE][PASSED] - Object 'Object Repository/Journey/journrySearchInput' is visible

2021-01-12 07:49:19 - [MESSAGE][PASSED] - Object 'Object Repository/Journey/journrySearchInput' is clickable

2021-01-12 07:49:19 - [MESSAGE][PASSED] - Text of object 'Object Repository/Journey/journrySearchInput' is cleared

2021-01-12 07:49:19 - [MESSAGE][PASSED] - Keys 'ENTER + ' sent to object: 'Object Repository/Journey/journrySearchInput'

2021-01-12 07:49:20 - [MESSAGE][PASSED] - Object 'Object Repository/Journey/JourneyName(journeyName)' is present

2021-01-12 07:49:20 - [MESSAGE][PASSED] - Object 'Object Repository/Journey/clickVerifyingJourney(journeyName)' is present

2021-01-12 07:49:20 - [MESSAGE][PASSED] - Object 'Object Repository/Journey/clickVerifyingJourney(journeyName)' is visible

2021-01-12 07:49:21 - [MESSAGE][PASSED] - Object 'Object Repository/Journey/clickVerifyingJourney(journeyName)' is clickable

2021-01-12 07:49:21 - [MESSAGE][PASSED] - Object: 'Object Repository/Journey/clickVerifyingJourney(journeyName)' is clicked on

2021-01-12 07:49:22 - [MESSAGE][PASSED] - Scroll to object 'Object Repository/Journey/Current Access Codes/currentAccessCodeField' successfully

2021-01-12 07:49:23 - [MESSAGE][PASSED] - Object 'Object Repository/Journey/Current Access Codes/getAccessCodesCount' is present

2021-01-12 07:49:24 - [MESSAGE][PASSED] - Text of object 'Object Repository/Journey/Current Access Codes/getAccessCodeText(index)' is: 'access13'

2021-01-12 07:49:24 - [MESSAGE][PASSED] - pages.Journey.getExistingJourneyAccesscode is PASSED

2021-01-12 07:49:24 - [TEST_STEP][PASSED] - accessCode = accessCode + pages.Journey.getRandomCount(): pages.Journey.getRandomCount is PASSED

2021-01-12 07:49:24 - [MESSAGE][PASSED] - pages.Journey.getRandomCount is PASSED

2021-01-12 07:49:24 - [TEST_STEP][PASSED] - login.LoginForJourneyApplication.loginToJourneyApplication(): login.LoginForJourneyApplication.loginToJourneyApplication is PASSED

2021-01-12 07:49:26 - [MESSAGE][PASSED] - Navigate to 'https://qualitlabs.dev.modist.co/' successfully

2021-01-12 07:49:26 - [MESSAGE][PASSED] - login.LoginForJourneyApplication.loginToJourneyApplication is PASSED

2021-01-12 07:49:26 - [TEST_STEP][PASSED] - pages.Journey.enterAccessCodeInJourney(accessCode): pages.Journey.enterAccessCodeInJourney is PASSED

2021-01-12 07:49:27 - [MESSAGE][PASSED] - Object 'Object Repository/Journey/JourneyPortal/enterAccessCode' is present

2021-01-12 07:49:27 - [MESSAGE][PASSED] - Object 'Object Repository/Journey/JourneyPortal/enterAccessCode' is visible

2021-01-12 07:49:28 - [MESSAGE][PASSED] - Object 'Object Repository/Journey/JourneyPortal/enterAccessCode' is clickable

2021-01-12 07:49:28 - [MESSAGE][PASSED] - Text of object 'Object Repository/Journey/JourneyPortal/enterAccessCode' is cleared

2021-01-12 07:49:28 - [MESSAGE][PASSED] - Keys 'access130' sent to object: 'Object Repository/Journey/JourneyPortal/enterAccessCode'

2021-01-12 07:49:28 - [MESSAGE][PASSED] - pages.Journey.enterAccessCodeInJourney is PASSED

2021-01-12 07:49:28 - [TEST_STEP][PASSED] - pages.Journey.clickEnterButton(): pages.Journey.clickEnterButton is PASSED

2021-01-12 07:49:29 - [MESSAGE][PASSED] - Object 'Object Repository/Journey/JourneyPortal/EnterButton' is present

2021-01-12 07:49:29 - [MESSAGE][PASSED] - Object 'Object Repository/Journey/JourneyPortal/EnterButton' is visible

2021-01-12 07:49:29 - [MESSAGE][PASSED] - Object 'Object Repository/Journey/JourneyPortal/EnterButton' is clickable

2021-01-12 07:49:30 - [MESSAGE][PASSED] - Object: 'Object Repository/Journey/JourneyPortal/EnterButton' is clicked on

2021-01-12 07:49:30 - [MESSAGE][PASSED] - pages.Journey.clickEnterButton is PASSED

2021-01-12 07:49:30 - [TEST_STEP][PASSED] - pages.Journey.errorLoginCheck(): pages.Journey.errorLoginCheck is PASSED

2021-01-12 07:49:31 - [MESSAGE][PASSED] - Object 'Object Repository/Journey/JourneyPortal/warningMessageForInvalidAccessCode' is present

2021-01-12 07:49:31 - [MESSAGE][PASSED] - pages.Journey.errorLoginCheck is PASSED

2021-01-12 07:49:31 - [TEST_STEP][PASSED] - Start listener action : navigate: Object: 'Object Repository/Login Credentials/EnterButton' is clicked on

2021-01-12 07:49:31 - [TEST_STEP][PASSED] - openBrowser(""): Browser is opened with url: ''

2021-01-12 07:49:31 - [MESSAGE][WARNING] - A browser is already opened. Closing browser and opening a new one

2021-01-12 07:49:31 - [MESSAGE][INFO] - Starting 'Chrome' driver

2021-01-12 07:49:31 - [MESSAGE][INFO] - Action delay is set to 0 milliseconds

2021-01-12 07:49:35 - [MESSAGE][PASSED] - Browser is opened with url: ''

2021-01-12 07:49:35 - [TEST_STEP][PASSED] - maximizeWindow(): Current window maximized

2021-01-12 07:49:37 - [MESSAGE][PASSED] - Current window maximized

2021-01-12 07:49:37 - [TEST_STEP][PASSED] - navigateToUrl(Url): Navigate to 'https://dev-admin.modist.co/' successfully

2021-01-12 07:49:48 - [MESSAGE][PASSED] - Navigate to 'https://dev-admin.modist.co/' successfully

2021-01-12 07:49:48 - [TEST_STEP][PASSED] - loginPage.login(Email, Password): Object: 'Object Repository/Login Credentials/EnterButton' is clicked on

2021-01-12 07:49:49 - [MESSAGE][PASSED] - Object 'Object Repository/Login Credentials/Email' is present

2021-01-12 07:49:49 - [MESSAGE][PASSED] - Object 'Object Repository/Login Credentials/Email' is visible

2021-01-12 07:49:49 - [MESSAGE][PASSED] - Object 'Object Repository/Login Credentials/Email' is clickable

2021-01-12 07:49:50 - [MESSAGE][PASSED] - Text of object 'Object Repository/Login Credentials/Email' is cleared

2021-01-12 07:49:50 - [MESSAGE][PASSED] - Keys 'naresh.k@qualitlabs.com' sent to object: 'Object Repository/Login Credentials/Email'

2021-01-12 07:49:51 - [MESSAGE][PASSED] - Object 'Object Repository/Login Credentials/Password' is present

2021-01-12 07:49:51 - [MESSAGE][PASSED] - Object 'Object Repository/Login Credentials/Password' is visible

2021-01-12 07:49:51 - [MESSAGE][PASSED] - Object 'Object Repository/Login Credentials/Password' is clickable

2021-01-12 07:49:51 - [MESSAGE][PASSED] - Text of object 'Object Repository/Login Credentials/Password' is cleared

2021-01-12 07:49:52 - [MESSAGE][PASSED] - Keys 'Qualitlabs1?' sent to object: 'Object Repository/Login Credentials/Password'

2021-01-12 07:49:52 - [MESSAGE][PASSED] - Object 'Object Repository/Login Credentials/EnterButton' is present

2021-01-12 07:49:53 - [MESSAGE][PASSED] - Object 'Object Repository/Login Credentials/EnterButton' is visible

2021-01-12 07:49:53 - [MESSAGE][PASSED] - Object 'Object Repository/Login Credentials/EnterButton' is clickable

2021-01-12 07:49:53 - [MESSAGE][PASSED] - Object: 'Object Repository/Login Credentials/EnterButton' is clicked on]]></system-out>
         <system-err><![CDATA[]]></system-err>
      </testcase>
      <testcase name="Test Cases/JourneyPortal/loginToJourneyApplicationWithEmptyAccessCode" time="50.091" classname="Test Cases/JourneyPortal/loginToJourneyApplicationWithEmptyAccessCode" status="PASSED">
         <system-out><![CDATA[2021-01-12 07:49:53 - [TEST_CASE][PASSED] - Test Cases/JourneyPortal/loginToJourneyApplicationWithEmptyAccessCode: Test Cases/JourneyPortal/loginToJourneyApplicationWithEmptyAccessCode

2021-01-12 07:49:53 - [TEST_STEP][PASSED] - pages.Journey.clickOnJourneyTab(): pages.Journey.clickOnJourneyTab is PASSED

2021-01-12 07:49:55 - [MESSAGE][PASSED] - Object 'Object Repository/Journey/Journeytab' is present

2021-01-12 07:49:56 - [MESSAGE][PASSED] - Object 'Object Repository/Journey/Journeytab' is visible

2021-01-12 07:49:56 - [MESSAGE][PASSED] - Object 'Object Repository/Journey/Journeytab' is clickable

2021-01-12 07:49:57 - [MESSAGE][PASSED] - Object: 'Object Repository/Journey/Journeytab' is clicked on

2021-01-12 07:49:57 - [MESSAGE][PASSED] - pages.Journey.clickOnJourneyTab is PASSED

2021-01-12 07:49:57 - [TEST_STEP][PASSED] - journeyName = pages.Journey.getRandomJourneyName(): pages.Journey.getRandomJourneyName is PASSED

2021-01-12 07:50:06 - [MESSAGE][PASSED] - Object 'Object Repository/Journey/toGetJourneysCount' is present

2021-01-12 07:50:07 - [MESSAGE][PASSED] - Object 'Object Repository/Journey/toGetJourneysCount' is present

2021-01-12 07:50:07 - [MESSAGE][PASSED] - Text of object 'Object Repository/Journey/toPickrandomJourney(index)' is: 'JO7'

2021-01-12 07:50:07 - [MESSAGE][PASSED] - pages.Journey.getRandomJourneyName is PASSED

2021-01-12 07:50:07 - [TEST_STEP][PASSED] - accessCode = pages.Journey.getExistingJourneyAccesscode(journeyName): pages.Journey.getExistingJourneyAccesscode is PASSED

2021-01-12 07:50:08 - [MESSAGE][PASSED] - Object 'Object Repository/Journey/journrySearchInput' is present

2021-01-12 07:50:08 - [MESSAGE][PASSED] - Object 'Object Repository/Journey/journrySearchInput' is visible

2021-01-12 07:50:08 - [MESSAGE][PASSED] - Object 'Object Repository/Journey/journrySearchInput' is clickable

2021-01-12 07:50:09 - [MESSAGE][PASSED] - Text of object 'Object Repository/Journey/journrySearchInput' is cleared

2021-01-12 07:50:09 - [MESSAGE][PASSED] - Keys 'JO7' sent to object: 'Object Repository/Journey/journrySearchInput'

2021-01-12 07:50:11 - [MESSAGE][PASSED] - Object 'Object Repository/Journey/journrySearchInput' is present

2021-01-12 07:50:11 - [MESSAGE][PASSED] - Object 'Object Repository/Journey/journrySearchInput' is visible

2021-01-12 07:50:11 - [MESSAGE][PASSED] - Object 'Object Repository/Journey/journrySearchInput' is clickable

2021-01-12 07:50:12 - [MESSAGE][PASSED] - Text of object 'Object Repository/Journey/journrySearchInput' is cleared

2021-01-12 07:50:12 - [MESSAGE][PASSED] - Keys 'ENTER + ' sent to object: 'Object Repository/Journey/journrySearchInput'

2021-01-12 07:50:12 - [MESSAGE][PASSED] - Object 'Object Repository/Journey/JourneyName(journeyName)' is present

2021-01-12 07:50:13 - [MESSAGE][PASSED] - Object 'Object Repository/Journey/journrySearchInput' is present

2021-01-12 07:50:13 - [MESSAGE][PASSED] - Object 'Object Repository/Journey/journrySearchInput' is visible

2021-01-12 07:50:13 - [MESSAGE][PASSED] - Object 'Object Repository/Journey/journrySearchInput' is clickable

2021-01-12 07:50:14 - [MESSAGE][PASSED] - Text of object 'Object Repository/Journey/journrySearchInput' is cleared

2021-01-12 07:50:14 - [MESSAGE][PASSED] - Keys 'JO7' sent to object: 'Object Repository/Journey/journrySearchInput'

2021-01-12 07:50:15 - [MESSAGE][PASSED] - Object 'Object Repository/Journey/journrySearchInput' is present

2021-01-12 07:50:16 - [MESSAGE][PASSED] - Object 'Object Repository/Journey/journrySearchInput' is visible

2021-01-12 07:50:16 - [MESSAGE][PASSED] - Object 'Object Repository/Journey/journrySearchInput' is clickable

2021-01-12 07:50:16 - [MESSAGE][PASSED] - Text of object 'Object Repository/Journey/journrySearchInput' is cleared

2021-01-12 07:50:17 - [MESSAGE][PASSED] - Keys 'ENTER + ' sent to object: 'Object Repository/Journey/journrySearchInput'

2021-01-12 07:50:17 - [MESSAGE][PASSED] - Object 'Object Repository/Journey/JourneyName(journeyName)' is present

2021-01-12 07:50:17 - [MESSAGE][PASSED] - Object 'Object Repository/Journey/clickVerifyingJourney(journeyName)' is present

2021-01-12 07:50:18 - [MESSAGE][PASSED] - Object 'Object Repository/Journey/clickVerifyingJourney(journeyName)' is visible

2021-01-12 07:50:18 - [MESSAGE][PASSED] - Object 'Object Repository/Journey/clickVerifyingJourney(journeyName)' is clickable

2021-01-12 07:50:19 - [MESSAGE][PASSED] - Object: 'Object Repository/Journey/clickVerifyingJourney(journeyName)' is clicked on

2021-01-12 07:50:20 - [MESSAGE][PASSED] - Scroll to object 'Object Repository/Journey/Current Access Codes/currentAccessCodeField' successfully

2021-01-12 07:50:21 - [MESSAGE][PASSED] - Object 'Object Repository/Journey/Current Access Codes/getAccessCodesCount' is present

2021-01-12 07:50:22 - [MESSAGE][PASSED] - Text of object 'Object Repository/Journey/Current Access Codes/getAccessCodeText(index)' is: 'access9'

2021-01-12 07:50:22 - [MESSAGE][PASSED] - pages.Journey.getExistingJourneyAccesscode is PASSED

2021-01-12 07:50:22 - [TEST_STEP][PASSED] - login.LoginForJourneyApplication.loginToJourneyApplication(): login.LoginForJourneyApplication.loginToJourneyApplication is PASSED

2021-01-12 07:50:24 - [MESSAGE][PASSED] - Navigate to 'https://qualitlabs.dev.modist.co/' successfully

2021-01-12 07:50:24 - [MESSAGE][PASSED] - login.LoginForJourneyApplication.loginToJourneyApplication is PASSED

2021-01-12 07:50:24 - [TEST_STEP][PASSED] - pages.Journey.clickEnterButton(): pages.Journey.clickEnterButton is PASSED

2021-01-12 07:50:25 - [MESSAGE][PASSED] - Object 'Object Repository/Journey/JourneyPortal/EnterButton' is present

2021-01-12 07:50:25 - [MESSAGE][PASSED] - Object 'Object Repository/Journey/JourneyPortal/EnterButton' is visible

2021-01-12 07:50:26 - [MESSAGE][PASSED] - Object 'Object Repository/Journey/JourneyPortal/EnterButton' is clickable

2021-01-12 07:50:26 - [MESSAGE][PASSED] - Object: 'Object Repository/Journey/JourneyPortal/EnterButton' is clicked on

2021-01-12 07:50:26 - [MESSAGE][PASSED] - pages.Journey.clickEnterButton is PASSED

2021-01-12 07:50:26 - [TEST_STEP][PASSED] - pages.Journey.errorLoginCheck(): pages.Journey.errorLoginCheck is PASSED

2021-01-12 07:50:27 - [MESSAGE][PASSED] - Object 'Object Repository/Journey/JourneyPortal/warningMessageForInvalidAccessCode' is present

2021-01-12 07:50:27 - [MESSAGE][PASSED] - pages.Journey.errorLoginCheck is PASSED

2021-01-12 07:50:27 - [TEST_STEP][PASSED] - Start listener action : navigate: Object: 'Object Repository/Login Credentials/EnterButton' is clicked on

2021-01-12 07:50:27 - [TEST_STEP][PASSED] - openBrowser(""): Browser is opened with url: ''

2021-01-12 07:50:27 - [MESSAGE][WARNING] - A browser is already opened. Closing browser and opening a new one

2021-01-12 07:50:28 - [MESSAGE][INFO] - Starting 'Chrome' driver

2021-01-12 07:50:28 - [MESSAGE][INFO] - Action delay is set to 0 milliseconds

2021-01-12 07:50:31 - [MESSAGE][PASSED] - Browser is opened with url: ''

2021-01-12 07:50:31 - [TEST_STEP][PASSED] - maximizeWindow(): Current window maximized

2021-01-12 07:50:33 - [MESSAGE][PASSED] - Current window maximized

2021-01-12 07:50:33 - [TEST_STEP][PASSED] - navigateToUrl(Url): Navigate to 'https://dev-admin.modist.co/' successfully

2021-01-12 07:50:39 - [MESSAGE][PASSED] - Navigate to 'https://dev-admin.modist.co/' successfully

2021-01-12 07:50:39 - [TEST_STEP][PASSED] - loginPage.login(Email, Password): Object: 'Object Repository/Login Credentials/EnterButton' is clicked on

2021-01-12 07:50:39 - [MESSAGE][PASSED] - Object 'Object Repository/Login Credentials/Email' is present

2021-01-12 07:50:40 - [MESSAGE][PASSED] - Object 'Object Repository/Login Credentials/Email' is visible

2021-01-12 07:50:40 - [MESSAGE][PASSED] - Object 'Object Repository/Login Credentials/Email' is clickable

2021-01-12 07:50:40 - [MESSAGE][PASSED] - Text of object 'Object Repository/Login Credentials/Email' is cleared

2021-01-12 07:50:40 - [MESSAGE][PASSED] - Keys 'naresh.k@qualitlabs.com' sent to object: 'Object Repository/Login Credentials/Email'

2021-01-12 07:50:41 - [MESSAGE][PASSED] - Object 'Object Repository/Login Credentials/Password' is present

2021-01-12 07:50:41 - [MESSAGE][PASSED] - Object 'Object Repository/Login Credentials/Password' is visible

2021-01-12 07:50:41 - [MESSAGE][PASSED] - Object 'Object Repository/Login Credentials/Password' is clickable

2021-01-12 07:50:42 - [MESSAGE][PASSED] - Text of object 'Object Repository/Login Credentials/Password' is cleared

2021-01-12 07:50:42 - [MESSAGE][PASSED] - Keys 'Qualitlabs1?' sent to object: 'Object Repository/Login Credentials/Password'

2021-01-12 07:50:42 - [MESSAGE][PASSED] - Object 'Object Repository/Login Credentials/EnterButton' is present

2021-01-12 07:50:43 - [MESSAGE][PASSED] - Object 'Object Repository/Login Credentials/EnterButton' is visible

2021-01-12 07:50:43 - [MESSAGE][PASSED] - Object 'Object Repository/Login Credentials/EnterButton' is clickable

2021-01-12 07:50:43 - [MESSAGE][PASSED] - Object: 'Object Repository/Login Credentials/EnterButton' is clicked on]]></system-out>
         <system-err><![CDATA[]]></system-err>
      </testcase>
      <testcase name="Test Cases/JourneyPortal/verifyCartIfNoItemsAvailable" time="57.737" classname="Test Cases/JourneyPortal/verifyCartIfNoItemsAvailable" status="PASSED">
         <system-out><![CDATA[2021-01-12 07:50:43 - [TEST_CASE][PASSED] - Test Cases/JourneyPortal/verifyCartIfNoItemsAvailable: Test Cases/JourneyPortal/verifyCartIfNoItemsAvailable

2021-01-12 07:50:43 - [TEST_STEP][PASSED] - pages.Journey.clickOnJourneyTab(): pages.Journey.clickOnJourneyTab is PASSED

2021-01-12 07:50:45 - [MESSAGE][PASSED] - Object 'Object Repository/Journey/Journeytab' is present

2021-01-12 07:50:45 - [MESSAGE][PASSED] - Object 'Object Repository/Journey/Journeytab' is visible

2021-01-12 07:50:46 - [MESSAGE][PASSED] - Object 'Object Repository/Journey/Journeytab' is clickable

2021-01-12 07:50:46 - [MESSAGE][PASSED] - Object: 'Object Repository/Journey/Journeytab' is clicked on

2021-01-12 07:50:46 - [MESSAGE][PASSED] - pages.Journey.clickOnJourneyTab is PASSED

2021-01-12 07:50:46 - [TEST_STEP][PASSED] - journeyName = pages.Journey.getRandomJourneyName(): pages.Journey.getRandomJourneyName is PASSED

2021-01-12 07:50:57 - [MESSAGE][PASSED] - Object 'Object Repository/Journey/toGetJourneysCount' is present

2021-01-12 07:50:58 - [MESSAGE][PASSED] - Object 'Object Repository/Journey/toGetJourneysCount' is present

2021-01-12 07:50:58 - [MESSAGE][PASSED] - Text of object 'Object Repository/Journey/toPickrandomJourney(index)' is: 'JO5'

2021-01-12 07:50:58 - [MESSAGE][PASSED] - pages.Journey.getRandomJourneyName is PASSED

2021-01-12 07:50:58 - [TEST_STEP][PASSED] - accessCode = pages.Journey.getExistingJourneyAccesscode(journeyName): pages.Journey.getExistingJourneyAccesscode is PASSED

2021-01-12 07:50:59 - [MESSAGE][PASSED] - Object 'Object Repository/Journey/journrySearchInput' is present

2021-01-12 07:50:59 - [MESSAGE][PASSED] - Object 'Object Repository/Journey/journrySearchInput' is visible

2021-01-12 07:50:59 - [MESSAGE][PASSED] - Object 'Object Repository/Journey/journrySearchInput' is clickable

2021-01-12 07:51:00 - [MESSAGE][PASSED] - Text of object 'Object Repository/Journey/journrySearchInput' is cleared

2021-01-12 07:51:00 - [MESSAGE][PASSED] - Keys 'JO5' sent to object: 'Object Repository/Journey/journrySearchInput'

2021-01-12 07:51:00 - [MESSAGE][PASSED] - Object 'Object Repository/Journey/journrySearchInput' is present

2021-01-12 07:51:02 - [MESSAGE][PASSED] - Object 'Object Repository/Journey/journrySearchInput' is visible

2021-01-12 07:51:02 - [MESSAGE][PASSED] - Object 'Object Repository/Journey/journrySearchInput' is clickable

2021-01-12 07:51:02 - [MESSAGE][PASSED] - Text of object 'Object Repository/Journey/journrySearchInput' is cleared

2021-01-12 07:51:03 - [MESSAGE][PASSED] - Keys 'ENTER + ' sent to object: 'Object Repository/Journey/journrySearchInput'

2021-01-12 07:51:03 - [MESSAGE][PASSED] - Object 'Object Repository/Journey/JourneyName(journeyName)' is present

2021-01-12 07:51:03 - [MESSAGE][PASSED] - Object 'Object Repository/Journey/journrySearchInput' is present

2021-01-12 07:51:04 - [MESSAGE][PASSED] - Object 'Object Repository/Journey/journrySearchInput' is visible

2021-01-12 07:51:04 - [MESSAGE][PASSED] - Object 'Object Repository/Journey/journrySearchInput' is clickable

2021-01-12 07:51:04 - [MESSAGE][PASSED] - Text of object 'Object Repository/Journey/journrySearchInput' is cleared

2021-01-12 07:51:05 - [MESSAGE][PASSED] - Keys 'JO5' sent to object: 'Object Repository/Journey/journrySearchInput'

2021-01-12 07:51:06 - [MESSAGE][PASSED] - Object 'Object Repository/Journey/journrySearchInput' is present

2021-01-12 07:51:06 - [MESSAGE][PASSED] - Object 'Object Repository/Journey/journrySearchInput' is visible

2021-01-12 07:51:07 - [MESSAGE][PASSED] - Object 'Object Repository/Journey/journrySearchInput' is clickable

2021-01-12 07:51:07 - [MESSAGE][PASSED] - Text of object 'Object Repository/Journey/journrySearchInput' is cleared

2021-01-12 07:51:07 - [MESSAGE][PASSED] - Keys 'ENTER + ' sent to object: 'Object Repository/Journey/journrySearchInput'

2021-01-12 07:51:08 - [MESSAGE][PASSED] - Object 'Object Repository/Journey/JourneyName(journeyName)' is present

2021-01-12 07:51:08 - [MESSAGE][PASSED] - Object 'Object Repository/Journey/clickVerifyingJourney(journeyName)' is present

2021-01-12 07:51:08 - [MESSAGE][PASSED] - Object 'Object Repository/Journey/clickVerifyingJourney(journeyName)' is visible

2021-01-12 07:51:09 - [MESSAGE][PASSED] - Object 'Object Repository/Journey/clickVerifyingJourney(journeyName)' is clickable

2021-01-12 07:51:09 - [MESSAGE][PASSED] - Object: 'Object Repository/Journey/clickVerifyingJourney(journeyName)' is clicked on

2021-01-12 07:51:11 - [MESSAGE][PASSED] - Scroll to object 'Object Repository/Journey/Current Access Codes/currentAccessCodeField' successfully

2021-01-12 07:51:11 - [MESSAGE][PASSED] - Object 'Object Repository/Journey/Current Access Codes/getAccessCodesCount' is present

2021-01-12 07:51:12 - [MESSAGE][PASSED] - Text of object 'Object Repository/Journey/Current Access Codes/getAccessCodeText(index)' is: 'access19'

2021-01-12 07:51:12 - [MESSAGE][PASSED] - pages.Journey.getExistingJourneyAccesscode is PASSED

2021-01-12 07:51:12 - [TEST_STEP][PASSED] - login.LoginForJourneyApplication.loginToJourneyApplication(): login.LoginForJourneyApplication.loginToJourneyApplication is PASSED

2021-01-12 07:51:15 - [MESSAGE][PASSED] - Navigate to 'https://qualitlabs.dev.modist.co/' successfully

2021-01-12 07:51:15 - [MESSAGE][PASSED] - login.LoginForJourneyApplication.loginToJourneyApplication is PASSED

2021-01-12 07:51:15 - [TEST_STEP][PASSED] - pages.Journey.enterAccessCodeInJourney(accessCode): pages.Journey.enterAccessCodeInJourney is PASSED

2021-01-12 07:51:16 - [MESSAGE][PASSED] - Object 'Object Repository/Journey/JourneyPortal/enterAccessCode' is present

2021-01-12 07:51:16 - [MESSAGE][PASSED] - Object 'Object Repository/Journey/JourneyPortal/enterAccessCode' is visible

2021-01-12 07:51:17 - [MESSAGE][PASSED] - Object 'Object Repository/Journey/JourneyPortal/enterAccessCode' is clickable

2021-01-12 07:51:17 - [MESSAGE][PASSED] - Text of object 'Object Repository/Journey/JourneyPortal/enterAccessCode' is cleared

2021-01-12 07:51:17 - [MESSAGE][PASSED] - Keys 'access19' sent to object: 'Object Repository/Journey/JourneyPortal/enterAccessCode'

2021-01-12 07:51:17 - [MESSAGE][PASSED] - pages.Journey.enterAccessCodeInJourney is PASSED

2021-01-12 07:51:17 - [TEST_STEP][PASSED] - pages.Journey.clickEnterButton(): pages.Journey.clickEnterButton is PASSED

2021-01-12 07:51:18 - [MESSAGE][PASSED] - Object 'Object Repository/Journey/JourneyPortal/EnterButton' is present

2021-01-12 07:51:18 - [MESSAGE][PASSED] - Object 'Object Repository/Journey/JourneyPortal/EnterButton' is visible

2021-01-12 07:51:19 - [MESSAGE][PASSED] - Object 'Object Repository/Journey/JourneyPortal/EnterButton' is clickable

2021-01-12 07:51:19 - [MESSAGE][PASSED] - Object: 'Object Repository/Journey/JourneyPortal/EnterButton' is clicked on

2021-01-12 07:51:19 - [MESSAGE][PASSED] - pages.Journey.clickEnterButton is PASSED

2021-01-12 07:51:19 - [TEST_STEP][PASSED] - pages.JourneyPortal.clickOnCart(): pages.JourneyPortal.clickOnCart is PASSED

2021-01-12 07:51:20 - [MESSAGE][PASSED] - Object 'Object Repository/Journey/JourneyPortal/Product/Cart' is present

2021-01-12 07:51:20 - [MESSAGE][PASSED] - Object 'Object Repository/Journey/JourneyPortal/Product/Cart' is visible

2021-01-12 07:51:20 - [MESSAGE][PASSED] - Object 'Object Repository/Journey/JourneyPortal/Product/Cart' is clickable

2021-01-12 07:51:21 - [MESSAGE][PASSED] - Object: 'Object Repository/Journey/JourneyPortal/Product/Cart' is clicked on

2021-01-12 07:51:21 - [MESSAGE][PASSED] - pages.JourneyPortal.clickOnCart is PASSED

2021-01-12 07:51:21 - [TEST_STEP][PASSED] - pages.JourneyPortal.verifyElementOnCartIfNoItems(): pages.JourneyPortal.verifyElementOnCartIfNoItems is PASSED

2021-01-12 07:51:21 - [MESSAGE][PASSED] - Object 'Object Repository/Journey/JourneyPortal/Product/verifyNoItemsInTheCart' is present

2021-01-12 07:51:21 - [MESSAGE][PASSED] - pages.JourneyPortal.verifyElementOnCartIfNoItems is PASSED

2021-01-12 07:51:21 - [TEST_STEP][PASSED] - Start listener action : navigate: Object: 'Object Repository/Login Credentials/EnterButton' is clicked on

2021-01-12 07:51:21 - [TEST_STEP][PASSED] - openBrowser(""): Browser is opened with url: ''

2021-01-12 07:51:21 - [MESSAGE][WARNING] - A browser is already opened. Closing browser and opening a new one

2021-01-12 07:51:22 - [MESSAGE][INFO] - Starting 'Chrome' driver

2021-01-12 07:51:22 - [MESSAGE][INFO] - Action delay is set to 0 milliseconds

2021-01-12 07:51:26 - [MESSAGE][PASSED] - Browser is opened with url: ''

2021-01-12 07:51:26 - [TEST_STEP][PASSED] - maximizeWindow(): Current window maximized

2021-01-12 07:51:28 - [MESSAGE][PASSED] - Current window maximized

2021-01-12 07:51:28 - [TEST_STEP][PASSED] - navigateToUrl(Url): Navigate to 'https://dev-admin.modist.co/' successfully

2021-01-12 07:51:36 - [MESSAGE][PASSED] - Navigate to 'https://dev-admin.modist.co/' successfully

2021-01-12 07:51:36 - [TEST_STEP][PASSED] - loginPage.login(Email, Password): Object: 'Object Repository/Login Credentials/EnterButton' is clicked on

2021-01-12 07:51:37 - [MESSAGE][PASSED] - Object 'Object Repository/Login Credentials/Email' is present

2021-01-12 07:51:37 - [MESSAGE][PASSED] - Object 'Object Repository/Login Credentials/Email' is visible

2021-01-12 07:51:37 - [MESSAGE][PASSED] - Object 'Object Repository/Login Credentials/Email' is clickable

2021-01-12 07:51:38 - [MESSAGE][PASSED] - Text of object 'Object Repository/Login Credentials/Email' is cleared

2021-01-12 07:51:38 - [MESSAGE][PASSED] - Keys 'naresh.k@qualitlabs.com' sent to object: 'Object Repository/Login Credentials/Email'

2021-01-12 07:51:38 - [MESSAGE][PASSED] - Object 'Object Repository/Login Credentials/Password' is present

2021-01-12 07:51:39 - [MESSAGE][PASSED] - Object 'Object Repository/Login Credentials/Password' is visible

2021-01-12 07:51:39 - [MESSAGE][PASSED] - Object 'Object Repository/Login Credentials/Password' is clickable

2021-01-12 07:51:39 - [MESSAGE][PASSED] - Text of object 'Object Repository/Login Credentials/Password' is cleared

2021-01-12 07:51:40 - [MESSAGE][PASSED] - Keys 'Qualitlabs1?' sent to object: 'Object Repository/Login Credentials/Password'

2021-01-12 07:51:40 - [MESSAGE][PASSED] - Object 'Object Repository/Login Credentials/EnterButton' is present

2021-01-12 07:51:40 - [MESSAGE][PASSED] - Object 'Object Repository/Login Credentials/EnterButton' is visible

2021-01-12 07:51:41 - [MESSAGE][PASSED] - Object 'Object Repository/Login Credentials/EnterButton' is clickable

2021-01-12 07:51:41 - [MESSAGE][PASSED] - Object: 'Object Repository/Login Credentials/EnterButton' is clicked on]]></system-out>
         <system-err><![CDATA[]]></system-err>
      </testcase>
      <testcase name="Test Cases/JourneyPortal/verifyClickingOnBackButtonNavigatesBackToSectionPage" time="63.341" classname="Test Cases/JourneyPortal/verifyClickingOnBackButtonNavigatesBackToSectionPage" status="PASSED">
         <system-out><![CDATA[2021-01-12 07:51:41 - [TEST_CASE][PASSED] - Test Cases/JourneyPortal/verifyClickingOnBackButtonNavigatesBackToSectionPage: Test Cases/JourneyPortal/verifyClickingOnBackButtonNavigatesBackToSectionPage

2021-01-12 07:51:41 - [TEST_STEP][PASSED] - pages.Journey.clickOnJourneyTab(): pages.Journey.clickOnJourneyTab is PASSED

2021-01-12 07:51:43 - [MESSAGE][PASSED] - Object 'Object Repository/Journey/Journeytab' is present

2021-01-12 07:51:43 - [MESSAGE][PASSED] - Object 'Object Repository/Journey/Journeytab' is visible

2021-01-12 07:51:44 - [MESSAGE][PASSED] - Object 'Object Repository/Journey/Journeytab' is clickable

2021-01-12 07:51:45 - [MESSAGE][PASSED] - Object: 'Object Repository/Journey/Journeytab' is clicked on

2021-01-12 07:51:45 - [MESSAGE][PASSED] - pages.Journey.clickOnJourneyTab is PASSED

2021-01-12 07:51:45 - [TEST_STEP][PASSED] - journeyName = pages.Journey.getRandomJourneyName(): pages.Journey.getRandomJourneyName is PASSED

2021-01-12 07:51:55 - [MESSAGE][PASSED] - Object 'Object Repository/Journey/toGetJourneysCount' is present

2021-01-12 07:51:55 - [MESSAGE][PASSED] - Object 'Object Repository/Journey/toGetJourneysCount' is present

2021-01-12 07:51:56 - [MESSAGE][PASSED] - Text of object 'Object Repository/Journey/toPickrandomJourney(index)' is: 'JO3'

2021-01-12 07:51:56 - [MESSAGE][PASSED] - pages.Journey.getRandomJourneyName is PASSED

2021-01-12 07:51:56 - [TEST_STEP][PASSED] - accessCode = pages.Journey.getExistingJourneyAccesscode(journeyName): pages.Journey.getExistingJourneyAccesscode is PASSED

2021-01-12 07:51:56 - [MESSAGE][PASSED] - Object 'Object Repository/Journey/journrySearchInput' is present

2021-01-12 07:51:56 - [MESSAGE][PASSED] - Object 'Object Repository/Journey/journrySearchInput' is visible

2021-01-12 07:51:57 - [MESSAGE][PASSED] - Object 'Object Repository/Journey/journrySearchInput' is clickable

2021-01-12 07:51:57 - [MESSAGE][PASSED] - Text of object 'Object Repository/Journey/journrySearchInput' is cleared

2021-01-12 07:51:57 - [MESSAGE][PASSED] - Keys 'JO3' sent to object: 'Object Repository/Journey/journrySearchInput'

2021-01-12 07:51:59 - [MESSAGE][PASSED] - Object 'Object Repository/Journey/journrySearchInput' is present

2021-01-12 07:51:59 - [MESSAGE][PASSED] - Object 'Object Repository/Journey/journrySearchInput' is visible

2021-01-12 07:51:59 - [MESSAGE][PASSED] - Object 'Object Repository/Journey/journrySearchInput' is clickable

2021-01-12 07:52:00 - [MESSAGE][PASSED] - Text of object 'Object Repository/Journey/journrySearchInput' is cleared

2021-01-12 07:52:00 - [MESSAGE][PASSED] - Keys 'ENTER + ' sent to object: 'Object Repository/Journey/journrySearchInput'

2021-01-12 07:52:00 - [MESSAGE][PASSED] - Object 'Object Repository/Journey/JourneyName(journeyName)' is present

2021-01-12 07:52:01 - [MESSAGE][PASSED] - Object 'Object Repository/Journey/journrySearchInput' is present

2021-01-12 07:52:01 - [MESSAGE][PASSED] - Object 'Object Repository/Journey/journrySearchInput' is visible

2021-01-12 07:52:01 - [MESSAGE][PASSED] - Object 'Object Repository/Journey/journrySearchInput' is clickable

2021-01-12 07:52:02 - [MESSAGE][PASSED] - Text of object 'Object Repository/Journey/journrySearchInput' is cleared

2021-01-12 07:52:02 - [MESSAGE][PASSED] - Keys 'JO3' sent to object: 'Object Repository/Journey/journrySearchInput'

2021-01-12 07:52:04 - [MESSAGE][PASSED] - Object 'Object Repository/Journey/journrySearchInput' is present

2021-01-12 07:52:04 - [MESSAGE][PASSED] - Object 'Object Repository/Journey/journrySearchInput' is visible

2021-01-12 07:52:04 - [MESSAGE][PASSED] - Object 'Object Repository/Journey/journrySearchInput' is clickable

2021-01-12 07:52:04 - [MESSAGE][PASSED] - Text of object 'Object Repository/Journey/journrySearchInput' is cleared

2021-01-12 07:52:05 - [MESSAGE][PASSED] - Keys 'ENTER + ' sent to object: 'Object Repository/Journey/journrySearchInput'

2021-01-12 07:52:05 - [MESSAGE][PASSED] - Object 'Object Repository/Journey/JourneyName(journeyName)' is present

2021-01-12 07:52:05 - [MESSAGE][PASSED] - Object 'Object Repository/Journey/clickVerifyingJourney(journeyName)' is present

2021-01-12 07:52:06 - [MESSAGE][PASSED] - Object 'Object Repository/Journey/clickVerifyingJourney(journeyName)' is visible

2021-01-12 07:52:06 - [MESSAGE][PASSED] - Object 'Object Repository/Journey/clickVerifyingJourney(journeyName)' is clickable

2021-01-12 07:52:06 - [MESSAGE][PASSED] - Object: 'Object Repository/Journey/clickVerifyingJourney(journeyName)' is clicked on

2021-01-12 07:52:08 - [MESSAGE][PASSED] - Scroll to object 'Object Repository/Journey/Current Access Codes/currentAccessCodeField' successfully

2021-01-12 07:52:09 - [MESSAGE][PASSED] - Object 'Object Repository/Journey/Current Access Codes/getAccessCodesCount' is present

2021-01-12 07:52:09 - [MESSAGE][PASSED] - Text of object 'Object Repository/Journey/Current Access Codes/getAccessCodeText(index)' is: 'access6'

2021-01-12 07:52:09 - [MESSAGE][PASSED] - pages.Journey.getExistingJourneyAccesscode is PASSED

2021-01-12 07:52:09 - [TEST_STEP][PASSED] - login.LoginForJourneyApplication.loginToJourneyApplication(): login.LoginForJourneyApplication.loginToJourneyApplication is PASSED

2021-01-12 07:52:12 - [MESSAGE][PASSED] - Navigate to 'https://qualitlabs.dev.modist.co/' successfully

2021-01-12 07:52:12 - [MESSAGE][PASSED] - login.LoginForJourneyApplication.loginToJourneyApplication is PASSED

2021-01-12 07:52:12 - [TEST_STEP][PASSED] - pages.Journey.enterAccessCodeInJourney(accessCode): pages.Journey.enterAccessCodeInJourney is PASSED

2021-01-12 07:52:13 - [MESSAGE][PASSED] - Object 'Object Repository/Journey/JourneyPortal/enterAccessCode' is present

2021-01-12 07:52:14 - [MESSAGE][PASSED] - Object 'Object Repository/Journey/JourneyPortal/enterAccessCode' is visible

2021-01-12 07:52:14 - [MESSAGE][PASSED] - Object 'Object Repository/Journey/JourneyPortal/enterAccessCode' is clickable

2021-01-12 07:52:14 - [MESSAGE][PASSED] - Text of object 'Object Repository/Journey/JourneyPortal/enterAccessCode' is cleared

2021-01-12 07:52:15 - [MESSAGE][PASSED] - Keys 'access6' sent to object: 'Object Repository/Journey/JourneyPortal/enterAccessCode'

2021-01-12 07:52:15 - [MESSAGE][PASSED] - pages.Journey.enterAccessCodeInJourney is PASSED

2021-01-12 07:52:15 - [TEST_STEP][PASSED] - pages.Journey.clickEnterButton(): pages.Journey.clickEnterButton is PASSED

2021-01-12 07:52:15 - [MESSAGE][PASSED] - Object 'Object Repository/Journey/JourneyPortal/EnterButton' is present

2021-01-12 07:52:15 - [MESSAGE][PASSED] - Object 'Object Repository/Journey/JourneyPortal/EnterButton' is visible

2021-01-12 07:52:16 - [MESSAGE][PASSED] - Object 'Object Repository/Journey/JourneyPortal/EnterButton' is clickable

2021-01-12 07:52:16 - [MESSAGE][PASSED] - Object: 'Object Repository/Journey/JourneyPortal/EnterButton' is clicked on

2021-01-12 07:52:16 - [MESSAGE][PASSED] - pages.Journey.clickEnterButton is PASSED

2021-01-12 07:52:16 - [TEST_STEP][PASSED] - pages.JourneyPortal.openExistingSection(): pages.JourneyPortal.openExistingSection is PASSED

2021-01-12 07:52:18 - [MESSAGE][PASSED] - Object 'Object Repository/Journey/JourneyPortal/Section/getSectionsCount' is present

2021-01-12 07:52:19 - [MESSAGE][PASSED] - Object 'Object Repository/Journey/JourneyPortal/Section/openSection(index)' is present

2021-01-12 07:52:19 - [MESSAGE][PASSED] - Object 'Object Repository/Journey/JourneyPortal/Section/openSection(index)' is visible

2021-01-12 07:52:19 - [MESSAGE][PASSED] - Object 'Object Repository/Journey/JourneyPortal/Section/openSection(index)' is clickable

2021-01-12 07:52:20 - [MESSAGE][PASSED] - Object: 'Object Repository/Journey/JourneyPortal/Section/openSection(index)' is clicked on

2021-01-12 07:52:20 - [MESSAGE][PASSED] - pages.JourneyPortal.openExistingSection is PASSED

2021-01-12 07:52:20 - [TEST_STEP][PASSED] - pages.JourneyPortal.clickBackButton(): pages.JourneyPortal.clickBackButton is PASSED

2021-01-12 07:52:20 - [MESSAGE][PASSED] - Object 'Object Repository/Journey/JourneyPortal/Product/bakcButton' is present

2021-01-12 07:52:21 - [MESSAGE][PASSED] - Object 'Object Repository/Journey/JourneyPortal/Product/bakcButton' is visible

2021-01-12 07:52:21 - [MESSAGE][PASSED] - Object 'Object Repository/Journey/JourneyPortal/Product/bakcButton' is clickable

2021-01-12 07:52:22 - [MESSAGE][PASSED] - Object: 'Object Repository/Journey/JourneyPortal/Product/bakcButton' is clicked on

2021-01-12 07:52:22 - [MESSAGE][PASSED] - pages.JourneyPortal.clickBackButton is PASSED

2021-01-12 07:52:22 - [TEST_STEP][PASSED] - pages.Journey.sectionPageVerification(): pages.Journey.sectionPageVerification is PASSED

2021-01-12 07:52:22 - [MESSAGE][PASSED] - Object 'Object Repository/Journey/JourneyPortal/Section/sectionPage' is present

2021-01-12 07:52:22 - [MESSAGE][PASSED] - pages.Journey.sectionPageVerification is PASSED

2021-01-12 07:52:22 - [TEST_STEP][PASSED] - Start listener action : navigate: Object: 'Object Repository/Login Credentials/EnterButton' is clicked on

2021-01-12 07:52:22 - [TEST_STEP][PASSED] - openBrowser(""): Browser is opened with url: ''

2021-01-12 07:52:22 - [MESSAGE][WARNING] - A browser is already opened. Closing browser and opening a new one

2021-01-12 07:52:23 - [MESSAGE][INFO] - Starting 'Chrome' driver

2021-01-12 07:52:23 - [MESSAGE][INFO] - Action delay is set to 0 milliseconds

2021-01-12 07:52:27 - [MESSAGE][PASSED] - Browser is opened with url: ''

2021-01-12 07:52:27 - [TEST_STEP][PASSED] - maximizeWindow(): Current window maximized

2021-01-12 07:52:29 - [MESSAGE][PASSED] - Current window maximized

2021-01-12 07:52:29 - [TEST_STEP][PASSED] - navigateToUrl(Url): Navigate to 'https://dev-admin.modist.co/' successfully

2021-01-12 07:52:39 - [MESSAGE][PASSED] - Navigate to 'https://dev-admin.modist.co/' successfully

2021-01-12 07:52:39 - [TEST_STEP][PASSED] - loginPage.login(Email, Password): Object: 'Object Repository/Login Credentials/EnterButton' is clicked on

2021-01-12 07:52:40 - [MESSAGE][PASSED] - Object 'Object Repository/Login Credentials/Email' is present

2021-01-12 07:52:40 - [MESSAGE][PASSED] - Object 'Object Repository/Login Credentials/Email' is visible

2021-01-12 07:52:40 - [MESSAGE][PASSED] - Object 'Object Repository/Login Credentials/Email' is clickable

2021-01-12 07:52:41 - [MESSAGE][PASSED] - Text of object 'Object Repository/Login Credentials/Email' is cleared

2021-01-12 07:52:41 - [MESSAGE][PASSED] - Keys 'naresh.k@qualitlabs.com' sent to object: 'Object Repository/Login Credentials/Email'

2021-01-12 07:52:42 - [MESSAGE][PASSED] - Object 'Object Repository/Login Credentials/Password' is present

2021-01-12 07:52:42 - [MESSAGE][PASSED] - Object 'Object Repository/Login Credentials/Password' is visible

2021-01-12 07:52:42 - [MESSAGE][PASSED] - Object 'Object Repository/Login Credentials/Password' is clickable

2021-01-12 07:52:43 - [MESSAGE][PASSED] - Text of object 'Object Repository/Login Credentials/Password' is cleared

2021-01-12 07:52:43 - [MESSAGE][PASSED] - Keys 'Qualitlabs1?' sent to object: 'Object Repository/Login Credentials/Password'

2021-01-12 07:52:43 - [MESSAGE][PASSED] - Object 'Object Repository/Login Credentials/EnterButton' is present

2021-01-12 07:52:44 - [MESSAGE][PASSED] - Object 'Object Repository/Login Credentials/EnterButton' is visible

2021-01-12 07:52:44 - [MESSAGE][PASSED] - Object 'Object Repository/Login Credentials/EnterButton' is clickable

2021-01-12 07:52:44 - [MESSAGE][PASSED] - Object: 'Object Repository/Login Credentials/EnterButton' is clicked on]]></system-out>
         <system-err><![CDATA[]]></system-err>
      </testcase>
      <testcase name="Test Cases/JourneyPortal/verifyCloseButtonInJourneyPortalProductPopup" time="67.494" classname="Test Cases/JourneyPortal/verifyCloseButtonInJourneyPortalProductPopup" status="PASSED">
         <system-out><![CDATA[2021-01-12 07:52:44 - [TEST_CASE][PASSED] - Test Cases/JourneyPortal/verifyCloseButtonInJourneyPortalProductPopup: Test Cases/JourneyPortal/verifyCloseButtonInJourneyPortalProductPopup

2021-01-12 07:52:45 - [TEST_STEP][PASSED] - pages.Journey.clickOnJourneyTab(): pages.Journey.clickOnJourneyTab is PASSED

2021-01-12 07:52:47 - [MESSAGE][PASSED] - Object 'Object Repository/Journey/Journeytab' is present

2021-01-12 07:52:47 - [MESSAGE][PASSED] - Object 'Object Repository/Journey/Journeytab' is visible

2021-01-12 07:52:48 - [MESSAGE][PASSED] - Object 'Object Repository/Journey/Journeytab' is clickable

2021-01-12 07:52:48 - [MESSAGE][PASSED] - Object: 'Object Repository/Journey/Journeytab' is clicked on

2021-01-12 07:52:48 - [MESSAGE][PASSED] - pages.Journey.clickOnJourneyTab is PASSED

2021-01-12 07:52:48 - [TEST_STEP][PASSED] - journeyName = pages.Journey.getRandomJourneyName(): pages.Journey.getRandomJourneyName is PASSED

2021-01-12 07:52:58 - [MESSAGE][PASSED] - Object 'Object Repository/Journey/toGetJourneysCount' is present

2021-01-12 07:52:58 - [MESSAGE][PASSED] - Object 'Object Repository/Journey/toGetJourneysCount' is present

2021-01-12 07:52:59 - [MESSAGE][PASSED] - Text of object 'Object Repository/Journey/toPickrandomJourney(index)' is: 'JO7'

2021-01-12 07:52:59 - [MESSAGE][PASSED] - pages.Journey.getRandomJourneyName is PASSED

2021-01-12 07:52:59 - [TEST_STEP][PASSED] - accessCode = pages.Journey.getExistingJourneyAccesscode(journeyName): pages.Journey.getExistingJourneyAccesscode is PASSED

2021-01-12 07:52:59 - [MESSAGE][PASSED] - Object 'Object Repository/Journey/journrySearchInput' is present

2021-01-12 07:52:59 - [MESSAGE][PASSED] - Object 'Object Repository/Journey/journrySearchInput' is visible

2021-01-12 07:52:59 - [MESSAGE][PASSED] - Object 'Object Repository/Journey/journrySearchInput' is clickable

2021-01-12 07:53:00 - [MESSAGE][PASSED] - Text of object 'Object Repository/Journey/journrySearchInput' is cleared

2021-01-12 07:53:00 - [MESSAGE][PASSED] - Keys 'JO7' sent to object: 'Object Repository/Journey/journrySearchInput'

2021-01-12 07:53:01 - [MESSAGE][PASSED] - Object 'Object Repository/Journey/journrySearchInput' is present

2021-01-12 07:53:02 - [MESSAGE][PASSED] - Object 'Object Repository/Journey/journrySearchInput' is visible

2021-01-12 07:53:02 - [MESSAGE][PASSED] - Object 'Object Repository/Journey/journrySearchInput' is clickable

2021-01-12 07:53:03 - [MESSAGE][PASSED] - Text of object 'Object Repository/Journey/journrySearchInput' is cleared

2021-01-12 07:53:03 - [MESSAGE][PASSED] - Keys 'ENTER + ' sent to object: 'Object Repository/Journey/journrySearchInput'

2021-01-12 07:53:03 - [MESSAGE][PASSED] - Object 'Object Repository/Journey/JourneyName(journeyName)' is present

2021-01-12 07:53:04 - [MESSAGE][PASSED] - Object 'Object Repository/Journey/journrySearchInput' is present

2021-01-12 07:53:04 - [MESSAGE][PASSED] - Object 'Object Repository/Journey/journrySearchInput' is visible

2021-01-12 07:53:04 - [MESSAGE][PASSED] - Object 'Object Repository/Journey/journrySearchInput' is clickable

2021-01-12 07:53:05 - [MESSAGE][PASSED] - Text of object 'Object Repository/Journey/journrySearchInput' is cleared

2021-01-12 07:53:05 - [MESSAGE][PASSED] - Keys 'JO7' sent to object: 'Object Repository/Journey/journrySearchInput'

2021-01-12 07:53:06 - [MESSAGE][PASSED] - Object 'Object Repository/Journey/journrySearchInput' is present

2021-01-12 07:53:07 - [MESSAGE][PASSED] - Object 'Object Repository/Journey/journrySearchInput' is visible

2021-01-12 07:53:07 - [MESSAGE][PASSED] - Object 'Object Repository/Journey/journrySearchInput' is clickable

2021-01-12 07:53:07 - [MESSAGE][PASSED] - Text of object 'Object Repository/Journey/journrySearchInput' is cleared

2021-01-12 07:53:08 - [MESSAGE][PASSED] - Keys 'ENTER + ' sent to object: 'Object Repository/Journey/journrySearchInput'

2021-01-12 07:53:08 - [MESSAGE][PASSED] - Object 'Object Repository/Journey/JourneyName(journeyName)' is present

2021-01-12 07:53:08 - [MESSAGE][PASSED] - Object 'Object Repository/Journey/clickVerifyingJourney(journeyName)' is present

2021-01-12 07:53:09 - [MESSAGE][PASSED] - Object 'Object Repository/Journey/clickVerifyingJourney(journeyName)' is visible

2021-01-12 07:53:09 - [MESSAGE][PASSED] - Object 'Object Repository/Journey/clickVerifyingJourney(journeyName)' is clickable

2021-01-12 07:53:09 - [MESSAGE][PASSED] - Object: 'Object Repository/Journey/clickVerifyingJourney(journeyName)' is clicked on

2021-01-12 07:53:11 - [MESSAGE][PASSED] - Scroll to object 'Object Repository/Journey/Current Access Codes/currentAccessCodeField' successfully

2021-01-12 07:53:11 - [MESSAGE][PASSED] - Object 'Object Repository/Journey/Current Access Codes/getAccessCodesCount' is present

2021-01-12 07:53:12 - [MESSAGE][PASSED] - Text of object 'Object Repository/Journey/Current Access Codes/getAccessCodeText(index)' is: 'access14'

2021-01-12 07:53:12 - [MESSAGE][PASSED] - pages.Journey.getExistingJourneyAccesscode is PASSED

2021-01-12 07:53:12 - [TEST_STEP][PASSED] - login.LoginForJourneyApplication.loginToJourneyApplication(): login.LoginForJourneyApplication.loginToJourneyApplication is PASSED

2021-01-12 07:53:15 - [MESSAGE][PASSED] - Navigate to 'https://qualitlabs.dev.modist.co/' successfully

2021-01-12 07:53:15 - [MESSAGE][PASSED] - login.LoginForJourneyApplication.loginToJourneyApplication is PASSED

2021-01-12 07:53:15 - [TEST_STEP][PASSED] - pages.Journey.enterAccessCodeInJourney(accessCode): pages.Journey.enterAccessCodeInJourney is PASSED

2021-01-12 07:53:16 - [MESSAGE][PASSED] - Object 'Object Repository/Journey/JourneyPortal/enterAccessCode' is present

2021-01-12 07:53:16 - [MESSAGE][PASSED] - Object 'Object Repository/Journey/JourneyPortal/enterAccessCode' is visible

2021-01-12 07:53:17 - [MESSAGE][PASSED] - Object 'Object Repository/Journey/JourneyPortal/enterAccessCode' is clickable

2021-01-12 07:53:17 - [MESSAGE][PASSED] - Text of object 'Object Repository/Journey/JourneyPortal/enterAccessCode' is cleared

2021-01-12 07:53:17 - [MESSAGE][PASSED] - Keys 'access14' sent to object: 'Object Repository/Journey/JourneyPortal/enterAccessCode'

2021-01-12 07:53:17 - [MESSAGE][PASSED] - pages.Journey.enterAccessCodeInJourney is PASSED

2021-01-12 07:53:17 - [TEST_STEP][PASSED] - pages.Journey.clickEnterButton(): pages.Journey.clickEnterButton is PASSED

2021-01-12 07:53:18 - [MESSAGE][PASSED] - Object 'Object Repository/Journey/JourneyPortal/EnterButton' is present

2021-01-12 07:53:18 - [MESSAGE][PASSED] - Object 'Object Repository/Journey/JourneyPortal/EnterButton' is visible

2021-01-12 07:53:18 - [MESSAGE][PASSED] - Object 'Object Repository/Journey/JourneyPortal/EnterButton' is clickable

2021-01-12 07:53:19 - [MESSAGE][PASSED] - Object: 'Object Repository/Journey/JourneyPortal/EnterButton' is clicked on

2021-01-12 07:53:19 - [MESSAGE][PASSED] - pages.Journey.clickEnterButton is PASSED

2021-01-12 07:53:19 - [TEST_STEP][PASSED] - pages.JourneyPortal.openExistingSection(): pages.JourneyPortal.openExistingSection is PASSED

2021-01-12 07:53:21 - [MESSAGE][PASSED] - Object 'Object Repository/Journey/JourneyPortal/Section/getSectionsCount' is present

2021-01-12 07:53:21 - [MESSAGE][PASSED] - Object 'Object Repository/Journey/JourneyPortal/Section/openSection(index)' is present

2021-01-12 07:53:22 - [MESSAGE][PASSED] - Object 'Object Repository/Journey/JourneyPortal/Section/openSection(index)' is visible

2021-01-12 07:53:22 - [MESSAGE][PASSED] - Object 'Object Repository/Journey/JourneyPortal/Section/openSection(index)' is clickable

2021-01-12 07:53:22 - [MESSAGE][PASSED] - Object: 'Object Repository/Journey/JourneyPortal/Section/openSection(index)' is clicked on

2021-01-12 07:53:22 - [MESSAGE][PASSED] - pages.JourneyPortal.openExistingSection is PASSED

2021-01-12 07:53:22 - [TEST_STEP][PASSED] - pages.JourneyPortal.openAnyProductInTheJourneyPortal(): pages.JourneyPortal.openAnyProductInTheJourneyPortal is PASSED

2021-01-12 07:53:23 - [MESSAGE][PASSED] - Object 'Object Repository/Journey/JourneyPortal/Product/toGetProductsCountInTheCart' is present

2021-01-12 07:53:24 - [MESSAGE][PASSED] - Scroll to object 'Object Repository/Journey/JourneyPortal/Product/openAnyProduct(index)' successfully

2021-01-12 07:53:24 - [MESSAGE][PASSED] - Object 'Object Repository/Journey/JourneyPortal/Product/openAnyProduct(index)' is present

2021-01-12 07:53:25 - [MESSAGE][PASSED] - Object 'Object Repository/Journey/JourneyPortal/Product/openAnyProduct(index)' is visible

2021-01-12 07:53:25 - [MESSAGE][PASSED] - Object 'Object Repository/Journey/JourneyPortal/Product/openAnyProduct(index)' is clickable

2021-01-12 07:53:26 - [MESSAGE][PASSED] - Object: 'Object Repository/Journey/JourneyPortal/Product/openAnyProduct(index)' is clicked on

2021-01-12 07:53:26 - [MESSAGE][PASSED] - pages.JourneyPortal.openAnyProductInTheJourneyPortal is PASSED

2021-01-12 07:53:26 - [TEST_STEP][PASSED] - pages.JourneyPortal.verifyCloseButton(): pages.JourneyPortal.verifyCloseButton is PASSED

2021-01-12 07:53:26 - [MESSAGE][PASSED] - Object 'Object Repository/Journey/JourneyPortal/Product/closeButton' is present

2021-01-12 07:53:26 - [MESSAGE][PASSED] - pages.JourneyPortal.verifyCloseButton is PASSED

2021-01-12 07:53:26 - [TEST_STEP][PASSED] - pages.JourneyPortal.clickCloseButtonOnJourneyPortalProductPopup(): pages.JourneyPortal.clickCloseButtonOnJourneyPortalProductPopup is PASSED

2021-01-12 07:53:27 - [MESSAGE][PASSED] - Object 'Object Repository/Journey/JourneyPortal/Product/closeButton' is present

2021-01-12 07:53:27 - [MESSAGE][PASSED] - Object 'Object Repository/Journey/JourneyPortal/Product/closeButton' is visible

2021-01-12 07:53:27 - [MESSAGE][PASSED] - Object 'Object Repository/Journey/JourneyPortal/Product/closeButton' is clickable

2021-01-12 07:53:28 - [MESSAGE][PASSED] - Object: 'Object Repository/Journey/JourneyPortal/Product/closeButton' is clicked on

2021-01-12 07:53:28 - [MESSAGE][PASSED] - pages.JourneyPortal.clickCloseButtonOnJourneyPortalProductPopup is PASSED

2021-01-12 07:53:28 - [TEST_STEP][PASSED] - pages.JourneyPortal.productPageCheck(): pages.JourneyPortal.productPageCheck is PASSED

2021-01-12 07:53:28 - [MESSAGE][PASSED] - Object 'Object Repository/Journey/JourneyPortal/Product/productPage' is present

2021-01-12 07:53:28 - [MESSAGE][PASSED] - pages.JourneyPortal.productPageCheck is PASSED

2021-01-12 07:53:28 - [TEST_STEP][PASSED] - Start listener action : navigate: Object: 'Object Repository/Login Credentials/EnterButton' is clicked on

2021-01-12 07:53:28 - [TEST_STEP][PASSED] - openBrowser(""): Browser is opened with url: ''

2021-01-12 07:53:28 - [MESSAGE][WARNING] - A browser is already opened. Closing browser and opening a new one

2021-01-12 07:53:29 - [MESSAGE][INFO] - Starting 'Chrome' driver

2021-01-12 07:53:29 - [MESSAGE][INFO] - Action delay is set to 0 milliseconds

2021-01-12 07:53:33 - [MESSAGE][PASSED] - Browser is opened with url: ''

2021-01-12 07:53:33 - [TEST_STEP][PASSED] - maximizeWindow(): Current window maximized

2021-01-12 07:53:35 - [MESSAGE][PASSED] - Current window maximized

2021-01-12 07:53:35 - [TEST_STEP][PASSED] - navigateToUrl(Url): Navigate to 'https://dev-admin.modist.co/' successfully

2021-01-12 07:53:47 - [MESSAGE][PASSED] - Navigate to 'https://dev-admin.modist.co/' successfully

2021-01-12 07:53:47 - [TEST_STEP][PASSED] - loginPage.login(Email, Password): Object: 'Object Repository/Login Credentials/EnterButton' is clicked on

2021-01-12 07:53:48 - [MESSAGE][PASSED] - Object 'Object Repository/Login Credentials/Email' is present

2021-01-12 07:53:48 - [MESSAGE][PASSED] - Object 'Object Repository/Login Credentials/Email' is visible

2021-01-12 07:53:48 - [MESSAGE][PASSED] - Object 'Object Repository/Login Credentials/Email' is clickable

2021-01-12 07:53:49 - [MESSAGE][PASSED] - Text of object 'Object Repository/Login Credentials/Email' is cleared

2021-01-12 07:53:49 - [MESSAGE][PASSED] - Keys 'naresh.k@qualitlabs.com' sent to object: 'Object Repository/Login Credentials/Email'

2021-01-12 07:53:49 - [MESSAGE][PASSED] - Object 'Object Repository/Login Credentials/Password' is present

2021-01-12 07:53:50 - [MESSAGE][PASSED] - Object 'Object Repository/Login Credentials/Password' is visible

2021-01-12 07:53:50 - [MESSAGE][PASSED] - Object 'Object Repository/Login Credentials/Password' is clickable

2021-01-12 07:53:50 - [MESSAGE][PASSED] - Text of object 'Object Repository/Login Credentials/Password' is cleared

2021-01-12 07:53:51 - [MESSAGE][PASSED] - Keys 'Qualitlabs1?' sent to object: 'Object Repository/Login Credentials/Password'

2021-01-12 07:53:51 - [MESSAGE][PASSED] - Object 'Object Repository/Login Credentials/EnterButton' is present

2021-01-12 07:53:51 - [MESSAGE][PASSED] - Object 'Object Repository/Login Credentials/EnterButton' is visible

2021-01-12 07:53:52 - [MESSAGE][PASSED] - Object 'Object Repository/Login Credentials/EnterButton' is clickable

2021-01-12 07:53:52 - [MESSAGE][PASSED] - Object: 'Object Repository/Login Credentials/EnterButton' is clicked on]]></system-out>
         <system-err><![CDATA[]]></system-err>
      </testcase>
      <testcase name="Test Cases/JourneyPortal/verifyElementsInJourneyPotalProductPopup" time="60.915" classname="Test Cases/JourneyPortal/verifyElementsInJourneyPotalProductPopup" status="ERROR">
         <error type="ERROR" message="Test Cases/JourneyPortal/verifyElementsInJourneyPotalProductPopup FAILED.
Reason:
java.lang.IllegalArgumentException: bound must be positive
	at java_util_Random$nextInt.call(Unknown Source)
	at pages.Journey.getRandomJourneyName(Journey.groovy:116)
	at pages.Journey.invokeMethod(Journey.groovy)
	at com.kms.katalon.core.main.CustomKeywordDelegatingMetaClass.invokeStaticMethod(CustomKeywordDelegatingMetaClass.java:50)
	at verifyElementsInJourneyPotalProductPopup.run(verifyElementsInJourneyPotalProductPopup:20)
	at com.kms.katalon.core.main.ScriptEngine.run(ScriptEngine.java:194)
	at com.kms.katalon.core.main.ScriptEngine.runScriptAsRawText(ScriptEngine.java:119)
	at com.kms.katalon.core.main.TestCaseExecutor.runScript(TestCaseExecutor.java:339)
	at com.kms.katalon.core.main.TestCaseExecutor.doExecute(TestCaseExecutor.java:330)
	at com.kms.katalon.core.main.TestCaseExecutor.processExecutionPhase(TestCaseExecutor.java:309)
	at com.kms.katalon.core.main.TestCaseExecutor.accessMainPhase(TestCaseExecutor.java:301)
	at com.kms.katalon.core.main.TestCaseExecutor.execute(TestCaseExecutor.java:235)
	at com.kms.katalon.core.main.TestSuiteExecutor.accessTestCaseMainPhase(TestSuiteExecutor.java:191)
	at com.kms.katalon.core.main.TestSuiteExecutor.accessTestSuiteMainPhase(TestSuiteExecutor.java:141)
	at com.kms.katalon.core.main.TestSuiteExecutor.execute(TestSuiteExecutor.java:90)
	at com.kms.katalon.core.main.TestCaseMain.startTestSuite(TestCaseMain.java:157)
	at com.kms.katalon.core.main.TestCaseMain$startTestSuite$0.call(Unknown Source)
	at TempTestSuite1610455440620.run(TempTestSuite1610455440620.groovy:39)
"/>
         <system-out><![CDATA[2021-01-12 07:53:52 - [TEST_CASE][ERROR] - Test Cases/JourneyPortal/verifyElementsInJourneyPotalProductPopup: Test Cases/JourneyPortal/verifyElementsInJourneyPotalProductPopup FAILED.
Reason:
java.lang.IllegalArgumentException: bound must be positive
	at java_util_Random$nextInt.call(Unknown Source)
	at pages.Journey.getRandomJourneyName(Journey.groovy:116)
	at pages.Journey.invokeMethod(Journey.groovy)
	at com.kms.katalon.core.main.CustomKeywordDelegatingMetaClass.invokeStaticMethod(CustomKeywordDelegatingMetaClass.java:50)
	at verifyElementsInJourneyPotalProductPopup.run(verifyElementsInJourneyPotalProductPopup:20)
	at com.kms.katalon.core.main.ScriptEngine.run(ScriptEngine.java:194)
	at com.kms.katalon.core.main.ScriptEngine.runScriptAsRawText(ScriptEngine.java:119)
	at com.kms.katalon.core.main.TestCaseExecutor.runScript(TestCaseExecutor.java:339)
	at com.kms.katalon.core.main.TestCaseExecutor.doExecute(TestCaseExecutor.java:330)
	at com.kms.katalon.core.main.TestCaseExecutor.processExecutionPhase(TestCaseExecutor.java:309)
	at com.kms.katalon.core.main.TestCaseExecutor.accessMainPhase(TestCaseExecutor.java:301)
	at com.kms.katalon.core.main.TestCaseExecutor.execute(TestCaseExecutor.java:235)
	at com.kms.katalon.core.main.TestSuiteExecutor.accessTestCaseMainPhase(TestSuiteExecutor.java:191)
	at com.kms.katalon.core.main.TestSuiteExecutor.accessTestSuiteMainPhase(TestSuiteExecutor.java:141)
	at com.kms.katalon.core.main.TestSuiteExecutor.execute(TestSuiteExecutor.java:90)
	at com.kms.katalon.core.main.TestCaseMain.startTestSuite(TestCaseMain.java:157)
	at com.kms.katalon.core.main.TestCaseMain$startTestSuite$0.call(Unknown Source)
	at TempTestSuite1610455440620.run(TempTestSuite1610455440620.groovy:39)


2021-01-12 07:53:52 - [TEST_STEP][PASSED] - pages.Journey.clickOnJourneyTab(): pages.Journey.clickOnJourneyTab is PASSED

2021-01-12 07:53:54 - [MESSAGE][PASSED] - Object 'Object Repository/Journey/Journeytab' is present

2021-01-12 07:53:54 - [MESSAGE][PASSED] - Object 'Object Repository/Journey/Journeytab' is visible

2021-01-12 07:53:55 - [MESSAGE][PASSED] - Object 'Object Repository/Journey/Journeytab' is clickable

2021-01-12 07:53:56 - [MESSAGE][PASSED] - Object: 'Object Repository/Journey/Journeytab' is clicked on

2021-01-12 07:53:56 - [MESSAGE][PASSED] - pages.Journey.clickOnJourneyTab is PASSED

2021-01-12 07:53:56 - [TEST_STEP][ERROR] - journeyName = pages.Journey.getRandomJourneyName(): bound must be positive

2021-01-12 07:54:27 - [MESSAGE][INFO] - Unable to find the element located by 'By.xpath: //div[@class='sc-jrsJCI ivRwdr rdt_TableRow']'. Please recheck the objects properties to make sure the desired element is located. 

2021-01-12 07:54:27 - [MESSAGE][WARNING] - Object 'Object Repository/Journey/toGetJourneysCount' is not present after 30 second(s)

2021-01-12 07:54:33 - [MESSAGE][INFO] - Unable to find the element located by 'By.xpath: //div[@class='sc-jrsJCI ivRwdr rdt_TableRow']'. Please recheck the objects properties to make sure the desired element is located. 

2021-01-12 07:54:34 - [MESSAGE][WARNING] - com.kms.katalon.core.webui.exception.WebElementNotFoundException: Web element with id: 'Object Repository/Journey/toGetJourneysCount' located by '//div[@class='sc-jrsJCI ivRwdr rdt_TableRow']' not found (Root cause: com.kms.katalon.core.exception.StepFailedException: com.kms.katalon.core.webui.exception.WebElementNotFoundException: Web element with id: 'Object Repository/Journey/toGetJourneysCount' located by '//div[@class='sc-jrsJCI ivRwdr rdt_TableRow']' not found
	at com.kms.katalon.core.webui.keyword.internal.WebUIKeywordMain.stepFailed(WebUIKeywordMain.groovy:64)
	at com.kms.katalon.core.webui.keyword.builtin.VerifyElementPresentKeyword$_verifyElementPresent_closure1.doCall(VerifyElementPresentKeyword.groovy:85)
	at com.kms.katalon.core.webui.keyword.builtin.VerifyElementPresentKeyword$_verifyElementPresent_closure1.call(VerifyElementPresentKeyword.groovy)
	at com.kms.katalon.core.webui.keyword.internal.WebUIKeywordMain.runKeyword(WebUIKeywordMain.groovy:20)
	at com.kms.katalon.core.webui.keyword.builtin.VerifyElementPresentKeyword.verifyElementPresent(VerifyElementPresentKeyword.groovy:92)
	at com.kms.katalon.core.webui.keyword.builtin.VerifyElementPresentKeyword.execute(VerifyElementPresentKeyword.groovy:68)
	at com.kms.katalon.core.keyword.internal.KeywordExecutor.executeKeywordForPlatform(KeywordExecutor.groovy:73)
	at com.kms.katalon.core.webui.keyword.WebUiBuiltInKeywords.verifyElementPresent(WebUiBuiltInKeywords.groovy:1445)
	at com.kms.katalon.core.webui.keyword.WebUiBuiltInKeywords$verifyElementPresent$8.call(Unknown Source)
	at webAction.WebAction.getElementCount(WebAction.groovy:47)
	at webAction.WebAction.getElementCount(WebAction.groovy)
	at webAction.WebAction$getElementCount$3.call(Unknown Source)
	at pages.Journey.getRandomJourneyName(Journey.groovy:114)
	at pages.Journey.invokeMethod(Journey.groovy)
	at com.kms.katalon.core.main.CustomKeywordDelegatingMetaClass.invokeStaticMethod(CustomKeywordDelegatingMetaClass.java:50)
	at verifyElementsInJourneyPotalProductPopup.run(verifyElementsInJourneyPotalProductPopup:20)
	at com.kms.katalon.core.main.ScriptEngine.run(ScriptEngine.java:194)
	at com.kms.katalon.core.main.ScriptEngine.runScriptAsRawText(ScriptEngine.java:119)
	at com.kms.katalon.core.main.TestCaseExecutor.runScript(TestCaseExecutor.java:339)
	at com.kms.katalon.core.main.TestCaseExecutor.doExecute(TestCaseExecutor.java:330)
	at com.kms.katalon.core.main.TestCaseExecutor.processExecutionPhase(TestCaseExecutor.java:309)
	at com.kms.katalon.core.main.TestCaseExecutor.accessMainPhase(TestCaseExecutor.java:301)
	at com.kms.katalon.core.main.TestCaseExecutor.execute(TestCaseExecutor.java:235)
	at com.kms.katalon.core.main.TestSuiteExecutor.accessTestCaseMainPhase(TestSuiteExecutor.java:191)
	at com.kms.katalon.core.main.TestSuiteExecutor.accessTestSuiteMainPhase(TestSuiteExecutor.java:141)
	at com.kms.katalon.core.main.TestSuiteExecutor.execute(TestSuiteExecutor.java:90)
	at com.kms.katalon.core.main.TestCaseMain.startTestSuite(TestCaseMain.java:157)
	at com.kms.katalon.core.main.TestCaseMain$startTestSuite$0.call(Unknown Source)
	at TempTestSuite1610455440620.run(TempTestSuite1610455440620.groovy:39)
)
[[ATTACHMENT|E:\\Modist Project\\ModistProject\\Reports\\20210112_074400\\journeyPorta\\20210112_074400\\1610456073632.png]]

2021-01-12 07:54:34 - [MESSAGE][ERROR] - bound must be positive

2021-01-12 07:54:34 - [TEST_STEP][PASSED] - Start listener action : navigate: Object: 'Object Repository/Login Credentials/EnterButton' is clicked on

2021-01-12 07:54:34 - [TEST_STEP][PASSED] - openBrowser(""): Browser is opened with url: ''

2021-01-12 07:54:34 - [MESSAGE][WARNING] - A browser is already opened. Closing browser and opening a new one

2021-01-12 07:54:34 - [MESSAGE][INFO] - Starting 'Chrome' driver

2021-01-12 07:54:34 - [MESSAGE][INFO] - Action delay is set to 0 milliseconds

2021-01-12 07:54:38 - [MESSAGE][PASSED] - Browser is opened with url: ''

2021-01-12 07:54:38 - [TEST_STEP][PASSED] - maximizeWindow(): Current window maximized

2021-01-12 07:54:40 - [MESSAGE][PASSED] - Current window maximized

2021-01-12 07:54:40 - [TEST_STEP][PASSED] - navigateToUrl(Url): Navigate to 'https://dev-admin.modist.co/' successfully

2021-01-12 07:54:49 - [MESSAGE][PASSED] - Navigate to 'https://dev-admin.modist.co/' successfully

2021-01-12 07:54:49 - [TEST_STEP][PASSED] - loginPage.login(Email, Password): Object: 'Object Repository/Login Credentials/EnterButton' is clicked on

2021-01-12 07:54:49 - [MESSAGE][PASSED] - Object 'Object Repository/Login Credentials/Email' is present

2021-01-12 07:54:49 - [MESSAGE][PASSED] - Object 'Object Repository/Login Credentials/Email' is visible

2021-01-12 07:54:50 - [MESSAGE][PASSED] - Object 'Object Repository/Login Credentials/Email' is clickable

2021-01-12 07:54:50 - [MESSAGE][PASSED] - Text of object 'Object Repository/Login Credentials/Email' is cleared

2021-01-12 07:54:50 - [MESSAGE][PASSED] - Keys 'naresh.k@qualitlabs.com' sent to object: 'Object Repository/Login Credentials/Email'

2021-01-12 07:54:51 - [MESSAGE][PASSED] - Object 'Object Repository/Login Credentials/Password' is present

2021-01-12 07:54:51 - [MESSAGE][PASSED] - Object 'Object Repository/Login Credentials/Password' is visible

2021-01-12 07:54:51 - [MESSAGE][PASSED] - Object 'Object Repository/Login Credentials/Password' is clickable

2021-01-12 07:54:51 - [MESSAGE][PASSED] - Text of object 'Object Repository/Login Credentials/Password' is cleared

2021-01-12 07:54:52 - [MESSAGE][PASSED] - Keys 'Qualitlabs1?' sent to object: 'Object Repository/Login Credentials/Password'

2021-01-12 07:54:52 - [MESSAGE][PASSED] - Object 'Object Repository/Login Credentials/EnterButton' is present

2021-01-12 07:54:52 - [MESSAGE][PASSED] - Object 'Object Repository/Login Credentials/EnterButton' is visible

2021-01-12 07:54:52 - [MESSAGE][PASSED] - Object 'Object Repository/Login Credentials/EnterButton' is clickable

2021-01-12 07:54:53 - [MESSAGE][PASSED] - Object: 'Object Repository/Login Credentials/EnterButton' is clicked on]]></system-out>
         <system-err><![CDATA[2021-01-12 07:53:52 - [TEST_CASE][ERROR] - Test Cases/JourneyPortal/verifyElementsInJourneyPotalProductPopup: Test Cases/JourneyPortal/verifyElementsInJourneyPotalProductPopup FAILED.
Reason:
java.lang.IllegalArgumentException: bound must be positive
	at java_util_Random$nextInt.call(Unknown Source)
	at pages.Journey.getRandomJourneyName(Journey.groovy:116)
	at pages.Journey.invokeMethod(Journey.groovy)
	at com.kms.katalon.core.main.CustomKeywordDelegatingMetaClass.invokeStaticMethod(CustomKeywordDelegatingMetaClass.java:50)
	at verifyElementsInJourneyPotalProductPopup.run(verifyElementsInJourneyPotalProductPopup:20)
	at com.kms.katalon.core.main.ScriptEngine.run(ScriptEngine.java:194)
	at com.kms.katalon.core.main.ScriptEngine.runScriptAsRawText(ScriptEngine.java:119)
	at com.kms.katalon.core.main.TestCaseExecutor.runScript(TestCaseExecutor.java:339)
	at com.kms.katalon.core.main.TestCaseExecutor.doExecute(TestCaseExecutor.java:330)
	at com.kms.katalon.core.main.TestCaseExecutor.processExecutionPhase(TestCaseExecutor.java:309)
	at com.kms.katalon.core.main.TestCaseExecutor.accessMainPhase(TestCaseExecutor.java:301)
	at com.kms.katalon.core.main.TestCaseExecutor.execute(TestCaseExecutor.java:235)
	at com.kms.katalon.core.main.TestSuiteExecutor.accessTestCaseMainPhase(TestSuiteExecutor.java:191)
	at com.kms.katalon.core.main.TestSuiteExecutor.accessTestSuiteMainPhase(TestSuiteExecutor.java:141)
	at com.kms.katalon.core.main.TestSuiteExecutor.execute(TestSuiteExecutor.java:90)
	at com.kms.katalon.core.main.TestCaseMain.startTestSuite(TestCaseMain.java:157)
	at com.kms.katalon.core.main.TestCaseMain$startTestSuite$0.call(Unknown Source)
	at TempTestSuite1610455440620.run(TempTestSuite1610455440620.groovy:39)]]></system-err>
      </testcase>
      <testcase name="Test Cases/JourneyPortal/verifyFixedBackGroundInJourneyPortal" time="141.835" classname="Test Cases/JourneyPortal/verifyFixedBackGroundInJourneyPortal" status="FAILED">
         <failure type="FAILED" message="Test Cases/JourneyPortal/verifyFixedBackGroundInJourneyPortal FAILED.
Reason:
com.kms.katalon.core.exception.StepFailedException: Unable to click on object 'Object Repository/Journey/Journeytab'
	at com.kms.katalon.core.webui.keyword.internal.WebUIKeywordMain.stepFailed(WebUIKeywordMain.groovy:64)
	at com.kms.katalon.core.webui.keyword.internal.WebUIKeywordMain.runKeyword(WebUIKeywordMain.groovy:26)
	at com.kms.katalon.core.webui.keyword.builtin.ClickKeyword.click(ClickKeyword.groovy:76)
	at com.kms.katalon.core.webui.keyword.builtin.ClickKeyword.execute(ClickKeyword.groovy:43)
	at com.kms.katalon.core.keyword.internal.KeywordExecutor.executeKeywordForPlatform(KeywordExecutor.groovy:73)
	at com.kms.katalon.core.webui.keyword.WebUiBuiltInKeywords.click(WebUiBuiltInKeywords.groovy:617)
	at com.kms.katalon.core.webui.keyword.WebUiBuiltInKeywords$click$7.call(Unknown Source)
	at webAction.WebAction.click(WebAction.groovy:25)
	at webAction.WebAction$click$1.call(Unknown Source)
	at pages.Journey.clickOnJourneyTab(Journey.groovy:23)
	at pages.Journey.invokeMethod(Journey.groovy)
	at com.kms.katalon.core.main.CustomKeywordDelegatingMetaClass.invokeStaticMethod(CustomKeywordDelegatingMetaClass.java:50)
	at verifyFixedBackGroundInJourneyPortal.run(verifyFixedBackGroundInJourneyPortal:18)
	at com.kms.katalon.core.main.ScriptEngine.run(ScriptEngine.java:194)
	at com.kms.katalon.core.main.ScriptEngine.runScriptAsRawText(ScriptEngine.java:119)
	at com.kms.katalon.core.main.TestCaseExecutor.runScript(TestCaseExecutor.java:339)
	at com.kms.katalon.core.main.TestCaseExecutor.doExecute(TestCaseExecutor.java:330)
	at com.kms.katalon.core.main.TestCaseExecutor.processExecutionPhase(TestCaseExecutor.java:309)
	at com.kms.katalon.core.main.TestCaseExecutor.accessMainPhase(TestCaseExecutor.java:301)
	at com.kms.katalon.core.main.TestCaseExecutor.execute(TestCaseExecutor.java:235)
	at com.kms.katalon.core.main.TestSuiteExecutor.accessTestCaseMainPhase(TestSuiteExecutor.java:191)
	at com.kms.katalon.core.main.TestSuiteExecutor.accessTestSuiteMainPhase(TestSuiteExecutor.java:141)
	at com.kms.katalon.core.main.TestSuiteExecutor.execute(TestSuiteExecutor.java:90)
	at com.kms.katalon.core.main.TestCaseMain.startTestSuite(TestCaseMain.java:157)
	at com.kms.katalon.core.main.TestCaseMain$startTestSuite$0.call(Unknown Source)
	at TempTestSuite1610455440620.run(TempTestSuite1610455440620.groovy:39)
Caused by: com.kms.katalon.core.webui.exception.WebElementNotFoundException: Web element with id: 'Object Repository/Journey/Journeytab' located by '//a[text()='Journey']' not found
	at com.kms.katalon.core.webui.common.WebUiCommonHelper.findWebElement(WebUiCommonHelper.java:1368)
	at com.kms.katalon.core.webui.keyword.internal.WebUIAbstractKeyword.findWebElement(WebUIAbstractKeyword.groovy:27)
	at com.kms.katalon.core.webui.keyword.internal.WebUIAbstractKeyword.findWebElement(WebUIAbstractKeyword.groovy:26)
	at com.kms.katalon.core.webui.keyword.builtin.ClickKeyword$_click_closure1.doCall(ClickKeyword.groovy:67)
	at com.kms.katalon.core.webui.keyword.builtin.ClickKeyword$_click_closure1.call(ClickKeyword.groovy)
	at com.kms.katalon.core.webui.keyword.internal.WebUIKeywordMain.runKeyword(WebUIKeywordMain.groovy:20)
	... 24 more
"/>
         <system-out><![CDATA[2021-01-12 07:54:53 - [TEST_CASE][FAILED] - Test Cases/JourneyPortal/verifyFixedBackGroundInJourneyPortal: Test Cases/JourneyPortal/verifyFixedBackGroundInJourneyPortal FAILED.
Reason:
com.kms.katalon.core.exception.StepFailedException: Unable to click on object 'Object Repository/Journey/Journeytab'
	at com.kms.katalon.core.webui.keyword.internal.WebUIKeywordMain.stepFailed(WebUIKeywordMain.groovy:64)
	at com.kms.katalon.core.webui.keyword.internal.WebUIKeywordMain.runKeyword(WebUIKeywordMain.groovy:26)
	at com.kms.katalon.core.webui.keyword.builtin.ClickKeyword.click(ClickKeyword.groovy:76)
	at com.kms.katalon.core.webui.keyword.builtin.ClickKeyword.execute(ClickKeyword.groovy:43)
	at com.kms.katalon.core.keyword.internal.KeywordExecutor.executeKeywordForPlatform(KeywordExecutor.groovy:73)
	at com.kms.katalon.core.webui.keyword.WebUiBuiltInKeywords.click(WebUiBuiltInKeywords.groovy:617)
	at com.kms.katalon.core.webui.keyword.WebUiBuiltInKeywords$click$7.call(Unknown Source)
	at webAction.WebAction.click(WebAction.groovy:25)
	at webAction.WebAction$click$1.call(Unknown Source)
	at pages.Journey.clickOnJourneyTab(Journey.groovy:23)
	at pages.Journey.invokeMethod(Journey.groovy)
	at com.kms.katalon.core.main.CustomKeywordDelegatingMetaClass.invokeStaticMethod(CustomKeywordDelegatingMetaClass.java:50)
	at verifyFixedBackGroundInJourneyPortal.run(verifyFixedBackGroundInJourneyPortal:18)
	at com.kms.katalon.core.main.ScriptEngine.run(ScriptEngine.java:194)
	at com.kms.katalon.core.main.ScriptEngine.runScriptAsRawText(ScriptEngine.java:119)
	at com.kms.katalon.core.main.TestCaseExecutor.runScript(TestCaseExecutor.java:339)
	at com.kms.katalon.core.main.TestCaseExecutor.doExecute(TestCaseExecutor.java:330)
	at com.kms.katalon.core.main.TestCaseExecutor.processExecutionPhase(TestCaseExecutor.java:309)
	at com.kms.katalon.core.main.TestCaseExecutor.accessMainPhase(TestCaseExecutor.java:301)
	at com.kms.katalon.core.main.TestCaseExecutor.execute(TestCaseExecutor.java:235)
	at com.kms.katalon.core.main.TestSuiteExecutor.accessTestCaseMainPhase(TestSuiteExecutor.java:191)
	at com.kms.katalon.core.main.TestSuiteExecutor.accessTestSuiteMainPhase(TestSuiteExecutor.java:141)
	at com.kms.katalon.core.main.TestSuiteExecutor.execute(TestSuiteExecutor.java:90)
	at com.kms.katalon.core.main.TestCaseMain.startTestSuite(TestCaseMain.java:157)
	at com.kms.katalon.core.main.TestCaseMain$startTestSuite$0.call(Unknown Source)
	at TempTestSuite1610455440620.run(TempTestSuite1610455440620.groovy:39)
Caused by: com.kms.katalon.core.webui.exception.WebElementNotFoundException: Web element with id: 'Object Repository/Journey/Journeytab' located by '//a[text()='Journey']' not found
	at com.kms.katalon.core.webui.common.WebUiCommonHelper.findWebElement(WebUiCommonHelper.java:1368)
	at com.kms.katalon.core.webui.keyword.internal.WebUIAbstractKeyword.findWebElement(WebUIAbstractKeyword.groovy:27)
	at com.kms.katalon.core.webui.keyword.internal.WebUIAbstractKeyword.findWebElement(WebUIAbstractKeyword.groovy:26)
	at com.kms.katalon.core.webui.keyword.builtin.ClickKeyword$_click_closure1.doCall(ClickKeyword.groovy:67)
	at com.kms.katalon.core.webui.keyword.builtin.ClickKeyword$_click_closure1.call(ClickKeyword.groovy)
	at com.kms.katalon.core.webui.keyword.internal.WebUIKeywordMain.runKeyword(WebUIKeywordMain.groovy:20)
	... 24 more


2021-01-12 07:54:53 - [TEST_STEP][FAILED] - pages.Journey.clickOnJourneyTab(): Unable to click on object 'Object Repository/Journey/Journeytab'

2021-01-12 07:55:24 - [MESSAGE][INFO] - Unable to find the element located by 'By.xpath: //a[text()='Journey']'. Please recheck the objects properties to make sure the desired element is located. 

2021-01-12 07:55:24 - [MESSAGE][WARNING] - Object 'Object Repository/Journey/Journeytab' is not present after 30 second(s)

2021-01-12 07:55:55 - [MESSAGE][INFO] - Unable to find the element located by 'By.xpath: //a[text()='Journey']'. Please recheck the objects properties to make sure the desired element is located. 

2021-01-12 07:55:55 - [MESSAGE][WARNING] - Web element with id: 'Object Repository/Journey/Journeytab' located by '//a[text()='Journey']' not found

2021-01-12 07:56:27 - [MESSAGE][INFO] - Unable to find the element located by 'By.xpath: //a[text()='Journey']'. Please recheck the objects properties to make sure the desired element is located. 

2021-01-12 07:56:27 - [MESSAGE][WARNING] - Web element with id: 'Object Repository/Journey/Journeytab' located by '//a[text()='Journey']' not found

2021-01-12 07:56:58 - [MESSAGE][INFO] - Unable to find the element located by 'By.xpath: //a[text()='Journey']'. Please recheck the objects properties to make sure the desired element is located. 

2021-01-12 07:56:59 - [MESSAGE][FAILED] - Unable to click on object 'Object Repository/Journey/Journeytab' (Root cause: com.kms.katalon.core.exception.StepFailedException: Unable to click on object 'Object Repository/Journey/Journeytab'
	at com.kms.katalon.core.webui.keyword.internal.WebUIKeywordMain.stepFailed(WebUIKeywordMain.groovy:64)
	at com.kms.katalon.core.webui.keyword.internal.WebUIKeywordMain.runKeyword(WebUIKeywordMain.groovy:26)
	at com.kms.katalon.core.webui.keyword.builtin.ClickKeyword.click(ClickKeyword.groovy:76)
	at com.kms.katalon.core.webui.keyword.builtin.ClickKeyword.execute(ClickKeyword.groovy:43)
	at com.kms.katalon.core.keyword.internal.KeywordExecutor.executeKeywordForPlatform(KeywordExecutor.groovy:73)
	at com.kms.katalon.core.webui.keyword.WebUiBuiltInKeywords.click(WebUiBuiltInKeywords.groovy:617)
	at com.kms.katalon.core.webui.keyword.WebUiBuiltInKeywords$click$7.call(Unknown Source)
	at webAction.WebAction.click(WebAction.groovy:25)
	at webAction.WebAction$click$1.call(Unknown Source)
	at pages.Journey.clickOnJourneyTab(Journey.groovy:23)
	at pages.Journey.invokeMethod(Journey.groovy)
	at com.kms.katalon.core.main.CustomKeywordDelegatingMetaClass.invokeStaticMethod(CustomKeywordDelegatingMetaClass.java:50)
	at verifyFixedBackGroundInJourneyPortal.run(verifyFixedBackGroundInJourneyPortal:18)
	at com.kms.katalon.core.main.ScriptEngine.run(ScriptEngine.java:194)
	at com.kms.katalon.core.main.ScriptEngine.runScriptAsRawText(ScriptEngine.java:119)
	at com.kms.katalon.core.main.TestCaseExecutor.runScript(TestCaseExecutor.java:339)
	at com.kms.katalon.core.main.TestCaseExecutor.doExecute(TestCaseExecutor.java:330)
	at com.kms.katalon.core.main.TestCaseExecutor.processExecutionPhase(TestCaseExecutor.java:309)
	at com.kms.katalon.core.main.TestCaseExecutor.accessMainPhase(TestCaseExecutor.java:301)
	at com.kms.katalon.core.main.TestCaseExecutor.execute(TestCaseExecutor.java:235)
	at com.kms.katalon.core.main.TestSuiteExecutor.accessTestCaseMainPhase(TestSuiteExecutor.java:191)
	at com.kms.katalon.core.main.TestSuiteExecutor.accessTestSuiteMainPhase(TestSuiteExecutor.java:141)
	at com.kms.katalon.core.main.TestSuiteExecutor.execute(TestSuiteExecutor.java:90)
	at com.kms.katalon.core.main.TestCaseMain.startTestSuite(TestCaseMain.java:157)
	at com.kms.katalon.core.main.TestCaseMain$startTestSuite$0.call(Unknown Source)
	at TempTestSuite1610455440620.run(TempTestSuite1610455440620.groovy:39)
Caused by: com.kms.katalon.core.webui.exception.WebElementNotFoundException: Web element with id: 'Object Repository/Journey/Journeytab' located by '//a[text()='Journey']' not found
	at com.kms.katalon.core.webui.common.WebUiCommonHelper.findWebElement(WebUiCommonHelper.java:1368)
	at com.kms.katalon.core.webui.keyword.internal.WebUIAbstractKeyword.findWebElement(WebUIAbstractKeyword.groovy:27)
	at com.kms.katalon.core.webui.keyword.internal.WebUIAbstractKeyword.findWebElement(WebUIAbstractKeyword.groovy:26)
	at com.kms.katalon.core.webui.keyword.builtin.ClickKeyword$_click_closure1.doCall(ClickKeyword.groovy:67)
	at com.kms.katalon.core.webui.keyword.builtin.ClickKeyword$_click_closure1.call(ClickKeyword.groovy)
	at com.kms.katalon.core.webui.keyword.internal.WebUIKeywordMain.runKeyword(WebUIKeywordMain.groovy:20)
	at com.kms.katalon.core.webui.keyword.builtin.ClickKeyword.click(ClickKeyword.groovy:76)
	at com.kms.katalon.core.webui.keyword.builtin.ClickKeyword.execute(ClickKeyword.groovy:43)
	at com.kms.katalon.core.keyword.internal.KeywordExecutor.executeKeywordForPlatform(KeywordExecutor.groovy:73)
	at com.kms.katalon.core.webui.keyword.WebUiBuiltInKeywords.click(WebUiBuiltInKeywords.groovy:617)
	at com.kms.katalon.core.webui.keyword.WebUiBuiltInKeywords$click$7.call(Unknown Source)
	at webAction.WebAction.click(WebAction.groovy:25)
	at webAction.WebAction$click$1.call(Unknown Source)
	at pages.Journey.clickOnJourneyTab(Journey.groovy:23)
	at pages.Journey.invokeMethod(Journey.groovy)
	at com.kms.katalon.core.main.CustomKeywordDelegatingMetaClass.invokeStaticMethod(CustomKeywordDelegatingMetaClass.java:50)
	at Script1609960333354.run(Script1609960333354.groovy:18)
	... 13 more
)
[[ATTACHMENT|E:\\Modist Project\\ModistProject\\Reports\\20210112_074400\\journeyPorta\\20210112_074400\\1610456218374.png]]

2021-01-12 07:56:59 - [MESSAGE][FAILED] - Unable to click on object 'Object Repository/Journey/Journeytab'

2021-01-12 07:56:59 - [TEST_STEP][PASSED] - Start listener action : navigate: Object: 'Object Repository/Login Credentials/EnterButton' is clicked on

2021-01-12 07:56:59 - [TEST_STEP][PASSED] - openBrowser(""): Browser is opened with url: ''

2021-01-12 07:56:59 - [MESSAGE][WARNING] - A browser is already opened. Closing browser and opening a new one

2021-01-12 07:57:00 - [MESSAGE][INFO] - Starting 'Chrome' driver

2021-01-12 07:57:00 - [MESSAGE][INFO] - Action delay is set to 0 milliseconds

2021-01-12 07:57:03 - [MESSAGE][PASSED] - Browser is opened with url: ''

2021-01-12 07:57:03 - [TEST_STEP][PASSED] - maximizeWindow(): Current window maximized

2021-01-12 07:57:05 - [MESSAGE][PASSED] - Current window maximized

2021-01-12 07:57:05 - [TEST_STEP][PASSED] - navigateToUrl(Url): Navigate to 'https://dev-admin.modist.co/' successfully

2021-01-12 07:57:10 - [MESSAGE][PASSED] - Navigate to 'https://dev-admin.modist.co/' successfully

2021-01-12 07:57:10 - [TEST_STEP][PASSED] - loginPage.login(Email, Password): Object: 'Object Repository/Login Credentials/EnterButton' is clicked on

2021-01-12 07:57:11 - [MESSAGE][PASSED] - Object 'Object Repository/Login Credentials/Email' is present

2021-01-12 07:57:11 - [MESSAGE][PASSED] - Object 'Object Repository/Login Credentials/Email' is visible

2021-01-12 07:57:11 - [MESSAGE][PASSED] - Object 'Object Repository/Login Credentials/Email' is clickable

2021-01-12 07:57:12 - [MESSAGE][PASSED] - Text of object 'Object Repository/Login Credentials/Email' is cleared

2021-01-12 07:57:12 - [MESSAGE][PASSED] - Keys 'naresh.k@qualitlabs.com' sent to object: 'Object Repository/Login Credentials/Email'

2021-01-12 07:57:12 - [MESSAGE][PASSED] - Object 'Object Repository/Login Credentials/Password' is present

2021-01-12 07:57:13 - [MESSAGE][PASSED] - Object 'Object Repository/Login Credentials/Password' is visible

2021-01-12 07:57:13 - [MESSAGE][PASSED] - Object 'Object Repository/Login Credentials/Password' is clickable

2021-01-12 07:57:13 - [MESSAGE][PASSED] - Text of object 'Object Repository/Login Credentials/Password' is cleared

2021-01-12 07:57:13 - [MESSAGE][PASSED] - Keys 'Qualitlabs1?' sent to object: 'Object Repository/Login Credentials/Password'

2021-01-12 07:57:14 - [MESSAGE][PASSED] - Object 'Object Repository/Login Credentials/EnterButton' is present

2021-01-12 07:57:14 - [MESSAGE][PASSED] - Object 'Object Repository/Login Credentials/EnterButton' is visible

2021-01-12 07:57:14 - [MESSAGE][PASSED] - Object 'Object Repository/Login Credentials/EnterButton' is clickable

2021-01-12 07:57:15 - [MESSAGE][PASSED] - Object: 'Object Repository/Login Credentials/EnterButton' is clicked on]]></system-out>
         <system-err><![CDATA[2021-01-12 07:54:53 - [TEST_CASE][FAILED] - Test Cases/JourneyPortal/verifyFixedBackGroundInJourneyPortal: Test Cases/JourneyPortal/verifyFixedBackGroundInJourneyPortal FAILED.
Reason:
com.kms.katalon.core.exception.StepFailedException: Unable to click on object 'Object Repository/Journey/Journeytab'
	at com.kms.katalon.core.webui.keyword.internal.WebUIKeywordMain.stepFailed(WebUIKeywordMain.groovy:64)
	at com.kms.katalon.core.webui.keyword.internal.WebUIKeywordMain.runKeyword(WebUIKeywordMain.groovy:26)
	at com.kms.katalon.core.webui.keyword.builtin.ClickKeyword.click(ClickKeyword.groovy:76)
	at com.kms.katalon.core.webui.keyword.builtin.ClickKeyword.execute(ClickKeyword.groovy:43)
	at com.kms.katalon.core.keyword.internal.KeywordExecutor.executeKeywordForPlatform(KeywordExecutor.groovy:73)
	at com.kms.katalon.core.webui.keyword.WebUiBuiltInKeywords.click(WebUiBuiltInKeywords.groovy:617)
	at com.kms.katalon.core.webui.keyword.WebUiBuiltInKeywords$click$7.call(Unknown Source)
	at webAction.WebAction.click(WebAction.groovy:25)
	at webAction.WebAction$click$1.call(Unknown Source)
	at pages.Journey.clickOnJourneyTab(Journey.groovy:23)
	at pages.Journey.invokeMethod(Journey.groovy)
	at com.kms.katalon.core.main.CustomKeywordDelegatingMetaClass.invokeStaticMethod(CustomKeywordDelegatingMetaClass.java:50)
	at verifyFixedBackGroundInJourneyPortal.run(verifyFixedBackGroundInJourneyPortal:18)
	at com.kms.katalon.core.main.ScriptEngine.run(ScriptEngine.java:194)
	at com.kms.katalon.core.main.ScriptEngine.runScriptAsRawText(ScriptEngine.java:119)
	at com.kms.katalon.core.main.TestCaseExecutor.runScript(TestCaseExecutor.java:339)
	at com.kms.katalon.core.main.TestCaseExecutor.doExecute(TestCaseExecutor.java:330)
	at com.kms.katalon.core.main.TestCaseExecutor.processExecutionPhase(TestCaseExecutor.java:309)
	at com.kms.katalon.core.main.TestCaseExecutor.accessMainPhase(TestCaseExecutor.java:301)
	at com.kms.katalon.core.main.TestCaseExecutor.execute(TestCaseExecutor.java:235)
	at com.kms.katalon.core.main.TestSuiteExecutor.accessTestCaseMainPhase(TestSuiteExecutor.java:191)
	at com.kms.katalon.core.main.TestSuiteExecutor.accessTestSuiteMainPhase(TestSuiteExecutor.java:141)
	at com.kms.katalon.core.main.TestSuiteExecutor.execute(TestSuiteExecutor.java:90)
	at com.kms.katalon.core.main.TestCaseMain.startTestSuite(TestCaseMain.java:157)
	at com.kms.katalon.core.main.TestCaseMain$startTestSuite$0.call(Unknown Source)
	at TempTestSuite1610455440620.run(TempTestSuite1610455440620.groovy:39)
Caused by: com.kms.katalon.core.webui.exception.WebElementNotFoundException: Web element with id: 'Object Repository/Journey/Journeytab' located by '//a[text()='Journey']' not found
	at com.kms.katalon.core.webui.common.WebUiCommonHelper.findWebElement(WebUiCommonHelper.java:1368)
	at com.kms.katalon.core.webui.keyword.internal.WebUIAbstractKeyword.findWebElement(WebUIAbstractKeyword.groovy:27)
	at com.kms.katalon.core.webui.keyword.internal.WebUIAbstractKeyword.findWebElement(WebUIAbstractKeyword.groovy:26)
	at com.kms.katalon.core.webui.keyword.builtin.ClickKeyword$_click_closure1.doCall(ClickKeyword.groovy:67)
	at com.kms.katalon.core.webui.keyword.builtin.ClickKeyword$_click_closure1.call(ClickKeyword.groovy)
	at com.kms.katalon.core.webui.keyword.internal.WebUIKeywordMain.runKeyword(WebUIKeywordMain.groovy:20)
	... 24 more]]></system-err>
      </testcase>
      <testcase name="Test Cases/JourneyPortal/verifyProductsAndBackButtonIsPresentAfterClickingSection" time="48.388" classname="Test Cases/JourneyPortal/verifyProductsAndBackButtonIsPresentAfterClickingSection" status="PASSED">
         <system-out><![CDATA[2021-01-12 07:57:15 - [TEST_CASE][PASSED] - Test Cases/JourneyPortal/verifyProductsAndBackButtonIsPresentAfterClickingSection: Test Cases/JourneyPortal/verifyProductsAndBackButtonIsPresentAfterClickingSection

2021-01-12 07:57:15 - [TEST_STEP][PASSED] - pages.Journey.clickOnJourneyTab(): pages.Journey.clickOnJourneyTab is PASSED

2021-01-12 07:57:18 - [MESSAGE][PASSED] - Object 'Object Repository/Journey/Journeytab' is present

2021-01-12 07:57:18 - [MESSAGE][PASSED] - Object 'Object Repository/Journey/Journeytab' is visible

2021-01-12 07:57:18 - [MESSAGE][PASSED] - Object 'Object Repository/Journey/Journeytab' is clickable

2021-01-12 07:57:19 - [MESSAGE][PASSED] - Object: 'Object Repository/Journey/Journeytab' is clicked on

2021-01-12 07:57:19 - [MESSAGE][PASSED] - pages.Journey.clickOnJourneyTab is PASSED

2021-01-12 07:57:19 - [TEST_STEP][PASSED] - journeyName = pages.Journey.getRandomJourneyName(): pages.Journey.getRandomJourneyName is PASSED

2021-01-12 07:57:21 - [MESSAGE][PASSED] - Object 'Object Repository/Journey/toGetJourneysCount' is present

2021-01-12 07:57:22 - [MESSAGE][PASSED] - Object 'Object Repository/Journey/toGetJourneysCount' is present

2021-01-12 07:57:23 - [MESSAGE][PASSED] - Text of object 'Object Repository/Journey/toPickrandomJourney(index)' is: 'JO8'

2021-01-12 07:57:23 - [MESSAGE][PASSED] - pages.Journey.getRandomJourneyName is PASSED

2021-01-12 07:57:23 - [TEST_STEP][PASSED] - accessCode = pages.Journey.getExistingJourneyAccesscode(journeyName): pages.Journey.getExistingJourneyAccesscode is PASSED

2021-01-12 07:57:23 - [MESSAGE][PASSED] - Object 'Object Repository/Journey/journrySearchInput' is present

2021-01-12 07:57:23 - [MESSAGE][PASSED] - Object 'Object Repository/Journey/journrySearchInput' is visible

2021-01-12 07:57:24 - [MESSAGE][PASSED] - Object 'Object Repository/Journey/journrySearchInput' is clickable

2021-01-12 07:57:24 - [MESSAGE][PASSED] - Text of object 'Object Repository/Journey/journrySearchInput' is cleared

2021-01-12 07:57:24 - [MESSAGE][PASSED] - Keys 'JO8' sent to object: 'Object Repository/Journey/journrySearchInput'

2021-01-12 07:57:25 - [MESSAGE][PASSED] - Object 'Object Repository/Journey/journrySearchInput' is present

2021-01-12 07:57:26 - [MESSAGE][PASSED] - Object 'Object Repository/Journey/journrySearchInput' is visible

2021-01-12 07:57:26 - [MESSAGE][PASSED] - Object 'Object Repository/Journey/journrySearchInput' is clickable

2021-01-12 07:57:27 - [MESSAGE][PASSED] - Text of object 'Object Repository/Journey/journrySearchInput' is cleared

2021-01-12 07:57:27 - [MESSAGE][PASSED] - Keys 'ENTER + ' sent to object: 'Object Repository/Journey/journrySearchInput'

2021-01-12 07:57:27 - [MESSAGE][PASSED] - Object 'Object Repository/Journey/JourneyName(journeyName)' is present

2021-01-12 07:57:28 - [MESSAGE][PASSED] - Object 'Object Repository/Journey/journrySearchInput' is present

2021-01-12 07:57:28 - [MESSAGE][PASSED] - Object 'Object Repository/Journey/journrySearchInput' is visible

2021-01-12 07:57:28 - [MESSAGE][PASSED] - Object 'Object Repository/Journey/journrySearchInput' is clickable

2021-01-12 07:57:29 - [MESSAGE][PASSED] - Text of object 'Object Repository/Journey/journrySearchInput' is cleared

2021-01-12 07:57:29 - [MESSAGE][PASSED] - Keys 'JO8' sent to object: 'Object Repository/Journey/journrySearchInput'

2021-01-12 07:57:30 - [MESSAGE][PASSED] - Object 'Object Repository/Journey/journrySearchInput' is present

2021-01-12 07:57:31 - [MESSAGE][PASSED] - Object 'Object Repository/Journey/journrySearchInput' is visible

2021-01-12 07:57:31 - [MESSAGE][PASSED] - Object 'Object Repository/Journey/journrySearchInput' is clickable

2021-01-12 07:57:31 - [MESSAGE][PASSED] - Text of object 'Object Repository/Journey/journrySearchInput' is cleared

2021-01-12 07:57:32 - [MESSAGE][PASSED] - Keys 'ENTER + ' sent to object: 'Object Repository/Journey/journrySearchInput'

2021-01-12 07:57:32 - [MESSAGE][PASSED] - Object 'Object Repository/Journey/JourneyName(journeyName)' is present

2021-01-12 07:57:33 - [MESSAGE][PASSED] - Object 'Object Repository/Journey/clickVerifyingJourney(journeyName)' is present

2021-01-12 07:57:33 - [MESSAGE][PASSED] - Object 'Object Repository/Journey/clickVerifyingJourney(journeyName)' is visible

2021-01-12 07:57:33 - [MESSAGE][PASSED] - Object 'Object Repository/Journey/clickVerifyingJourney(journeyName)' is clickable

2021-01-12 07:57:34 - [MESSAGE][PASSED] - Object: 'Object Repository/Journey/clickVerifyingJourney(journeyName)' is clicked on

2021-01-12 07:57:34 - [MESSAGE][PASSED] - Scroll to object 'Object Repository/Journey/Current Access Codes/currentAccessCodeField' successfully

2021-01-12 07:57:35 - [MESSAGE][PASSED] - Object 'Object Repository/Journey/Current Access Codes/getAccessCodesCount' is present

2021-01-12 07:57:36 - [MESSAGE][PASSED] - Text of object 'Object Repository/Journey/Current Access Codes/getAccessCodeText(index)' is: 'asdf'

2021-01-12 07:57:36 - [MESSAGE][PASSED] - pages.Journey.getExistingJourneyAccesscode is PASSED

2021-01-12 07:57:36 - [TEST_STEP][PASSED] - login.LoginForJourneyApplication.loginToJourneyApplication(): login.LoginForJourneyApplication.loginToJourneyApplication is PASSED

2021-01-12 07:57:39 - [MESSAGE][PASSED] - Navigate to 'https://qualitlabs.dev.modist.co/' successfully

2021-01-12 07:57:39 - [MESSAGE][PASSED] - login.LoginForJourneyApplication.loginToJourneyApplication is PASSED

2021-01-12 07:57:39 - [TEST_STEP][PASSED] - pages.Journey.enterAccessCodeInJourney(accessCode): pages.Journey.enterAccessCodeInJourney is PASSED

2021-01-12 07:57:39 - [MESSAGE][PASSED] - Object 'Object Repository/Journey/JourneyPortal/enterAccessCode' is present

2021-01-12 07:57:40 - [MESSAGE][PASSED] - Object 'Object Repository/Journey/JourneyPortal/enterAccessCode' is visible

2021-01-12 07:57:41 - [MESSAGE][PASSED] - Object 'Object Repository/Journey/JourneyPortal/enterAccessCode' is clickable

2021-01-12 07:57:41 - [MESSAGE][PASSED] - Text of object 'Object Repository/Journey/JourneyPortal/enterAccessCode' is cleared

2021-01-12 07:57:41 - [MESSAGE][PASSED] - Keys 'asdf' sent to object: 'Object Repository/Journey/JourneyPortal/enterAccessCode'

2021-01-12 07:57:41 - [MESSAGE][PASSED] - pages.Journey.enterAccessCodeInJourney is PASSED

2021-01-12 07:57:41 - [TEST_STEP][PASSED] - pages.Journey.clickEnterButton(): pages.Journey.clickEnterButton is PASSED

2021-01-12 07:57:42 - [MESSAGE][PASSED] - Object 'Object Repository/Journey/JourneyPortal/EnterButton' is present

2021-01-12 07:57:42 - [MESSAGE][PASSED] - Object 'Object Repository/Journey/JourneyPortal/EnterButton' is visible

2021-01-12 07:57:42 - [MESSAGE][PASSED] - Object 'Object Repository/Journey/JourneyPortal/EnterButton' is clickable

2021-01-12 07:57:42 - [MESSAGE][PASSED] - Object: 'Object Repository/Journey/JourneyPortal/EnterButton' is clicked on

2021-01-12 07:57:42 - [MESSAGE][PASSED] - pages.Journey.clickEnterButton is PASSED

2021-01-12 07:57:42 - [TEST_STEP][PASSED] - pages.JourneyPortal.openExistingSection(): pages.JourneyPortal.openExistingSection is PASSED

2021-01-12 07:57:45 - [MESSAGE][PASSED] - Object 'Object Repository/Journey/JourneyPortal/Section/getSectionsCount' is present

2021-01-12 07:57:45 - [MESSAGE][PASSED] - Object 'Object Repository/Journey/JourneyPortal/Section/openSection(index)' is present

2021-01-12 07:57:46 - [MESSAGE][PASSED] - Object 'Object Repository/Journey/JourneyPortal/Section/openSection(index)' is visible

2021-01-12 07:57:46 - [MESSAGE][PASSED] - Object 'Object Repository/Journey/JourneyPortal/Section/openSection(index)' is clickable

2021-01-12 07:57:46 - [MESSAGE][PASSED] - Object: 'Object Repository/Journey/JourneyPortal/Section/openSection(index)' is clicked on

2021-01-12 07:57:46 - [MESSAGE][PASSED] - pages.JourneyPortal.openExistingSection is PASSED

2021-01-12 07:57:46 - [TEST_STEP][PASSED] - pages.JourneyPortal.verifyBackButtonAfterEnteringInToSection(): pages.JourneyPortal.verifyBackButtonAfterEnteringInToSection is PASSED

2021-01-12 07:57:47 - [MESSAGE][PASSED] - Object 'Object Repository/Journey/JourneyPortal/Product/bakcButton' is present

2021-01-12 07:57:47 - [MESSAGE][PASSED] - pages.JourneyPortal.verifyBackButtonAfterEnteringInToSection is PASSED

2021-01-12 07:57:47 - [TEST_STEP][PASSED] - pages.JourneyPortal.productPageCheck(): pages.JourneyPortal.productPageCheck is PASSED

2021-01-12 07:57:47 - [MESSAGE][PASSED] - Object 'Object Repository/Journey/JourneyPortal/Product/productPage' is present

2021-01-12 07:57:47 - [MESSAGE][PASSED] - pages.JourneyPortal.productPageCheck is PASSED

2021-01-12 07:57:47 - [TEST_STEP][PASSED] - Start listener action : navigate: Object: 'Object Repository/Login Credentials/EnterButton' is clicked on

2021-01-12 07:57:47 - [TEST_STEP][PASSED] - openBrowser(""): Browser is opened with url: ''

2021-01-12 07:57:47 - [MESSAGE][WARNING] - A browser is already opened. Closing browser and opening a new one

2021-01-12 07:57:48 - [MESSAGE][INFO] - Starting 'Chrome' driver

2021-01-12 07:57:48 - [MESSAGE][INFO] - Action delay is set to 0 milliseconds

2021-01-12 07:57:52 - [MESSAGE][PASSED] - Browser is opened with url: ''

2021-01-12 07:57:52 - [TEST_STEP][PASSED] - maximizeWindow(): Current window maximized

2021-01-12 07:57:54 - [MESSAGE][PASSED] - Current window maximized

2021-01-12 07:57:54 - [TEST_STEP][PASSED] - navigateToUrl(Url): Navigate to 'https://dev-admin.modist.co/' successfully

2021-01-12 07:57:59 - [MESSAGE][PASSED] - Navigate to 'https://dev-admin.modist.co/' successfully

2021-01-12 07:57:59 - [TEST_STEP][PASSED] - loginPage.login(Email, Password): Object: 'Object Repository/Login Credentials/EnterButton' is clicked on

2021-01-12 07:57:59 - [MESSAGE][PASSED] - Object 'Object Repository/Login Credentials/Email' is present

2021-01-12 07:57:59 - [MESSAGE][PASSED] - Object 'Object Repository/Login Credentials/Email' is visible

2021-01-12 07:58:00 - [MESSAGE][PASSED] - Object 'Object Repository/Login Credentials/Email' is clickable

2021-01-12 07:58:00 - [MESSAGE][PASSED] - Text of object 'Object Repository/Login Credentials/Email' is cleared

2021-01-12 07:58:00 - [MESSAGE][PASSED] - Keys 'naresh.k@qualitlabs.com' sent to object: 'Object Repository/Login Credentials/Email'

2021-01-12 07:58:01 - [MESSAGE][PASSED] - Object 'Object Repository/Login Credentials/Password' is present

2021-01-12 07:58:01 - [MESSAGE][PASSED] - Object 'Object Repository/Login Credentials/Password' is visible

2021-01-12 07:58:01 - [MESSAGE][PASSED] - Object 'Object Repository/Login Credentials/Password' is clickable

2021-01-12 07:58:02 - [MESSAGE][PASSED] - Text of object 'Object Repository/Login Credentials/Password' is cleared

2021-01-12 07:58:02 - [MESSAGE][PASSED] - Keys 'Qualitlabs1?' sent to object: 'Object Repository/Login Credentials/Password'

2021-01-12 07:58:02 - [MESSAGE][PASSED] - Object 'Object Repository/Login Credentials/EnterButton' is present

2021-01-12 07:58:02 - [MESSAGE][PASSED] - Object 'Object Repository/Login Credentials/EnterButton' is visible

2021-01-12 07:58:03 - [MESSAGE][PASSED] - Object 'Object Repository/Login Credentials/EnterButton' is clickable

2021-01-12 07:58:03 - [MESSAGE][PASSED] - Object: 'Object Repository/Login Credentials/EnterButton' is clicked on]]></system-out>
         <system-err><![CDATA[]]></system-err>
      </testcase>
      <testcase name="Test Cases/JourneyPortal/verifyScrollingBackGroundInJourneyPortal" time="53.848" classname="Test Cases/JourneyPortal/verifyScrollingBackGroundInJourneyPortal" status="PASSED">
         <system-out><![CDATA[2021-01-12 07:58:03 - [TEST_CASE][PASSED] - Test Cases/JourneyPortal/verifyScrollingBackGroundInJourneyPortal: Test Cases/JourneyPortal/verifyScrollingBackGroundInJourneyPortal

2021-01-12 07:58:03 - [TEST_STEP][PASSED] - pages.Journey.clickOnJourneyTab(): pages.Journey.clickOnJourneyTab is PASSED

2021-01-12 07:58:05 - [MESSAGE][PASSED] - Object 'Object Repository/Journey/Journeytab' is present

2021-01-12 07:58:05 - [MESSAGE][PASSED] - Object 'Object Repository/Journey/Journeytab' is visible

2021-01-12 07:58:06 - [MESSAGE][PASSED] - Object 'Object Repository/Journey/Journeytab' is clickable

2021-01-12 07:58:06 - [MESSAGE][PASSED] - Object: 'Object Repository/Journey/Journeytab' is clicked on

2021-01-12 07:58:06 - [MESSAGE][PASSED] - pages.Journey.clickOnJourneyTab is PASSED

2021-01-12 07:58:06 - [TEST_STEP][PASSED] - journeyName = pages.Journey.getRandomJourneyName(): pages.Journey.getRandomJourneyName is PASSED

2021-01-12 07:58:08 - [MESSAGE][PASSED] - Object 'Object Repository/Journey/toGetJourneysCount' is present

2021-01-12 07:58:09 - [MESSAGE][PASSED] - Object 'Object Repository/Journey/toGetJourneysCount' is present

2021-01-12 07:58:10 - [MESSAGE][PASSED] - Text of object 'Object Repository/Journey/toPickrandomJourney(index)' is: 'journey 2'

2021-01-12 07:58:10 - [MESSAGE][PASSED] - pages.Journey.getRandomJourneyName is PASSED

2021-01-12 07:58:10 - [TEST_STEP][PASSED] - accessCode = pages.Journey.getExistingJourneyAccesscode(journeyName): pages.Journey.getExistingJourneyAccesscode is PASSED

2021-01-12 07:58:10 - [MESSAGE][PASSED] - Object 'Object Repository/Journey/journrySearchInput' is present

2021-01-12 07:58:10 - [MESSAGE][PASSED] - Object 'Object Repository/Journey/journrySearchInput' is visible

2021-01-12 07:58:11 - [MESSAGE][PASSED] - Object 'Object Repository/Journey/journrySearchInput' is clickable

2021-01-12 07:58:11 - [MESSAGE][PASSED] - Text of object 'Object Repository/Journey/journrySearchInput' is cleared

2021-01-12 07:58:12 - [MESSAGE][PASSED] - Keys 'journey 2' sent to object: 'Object Repository/Journey/journrySearchInput'

2021-01-12 07:58:13 - [MESSAGE][PASSED] - Object 'Object Repository/Journey/journrySearchInput' is present

2021-01-12 07:58:13 - [MESSAGE][PASSED] - Object 'Object Repository/Journey/journrySearchInput' is visible

2021-01-12 07:58:14 - [MESSAGE][PASSED] - Object 'Object Repository/Journey/journrySearchInput' is clickable

2021-01-12 07:58:14 - [MESSAGE][PASSED] - Text of object 'Object Repository/Journey/journrySearchInput' is cleared

2021-01-12 07:58:15 - [MESSAGE][PASSED] - Keys 'ENTER + ' sent to object: 'Object Repository/Journey/journrySearchInput'

2021-01-12 07:58:15 - [MESSAGE][PASSED] - Object 'Object Repository/Journey/JourneyName(journeyName)' is present

2021-01-12 07:58:16 - [MESSAGE][PASSED] - Object 'Object Repository/Journey/journrySearchInput' is present

2021-01-12 07:58:16 - [MESSAGE][PASSED] - Object 'Object Repository/Journey/journrySearchInput' is visible

2021-01-12 07:58:16 - [MESSAGE][PASSED] - Object 'Object Repository/Journey/journrySearchInput' is clickable

2021-01-12 07:58:16 - [MESSAGE][PASSED] - Text of object 'Object Repository/Journey/journrySearchInput' is cleared

2021-01-12 07:58:17 - [MESSAGE][PASSED] - Keys 'journey 2' sent to object: 'Object Repository/Journey/journrySearchInput'

2021-01-12 07:58:19 - [MESSAGE][PASSED] - Object 'Object Repository/Journey/journrySearchInput' is present

2021-01-12 07:58:20 - [MESSAGE][PASSED] - Object 'Object Repository/Journey/journrySearchInput' is visible

2021-01-12 07:58:20 - [MESSAGE][PASSED] - Object 'Object Repository/Journey/journrySearchInput' is clickable

2021-01-12 07:58:20 - [MESSAGE][PASSED] - Text of object 'Object Repository/Journey/journrySearchInput' is cleared

2021-01-12 07:58:20 - [MESSAGE][PASSED] - Keys 'ENTER + ' sent to object: 'Object Repository/Journey/journrySearchInput'

2021-01-12 07:58:21 - [MESSAGE][PASSED] - Object 'Object Repository/Journey/JourneyName(journeyName)' is present

2021-01-12 07:58:21 - [MESSAGE][PASSED] - Object 'Object Repository/Journey/clickVerifyingJourney(journeyName)' is present

2021-01-12 07:58:22 - [MESSAGE][PASSED] - Object 'Object Repository/Journey/clickVerifyingJourney(journeyName)' is visible

2021-01-12 07:58:22 - [MESSAGE][PASSED] - Object 'Object Repository/Journey/clickVerifyingJourney(journeyName)' is clickable

2021-01-12 07:58:22 - [MESSAGE][PASSED] - Object: 'Object Repository/Journey/clickVerifyingJourney(journeyName)' is clicked on

2021-01-12 07:58:24 - [MESSAGE][PASSED] - Scroll to object 'Object Repository/Journey/Current Access Codes/currentAccessCodeField' successfully

2021-01-12 07:58:25 - [MESSAGE][PASSED] - Object 'Object Repository/Journey/Current Access Codes/getAccessCodesCount' is present

2021-01-12 07:58:26 - [MESSAGE][PASSED] - Text of object 'Object Repository/Journey/Current Access Codes/getAccessCodeText(index)' is: '321'

2021-01-12 07:58:26 - [MESSAGE][PASSED] - pages.Journey.getExistingJourneyAccesscode is PASSED

2021-01-12 07:58:26 - [TEST_STEP][PASSED] - pages.Journey.typeOfBackGroundToScrollingBackground(): pages.Journey.typeOfBackGroundToScrollingBackground is PASSED

2021-01-12 07:58:26 - [MESSAGE][PASSED] - Scroll to object 'Object Repository/Journey/typeField/clickOnType' successfully

2021-01-12 07:58:26 - [MESSAGE][PASSED] - Object 'Object Repository/Journey/typeField/clickOnType' is present

2021-01-12 07:58:27 - [MESSAGE][PASSED] - Object 'Object Repository/Journey/typeField/clickOnType' is visible

2021-01-12 07:58:27 - [MESSAGE][PASSED] - Object 'Object Repository/Journey/typeField/clickOnType' is clickable

2021-01-12 07:58:27 - [MESSAGE][PASSED] - Object: 'Object Repository/Journey/typeField/clickOnType' is clicked on

2021-01-12 07:58:28 - [MESSAGE][PASSED] - Object 'Object Repository/Journey/typeField/ScrollingBackGround' is present

2021-01-12 07:58:28 - [MESSAGE][PASSED] - Object 'Object Repository/Journey/typeField/ScrollingBackGround' is visible

2021-01-12 07:58:28 - [MESSAGE][PASSED] - Object 'Object Repository/Journey/typeField/ScrollingBackGround' is clickable

2021-01-12 07:58:29 - [MESSAGE][PASSED] - Object: 'Object Repository/Journey/typeField/ScrollingBackGround' is clicked on

2021-01-12 07:58:29 - [MESSAGE][PASSED] - Object 'Object Repository/CommonButtons/saveButton' is present

2021-01-12 07:58:29 - [MESSAGE][PASSED] - Object 'Object Repository/CommonButtons/saveButton' is visible

2021-01-12 07:58:30 - [MESSAGE][PASSED] - Object 'Object Repository/CommonButtons/saveButton' is clickable

2021-01-12 07:58:30 - [MESSAGE][PASSED] - Object: 'Object Repository/CommonButtons/saveButton' is clicked on

2021-01-12 07:58:30 - [MESSAGE][PASSED] - pages.Journey.typeOfBackGroundToScrollingBackground is PASSED

2021-01-12 07:58:30 - [TEST_STEP][PASSED] - login.LoginForJourneyApplication.loginToJourneyApplication(): login.LoginForJourneyApplication.loginToJourneyApplication is PASSED

2021-01-12 07:58:33 - [MESSAGE][PASSED] - Navigate to 'https://qualitlabs.dev.modist.co/' successfully

2021-01-12 07:58:33 - [MESSAGE][PASSED] - login.LoginForJourneyApplication.loginToJourneyApplication is PASSED

2021-01-12 07:58:33 - [TEST_STEP][PASSED] - pages.Journey.enterAccessCodeInJourney(accessCode): pages.Journey.enterAccessCodeInJourney is PASSED

2021-01-12 07:58:34 - [MESSAGE][PASSED] - Object 'Object Repository/Journey/JourneyPortal/enterAccessCode' is present

2021-01-12 07:58:34 - [MESSAGE][PASSED] - Object 'Object Repository/Journey/JourneyPortal/enterAccessCode' is visible

2021-01-12 07:58:34 - [MESSAGE][PASSED] - Object 'Object Repository/Journey/JourneyPortal/enterAccessCode' is clickable

2021-01-12 07:58:35 - [MESSAGE][PASSED] - Text of object 'Object Repository/Journey/JourneyPortal/enterAccessCode' is cleared

2021-01-12 07:58:35 - [MESSAGE][PASSED] - Keys '321' sent to object: 'Object Repository/Journey/JourneyPortal/enterAccessCode'

2021-01-12 07:58:35 - [MESSAGE][PASSED] - pages.Journey.enterAccessCodeInJourney is PASSED

2021-01-12 07:58:35 - [TEST_STEP][PASSED] - pages.Journey.clickEnterButton(): pages.Journey.clickEnterButton is PASSED

2021-01-12 07:58:35 - [MESSAGE][PASSED] - Object 'Object Repository/Journey/JourneyPortal/EnterButton' is present

2021-01-12 07:58:36 - [MESSAGE][PASSED] - Object 'Object Repository/Journey/JourneyPortal/EnterButton' is visible

2021-01-12 07:58:36 - [MESSAGE][PASSED] - Object 'Object Repository/Journey/JourneyPortal/EnterButton' is clickable

2021-01-12 07:58:37 - [MESSAGE][PASSED] - Object: 'Object Repository/Journey/JourneyPortal/EnterButton' is clicked on

2021-01-12 07:58:37 - [MESSAGE][PASSED] - pages.Journey.clickEnterButton is PASSED

2021-01-12 07:58:37 - [TEST_STEP][PASSED] - pages.JourneyPortal.openExistingSection(): pages.JourneyPortal.openExistingSection is PASSED

2021-01-12 07:58:39 - [MESSAGE][PASSED] - Object 'Object Repository/Journey/JourneyPortal/Section/getSectionsCount' is present

2021-01-12 07:58:40 - [MESSAGE][PASSED] - Object 'Object Repository/Journey/JourneyPortal/Section/openSection(index)' is present

2021-01-12 07:58:40 - [MESSAGE][PASSED] - Object 'Object Repository/Journey/JourneyPortal/Section/openSection(index)' is visible

2021-01-12 07:58:40 - [MESSAGE][PASSED] - Object 'Object Repository/Journey/JourneyPortal/Section/openSection(index)' is clickable

2021-01-12 07:58:41 - [MESSAGE][PASSED] - Object: 'Object Repository/Journey/JourneyPortal/Section/openSection(index)' is clicked on

2021-01-12 07:58:41 - [MESSAGE][PASSED] - pages.JourneyPortal.openExistingSection is PASSED

2021-01-12 07:58:41 - [TEST_STEP][PASSED] - pages.JourneyPortal.verifyScrollingBackGroundCheck(): pages.JourneyPortal.verifyScrollingBackGroundCheck is PASSED

2021-01-12 07:58:42 - [MESSAGE][PASSED] - Web element with id: 'Object Repository/Journey/JourneyPortal/fixedAndScrollingDetect' located by 'By.xpath: //div[@class='endless-aisle-asset-grid']' is not present after '30' second(s)

2021-01-12 07:58:42 - [MESSAGE][PASSED] - pages.JourneyPortal.verifyScrollingBackGroundCheck is PASSED

2021-01-12 07:58:42 - [TEST_STEP][PASSED] - Start listener action : navigate: Object: 'Object Repository/Login Credentials/EnterButton' is clicked on

2021-01-12 07:58:42 - [TEST_STEP][PASSED] - openBrowser(""): Browser is opened with url: ''

2021-01-12 07:58:42 - [MESSAGE][WARNING] - A browser is already opened. Closing browser and opening a new one

2021-01-12 07:58:42 - [MESSAGE][INFO] - Starting 'Chrome' driver

2021-01-12 07:58:42 - [MESSAGE][INFO] - Action delay is set to 0 milliseconds

2021-01-12 07:58:46 - [MESSAGE][PASSED] - Browser is opened with url: ''

2021-01-12 07:58:46 - [TEST_STEP][PASSED] - maximizeWindow(): Current window maximized

2021-01-12 07:58:48 - [MESSAGE][PASSED] - Current window maximized

2021-01-12 07:58:48 - [TEST_STEP][PASSED] - navigateToUrl(Url): Navigate to 'https://dev-admin.modist.co/' successfully

2021-01-12 07:58:53 - [MESSAGE][PASSED] - Navigate to 'https://dev-admin.modist.co/' successfully

2021-01-12 07:58:53 - [TEST_STEP][PASSED] - loginPage.login(Email, Password): Object: 'Object Repository/Login Credentials/EnterButton' is clicked on

2021-01-12 07:58:53 - [MESSAGE][PASSED] - Object 'Object Repository/Login Credentials/Email' is present

2021-01-12 07:58:53 - [MESSAGE][PASSED] - Object 'Object Repository/Login Credentials/Email' is visible

2021-01-12 07:58:54 - [MESSAGE][PASSED] - Object 'Object Repository/Login Credentials/Email' is clickable

2021-01-12 07:58:54 - [MESSAGE][PASSED] - Text of object 'Object Repository/Login Credentials/Email' is cleared

2021-01-12 07:58:54 - [MESSAGE][PASSED] - Keys 'naresh.k@qualitlabs.com' sent to object: 'Object Repository/Login Credentials/Email'

2021-01-12 07:58:55 - [MESSAGE][PASSED] - Object 'Object Repository/Login Credentials/Password' is present

2021-01-12 07:58:55 - [MESSAGE][PASSED] - Object 'Object Repository/Login Credentials/Password' is visible

2021-01-12 07:58:55 - [MESSAGE][PASSED] - Object 'Object Repository/Login Credentials/Password' is clickable

2021-01-12 07:58:55 - [MESSAGE][PASSED] - Text of object 'Object Repository/Login Credentials/Password' is cleared

2021-01-12 07:58:56 - [MESSAGE][PASSED] - Keys 'Qualitlabs1?' sent to object: 'Object Repository/Login Credentials/Password'

2021-01-12 07:58:56 - [MESSAGE][PASSED] - Object 'Object Repository/Login Credentials/EnterButton' is present

2021-01-12 07:58:56 - [MESSAGE][PASSED] - Object 'Object Repository/Login Credentials/EnterButton' is visible

2021-01-12 07:58:57 - [MESSAGE][PASSED] - Object 'Object Repository/Login Credentials/EnterButton' is clickable

2021-01-12 07:58:57 - [MESSAGE][PASSED] - Object: 'Object Repository/Login Credentials/EnterButton' is clicked on]]></system-out>
         <system-err><![CDATA[]]></system-err>
      </testcase>
      <testcase name="Test Cases/JourneyPortal/verifySectionInformation" time="55.95" classname="Test Cases/JourneyPortal/verifySectionInformation" status="PASSED">
         <system-out><![CDATA[2021-01-12 07:58:57 - [TEST_CASE][PASSED] - Test Cases/JourneyPortal/verifySectionInformation: Test Cases/JourneyPortal/verifySectionInformation

2021-01-12 07:58:57 - [TEST_STEP][PASSED] - pages.Journey.clickOnJourneyTab(): pages.Journey.clickOnJourneyTab is PASSED

2021-01-12 07:58:59 - [MESSAGE][PASSED] - Object 'Object Repository/Journey/Journeytab' is present

2021-01-12 07:58:59 - [MESSAGE][PASSED] - Object 'Object Repository/Journey/Journeytab' is visible

2021-01-12 07:59:00 - [MESSAGE][PASSED] - Object 'Object Repository/Journey/Journeytab' is clickable

2021-01-12 07:59:01 - [MESSAGE][PASSED] - Object: 'Object Repository/Journey/Journeytab' is clicked on

2021-01-12 07:59:01 - [MESSAGE][PASSED] - pages.Journey.clickOnJourneyTab is PASSED

2021-01-12 07:59:01 - [TEST_STEP][PASSED] - journeyName = pages.Journey.getRandomJourneyName(): pages.Journey.getRandomJourneyName is PASSED

2021-01-12 07:59:11 - [MESSAGE][PASSED] - Object 'Object Repository/Journey/toGetJourneysCount' is present

2021-01-12 07:59:12 - [MESSAGE][PASSED] - Object 'Object Repository/Journey/toGetJourneysCount' is present

2021-01-12 07:59:12 - [MESSAGE][PASSED] - Text of object 'Object Repository/Journey/toPickrandomJourney(index)' is: 'JO7'

2021-01-12 07:59:12 - [MESSAGE][PASSED] - pages.Journey.getRandomJourneyName is PASSED

2021-01-12 07:59:12 - [TEST_STEP][PASSED] - accessCode = pages.Journey.getExistingJourneyAccesscode(journeyName): pages.Journey.getExistingJourneyAccesscode is PASSED

2021-01-12 07:59:13 - [MESSAGE][PASSED] - Object 'Object Repository/Journey/journrySearchInput' is present

2021-01-12 07:59:13 - [MESSAGE][PASSED] - Object 'Object Repository/Journey/journrySearchInput' is visible

2021-01-12 07:59:13 - [MESSAGE][PASSED] - Object 'Object Repository/Journey/journrySearchInput' is clickable

2021-01-12 07:59:14 - [MESSAGE][PASSED] - Text of object 'Object Repository/Journey/journrySearchInput' is cleared

2021-01-12 07:59:14 - [MESSAGE][PASSED] - Keys 'JO7' sent to object: 'Object Repository/Journey/journrySearchInput'

2021-01-12 07:59:14 - [MESSAGE][PASSED] - Object 'Object Repository/Journey/journrySearchInput' is present

2021-01-12 07:59:16 - [MESSAGE][PASSED] - Object 'Object Repository/Journey/journrySearchInput' is visible

2021-01-12 07:59:16 - [MESSAGE][PASSED] - Object 'Object Repository/Journey/journrySearchInput' is clickable

2021-01-12 07:59:16 - [MESSAGE][PASSED] - Text of object 'Object Repository/Journey/journrySearchInput' is cleared

2021-01-12 07:59:16 - [MESSAGE][PASSED] - Keys 'ENTER + ' sent to object: 'Object Repository/Journey/journrySearchInput'

2021-01-12 07:59:17 - [MESSAGE][PASSED] - Object 'Object Repository/Journey/JourneyName(journeyName)' is present

2021-01-12 07:59:17 - [MESSAGE][PASSED] - Object 'Object Repository/Journey/journrySearchInput' is present

2021-01-12 07:59:18 - [MESSAGE][PASSED] - Object 'Object Repository/Journey/journrySearchInput' is visible

2021-01-12 07:59:18 - [MESSAGE][PASSED] - Object 'Object Repository/Journey/journrySearchInput' is clickable

2021-01-12 07:59:18 - [MESSAGE][PASSED] - Text of object 'Object Repository/Journey/journrySearchInput' is cleared

2021-01-12 07:59:19 - [MESSAGE][PASSED] - Keys 'JO7' sent to object: 'Object Repository/Journey/journrySearchInput'

2021-01-12 07:59:19 - [MESSAGE][PASSED] - Object 'Object Repository/Journey/journrySearchInput' is present

2021-01-12 07:59:20 - [MESSAGE][PASSED] - Object 'Object Repository/Journey/journrySearchInput' is visible

2021-01-12 07:59:20 - [MESSAGE][PASSED] - Object 'Object Repository/Journey/journrySearchInput' is clickable

2021-01-12 07:59:21 - [MESSAGE][PASSED] - Text of object 'Object Repository/Journey/journrySearchInput' is cleared

2021-01-12 07:59:21 - [MESSAGE][PASSED] - Keys 'ENTER + ' sent to object: 'Object Repository/Journey/journrySearchInput'

2021-01-12 07:59:21 - [MESSAGE][PASSED] - Object 'Object Repository/Journey/JourneyName(journeyName)' is present

2021-01-12 07:59:22 - [MESSAGE][PASSED] - Object 'Object Repository/Journey/clickVerifyingJourney(journeyName)' is present

2021-01-12 07:59:22 - [MESSAGE][PASSED] - Object 'Object Repository/Journey/clickVerifyingJourney(journeyName)' is visible

2021-01-12 07:59:22 - [MESSAGE][PASSED] - Object 'Object Repository/Journey/clickVerifyingJourney(journeyName)' is clickable

2021-01-12 07:59:23 - [MESSAGE][PASSED] - Object: 'Object Repository/Journey/clickVerifyingJourney(journeyName)' is clicked on

2021-01-12 07:59:23 - [MESSAGE][PASSED] - Scroll to object 'Object Repository/Journey/Current Access Codes/currentAccessCodeField' successfully

2021-01-12 07:59:25 - [MESSAGE][PASSED] - Object 'Object Repository/Journey/Current Access Codes/getAccessCodesCount' is present

2021-01-12 07:59:26 - [MESSAGE][PASSED] - Text of object 'Object Repository/Journey/Current Access Codes/getAccessCodeText(index)' is: 'access7'

2021-01-12 07:59:26 - [MESSAGE][PASSED] - pages.Journey.getExistingJourneyAccesscode is PASSED

2021-01-12 07:59:26 - [TEST_STEP][PASSED] - login.LoginForJourneyApplication.loginToJourneyApplication(): login.LoginForJourneyApplication.loginToJourneyApplication is PASSED

2021-01-12 07:59:28 - [MESSAGE][PASSED] - Navigate to 'https://qualitlabs.dev.modist.co/' successfully

2021-01-12 07:59:28 - [MESSAGE][PASSED] - login.LoginForJourneyApplication.loginToJourneyApplication is PASSED

2021-01-12 07:59:28 - [TEST_STEP][PASSED] - pages.Journey.enterAccessCodeInJourney(accessCode): pages.Journey.enterAccessCodeInJourney is PASSED

2021-01-12 07:59:29 - [MESSAGE][PASSED] - Object 'Object Repository/Journey/JourneyPortal/enterAccessCode' is present

2021-01-12 07:59:30 - [MESSAGE][PASSED] - Object 'Object Repository/Journey/JourneyPortal/enterAccessCode' is visible

2021-01-12 07:59:30 - [MESSAGE][PASSED] - Object 'Object Repository/Journey/JourneyPortal/enterAccessCode' is clickable

2021-01-12 07:59:30 - [MESSAGE][PASSED] - Text of object 'Object Repository/Journey/JourneyPortal/enterAccessCode' is cleared

2021-01-12 07:59:31 - [MESSAGE][PASSED] - Keys 'access7' sent to object: 'Object Repository/Journey/JourneyPortal/enterAccessCode'

2021-01-12 07:59:31 - [MESSAGE][PASSED] - pages.Journey.enterAccessCodeInJourney is PASSED

2021-01-12 07:59:31 - [TEST_STEP][PASSED] - pages.Journey.clickEnterButton(): pages.Journey.clickEnterButton is PASSED

2021-01-12 07:59:31 - [MESSAGE][PASSED] - Object 'Object Repository/Journey/JourneyPortal/EnterButton' is present

2021-01-12 07:59:31 - [MESSAGE][PASSED] - Object 'Object Repository/Journey/JourneyPortal/EnterButton' is visible

2021-01-12 07:59:32 - [MESSAGE][PASSED] - Object 'Object Repository/Journey/JourneyPortal/EnterButton' is clickable

2021-01-12 07:59:32 - [MESSAGE][PASSED] - Object: 'Object Repository/Journey/JourneyPortal/EnterButton' is clicked on

2021-01-12 07:59:32 - [MESSAGE][PASSED] - pages.Journey.clickEnterButton is PASSED

2021-01-12 07:59:32 - [TEST_STEP][PASSED] - pages.JourneyPortal.verifyingSectionProperties(): pages.JourneyPortal.verifyingSectionProperties is PASSED

2021-01-12 07:59:34 - [MESSAGE][PASSED] - Object 'Object Repository/Journey/JourneyPortal/Section/sectionTitle' is present

2021-01-12 07:59:35 - [MESSAGE][PASSED] - Object 'Object Repository/Journey/JourneyPortal/Section/sectionImage' is present

2021-01-12 07:59:35 - [MESSAGE][PASSED] - Object 'Object Repository/Journey/JourneyPortal/Section/sectionSubTitle' is present

2021-01-12 07:59:35 - [MESSAGE][PASSED] - pages.JourneyPortal.verifyingSectionProperties is PASSED

2021-01-12 07:59:35 - [TEST_STEP][PASSED] - Start listener action : navigate: Object: 'Object Repository/Login Credentials/EnterButton' is clicked on

2021-01-12 07:59:35 - [TEST_STEP][PASSED] - openBrowser(""): Browser is opened with url: ''

2021-01-12 07:59:35 - [MESSAGE][WARNING] - A browser is already opened. Closing browser and opening a new one

2021-01-12 07:59:36 - [MESSAGE][INFO] - Starting 'Chrome' driver

2021-01-12 07:59:36 - [MESSAGE][INFO] - Action delay is set to 0 milliseconds

2021-01-12 07:59:39 - [MESSAGE][PASSED] - Browser is opened with url: ''

2021-01-12 07:59:39 - [TEST_STEP][PASSED] - maximizeWindow(): Current window maximized

2021-01-12 07:59:41 - [MESSAGE][PASSED] - Current window maximized

2021-01-12 07:59:41 - [TEST_STEP][PASSED] - navigateToUrl(Url): Navigate to 'https://dev-admin.modist.co/' successfully

2021-01-12 07:59:48 - [MESSAGE][PASSED] - Navigate to 'https://dev-admin.modist.co/' successfully

2021-01-12 07:59:48 - [TEST_STEP][PASSED] - loginPage.login(Email, Password): Object: 'Object Repository/Login Credentials/EnterButton' is clicked on

2021-01-12 07:59:49 - [MESSAGE][PASSED] - Object 'Object Repository/Login Credentials/Email' is present

2021-01-12 07:59:49 - [MESSAGE][PASSED] - Object 'Object Repository/Login Credentials/Email' is visible

2021-01-12 07:59:49 - [MESSAGE][PASSED] - Object 'Object Repository/Login Credentials/Email' is clickable

2021-01-12 07:59:49 - [MESSAGE][PASSED] - Text of object 'Object Repository/Login Credentials/Email' is cleared

2021-01-12 07:59:50 - [MESSAGE][PASSED] - Keys 'naresh.k@qualitlabs.com' sent to object: 'Object Repository/Login Credentials/Email'

2021-01-12 07:59:50 - [MESSAGE][PASSED] - Object 'Object Repository/Login Credentials/Password' is present

2021-01-12 07:59:51 - [MESSAGE][PASSED] - Object 'Object Repository/Login Credentials/Password' is visible

2021-01-12 07:59:51 - [MESSAGE][PASSED] - Object 'Object Repository/Login Credentials/Password' is clickable

2021-01-12 07:59:51 - [MESSAGE][PASSED] - Text of object 'Object Repository/Login Credentials/Password' is cleared

2021-01-12 07:59:52 - [MESSAGE][PASSED] - Keys 'Qualitlabs1?' sent to object: 'Object Repository/Login Credentials/Password'

2021-01-12 07:59:52 - [MESSAGE][PASSED] - Object 'Object Repository/Login Credentials/EnterButton' is present

2021-01-12 07:59:52 - [MESSAGE][PASSED] - Object 'Object Repository/Login Credentials/EnterButton' is visible

2021-01-12 07:59:53 - [MESSAGE][PASSED] - Object 'Object Repository/Login Credentials/EnterButton' is clickable

2021-01-12 07:59:53 - [MESSAGE][PASSED] - Object: 'Object Repository/Login Credentials/EnterButton' is clicked on]]></system-out>
         <system-err><![CDATA[]]></system-err>
      </testcase>
      <testcase name="Test Cases/JourneyPortal/verifyTheFullScreenViewInProductPage" time="89.706" classname="Test Cases/JourneyPortal/verifyTheFullScreenViewInProductPage" status="FAILED">
         <failure type="FAILED" message="Test Cases/JourneyPortal/verifyTheFullScreenViewInProductPage FAILED.
Reason:
com.kms.katalon.core.exception.StepFailedException: you are not in full screen view
	at com.kms.katalon.core.util.KeywordUtil.markFailedAndStop(KeywordUtil.java:28)
	at com.kms.katalon.core.util.KeywordUtil$markFailedAndStop$1.call(Unknown Source)
	at verification.Verification.verifyElementPresent(Verification.groovy:31)
	at verification.Verification.verifyElementPresent(Verification.groovy)
	at verification.Verification$verifyElementPresent.call(Unknown Source)
	at pages.JourneyPortal.verifyTheFullScreenView(JourneyPortal.groovy:70)
	at pages.JourneyPortal.invokeMethod(JourneyPortal.groovy)
	at com.kms.katalon.core.main.CustomKeywordDelegatingMetaClass.invokeStaticMethod(CustomKeywordDelegatingMetaClass.java:50)
	at verifyTheFullScreenViewInProductPage.run(verifyTheFullScreenViewInProductPage:36)
	at com.kms.katalon.core.main.ScriptEngine.run(ScriptEngine.java:194)
	at com.kms.katalon.core.main.ScriptEngine.runScriptAsRawText(ScriptEngine.java:119)
	at com.kms.katalon.core.main.TestCaseExecutor.runScript(TestCaseExecutor.java:339)
	at com.kms.katalon.core.main.TestCaseExecutor.doExecute(TestCaseExecutor.java:330)
	at com.kms.katalon.core.main.TestCaseExecutor.processExecutionPhase(TestCaseExecutor.java:309)
	at com.kms.katalon.core.main.TestCaseExecutor.accessMainPhase(TestCaseExecutor.java:301)
	at com.kms.katalon.core.main.TestCaseExecutor.execute(TestCaseExecutor.java:235)
	at com.kms.katalon.core.main.TestSuiteExecutor.accessTestCaseMainPhase(TestSuiteExecutor.java:191)
	at com.kms.katalon.core.main.TestSuiteExecutor.accessTestSuiteMainPhase(TestSuiteExecutor.java:141)
	at com.kms.katalon.core.main.TestSuiteExecutor.execute(TestSuiteExecutor.java:90)
	at com.kms.katalon.core.main.TestCaseMain.startTestSuite(TestCaseMain.java:157)
	at com.kms.katalon.core.main.TestCaseMain$startTestSuite$0.call(Unknown Source)
	at TempTestSuite1610455440620.run(TempTestSuite1610455440620.groovy:39)
"/>
         <system-out><![CDATA[2021-01-12 07:59:53 - [TEST_CASE][FAILED] - Test Cases/JourneyPortal/verifyTheFullScreenViewInProductPage: Test Cases/JourneyPortal/verifyTheFullScreenViewInProductPage FAILED.
Reason:
com.kms.katalon.core.exception.StepFailedException: you are not in full screen view
	at com.kms.katalon.core.util.KeywordUtil.markFailedAndStop(KeywordUtil.java:28)
	at com.kms.katalon.core.util.KeywordUtil$markFailedAndStop$1.call(Unknown Source)
	at verification.Verification.verifyElementPresent(Verification.groovy:31)
	at verification.Verification.verifyElementPresent(Verification.groovy)
	at verification.Verification$verifyElementPresent.call(Unknown Source)
	at pages.JourneyPortal.verifyTheFullScreenView(JourneyPortal.groovy:70)
	at pages.JourneyPortal.invokeMethod(JourneyPortal.groovy)
	at com.kms.katalon.core.main.CustomKeywordDelegatingMetaClass.invokeStaticMethod(CustomKeywordDelegatingMetaClass.java:50)
	at verifyTheFullScreenViewInProductPage.run(verifyTheFullScreenViewInProductPage:36)
	at com.kms.katalon.core.main.ScriptEngine.run(ScriptEngine.java:194)
	at com.kms.katalon.core.main.ScriptEngine.runScriptAsRawText(ScriptEngine.java:119)
	at com.kms.katalon.core.main.TestCaseExecutor.runScript(TestCaseExecutor.java:339)
	at com.kms.katalon.core.main.TestCaseExecutor.doExecute(TestCaseExecutor.java:330)
	at com.kms.katalon.core.main.TestCaseExecutor.processExecutionPhase(TestCaseExecutor.java:309)
	at com.kms.katalon.core.main.TestCaseExecutor.accessMainPhase(TestCaseExecutor.java:301)
	at com.kms.katalon.core.main.TestCaseExecutor.execute(TestCaseExecutor.java:235)
	at com.kms.katalon.core.main.TestSuiteExecutor.accessTestCaseMainPhase(TestSuiteExecutor.java:191)
	at com.kms.katalon.core.main.TestSuiteExecutor.accessTestSuiteMainPhase(TestSuiteExecutor.java:141)
	at com.kms.katalon.core.main.TestSuiteExecutor.execute(TestSuiteExecutor.java:90)
	at com.kms.katalon.core.main.TestCaseMain.startTestSuite(TestCaseMain.java:157)
	at com.kms.katalon.core.main.TestCaseMain$startTestSuite$0.call(Unknown Source)
	at TempTestSuite1610455440620.run(TempTestSuite1610455440620.groovy:39)


2021-01-12 07:59:53 - [TEST_STEP][PASSED] - pages.Journey.clickOnJourneyTab(): pages.Journey.clickOnJourneyTab is PASSED

2021-01-12 07:59:55 - [MESSAGE][PASSED] - Object 'Object Repository/Journey/Journeytab' is present

2021-01-12 07:59:55 - [MESSAGE][PASSED] - Object 'Object Repository/Journey/Journeytab' is visible

2021-01-12 07:59:56 - [MESSAGE][PASSED] - Object 'Object Repository/Journey/Journeytab' is clickable

2021-01-12 07:59:56 - [MESSAGE][PASSED] - Object: 'Object Repository/Journey/Journeytab' is clicked on

2021-01-12 07:59:56 - [MESSAGE][PASSED] - pages.Journey.clickOnJourneyTab is PASSED

2021-01-12 07:59:56 - [TEST_STEP][PASSED] - journeyName = pages.Journey.getRandomJourneyName(): pages.Journey.getRandomJourneyName is PASSED

2021-01-12 08:00:07 - [MESSAGE][PASSED] - Object 'Object Repository/Journey/toGetJourneysCount' is present

2021-01-12 08:00:07 - [MESSAGE][PASSED] - Object 'Object Repository/Journey/toGetJourneysCount' is present

2021-01-12 08:00:08 - [MESSAGE][PASSED] - Text of object 'Object Repository/Journey/toPickrandomJourney(index)' is: 'jai journey 1'

2021-01-12 08:00:08 - [MESSAGE][PASSED] - pages.Journey.getRandomJourneyName is PASSED

2021-01-12 08:00:08 - [TEST_STEP][PASSED] - accessCode = pages.Journey.getExistingJourneyAccesscode(journeyName): pages.Journey.getExistingJourneyAccesscode is PASSED

2021-01-12 08:00:08 - [MESSAGE][PASSED] - Object 'Object Repository/Journey/journrySearchInput' is present

2021-01-12 08:00:08 - [MESSAGE][PASSED] - Object 'Object Repository/Journey/journrySearchInput' is visible

2021-01-12 08:00:09 - [MESSAGE][PASSED] - Object 'Object Repository/Journey/journrySearchInput' is clickable

2021-01-12 08:00:09 - [MESSAGE][PASSED] - Text of object 'Object Repository/Journey/journrySearchInput' is cleared

2021-01-12 08:00:10 - [MESSAGE][PASSED] - Keys 'jai journey 1' sent to object: 'Object Repository/Journey/journrySearchInput'

2021-01-12 08:00:10 - [MESSAGE][PASSED] - Object 'Object Repository/Journey/journrySearchInput' is present

2021-01-12 08:00:11 - [MESSAGE][PASSED] - Object 'Object Repository/Journey/journrySearchInput' is visible

2021-01-12 08:00:11 - [MESSAGE][PASSED] - Object 'Object Repository/Journey/journrySearchInput' is clickable

2021-01-12 08:00:12 - [MESSAGE][PASSED] - Text of object 'Object Repository/Journey/journrySearchInput' is cleared

2021-01-12 08:00:12 - [MESSAGE][PASSED] - Keys 'ENTER + ' sent to object: 'Object Repository/Journey/journrySearchInput'

2021-01-12 08:00:12 - [MESSAGE][PASSED] - Object 'Object Repository/Journey/JourneyName(journeyName)' is present

2021-01-12 08:00:13 - [MESSAGE][PASSED] - Object 'Object Repository/Journey/journrySearchInput' is present

2021-01-12 08:00:13 - [MESSAGE][PASSED] - Object 'Object Repository/Journey/journrySearchInput' is visible

2021-01-12 08:00:13 - [MESSAGE][PASSED] - Object 'Object Repository/Journey/journrySearchInput' is clickable

2021-01-12 08:00:14 - [MESSAGE][PASSED] - Text of object 'Object Repository/Journey/journrySearchInput' is cleared

2021-01-12 08:00:14 - [MESSAGE][PASSED] - Keys 'jai journey 1' sent to object: 'Object Repository/Journey/journrySearchInput'

2021-01-12 08:00:15 - [MESSAGE][PASSED] - Object 'Object Repository/Journey/journrySearchInput' is present

2021-01-12 08:00:16 - [MESSAGE][PASSED] - Object 'Object Repository/Journey/journrySearchInput' is visible

2021-01-12 08:00:16 - [MESSAGE][PASSED] - Object 'Object Repository/Journey/journrySearchInput' is clickable

2021-01-12 08:00:16 - [MESSAGE][PASSED] - Text of object 'Object Repository/Journey/journrySearchInput' is cleared

2021-01-12 08:00:17 - [MESSAGE][PASSED] - Keys 'ENTER + ' sent to object: 'Object Repository/Journey/journrySearchInput'

2021-01-12 08:00:17 - [MESSAGE][PASSED] - Object 'Object Repository/Journey/JourneyName(journeyName)' is present

2021-01-12 08:00:17 - [MESSAGE][PASSED] - Object 'Object Repository/Journey/clickVerifyingJourney(journeyName)' is present

2021-01-12 08:00:18 - [MESSAGE][PASSED] - Object 'Object Repository/Journey/clickVerifyingJourney(journeyName)' is visible

2021-01-12 08:00:18 - [MESSAGE][PASSED] - Object 'Object Repository/Journey/clickVerifyingJourney(journeyName)' is clickable

2021-01-12 08:00:19 - [MESSAGE][PASSED] - Object: 'Object Repository/Journey/clickVerifyingJourney(journeyName)' is clicked on

2021-01-12 08:00:21 - [MESSAGE][PASSED] - Scroll to object 'Object Repository/Journey/Current Access Codes/currentAccessCodeField' successfully

2021-01-12 08:00:21 - [MESSAGE][PASSED] - Object 'Object Repository/Journey/Current Access Codes/getAccessCodesCount' is present

2021-01-12 08:00:22 - [MESSAGE][PASSED] - Text of object 'Object Repository/Journey/Current Access Codes/getAccessCodeText(index)' is: 'access9'

2021-01-12 08:00:22 - [MESSAGE][PASSED] - pages.Journey.getExistingJourneyAccesscode is PASSED

2021-01-12 08:00:22 - [TEST_STEP][PASSED] - login.LoginForJourneyApplication.loginToJourneyApplication(): login.LoginForJourneyApplication.loginToJourneyApplication is PASSED

2021-01-12 08:00:24 - [MESSAGE][PASSED] - Navigate to 'https://qualitlabs.dev.modist.co/' successfully

2021-01-12 08:00:24 - [MESSAGE][PASSED] - login.LoginForJourneyApplication.loginToJourneyApplication is PASSED

2021-01-12 08:00:24 - [TEST_STEP][PASSED] - pages.Journey.enterAccessCodeInJourney(accessCode): pages.Journey.enterAccessCodeInJourney is PASSED

2021-01-12 08:00:25 - [MESSAGE][PASSED] - Object 'Object Repository/Journey/JourneyPortal/enterAccessCode' is present

2021-01-12 08:00:25 - [MESSAGE][PASSED] - Object 'Object Repository/Journey/JourneyPortal/enterAccessCode' is visible

2021-01-12 08:00:26 - [MESSAGE][PASSED] - Object 'Object Repository/Journey/JourneyPortal/enterAccessCode' is clickable

2021-01-12 08:00:26 - [MESSAGE][PASSED] - Text of object 'Object Repository/Journey/JourneyPortal/enterAccessCode' is cleared

2021-01-12 08:00:26 - [MESSAGE][PASSED] - Keys 'access9' sent to object: 'Object Repository/Journey/JourneyPortal/enterAccessCode'

2021-01-12 08:00:26 - [MESSAGE][PASSED] - pages.Journey.enterAccessCodeInJourney is PASSED

2021-01-12 08:00:26 - [TEST_STEP][PASSED] - pages.Journey.clickEnterButton(): pages.Journey.clickEnterButton is PASSED

2021-01-12 08:00:26 - [MESSAGE][PASSED] - Object 'Object Repository/Journey/JourneyPortal/EnterButton' is present

2021-01-12 08:00:27 - [MESSAGE][PASSED] - Object 'Object Repository/Journey/JourneyPortal/EnterButton' is visible

2021-01-12 08:00:27 - [MESSAGE][PASSED] - Object 'Object Repository/Journey/JourneyPortal/EnterButton' is clickable

2021-01-12 08:00:27 - [MESSAGE][PASSED] - Object: 'Object Repository/Journey/JourneyPortal/EnterButton' is clicked on

2021-01-12 08:00:27 - [MESSAGE][PASSED] - pages.Journey.clickEnterButton is PASSED

2021-01-12 08:00:27 - [TEST_STEP][PASSED] - pages.JourneyPortal.openExistingSection(): pages.JourneyPortal.openExistingSection is PASSED

2021-01-12 08:00:30 - [MESSAGE][PASSED] - Object 'Object Repository/Journey/JourneyPortal/Section/getSectionsCount' is present

2021-01-12 08:00:30 - [MESSAGE][PASSED] - Object 'Object Repository/Journey/JourneyPortal/Section/openSection(index)' is present

2021-01-12 08:00:30 - [MESSAGE][PASSED] - Object 'Object Repository/Journey/JourneyPortal/Section/openSection(index)' is visible

2021-01-12 08:00:31 - [MESSAGE][PASSED] - Object 'Object Repository/Journey/JourneyPortal/Section/openSection(index)' is clickable

2021-01-12 08:00:31 - [MESSAGE][PASSED] - Object: 'Object Repository/Journey/JourneyPortal/Section/openSection(index)' is clicked on

2021-01-12 08:00:31 - [MESSAGE][PASSED] - pages.JourneyPortal.openExistingSection is PASSED

2021-01-12 08:00:31 - [TEST_STEP][PASSED] - pages.JourneyPortal.productPageCheck(): pages.JourneyPortal.productPageCheck is PASSED

2021-01-12 08:00:32 - [MESSAGE][PASSED] - Object 'Object Repository/Journey/JourneyPortal/Product/productPage' is present

2021-01-12 08:00:32 - [MESSAGE][PASSED] - pages.JourneyPortal.productPageCheck is PASSED

2021-01-12 08:00:32 - [TEST_STEP][PASSED] - pages.JourneyPortal.clickFullScreenIcon(): pages.JourneyPortal.clickFullScreenIcon is PASSED

2021-01-12 08:00:32 - [MESSAGE][PASSED] - Object 'Object Repository/Journey/JourneyPortal/Section/FullScreenIcon' is present

2021-01-12 08:00:33 - [MESSAGE][PASSED] - Object 'Object Repository/Journey/JourneyPortal/Section/FullScreenIcon' is visible

2021-01-12 08:00:33 - [MESSAGE][PASSED] - Object 'Object Repository/Journey/JourneyPortal/Section/FullScreenIcon' is clickable

2021-01-12 08:00:33 - [MESSAGE][PASSED] - Object: 'Object Repository/Journey/JourneyPortal/Section/FullScreenIcon' is clicked on

2021-01-12 08:00:33 - [MESSAGE][PASSED] - pages.JourneyPortal.clickFullScreenIcon is PASSED

2021-01-12 08:00:33 - [TEST_STEP][FAILED] - pages.JourneyPortal.verifyTheFullScreenView(): you are not in full screen view

2021-01-12 08:01:05 - [MESSAGE][INFO] - Unable to find the element located by 'By.xpath: //div[@class='fullscreen fullscreen-enabled']'. Please recheck the objects properties to make sure the desired element is located. 

2021-01-12 08:01:05 - [MESSAGE][WARNING] - com.kms.katalon.core.webui.exception.WebElementNotFoundException: Web element with id: 'Object Repository/Journey/JourneyPortal/Section/verifyFullScreenView' located by '//div[@class='fullscreen fullscreen-enabled']' not found (Root cause: com.kms.katalon.core.exception.StepFailedException: com.kms.katalon.core.webui.exception.WebElementNotFoundException: Web element with id: 'Object Repository/Journey/JourneyPortal/Section/verifyFullScreenView' located by '//div[@class='fullscreen fullscreen-enabled']' not found
	at com.kms.katalon.core.webui.keyword.internal.WebUIKeywordMain.stepFailed(WebUIKeywordMain.groovy:64)
	at com.kms.katalon.core.webui.keyword.builtin.VerifyElementPresentKeyword$_verifyElementPresent_closure1.doCall(VerifyElementPresentKeyword.groovy:85)
	at com.kms.katalon.core.webui.keyword.builtin.VerifyElementPresentKeyword$_verifyElementPresent_closure1.call(VerifyElementPresentKeyword.groovy)
	at com.kms.katalon.core.webui.keyword.internal.WebUIKeywordMain.runKeyword(WebUIKeywordMain.groovy:20)
	at com.kms.katalon.core.webui.keyword.builtin.VerifyElementPresentKeyword.verifyElementPresent(VerifyElementPresentKeyword.groovy:92)
	at com.kms.katalon.core.webui.keyword.builtin.VerifyElementPresentKeyword.execute(VerifyElementPresentKeyword.groovy:68)
	at com.kms.katalon.core.keyword.internal.KeywordExecutor.executeKeywordForPlatform(KeywordExecutor.groovy:73)
	at com.kms.katalon.core.webui.keyword.WebUiBuiltInKeywords.verifyElementPresent(WebUiBuiltInKeywords.groovy:1445)
	at com.kms.katalon.core.webui.keyword.WebUiBuiltInKeywords$verifyElementPresent$8.call(Unknown Source)
	at verification.Verification.verifyElementPresent(Verification.groovy:29)
	at verification.Verification.verifyElementPresent(Verification.groovy)
	at verification.Verification$verifyElementPresent.call(Unknown Source)
	at pages.JourneyPortal.verifyTheFullScreenView(JourneyPortal.groovy:70)
	at pages.JourneyPortal.invokeMethod(JourneyPortal.groovy)
	at com.kms.katalon.core.main.CustomKeywordDelegatingMetaClass.invokeStaticMethod(CustomKeywordDelegatingMetaClass.java:50)
	at verifyTheFullScreenViewInProductPage.run(verifyTheFullScreenViewInProductPage:36)
	at com.kms.katalon.core.main.ScriptEngine.run(ScriptEngine.java:194)
	at com.kms.katalon.core.main.ScriptEngine.runScriptAsRawText(ScriptEngine.java:119)
	at com.kms.katalon.core.main.TestCaseExecutor.runScript(TestCaseExecutor.java:339)
	at com.kms.katalon.core.main.TestCaseExecutor.doExecute(TestCaseExecutor.java:330)
	at com.kms.katalon.core.main.TestCaseExecutor.processExecutionPhase(TestCaseExecutor.java:309)
	at com.kms.katalon.core.main.TestCaseExecutor.accessMainPhase(TestCaseExecutor.java:301)
	at com.kms.katalon.core.main.TestCaseExecutor.execute(TestCaseExecutor.java:235)
	at com.kms.katalon.core.main.TestSuiteExecutor.accessTestCaseMainPhase(TestSuiteExecutor.java:191)
	at com.kms.katalon.core.main.TestSuiteExecutor.accessTestSuiteMainPhase(TestSuiteExecutor.java:141)
	at com.kms.katalon.core.main.TestSuiteExecutor.execute(TestSuiteExecutor.java:90)
	at com.kms.katalon.core.main.TestCaseMain.startTestSuite(TestCaseMain.java:157)
	at com.kms.katalon.core.main.TestCaseMain$startTestSuite$0.call(Unknown Source)
	at TempTestSuite1610455440620.run(TempTestSuite1610455440620.groovy:39)
)
[[ATTACHMENT|E:\\Modist Project\\ModistProject\\Reports\\20210112_074400\\journeyPorta\\20210112_074400\\1610456465177.png]]

2021-01-12 08:01:07 - [MESSAGE][PASSED] - Taking screenshot successfully
[[ATTACHMENT|E:\Modist Project\ModistProject\Reports\20210112_074400\journeyPorta\20210112_074400\1610456466220.png]]

2021-01-12 08:01:07 - [MESSAGE][FAILED] - you are not in full screen view

2021-01-12 08:01:07 - [TEST_STEP][PASSED] - Start listener action : navigate: Object: 'Object Repository/Login Credentials/EnterButton' is clicked on

2021-01-12 08:01:07 - [TEST_STEP][PASSED] - openBrowser(""): Browser is opened with url: ''

2021-01-12 08:01:07 - [MESSAGE][WARNING] - A browser is already opened. Closing browser and opening a new one

2021-01-12 08:01:07 - [MESSAGE][INFO] - Starting 'Chrome' driver

2021-01-12 08:01:07 - [MESSAGE][INFO] - Action delay is set to 0 milliseconds

2021-01-12 08:01:11 - [MESSAGE][PASSED] - Browser is opened with url: ''

2021-01-12 08:01:11 - [TEST_STEP][PASSED] - maximizeWindow(): Current window maximized

2021-01-12 08:01:13 - [MESSAGE][PASSED] - Current window maximized

2021-01-12 08:01:13 - [TEST_STEP][PASSED] - navigateToUrl(Url): Navigate to 'https://dev-admin.modist.co/' successfully

2021-01-12 08:01:18 - [MESSAGE][PASSED] - Navigate to 'https://dev-admin.modist.co/' successfully

2021-01-12 08:01:18 - [TEST_STEP][PASSED] - loginPage.login(Email, Password): Object: 'Object Repository/Login Credentials/EnterButton' is clicked on

2021-01-12 08:01:19 - [MESSAGE][PASSED] - Object 'Object Repository/Login Credentials/Email' is present

2021-01-12 08:01:19 - [MESSAGE][PASSED] - Object 'Object Repository/Login Credentials/Email' is visible

2021-01-12 08:01:19 - [MESSAGE][PASSED] - Object 'Object Repository/Login Credentials/Email' is clickable

2021-01-12 08:01:19 - [MESSAGE][PASSED] - Text of object 'Object Repository/Login Credentials/Email' is cleared

2021-01-12 08:01:20 - [MESSAGE][PASSED] - Keys 'naresh.k@qualitlabs.com' sent to object: 'Object Repository/Login Credentials/Email'

2021-01-12 08:01:20 - [MESSAGE][PASSED] - Object 'Object Repository/Login Credentials/Password' is present

2021-01-12 08:01:20 - [MESSAGE][PASSED] - Object 'Object Repository/Login Credentials/Password' is visible

2021-01-12 08:01:21 - [MESSAGE][PASSED] - Object 'Object Repository/Login Credentials/Password' is clickable

2021-01-12 08:01:21 - [MESSAGE][PASSED] - Text of object 'Object Repository/Login Credentials/Password' is cleared

2021-01-12 08:01:21 - [MESSAGE][PASSED] - Keys 'Qualitlabs1?' sent to object: 'Object Repository/Login Credentials/Password'

2021-01-12 08:01:22 - [MESSAGE][PASSED] - Object 'Object Repository/Login Credentials/EnterButton' is present

2021-01-12 08:01:22 - [MESSAGE][PASSED] - Object 'Object Repository/Login Credentials/EnterButton' is visible

2021-01-12 08:01:22 - [MESSAGE][PASSED] - Object 'Object Repository/Login Credentials/EnterButton' is clickable

2021-01-12 08:01:23 - [MESSAGE][PASSED] - Object: 'Object Repository/Login Credentials/EnterButton' is clicked on]]></system-out>
         <system-err><![CDATA[2021-01-12 07:59:53 - [TEST_CASE][FAILED] - Test Cases/JourneyPortal/verifyTheFullScreenViewInProductPage: Test Cases/JourneyPortal/verifyTheFullScreenViewInProductPage FAILED.
Reason:
com.kms.katalon.core.exception.StepFailedException: you are not in full screen view
	at com.kms.katalon.core.util.KeywordUtil.markFailedAndStop(KeywordUtil.java:28)
	at com.kms.katalon.core.util.KeywordUtil$markFailedAndStop$1.call(Unknown Source)
	at verification.Verification.verifyElementPresent(Verification.groovy:31)
	at verification.Verification.verifyElementPresent(Verification.groovy)
	at verification.Verification$verifyElementPresent.call(Unknown Source)
	at pages.JourneyPortal.verifyTheFullScreenView(JourneyPortal.groovy:70)
	at pages.JourneyPortal.invokeMethod(JourneyPortal.groovy)
	at com.kms.katalon.core.main.CustomKeywordDelegatingMetaClass.invokeStaticMethod(CustomKeywordDelegatingMetaClass.java:50)
	at verifyTheFullScreenViewInProductPage.run(verifyTheFullScreenViewInProductPage:36)
	at com.kms.katalon.core.main.ScriptEngine.run(ScriptEngine.java:194)
	at com.kms.katalon.core.main.ScriptEngine.runScriptAsRawText(ScriptEngine.java:119)
	at com.kms.katalon.core.main.TestCaseExecutor.runScript(TestCaseExecutor.java:339)
	at com.kms.katalon.core.main.TestCaseExecutor.doExecute(TestCaseExecutor.java:330)
	at com.kms.katalon.core.main.TestCaseExecutor.processExecutionPhase(TestCaseExecutor.java:309)
	at com.kms.katalon.core.main.TestCaseExecutor.accessMainPhase(TestCaseExecutor.java:301)
	at com.kms.katalon.core.main.TestCaseExecutor.execute(TestCaseExecutor.java:235)
	at com.kms.katalon.core.main.TestSuiteExecutor.accessTestCaseMainPhase(TestSuiteExecutor.java:191)
	at com.kms.katalon.core.main.TestSuiteExecutor.accessTestSuiteMainPhase(TestSuiteExecutor.java:141)
	at com.kms.katalon.core.main.TestSuiteExecutor.execute(TestSuiteExecutor.java:90)
	at com.kms.katalon.core.main.TestCaseMain.startTestSuite(TestCaseMain.java:157)
	at com.kms.katalon.core.main.TestCaseMain$startTestSuite$0.call(Unknown Source)
	at TempTestSuite1610455440620.run(TempTestSuite1610455440620.groovy:39)]]></system-err>
      </testcase>
      <testcase name="Test Cases/JourneyPortal/verifyTheFullScreenViewInSectionPage" time="51.234" classname="Test Cases/JourneyPortal/verifyTheFullScreenViewInSectionPage" status="PASSED">
         <system-out><![CDATA[2021-01-12 08:01:23 - [TEST_CASE][PASSED] - Test Cases/JourneyPortal/verifyTheFullScreenViewInSectionPage: Test Cases/JourneyPortal/verifyTheFullScreenViewInSectionPage

2021-01-12 08:01:23 - [TEST_STEP][PASSED] - pages.Journey.clickOnJourneyTab(): pages.Journey.clickOnJourneyTab is PASSED

2021-01-12 08:01:25 - [MESSAGE][PASSED] - Object 'Object Repository/Journey/Journeytab' is present

2021-01-12 08:01:25 - [MESSAGE][PASSED] - Object 'Object Repository/Journey/Journeytab' is visible

2021-01-12 08:01:26 - [MESSAGE][PASSED] - Object 'Object Repository/Journey/Journeytab' is clickable

2021-01-12 08:01:26 - [MESSAGE][PASSED] - Object: 'Object Repository/Journey/Journeytab' is clicked on

2021-01-12 08:01:26 - [MESSAGE][PASSED] - pages.Journey.clickOnJourneyTab is PASSED

2021-01-12 08:01:26 - [TEST_STEP][PASSED] - journeyName = pages.Journey.getRandomJourneyName(): pages.Journey.getRandomJourneyName is PASSED

2021-01-12 08:01:36 - [MESSAGE][PASSED] - Object 'Object Repository/Journey/toGetJourneysCount' is present

2021-01-12 08:01:36 - [MESSAGE][PASSED] - Object 'Object Repository/Journey/toGetJourneysCount' is present

2021-01-12 08:01:37 - [MESSAGE][PASSED] - Text of object 'Object Repository/Journey/toPickrandomJourney(index)' is: 'JO3'

2021-01-12 08:01:37 - [MESSAGE][PASSED] - pages.Journey.getRandomJourneyName is PASSED

2021-01-12 08:01:37 - [TEST_STEP][PASSED] - accessCode = pages.Journey.getExistingJourneyAccesscode(journeyName): pages.Journey.getExistingJourneyAccesscode is PASSED

2021-01-12 08:01:37 - [MESSAGE][PASSED] - Object 'Object Repository/Journey/journrySearchInput' is present

2021-01-12 08:01:38 - [MESSAGE][PASSED] - Object 'Object Repository/Journey/journrySearchInput' is visible

2021-01-12 08:01:38 - [MESSAGE][PASSED] - Object 'Object Repository/Journey/journrySearchInput' is clickable

2021-01-12 08:01:38 - [MESSAGE][PASSED] - Text of object 'Object Repository/Journey/journrySearchInput' is cleared

2021-01-12 08:01:39 - [MESSAGE][PASSED] - Keys 'JO3' sent to object: 'Object Repository/Journey/journrySearchInput'

2021-01-12 08:01:40 - [MESSAGE][PASSED] - Object 'Object Repository/Journey/journrySearchInput' is present

2021-01-12 08:01:40 - [MESSAGE][PASSED] - Object 'Object Repository/Journey/journrySearchInput' is visible

2021-01-12 08:01:41 - [MESSAGE][PASSED] - Object 'Object Repository/Journey/journrySearchInput' is clickable

2021-01-12 08:01:41 - [MESSAGE][PASSED] - Text of object 'Object Repository/Journey/journrySearchInput' is cleared

2021-01-12 08:01:41 - [MESSAGE][PASSED] - Keys 'ENTER + ' sent to object: 'Object Repository/Journey/journrySearchInput'

2021-01-12 08:01:42 - [MESSAGE][PASSED] - Object 'Object Repository/Journey/JourneyName(journeyName)' is present

2021-01-12 08:01:42 - [MESSAGE][PASSED] - Object 'Object Repository/Journey/journrySearchInput' is present

2021-01-12 08:01:42 - [MESSAGE][PASSED] - Object 'Object Repository/Journey/journrySearchInput' is visible

2021-01-12 08:01:43 - [MESSAGE][PASSED] - Object 'Object Repository/Journey/journrySearchInput' is clickable

2021-01-12 08:01:43 - [MESSAGE][PASSED] - Text of object 'Object Repository/Journey/journrySearchInput' is cleared

2021-01-12 08:01:43 - [MESSAGE][PASSED] - Keys 'JO3' sent to object: 'Object Repository/Journey/journrySearchInput'

2021-01-12 08:01:45 - [MESSAGE][PASSED] - Object 'Object Repository/Journey/journrySearchInput' is present

2021-01-12 08:01:45 - [MESSAGE][PASSED] - Object 'Object Repository/Journey/journrySearchInput' is visible

2021-01-12 08:01:46 - [MESSAGE][PASSED] - Object 'Object Repository/Journey/journrySearchInput' is clickable

2021-01-12 08:01:46 - [MESSAGE][PASSED] - Text of object 'Object Repository/Journey/journrySearchInput' is cleared

2021-01-12 08:01:46 - [MESSAGE][PASSED] - Keys 'ENTER + ' sent to object: 'Object Repository/Journey/journrySearchInput'

2021-01-12 08:01:47 - [MESSAGE][PASSED] - Object 'Object Repository/Journey/JourneyName(journeyName)' is present

2021-01-12 08:01:47 - [MESSAGE][PASSED] - Object 'Object Repository/Journey/clickVerifyingJourney(journeyName)' is present

2021-01-12 08:01:47 - [MESSAGE][PASSED] - Object 'Object Repository/Journey/clickVerifyingJourney(journeyName)' is visible

2021-01-12 08:01:48 - [MESSAGE][PASSED] - Object 'Object Repository/Journey/clickVerifyingJourney(journeyName)' is clickable

2021-01-12 08:01:48 - [MESSAGE][PASSED] - Object: 'Object Repository/Journey/clickVerifyingJourney(journeyName)' is clicked on

2021-01-12 08:01:49 - [MESSAGE][PASSED] - Scroll to object 'Object Repository/Journey/Current Access Codes/currentAccessCodeField' successfully

2021-01-12 08:01:49 - [MESSAGE][PASSED] - Object 'Object Repository/Journey/Current Access Codes/getAccessCodesCount' is present

2021-01-12 08:01:50 - [MESSAGE][PASSED] - Text of object 'Object Repository/Journey/Current Access Codes/getAccessCodeText(index)' is: 'access6'

2021-01-12 08:01:50 - [MESSAGE][PASSED] - pages.Journey.getExistingJourneyAccesscode is PASSED

2021-01-12 08:01:50 - [TEST_STEP][PASSED] - login.LoginForJourneyApplication.loginToJourneyApplication(): login.LoginForJourneyApplication.loginToJourneyApplication is PASSED

2021-01-12 08:01:52 - [MESSAGE][PASSED] - Navigate to 'https://qualitlabs.dev.modist.co/' successfully

2021-01-12 08:01:52 - [MESSAGE][PASSED] - login.LoginForJourneyApplication.loginToJourneyApplication is PASSED

2021-01-12 08:01:52 - [TEST_STEP][PASSED] - pages.Journey.enterAccessCodeInJourney(accessCode): pages.Journey.enterAccessCodeInJourney is PASSED

2021-01-12 08:01:53 - [MESSAGE][PASSED] - Object 'Object Repository/Journey/JourneyPortal/enterAccessCode' is present

2021-01-12 08:01:53 - [MESSAGE][PASSED] - Object 'Object Repository/Journey/JourneyPortal/enterAccessCode' is visible

2021-01-12 08:01:54 - [MESSAGE][PASSED] - Object 'Object Repository/Journey/JourneyPortal/enterAccessCode' is clickable

2021-01-12 08:01:54 - [MESSAGE][PASSED] - Text of object 'Object Repository/Journey/JourneyPortal/enterAccessCode' is cleared

2021-01-12 08:01:54 - [MESSAGE][PASSED] - Keys 'access6' sent to object: 'Object Repository/Journey/JourneyPortal/enterAccessCode'

2021-01-12 08:01:54 - [MESSAGE][PASSED] - pages.Journey.enterAccessCodeInJourney is PASSED

2021-01-12 08:01:54 - [TEST_STEP][PASSED] - pages.Journey.clickEnterButton(): pages.Journey.clickEnterButton is PASSED

2021-01-12 08:01:55 - [MESSAGE][PASSED] - Object 'Object Repository/Journey/JourneyPortal/EnterButton' is present

2021-01-12 08:01:55 - [MESSAGE][PASSED] - Object 'Object Repository/Journey/JourneyPortal/EnterButton' is visible

2021-01-12 08:01:55 - [MESSAGE][PASSED] - Object 'Object Repository/Journey/JourneyPortal/EnterButton' is clickable

2021-01-12 08:01:56 - [MESSAGE][PASSED] - Object: 'Object Repository/Journey/JourneyPortal/EnterButton' is clicked on

2021-01-12 08:01:56 - [MESSAGE][PASSED] - pages.Journey.clickEnterButton is PASSED

2021-01-12 08:01:56 - [TEST_STEP][PASSED] - pages.Journey.sectionPageVerification(): pages.Journey.sectionPageVerification is PASSED

2021-01-12 08:01:57 - [MESSAGE][PASSED] - Object 'Object Repository/Journey/JourneyPortal/Section/sectionPage' is present

2021-01-12 08:01:57 - [MESSAGE][PASSED] - pages.Journey.sectionPageVerification is PASSED

2021-01-12 08:01:57 - [TEST_STEP][PASSED] - pages.JourneyPortal.clickFullScreenIcon(): pages.JourneyPortal.clickFullScreenIcon is PASSED

2021-01-12 08:01:57 - [MESSAGE][PASSED] - Object 'Object Repository/Journey/JourneyPortal/Section/FullScreenIcon' is present

2021-01-12 08:01:57 - [MESSAGE][PASSED] - Object 'Object Repository/Journey/JourneyPortal/Section/FullScreenIcon' is visible

2021-01-12 08:01:58 - [MESSAGE][PASSED] - Object 'Object Repository/Journey/JourneyPortal/Section/FullScreenIcon' is clickable

2021-01-12 08:01:58 - [MESSAGE][PASSED] - Object: 'Object Repository/Journey/JourneyPortal/Section/FullScreenIcon' is clicked on

2021-01-12 08:01:58 - [MESSAGE][PASSED] - pages.JourneyPortal.clickFullScreenIcon is PASSED

2021-01-12 08:01:58 - [TEST_STEP][PASSED] - pages.JourneyPortal.verifyTheFullScreenView(): pages.JourneyPortal.verifyTheFullScreenView is PASSED

2021-01-12 08:01:59 - [MESSAGE][PASSED] - Object 'Object Repository/Journey/JourneyPortal/Section/verifyFullScreenView' is present

2021-01-12 08:01:59 - [MESSAGE][PASSED] - pages.JourneyPortal.verifyTheFullScreenView is PASSED

2021-01-12 08:01:59 - [TEST_STEP][PASSED] - Start listener action : navigate: Object: 'Object Repository/Login Credentials/EnterButton' is clicked on

2021-01-12 08:01:59 - [TEST_STEP][PASSED] - openBrowser(""): Browser is opened with url: ''

2021-01-12 08:01:59 - [MESSAGE][WARNING] - A browser is already opened. Closing browser and opening a new one

2021-01-12 08:02:00 - [MESSAGE][INFO] - Starting 'Chrome' driver

2021-01-12 08:02:00 - [MESSAGE][INFO] - Action delay is set to 0 milliseconds

2021-01-12 08:02:03 - [MESSAGE][PASSED] - Browser is opened with url: ''

2021-01-12 08:02:03 - [TEST_STEP][PASSED] - maximizeWindow(): Current window maximized

2021-01-12 08:02:05 - [MESSAGE][PASSED] - Current window maximized

2021-01-12 08:02:05 - [TEST_STEP][PASSED] - navigateToUrl(Url): Navigate to 'https://dev-admin.modist.co/' successfully

2021-01-12 08:02:10 - [MESSAGE][PASSED] - Navigate to 'https://dev-admin.modist.co/' successfully

2021-01-12 08:02:10 - [TEST_STEP][PASSED] - loginPage.login(Email, Password): Object: 'Object Repository/Login Credentials/EnterButton' is clicked on

2021-01-12 08:02:10 - [MESSAGE][PASSED] - Object 'Object Repository/Login Credentials/Email' is present

2021-01-12 08:02:10 - [MESSAGE][PASSED] - Object 'Object Repository/Login Credentials/Email' is visible

2021-01-12 08:02:11 - [MESSAGE][PASSED] - Object 'Object Repository/Login Credentials/Email' is clickable

2021-01-12 08:02:11 - [MESSAGE][PASSED] - Text of object 'Object Repository/Login Credentials/Email' is cleared

2021-01-12 08:02:11 - [MESSAGE][PASSED] - Keys 'naresh.k@qualitlabs.com' sent to object: 'Object Repository/Login Credentials/Email'

2021-01-12 08:02:12 - [MESSAGE][PASSED] - Object 'Object Repository/Login Credentials/Password' is present

2021-01-12 08:02:12 - [MESSAGE][PASSED] - Object 'Object Repository/Login Credentials/Password' is visible

2021-01-12 08:02:12 - [MESSAGE][PASSED] - Object 'Object Repository/Login Credentials/Password' is clickable

2021-01-12 08:02:12 - [MESSAGE][PASSED] - Text of object 'Object Repository/Login Credentials/Password' is cleared

2021-01-12 08:02:13 - [MESSAGE][PASSED] - Keys 'Qualitlabs1?' sent to object: 'Object Repository/Login Credentials/Password'

2021-01-12 08:02:13 - [MESSAGE][PASSED] - Object 'Object Repository/Login Credentials/EnterButton' is present

2021-01-12 08:02:13 - [MESSAGE][PASSED] - Object 'Object Repository/Login Credentials/EnterButton' is visible

2021-01-12 08:02:13 - [MESSAGE][PASSED] - Object 'Object Repository/Login Credentials/EnterButton' is clickable

2021-01-12 08:02:14 - [MESSAGE][PASSED] - Object: 'Object Repository/Login Credentials/EnterButton' is clicked on]]></system-out>
         <system-err><![CDATA[]]></system-err>
      </testcase>
      <system-out><![CDATA[2021-01-12 07:44:05 - [TEST_SUITE][FAILED] - journeyPorta: Test Cases/JourneyPortal/AddProductToCartMulitpleTimesAndVerifyTheProductsCountAfterRefresh FAILED.
Reason:
com.kms.katalon.core.exception.StepFailedException: you have selected 6 products , but you have only 1
	at com.kms.katalon.core.util.KeywordUtil.markFailed(KeywordUtil.java:19)
	at com.kms.katalon.core.util.KeywordUtil$markFailed$0.call(Unknown Source)
	at pages.JourneyPortal.verifyWhetherOrderedAndAvailableProductsCountAreSame(JourneyPortal.groovy:119)
	at pages.JourneyPortal.invokeMethod(JourneyPortal.groovy)
	at com.kms.katalon.core.main.CustomKeywordDelegatingMetaClass.invokeStaticMethod(CustomKeywordDelegatingMetaClass.java:50)
	at AddProductToCartMulitpleTimesAndVerifyTheProductsCountAfterRefresh.run(AddProductToCartMulitpleTimesAndVerifyTheProductsCountAfterRefresh:40)
	at com.kms.katalon.core.main.ScriptEngine.run(ScriptEngine.java:194)
	at com.kms.katalon.core.main.ScriptEngine.runScriptAsRawText(ScriptEngine.java:119)
	at com.kms.katalon.core.main.TestCaseExecutor.runScript(TestCaseExecutor.java:339)
	at com.kms.katalon.core.main.TestCaseExecutor.doExecute(TestCaseExecutor.java:330)
	at com.kms.katalon.core.main.TestCaseExecutor.processExecutionPhase(TestCaseExecutor.java:309)
	at com.kms.katalon.core.main.TestCaseExecutor.accessMainPhase(TestCaseExecutor.java:301)
	at com.kms.katalon.core.main.TestCaseExecutor.execute(TestCaseExecutor.java:235)
	at com.kms.katalon.core.main.TestSuiteExecutor.accessTestCaseMainPhase(TestSuiteExecutor.java:191)
	at com.kms.katalon.core.main.TestSuiteExecutor.accessTestSuiteMainPhase(TestSuiteExecutor.java:141)
	at com.kms.katalon.core.main.TestSuiteExecutor.execute(TestSuiteExecutor.java:90)
	at com.kms.katalon.core.main.TestCaseMain.startTestSuite(TestCaseMain.java:157)
	at com.kms.katalon.core.main.TestCaseMain$startTestSuite$0.call(Unknown Source)
	at TempTestSuite1610455440620.run(TempTestSuite1610455440620.groovy:39)]]></system-out>
      <system-err><![CDATA[2021-01-12 07:44:05 - [TEST_SUITE][FAILED] - journeyPorta: Test Cases/JourneyPortal/AddProductToCartMulitpleTimesAndVerifyTheProductsCountAfterRefresh FAILED.
Reason:
com.kms.katalon.core.exception.StepFailedException: you have selected 6 products , but you have only 1
	at com.kms.katalon.core.util.KeywordUtil.markFailed(KeywordUtil.java:19)
	at com.kms.katalon.core.util.KeywordUtil$markFailed$0.call(Unknown Source)
	at pages.JourneyPortal.verifyWhetherOrderedAndAvailableProductsCountAreSame(JourneyPortal.groovy:119)
	at pages.JourneyPortal.invokeMethod(JourneyPortal.groovy)
	at com.kms.katalon.core.main.CustomKeywordDelegatingMetaClass.invokeStaticMethod(CustomKeywordDelegatingMetaClass.java:50)
	at AddProductToCartMulitpleTimesAndVerifyTheProductsCountAfterRefresh.run(AddProductToCartMulitpleTimesAndVerifyTheProductsCountAfterRefresh:40)
	at com.kms.katalon.core.main.ScriptEngine.run(ScriptEngine.java:194)
	at com.kms.katalon.core.main.ScriptEngine.runScriptAsRawText(ScriptEngine.java:119)
	at com.kms.katalon.core.main.TestCaseExecutor.runScript(TestCaseExecutor.java:339)
	at com.kms.katalon.core.main.TestCaseExecutor.doExecute(TestCaseExecutor.java:330)
	at com.kms.katalon.core.main.TestCaseExecutor.processExecutionPhase(TestCaseExecutor.java:309)
	at com.kms.katalon.core.main.TestCaseExecutor.accessMainPhase(TestCaseExecutor.java:301)
	at com.kms.katalon.core.main.TestCaseExecutor.execute(TestCaseExecutor.java:235)
	at com.kms.katalon.core.main.TestSuiteExecutor.accessTestCaseMainPhase(TestSuiteExecutor.java:191)
	at com.kms.katalon.core.main.TestSuiteExecutor.accessTestSuiteMainPhase(TestSuiteExecutor.java:141)
	at com.kms.katalon.core.main.TestSuiteExecutor.execute(TestSuiteExecutor.java:90)
	at com.kms.katalon.core.main.TestCaseMain.startTestSuite(TestCaseMain.java:157)
	at com.kms.katalon.core.main.TestCaseMain$startTestSuite$0.call(Unknown Source)
	at TempTestSuite1610455440620.run(TempTestSuite1610455440620.groovy:39)]]></system-err>
   </testsuite>
</testsuites>
